2022-08-23 16:34:00,670 INFO o.a.j.u.JMeterUtils: Setting Locale to en_US
2022-08-23 16:34:00,716 INFO o.a.j.JMeter: Loading user properties from: /usr/local/apache-jmeter-3.3/bin/user.properties
2022-08-23 16:34:00,717 INFO o.a.j.JMeter: Loading system properties from: /usr/local/apache-jmeter-3.3/bin/system.properties
2022-08-23 16:34:00,719 INFO o.a.j.JMeter: Setting JMeter property: jmeter.save.saveservice.default_delimiter=\t
2022-08-23 16:34:00,719 INFO o.a.j.JMeter: Setting JMeter property: jmeter.save.saveservice.connect_time=true
2022-08-23 16:34:00,728 INFO o.a.j.JMeter: Copyright (c) 1998-2017 The Apache Software Foundation
2022-08-23 16:34:00,728 INFO o.a.j.JMeter: Version 3.3 r1808647
2022-08-23 16:34:00,728 INFO o.a.j.JMeter: java.version=1.8.0_191
2022-08-23 16:34:00,728 INFO o.a.j.JMeter: java.vm.name=OpenJDK 64-Bit Server VM
2022-08-23 16:34:00,728 INFO o.a.j.JMeter: os.name=Linux
2022-08-23 16:34:00,728 INFO o.a.j.JMeter: os.arch=amd64
2022-08-23 16:34:00,729 INFO o.a.j.JMeter: os.version=5.15.0-46-generic
2022-08-23 16:34:00,729 INFO o.a.j.JMeter: file.encoding=ANSI_X3.4-1968
2022-08-23 16:34:00,729 INFO o.a.j.JMeter: Max memory     =536870912
2022-08-23 16:34:00,729 INFO o.a.j.JMeter: Available Processors =4
2022-08-23 16:34:00,735 INFO o.a.j.JMeter: Default Locale=English (United States)
2022-08-23 16:34:00,736 INFO o.a.j.JMeter: JMeter  Locale=English (United States)
2022-08-23 16:34:00,736 INFO o.a.j.JMeter: JMeterHome=/usr/local/apache-jmeter-3.3
2022-08-23 16:34:00,736 INFO o.a.j.JMeter: user.dir  =/var/loadtest
2022-08-23 16:34:00,736 INFO o.a.j.JMeter: PWD       =/var/loadtest
2022-08-23 16:34:00,737 INFO o.a.j.JMeter: IP: 127.0.1.1 Name: ubuntu FullName: ubuntu
2022-08-23 16:34:00,743 INFO o.a.j.s.FileServer: Default base='/var/loadtest'
2022-08-23 16:34:00,743 INFO o.a.j.s.FileServer: Set new base='/var/loadtest'
2022-08-23 16:34:01,083 INFO o.a.j.s.SaveService: Testplan (JMX) version: 2.2. Testlog (JTL) version: 2.2
2022-08-23 16:34:01,113 INFO o.a.j.s.SaveService: Using SaveService properties file encoding UTF-8
2022-08-23 16:34:01,119 INFO o.a.j.s.SaveService: Using SaveService properties version 3.2
2022-08-23 16:34:01,130 INFO o.a.j.s.SaveService: Loading file: /var/loadtest/modified_IBeJMi.jmx
2022-08-23 16:34:01,180 INFO o.a.j.p.h.c.CookieManager: Settings: Delete null: true Check: true Allow variable: true Save: false Prefix: COOKIE_
2022-08-23 16:34:01,196 INFO o.a.j.p.h.s.HTTPSamplerBase: Parser for text/html is org.apache.jmeter.protocol.http.parser.LagartoBasedHtmlParser
2022-08-23 16:34:01,197 INFO o.a.j.p.h.s.HTTPSamplerBase: Parser for application/xhtml+xml is org.apache.jmeter.protocol.http.parser.LagartoBasedHtmlParser
2022-08-23 16:34:01,197 INFO o.a.j.p.h.s.HTTPSamplerBase: Parser for application/xml is org.apache.jmeter.protocol.http.parser.LagartoBasedHtmlParser
2022-08-23 16:34:01,197 INFO o.a.j.p.h.s.HTTPSamplerBase: Parser for text/xml is org.apache.jmeter.protocol.http.parser.LagartoBasedHtmlParser
2022-08-23 16:34:01,197 INFO o.a.j.p.h.s.HTTPSamplerBase: Parser for text/vnd.wap.wml is org.apache.jmeter.protocol.http.parser.RegexpHTMLParser
2022-08-23 16:34:01,197 INFO o.a.j.p.h.s.HTTPSamplerBase: Parser for text/css is org.apache.jmeter.protocol.http.parser.CssParser
2022-08-23 16:34:01,774 INFO o.a.j.e.KeyToolUtils: keytool found at 'keytool'
2022-08-23 16:34:01,775 INFO o.a.j.p.h.p.ProxyControl: HTTP(S) Test Script Recorder SSL Proxy will use keys that support embedded 3rd party resources in file /usr/local/apache-jmeter-3.3/bin/proxyserver.jks
2022-08-23 16:34:01,804 INFO o.a.j.JMeter: Creating summariser <summary>
2022-08-23 16:34:01,814 INFO o.a.j.e.StandardJMeterEngine: Running the test!
2022-08-23 16:34:01,815 INFO o.a.j.s.SampleEvent: List of sample_variables: []
2022-08-23 16:34:01,815 INFO o.a.j.s.SampleEvent: List of sample_variables: []
2022-08-23 16:34:01,820 INFO o.a.j.e.u.CompoundVariable: Note: Function class names must contain the string: '.functions.'
2022-08-23 16:34:01,821 INFO o.a.j.e.u.CompoundVariable: Note: Function class names must not contain the string: '.gui.'
2022-08-23 16:34:03,424 INFO o.a.j.JMeter: Running test (1661272443424)
2022-08-23 16:34:03,500 INFO o.a.j.e.StandardJMeterEngine: Starting ThreadGroup: 1 : Thread Group
2022-08-23 16:34:03,501 INFO o.a.j.e.StandardJMeterEngine: Starting 1 threads for group Thread Group.
2022-08-23 16:34:03,501 INFO o.a.j.e.StandardJMeterEngine: Thread will continue on error
2022-08-23 16:34:03,502 INFO o.a.j.t.ThreadGroup: Starting thread group... number=1 threads=1 ramp-up=1 perThread=1000.0 delayedStart=false
2022-08-23 16:34:03,529 INFO o.a.j.t.ThreadGroup: Started thread group number 1
2022-08-23 16:34:03,530 INFO o.a.j.e.StandardJMeterEngine: All thread groups have been started
2022-08-23 16:34:03,546 INFO o.a.j.t.JMeterThread: Thread started: Thread Group 1-1
2022-08-23 16:34:03,607 INFO o.a.j.p.h.s.HTTPHCAbstractImpl: Local host = ubuntu
2022-08-23 16:34:03,613 INFO o.a.j.p.h.s.HTTPHC4Impl: HTTP request retry count = 0
2022-08-23 16:34:03,624 INFO o.a.j.s.SampleResult: Note: Sample TimeStamps are START times
2022-08-23 16:34:03,624 INFO o.a.j.s.SampleResult: sampleresult.default.encoding is set to ISO-8859-1
2022-08-23 16:34:03,624 INFO o.a.j.s.SampleResult: sampleresult.useNanoTime=true
2022-08-23 16:34:03,624 INFO o.a.j.s.SampleResult: sampleresult.nanoThreadSleep=5000
2022-08-23 16:34:03,855 INFO o.a.j.p.h.s.LazySchemeSocketFactory: Setting up HTTPS TrustAll Socket Factory
2022-08-23 16:34:03,886 INFO o.a.j.u.JsseSSLManager: Using default SSL protocol: TLS
2022-08-23 16:34:03,886 INFO o.a.j.u.JsseSSLManager: SSL session context: per-thread
2022-08-23 16:34:04,163 INFO o.a.j.u.SSLManager: JmeterKeyStore Location:  type JKS
2022-08-23 16:34:04,164 INFO o.a.j.u.SSLManager: KeyStore created OK
2022-08-23 16:34:04,165 WARN o.a.j.u.SSLManager: Keystore file not found, loading empty keystore
2022-08-23 16:34:05,450 INFO o.a.j.r.Summariser: summary +      1 in 00:00:02 =    0.5/s Avg:  1702 Min:  1702 Max:  1702 Err:     0 (0.00%) Active: 1 Started: 1 Finished: 0
2022-08-23 16:34:06,280 WARN o.a.j.p.h.s.HTTPSamplerBase: Existing CookieManager HTTP Cookie Manager superseded by HTTP Cookie Manager
2022-08-23 16:34:06,362 WARN o.a.j.p.h.s.HTTPSamplerBase: Existing CookieManager HTTP Cookie Manager superseded by HTTP Cookie Manager
2022-08-23 16:34:06,366 INFO o.a.j.p.h.s.HTTPJavaImpl: Maximum connection retries = 0
2022-08-23 16:34:32,473 INFO o.a.j.r.Summariser: summary +     65 in 00:00:27 =    2.4/s Avg:   400 Min:    91 Max:  7413 Err:    59 (90.77%) Active: 1 Started: 1 Finished: 0
2022-08-23 16:34:32,474 INFO o.a.j.r.Summariser: summary =     66 in 00:00:29 =    2.3/s Avg:   419 Min:    91 Max:  7413 Err:    59 (89.39%)
2022-08-23 16:34:34,454 INFO o.a.j.t.JMeterThread: Thread is done: Thread Group 1-1
2022-08-23 16:34:34,454 INFO o.a.j.t.JMeterThread: Thread finished: Thread Group 1-1
2022-08-23 16:34:34,455 INFO o.a.j.e.StandardJMeterEngine: Notifying test listeners of end of test
2022-08-23 16:34:34,456 INFO o.a.j.r.Summariser: summary +     13 in 00:00:02 =    6.6/s Avg:   151 Min:    76 Max:   619 Err:     8 (61.54%) Active: 0 Started: 1 Finished: 1
2022-08-23 16:34:34,456 INFO o.a.j.r.Summariser: summary =     79 in 00:00:31 =    2.5/s Avg:   375 Min:    76 Max:  7413 Err:    67 (84.81%)
