2022-08-12 08:49:54,083 [INFO] root consoleworker.py:434	Log file created
2022-08-12 08:49:54,084 [INFO] root consoleworker.py:438	Logging handler <logging.FileHandler object at 0x7fad63b3fc50> added
2022-08-12 08:49:54,084 [INFO] root consoleworker.py:438	Logging handler <logging.StreamHandler object at 0x7fad63b87890> added
2022-08-12 08:49:54,084 [INFO] root consoleworker.py:438	Logging handler <logging.StreamHandler object at 0x7fad63b2ba90> added
2022-08-12 08:49:54,084 [INFO] root consoleworker.py:373	Created a folder for the test. /var/loadtest/logs/2022-08-12_08-49-54.010368
2022-08-12 08:49:54,084 [INFO] yandextank.core.tankcore tankcore.py:237	Configuring plugins...
2022-08-12 08:49:54,085 [INFO] yandextank.core.tankcore tankcore.py:190	Loading plugins...
2022-08-12 08:49:54,085 [DEBUG] yandextank.core.tankcore tankcore.py:192	Loading plugin phantom from yandextank.plugins.Phantom
2022-08-12 08:49:54,085 [DEBUG] yandextank.core.tankcore tankcore.py:192	Loading plugin rcheck from yandextank.plugins.ResourceCheck
2022-08-12 08:49:54,085 [DEBUG] yandextank.core.tankcore tankcore.py:192	Loading plugin json_report from yandextank.plugins.JsonReport
2022-08-12 08:49:54,085 [DEBUG] yandextank.core.tankcore tankcore.py:192	Loading plugin overload from yandextank.plugins.DataUploader
2022-08-12 08:49:54,086 [DEBUG] yandextank.core.tankcore tankcore.py:192	Loading plugin rcassert from yandextank.plugins.RCAssert
2022-08-12 08:49:54,086 [DEBUG] yandextank.core.tankcore tankcore.py:192	Loading plugin console from yandextank.plugins.Console
2022-08-12 08:49:54,086 [DEBUG] yandextank.core.tankcore tankcore.py:192	Loading plugin shellexec from yandextank.plugins.ShellExec
2022-08-12 08:49:54,086 [DEBUG] yandextank.core.tankcore tankcore.py:192	Loading plugin autostop from yandextank.plugins.Autostop
2022-08-12 08:49:54,086 [DEBUG] yandextank.core.tankcore tankcore.py:212	Plugin instances: {'plugin_phantom': <yandextank.plugins.Phantom.plugin.Plugin object at 0x7fad63871090>, 'plugin_autostop': <yandextank.plugins.Autostop.plugin.Plugin object at 0x7fad63895790>, 'plugin_shellexec': <yandextank.plugins.ShellExec.plugin.Plugin object at 0x7fad63895950>, 'plugin_console': <yandextank.plugins.Console.plugin.Plugin object at 0x7fad63895390>, 'plugin_rcassert': <yandextank.plugins.RCAssert.plugin.Plugin object at 0x7fad63895310>, 'plugin_rcheck': <yandextank.plugins.ResourceCheck.plugin.Plugin object at 0x7fad63871c50>, 'plugin_overload': <yandextank.plugins.DataUploader.plugin.Plugin object at 0x7fad63871f10>, 'plugin_json_report': <yandextank.plugins.JsonReport.plugin.Plugin object at 0x7fad63ba5a50>}
2022-08-12 08:49:54,087 [DEBUG] yandextank.core.tankcore tankcore.py:244	Configuring <yandextank.plugins.Phantom.plugin.Plugin object at 0x7fad63871090>
2022-08-12 08:49:54,087 [DEBUG] yandextank.core.tankcore tankcore.py:391	Searching for plugin: <class 'yandextank.plugins.Autostop.plugin.Plugin'>
2022-08-12 08:49:54,088 [DEBUG] yandextank.core.tankcore tankcore.py:446	Adding artifact file to collect (keep=False): /var/loadtest/logs/2022-08-12_08-49-54.010368/answ_xtk5yQ.log
2022-08-12 08:49:54,088 [DEBUG] yandextank.core.tankcore tankcore.py:446	Adding artifact file to collect (keep=False): /var/loadtest/logs/2022-08-12_08-49-54.010368/phout_0Yj87e.log
2022-08-12 08:49:54,088 [DEBUG] yandextank.core.tankcore tankcore.py:446	Adding artifact file to collect (keep=False): /var/loadtest/logs/2022-08-12_08-49-54.010368/phantom_stat_rvqXJT.log
2022-08-12 08:49:54,088 [DEBUG] yandextank.core.tankcore tankcore.py:446	Adding artifact file to collect (keep=False): /var/loadtest/logs/2022-08-12_08-49-54.010368/phantom_LTn8WY.log
2022-08-12 08:49:54,088 [DEBUG] yandextank.common.util util.py:479	Trying to resolve address string: www.rambler.ru:443
2022-08-12 08:49:54,090 [DEBUG] yandextank.common.util util.py:516	Parsing port
2022-08-12 08:49:54,145 [DEBUG] yandextank.common.util util.py:527	Lookup result: [(2, 1, 6, '', ('81.19.82.98', 443)), (2, 2, 17, '', ('81.19.82.98', 443)), (2, 3, 0, '', ('81.19.82.98', 443))]
2022-08-12 08:49:54,146 [INFO] yandextank.common.util util.py:546	Testing connection to resolved address 81.19.82.98 and port 443
2022-08-12 08:49:54,174 [INFO] yandextank.plugins.Phantom.utils utils.py:278	Resolved www.rambler.ru into 81.19.82.98:443
2022-08-12 08:49:54,174 [INFO] yandextank.stepper.main main.py:161	Configuring StepperWrapper...
2022-08-12 08:49:54,174 [DEBUG] yandextank.stepper.main main.py:140	Option ammofile = 
2022-08-12 08:49:54,174 [DEBUG] yandextank.stepper.main main.py:140	Option ammo_type = phantom
2022-08-12 08:49:54,175 [DEBUG] yandextank.stepper.main main.py:140	Option loop = -1
2022-08-12 08:49:54,175 [DEBUG] yandextank.stepper.main main.py:140	Option ammo_limit = -1
2022-08-12 08:49:54,175 [DEBUG] yandextank.stepper.main main.py:140	Option load_profile = {'load_type': 'rps', 'schedule': 'line(5, 30, 1m)'}
2022-08-12 08:49:54,175 [DEBUG] yandextank.stepper.main main.py:140	Option instances = 1000
2022-08-12 08:49:54,175 [DEBUG] yandextank.stepper.main main.py:140	Option uris = ['/', '/sport/']
2022-08-12 08:49:54,175 [DEBUG] yandextank.stepper.main main.py:140	Option headers = ['[Host: www.rambler.ru]', '[Connection: close]']
2022-08-12 08:49:54,175 [DEBUG] yandextank.stepper.main main.py:140	Option header_http = 1.1
2022-08-12 08:49:54,175 [DEBUG] yandextank.stepper.main main.py:140	Option autocases = 0
2022-08-12 08:49:54,176 [DEBUG] yandextank.stepper.main main.py:140	Option enum_ammo = False
2022-08-12 08:49:54,176 [DEBUG] yandextank.stepper.main main.py:140	Option use_caching = True
2022-08-12 08:49:54,176 [DEBUG] yandextank.stepper.main main.py:140	Option file_cache = 8192
2022-08-12 08:49:54,176 [DEBUG] yandextank.stepper.main main.py:140	Option cache_dir = None
2022-08-12 08:49:54,176 [DEBUG] yandextank.stepper.main main.py:140	Option force_stepping = 0
2022-08-12 08:49:54,176 [DEBUG] yandextank.stepper.main main.py:140	Option load_profile = {'load_type': 'rps', 'schedule': 'line(5, 30, 1m)'}
2022-08-12 08:49:54,176 [DEBUG] yandextank.stepper.main main.py:140	Option chosen_cases = 
2022-08-12 08:49:54,176 [DEBUG] yandextank.stepper.main main.py:269	stpd-hash source: cache version 6|line(5, 30, 1m)|-1|-1|line(5, 30, 1m)|0|/;/sport/|[Host: www.rambler.ru];[Connection: close]|1.1||False|phantom|/;/sport/|[Host: www.rambler.ru];[Connection: close]
2022-08-12 08:49:54,177 [DEBUG] yandextank.stepper.main main.py:278	Generated cache file name: /var/loadtest/logs/_4a44c4137a094aa9a4844702c3e798aa.stpd
2022-08-12 08:49:54,177 [INFO] yandextank.stepper.main main.py:300	Making stpd-file: /var/loadtest/logs/_4a44c4137a094aa9a4844702c3e798aa.stpd
2022-08-12 08:49:54,177 [DEBUG] yandextank.stepper.info info.py:43	Published 1000 to instances
2022-08-12 08:49:54,177 [DEBUG] yandextank.stepper.info info.py:43	Published ['line(5, 30, 1m)'] to loadscheme
2022-08-12 08:49:54,179 [DEBUG] yandextank.stepper.info info.py:43	Published 60 to duration
2022-08-12 08:49:54,180 [DEBUG] yandextank.stepper.info info.py:43	Published [(5.0, 2), (6.0, 2), (7.0, 2), (8.0, 3), (9.0, 2), (10.0, 3), (11.0, 2), (12.0, 2), (13.0, 3), (14.0, 2), (15.0, 3), (16.0, 2), (17.0, 2), (18.0, 3), (19.0, 2), (20.0, 3), (21.0, 2), (22.0, 2), (23.0, 3), (24.0, 2), (25.0, 3), (26.0, 2), (27.0, 2), (28.0, 3), (29.0, 2), (30.0, 2)] to steps
2022-08-12 08:49:54,180 [INFO] yandextank.stepper.config config.py:123	Using UriStyleGenerator ammo reader
2022-08-12 08:49:54,209 [DEBUG] yandextank.stepper.main main.py:294	Saving stepper info: /var/loadtest/logs/_4a44c4137a094aa9a4844702c3e798aa.stpd_si.json
2022-08-12 08:49:54,226 [DEBUG] yandextank.core.tankcore tankcore.py:446	Adding artifact file to collect (keep=False): /var/loadtest/logs/2022-08-12_08-49-54.010368/phantom_RgWBsx.conf
2022-08-12 08:49:54,226 [DEBUG] yandextank.plugins.Phantom.utils utils.py:128	Generating phantom config: /var/loadtest/logs/2022-08-12_08-49-54.010368/phantom_RgWBsx.conf
2022-08-12 08:49:54,229 [DEBUG] yandextank.core.tankcore tankcore.py:244	Configuring <yandextank.plugins.Autostop.plugin.Plugin object at 0x7fad63895790>
2022-08-12 08:49:54,230 [DEBUG] yandextank.core.tankcore tankcore.py:391	Searching for plugin: <class 'yandextank.common.interfaces.GeneratorPlugin'>
2022-08-12 08:49:54,231 [DEBUG] yandextank.core.tankcore tankcore.py:244	Configuring <yandextank.plugins.ShellExec.plugin.Plugin object at 0x7fad63895950>
2022-08-12 08:49:54,231 [DEBUG] yandextank.core.tankcore tankcore.py:244	Configuring <yandextank.plugins.Console.plugin.Plugin object at 0x7fad63895390>
2022-08-12 08:49:54,232 [DEBUG] yandextank.core.tankcore tankcore.py:244	Configuring <yandextank.plugins.RCAssert.plugin.Plugin object at 0x7fad63895310>
2022-08-12 08:49:54,233 [DEBUG] yandextank.core.tankcore tankcore.py:244	Configuring <yandextank.plugins.ResourceCheck.plugin.Plugin object at 0x7fad63871c50>
2022-08-12 08:49:54,234 [DEBUG] yandextank.core.tankcore tankcore.py:244	Configuring <yandextank.plugins.DataUploader.plugin.Plugin object at 0x7fad63871f10>
2022-08-12 08:49:54,234 [DEBUG] yandextank.core.tankcore tankcore.py:244	Configuring <yandextank.plugins.JsonReport.plugin.Plugin object at 0x7fad63ba5a50>
2022-08-12 08:49:54,235 [INFO] yandextank.core.tankcore tankcore.py:249	Preparing test...
2022-08-12 08:49:54,235 [DEBUG] yandextank.core.tankcore tankcore.py:253	Preparing <yandextank.plugins.Phantom.plugin.Plugin object at 0x7fad63871090>
2022-08-12 08:49:54,236 [DEBUG] netort.process process.py:23	Starting: ['phantom', 'check', '/var/loadtest/logs/2022-08-12_08-49-54.010368/phantom_RgWBsx.conf']
2022-08-12 08:49:54,827 [DEBUG] netort.process process.py:46	Process output:
setup_t module_setup = setup_module_t {
  dir = "/usr/lib/phantom"
  list = {
    io_monitor
    io_benchmark
    io_benchmark_method_stream
    io_benchmark_method_stream_ipv4
    io_benchmark_method_stream_ipv6
    io_benchmark_method_stream_source_log
    io_benchmark_method_stream_proto_none
    io_benchmark_method_stream_proto_http
    ssl
    io_benchmark_method_stream_transport_ssl
  }
}
setup_t stat_setup = setup_stat_t {
  list = {
    default
  }
}
scheduler_t main_scheduler = scheduler_simple_t {
  threads = 3
  limit = unlimited
  event_buf_size = 20
  timeout_prec = 001
  tname = ""
  policy = other
  priority = 0
}
logger_t phantom_logger = logger_file_t {
  level = info
  filename = "/var/loadtest/logs/2022-08-12_08-49-54.010368/phantom_LTn8WY.log"
  check_interval = 1s
  scheduler = main_scheduler
}
logger = phantom_logger
io_t benchmark_io = io_benchmark_t {
  instances = 1000
  method_t stream_method = method_stream_ipv4_t {
    address = 81.19.82.98
    port = 443
    bind = {
    }
    cork = true
    timeout = 11s
    ibuf_size = 4K
    obuf_size = 1K
    source_t source_log = source_log_t {
      filename = "/var/loadtest/logs/_4a44c4137a094aa9a4844702c3e798aa.stpd"
      ibuf_size = 1M
    }
    source = source_log
    transport_t ssl_transport = transport_ssl_t {
      auth = NULL
      ciphers = ""
      timeout = 1s
    }
    transport = ssl_transport
    proto_t http_proto0 = proto_http_t {
      reply_limits = {
        line = 1K
        field_num = 128
        field = 8K
        entity = 8M
      }
    }
    proto_t none_proto = proto_none_t {
    }
    proto = http_proto0
    logger_t benchmark_logger = logger_default_t {
      filename = "/var/loadtest/logs/2022-08-12_08-49-54.010368/answ_xtk5yQ.log"
      check_interval = 1s
      scheduler = main_scheduler
      level = all
    }
    logger_t brief_logger = logger_brief_t {
      time_format = unix
      filename = "/var/loadtest/logs/2022-08-12_08-49-54.010368/phout_0Yj87e.log"
      check_interval = 1s
      scheduler = main_scheduler
      level = all
    }
    loggers = {
      brief_logger
    }
  }
  method = stream_method
  times_t simple_times = times_simple_t {
    max = 11s
    min = 001
    steps = 20
  }
  times = simple_times
  scheduler = main_scheduler
}
io_t monitor_io = io_monitor_t {
  clear = true
  period = 1s
  list = {
    main_scheduler
    benchmark_io
  }
  stat_id = default
  filename = "/var/loadtest/logs/2022-08-12_08-49-54.010368/phantom_stat_rvqXJT.log"
  check_interval = 1s
  scheduler = main_scheduler
}

2022-08-12 08:49:54,828 [DEBUG] netort.process process.py:48	Process exit code: 0
2022-08-12 08:49:54,828 [DEBUG] yandextank.plugins.Phantom.plugin plugin.py:116	Linking sample reader to aggregator. Reading samples from /var/loadtest/logs/2022-08-12_08-49-54.010368/phout_0Yj87e.log
2022-08-12 08:49:54,828 [DEBUG] yandextank.plugins.Phantom.plugin plugin.py:120	Linking stats reader to aggregator. Reading stats from /var/loadtest/logs/2022-08-12_08-49-54.010368/phantom_stat_rvqXJT.log
2022-08-12 08:49:54,829 [DEBUG] yandextank.plugins.Phantom.utils utils.py:158	Steps: [(5.0, 2), (6.0, 2), (7.0, 2), (8.0, 3), (9.0, 2), (10.0, 3), (11.0, 2), (12.0, 2), (13.0, 3), (14.0, 2), (15.0, 3), (16.0, 2), (17.0, 2), (18.0, 3), (19.0, 2), (20.0, 3), (21.0, 2), (22.0, 2), (23.0, 3), (24.0, 2), (25.0, 3), (26.0, 2), (27.0, 2), (28.0, 3), (29.0, 2), (30.0, 2)]
2022-08-12 08:49:54,829 [DEBUG] yandextank.core.tankcore tankcore.py:391	Searching for plugin: <class 'yandextank.plugins.Console.plugin.Plugin'>
2022-08-12 08:49:54,829 [DEBUG] yandextank.plugins.Phantom.utils utils.py:158	Steps: [(5.0, 2), (6.0, 2), (7.0, 2), (8.0, 3), (9.0, 2), (10.0, 3), (11.0, 2), (12.0, 2), (13.0, 3), (14.0, 2), (15.0, 3), (16.0, 2), (17.0, 2), (18.0, 3), (19.0, 2), (20.0, 3), (21.0, 2), (22.0, 2), (23.0, 3), (24.0, 2), (25.0, 3), (26.0, 2), (27.0, 2), (28.0, 3), (29.0, 2), (30.0, 2)]
2022-08-12 08:49:54,830 [DEBUG] yandextank.core.tankcore tankcore.py:253	Preparing <yandextank.plugins.Autostop.plugin.Plugin object at 0x7fad63895790>
2022-08-12 08:49:54,830 [DEBUG] yandextank.common.interfaces plugin.py:74	Criterion string: http(5xx,10%,5s)
2022-08-12 08:49:54,830 [DEBUG] yandextank.common.interfaces plugin.py:78	Criterion objects: {'http(5xx,10%,5s)': <yandextank.plugins.Autostop.criterions.HTTPCodesCriterion object at 0x7fad63895a50>}
2022-08-12 08:49:54,830 [DEBUG] yandextank.core.tankcore tankcore.py:391	Searching for plugin: <class 'yandextank.plugins.Console.plugin.Plugin'>
2022-08-12 08:49:54,831 [DEBUG] yandextank.core.tankcore tankcore.py:253	Preparing <yandextank.plugins.ShellExec.plugin.Plugin object at 0x7fad63895950>
2022-08-12 08:49:54,831 [DEBUG] yandextank.core.tankcore tankcore.py:253	Preparing <yandextank.plugins.Console.plugin.Plugin object at 0x7fad63895390>
2022-08-12 08:49:54,831 [DEBUG] yandextank.core.tankcore tankcore.py:253	Preparing <yandextank.plugins.RCAssert.plugin.Plugin object at 0x7fad63895310>
2022-08-12 08:49:54,831 [DEBUG] yandextank.core.tankcore tankcore.py:253	Preparing <yandextank.plugins.ResourceCheck.plugin.Plugin object at 0x7fad63871c50>
2022-08-12 08:49:54,832 [INFO] yandextank.common.interfaces plugin.py:39	Checking tank resources...
2022-08-12 08:49:54,832 [DEBUG] netort.process process.py:23	Starting: sh -c "df --no-sync -m -P -l -x fuse -x tmpfs -x devtmpfs -x davfs -x nfs /var/loadtest/logs | tail -n 1 | awk '{print \$4}' "
2022-08-12 08:49:55,378 [DEBUG] netort.process process.py:46	Process output:
29003

2022-08-12 08:49:55,379 [DEBUG] netort.process process.py:48	Process exit code: 0
2022-08-12 08:49:55,379 [DEBUG] root plugin.py:58	Result: (0, '29003\n', '')
2022-08-12 08:49:55,379 [DEBUG] yandextank.common.interfaces plugin.py:64	Disk free space: 29003/2048
2022-08-12 08:49:55,380 [DEBUG] yandextank.common.interfaces plugin.py:75	Memory free: 2994/512
2022-08-12 08:49:55,380 [DEBUG] yandextank.core.tankcore tankcore.py:253	Preparing <yandextank.plugins.DataUploader.plugin.Plugin object at 0x7fad63871f10>
2022-08-12 08:49:55,380 [INFO] root plugin.py:523	Using OVERLOAD backend
2022-08-12 08:49:55,380 [DEBUG] yandextank.plugins.DataUploader.plugin plugin.py:618	Trying to read token from token.txt
2022-08-12 08:49:55,381 [ERROR] yandextank.plugins.DataUploader.plugin plugin.py:627	Failed to read Overload API token from token.txt
2022-08-12 08:49:55,381 [INFO] yandextank.plugins.DataUploader.plugin plugin.py:629	Get your Overload API token from https://overload.yandex.net and provide it via 'overload.token_file' parameter
2022-08-12 08:49:55,383 [ERROR] root consoleworker.py:268	Exception occurred:
<type 'exceptions.RuntimeError'>: API token error
  File "/usr/local/lib/python2.7/dist-packages/yandextank/core/consoleworker.py", line 377, in run
    self.core.plugins_prepare_test()

  File "/usr/local/lib/python2.7/dist-packages/yandextank/core/tankcore.py", line 254, in plugins_prepare_test
    plugin.prepare_test()

  File "/usr/local/lib/python2.7/dist-packages/yandextank/plugins/DataUploader/plugin.py", line 239, in prepare_test
    lp_job = self.lp_job

  File "/usr/local/lib/python2.7/dist-packages/yandextank/plugins/DataUploader/plugin.py", line 553, in lp_job
    self._lp_job = self.__get_lp_job()

  File "/usr/local/lib/python2.7/dist-packages/yandextank/plugins/DataUploader/plugin.py", line 569, in __get_lp_job
    api_client = self.__get_api_client()

  File "/usr/local/lib/python2.7/dist-packages/yandextank/plugins/DataUploader/plugin.py", line 529, in __get_api_client
    self._api_token = self.read_token(self.get_option("token_file"))

  File "/usr/local/lib/python2.7/dist-packages/yandextank/plugins/DataUploader/plugin.py", line 631, in read_token
    raise RuntimeError("API token error")

2022-08-12 08:49:55,383 [INFO] root consoleworker.py:269	Trying to clean up
2022-08-12 08:49:55,384 [INFO] yandextank.core.tankcore tankcore.py:526	Cleaning up plugin plugin_phantom
2022-08-12 08:49:55,384 [INFO] yandextank.core.tankcore tankcore.py:526	Cleaning up plugin plugin_autostop
2022-08-12 08:49:55,384 [INFO] yandextank.core.tankcore tankcore.py:526	Cleaning up plugin plugin_shellexec
2022-08-12 08:49:55,384 [INFO] yandextank.core.tankcore tankcore.py:526	Cleaning up plugin plugin_console
2022-08-12 08:49:55,384 [INFO] yandextank.core.tankcore tankcore.py:526	Cleaning up plugin plugin_rcassert
2022-08-12 08:49:55,385 [INFO] yandextank.core.tankcore tankcore.py:526	Cleaning up plugin plugin_rcheck
2022-08-12 08:49:55,385 [INFO] yandextank.core.tankcore tankcore.py:526	Cleaning up plugin plugin_overload
2022-08-12 08:49:55,385 [INFO] yandextank.core.tankcore tankcore.py:526	Cleaning up plugin plugin_json_report
2022-08-12 08:49:55,385 [INFO] yandextank.core.tankcore tankcore.py:561	Releasing lock: /var/lock/lunapark_jL_84O.lock
2022-08-12 08:49:55,386 [WARNING] root consoleworker.py:408	Job number is not available yet
2022-08-12 08:49:55,386 [WARNING] root consoleworker.py:415	Job number is not available yet
2022-08-12 08:49:55,393 [DEBUG] yandextank.core.tankcore tankcore.py:367	Collecting artifacts
2022-08-12 08:49:55,393 [INFO] yandextank.core.tankcore tankcore.py:368	Artifacts dir: /var/loadtest/logs/2022-08-12_08-49-54.010368
2022-08-12 08:49:55,394 [DEBUG] yandextank.core.tankcore tankcore.py:422	Collecting file: /var/loadtest/logs/2022-08-12_08-49-54.010368/phantom_stat_rvqXJT.log to /var/loadtest/logs/2022-08-12_08-49-54.010368/phantom_stat_rvqXJT.log
2022-08-12 08:49:55,394 [WARNING] yandextank.core.tankcore tankcore.py:429	File already exists: /var/loadtest/logs/2022-08-12_08-49-54.010368/phantom_stat_rvqXJT.log
2022-08-12 08:49:55,394 [DEBUG] yandextank.core.tankcore tankcore.py:422	Collecting file: /var/loadtest/logs/2022-08-12_08-49-54.010368/phantom_RgWBsx.conf to /var/loadtest/logs/2022-08-12_08-49-54.010368/phantom_RgWBsx.conf
2022-08-12 08:49:55,394 [WARNING] yandextank.core.tankcore tankcore.py:429	File already exists: /var/loadtest/logs/2022-08-12_08-49-54.010368/phantom_RgWBsx.conf
2022-08-12 08:49:55,395 [DEBUG] yandextank.core.tankcore tankcore.py:422	Collecting file: /var/loadtest/logs/2022-08-12_08-49-54.010368/phantom_LTn8WY.log to /var/loadtest/logs/2022-08-12_08-49-54.010368/phantom_LTn8WY.log
2022-08-12 08:49:55,395 [WARNING] yandextank.core.tankcore tankcore.py:429	File already exists: /var/loadtest/logs/2022-08-12_08-49-54.010368/phantom_LTn8WY.log
2022-08-12 08:49:55,395 [DEBUG] yandextank.core.tankcore tankcore.py:422	Collecting file: /var/loadtest/logs/2022-08-12_08-49-54.010368/answ_xtk5yQ.log to /var/loadtest/logs/2022-08-12_08-49-54.010368/answ_xtk5yQ.log
2022-08-12 08:49:55,395 [WARNING] yandextank.core.tankcore tankcore.py:429	File already exists: /var/loadtest/logs/2022-08-12_08-49-54.010368/answ_xtk5yQ.log
2022-08-12 08:49:55,395 [DEBUG] yandextank.core.tankcore tankcore.py:422	Collecting file: /var/loadtest/logs/2022-08-12_08-49-54.010368/phout_0Yj87e.log to /var/loadtest/logs/2022-08-12_08-49-54.010368/phout_0Yj87e.log
2022-08-12 08:49:55,396 [WARNING] yandextank.core.tankcore tankcore.py:429	File already exists: /var/loadtest/logs/2022-08-12_08-49-54.010368/phout_0Yj87e.log
2022-08-12 08:49:55,396 [DEBUG] yandextank.core.tankcore tankcore.py:422	Collecting file: validation_error.yaml to /var/loadtest/logs/2022-08-12_08-49-54.010368/validation_error.yaml
2022-08-12 08:49:55,396 [WARNING] yandextank.core.tankcore tankcore.py:424	File not found to collect: validation_error.yaml
