2022-08-31 17:09:04,697 INFO o.a.j.u.JMeterUtils: Setting Locale to en_US
2022-08-31 17:09:04,725 INFO o.a.j.JMeter: Loading user properties from: /usr/local/apache-jmeter-3.3/bin/user.properties
2022-08-31 17:09:04,726 INFO o.a.j.JMeter: Loading system properties from: /usr/local/apache-jmeter-3.3/bin/system.properties
2022-08-31 17:09:04,727 INFO o.a.j.JMeter: Setting JMeter property: jmeter.save.saveservice.default_delimiter=\t
2022-08-31 17:09:04,727 INFO o.a.j.JMeter: Setting JMeter property: jmeter.save.saveservice.connect_time=true
2022-08-31 17:09:04,735 INFO o.a.j.JMeter: Copyright (c) 1998-2017 The Apache Software Foundation
2022-08-31 17:09:04,735 INFO o.a.j.JMeter: Version 3.3 r1808647
2022-08-31 17:09:04,735 INFO o.a.j.JMeter: java.version=1.8.0_191
2022-08-31 17:09:04,735 INFO o.a.j.JMeter: java.vm.name=OpenJDK 64-Bit Server VM
2022-08-31 17:09:04,735 INFO o.a.j.JMeter: os.name=Linux
2022-08-31 17:09:04,735 INFO o.a.j.JMeter: os.arch=amd64
2022-08-31 17:09:04,736 INFO o.a.j.JMeter: os.version=5.15.0-46-generic
2022-08-31 17:09:04,736 INFO o.a.j.JMeter: file.encoding=ANSI_X3.4-1968
2022-08-31 17:09:04,736 INFO o.a.j.JMeter: Max memory     =536870912
2022-08-31 17:09:04,736 INFO o.a.j.JMeter: Available Processors =4
2022-08-31 17:09:04,745 INFO o.a.j.JMeter: Default Locale=English (United States)
2022-08-31 17:09:04,745 INFO o.a.j.JMeter: JMeter  Locale=English (United States)
2022-08-31 17:09:04,745 INFO o.a.j.JMeter: JMeterHome=/usr/local/apache-jmeter-3.3
2022-08-31 17:09:04,745 INFO o.a.j.JMeter: user.dir  =/var/loadtest
2022-08-31 17:09:04,745 INFO o.a.j.JMeter: PWD       =/var/loadtest
2022-08-31 17:09:04,746 INFO o.a.j.JMeter: IP: 127.0.1.1 Name: ubuntu FullName: ubuntu
2022-08-31 17:09:04,750 INFO o.a.j.s.FileServer: Default base='/var/loadtest'
2022-08-31 17:09:04,750 INFO o.a.j.s.FileServer: Set new base='/var/loadtest'
2022-08-31 17:09:05,018 INFO o.a.j.s.SaveService: Testplan (JMX) version: 2.2. Testlog (JTL) version: 2.2
2022-08-31 17:09:05,047 INFO o.a.j.s.SaveService: Using SaveService properties file encoding UTF-8
2022-08-31 17:09:05,054 INFO o.a.j.s.SaveService: Using SaveService properties version 3.2
2022-08-31 17:09:05,065 INFO o.a.j.s.SaveService: Loading file: /var/loadtest/modified_79tvuU.jmx
2022-08-31 17:09:05,116 INFO o.a.j.p.h.c.CookieManager: Settings: Delete null: true Check: true Allow variable: true Save: false Prefix: COOKIE_
2022-08-31 17:09:05,135 INFO o.a.j.p.h.s.HTTPSamplerBase: Parser for text/html is org.apache.jmeter.protocol.http.parser.LagartoBasedHtmlParser
2022-08-31 17:09:05,136 INFO o.a.j.p.h.s.HTTPSamplerBase: Parser for application/xhtml+xml is org.apache.jmeter.protocol.http.parser.LagartoBasedHtmlParser
2022-08-31 17:09:05,136 INFO o.a.j.p.h.s.HTTPSamplerBase: Parser for application/xml is org.apache.jmeter.protocol.http.parser.LagartoBasedHtmlParser
2022-08-31 17:09:05,136 INFO o.a.j.p.h.s.HTTPSamplerBase: Parser for text/xml is org.apache.jmeter.protocol.http.parser.LagartoBasedHtmlParser
2022-08-31 17:09:05,136 INFO o.a.j.p.h.s.HTTPSamplerBase: Parser for text/vnd.wap.wml is org.apache.jmeter.protocol.http.parser.RegexpHTMLParser
2022-08-31 17:09:05,136 INFO o.a.j.p.h.s.HTTPSamplerBase: Parser for text/css is org.apache.jmeter.protocol.http.parser.CssParser
2022-08-31 17:09:05,276 INFO o.a.j.JMeter: Creating summariser <summary>
2022-08-31 17:09:05,283 INFO o.a.j.e.StandardJMeterEngine: Running the test!
2022-08-31 17:09:05,284 INFO o.a.j.s.SampleEvent: List of sample_variables: []
2022-08-31 17:09:05,284 INFO o.a.j.s.SampleEvent: List of sample_variables: []
2022-08-31 17:09:05,290 INFO o.a.j.e.u.CompoundVariable: Note: Function class names must contain the string: '.functions.'
2022-08-31 17:09:05,290 INFO o.a.j.e.u.CompoundVariable: Note: Function class names must not contain the string: '.gui.'
2022-08-31 17:09:06,440 INFO o.a.j.JMeter: Running test (1661965746440)
2022-08-31 17:09:06,495 INFO o.a.j.e.StandardJMeterEngine: Starting ThreadGroup: 1 : Thread Group
2022-08-31 17:09:06,495 INFO o.a.j.e.StandardJMeterEngine: Starting 40 threads for group Thread Group.
2022-08-31 17:09:06,495 INFO o.a.j.e.StandardJMeterEngine: Thread will continue on error
2022-08-31 17:09:06,496 INFO o.a.j.t.ThreadGroup: Starting thread group... number=1 threads=40 ramp-up=60 perThread=1500.0 delayedStart=false
2022-08-31 17:09:06,523 INFO o.a.j.t.JMeterThread: Thread started: Thread Group 1-1
2022-08-31 17:09:06,585 INFO o.a.j.p.h.s.HTTPHCAbstractImpl: Local host = ubuntu
2022-08-31 17:09:06,595 INFO o.a.j.p.h.s.HTTPHC4Impl: HTTP request retry count = 0
2022-08-31 17:09:06,610 INFO o.a.j.s.SampleResult: Note: Sample TimeStamps are START times
2022-08-31 17:09:06,610 INFO o.a.j.s.SampleResult: sampleresult.default.encoding is set to ISO-8859-1
2022-08-31 17:09:06,611 INFO o.a.j.s.SampleResult: sampleresult.useNanoTime=true
2022-08-31 17:09:06,611 INFO o.a.j.s.SampleResult: sampleresult.nanoThreadSleep=5000
2022-08-31 17:09:06,849 INFO o.a.j.t.ThreadGroup: Started thread group number 1
2022-08-31 17:09:06,850 INFO o.a.j.e.StandardJMeterEngine: All thread groups have been started
2022-08-31 17:09:06,854 INFO o.a.j.p.h.s.LazySchemeSocketFactory: Setting up HTTPS TrustAll Socket Factory
2022-08-31 17:09:06,877 INFO o.a.j.u.JsseSSLManager: Using default SSL protocol: TLS
2022-08-31 17:09:06,877 INFO o.a.j.u.JsseSSLManager: SSL session context: per-thread
2022-08-31 17:09:07,353 INFO o.a.j.u.SSLManager: JmeterKeyStore Location:  type JKS
2022-08-31 17:09:07,359 INFO o.a.j.u.SSLManager: KeyStore created OK
2022-08-31 17:09:07,359 WARN o.a.j.u.SSLManager: Keystore file not found, loading empty keystore
2022-08-31 17:09:08,038 INFO o.a.j.t.JMeterThread: Thread started: Thread Group 1-2
2022-08-31 17:09:09,442 WARN o.a.j.p.h.s.HTTPSamplerBase: Existing CookieManager HTTP Cookie Manager superseded by HTTP Cookie Manager
2022-08-31 17:09:09,446 WARN o.a.j.p.h.s.HTTPSamplerBase: Existing CookieManager HTTP Cookie Manager superseded by HTTP Cookie Manager
2022-08-31 17:09:09,496 WARN o.a.j.p.h.s.HTTPSamplerBase: Existing CookieManager HTTP Cookie Manager superseded by HTTP Cookie Manager
2022-08-31 17:09:09,500 INFO o.a.j.p.h.s.HTTPJavaImpl: Maximum connection retries = 0
2022-08-31 17:09:09,504 WARN o.a.j.p.h.s.HTTPSamplerBase: Existing CookieManager HTTP Cookie Manager superseded by HTTP Cookie Manager
2022-08-31 17:09:09,545 INFO o.a.j.t.JMeterThread: Thread started: Thread Group 1-3
2022-08-31 17:09:10,013 WARN o.a.j.p.h.s.HTTPSamplerBase: Existing CookieManager HTTP Cookie Manager superseded by HTTP Cookie Manager
2022-08-31 17:09:10,016 WARN o.a.j.p.h.s.HTTPSamplerBase: Existing CookieManager HTTP Cookie Manager superseded by HTTP Cookie Manager
2022-08-31 17:09:11,045 INFO o.a.j.t.JMeterThread: Thread started: Thread Group 1-4
2022-08-31 17:09:11,447 WARN o.a.j.p.h.s.HTTPSamplerBase: Existing CookieManager HTTP Cookie Manager superseded by HTTP Cookie Manager
2022-08-31 17:09:11,449 WARN o.a.j.p.h.s.HTTPSamplerBase: Existing CookieManager HTTP Cookie Manager superseded by HTTP Cookie Manager
2022-08-31 17:09:12,550 INFO o.a.j.t.JMeterThread: Thread started: Thread Group 1-5
2022-08-31 17:09:12,915 WARN o.a.j.p.h.s.HTTPSamplerBase: Existing CookieManager HTTP Cookie Manager superseded by HTTP Cookie Manager
2022-08-31 17:09:12,917 WARN o.a.j.p.h.s.HTTPSamplerBase: Existing CookieManager HTTP Cookie Manager superseded by HTTP Cookie Manager
2022-08-31 17:09:14,079 INFO o.a.j.t.JMeterThread: Thread started: Thread Group 1-6
2022-08-31 17:09:14,444 WARN o.a.j.p.h.s.HTTPSamplerBase: Existing CookieManager HTTP Cookie Manager superseded by HTTP Cookie Manager
2022-08-31 17:09:14,445 WARN o.a.j.p.h.s.HTTPSamplerBase: Existing CookieManager HTTP Cookie Manager superseded by HTTP Cookie Manager
2022-08-31 17:09:15,578 INFO o.a.j.t.JMeterThread: Thread started: Thread Group 1-7
2022-08-31 17:09:16,052 WARN o.a.j.p.h.s.HTTPSamplerBase: Existing CookieManager HTTP Cookie Manager superseded by HTTP Cookie Manager
2022-08-31 17:09:16,054 WARN o.a.j.p.h.s.HTTPSamplerBase: Existing CookieManager HTTP Cookie Manager superseded by HTTP Cookie Manager
2022-08-31 17:09:17,075 INFO o.a.j.t.JMeterThread: Thread started: Thread Group 1-8
2022-08-31 17:09:17,588 WARN o.a.j.p.h.s.HTTPSamplerBase: Existing CookieManager HTTP Cookie Manager superseded by HTTP Cookie Manager
2022-08-31 17:09:17,590 WARN o.a.j.p.h.s.HTTPSamplerBase: Existing CookieManager HTTP Cookie Manager superseded by HTTP Cookie Manager
2022-08-31 17:09:18,597 INFO o.a.j.t.JMeterThread: Thread started: Thread Group 1-9
2022-08-31 17:09:19,781 WARN o.a.j.p.h.s.HTTPSamplerBase: Existing CookieManager HTTP Cookie Manager superseded by HTTP Cookie Manager
2022-08-31 17:09:19,782 WARN o.a.j.p.h.s.HTTPSamplerBase: Existing CookieManager HTTP Cookie Manager superseded by HTTP Cookie Manager
2022-08-31 17:09:20,111 INFO o.a.j.t.JMeterThread: Thread started: Thread Group 1-10
2022-08-31 17:09:20,583 WARN o.a.j.p.h.s.HTTPSamplerBase: Existing CookieManager HTTP Cookie Manager superseded by HTTP Cookie Manager
2022-08-31 17:09:20,586 WARN o.a.j.p.h.s.HTTPSamplerBase: Existing CookieManager HTTP Cookie Manager superseded by HTTP Cookie Manager
2022-08-31 17:09:21,613 INFO o.a.j.t.JMeterThread: Thread started: Thread Group 1-11
2022-08-31 17:09:22,037 WARN o.a.j.p.h.s.HTTPSamplerBase: Existing CookieManager HTTP Cookie Manager superseded by HTTP Cookie Manager
2022-08-31 17:09:22,038 WARN o.a.j.p.h.s.HTTPSamplerBase: Existing CookieManager HTTP Cookie Manager superseded by HTTP Cookie Manager
2022-08-31 17:09:23,132 INFO o.a.j.t.JMeterThread: Thread started: Thread Group 1-12
2022-08-31 17:09:23,544 WARN o.a.j.p.h.s.HTTPSamplerBase: Existing CookieManager HTTP Cookie Manager superseded by HTTP Cookie Manager
2022-08-31 17:09:23,546 WARN o.a.j.p.h.s.HTTPSamplerBase: Existing CookieManager HTTP Cookie Manager superseded by HTTP Cookie Manager
2022-08-31 17:09:24,653 INFO o.a.j.t.JMeterThread: Thread started: Thread Group 1-13
2022-08-31 17:09:24,997 WARN o.a.j.p.h.s.HTTPSamplerBase: Existing CookieManager HTTP Cookie Manager superseded by HTTP Cookie Manager
2022-08-31 17:09:24,998 WARN o.a.j.p.h.s.HTTPSamplerBase: Existing CookieManager HTTP Cookie Manager superseded by HTTP Cookie Manager
2022-08-31 17:09:26,162 INFO o.a.j.t.JMeterThread: Thread started: Thread Group 1-14
2022-08-31 17:09:26,904 WARN o.a.j.p.h.s.HTTPSamplerBase: Existing CookieManager HTTP Cookie Manager superseded by HTTP Cookie Manager
2022-08-31 17:09:26,905 WARN o.a.j.p.h.s.HTTPSamplerBase: Existing CookieManager HTTP Cookie Manager superseded by HTTP Cookie Manager
2022-08-31 17:09:27,675 INFO o.a.j.t.JMeterThread: Thread started: Thread Group 1-15
2022-08-31 17:09:28,018 WARN o.a.j.p.h.s.HTTPSamplerBase: Existing CookieManager HTTP Cookie Manager superseded by HTTP Cookie Manager
2022-08-31 17:09:28,019 WARN o.a.j.p.h.s.HTTPSamplerBase: Existing CookieManager HTTP Cookie Manager superseded by HTTP Cookie Manager
2022-08-31 17:09:29,179 INFO o.a.j.t.JMeterThread: Thread started: Thread Group 1-16
2022-08-31 17:09:29,638 WARN o.a.j.p.h.s.HTTPSamplerBase: Existing CookieManager HTTP Cookie Manager superseded by HTTP Cookie Manager
2022-08-31 17:09:29,639 WARN o.a.j.p.h.s.HTTPSamplerBase: Existing CookieManager HTTP Cookie Manager superseded by HTTP Cookie Manager
2022-08-31 17:09:30,022 INFO o.a.j.r.Summariser: summary +    124 in 00:00:24 =    5.3/s Avg:  1303 Min:    60 Max: 11996 Err:     0 (0.00%) Active: 16 Started: 16 Finished: 0
2022-08-31 17:09:30,682 INFO o.a.j.t.JMeterThread: Thread started: Thread Group 1-17
2022-08-31 17:09:30,778 INFO o.a.j.t.JMeterThread: Thread is done: Thread Group 1-8
2022-08-31 17:09:30,778 INFO o.a.j.t.JMeterThread: Thread finished: Thread Group 1-8
2022-08-31 17:09:31,003 INFO o.a.j.t.JMeterThread: Thread is done: Thread Group 1-7
2022-08-31 17:09:31,003 INFO o.a.j.t.JMeterThread: Thread finished: Thread Group 1-7
2022-08-31 17:09:31,820 INFO o.a.j.t.JMeterThread: Thread is done: Thread Group 1-4
2022-08-31 17:09:31,820 INFO o.a.j.t.JMeterThread: Thread finished: Thread Group 1-4
2022-08-31 17:09:32,097 WARN o.a.j.p.h.s.HTTPSamplerBase: Existing CookieManager HTTP Cookie Manager superseded by HTTP Cookie Manager
2022-08-31 17:09:32,099 WARN o.a.j.p.h.s.HTTPSamplerBase: Existing CookieManager HTTP Cookie Manager superseded by HTTP Cookie Manager
2022-08-31 17:09:32,190 INFO o.a.j.t.JMeterThread: Thread started: Thread Group 1-18
2022-08-31 17:09:32,468 INFO o.a.j.t.JMeterThread: Thread is done: Thread Group 1-3
2022-08-31 17:09:32,468 INFO o.a.j.t.JMeterThread: Thread finished: Thread Group 1-3
2022-08-31 17:09:33,705 INFO o.a.j.t.JMeterThread: Thread started: Thread Group 1-19
2022-08-31 17:09:35,216 INFO o.a.j.t.JMeterThread: Thread started: Thread Group 1-20
2022-08-31 17:09:35,745 WARN o.a.j.p.h.s.HTTPSamplerBase: Existing CookieManager HTTP Cookie Manager superseded by HTTP Cookie Manager
2022-08-31 17:09:35,748 WARN o.a.j.p.h.s.HTTPSamplerBase: Existing CookieManager HTTP Cookie Manager superseded by HTTP Cookie Manager
2022-08-31 17:09:36,729 INFO o.a.j.t.JMeterThread: Thread started: Thread Group 1-21
2022-08-31 17:09:37,101 WARN o.a.j.p.h.s.HTTPSamplerBase: Existing CookieManager HTTP Cookie Manager superseded by HTTP Cookie Manager
2022-08-31 17:09:37,103 WARN o.a.j.p.h.s.HTTPSamplerBase: Existing CookieManager HTTP Cookie Manager superseded by HTTP Cookie Manager
2022-08-31 17:09:37,449 WARN o.a.j.p.h.s.HTTPSamplerBase: Existing CookieManager HTTP Cookie Manager superseded by HTTP Cookie Manager
2022-08-31 17:09:37,450 WARN o.a.j.p.h.s.HTTPSamplerBase: Existing CookieManager HTTP Cookie Manager superseded by HTTP Cookie Manager
2022-08-31 17:09:37,452 WARN o.a.j.p.h.s.HTTPSamplerBase: Existing CookieManager HTTP Cookie Manager superseded by HTTP Cookie Manager
2022-08-31 17:09:37,453 WARN o.a.j.p.h.s.HTTPSamplerBase: Existing CookieManager HTTP Cookie Manager superseded by HTTP Cookie Manager
2022-08-31 17:09:38,232 INFO o.a.j.t.JMeterThread: Thread started: Thread Group 1-22
2022-08-31 17:09:38,438 INFO o.a.j.t.JMeterThread: Thread is done: Thread Group 1-9
2022-08-31 17:09:38,438 INFO o.a.j.t.JMeterThread: Thread finished: Thread Group 1-9
2022-08-31 17:09:38,625 WARN o.a.j.p.h.s.HTTPSamplerBase: Existing CookieManager HTTP Cookie Manager superseded by HTTP Cookie Manager
2022-08-31 17:09:38,627 WARN o.a.j.p.h.s.HTTPSamplerBase: Existing CookieManager HTTP Cookie Manager superseded by HTTP Cookie Manager
2022-08-31 17:09:38,877 INFO o.a.j.t.JMeterThread: Thread is done: Thread Group 1-1
2022-08-31 17:09:38,877 INFO o.a.j.t.JMeterThread: Thread finished: Thread Group 1-1
2022-08-31 17:09:39,744 INFO o.a.j.t.JMeterThread: Thread started: Thread Group 1-23
2022-08-31 17:09:40,165 INFO o.a.j.t.JMeterThread: Thread is done: Thread Group 1-10
2022-08-31 17:09:40,166 INFO o.a.j.t.JMeterThread: Thread finished: Thread Group 1-10
2022-08-31 17:09:40,170 WARN o.a.j.p.h.s.HTTPSamplerBase: Existing CookieManager HTTP Cookie Manager superseded by HTTP Cookie Manager
2022-08-31 17:09:40,171 WARN o.a.j.p.h.s.HTTPSamplerBase: Existing CookieManager HTTP Cookie Manager superseded by HTTP Cookie Manager
2022-08-31 17:09:41,252 INFO o.a.j.t.JMeterThread: Thread started: Thread Group 1-24
2022-08-31 17:09:41,621 WARN o.a.j.p.h.s.HTTPSamplerBase: Existing CookieManager HTTP Cookie Manager superseded by HTTP Cookie Manager
2022-08-31 17:09:41,622 WARN o.a.j.p.h.s.HTTPSamplerBase: Existing CookieManager HTTP Cookie Manager superseded by HTTP Cookie Manager
2022-08-31 17:09:42,760 INFO o.a.j.t.JMeterThread: Thread started: Thread Group 1-25
2022-08-31 17:09:43,729 WARN o.a.j.p.h.s.HTTPSamplerBase: Existing CookieManager HTTP Cookie Manager superseded by HTTP Cookie Manager
2022-08-31 17:09:43,731 WARN o.a.j.p.h.s.HTTPSamplerBase: Existing CookieManager HTTP Cookie Manager superseded by HTTP Cookie Manager
2022-08-31 17:09:44,279 INFO o.a.j.t.JMeterThread: Thread started: Thread Group 1-26
2022-08-31 17:09:44,665 WARN o.a.j.p.h.s.HTTPSamplerBase: Existing CookieManager HTTP Cookie Manager superseded by HTTP Cookie Manager
2022-08-31 17:09:44,667 WARN o.a.j.p.h.s.HTTPSamplerBase: Existing CookieManager HTTP Cookie Manager superseded by HTTP Cookie Manager
2022-08-31 17:09:45,783 INFO o.a.j.t.JMeterThread: Thread started: Thread Group 1-27
2022-08-31 17:09:46,167 WARN o.a.j.p.h.s.HTTPSamplerBase: Existing CookieManager HTTP Cookie Manager superseded by HTTP Cookie Manager
2022-08-31 17:09:46,168 WARN o.a.j.p.h.s.HTTPSamplerBase: Existing CookieManager HTTP Cookie Manager superseded by HTTP Cookie Manager
2022-08-31 17:09:47,292 INFO o.a.j.t.JMeterThread: Thread started: Thread Group 1-28
2022-08-31 17:09:47,600 INFO o.a.j.t.JMeterThread: Thread is done: Thread Group 1-14
2022-08-31 17:09:47,600 INFO o.a.j.t.JMeterThread: Thread finished: Thread Group 1-14
2022-08-31 17:09:47,843 INFO o.a.j.t.JMeterThread: Thread is done: Thread Group 1-5
2022-08-31 17:09:47,843 INFO o.a.j.t.JMeterThread: Thread finished: Thread Group 1-5
2022-08-31 17:09:47,942 INFO o.a.j.t.JMeterThread: Thread is done: Thread Group 1-6
2022-08-31 17:09:47,942 INFO o.a.j.t.JMeterThread: Thread finished: Thread Group 1-6
2022-08-31 17:09:48,276 WARN o.a.j.p.h.s.HTTPSamplerBase: Existing CookieManager HTTP Cookie Manager superseded by HTTP Cookie Manager
2022-08-31 17:09:48,277 WARN o.a.j.p.h.s.HTTPSamplerBase: Existing CookieManager HTTP Cookie Manager superseded by HTTP Cookie Manager
2022-08-31 17:09:48,687 INFO o.a.j.t.JMeterThread: Thread is done: Thread Group 1-15
2022-08-31 17:09:48,687 INFO o.a.j.t.JMeterThread: Thread finished: Thread Group 1-15
2022-08-31 17:09:48,792 INFO o.a.j.t.JMeterThread: Thread started: Thread Group 1-29
2022-08-31 17:09:48,899 INFO o.a.j.t.JMeterThread: Thread is done: Thread Group 1-12
2022-08-31 17:09:48,899 INFO o.a.j.t.JMeterThread: Thread finished: Thread Group 1-12
2022-08-31 17:09:49,658 INFO o.a.j.t.JMeterThread: Thread is done: Thread Group 1-13
2022-08-31 17:09:49,658 INFO o.a.j.t.JMeterThread: Thread finished: Thread Group 1-13
2022-08-31 17:09:49,661 WARN o.a.j.p.h.s.HTTPSamplerBase: Existing CookieManager HTTP Cookie Manager superseded by HTTP Cookie Manager
2022-08-31 17:09:49,662 WARN o.a.j.p.h.s.HTTPSamplerBase: Existing CookieManager HTTP Cookie Manager superseded by HTTP Cookie Manager
2022-08-31 17:09:49,772 INFO o.a.j.t.JMeterThread: Thread is done: Thread Group 1-11
2022-08-31 17:09:49,772 INFO o.a.j.t.JMeterThread: Thread finished: Thread Group 1-11
2022-08-31 17:09:50,302 INFO o.a.j.t.JMeterThread: Thread started: Thread Group 1-30
2022-08-31 17:09:50,902 WARN o.a.j.p.h.s.HTTPSamplerBase: Existing CookieManager HTTP Cookie Manager superseded by HTTP Cookie Manager
2022-08-31 17:09:50,903 WARN o.a.j.p.h.s.HTTPSamplerBase: Existing CookieManager HTTP Cookie Manager superseded by HTTP Cookie Manager
2022-08-31 17:09:51,192 INFO o.a.j.t.JMeterThread: Thread is done: Thread Group 1-2
2022-08-31 17:09:51,192 INFO o.a.j.t.JMeterThread: Thread finished: Thread Group 1-2
2022-08-31 17:09:51,415 INFO o.a.j.t.JMeterThread: Thread is done: Thread Group 1-17
2022-08-31 17:09:51,416 INFO o.a.j.t.JMeterThread: Thread finished: Thread Group 1-17
2022-08-31 17:09:51,813 INFO o.a.j.t.JMeterThread: Thread started: Thread Group 1-31
2022-08-31 17:09:53,182 WARN o.a.j.p.h.s.HTTPSamplerBase: Existing CookieManager HTTP Cookie Manager superseded by HTTP Cookie Manager
2022-08-31 17:09:53,184 WARN o.a.j.p.h.s.HTTPSamplerBase: Existing CookieManager HTTP Cookie Manager superseded by HTTP Cookie Manager
2022-08-31 17:09:53,322 INFO o.a.j.t.JMeterThread: Thread started: Thread Group 1-32
2022-08-31 17:09:53,689 WARN o.a.j.p.h.s.HTTPSamplerBase: Existing CookieManager HTTP Cookie Manager superseded by HTTP Cookie Manager
2022-08-31 17:09:53,690 WARN o.a.j.p.h.s.HTTPSamplerBase: Existing CookieManager HTTP Cookie Manager superseded by HTTP Cookie Manager
2022-08-31 17:09:54,626 INFO o.a.j.t.JMeterThread: Thread is done: Thread Group 1-18
2022-08-31 17:09:54,626 INFO o.a.j.t.JMeterThread: Thread finished: Thread Group 1-18
2022-08-31 17:09:54,826 INFO o.a.j.t.JMeterThread: Thread started: Thread Group 1-33
2022-08-31 17:09:55,164 WARN o.a.j.p.h.s.HTTPSamplerBase: Existing CookieManager HTTP Cookie Manager superseded by HTTP Cookie Manager
2022-08-31 17:09:55,165 WARN o.a.j.p.h.s.HTTPSamplerBase: Existing CookieManager HTTP Cookie Manager superseded by HTTP Cookie Manager
2022-08-31 17:09:56,327 INFO o.a.j.t.JMeterThread: Thread started: Thread Group 1-34
2022-08-31 17:09:56,697 WARN o.a.j.p.h.s.HTTPSamplerBase: Existing CookieManager HTTP Cookie Manager superseded by HTTP Cookie Manager
2022-08-31 17:09:56,698 WARN o.a.j.p.h.s.HTTPSamplerBase: Existing CookieManager HTTP Cookie Manager superseded by HTTP Cookie Manager
2022-08-31 17:09:57,534 INFO o.a.j.t.JMeterThread: Thread is done: Thread Group 1-16
2022-08-31 17:09:57,535 INFO o.a.j.t.JMeterThread: Thread finished: Thread Group 1-16
2022-08-31 17:09:57,568 INFO o.a.j.t.JMeterThread: Thread is done: Thread Group 1-20
2022-08-31 17:09:57,568 INFO o.a.j.t.JMeterThread: Thread finished: Thread Group 1-20
2022-08-31 17:09:57,830 INFO o.a.j.t.JMeterThread: Thread started: Thread Group 1-35
2022-08-31 17:09:58,007 INFO o.a.j.t.JMeterThread: Thread is done: Thread Group 1-21
2022-08-31 17:09:58,007 INFO o.a.j.t.JMeterThread: Thread finished: Thread Group 1-21
2022-08-31 17:09:58,186 WARN o.a.j.p.h.s.HTTPSamplerBase: Existing CookieManager HTTP Cookie Manager superseded by HTTP Cookie Manager
2022-08-31 17:09:58,187 WARN o.a.j.p.h.s.HTTPSamplerBase: Existing CookieManager HTTP Cookie Manager superseded by HTTP Cookie Manager
2022-08-31 17:09:59,332 INFO o.a.j.t.JMeterThread: Thread started: Thread Group 1-36
2022-08-31 17:10:00,240 INFO o.a.j.r.Summariser: summary +    360 in 00:00:30 =   11.9/s Avg:  1309 Min:    58 Max: 14304 Err:     0 (0.00%) Active: 16 Started: 36 Finished: 20
2022-08-31 17:10:00,240 INFO o.a.j.r.Summariser: summary =    484 in 00:00:54 =    9.0/s Avg:  1307 Min:    58 Max: 14304 Err:     0 (0.00%)
2022-08-31 17:10:00,833 INFO o.a.j.t.JMeterThread: Thread started: Thread Group 1-37
2022-08-31 17:10:00,984 INFO o.a.j.t.JMeterThread: Thread is done: Thread Group 1-26
2022-08-31 17:10:00,985 INFO o.a.j.t.JMeterThread: Thread finished: Thread Group 1-26
2022-08-31 17:10:01,128 INFO o.a.j.t.JMeterThread: Thread is done: Thread Group 1-19
2022-08-31 17:10:01,128 INFO o.a.j.t.JMeterThread: Thread finished: Thread Group 1-19
2022-08-31 17:10:01,395 WARN o.a.j.p.h.s.HTTPSamplerBase: Existing CookieManager HTTP Cookie Manager superseded by HTTP Cookie Manager
2022-08-31 17:10:01,396 WARN o.a.j.p.h.s.HTTPSamplerBase: Existing CookieManager HTTP Cookie Manager superseded by HTTP Cookie Manager
2022-08-31 17:10:01,695 INFO o.a.j.t.JMeterThread: Thread is done: Thread Group 1-22
2022-08-31 17:10:01,696 INFO o.a.j.t.JMeterThread: Thread finished: Thread Group 1-22
2022-08-31 17:10:02,344 INFO o.a.j.t.JMeterThread: Thread started: Thread Group 1-38
2022-08-31 17:10:03,376 WARN o.a.j.p.h.s.HTTPSamplerBase: Existing CookieManager HTTP Cookie Manager superseded by HTTP Cookie Manager
2022-08-31 17:10:03,377 WARN o.a.j.p.h.s.HTTPSamplerBase: Existing CookieManager HTTP Cookie Manager superseded by HTTP Cookie Manager
2022-08-31 17:10:03,843 INFO o.a.j.t.JMeterThread: Thread started: Thread Group 1-39
2022-08-31 17:10:04,187 WARN o.a.j.p.h.s.HTTPSamplerBase: Existing CookieManager HTTP Cookie Manager superseded by HTTP Cookie Manager
2022-08-31 17:10:04,188 WARN o.a.j.p.h.s.HTTPSamplerBase: Existing CookieManager HTTP Cookie Manager superseded by HTTP Cookie Manager
2022-08-31 17:10:04,644 INFO o.a.j.t.JMeterThread: Thread is done: Thread Group 1-25
2022-08-31 17:10:04,644 INFO o.a.j.t.JMeterThread: Thread finished: Thread Group 1-25
2022-08-31 17:10:05,351 INFO o.a.j.t.JMeterThread: Thread started: Thread Group 1-40
2022-08-31 17:10:05,746 WARN o.a.j.p.h.s.HTTPSamplerBase: Existing CookieManager HTTP Cookie Manager superseded by HTTP Cookie Manager
2022-08-31 17:10:05,746 WARN o.a.j.p.h.s.HTTPSamplerBase: Existing CookieManager HTTP Cookie Manager superseded by HTTP Cookie Manager
2022-08-31 17:10:10,139 INFO o.a.j.t.JMeterThread: Thread is done: Thread Group 1-27
2022-08-31 17:10:10,140 INFO o.a.j.t.JMeterThread: Thread finished: Thread Group 1-27
2022-08-31 17:10:10,566 INFO o.a.j.t.JMeterThread: Thread is done: Thread Group 1-29
2022-08-31 17:10:10,566 INFO o.a.j.t.JMeterThread: Thread finished: Thread Group 1-29
2022-08-31 17:10:10,717 WARN o.a.j.p.h.s.HTTPSamplerBase: Existing CookieManager HTTP Cookie Manager superseded by HTTP Cookie Manager
2022-08-31 17:10:10,719 WARN o.a.j.p.h.s.HTTPSamplerBase: Existing CookieManager HTTP Cookie Manager superseded by HTTP Cookie Manager
2022-08-31 17:10:12,395 INFO o.a.j.t.JMeterThread: Thread is done: Thread Group 1-24
2022-08-31 17:10:12,395 INFO o.a.j.t.JMeterThread: Thread finished: Thread Group 1-24
2022-08-31 17:10:12,541 INFO o.a.j.t.JMeterThread: Thread is done: Thread Group 1-32
2022-08-31 17:10:12,541 INFO o.a.j.t.JMeterThread: Thread finished: Thread Group 1-32
2022-08-31 17:10:13,184 INFO o.a.j.t.JMeterThread: Thread is done: Thread Group 1-30
2022-08-31 17:10:13,185 INFO o.a.j.t.JMeterThread: Thread finished: Thread Group 1-30
2022-08-31 17:10:13,311 INFO o.a.j.t.JMeterThread: Thread is done: Thread Group 1-31
2022-08-31 17:10:13,311 INFO o.a.j.t.JMeterThread: Thread finished: Thread Group 1-31
2022-08-31 17:10:13,994 INFO o.a.j.t.JMeterThread: Thread is done: Thread Group 1-33
2022-08-31 17:10:13,995 INFO o.a.j.t.JMeterThread: Thread finished: Thread Group 1-33
2022-08-31 17:10:14,389 INFO o.a.j.t.JMeterThread: Thread is done: Thread Group 1-38
2022-08-31 17:10:14,389 INFO o.a.j.t.JMeterThread: Thread finished: Thread Group 1-38
2022-08-31 17:10:15,527 INFO o.a.j.t.JMeterThread: Thread is done: Thread Group 1-37
2022-08-31 17:10:15,527 INFO o.a.j.t.JMeterThread: Thread finished: Thread Group 1-37
2022-08-31 17:10:16,549 INFO o.a.j.t.JMeterThread: Thread is done: Thread Group 1-28
2022-08-31 17:10:16,549 INFO o.a.j.t.JMeterThread: Thread finished: Thread Group 1-28
2022-08-31 17:10:18,822 INFO o.a.j.t.JMeterThread: Thread is done: Thread Group 1-35
2022-08-31 17:10:18,822 INFO o.a.j.t.JMeterThread: Thread finished: Thread Group 1-35
2022-08-31 17:10:20,155 INFO o.a.j.t.JMeterThread: Thread is done: Thread Group 1-39
2022-08-31 17:10:20,155 INFO o.a.j.t.JMeterThread: Thread finished: Thread Group 1-39
2022-08-31 17:10:21,821 INFO o.a.j.t.JMeterThread: Thread is done: Thread Group 1-36
2022-08-31 17:10:21,822 INFO o.a.j.t.JMeterThread: Thread finished: Thread Group 1-36
2022-08-31 17:10:21,877 INFO o.a.j.t.JMeterThread: Thread is done: Thread Group 1-34
2022-08-31 17:10:21,877 INFO o.a.j.t.JMeterThread: Thread finished: Thread Group 1-34
2022-08-31 17:10:23,105 INFO o.a.j.t.JMeterThread: Thread is done: Thread Group 1-23
2022-08-31 17:10:23,105 INFO o.a.j.t.JMeterThread: Thread finished: Thread Group 1-23
2022-08-31 17:10:26,568 INFO o.a.j.t.JMeterThread: Thread is done: Thread Group 1-40
2022-08-31 17:10:26,568 INFO o.a.j.t.JMeterThread: Thread finished: Thread Group 1-40
2022-08-31 17:10:26,570 INFO o.a.j.e.StandardJMeterEngine: Notifying test listeners of end of test
2022-08-31 17:10:26,572 INFO o.a.j.r.Summariser: summary +    276 in 00:00:26 =   10.5/s Avg:  1135 Min:    55 Max: 14704 Err:     0 (0.00%) Active: 0 Started: 40 Finished: 40
2022-08-31 17:10:26,573 INFO o.a.j.r.Summariser: summary =    760 in 00:01:20 =    9.5/s Avg:  1245 Min:    55 Max: 14704 Err:     0 (0.00%)
