"2022-08-12 09:23:38.909 +0000" : {
  "main_scheduler" : {
    "bqs" : {
      "00104" : {
        "mmconts" : [0, 330, 335],
        "acts" : [346, 345],
        "tstate" : { "idle" : 992790, "run" : 9274, "locked" : 4, "mmap" : 0 }
      },
      "00106" : {
        "mmconts" : [0, 330, 335],
        "acts" : [14, 13],
        "tstate" : { "idle" : 978981, "run" : 17816, "locked" : 0, "mmap" : 5208 }
      },
      "00107" : {
        "mmconts" : [0, 330, 335],
        "acts" : [340, 339],
        "tstate" : { "idle" : 998319, "run" : 2776, "locked" : 0, "mmap" : 855 }
      }
    }
  },
  "benchmark_io" : {
    "simple_times" : {
      "mcount" : {
        "mcount" : { "25 -- 41" : 1, "6 -- 10" : 1, "4 -- 6" : 4 }
      }
    },
    "stream_method" : {
      "conns" : [6, 5],
      "in" : [49260, 49147],
      "out" : [354, 353],
      "mmtasks" : [0, 0, 1],
      "load" : 0.029,
      "mcount" : {
        "mcount" : { "Success" : 6 }
      },
      "http_proto0" : {
        "mcount" : {
          "mcount" : { "OK" : 6 }
        }
      },
      "source_log" : {
        "delta" : [0, 0, 1029]
      },
      "loggers" : {
        "brief_logger" : {
          "records" : [6, 5],
          "out" : [340, 339]
        }
      }
    }
  }
},
"2022-08-12 09:23:39.909 +0000" : {
  "main_scheduler" : {
    "bqs" : {
      "00104" : {
        "mmconts" : [335, 335, 335],
        "acts" : [6, 5],
        "tstate" : { "idle" : 998572, "run" : 1430, "locked" : 0, "mmap" : 0 }
      },
      "00106" : {
        "mmconts" : [335, 335, 335],
        "acts" : [11, 10],
        "tstate" : { "idle" : 997848, "run" : 2155, "locked" : 0, "mmap" : 0 }
      },
      "00107" : {
        "mmconts" : [335, 335, 335],
        "acts" : [11, 10],
        "tstate" : { "idle" : 997448, "run" : 2554, "locked" : 0, "mmap" : 0 }
      }
    }
  },
  "benchmark_io" : {
    "simple_times" : {
      "mcount" : {
        "mcount" : { "10 -- 16" : 1, "6 -- 10" : 4 }
      }
    },
    "stream_method" : {
      "conns" : [5, 5],
      "in" : [41050, 41050],
      "out" : [295, 295],
      "mmtasks" : [0, 0, 1],
      "load" : 0.055,
      "mcount" : {
        "mcount" : { "Success" : 5 }
      },
      "http_proto0" : {
        "mcount" : {
          "mcount" : { "OK" : 5 }
        }
      },
      "source_log" : {
        "delta" : [0, 0, 0]
      },
      "loggers" : {
        "brief_logger" : {
          "records" : [5, 5],
          "out" : [285, 285]
        }
      }
    }
  }
},
"2022-08-12 09:23:40.909 +0000" : {
  "main_scheduler" : {
    "bqs" : {
      "00104" : {
        "mmconts" : [335, 335, 335],
        "acts" : [19, 19],
        "tstate" : { "idle" : 996755, "run" : 2842, "locked" : 0, "mmap" : 0 }
      },
      "00106" : {
        "mmconts" : [335, 335, 335],
        "acts" : [6, 6],
        "tstate" : { "idle" : 998126, "run" : 1474, "locked" : 0, "mmap" : 0 }
      },
      "00107" : {
        "mmconts" : [335, 335, 335],
        "acts" : [13, 13],
        "tstate" : { "idle" : 996883, "run" : 2719, "locked" : 0, "mmap" : 0 }
      }
    }
  },
  "benchmark_io" : {
    "simple_times" : {
      "mcount" : {
        "mcount" : { "6 -- 10" : 6 }
      }
    },
    "stream_method" : {
      "conns" : [6, 6],
      "in" : [49260, 49279],
      "out" : [354, 354],
      "mmtasks" : [0, 0, 1],
      "load" : 0.050,
      "mcount" : {
        "mcount" : { "Success" : 6 }
      },
      "http_proto0" : {
        "mcount" : {
          "mcount" : { "OK" : 6 }
        }
      },
      "source_log" : {
        "delta" : [0, 0, 0]
      },
      "loggers" : {
        "brief_logger" : {
          "records" : [6, 6],
          "out" : [338, 338]
        }
      }
    }
  }
},
"2022-08-12 09:23:41.909 +0000" : {
  "main_scheduler" : {
    "bqs" : {
      "00104" : {
        "mmconts" : [335, 335, 335],
        "acts" : [11, 10],
        "tstate" : { "idle" : 997524, "run" : 2482, "locked" : 0, "mmap" : 0 }
      },
      "00106" : {
        "mmconts" : [335, 335, 335],
        "acts" : [13, 12],
        "tstate" : { "idle" : 997380, "run" : 2622, "locked" : 0, "mmap" : 0 }
      },
      "00107" : {
        "mmconts" : [335, 335, 335],
        "acts" : [13, 13],
        "tstate" : { "idle" : 997264, "run" : 2736, "locked" : 0, "mmap" : 0 }
      }
    }
  },
  "benchmark_io" : {
    "simple_times" : {
      "mcount" : {
        "mcount" : { "10 -- 16" : 1, "6 -- 10" : 6 }
      }
    },
    "stream_method" : {
      "conns" : [7, 7],
      "in" : [57470, 57470],
      "out" : [413, 413],
      "mmtasks" : [0, 0, 1],
      "load" : 0.052,
      "mcount" : {
        "mcount" : { "Success" : 7 }
      },
      "http_proto0" : {
        "mcount" : {
          "mcount" : { "OK" : 7 }
        }
      },
      "source_log" : {
        "delta" : [0, 0, 0]
      },
      "loggers" : {
        "brief_logger" : {
          "records" : [7, 7],
          "out" : [399, 398]
        }
      }
    }
  }
},
"2022-08-12 09:23:42.909 +0000" : {
  "main_scheduler" : {
    "bqs" : {
      "00104" : {
        "mmconts" : [335, 335, 335],
        "acts" : [12, 11],
        "tstate" : { "idle" : 998644, "run" : 2068, "locked" : 0, "mmap" : 0 }
      },
      "00106" : {
        "mmconts" : [335, 335, 335],
        "acts" : [11, 10],
        "tstate" : { "idle" : 998757, "run" : 1957, "locked" : 0, "mmap" : 0 }
      },
      "00107" : {
        "mmconts" : [335, 335, 335],
        "acts" : [17, 16],
        "tstate" : { "idle" : 997564, "run" : 3152, "locked" : 0, "mmap" : 0 }
      }
    }
  },
  "benchmark_io" : {
    "simple_times" : {
      "mcount" : {
        "mcount" : { "6 -- 10" : 7 }
      }
    },
    "stream_method" : {
      "conns" : [7, 6],
      "in" : [57470, 57428],
      "out" : [413, 412],
      "mmtasks" : [0, 0, 1],
      "load" : 0.049,
      "mcount" : {
        "mcount" : { "Success" : 7 }
      },
      "http_proto0" : {
        "mcount" : {
          "mcount" : { "OK" : 7 }
        }
      },
      "source_log" : {
        "delta" : [0, 0, 0]
      },
      "loggers" : {
        "brief_logger" : {
          "records" : [7, 6],
          "out" : [396, 395]
        }
      }
    }
  }
},
"2022-08-12 09:23:43.909 +0000" : {
  "main_scheduler" : {
    "bqs" : {
      "00104" : {
        "mmconts" : [335, 335, 335],
        "acts" : [17, 17],
        "tstate" : { "idle" : 997484, "run" : 2479, "locked" : 0, "mmap" : 0 }
      },
      "00106" : {
        "mmconts" : [335, 335, 335],
        "acts" : [12, 12],
        "tstate" : { "idle" : 997933, "run" : 2029, "locked" : 0, "mmap" : 0 }
      },
      "00107" : {
        "mmconts" : [335, 335, 335],
        "acts" : [11, 11],
        "tstate" : { "idle" : 997602, "run" : 2359, "locked" : 0, "mmap" : 0 }
      }
    }
  },
  "benchmark_io" : {
    "simple_times" : {
      "mcount" : {
        "mcount" : { "6 -- 10" : 7 }
      }
    },
    "stream_method" : {
      "conns" : [7, 7],
      "in" : [57470, 57472],
      "out" : [413, 413],
      "mmtasks" : [0, 0, 1],
      "load" : 0.045,
      "mcount" : {
        "mcount" : { "Success" : 7 }
      },
      "http_proto0" : {
        "mcount" : {
          "mcount" : { "OK" : 7 }
        }
      },
      "source_log" : {
        "delta" : [0, 0, 0]
      },
      "loggers" : {
        "brief_logger" : {
          "records" : [7, 7],
          "out" : [392, 392]
        }
      }
    }
  }
},
"2022-08-12 09:23:44.909 +0000" : {
  "main_scheduler" : {
    "bqs" : {
      "00104" : {
        "mmconts" : [335, 335, 335],
        "acts" : [11, 11],
        "tstate" : { "idle" : 997784, "run" : 1951, "locked" : 0, "mmap" : 0 }
      },
      "00106" : {
        "mmconts" : [335, 335, 335],
        "acts" : [16, 16],
        "tstate" : { "idle" : 997140, "run" : 2593, "locked" : 0, "mmap" : 0 }
      },
      "00107" : {
        "mmconts" : [335, 335, 335],
        "acts" : [19, 19],
        "tstate" : { "idle" : 996446, "run" : 3286, "locked" : 0, "mmap" : 0 }
      }
    }
  },
  "benchmark_io" : {
    "simple_times" : {
      "mcount" : {
        "mcount" : { "10 -- 16" : 2, "6 -- 10" : 5, "4 -- 6" : 1 }
      }
    },
    "stream_method" : {
      "conns" : [8, 8],
      "in" : [65680, 65697],
      "out" : [472, 472],
      "mmtasks" : [0, 0, 1],
      "load" : 0.053,
      "mcount" : {
        "mcount" : { "Success" : 8 }
      },
      "http_proto0" : {
        "mcount" : {
          "mcount" : { "OK" : 8 }
        }
      },
      "source_log" : {
        "delta" : [0, 0, 0]
      },
      "loggers" : {
        "brief_logger" : {
          "records" : [8, 8],
          "out" : [453, 453]
        }
      }
    }
  }
},
"2022-08-12 09:23:45.909 +0000" : {
  "main_scheduler" : {
    "bqs" : {
      "00104" : {
        "mmconts" : [334, 334, 335],
        "acts" : [17, 16],
        "tstate" : { "idle" : 997361, "run" : 2798, "locked" : 0, "mmap" : 0 }
      },
      "00106" : {
        "mmconts" : [333, 334, 335],
        "acts" : [16, 15],
        "tstate" : { "idle" : 947752, "run" : 52389, "locked" : 0, "mmap" : 19 }
      },
      "00107" : {
        "mmconts" : [334, 334, 335],
        "acts" : [12, 11],
        "tstate" : { "idle" : 997852, "run" : 2308, "locked" : 0, "mmap" : 0 }
      }
    }
  },
  "benchmark_io" : {
    "simple_times" : {
      "mcount" : {
        "mcount" : { "25 -- 41" : 1, "6 -- 10" : 6, "4 -- 6" : 1 }
      }
    },
    "stream_method" : {
      "conns" : [8, 7],
      "in" : [65680, 65669],
      "out" : [472, 471],
      "mmtasks" : [0, 0, 1],
      "load" : 0.224,
      "mcount" : {
        "mcount" : { "Success" : 8 }
      },
      "http_proto0" : {
        "mcount" : {
          "mcount" : { "OK" : 8 }
        }
      },
      "source_log" : {
        "delta" : [0, 0, 0]
      },
      "loggers" : {
        "brief_logger" : {
          "records" : [8, 7],
          "out" : [452, 451]
        }
      }
    }
  }
},
"2022-08-12 09:23:46.908 +0000" : {
  "main_scheduler" : {
    "bqs" : {
      "00104" : {
        "mmconts" : [331, 332, 334],
        "acts" : [16, 16],
        "tstate" : { "idle" : 996655, "run" : 2466, "locked" : 0, "mmap" : 0 }
      },
      "00106" : {
        "mmconts" : [331, 332, 333],
        "acts" : [10, 10],
        "tstate" : { "idle" : 996935, "run" : 2186, "locked" : 0, "mmap" : 0 }
      },
      "00107" : {
        "mmconts" : [331, 332, 334],
        "acts" : [19, 19],
        "tstate" : { "idle" : 996163, "run" : 2959, "locked" : 0, "mmap" : 0 }
      }
    }
  },
  "benchmark_io" : {
    "simple_times" : {
      "mcount" : {
        "mcount" : { "6 -- 10" : 8 }
      }
    },
    "stream_method" : {
      "conns" : [8, 8],
      "in" : [65680, 65737],
      "out" : [472, 472],
      "mmtasks" : [0, 0, 1],
      "load" : 0.048,
      "mcount" : {
        "mcount" : { "Success" : 8 }
      },
      "http_proto0" : {
        "mcount" : {
          "mcount" : { "OK" : 8 }
        }
      },
      "source_log" : {
        "delta" : [0, 0, 0]
      },
      "loggers" : {
        "brief_logger" : {
          "records" : [8, 8],
          "out" : [449, 449]
        }
      }
    }
  }
},
"2022-08-12 09:23:47.909 +0000" : {
  "main_scheduler" : {
    "bqs" : {
      "00104" : {
        "mmconts" : [328, 329, 331],
        "acts" : [17, 16],
        "tstate" : { "idle" : 997493, "run" : 2593, "locked" : 0, "mmap" : 0 }
      },
      "00106" : {
        "mmconts" : [328, 329, 331],
        "acts" : [16, 15],
        "tstate" : { "idle" : 997042, "run" : 3044, "locked" : 0, "mmap" : 0 }
      },
      "00107" : {
        "mmconts" : [328, 329, 331],
        "acts" : [17, 16],
        "tstate" : { "idle" : 997285, "run" : 2800, "locked" : 0, "mmap" : 0 }
      }
    }
  },
  "benchmark_io" : {
    "simple_times" : {
      "mcount" : {
        "mcount" : { "10 -- 16" : 1, "6 -- 10" : 8 }
      }
    },
    "stream_method" : {
      "conns" : [9, 8],
      "in" : [73890, 73883],
      "out" : [531, 530],
      "mmtasks" : [0, 0, 1],
      "load" : 0.046,
      "mcount" : {
        "mcount" : { "Success" : 9 }
      },
      "http_proto0" : {
        "mcount" : {
          "mcount" : { "OK" : 9 }
        }
      },
      "source_log" : {
        "delta" : [0, 0, 0]
      },
      "loggers" : {
        "brief_logger" : {
          "records" : [9, 8],
          "out" : [504, 503]
        }
      }
    }
  }
},
"2022-08-12 09:23:48.908 +0000" : {
  "main_scheduler" : {
    "bqs" : {
      "00104" : {
        "mmconts" : [325, 326, 328],
        "acts" : [17, 17],
        "tstate" : { "idle" : 997502, "run" : 2445, "locked" : 0, "mmap" : 0 }
      },
      "00106" : {
        "mmconts" : [324, 326, 328],
        "acts" : [24, 24],
        "tstate" : { "idle" : 996894, "run" : 3047, "locked" : 0, "mmap" : 0 }
      },
      "00107" : {
        "mmconts" : [325, 326, 328],
        "acts" : [17, 17],
        "tstate" : { "idle" : 997061, "run" : 2878, "locked" : 0, "mmap" : 0 }
      }
    }
  },
  "benchmark_io" : {
    "simple_times" : {
      "mcount" : {
        "mcount" : { "10 -- 16" : 4, "6 -- 10" : 5, "4 -- 6" : 1 }
      }
    },
    "stream_method" : {
      "conns" : [10, 10],
      "in" : [82100, 82105],
      "out" : [590, 590],
      "mmtasks" : [0, 0, 1],
      "load" : 0.041,
      "mcount" : {
        "mcount" : { "Success" : 10 }
      },
      "http_proto0" : {
        "mcount" : {
          "mcount" : { "OK" : 10 }
        }
      },
      "source_log" : {
        "delta" : [0, 0, 0]
      },
      "loggers" : {
        "brief_logger" : {
          "records" : [10, 10],
          "out" : [573, 573]
        }
      }
    }
  }
},
"2022-08-12 09:23:49.909 +0000" : {
  "main_scheduler" : {
    "bqs" : {
      "00104" : {
        "mmconts" : [322, 323, 325],
        "acts" : [18, 17],
        "tstate" : { "idle" : 998644, "run" : 2077, "locked" : 0, "mmap" : 0 }
      },
      "00106" : {
        "mmconts" : [321, 322, 324],
        "acts" : [17, 16],
        "tstate" : { "idle" : 998750, "run" : 1971, "locked" : 0, "mmap" : 0 }
      },
      "00107" : {
        "mmconts" : [322, 323, 325],
        "acts" : [21, 20],
        "tstate" : { "idle" : 998111, "run" : 2611, "locked" : 0, "mmap" : 0 }
      }
    }
  },
  "benchmark_io" : {
    "simple_times" : {
      "mcount" : {
        "mcount" : { "10 -- 16" : 3, "6 -- 10" : 4, "4 -- 6" : 2 }
      }
    },
    "stream_method" : {
      "conns" : [10, 9],
      "in" : [73890, 73836],
      "out" : [590, 589],
      "mmtasks" : [0, 0, 1],
      "load" : 0.042,
      "mcount" : {
        "mcount" : { "Success" : 9 }
      },
      "http_proto0" : {
        "mcount" : {
          "mcount" : { "OK" : 9 }
        }
      },
      "source_log" : {
        "delta" : [0, 0, 0]
      },
      "loggers" : {
        "brief_logger" : {
          "records" : [9, 8],
          "out" : [512, 511]
        }
      }
    }
  }
},
"2022-08-12 09:23:50.909 +0000" : {
  "main_scheduler" : {
    "bqs" : {
      "00104" : {
        "mmconts" : [318, 320, 322],
        "acts" : [26, 26],
        "tstate" : { "idle" : 996185, "run" : 3604, "locked" : 0, "mmap" : 0 }
      },
      "00106" : {
        "mmconts" : [318, 319, 321],
        "acts" : [16, 16],
        "tstate" : { "idle" : 996450, "run" : 3338, "locked" : 0, "mmap" : 0 }
      },
      "00107" : {
        "mmconts" : [318, 319, 322],
        "acts" : [22, 22],
        "tstate" : { "idle" : 996495, "run" : 3292, "locked" : 0, "mmap" : 0 }
      }
    }
  },
  "benchmark_io" : {
    "simple_times" : {
      "mcount" : {
        "mcount" : { "10 -- 16" : 2, "6 -- 10" : 9 }
      }
    },
    "stream_method" : {
      "conns" : [10, 10],
      "in" : [90310, 90329],
      "out" : [590, 590],
      "mmtasks" : [0, 0, 1],
      "load" : 0.055,
      "mcount" : {
        "mcount" : { "Success" : 11 }
      },
      "http_proto0" : {
        "mcount" : {
          "mcount" : { "OK" : 11 }
        }
      },
      "source_log" : {
        "delta" : [0, 0, 0]
      },
      "loggers" : {
        "brief_logger" : {
          "records" : [11, 11],
          "out" : [624, 624]
        }
      }
    }
  }
},
"2022-08-12 09:23:51.909 +0000" : {
  "main_scheduler" : {
    "bqs" : {
      "00104" : {
        "mmconts" : [315, 316, 318],
        "acts" : [20, 19],
        "tstate" : { "idle" : 997486, "run" : 2607, "locked" : 0, "mmap" : 0 }
      },
      "00106" : {
        "mmconts" : [314, 316, 318],
        "acts" : [23, 22],
        "tstate" : { "idle" : 996730, "run" : 3363, "locked" : 0, "mmap" : 0 }
      },
      "00107" : {
        "mmconts" : [315, 316, 318],
        "acts" : [21, 20],
        "tstate" : { "idle" : 997743, "run" : 2350, "locked" : 0, "mmap" : 0 }
      }
    }
  },
  "benchmark_io" : {
    "simple_times" : {
      "mcount" : {
        "mcount" : { "41 -- 65" : 1, "6 -- 10" : 8, "4 -- 6" : 1 }
      }
    },
    "stream_method" : {
      "conns" : [10, 9],
      "in" : [82100, 82092],
      "out" : [590, 589],
      "mmtasks" : [0, 0, 1],
      "load" : 0.027,
      "mcount" : {
        "mcount" : { "Success" : 10 }
      },
      "http_proto0" : {
        "mcount" : {
          "mcount" : { "OK" : 10 }
        }
      },
      "source_log" : {
        "delta" : [0, 0, 0]
      },
      "loggers" : {
        "brief_logger" : {
          "records" : [10, 9],
          "out" : [565, 564]
        }
      }
    }
  }
},
"2022-08-12 09:23:52.909 +0000" : {
  "main_scheduler" : {
    "bqs" : {
      "00104" : {
        "mmconts" : [311, 313, 315],
        "acts" : [21, 20],
        "tstate" : { "idle" : 997022, "run" : 3047, "locked" : 0, "mmap" : 0 }
      },
      "00106" : {
        "mmconts" : [311, 312, 314],
        "acts" : [19, 18],
        "tstate" : { "idle" : 997504, "run" : 2567, "locked" : 0, "mmap" : 0 }
      },
      "00107" : {
        "mmconts" : [311, 312, 315],
        "acts" : [23, 22],
        "tstate" : { "idle" : 996987, "run" : 3085, "locked" : 0, "mmap" : 0 }
      }
    }
  },
  "benchmark_io" : {
    "simple_times" : {
      "mcount" : {
        "mcount" : { "10 -- 16" : 1, "6 -- 10" : 8, "4 -- 6" : 2 }
      }
    },
    "stream_method" : {
      "conns" : [11, 10],
      "in" : [90310, 90303],
      "out" : [649, 648],
      "mmtasks" : [0, 0, 1],
      "load" : 0.048,
      "mcount" : {
        "mcount" : { "Success" : 11 }
      },
      "http_proto0" : {
        "mcount" : {
          "mcount" : { "OK" : 11 }
        }
      },
      "source_log" : {
        "delta" : [0, 0, 0]
      },
      "loggers" : {
        "brief_logger" : {
          "records" : [11, 10],
          "out" : [620, 619]
        }
      }
    }
  }
},
"2022-08-12 09:23:53.909 +0000" : {
  "main_scheduler" : {
    "bqs" : {
      "00104" : {
        "mmconts" : [307, 309, 311],
        "acts" : [22, 21],
        "tstate" : { "idle" : 996854, "run" : 3318, "locked" : 0, "mmap" : 0 }
      },
      "00106" : {
        "mmconts" : [307, 308, 311],
        "acts" : [23, 22],
        "tstate" : { "idle" : 996542, "run" : 3631, "locked" : 0, "mmap" : 0 }
      },
      "00107" : {
        "mmconts" : [307, 309, 311],
        "acts" : [22, 21],
        "tstate" : { "idle" : 997037, "run" : 3136, "locked" : 0, "mmap" : 0 }
      }
    }
  },
  "benchmark_io" : {
    "simple_times" : {
      "mcount" : {
        "mcount" : { "6 -- 10" : 12 }
      }
    },
    "stream_method" : {
      "conns" : [12, 11],
      "in" : [98520, 98502],
      "out" : [708, 707],
      "mmtasks" : [0, 0, 1],
      "load" : 0.050,
      "mcount" : {
        "mcount" : { "Success" : 12 }
      },
      "http_proto0" : {
        "mcount" : {
          "mcount" : { "OK" : 12 }
        }
      },
      "source_log" : {
        "delta" : [0, 0, 0]
      },
      "loggers" : {
        "brief_logger" : {
          "records" : [12, 11],
          "out" : [672, 671]
        }
      }
    }
  }
},
"2022-08-12 09:23:54.909 +0000" : {
  "main_scheduler" : {
    "bqs" : {
      "00104" : {
        "mmconts" : [303, 305, 307],
        "acts" : [24, 24],
        "tstate" : { "idle" : 996463, "run" : 3094, "locked" : 0, "mmap" : 0 }
      },
      "00106" : {
        "mmconts" : [303, 304, 307],
        "acts" : [20, 20],
        "tstate" : { "idle" : 995970, "run" : 3585, "locked" : 0, "mmap" : 0 }
      },
      "00107" : {
        "mmconts" : [303, 305, 307],
        "acts" : [24, 24],
        "tstate" : { "idle" : 995762, "run" : 3801, "locked" : 0, "mmap" : 0 }
      }
    }
  },
  "benchmark_io" : {
    "simple_times" : {
      "mcount" : {
        "mcount" : { "10 -- 16" : 2, "6 -- 10" : 10 }
      }
    },
    "stream_method" : {
      "conns" : [12, 12],
      "in" : [98520, 98563],
      "out" : [708, 708],
      "mmtasks" : [0, 0, 1],
      "load" : 0.049,
      "mcount" : {
        "mcount" : { "Success" : 12 }
      },
      "http_proto0" : {
        "mcount" : {
          "mcount" : { "OK" : 12 }
        }
      },
      "source_log" : {
        "delta" : [0, 0, 0]
      },
      "loggers" : {
        "brief_logger" : {
          "records" : [12, 12],
          "out" : [676, 676]
        }
      }
    }
  }
},
"2022-08-12 09:23:55.909 +0000" : {
  "main_scheduler" : {
    "bqs" : {
      "00104" : {
        "mmconts" : [299, 301, 303],
        "acts" : [22, 21],
        "tstate" : { "idle" : 997261, "run" : 2826, "locked" : 0, "mmap" : 0 }
      },
      "00106" : {
        "mmconts" : [299, 300, 303],
        "acts" : [22, 21],
        "tstate" : { "idle" : 996732, "run" : 3354, "locked" : 0, "mmap" : 0 }
      },
      "00107" : {
        "mmconts" : [299, 301, 303],
        "acts" : [22, 21],
        "tstate" : { "idle" : 997053, "run" : 3023, "locked" : 0, "mmap" : 0 }
      }
    }
  },
  "benchmark_io" : {
    "simple_times" : {
      "mcount" : {
        "mcount" : { "10 -- 16" : 1, "6 -- 10" : 10, "4 -- 6" : 1 }
      }
    },
    "stream_method" : {
      "conns" : [12, 11],
      "in" : [98520, 98512],
      "out" : [708, 707],
      "mmtasks" : [0, 0, 1],
      "load" : 0.047,
      "mcount" : {
        "mcount" : { "Success" : 12 }
      },
      "http_proto0" : {
        "mcount" : {
          "mcount" : { "OK" : 12 }
        }
      },
      "source_log" : {
        "delta" : [0, 0, 0]
      },
      "loggers" : {
        "brief_logger" : {
          "records" : [12, 11],
          "out" : [676, 675]
        }
      }
    }
  }
},
"2022-08-12 09:23:56.909 +0000" : {
  "main_scheduler" : {
    "bqs" : {
      "00104" : {
        "mmconts" : [295, 297, 299],
        "acts" : [26, 26],
        "tstate" : { "idle" : 996650, "run" : 3311, "locked" : 0, "mmap" : 0 }
      },
      "00106" : {
        "mmconts" : [294, 296, 299],
        "acts" : [30, 30],
        "tstate" : { "idle" : 996000, "run" : 3965, "locked" : 0, "mmap" : 0 }
      },
      "00107" : {
        "mmconts" : [295, 296, 299],
        "acts" : [24, 24],
        "tstate" : { "idle" : 996376, "run" : 3590, "locked" : 0, "mmap" : 0 }
      }
    }
  },
  "benchmark_io" : {
    "simple_times" : {
      "mcount" : {
        "mcount" : { "10 -- 16" : 2, "6 -- 10" : 9, "4 -- 6" : 2 }
      }
    },
    "stream_method" : {
      "conns" : [13, 13],
      "in" : [106730, 106732],
      "out" : [767, 767],
      "mmtasks" : [0, 0, 1],
      "load" : 0.049,
      "mcount" : {
        "mcount" : { "Success" : 13 }
      },
      "http_proto0" : {
        "mcount" : {
          "mcount" : { "OK" : 13 }
        }
      },
      "source_log" : {
        "delta" : [0, 0, 0]
      },
      "loggers" : {
        "brief_logger" : {
          "records" : [13, 13],
          "out" : [738, 738]
        }
      }
    }
  }
},
"2022-08-12 09:23:57.909 +0000" : {
  "main_scheduler" : {
    "bqs" : {
      "00104" : {
        "mmconts" : [291, 292, 295],
        "acts" : [26, 25],
        "tstate" : { "idle" : 996654, "run" : 3437, "locked" : 0, "mmap" : 0 }
      },
      "00106" : {
        "mmconts" : [290, 292, 294],
        "acts" : [19, 18],
        "tstate" : { "idle" : 997041, "run" : 3058, "locked" : 0, "mmap" : 0 }
      },
      "00107" : {
        "mmconts" : [290, 292, 295],
        "acts" : [30, 29],
        "tstate" : { "idle" : 996303, "run" : 3796, "locked" : 0, "mmap" : 0 }
      }
    }
  },
  "benchmark_io" : {
    "simple_times" : {
      "mcount" : {
        "mcount" : { "10 -- 16" : 4, "6 -- 10" : 8, "4 -- 6" : 1 }
      }
    },
    "stream_method" : {
      "conns" : [13, 12],
      "in" : [106730, 106720],
      "out" : [767, 766],
      "mmtasks" : [0, 0, 1],
      "load" : 0.044,
      "mcount" : {
        "mcount" : { "Success" : 13 }
      },
      "http_proto0" : {
        "mcount" : {
          "mcount" : { "OK" : 13 }
        }
      },
      "source_log" : {
        "delta" : [0, 0, 0]
      },
      "loggers" : {
        "brief_logger" : {
          "records" : [13, 12],
          "out" : [740, 739]
        }
      }
    }
  }
},
"2022-08-12 09:23:58.908 +0000" : {
  "main_scheduler" : {
    "bqs" : {
      "00104" : {
        "mmconts" : [286, 288, 291],
        "acts" : [28, 28],
        "tstate" : { "idle" : 995718, "run" : 3727, "locked" : 0, "mmap" : 0 }
      },
      "00106" : {
        "mmconts" : [286, 287, 290],
        "acts" : [23, 23],
        "tstate" : { "idle" : 995926, "run" : 3511, "locked" : 0, "mmap" : 0 }
      },
      "00107" : {
        "mmconts" : [286, 288, 290],
        "acts" : [22, 22],
        "tstate" : { "idle" : 995657, "run" : 3788, "locked" : 0, "mmap" : 0 }
      }
    }
  },
  "benchmark_io" : {
    "simple_times" : {
      "mcount" : {
        "mcount" : { "10 -- 16" : 1, "6 -- 10" : 11, "4 -- 6" : 1 }
      }
    },
    "stream_method" : {
      "conns" : [13, 13],
      "in" : [106730, 106789],
      "out" : [767, 767],
      "mmtasks" : [0, 0, 1],
      "load" : 0.053,
      "mcount" : {
        "mcount" : { "Success" : 13 }
      },
      "http_proto0" : {
        "mcount" : {
          "mcount" : { "OK" : 13 }
        }
      },
      "source_log" : {
        "delta" : [0, 0, 0]
      },
      "loggers" : {
        "brief_logger" : {
          "records" : [13, 13],
          "out" : [735, 735]
        }
      }
    }
  }
},
"2022-08-12 09:23:59.909 +0000" : {
  "main_scheduler" : {
    "bqs" : {
      "00104" : {
        "mmconts" : [282, 283, 286],
        "acts" : [25, 24],
        "tstate" : { "idle" : 997475, "run" : 2623, "locked" : 0, "mmap" : 0 }
      },
      "00106" : {
        "mmconts" : [281, 283, 286],
        "acts" : [28, 27],
        "tstate" : { "idle" : 997115, "run" : 2979, "locked" : 0, "mmap" : 0 }
      },
      "00107" : {
        "mmconts" : [281, 283, 286],
        "acts" : [30, 29],
        "tstate" : { "idle" : 996798, "run" : 3287, "locked" : 0, "mmap" : 0 }
      }
    }
  },
  "benchmark_io" : {
    "simple_times" : {
      "mcount" : {
        "mcount" : { "6 -- 10" : 9, "4 -- 6" : 5 }
      }
    },
    "stream_method" : {
      "conns" : [14, 13],
      "in" : [114940, 114930],
      "out" : [826, 825],
      "mmtasks" : [0, 0, 1],
      "load" : 0.045,
      "mcount" : {
        "mcount" : { "Success" : 14 }
      },
      "http_proto0" : {
        "mcount" : {
          "mcount" : { "OK" : 14 }
        }
      },
      "source_log" : {
        "delta" : [0, 0, 0]
      },
      "loggers" : {
        "brief_logger" : {
          "records" : [14, 13],
          "out" : [786, 785]
        }
      }
    }
  }
},
"2022-08-12 09:24:00.908 +0000" : {
  "main_scheduler" : {
    "bqs" : {
      "00104" : {
        "mmconts" : [277, 279, 282],
        "acts" : [26, 26],
        "tstate" : { "idle" : 995982, "run" : 3858, "locked" : 0, "mmap" : 0 }
      },
      "00106" : {
        "mmconts" : [276, 278, 281],
        "acts" : [28, 28],
        "tstate" : { "idle" : 996027, "run" : 3822, "locked" : 0, "mmap" : 0 }
      },
      "00107" : {
        "mmconts" : [276, 278, 281],
        "acts" : [30, 30],
        "tstate" : { "idle" : 995592, "run" : 4262, "locked" : 0, "mmap" : 0 }
      }
    }
  },
  "benchmark_io" : {
    "simple_times" : {
      "mcount" : {
        "mcount" : { "10 -- 16" : 1, "6 -- 10" : 12, "4 -- 6" : 2 }
      }
    },
    "stream_method" : {
      "conns" : [15, 15],
      "in" : [123150, 123166],
      "out" : [885, 885],
      "mmtasks" : [0, 0, 1],
      "load" : 0.053,
      "mcount" : {
        "mcount" : { "Success" : 15 }
      },
      "http_proto0" : {
        "mcount" : {
          "mcount" : { "OK" : 15 }
        }
      },
      "source_log" : {
        "delta" : [0, 0, 0]
      },
      "loggers" : {
        "brief_logger" : {
          "records" : [15, 15],
          "out" : [845, 845]
        }
      }
    }
  }
},
"2022-08-12 09:24:01.909 +0000" : {
  "main_scheduler" : {
    "bqs" : {
      "00104" : {
        "mmconts" : [272, 274, 277],
        "acts" : [27, 26],
        "tstate" : { "idle" : 995912, "run" : 4353, "locked" : 0, "mmap" : 0 }
      },
      "00106" : {
        "mmconts" : [271, 273, 276],
        "acts" : [27, 26],
        "tstate" : { "idle" : 996349, "run" : 3915, "locked" : 0, "mmap" : 0 }
      },
      "00107" : {
        "mmconts" : [272, 274, 276],
        "acts" : [27, 26],
        "tstate" : { "idle" : 996651, "run" : 3611, "locked" : 0, "mmap" : 0 }
      }
    }
  },
  "benchmark_io" : {
    "simple_times" : {
      "mcount" : {
        "mcount" : { "6 -- 10" : 13, "4 -- 6" : 1 }
      }
    },
    "stream_method" : {
      "conns" : [14, 13],
      "in" : [114940, 114910],
      "out" : [826, 825],
      "mmtasks" : [0, 0, 1],
      "load" : 0.051,
      "mcount" : {
        "mcount" : { "Success" : 14 }
      },
      "http_proto0" : {
        "mcount" : {
          "mcount" : { "OK" : 14 }
        }
      },
      "source_log" : {
        "delta" : [0, 0, 0]
      },
      "loggers" : {
        "brief_logger" : {
          "records" : [14, 13],
          "out" : [787, 786]
        }
      }
    }
  }
},
"2022-08-12 09:24:02.909 +0000" : {
  "main_scheduler" : {
    "bqs" : {
      "00104" : {
        "mmconts" : [267, 269, 272],
        "acts" : [26, 26],
        "tstate" : { "idle" : 996579, "run" : 3356, "locked" : 0, "mmap" : 0 }
      },
      "00106" : {
        "mmconts" : [266, 268, 271],
        "acts" : [25, 25],
        "tstate" : { "idle" : 996605, "run" : 3328, "locked" : 0, "mmap" : 0 }
      },
      "00107" : {
        "mmconts" : [266, 269, 272],
        "acts" : [35, 35],
        "tstate" : { "idle" : 996111, "run" : 3822, "locked" : 0, "mmap" : 0 }
      }
    }
  },
  "benchmark_io" : {
    "simple_times" : {
      "mcount" : {
        "mcount" : { "10 -- 16" : 1, "6 -- 10" : 13, "4 -- 6" : 2 }
      }
    },
    "stream_method" : {
      "conns" : [16, 16],
      "in" : [131360, 131368],
      "out" : [944, 944],
      "mmtasks" : [0, 0, 1],
      "load" : 0.042,
      "mcount" : {
        "mcount" : { "Success" : 16 }
      },
      "http_proto0" : {
        "mcount" : {
          "mcount" : { "OK" : 16 }
        }
      },
      "source_log" : {
        "delta" : [0, 0, 0]
      },
      "loggers" : {
        "brief_logger" : {
          "records" : [16, 16],
          "out" : [899, 899]
        }
      }
    }
  }
},
"2022-08-12 09:24:03.909 +0000" : {
  "main_scheduler" : {
    "bqs" : {
      "00104" : {
        "mmconts" : [262, 264, 267],
        "acts" : [30, 29],
        "tstate" : { "idle" : 996579, "run" : 3623, "locked" : 0, "mmap" : 0 }
      },
      "00106" : {
        "mmconts" : [261, 263, 266],
        "acts" : [26, 25],
        "tstate" : { "idle" : 996030, "run" : 4166, "locked" : 0, "mmap" : 0 }
      },
      "00107" : {
        "mmconts" : [261, 263, 266],
        "acts" : [32, 31],
        "tstate" : { "idle" : 996336, "run" : 3857, "locked" : 0, "mmap" : 0 }
      }
    }
  },
  "benchmark_io" : {
    "simple_times" : {
      "mcount" : {
        "mcount" : { "10 -- 16" : 1, "6 -- 10" : 13, "4 -- 6" : 1 }
      }
    },
    "stream_method" : {
      "conns" : [15, 14],
      "in" : [123150, 123127],
      "out" : [885, 884],
      "mmtasks" : [0, 0, 1],
      "load" : 0.047,
      "mcount" : {
        "mcount" : { "Success" : 15 }
      },
      "http_proto0" : {
        "mcount" : {
          "mcount" : { "OK" : 15 }
        }
      },
      "source_log" : {
        "delta" : [0, 0, 0]
      },
      "loggers" : {
        "brief_logger" : {
          "records" : [15, 14],
          "out" : [845, 844]
        }
      }
    }
  }
},
"2022-08-12 09:24:04.909 +0000" : {
  "main_scheduler" : {
    "bqs" : {
      "00104" : {
        "mmconts" : [256, 258, 262],
        "acts" : [33, 32],
        "tstate" : { "idle" : 996445, "run" : 3717, "locked" : 0, "mmap" : 0 }
      },
      "00106" : {
        "mmconts" : [256, 258, 261],
        "acts" : [30, 29],
        "tstate" : { "idle" : 996742, "run" : 3427, "locked" : 0, "mmap" : 0 }
      },
      "00107" : {
        "mmconts" : [256, 258, 261],
        "acts" : [31, 30],
        "tstate" : { "idle" : 996659, "run" : 3513, "locked" : 0, "mmap" : 0 }
      }
    }
  },
  "benchmark_io" : {
    "simple_times" : {
      "mcount" : {
        "mcount" : { "10 -- 16" : 2, "6 -- 10" : 12, "4 -- 6" : 2 }
      }
    },
    "stream_method" : {
      "conns" : [16, 15],
      "in" : [131360, 131335],
      "out" : [944, 943],
      "mmtasks" : [0, 0, 1],
      "load" : 0.042,
      "mcount" : {
        "mcount" : { "Success" : 16 }
      },
      "http_proto0" : {
        "mcount" : {
          "mcount" : { "OK" : 16 }
        }
      },
      "source_log" : {
        "delta" : [0, 0, 0]
      },
      "loggers" : {
        "brief_logger" : {
          "records" : [16, 15],
          "out" : [903, 902]
        }
      }
    }
  }
},
"2022-08-12 09:24:05.909 +0000" : {
  "main_scheduler" : {
    "bqs" : {
      "00104" : {
        "mmconts" : [251, 253, 256],
        "acts" : [30, 30],
        "tstate" : { "idle" : 995646, "run" : 4023, "locked" : 0, "mmap" : 0 }
      },
      "00106" : {
        "mmconts" : [250, 252, 256],
        "acts" : [34, 34],
        "tstate" : { "idle" : 995012, "run" : 4657, "locked" : 0, "mmap" : 0 }
      },
      "00107" : {
        "mmconts" : [250, 253, 256],
        "acts" : [35, 35],
        "tstate" : { "idle" : 995100, "run" : 4570, "locked" : 0, "mmap" : 0 }
      }
    }
  },
  "benchmark_io" : {
    "simple_times" : {
      "mcount" : {
        "mcount" : { "10 -- 16" : 2, "6 -- 10" : 14, "4 -- 6" : 1 }
      }
    },
    "stream_method" : {
      "conns" : [17, 17],
      "in" : [139570, 139616],
      "out" : [1003, 1003],
      "mmtasks" : [0, 0, 1],
      "load" : 0.053,
      "mcount" : {
        "mcount" : { "Success" : 17 }
      },
      "http_proto0" : {
        "mcount" : {
          "mcount" : { "OK" : 17 }
        }
      },
      "source_log" : {
        "delta" : [0, 0, 0]
      },
      "loggers" : {
        "brief_logger" : {
          "records" : [17, 17],
          "out" : [962, 962]
        }
      }
    }
  }
},
"2022-08-12 09:24:06.909 +0000" : {
  "main_scheduler" : {
    "bqs" : {
      "00104" : {
        "mmconts" : [245, 247, 251],
        "acts" : [29, 28],
        "tstate" : { "idle" : 995966, "run" : 4499, "locked" : 0, "mmap" : 0 }
      },
      "00106" : {
        "mmconts" : [244, 247, 250],
        "acts" : [34, 33],
        "tstate" : { "idle" : 996110, "run" : 4354, "locked" : 0, "mmap" : 0 }
      },
      "00107" : {
        "mmconts" : [245, 247, 250],
        "acts" : [30, 29],
        "tstate" : { "idle" : 996865, "run" : 3598, "locked" : 0, "mmap" : 0 }
      }
    }
  },
  "benchmark_io" : {
    "simple_times" : {
      "mcount" : {
        "mcount" : { "10 -- 16" : 3, "6 -- 10" : 13, "4 -- 6" : 1 }
      }
    },
    "stream_method" : {
      "conns" : [17, 16],
      "in" : [139570, 139505],
      "out" : [1003, 1002],
      "mmtasks" : [0, 0, 1],
      "load" : 0.047,
      "mcount" : {
        "mcount" : { "Success" : 17 }
      },
      "http_proto0" : {
        "mcount" : {
          "mcount" : { "OK" : 17 }
        }
      },
      "source_log" : {
        "delta" : [0, 0, 0]
      },
      "loggers" : {
        "brief_logger" : {
          "records" : [17, 16],
          "out" : [964, 963]
        }
      }
    }
  }
},
"2022-08-12 09:24:07.909 +0000" : {
  "main_scheduler" : {
    "bqs" : {
      "00104" : {
        "mmconts" : [239, 242, 245],
        "acts" : [31, 31],
        "tstate" : { "idle" : 995230, "run" : 4203, "locked" : 0, "mmap" : 0 }
      },
      "00106" : {
        "mmconts" : [239, 241, 244],
        "acts" : [27, 27],
        "tstate" : { "idle" : 996015, "run" : 3419, "locked" : 0, "mmap" : 0 }
      },
      "00107" : {
        "mmconts" : [239, 241, 245],
        "acts" : [34, 34],
        "tstate" : { "idle" : 995122, "run" : 4312, "locked" : 0, "mmap" : 0 }
      }
    }
  },
  "benchmark_io" : {
    "simple_times" : {
      "mcount" : {
        "mcount" : { "6 -- 10" : 15, "4 -- 6" : 2 }
      }
    },
    "stream_method" : {
      "conns" : [17, 17],
      "in" : [139570, 139649],
      "out" : [1003, 1003],
      "mmtasks" : [0, 0, 1],
      "load" : 0.046,
      "mcount" : {
        "mcount" : { "Success" : 17 }
      },
      "http_proto0" : {
        "mcount" : {
          "mcount" : { "OK" : 17 }
        }
      },
      "source_log" : {
        "delta" : [0, 0, 0]
      },
      "loggers" : {
        "brief_logger" : {
          "records" : [17, 17],
          "out" : [953, 953]
        }
      }
    }
  }
},
"2022-08-12 09:24:08.909 +0000" : {
  "main_scheduler" : {
    "bqs" : {
      "00104" : {
        "mmconts" : [233, 236, 239],
        "acts" : [35, 34],
        "tstate" : { "idle" : 995778, "run" : 4474, "locked" : 0, "mmap" : 0 }
      },
      "00106" : {
        "mmconts" : [233, 235, 239],
        "acts" : [30, 29],
        "tstate" : { "idle" : 995862, "run" : 4390, "locked" : 0, "mmap" : 0 }
      },
      "00107" : {
        "mmconts" : [233, 236, 239],
        "acts" : [35, 34],
        "tstate" : { "idle" : 995646, "run" : 4615, "locked" : 0, "mmap" : 0 }
      }
    }
  },
  "benchmark_io" : {
    "simple_times" : {
      "mcount" : {
        "mcount" : { "10 -- 16" : 2, "6 -- 10" : 16 }
      }
    },
    "stream_method" : {
      "conns" : [18, 17],
      "in" : [147780, 147742],
      "out" : [1062, 1061],
      "mmtasks" : [0, 0, 1],
      "load" : 0.049,
      "mcount" : {
        "mcount" : { "Success" : 18 }
      },
      "http_proto0" : {
        "mcount" : {
          "mcount" : { "OK" : 18 }
        }
      },
      "source_log" : {
        "delta" : [0, 0, 0]
      },
      "loggers" : {
        "brief_logger" : {
          "records" : [18, 17],
          "out" : [1013, 1012]
        }
      }
    }
  }
},
"2022-08-12 09:24:09.909 +0000" : {
  "main_scheduler" : {
    "bqs" : {
      "00104" : {
        "mmconts" : [227, 230, 233],
        "acts" : [34, 34],
        "tstate" : { "idle" : 995750, "run" : 4216, "locked" : 0, "mmap" : 0 }
      },
      "00106" : {
        "mmconts" : [227, 229, 233],
        "acts" : [30, 30],
        "tstate" : { "idle" : 995544, "run" : 4422, "locked" : 0, "mmap" : 0 }
      },
      "00107" : {
        "mmconts" : [227, 230, 233],
        "acts" : [32, 32],
        "tstate" : { "idle" : 995132, "run" : 4838, "locked" : 0, "mmap" : 0 }
      }
    }
  },
  "benchmark_io" : {
    "simple_times" : {
      "mcount" : {
        "mcount" : { "10 -- 16" : 2, "6 -- 10" : 16 }
      }
    },
    "stream_method" : {
      "conns" : [18, 18],
      "in" : [147780, 147784],
      "out" : [1062, 1062],
      "mmtasks" : [0, 0, 1],
      "load" : 0.050,
      "mcount" : {
        "mcount" : { "Success" : 18 }
      },
      "http_proto0" : {
        "mcount" : {
          "mcount" : { "OK" : 18 }
        }
      },
      "source_log" : {
        "delta" : [0, 0, 0]
      },
      "loggers" : {
        "brief_logger" : {
          "records" : [18, 18],
          "out" : [1017, 1017]
        }
      }
    }
  }
},
"2022-08-12 09:24:10.908 +0000" : {
  "main_scheduler" : {
    "bqs" : {
      "00104" : {
        "mmconts" : [221, 224, 227],
        "acts" : [37, 37],
        "tstate" : { "idle" : 996462, "run" : 3253, "locked" : 0, "mmap" : 0 }
      },
      "00106" : {
        "mmconts" : [221, 223, 227],
        "acts" : [34, 34],
        "tstate" : { "idle" : 996773, "run" : 2947, "locked" : 0, "mmap" : 0 }
      },
      "00107" : {
        "mmconts" : [221, 224, 227],
        "acts" : [38, 38],
        "tstate" : { "idle" : 996387, "run" : 3320, "locked" : 0, "mmap" : 0 }
      }
    }
  },
  "benchmark_io" : {
    "simple_times" : {
      "mcount" : {
        "mcount" : { "6 -- 10" : 6, "4 -- 6" : 12 }
      }
    },
    "stream_method" : {
      "conns" : [18, 18],
      "in" : [147780, 147821],
      "out" : [1062, 1062],
      "mmtasks" : [0, 0, 1],
      "load" : 0.045,
      "mcount" : {
        "mcount" : { "Success" : 18 }
      },
      "http_proto0" : {
        "mcount" : {
          "mcount" : { "OK" : 18 }
        }
      },
      "source_log" : {
        "delta" : [0, 0, 0]
      },
      "loggers" : {
        "brief_logger" : {
          "records" : [18, 18],
          "out" : [1008, 1008]
        }
      }
    }
  }
},
"2022-08-12 09:24:11.909 +0000" : {
  "main_scheduler" : {
    "bqs" : {
      "00104" : {
        "mmconts" : [215, 218, 221],
        "acts" : [37, 36],
        "tstate" : { "idle" : 997041, "run" : 3836, "locked" : 0, "mmap" : 0 }
      },
      "00106" : {
        "mmconts" : [214, 217, 221],
        "acts" : [36, 35],
        "tstate" : { "idle" : 996855, "run" : 4017, "locked" : 0, "mmap" : 0 }
      },
      "00107" : {
        "mmconts" : [215, 217, 221],
        "acts" : [34, 33],
        "tstate" : { "idle" : 996403, "run" : 4470, "locked" : 0, "mmap" : 0 }
      }
    }
  },
  "benchmark_io" : {
    "simple_times" : {
      "mcount" : {
        "mcount" : { "6 -- 10" : 15, "4 -- 6" : 4 }
      }
    },
    "stream_method" : {
      "conns" : [19, 18],
      "in" : [155990, 155854],
      "out" : [1121, 1120],
      "mmtasks" : [0, 0, 1],
      "load" : 0.047,
      "mcount" : {
        "mcount" : { "Success" : 19 }
      },
      "http_proto0" : {
        "mcount" : {
          "mcount" : { "OK" : 19 }
        }
      },
      "source_log" : {
        "delta" : [0, 0, 0]
      },
      "loggers" : {
        "brief_logger" : {
          "records" : [19, 18],
          "out" : [1069, 1068]
        }
      }
    }
  }
},
"2022-08-12 09:24:12.909 +0000" : {
  "main_scheduler" : {
    "bqs" : {
      "00104" : {
        "mmconts" : [208, 211, 215],
        "acts" : [34, 34],
        "tstate" : { "idle" : 995122, "run" : 4776, "locked" : 0, "mmap" : 0 }
      },
      "00106" : {
        "mmconts" : [208, 211, 214],
        "acts" : [31, 31],
        "tstate" : { "idle" : 996207, "run" : 3684, "locked" : 0, "mmap" : 0 }
      },
      "00107" : {
        "mmconts" : [208, 211, 215],
        "acts" : [37, 37],
        "tstate" : { "idle" : 994744, "run" : 5144, "locked" : 0, "mmap" : 0 }
      }
    }
  },
  "benchmark_io" : {
    "simple_times" : {
      "mcount" : {
        "mcount" : { "10 -- 16" : 2, "6 -- 10" : 15, "4 -- 6" : 3 }
      }
    },
    "stream_method" : {
      "conns" : [20, 20],
      "in" : [164200, 164219],
      "out" : [1180, 1180],
      "mmtasks" : [0, 0, 1],
      "load" : 0.049,
      "mcount" : {
        "mcount" : { "Success" : 20 }
      },
      "http_proto0" : {
        "mcount" : {
          "mcount" : { "OK" : 20 }
        }
      },
      "source_log" : {
        "delta" : [0, 0, 0]
      },
      "loggers" : {
        "brief_logger" : {
          "records" : [20, 20],
          "out" : [1128, 1128]
        }
      }
    }
  }
},
"2022-08-12 09:24:13.909 +0000" : {
  "main_scheduler" : {
    "bqs" : {
      "00104" : {
        "mmconts" : [202, 205, 208],
        "acts" : [36, 36],
        "tstate" : { "idle" : 995600, "run" : 3949, "locked" : 0, "mmap" : 0 }
      },
      "00106" : {
        "mmconts" : [201, 204, 208],
        "acts" : [35, 35],
        "tstate" : { "idle" : 994841, "run" : 4709, "locked" : 0, "mmap" : 0 }
      },
      "00107" : {
        "mmconts" : [202, 204, 208],
        "acts" : [37, 37],
        "tstate" : { "idle" : 994669, "run" : 4881, "locked" : 0, "mmap" : 0 }
      }
    }
  },
  "benchmark_io" : {
    "simple_times" : {
      "mcount" : {
        "mcount" : { "10 -- 16" : 1, "6 -- 10" : 16, "4 -- 6" : 2 }
      }
    },
    "stream_method" : {
      "conns" : [20, 20],
      "in" : [155990, 156060],
      "out" : [1180, 1180],
      "mmtasks" : [0, 0, 1],
      "load" : 0.051,
      "mcount" : {
        "mcount" : { "Success" : 19 }
      },
      "http_proto0" : {
        "mcount" : {
          "mcount" : { "OK" : 19 }
        }
      },
      "source_log" : {
        "delta" : [0, 0, 0]
      },
      "loggers" : {
        "brief_logger" : {
          "records" : [19, 19],
          "out" : [1069, 1069]
        }
      }
    }
  }
},
"2022-08-12 09:24:14.909 +0000" : {
  "main_scheduler" : {
    "bqs" : {
      "00104" : {
        "mmconts" : [195, 198, 202],
        "acts" : [36, 36],
        "tstate" : { "idle" : 995423, "run" : 4397, "locked" : 0, "mmap" : 0 }
      },
      "00106" : {
        "mmconts" : [194, 197, 201],
        "acts" : [41, 41],
        "tstate" : { "idle" : 994400, "run" : 5425, "locked" : 0, "mmap" : 0 }
      },
      "00107" : {
        "mmconts" : [195, 198, 202],
        "acts" : [42, 42],
        "tstate" : { "idle" : 995667, "run" : 4160, "locked" : 0, "mmap" : 0 }
      }
    }
  },
  "benchmark_io" : {
    "simple_times" : {
      "mcount" : {
        "mcount" : { "10 -- 16" : 2, "6 -- 10" : 19 }
      }
    },
    "stream_method" : {
      "conns" : [20, 20],
      "in" : [172410, 172438],
      "out" : [1180, 1180],
      "mmtasks" : [0, 0, 1],
      "load" : 0.046,
      "mcount" : {
        "mcount" : { "Success" : 21 }
      },
      "http_proto0" : {
        "mcount" : {
          "mcount" : { "OK" : 21 }
        }
      },
      "source_log" : {
        "delta" : [0, 0, 0]
      },
      "loggers" : {
        "brief_logger" : {
          "records" : [21, 21],
          "out" : [1186, 1186]
        }
      }
    }
  }
},
"2022-08-12 09:24:15.909 +0000" : {
  "main_scheduler" : {
    "bqs" : {
      "00104" : {
        "mmconts" : [188, 191, 195],
        "acts" : [43, 42],
        "tstate" : { "idle" : 995513, "run" : 4708, "locked" : 0, "mmap" : 0 }
      },
      "00106" : {
        "mmconts" : [188, 191, 194],
        "acts" : [31, 30],
        "tstate" : { "idle" : 995992, "run" : 4230, "locked" : 0, "mmap" : 0 }
      },
      "00107" : {
        "mmconts" : [188, 191, 195],
        "acts" : [41, 40],
        "tstate" : { "idle" : 995875, "run" : 4348, "locked" : 0, "mmap" : 0 }
      }
    }
  },
  "benchmark_io" : {
    "simple_times" : {
      "mcount" : {
        "mcount" : { "6 -- 10" : 18, "4 -- 6" : 2 }
      }
    },
    "stream_method" : {
      "conns" : [20, 19],
      "in" : [164200, 164163],
      "out" : [1180, 1179],
      "mmtasks" : [0, 0, 1],
      "load" : 0.047,
      "mcount" : {
        "mcount" : { "Success" : 20 }
      },
      "http_proto0" : {
        "mcount" : {
          "mcount" : { "OK" : 20 }
        }
      },
      "source_log" : {
        "delta" : [0, 0, 0]
      },
      "loggers" : {
        "brief_logger" : {
          "records" : [20, 19],
          "out" : [1124, 1123]
        }
      }
    }
  }
},
"2022-08-12 09:24:16.908 +0000" : {
  "main_scheduler" : {
    "bqs" : {
      "00104" : {
        "mmconts" : [181, 184, 188],
        "acts" : [40, 40],
        "tstate" : { "idle" : 995052, "run" : 4519, "locked" : 0, "mmap" : 0 }
      },
      "00106" : {
        "mmconts" : [181, 184, 188],
        "acts" : [35, 35],
        "tstate" : { "idle" : 995714, "run" : 3864, "locked" : 0, "mmap" : 0 }
      },
      "00107" : {
        "mmconts" : [181, 184, 188],
        "acts" : [43, 43],
        "tstate" : { "idle" : 995381, "run" : 4196, "locked" : 0, "mmap" : 0 }
      }
    }
  },
  "benchmark_io" : {
    "simple_times" : {
      "mcount" : {
        "mcount" : { "10 -- 16" : 1, "6 -- 10" : 15, "4 -- 6" : 5 }
      }
    },
    "stream_method" : {
      "conns" : [21, 21],
      "in" : [172410, 172482],
      "out" : [1239, 1239],
      "mmtasks" : [0, 0, 1],
      "load" : 0.045,
      "mcount" : {
        "mcount" : { "Success" : 21 }
      },
      "http_proto0" : {
        "mcount" : {
          "mcount" : { "OK" : 21 }
        }
      },
      "source_log" : {
        "delta" : [0, 0, 0]
      },
      "loggers" : {
        "brief_logger" : {
          "records" : [21, 21],
          "out" : [1178, 1178]
        }
      }
    }
  }
},
"2022-08-12 09:24:17.909 +0000" : {
  "main_scheduler" : {
    "bqs" : {
      "00104" : {
        "mmconts" : [174, 177, 181],
        "acts" : [42, 41],
        "tstate" : { "idle" : 995999, "run" : 4527, "locked" : 0, "mmap" : 0 }
      },
      "00106" : {
        "mmconts" : [173, 177, 181],
        "acts" : [41, 40],
        "tstate" : { "idle" : 995376, "run" : 5136, "locked" : 0, "mmap" : 0 }
      },
      "00107" : {
        "mmconts" : [174, 177, 181],
        "acts" : [39, 38],
        "tstate" : { "idle" : 995703, "run" : 4806, "locked" : 0, "mmap" : 0 }
      }
    }
  },
  "benchmark_io" : {
    "simple_times" : {
      "mcount" : {
        "mcount" : { "10 -- 16" : 3, "6 -- 10" : 16, "4 -- 6" : 3 }
      }
    },
    "stream_method" : {
      "conns" : [22, 21],
      "in" : [180620, 180527],
      "out" : [1298, 1297],
      "mmtasks" : [0, 0, 1],
      "load" : 0.044,
      "mcount" : {
        "mcount" : { "Success" : 22 }
      },
      "http_proto0" : {
        "mcount" : {
          "mcount" : { "OK" : 22 }
        }
      },
      "source_log" : {
        "delta" : [0, 0, 0]
      },
      "loggers" : {
        "brief_logger" : {
          "records" : [22, 21],
          "out" : [1241, 1240]
        }
      }
    }
  }
},
"2022-08-12 09:24:18.909 +0000" : {
  "main_scheduler" : {
    "bqs" : {
      "00104" : {
        "mmconts" : [167, 170, 174],
        "acts" : [36, 35],
        "tstate" : { "idle" : 995750, "run" : 4555, "locked" : 0, "mmap" : 26 }
      },
      "00106" : {
        "mmconts" : [166, 169, 173],
        "acts" : [36, 35],
        "tstate" : { "idle" : 995661, "run" : 4652, "locked" : 0, "mmap" : 24 }
      },
      "00107" : {
        "mmconts" : [166, 170, 174],
        "acts" : [44, 43],
        "tstate" : { "idle" : 994544, "run" : 5768, "locked" : 0, "mmap" : 28 }
      }
    }
  },
  "benchmark_io" : {
    "simple_times" : {
      "mcount" : {
        "mcount" : { "10 -- 16" : 3, "6 -- 10" : 14, "4 -- 6" : 5 }
      }
    },
    "stream_method" : {
      "conns" : [22, 21],
      "in" : [180620, 180559],
      "out" : [1298, 1297],
      "mmtasks" : [0, 0, 1],
      "load" : 0.049,
      "mcount" : {
        "mcount" : { "Success" : 22 }
      },
      "http_proto0" : {
        "mcount" : {
          "mcount" : { "OK" : 22 }
        }
      },
      "source_log" : {
        "delta" : [0, 0, 0]
      },
      "loggers" : {
        "brief_logger" : {
          "records" : [22, 21],
          "out" : [1244, 1243]
        }
      }
    }
  }
},
"2022-08-12 09:24:19.909 +0000" : {
  "main_scheduler" : {
    "bqs" : {
      "00104" : {
        "mmconts" : [159, 163, 167],
        "acts" : [42, 42],
        "tstate" : { "idle" : 994771, "run" : 4495, "locked" : 0, "mmap" : 201 }
      },
      "00106" : {
        "mmconts" : [159, 162, 166],
        "acts" : [42, 42],
        "tstate" : { "idle" : 994989, "run" : 4289, "locked" : 0, "mmap" : 189 }
      },
      "00107" : {
        "mmconts" : [159, 162, 166],
        "acts" : [42, 42],
        "tstate" : { "idle" : 994249, "run" : 5046, "locked" : 0, "mmap" : 173 }
      }
    }
  },
  "benchmark_io" : {
    "simple_times" : {
      "mcount" : {
        "mcount" : { "10 -- 16" : 1, "6 -- 10" : 16, "4 -- 6" : 5 }
      }
    },
    "stream_method" : {
      "conns" : [22, 22],
      "in" : [180620, 180716],
      "out" : [1298, 1298],
      "mmtasks" : [0, 0, 1],
      "load" : 0.046,
      "mcount" : {
        "mcount" : { "Success" : 22 }
      },
      "http_proto0" : {
        "mcount" : {
          "mcount" : { "OK" : 22 }
        }
      },
      "source_log" : {
        "delta" : [0, 0, 0]
      },
      "loggers" : {
        "brief_logger" : {
          "records" : [22, 22],
          "out" : [1235, 1235]
        }
      }
    }
  }
},
"2022-08-12 09:24:20.909 +0000" : {
  "main_scheduler" : {
    "bqs" : {
      "00104" : {
        "mmconts" : [152, 155, 159],
        "acts" : [40, 39],
        "tstate" : { "idle" : 995474, "run" : 4538, "locked" : 0, "mmap" : 200 }
      },
      "00106" : {
        "mmconts" : [151, 154, 159],
        "acts" : [45, 44],
        "tstate" : { "idle" : 995209, "run" : 4794, "locked" : 0, "mmap" : 203 }
      },
      "00107" : {
        "mmconts" : [151, 155, 159],
        "acts" : [49, 48],
        "tstate" : { "idle" : 995084, "run" : 4920, "locked" : 0, "mmap" : 199 }
      }
    }
  },
  "benchmark_io" : {
    "simple_times" : {
      "mcount" : {
        "mcount" : { "10 -- 16" : 2, "6 -- 10" : 18, "4 -- 6" : 3 }
      }
    },
    "stream_method" : {
      "conns" : [23, 22],
      "in" : [188830, 188793],
      "out" : [1357, 1356],
      "mmtasks" : [0, 0, 1],
      "load" : 0.046,
      "mcount" : {
        "mcount" : { "Success" : 23 }
      },
      "http_proto0" : {
        "mcount" : {
          "mcount" : { "OK" : 23 }
        }
      },
      "source_log" : {
        "delta" : [0, 0, 0]
      },
      "loggers" : {
        "brief_logger" : {
          "records" : [23, 22],
          "out" : [1297, 1296]
        }
      }
    }
  }
},
"2022-08-12 09:24:21.908 +0000" : {
  "main_scheduler" : {
    "bqs" : {
      "00104" : {
        "mmconts" : [144, 147, 152],
        "acts" : [47, 47],
        "tstate" : { "idle" : 995069, "run" : 4143, "locked" : 0, "mmap" : 213 }
      },
      "00106" : {
        "mmconts" : [143, 147, 151],
        "acts" : [40, 40],
        "tstate" : { "idle" : 994828, "run" : 4404, "locked" : 0, "mmap" : 200 }
      },
      "00107" : {
        "mmconts" : [144, 147, 151],
        "acts" : [38, 38],
        "tstate" : { "idle" : 995629, "run" : 3647, "locked" : 0, "mmap" : 159 }
      }
    }
  },
  "benchmark_io" : {
    "simple_times" : {
      "mcount" : {
        "mcount" : { "10 -- 16" : 2, "6 -- 10" : 10, "4 -- 6" : 11 }
      }
    },
    "stream_method" : {
      "conns" : [23, 23],
      "in" : [188830, 188934],
      "out" : [1357, 1357],
      "mmtasks" : [0, 0, 1],
      "load" : 0.043,
      "mcount" : {
        "mcount" : { "Success" : 23 }
      },
      "http_proto0" : {
        "mcount" : {
          "mcount" : { "OK" : 23 }
        }
      },
      "source_log" : {
        "delta" : [0, 0, 0]
      },
      "loggers" : {
        "brief_logger" : {
          "records" : [23, 23],
          "out" : [1293, 1293]
        }
      }
    }
  }
},
"2022-08-12 09:24:22.909 +0000" : {
  "main_scheduler" : {
    "bqs" : {
      "00104" : {
        "mmconts" : [136, 140, 144],
        "acts" : [46, 45],
        "tstate" : { "idle" : 995773, "run" : 4548, "locked" : 0, "mmap" : 190 }
      },
      "00106" : {
        "mmconts" : [136, 139, 143],
        "acts" : [38, 37],
        "tstate" : { "idle" : 996309, "run" : 4041, "locked" : 0, "mmap" : 154 }
      },
      "00107" : {
        "mmconts" : [136, 139, 144],
        "acts" : [48, 47],
        "tstate" : { "idle" : 995435, "run" : 4870, "locked" : 0, "mmap" : 195 }
      }
    }
  },
  "benchmark_io" : {
    "simple_times" : {
      "mcount" : {
        "mcount" : { "10 -- 16" : 1, "6 -- 10" : 22 }
      }
    },
    "stream_method" : {
      "conns" : [23, 22],
      "in" : [188830, 188738],
      "out" : [1357, 1356],
      "mmtasks" : [0, 0, 1],
      "load" : 0.040,
      "mcount" : {
        "mcount" : { "Success" : 23 }
      },
      "http_proto0" : {
        "mcount" : {
          "mcount" : { "OK" : 23 }
        }
      },
      "source_log" : {
        "delta" : [0, 0, 0]
      },
      "loggers" : {
        "brief_logger" : {
          "records" : [23, 22],
          "out" : [1290, 1289]
        }
      }
    }
  }
},
"2022-08-12 09:24:23.908 +0000" : {
  "main_scheduler" : {
    "bqs" : {
      "00104" : {
        "mmconts" : [128, 132, 136],
        "acts" : [47, 47],
        "tstate" : { "idle" : 994489, "run" : 4929, "locked" : 0, "mmap" : 205 }
      },
      "00106" : {
        "mmconts" : [128, 131, 136],
        "acts" : [45, 45],
        "tstate" : { "idle" : 994508, "run" : 4951, "locked" : 0, "mmap" : 184 }
      },
      "00107" : {
        "mmconts" : [128, 131, 136],
        "acts" : [50, 50],
        "tstate" : { "idle" : 994297, "run" : 5159, "locked" : 0, "mmap" : 187 }
      }
    }
  },
  "benchmark_io" : {
    "simple_times" : {
      "mcount" : {
        "mcount" : { "10 -- 16" : 2, "6 -- 10" : 19, "4 -- 6" : 3 }
      }
    },
    "stream_method" : {
      "conns" : [24, 24],
      "in" : [197040, 197110],
      "out" : [1416, 1416],
      "mmtasks" : [0, 0, 1],
      "load" : 0.046,
      "mcount" : {
        "mcount" : { "Success" : 24 }
      },
      "http_proto0" : {
        "mcount" : {
          "mcount" : { "OK" : 24 }
        }
      },
      "source_log" : {
        "delta" : [0, 0, 0]
      },
      "loggers" : {
        "brief_logger" : {
          "records" : [24, 24],
          "out" : [1350, 1350]
        }
      }
    }
  }
},
"2022-08-12 09:24:24.909 +0000" : {
  "main_scheduler" : {
    "bqs" : {
      "00104" : {
        "mmconts" : [120, 124, 128],
        "acts" : [44, 43],
        "tstate" : { "idle" : 996413, "run" : 4167, "locked" : 0, "mmap" : 180 }
      },
      "00106" : {
        "mmconts" : [119, 123, 128],
        "acts" : [51, 50],
        "tstate" : { "idle" : 995083, "run" : 5439, "locked" : 0, "mmap" : 219 }
      },
      "00107" : {
        "mmconts" : [120, 123, 128],
        "acts" : [46, 45],
        "tstate" : { "idle" : 996045, "run" : 4519, "locked" : 0, "mmap" : 178 }
      }
    }
  },
  "benchmark_io" : {
    "simple_times" : {
      "mcount" : {
        "mcount" : { "10 -- 16" : 1, "6 -- 10" : 16, "4 -- 6" : 8 }
      }
    },
    "stream_method" : {
      "conns" : [25, 24],
      "in" : [205250, 205096],
      "out" : [1475, 1473],
      "mmtasks" : [0, 0, 1],
      "load" : 0.045,
      "mcount" : {
        "mcount" : { "Success" : 25 }
      },
      "http_proto0" : {
        "mcount" : {
          "mcount" : { "OK" : 25 }
        }
      },
      "source_log" : {
        "delta" : [0, 0, 0]
      },
      "loggers" : {
        "brief_logger" : {
          "records" : [25, 24],
          "out" : [1401, 1399]
        }
      }
    }
  }
},
"2022-08-12 09:24:25.909 +0000" : {
  "main_scheduler" : {
    "bqs" : {
      "00104" : {
        "mmconts" : [112, 116, 120],
        "acts" : [42, 42],
        "tstate" : { "idle" : 994802, "run" : 4425, "locked" : 0, "mmap" : 170 }
      },
      "00106" : {
        "mmconts" : [111, 115, 119],
        "acts" : [48, 48],
        "tstate" : { "idle" : 994716, "run" : 4499, "locked" : 0, "mmap" : 181 }
      },
      "00107" : {
        "mmconts" : [112, 115, 120],
        "acts" : [47, 47],
        "tstate" : { "idle" : 993871, "run" : 5334, "locked" : 0, "mmap" : 190 }
      }
    }
  },
  "benchmark_io" : {
    "simple_times" : {
      "mcount" : {
        "mcount" : { "10 -- 16" : 1, "6 -- 10" : 17, "4 -- 6" : 6 }
      }
    },
    "stream_method" : {
      "conns" : [25, 25],
      "in" : [197040, 197160],
      "out" : [1475, 1475],
      "mmtasks" : [0, 0, 1],
      "load" : 0.045,
      "mcount" : {
        "mcount" : { "Success" : 24 }
      },
      "http_proto0" : {
        "mcount" : {
          "mcount" : { "OK" : 24 }
        }
      },
      "source_log" : {
        "delta" : [0, 0, 0]
      },
      "loggers" : {
        "brief_logger" : {
          "records" : [24, 24],
          "out" : [1348, 1348]
        }
      }
    }
  }
},
"2022-08-12 09:24:26.908 +0000" : {
  "main_scheduler" : {
    "bqs" : {
      "00104" : {
        "mmconts" : [103, 107, 112],
        "acts" : [53, 53],
        "tstate" : { "idle" : 994669, "run" : 4932, "locked" : 0, "mmap" : 200 }
      },
      "00106" : {
        "mmconts" : [103, 107, 111],
        "acts" : [47, 47],
        "tstate" : { "idle" : 994497, "run" : 5099, "locked" : 0, "mmap" : 205 }
      },
      "00107" : {
        "mmconts" : [103, 107, 112],
        "acts" : [53, 53],
        "tstate" : { "idle" : 994519, "run" : 5058, "locked" : 0, "mmap" : 225 }
      }
    }
  },
  "benchmark_io" : {
    "simple_times" : {
      "mcount" : {
        "mcount" : { "10 -- 16" : 2, "6 -- 10" : 21, "4 -- 6" : 3 }
      }
    },
    "stream_method" : {
      "conns" : [25, 25],
      "in" : [213460, 213501],
      "out" : [1475, 1475],
      "mmtasks" : [0, 0, 1],
      "load" : 0.044,
      "mcount" : {
        "mcount" : { "Success" : 26 }
      },
      "http_proto0" : {
        "mcount" : {
          "mcount" : { "OK" : 26 }
        }
      },
      "source_log" : {
        "delta" : [0, 0, 0]
      },
      "loggers" : {
        "brief_logger" : {
          "records" : [26, 26],
          "out" : [1467, 1467]
        }
      }
    }
  }
},
"2022-08-12 09:24:27.909 +0000" : {
  "main_scheduler" : {
    "bqs" : {
      "00104" : {
        "mmconts" : [95, 99, 103],
        "acts" : [52, 51],
        "tstate" : { "idle" : 995926, "run" : 4406, "locked" : 0, "mmap" : 192 }
      },
      "00106" : {
        "mmconts" : [94, 98, 103],
        "acts" : [55, 54],
        "tstate" : { "idle" : 995882, "run" : 4447, "locked" : 0, "mmap" : 196 }
      },
      "00107" : {
        "mmconts" : [95, 98, 103],
        "acts" : [52, 51],
        "tstate" : { "idle" : 996217, "run" : 4118, "locked" : 0, "mmap" : 189 }
      }
    }
  },
  "benchmark_io" : {
    "simple_times" : {
      "mcount" : {
        "mcount" : { "25 -- 41" : 1, "16 -- 25" : 3, "10 -- 16" : 5, "6 -- 10" : 9, "4 -- 6" : 7 }
      }
    },
    "stream_method" : {
      "conns" : [25, 24],
      "in" : [205250, 205142],
      "out" : [1475, 1474],
      "mmtasks" : [0, 0, 1],
      "load" : 0.030,
      "mcount" : {
        "mcount" : { "Success" : 25 }
      },
      "http_proto0" : {
        "mcount" : {
          "mcount" : { "OK" : 25 }
        }
      },
      "source_log" : {
        "delta" : [0, 0, 0]
      },
      "loggers" : {
        "brief_logger" : {
          "records" : [25, 24],
          "out" : [1430, 1429]
        }
      }
    }
  }
},
"2022-08-12 09:24:28.909 +0000" : {
  "main_scheduler" : {
    "bqs" : {
      "00104" : {
        "mmconts" : [86, 90, 95],
        "acts" : [60, 59],
        "tstate" : { "idle" : 995718, "run" : 4388, "locked" : 0, "mmap" : 207 }
      },
      "00106" : {
        "mmconts" : [86, 89, 94],
        "acts" : [47, 46],
        "tstate" : { "idle" : 996141, "run" : 4000, "locked" : 0, "mmap" : 178 }
      },
      "00107" : {
        "mmconts" : [86, 90, 95],
        "acts" : [57, 56],
        "tstate" : { "idle" : 995544, "run" : 4567, "locked" : 0, "mmap" : 212 }
      }
    }
  },
  "benchmark_io" : {
    "simple_times" : {
      "mcount" : {
        "mcount" : { "25 -- 41" : 1, "16 -- 25" : 5, "10 -- 16" : 3, "6 -- 10" : 15, "4 -- 6" : 2 }
      }
    },
    "stream_method" : {
      "conns" : [26, 25],
      "in" : [213460, 213388],
      "out" : [1534, 1533],
      "mmtasks" : [0, 0, 1],
      "load" : 0.026,
      "mcount" : {
        "mcount" : { "Success" : 26 }
      },
      "http_proto0" : {
        "mcount" : {
          "mcount" : { "OK" : 26 }
        }
      },
      "source_log" : {
        "delta" : [0, 0, 0]
      },
      "loggers" : {
        "brief_logger" : {
          "records" : [26, 25],
          "out" : [1483, 1482]
        }
      }
    }
  }
},
"2022-08-12 09:24:29.909 +0000" : {
  "main_scheduler" : {
    "bqs" : {
      "00104" : {
        "mmconts" : [77, 81, 86],
        "acts" : [52, 51],
        "tstate" : { "idle" : 995023, "run" : 4807, "locked" : 0, "mmap" : 200 }
      },
      "00106" : {
        "mmconts" : [77, 81, 86],
        "acts" : [52, 51],
        "tstate" : { "idle" : 995275, "run" : 4545, "locked" : 0, "mmap" : 216 }
      },
      "00107" : {
        "mmconts" : [77, 81, 86],
        "acts" : [53, 52],
        "tstate" : { "idle" : 994573, "run" : 5223, "locked" : 0, "mmap" : 237 }
      }
    }
  },
  "benchmark_io" : {
    "simple_times" : {
      "mcount" : {
        "mcount" : { "16 -- 25" : 1, "10 -- 16" : 2, "6 -- 10" : 14, "4 -- 6" : 10 }
      }
    },
    "stream_method" : {
      "conns" : [27, 26],
      "in" : [221670, 221665],
      "out" : [1593, 1592],
      "mmtasks" : [0, 0, 1],
      "load" : 0.039,
      "mcount" : {
        "mcount" : { "Success" : 27 }
      },
      "http_proto0" : {
        "mcount" : {
          "mcount" : { "OK" : 27 }
        }
      },
      "source_log" : {
        "delta" : [0, 0, 0]
      },
      "loggers" : {
        "brief_logger" : {
          "records" : [27, 27],
          "out" : [1521, 1521]
        }
      }
    }
  }
},
"2022-08-12 09:24:30.909 +0000" : {
  "main_scheduler" : {
    "bqs" : {
      "00104" : {
        "mmconts" : [68, 72, 77],
        "acts" : [50, 50],
        "tstate" : { "idle" : 994953, "run" : 4519, "locked" : 0, "mmap" : 202 }
      },
      "00106" : {
        "mmconts" : [68, 72, 77],
        "acts" : [56, 56],
        "tstate" : { "idle" : 994424, "run" : 4964, "locked" : 0, "mmap" : 273 }
      },
      "00107" : {
        "mmconts" : [68, 72, 77],
        "acts" : [56, 56],
        "tstate" : { "idle" : 994583, "run" : 4863, "locked" : 0, "mmap" : 213 }
      }
    }
  },
  "benchmark_io" : {
    "simple_times" : {
      "mcount" : {
        "mcount" : { "16 -- 25" : 2, "10 -- 16" : 3, "6 -- 10" : 18, "4 -- 6" : 4 }
      }
    },
    "stream_method" : {
      "conns" : [27, 27],
      "in" : [221670, 221746],
      "out" : [1593, 1593],
      "mmtasks" : [0, 0, 1],
      "load" : 0.035,
      "mcount" : {
        "mcount" : { "Success" : 27 }
      },
      "http_proto0" : {
        "mcount" : {
          "mcount" : { "OK" : 27 }
        }
      },
      "source_log" : {
        "delta" : [0, 0, 0]
      },
      "loggers" : {
        "brief_logger" : {
          "records" : [27, 27],
          "out" : [1528, 1528]
        }
      }
    }
  }
},
"2022-08-12 09:24:31.909 +0000" : {
  "main_scheduler" : {
    "bqs" : {
      "00104" : {
        "mmconts" : [59, 63, 68],
        "acts" : [50, 49],
        "tstate" : { "idle" : 995867, "run" : 4273, "locked" : 0, "mmap" : 215 }
      },
      "00106" : {
        "mmconts" : [59, 63, 68],
        "acts" : [52, 51],
        "tstate" : { "idle" : 995011, "run" : 5113, "locked" : 0, "mmap" : 232 }
      },
      "00107" : {
        "mmconts" : [59, 63, 68],
        "acts" : [51, 50],
        "tstate" : { "idle" : 995386, "run" : 4751, "locked" : 0, "mmap" : 220 }
      }
    }
  },
  "benchmark_io" : {
    "simple_times" : {
      "mcount" : {
        "mcount" : { "10 -- 16" : 2, "6 -- 10" : 18, "4 -- 6" : 7 }
      }
    },
    "stream_method" : {
      "conns" : [27, 26],
      "in" : [221670, 221589],
      "out" : [1593, 1592],
      "mmtasks" : [0, 0, 1],
      "load" : 0.042,
      "mcount" : {
        "mcount" : { "Success" : 27 }
      },
      "http_proto0" : {
        "mcount" : {
          "mcount" : { "OK" : 27 }
        }
      },
      "source_log" : {
        "delta" : [0, 0, 0]
      },
      "loggers" : {
        "brief_logger" : {
          "records" : [27, 26],
          "out" : [1516, 1515]
        }
      }
    }
  }
},
"2022-08-12 09:24:32.909 +0000" : {
  "main_scheduler" : {
    "bqs" : {
      "00104" : {
        "mmconts" : [50, 54, 59],
        "acts" : [55, 55],
        "tstate" : { "idle" : 994371, "run" : 5210, "locked" : 0, "mmap" : 213 }
      },
      "00106" : {
        "mmconts" : [49, 54, 59],
        "acts" : [58, 58],
        "tstate" : { "idle" : 993963, "run" : 5618, "locked" : 0, "mmap" : 211 }
      },
      "00107" : {
        "mmconts" : [50, 54, 59],
        "acts" : [53, 53],
        "tstate" : { "idle" : 994319, "run" : 5267, "locked" : 0, "mmap" : 206 }
      }
    }
  },
  "benchmark_io" : {
    "simple_times" : {
      "mcount" : {
        "mcount" : { "10 -- 16" : 2, "6 -- 10" : 16, "4 -- 6" : 10 }
      }
    },
    "stream_method" : {
      "conns" : [28, 28],
      "in" : [229880, 229928],
      "out" : [1652, 1652],
      "mmtasks" : [0, 0, 1],
      "load" : 0.048,
      "mcount" : {
        "mcount" : { "Success" : 28 }
      },
      "http_proto0" : {
        "mcount" : {
          "mcount" : { "OK" : 28 }
        }
      },
      "source_log" : {
        "delta" : [0, 0, 0]
      },
      "loggers" : {
        "brief_logger" : {
          "records" : [28, 28],
          "out" : [1575, 1575]
        }
      }
    }
  }
},
"2022-08-12 09:24:33.909 +0000" : {
  "main_scheduler" : {
    "bqs" : {
      "00104" : {
        "mmconts" : [41, 45, 50],
        "acts" : [51, 50],
        "tstate" : { "idle" : 994749, "run" : 5174, "locked" : 0, "mmap" : 202 }
      },
      "00106" : {
        "mmconts" : [40, 44, 49],
        "acts" : [51, 50],
        "tstate" : { "idle" : 994956, "run" : 4959, "locked" : 0, "mmap" : 218 }
      },
      "00107" : {
        "mmconts" : [40, 45, 50],
        "acts" : [58, 57],
        "tstate" : { "idle" : 993423, "run" : 6469, "locked" : 0, "mmap" : 244 }
      }
    }
  },
  "benchmark_io" : {
    "simple_times" : {
      "mcount" : {
        "mcount" : { "6 -- 10" : 20, "4 -- 6" : 8 }
      }
    },
    "stream_method" : {
      "conns" : [28, 27],
      "in" : [229880, 229846],
      "out" : [1652, 1651],
      "mmtasks" : [0, 0, 1],
      "load" : 0.046,
      "mcount" : {
        "mcount" : { "Success" : 28 }
      },
      "http_proto0" : {
        "mcount" : {
          "mcount" : { "OK" : 28 }
        }
      },
      "source_log" : {
        "delta" : [0, 0, 0]
      },
      "loggers" : {
        "brief_logger" : {
          "records" : [28, 27],
          "out" : [1567, 1566]
        }
      }
    }
  }
},
"2022-08-12 09:24:34.908 +0000" : {
  "main_scheduler" : {
    "bqs" : {
      "00104" : {
        "mmconts" : [31, 36, 41],
        "acts" : [59, 59],
        "tstate" : { "idle" : 993305, "run" : 5537, "locked" : 0, "mmap" : 232 }
      },
      "00106" : {
        "mmconts" : [31, 35, 40],
        "acts" : [48, 48],
        "tstate" : { "idle" : 993715, "run" : 5146, "locked" : 0, "mmap" : 205 }
      },
      "00107" : {
        "mmconts" : [31, 35, 40],
        "acts" : [54, 54],
        "tstate" : { "idle" : 993284, "run" : 5567, "locked" : 0, "mmap" : 212 }
      }
    }
  },
  "benchmark_io" : {
    "simple_times" : {
      "mcount" : {
        "mcount" : { "6 -- 10" : 23, "4 -- 6" : 5 }
      }
    },
    "stream_method" : {
      "conns" : [28, 28],
      "in" : [229880, 230098],
      "out" : [1652, 1653],
      "mmtasks" : [0, 0, 1],
      "load" : 0.045,
      "mcount" : {
        "mcount" : { "Success" : 28 }
      },
      "http_proto0" : {
        "mcount" : {
          "mcount" : { "OK" : 28 }
        }
      },
      "source_log" : {
        "delta" : [0, 0, 0]
      },
      "loggers" : {
        "brief_logger" : {
          "records" : [28, 28],
          "out" : [1569, 1571]
        }
      }
    }
  }
},
"2022-08-12 09:24:35.909 +0000" : {
  "main_scheduler" : {
    "bqs" : {
      "00104" : {
        "mmconts" : [22, 26, 31],
        "acts" : [51, 50],
        "tstate" : { "idle" : 995285, "run" : 5301, "locked" : 0, "mmap" : 218 }
      },
      "00106" : {
        "mmconts" : [21, 25, 31],
        "acts" : [55, 54],
        "tstate" : { "idle" : 995370, "run" : 5188, "locked" : 0, "mmap" : 259 }
      },
      "00107" : {
        "mmconts" : [21, 26, 31],
        "acts" : [56, 55],
        "tstate" : { "idle" : 994711, "run" : 5888, "locked" : 0, "mmap" : 218 }
      }
    }
  },
  "benchmark_io" : {
    "simple_times" : {
      "mcount" : {
        "mcount" : { "10 -- 16" : 1, "6 -- 10" : 23, "4 -- 6" : 5 }
      }
    },
    "stream_method" : {
      "conns" : [29, 28],
      "in" : [238090, 237892],
      "out" : [1711, 1709],
      "mmtasks" : [0, 0, 1],
      "load" : 0.043,
      "mcount" : {
        "mcount" : { "Success" : 29 }
      },
      "http_proto0" : {
        "mcount" : {
          "mcount" : { "OK" : 29 }
        }
      },
      "source_log" : {
        "delta" : [0, 0, 0]
      },
      "loggers" : {
        "brief_logger" : {
          "records" : [29, 28],
          "out" : [1627, 1625]
        }
      }
    }
  }
},
"2022-08-12 09:24:36.909 +0000" : {
  "main_scheduler" : {
    "bqs" : {
      "00104" : {
        "mmconts" : [12, 17, 22],
        "acts" : [68, 68],
        "tstate" : { "idle" : 992934, "run" : 6657, "locked" : 0, "mmap" : 246 }
      },
      "00106" : {
        "mmconts" : [11, 15, 21],
        "acts" : [66, 66],
        "tstate" : { "idle" : 991999, "run" : 7593, "locked" : 0, "mmap" : 234 }
      },
      "00107" : {
        "mmconts" : [12, 16, 21],
        "acts" : [59, 59],
        "tstate" : { "idle" : 992141, "run" : 7446, "locked" : 0, "mmap" : 240 }
      }
    }
  },
  "benchmark_io" : {
    "simple_times" : {
      "mcount" : {
        "mcount" : { "6 -- 10" : 22, "4 -- 6" : 7 }
      }
    },
    "stream_method" : {
      "conns" : [30, 30],
      "in" : [238090, 238132],
      "out" : [3009, 3009],
      "mmtasks" : [0, 0, 1],
      "load" : 0.039,
      "mcount" : {
        "mcount" : { "Success" : 29 }
      },
      "http_proto0" : {
        "mcount" : {
          "mcount" : { "OK" : 29 }
        }
      },
      "source_log" : {
        "delta" : [0, 0, 0]
      },
      "loggers" : {
        "brief_logger" : {
          "records" : [29, 29],
          "out" : [1612, 1612]
        }
      }
    }
  }
},
"2022-08-12 09:24:37.883 +0000" : {
  "main_scheduler" : {
    "bqs" : {
      "00104" : {
        "mmconts" : [2, 7, 12],
        "acts" : [69, 70],
        "tstate" : { "idle" : 965231, "run" : 8716, "locked" : 0, "mmap" : 315 }
      },
      "00106" : {
        "mmconts" : [0, 5, 11],
        "acts" : [66, 67],
        "tstate" : { "idle" : 966780, "run" : 7204, "locked" : 0, "mmap" : 276 }
      },
      "00107" : {
        "mmconts" : [2, 7, 12],
        "acts" : [73, 74],
        "tstate" : { "idle" : 965876, "run" : 8150, "locked" : 0, "mmap" : 233 }
      }
    }
  },
  "benchmark_io" : {
    "simple_times" : {
      "mcount" : {
        "mcount" : { "6 -- 10" : 24, "4 -- 6" : 6 }
      }
    },
    "stream_method" : {
      "conns" : [29, 29],
      "in" : [246300, 252808],
      "out" : [3422, 3512],
      "mmtasks" : [0, 0, 1],
      "load" : 0.034,
      "mcount" : {
        "mcount" : { "Success" : 30 }
      },
      "http_proto0" : {
        "mcount" : {
          "mcount" : { "OK" : 30 }
        }
      },
      "source_log" : {
        "delta" : [0, 0, 0]
      },
      "loggers" : {
        "brief_logger" : {
          "records" : [30, 30],
          "out" : [1673, 1717]
        }
      }
    }
  }
}