1660296217.908		27131	20545	84	6379	123	26799	59	8210	0	200
1660296218.106		6284	198	31	5887	168	5977	59	8210	0	200
1660296218.301		5938	109	40	5659	130	5683	59	8210	0	200
1660296218.493		6301	147	46	5921	187	5990	59	8210	0	200
1660296218.682		6310	119	35	6027	129	6064	59	8210	0	200
1660296218.869		8275	185	54	7919	117	7971	59	8210	0	200
1660296219.053		8122	327	100	7552	143	7628	59	8210	0	200
1660296219.234		9539	323	85	8881	250	9013	59	8210	0	200
1660296219.413		9905	332	87	9353	133	9417	59	8210	0	200
1660296219.590		9300	349	88	8665	198	8743	59	8210	0	200
1660296219.764		11484	425	119	10707	233	10847	59	8210	0	200
1660296219.936		10236	345	88	9675	128	9739	59	8210	0	200
1660296220.106		9123	326	86	8484	227	8619	59	8210	0	200
1660296220.274		8657	386	91	7997	183	8098	59	8210	0	200
1660296220.440		9603	201	42	9183	177	9274	59	8210	0	200
1660296220.604		9934	369	123	9321	121	9393	59	8210	0	200
1660296220.767		8544	221	55	8033	235	8165	59	8210	0	200
1660296220.927		8284	168	37	7947	132	7999	59	8210	0	200
1660296221.085		10163	339	114	9520	190	9615	59	8210	0	200
1660296221.244		10146	373	122	9487	164	9570	59	8210	0	200
1660296221.399		8886	336	88	8287	175	8351	59	8210	0	200
1660296221.554		9429	336	86	8783	224	8913	59	8210	0	200
1660296221.706		10294	353	120	9678	143	9714	59	8210	0	200
1660296221.857		10038	340	86	9475	137	9538	59	8210	0	200
1660296222.007		8883	426	100	8209	148	8290	59	8210	0	200
1660296222.156		7884	184	37	7497	166	7577	59	8210	0	200
1660296222.303		7336	177	36	7020	103	7056	59	8210	0	200
1660296222.448		10205	330	89	9657	129	9671	59	8210	0	200
1660296222.593		9481	377	124	8848	132	8932	59	8210	0	200
1660296222.736		9702	312	148	9104	138	9189	59	8210	0	200
1660296222.877		9670	179	38	9173	280	9315	59	8210	0	200
1660296223.019		7976	192	39	7603	142	7667	59	8210	0	200
1660296223.158		8927	334	127	8304	162	8407	59	8210	0	200
1660296223.297		8949	194	38	8653	64	8654	59	8210	0	200
1660296223.435		7568	185	37	7218	128	7273	59	8210	0	200
1660296223.570		6688	139	30	6328	191	6428	59	8210	0	200
1660296223.706		9316	338	87	8728	163	8809	59	8210	0	200
1660296223.841		9343	323	87	8807	126	8869	59	8210	0	200
1660296223.974		9940	381	90	9229	240	9367	59	8210	0	200
1660296224.106		9610	432	94	8932	152	9027	59	8210	0	200
1660296224.238		8382	284	71	7797	230	7931	59	8210	0	200
1660296224.368		6605	237	32	6216	120	6270	59	8210	0	200
1660296224.498		11004	362	123	10291	228	10437	59	8210	0	200
1660296224.626		5988	172	31	5702	83	5701	59	8210	0	200
1660296224.754		9331	341	91	8761	138	8839	59	8210	0	200
1660296224.881		10366	344	120	9714	188	9814	59	8210	0	200
1660296225.006		9256	337	88	8590	241	8732	59	8210	0	200
1660296225.132		26293	16459	52	9548	234	9682	59	8210	0	200
1660296225.257		8248	160	45	7811	232	7932	59	8210	0	200
1660296225.380		6331	167	42	6013	109	6058	59	8210	0	200
1660296225.503		9368	146	45	9027	150	9089	59	8210	0	200
1660296225.626		9057	226	58	8591	182	8635	59	8210	0	200
1660296225.747		8647	340	88	8100	119	8126	59	8210	0	200
1660296225.867		9545	327	112	8982	124	9058	59	8210	0	200
1660296225.987		9033	328	86	8461	158	8541	59	8210	0	200
1660296226.107		8776	331	121	8164	160	8265	59	8210	0	200
1660296226.225		9777	430	224	9000	123	9061	59	8210	0	200
1660296226.343		7622	188	43	7132	259	7267	59	8210	0	200
1660296226.459		7963	143	43	7704	73	7708	59	8210	0	200
1660296226.576		7846	189	36	7502	119	7544	59	8210	0	200
1660296226.692		9931	210	37	9437	247	9560	59	8210	0	200
1660296226.807		7431	173	35	7110	113	7145	59	8210	0	200
1660296226.922		8720	331	68	8165	156	8256	59	8210	0	200
1660296227.036		9886	201	48	9457	180	9544	59	8210	0	200
1660296227.148		7354	200	37	7002	115	7042	59	8210	0	200
1660296227.261		9755	279	92	9237	147	9307	59	8210	0	200
1660296227.374		7434	336	88	6883	127	6939	59	8210	0	200
1660296227.485		9506	317	87	8934	168	9025	59	8210	0	200
1660296227.596		10420	343	86	9844	147	9924	59	8210	0	200
1660296227.706		8249	201	49	7775	224	7892	59	8210	0	200
1660296227.816		8556	165	45	8247	99	8256	59	8210	0	200
1660296227.926		11389	182	40	11045	122	11102	59	8210	0	200
1660296228.034		9549	320	113	8932	184	9036	59	8210	0	200
1660296228.142		9017	313	84	8505	115	8524	59	8210	0	200
1660296228.249		11000	342	93	10175	390	10443	59	8210	0	200
1660296228.357		8333	215	59	7953	106	7992	59	8210	0	200
1660296228.463		8184	197	36	7833	118	7885	59	8210	0	200
1660296228.570		10504	313	109	9919	163	10006	59	8210	0	200
1660296228.676		9496	250	52	9044	150	9119	59	8210	0	200
1660296228.781		11385	168	45	10938	234	11100	59	8210	0	200
1660296228.886		6192	132	29	5854	177	5943	59	8210	0	200
1660296228.990		5914	129	30	5582	173	5669	59	8210	0	200
1660296229.094		11231	171	43	10782	235	10943	59	8210	0	200
1660296229.197		7044	121	35	6685	203	6800	59	8210	0	200
1660296229.300		5623	194	43	5255	131	5301	59	8210	0	200
1660296229.402		7569	199	28	7158	184	7255	59	8210	0	200
1660296229.503		10252	291	86	9745	130	9802	59	8210	0	200
1660296229.606		10608	349	123	10015	121	10086	59	8210	0	200
1660296229.706		9165	321	87	8621	136	8688	59	8210	0	200
1660296229.807		7733	155	37	7312	229	7434	59	8210	0	200
1660296229.908		8404	215	63	7928	198	8030	59	8210	0	200
1660296230.007		8217	331	80	7686	120	7746	59	8210	0	200
1660296230.107		8547	392	128	7901	126	8019	59	8210	0	200
1660296230.206		9239	320	84	8603	232	8741	59	8210	0	200
1660296230.304		13737	443	111	12755	428	13059	59	8210	0	200
1660296230.402		9286	458	114	8487	227	8622	59	8210	0	200
1660296230.500		10473	327	91	9883	172	9946	59	8210	0	200
1660296230.598		9171	331	85	8515	240	8652	59	8210	0	200
1660296230.694		8927	423	120	8217	167	8313	59	8210	0	200
1660296230.791		8596	275	77	8041	203	8142	59	8210	0	200
1660296230.887		8332	192	49	7908	183	7983	59	8210	0	200
1660296230.983		7553	189	49	7163	152	7245	59	8210	0	200
1660296231.079		7051	135	33	6685	198	6785	59	8210	0	200
1660296231.174		9393	329	87	8714	263	8862	59	8210	0	200
1660296231.269		8091	359	121	7414	197	7549	59	8210	0	200
1660296231.363		9170	184	31	8584	371	8863	59	8210	0	200
1660296231.457		7394	172	50	6988	184	7098	59	8210	0	200
1660296231.551		8079	346	123	7484	126	7551	59	8210	0	200
1660296231.645		5686	195	30	5339	122	5392	59	8210	0	200
1660296231.738		8442	192	37	8083	130	8141	59	8210	0	200
1660296231.830		62518	185	38	62022	273	62171	59	8210	0	200
1660296231.923		7242	189	43	6831	179	6924	59	8210	0	200
1660296232.014		6209	122	29	5947	111	5994	59	8210	0	200
1660296232.107		9207	199	43	8694	271	8825	59	8210	0	200
1660296232.197		7676	199	47	7256	174	7345	59	8210	0	200
1660296232.289		9375	353	87	8776	159	8830	59	8210	0	200
1660296232.379		6899	170	40	6348	341	6589	59	8210	0	200
1660296232.471		8211	339	72	7648	152	7719	59	8210	0	200
1660296232.561		5870	177	32	5559	102	5601	59	8210	0	200
1660296232.651		12197	331	86	11548	232	11683	59	8210	0	200
1660296232.739		7974	186	39	7575	174	7638	59	8210	0	200
1660296232.830		7941	359	122	7282	178	7373	59	8210	0	200
1660296232.919		8686	348	68	8027	243	8171	59	8210	0	200
1660296233.007		7502	202	56	7111	133	7163	59	8210	0	200
1660296233.096		9769	338	70	9208	153	9304	59	8210	0	200
1660296233.184		9823	350	84	9251	138	9304	59	8210	0	200
1660296233.271		9812	333	153	9173	153	9270	59	8210	0	200
1660296233.359		8426	324	86	7849	167	7945	59	8210	0	200
1660296233.447		6642	397	84	5979	182	6110	59	8210	0	200
1660296233.534		7043	196	31	6719	97	6725	59	8210	0	200
1660296233.619		8149	228	80	7696	145	7778	59	8210	0	200
1660296233.707		9958	245	76	9402	235	9534	59	8210	0	200
1660296233.793		7744	178	38	7371	157	7438	59	8210	0	200
1660296233.879		9194	226	70	8673	225	8791	59	8210	0	200
1660296233.965		10271	333	86	9713	139	9779	59	8210	0	200
1660296234.049		9291	181	38	8946	126	8992	59	8210	0	200
1660296234.135		8833	212	67	8382	172	8478	59	8210	0	200
1660296234.220		9722	366	120	9113	123	9173	59	8210	0	200
1660296234.305		8442	351	122	7728	241	7884	59	8210	0	200
1660296234.388		10270	238	63	9762	207	9860	59	8210	0	200
1660296234.473		8765	200	48	8359	158	8441	59	8210	0	200
1660296234.557		8629	473	39	7990	127	8035	59	8210	0	200
1660296234.640		8283	193	42	7911	137	7971	59	8210	0	200
1660296234.724		8942	394	65	8210	273	8345	59	8210	0	200
1660296234.807		9168	335	87	8504	242	8641	59	8210	0	200
1660296234.890		8402	209	70	7893	230	8023	59	8210	0	200
1660296234.973		9295	338	86	8720	151	8802	59	8210	0	200
1660296235.055		8312	271	62	7881	98	7920	59	8210	0	200
1660296235.138		7022	193	39	6648	142	6719	59	8210	0	200
1660296235.220		8663	445	116	7933	169	8005	59	8210	0	200
1660296235.301		9046	315	86	8485	160	8543	59	8210	0	200
1660296235.382		10055	355	106	9408	186	9507	59	8210	0	200
1660296235.464		6499	204	60	6077	158	6156	59	8210	0	200
1660296235.545		10592	162	53	10186	191	10291	59	8210	0	200
1660296235.626		8541	158	37	8159	187	8255	59	8210	0	200
1660296235.706		8053	181	40	7631	201	7743	59	8210	0	200
1660296235.787		6937	142	31	6660	104	6658	59	8210	0	200
1660296235.867		6066	197	42	5741	86	5743	59	8210	0	200
1660296235.947		8916	158	31	8590	137	8644	59	8210	0	200
1660296236.027		6204	180	29	5837	158	5914	59	8210	0	200
1660296236.107		7912	197	42	7518	155	7582	59	8210	0	200
1660296236.186		6706	339	120	6109	138	6189	59	8210	0	200
1660296236.265		10564	330	87	10016	131	10076	59	8210	0	200
1660296236.344		6082	184	31	5744	123	5788	59	8210	0	200
1660296236.423		8494	354	90	7829	221	7969	59	8210	0	200
1660296236.502		9288	339	69	8696	184	8811	59	8210	0	200
1660296236.579		8233	307	86	7618	222	7747	59	8210	0	200
1660296236.658		11182	333	86	10538	225	10674	59	8210	0	200
1660296236.736		10116	351	86	9542	137	9605	59	8210	0	200
1660296236.813		8026	311	106	7380	229	7516	59	8210	0	200
1660296236.891		10231	195	50	9821	165	9876	59	8210	0	200
1660296236.969		9426	182	36	8987	221	9102	59	8210	0	200
1660296237.046		10831	363	92	10155	221	10293	59	8210	0	200
1660296237.123		10552	154	44	10139	215	10231	59	8210	0	200
1660296237.199		8027	163	33	7584	247	7715	59	8210	0	200
1660296237.276		10156	356	87	9447	266	9597	59	8210	0	200
1660296237.352		9559	235	27	9216	81	9214	59	8210	0	200
1660296237.429		6228	268	96	5729	135	5797	59	8210	0	200
1660296237.504		10374	195	38	9674	467	10066	59	8210	0	200
1660296237.581		9500	327	86	8876	211	8949	59	8210	0	200
1660296237.657		9485	315	85	8953	132	9016	59	8210	0	200
1660296237.732		10137	349	93	9506	189	9612	59	8210	0	200
1660296237.807		7348	193	38	7006	111	7046	59	8210	0	200
1660296237.882		11239	317	86	10640	196	10737	59	8210	0	200
1660296237.957		7878	360	52	7241	225	7370	59	8210	0	200
1660296238.032		10101	346	87	9536	132	9603	59	8210	0	200
1660296238.106		8391	354	86	7714	237	7858	59	8210	0	200
1660296238.181		8821	179	43	8406	193	8484	59	8210	0	200
1660296238.256		8195	383	123	7518	171	7617	59	8210	0	200
1660296238.330		9489	346	87	8941	115	9003	59	8210	0	200
1660296238.404		6101	156	45	5772	128	5820	59	8210	0	200
1660296238.477		7874	189	37	7459	189	7553	59	8210	0	200
1660296238.550		11861	358	86	11315	102	11319	59	8210	0	200
1660296238.624		7749	205	41	7379	124	7426	59	8210	0	200
1660296238.697		9540	292	123	8945	180	9025	59	8210	0	200
1660296238.771		8607	342	81	7950	234	8084	59	8210	0	200
1660296238.844		7919	363	113	7318	125	7392	59	8210	0	200
1660296238.917		8488	191	46	8031	220	8147	59	8210	0	200
1660296238.989		8072	174	50	7721	127	7774	59	8210	0	200
1660296239.062		8030	188	43	7642	157	7724	59	8210	0	200
1660296239.134		9099	340	95	8519	145	8600	59	8210	0	200
1660296239.205		10052	359	115	9397	181	9485	59	8210	0	200
1660296239.278		9571	319	87	8889	276	9055	59	8210	0	200
1660296239.350		7455	148	35	7122	150	7193	59	8210	0	200
1660296239.421		7987	178	54	7538	217	7636	59	8210	0	200
1660296239.493		5882	125	29	5556	172	5644	59	8210	0	200
1660296239.565		7147	127	30	6765	225	6889	59	8210	0	200
1660296239.636		6142	154	39	5774	175	5866	59	8210	0	200
1660296239.707		5680	173	43	5315	149	5371	59	8210	0	200
1660296239.777		5579	159	40	5238	142	5298	59	8210	0	200
1660296239.849		6039	130	45	5730	134	5776	59	8210	0	200
1660296239.919		5729	156	40	5387	146	5450	59	8210	0	200
1660296239.990		7106	183	48	6723	152	6780	59	8210	0	200
1660296240.060		10398	339	88	9840	131	9911	59	8210	0	200
1660296240.130		6030	171	32	5738	89	5739	59	8210	0	200
1660296240.200		10132	315	86	9500	231	9637	59	8210	0	200
1660296240.270		9425	219	81	8955	170	9022	59	8210	0	200
1660296240.340		9890	415	91	9259	125	9321	59	8210	0	200
1660296240.410		6766	392	119	6107	148	6207	59	8210	0	200
1660296240.479		8779	325	87	8199	168	8300	59	8210	0	200
1660296240.549		9495	367	67	8841	220	8971	59	8210	0	200
1660296240.618		7595	185	37	7202	171	7280	59	8210	0	200
1660296240.687		9124	331	86	8470	237	8583	59	8210	0	200
1660296240.755		7902	374	109	7272	147	7357	59	8210	0	200
1660296240.825		7772	297	84	7176	215	7306	59	8210	0	200
1660296240.893		10195	327	113	9565	190	9690	59	8210	0	200
1660296240.962		9570	340	122	8923	185	9042	59	8210	0	200
1660296241.030		9399	209	52	8865	273	9044	59	8210	0	200
1660296241.098		8402	213	38	7920	231	8039	59	8210	0	200
1660296241.167		8322	349	110	7730	133	7801	59	8210	0	200
1660296241.235		9623	337	119	8906	261	9082	59	8210	0	200
1660296241.302		8189	172	36	7760	221	7876	59	8210	0	200
1660296241.370		6546	341	89	6009	107	6024	59	8210	0	200
1660296241.438		9600	328	87	8956	229	9085	59	8210	0	200
1660296241.505		8756	213	74	8289	180	8376	59	8210	0	200
1660296241.573		8856	343	92	8238	183	8353	59	8210	0	200
1660296241.640		8147	188	47	7710	202	7797	59	8210	0	200
1660296241.707		6123	196	28	5775	124	5833	59	8210	0	200
1660296241.774		9058	316	91	8466	185	8546	59	8210	0	200
1660296241.841		9284	304	84	8737	159	8805	59	8210	0	200
1660296241.908		11690	609	98	10727	256	11180	59	8210	0	200
1660296241.974		9942	349	121	9334	138	9413	59	8210	0	200
1660296242.041		9831	242	61	9371	157	9450	59	8210	0	200
1660296242.106		8882	193	51	8501	137	8555	59	8210	0	200
1660296242.173		9458	185	46	9049	178	9139	59	8210	0	200
1660296242.239		9488	330	77	8952	129	8993	59	8210	0	200
1660296242.305		8309	310	65	7806	128	7881	59	8210	0	200
1660296242.371		8339	293	67	7830	149	7908	59	8210	0	200
1660296242.437		7349	224	35	6985	105	6988	59	8210	0	200
1660296242.503		6255	164	38	5877	176	5966	59	8210	0	200
1660296242.568		8758	208	48	8369	133	8434	59	8210	0	200
1660296242.634		7064	161	45	6650	208	6775	59	8210	0	200
1660296242.699		7588	189	29	7244	126	7302	59	8210	0	200
1660296242.763		5927	140	28	5675	84	5682	59	8210	0	200
1660296242.829		9180	203	36	8769	172	8877	59	8210	0	200
1660296242.894		8482	191	37	8090	164	8160	59	8210	0	200
1660296242.959		8579	298	76	8037	168	8130	59	8210	0	200
1660296243.024		8024	244	77	7510	193	7602	59	8210	0	200
1660296243.088		8230	204	54	7765	207	7877	59	8210	0	200
1660296243.153		9972	335	85	9325	227	9456	59	8210	0	200
1660296243.217		9677	352	122	9063	140	9150	59	8210	0	200
1660296243.281		9539	186	38	9119	196	9216	59	8210	0	200
1660296243.345		6133	194	31	5803	105	5851	59	8210	0	200
1660296243.409		8793	215	43	8386	149	8446	59	8210	0	200
1660296243.473		7756	232	52	7352	120	7406	59	8210	0	200
1660296243.537		7396	176	56	6962	202	7075	59	8210	0	200
1660296243.601		8678	337	86	8113	142	8191	59	8210	0	200
1660296243.665		10998	178	48	10456	316	10665	59	8210	0	200
1660296243.728		9596	178	36	9164	218	9278	59	8210	0	200
1660296243.792		8055	361	87	7419	188	7485	59	8210	0	200
1660296243.855		9418	398	115	8598	307	8819	59	8210	0	200
1660296243.918		9208	170	49	8849	140	8929	59	8210	0	200
1660296243.980		11416	180	45	10976	215	11065	59	8210	0	200
1660296244.044		8900	230	52	8476	142	8555	59	8210	0	200
1660296244.107		6588	225	49	6189	125	6211	59	8210	0	200
1660296244.170		9745	249	58	9189	249	9325	59	8210	0	200
1660296244.232		8910	335	112	8308	155	8399	59	8210	0	200
1660296244.295		8437	148	45	8073	171	8157	59	8210	0	200
1660296244.357		6878	180	31	6489	178	6581	59	8210	0	200
1660296244.419		9983	169	35	9563	216	9629	59	8210	0	200
1660296244.482		6071	133	30	5782	126	5825	59	8210	0	200
1660296244.544		11992	182	55	11566	189	11672	59	8210	0	200
1660296244.606		7072	134	31	6724	183	6813	59	8210	0	200
1660296244.668		7137	343	109	6483	202	6635	59	8210	0	200
1660296244.729		6479	218	38	6101	122	6157	59	8210	0	200
1660296244.792		7018	227	41	6623	127	6677	59	8210	0	200
1660296244.853		6427	250	88	5996	93	6044	59	8210	0	200
1660296244.915		9003	242	81	8465	215	8600	59	8210	0	200
1660296244.977		10146	330	119	9517	180	9616	59	8210	0	200
1660296245.037		8033	255	76	7467	235	7585	59	8210	0	200
1660296245.099		8433	330	76	7785	242	7927	59	8210	0	200
1660296245.161		9532	329	75	8970	158	9051	59	8210	0	200
1660296245.222		8991	324	85	8402	180	8466	59	8210	0	200
1660296245.283		8684	334	87	8123	140	8197	59	8210	0	200
1660296245.344		10101	332	117	9474	178	9589	59	8210	0	200
1660296245.404		12520	400	118	11759	243	11903	59	8210	0	200
1660296245.464		9369	345	116	8751	157	8833	59	8210	0	200
1660296245.526		8191	186	58	7731	216	7848	59	8210	0	200
1660296245.586		10453	325	87	9882	159	9978	59	8210	0	200
1660296245.646		7733	366	70	7146	151	7233	59	8210	0	200
1660296245.707		9305	202	53	8763	287	8967	59	8210	0	200
1660296245.767		6365	332	73	5866	94	5926	59	8210	0	200
1660296245.827		6694	324	120	6139	111	6207	59	8210	0	200
1660296245.887		8665	319	83	8116	147	8195	59	8210	0	200
1660296245.947		8986	355	88	8381	162	8457	59	8210	0	200
1660296246.007		7953	173	51	7489	240	7623	59	8210	0	200
1660296246.067		7253	311	101	6623	218	6739	59	8210	0	200
1660296246.127		6469	344	120	5907	98	5935	59	8210	0	200
1660296246.187		6336	192	32	6012	100	6049	59	8210	0	200
1660296246.246		9251	206	37	8826	182	8921	59	8210	0	200
1660296246.306		9462	328	125	8874	135	8938	59	8210	0	200
1660296246.365		9661	329	100	9089	143	9176	59	8210	0	200
1660296246.424		10333	182	38	9984	129	10038	59	8210	0	200
1660296246.483		8893	192	39	8493	169	8574	59	8210	0	200
1660296246.541		12460	347	104	11818	191	11917	59	8210	0	200
1660296246.600		10599	298	74	9980	247	10128	59	8210	0	200
1660296246.660		9500	171	48	9139	142	9188	59	8210	0	200
1660296246.719		7174	183	37	6839	115	6877	59	8210	0	200
1660296246.778		7812	185	36	7430	161	7506	59	8210	0	200
1660296246.836		7778	328	88	7131	231	7259	59	8210	0	200
1660296246.895		9836	321	136	9097	282	9291	59	8210	0	200
1660296246.954		9941	255	78	9362	246	9498	59	8210	0	200
1660296247.012		10091	198	55	9768	70	9769	59	8210	0	200
1660296247.070		8879	167	48	8463	201	8590	59	8210	0	200
1660296247.129		8794	190	51	8457	96	8463	59	8210	0	200
1660296247.186		9176	310	69	8515	282	8679	59	8210	0	200
1660296247.245		6562	133	30	6294	105	6296	59	8210	0	200
1660296247.305		6912	129	31	6563	189	6660	59	8210	0	200
1660296247.361		6302	344	121	5751	86	5779	59	8210	0	200
1660296247.419		9730	344	87	9069	230	9206	59	8210	0	200
1660296247.477		9801	264	75	9237	225	9359	59	8210	0	200
1660296247.534		8125	176	51	7662	236	7765	59	8210	0	200
1660296247.591		7922	202	48	7548	124	7613	59	8210	0	200
1660296247.650		8232	226	43	7809	154	7873	59	8210	0	200
1660296247.707		6072	155	49	5730	138	5814	59	8210	0	200
1660296247.764		8456	224	51	7963	218	8098	59	8210	0	200
1660296247.822		7931	350	121	7340	120	7415	59	8210	0	200
1660296247.879		8510	300	115	7924	171	8033	59	8210	0	200
1660296247.936		8086	290	89	7509	198	7631	59	8210	0	200
1660296247.993		9529	196	42	9063	228	9181	59	8210	0	200
1660296248.050		8173	180	50	7714	229	7819	59	8210	0	200
1660296248.107		8451	321	96	7822	212	7951	59	8210	0	200
1660296248.164		7747	308	84	7228	127	7285	59	8210	0	200
1660296248.220		9496	331	86	8923	156	9012	59	8210	0	200
1660296248.277		7501	175	36	7162	128	7216	59	8210	0	200
1660296248.334		7650	188	41	7278	143	7342	59	8210	0	200
1660296248.389		9551	296	94	8916	245	9058	59	8210	0	200
1660296248.447		8382	261	54	7934	133	7991	59	8210	0	200
1660296248.503		9122	189	37	8614	282	8754	59	8210	0	200
1660296248.560		8063	159	49	7726	129	7784	59	8210	0	200
1660296248.616		9440	352	87	8885	116	8942	59	8210	0	200
1660296248.672		10309	331	87	9662	229	9792	59	8210	0	200
1660296248.728		9456	388	120	8831	117	8898	59	8210	0	200
1660296248.784		9969	311	86	9387	185	9498	59	8210	0	200
1660296248.840		10692	411	88	9962	231	10094	59	8210	0	200
1660296248.896		7993	302	107	7390	194	7510	59	8210	0	200
1660296248.952		9733	343	51	9206	133	9272	59	8210	0	200
1660296249.007		9625	299	84	8967	275	9126	59	8210	0	200
1660296249.063		9061	194	51	8576	240	8702	59	8210	0	200
1660296249.118		9234	371	93	8557	213	8678	59	8210	0	200
1660296249.174		7946	339	89	7413	105	7424	59	8210	0	200
1660296249.230		9041	328	121	8460	132	8538	59	8210	0	200
1660296249.284		7491	322	84	6907	178	7019	59	8210	0	200
1660296249.339		10668	308	84	10048	228	10179	59	8210	0	200
1660296249.395		8088	162	34	7758	134	7809	59	8210	0	200
1660296249.451		8226	161	34	7906	125	7954	59	8210	0	200
1660296249.506		9398	306	83	8802	207	8876	59	8210	0	200
1660296249.561		9613	360	107	9011	135	9082	59	8210	0	200
1660296249.615		8228	221	52	7829	126	7839	59	8210	0	200
1660296249.670		7735	153	36	7420	126	7466	59	8210	0	200
1660296249.725		7815	208	52	7334	221	7455	59	8210	0	200
1660296249.780		7532	369	114	6907	142	6996	59	8210	0	200
1660296249.835		11196	347	70	10479	300	10663	59	8210	0	200
1660296249.889		7925	319	87	7362	157	7453	59	8210	0	200
1660296249.944		7609	210	52	7234	113	7277	59	8210	0	200
1660296249.997		9942	387	75	9272	208	9388	59	8210	0	200
1660296250.053		7548	163	39	7121	225	7239	59	8210	0	200
1660296250.107		5916	188	47	5553	128	5593	59	8210	0	200
1660296250.161		6163	140	30	5815	178	5907	59	8210	0	200
1660296250.216		5863	118	29	5541	175	5632	59	8210	0	200
1660296250.270		6630	107	36	6288	199	6398	59	8210	0	200
1660296250.323		6031	190	45	5617	179	5711	59	8210	0	200
1660296250.378		5703	115	27	5388	173	5476	59	8210	0	200
1660296250.432		5938	123	28	5616	171	5705	59	8210	0	200
1660296250.486		5768	127	38	5454	149	5511	59	8210	0	200
1660296250.539		5969	311	44	5470	144	5479	59	8210	0	200
1660296250.593		6010	148	40	5643	179	5734	59	8210	0	200
1660296250.647		6332	124	27	6000	181	6086	59	8210	0	200
1660296250.699		6426	152	32	6077	165	6156	59	8210	0	200
1660296250.754		7209	185	39	6812	173	6901	59	8210	0	200
1660296250.807		6001	124	40	5661	176	5749	59	8210	0	200
1660296250.861		7838	138	32	7419	249	7585	59	8210	0	200
1660296250.914		6195	173	50	5839	133	5911	59	8210	0	200
1660296250.967		8610	297	81	8082	150	8149	59	8210	0	200
1660296251.021		10003	129	29	9648	197	9777	59	8210	0	200
1660296251.074		6299	143	31	6003	122	6067	59	8210	0	200
1660296251.127		6698	195	30	6303	170	6398	59	8210	0	200
1660296251.180		6352	164	30	5987	171	6071	59	8210	0	200
1660296251.233		8173	215	62	7715	181	7836	59	8210	0	200
1660296251.286		9596	320	88	9070	118	9123	59	8210	0	200
1660296251.339		7533	317	118	6954	144	7050	59	8210	0	200
1660296251.392		9196	209	38	8794	155	8849	59	8210	0	200
1660296251.444		6228	180	29	5858	161	5940	59	8210	0	200
1660296251.497		8875	331	87	8321	136	8400	59	8210	0	200
1660296251.549		7845	219	39	7408	179	7513	59	8210	0	200
1660296251.602		8555	356	120	7904	175	8004	59	8210	0	200
1660296251.655		7256	171	43	6889	153	6953	59	8210	0	200
1660296251.707		7159	209	32	6824	94	6832	59	8210	0	200
1660296251.759		7510	277	112	6945	176	7079	59	8210	0	200
1660296251.812		9288	321	115	8692	160	8769	59	8210	0	200
1660296251.863		10192	335	86	9583	188	9671	59	8210	0	200
1660296251.916		10338	386	87	9726	139	9793	59	8210	0	200
1660296251.968		8043	322	82	7418	221	7546	59	8210	0	200
1660296252.020		7366	194	27	7007	138	7070	59	8210	0	200
1660296252.072		10190	362	118	9575	135	9650	59	8210	0	200
1660296252.123		8015	244	45	7594	132	7647	59	8210	0	200
1660296252.176		7386	137	33	7067	149	7115	59	8210	0	200
1660296252.227		7307	312	89	6800	106	6850	59	8210	0	200
1660296252.280		8449	327	94	7919	109	7932	59	8210	0	200
1660296252.332		6395	157	33	6093	112	6136	59	8210	0	200
1660296252.383		8866	316	86	8321	143	8395	59	8210	0	200
1660296252.435		6293	327	118	5709	139	5810	59	8210	0	200
1660296252.486		8943	408	120	8284	131	8358	59	8210	0	200
1660296252.538		9113	311	84	8561	157	8621	59	8210	0	200
1660296252.589		6915	196	52	6580	87	6587	59	8210	0	200
1660296252.640		5932	151	39	5565	177	5663	59	8210	0	200
1660296252.692		8704	148	40	8346	170	8409	59	8210	0	200
1660296252.743		8466	367	88	7893	118	7949	59	8210	0	200
1660296252.795		8337	176	38	7981	142	8041	59	8210	0	200
1660296252.846		11745	163	32	11298	252	11430	59	8210	0	200
1660296252.897		8565	161	105	7983	316	8210	59	8210	0	200
1660296252.948		7770	336	149	7143	142	7223	59	8210	0	200
1660296252.999		8754	335	98	8134	187	8244	59	8210	0	200
1660296253.049		7462	165	44	7093	160	7177	59	8210	0	200
1660296253.101		7672	307	76	7069	220	7197	59	8210	0	200
1660296253.151		7521	168	50	7147	156	7199	59	8210	0	200
1660296253.202		8588	183	48	8203	154	8288	59	8210	0	200
1660296253.253		7355	192	41	6915	207	7035	59	8210	0	200
1660296253.304		10274	188	33	9838	215	9949	59	8210	0	200
1660296253.354		6849	363	130	6213	143	6309	59	8210	0	200
1660296253.405		7887	214	30	7459	184	7512	59	8210	0	200
1660296253.455		5841	319	94	5276	152	5383	59	8210	0	200
1660296253.506		8649	329	87	8104	129	8157	59	8210	0	200
1660296253.556		9326	195	29	8863	239	8986	59	8210	0	200
1660296253.607		9056	338	111	8380	227	8513	59	8210	0	200
1660296253.656		6138	149	30	5783	176	5873	59	8210	0	200
1660296253.707		6477	318	87	5988	84	6015	59	8210	0	200
1660296253.756		10174	354	123	9558	139	9637	59	8210	0	200
1660296253.807		7947	178	38	7501	230	7624	59	8210	0	200
1660296253.857		8993	343	63	8479	108	8496	59	8210	0	200
1660296253.907		10582	175	51	7818	2538	10222	59	8210	0	200
1660296253.957		7012	200	51	6622	139	6667	59	8210	0	200
1660296254.006		9070	454	98	8267	251	8402	59	8210	0	200
1660296254.057		7662	357	50	7063	192	7188	59	8210	0	200
1660296254.107		6541	207	36	6181	117	6223	59	8210	0	200
1660296254.157		7837	209	62	7395	171	7461	59	8210	0	200
1660296254.207		6737	154	40	6354	189	6450	59	8210	0	200
1660296254.256		9622	183	41	9180	218	9300	59	8210	0	200
1660296254.305		7784	170	36	7355	223	7472	59	8210	0	200
1660296254.355		7783	166	45	7420	152	7498	59	8210	0	200
1660296254.405		7961	166	37	7625	133	7683	59	8210	0	200
1660296254.454		9207	334	87	8607	179	8708	59	8210	0	200
1660296254.504		8263	187	33	7902	141	7969	59	8210	0	200
1660296254.553		7668	161	36	7294	177	7394	59	8210	0	200
1660296254.602		10127	332	114	9377	304	9553	59	8210	0	200
1660296254.652		8651	177	42	8158	274	8276	59	8210	0	200
1660296254.701		11301	157	48	10995	101	10993	59	8210	0	200
1660296254.750		8962	372	112	8346	132	8424	59	8210	0	200
1660296254.799		7558	159	31	7164	204	7265	59	8210	0	200
1660296254.848		8146	327	210	7434	175	7507	59	8210	0	200
1660296254.897		9362	314	83	8736	229	8871	59	8210	0	200
1660296254.946		9750	240	68	7941	1501	9313	59	8210	0	200
1660296254.995		8726	352	95	8030	249	8173	59	8210	0	200
1660296255.044		8195	338	122	7524	211	7661	59	8210	0	200
1660296255.093		7993	180	37	7624	152	7696	59	8210	0	200
1660296255.141		7859	289	84	7265	221	7389	59	8210	0	200
1660296255.190		8005	152	37	7588	228	7704	59	8210	0	200
1660296255.239		6403	187	53	6026	137	6080	59	8210	0	200
1660296255.288		9952	146	34	9579	193	9692	59	8210	0	200
1660296255.336		5637	167	30	5350	90	5359	59	8210	0	200
1660296255.385		9207	201	37	8848	121	8902	59	8210	0	200
1660296255.432		7680	183	37	7307	153	7371	59	8210	0	200
1660296255.482		8859	144	35	8418	262	8548	59	8210	0	200
1660296255.530		8128	192	37	7770	129	7820	59	8210	0	200
1660296255.578		7962	372	115	7351	124	7422	59	8210	0	200
1660296255.627		8763	351	117	8156	139	8229	59	8210	0	200
1660296255.675		7873	185	51	7384	253	7529	59	8210	0	200
1660296255.722		8756	320	71	8124	241	8294	59	8210	0	200
1660296255.771		6858	381	122	6255	100	6317	59	8210	0	200
1660296255.819		9511	193	32	9167	119	9208	59	8210	0	200
1660296255.866		6916	222	31	6483	180	6577	59	8210	0	200
1660296255.915		6405	179	44	6100	82	6109	59	8210	0	200
1660296255.963		10762	171	29	10382	180	10485	59	8210	0	200
1660296256.011		7404	170	49	6968	217	7081	59	8210	0	200
1660296256.058		7096	168	43	6703	182	6796	59	8210	0	200
1660296256.107		6700	174	47	6378	101	6416	59	8210	0	200
1660296256.154		8200	164	54	7743	239	7869	59	8210	0	200
1660296256.203		7581	147	35	7241	158	7319	59	8210	0	200
1660296256.250		6647	350	100	6019	178	6125	59	8210	0	200
1660296256.298		5938	348	73	5409	108	5478	59	8210	0	200
1660296256.346		5745	200	31	5419	95	5455	59	8210	0	200
1660296256.393		6174	291	74	5701	108	5771	59	8210	0	200
1660296256.441		7075	191	38	6713	133	6782	59	8210	0	200
1660296256.487		8660	297	83	8140	140	8209	59	8210	0	200
1660296256.536		6590	187	32	6198	173	6304	59	8210	0	200
1660296256.583		9102	173	37	8757	135	8828	59	8210	0	200
1660296256.630		8269	165	58	7902	144	7968	59	8210	0	200
1660296256.677		6215	132	31	5877	175	5962	59	8210	0	200
1660296256.725		9580	393	95	8967	125	9028	59	8210	0	200
1660296256.771		7905	172	40	7565	128	7623	59	8210	0	200
1660296256.819		8690	207	40	8300	143	8364	59	8210	0	200
1660296256.865		9166	323	97	8578	168	8694	59	8210	0	200
1660296256.913		9494	174	43	9045	232	9168	59	8210	0	200
1660296256.959		10658	216	38	10177	227	10294	59	8210	0	200
1660296257.007		8365	223	44	7842	256	8005	59	8210	0	200
1660296257.054		6128	169	42	5813	104	5856	59	8210	0	200
1660296257.101		12228	295	83	11708	142	11774	59	8210	0	200
1660296257.148		6916	190	54	6510	162	6577	59	8210	0	200
1660296257.195		7275	150	64	6845	216	6960	59	8210	0	200
1660296257.241		8186	187	44	7871	84	7875	59	8210	0	200
1660296257.288		5996	166	31	5715	84	5721	59	8210	0	200
1660296257.335		6688	348	121	6134	85	6165	59	8210	0	200
1660296257.382		6400	301	113	5863	123	5955	59	8210	0	200
1660296257.427		11024	318	118	10343	245	10484	59	8210	0	200
1660296257.475		8579	292	82	8085	120	8145	59	8210	0	200
1660296257.520		9693	340	74	9144	135	9222	59	8210	0	200
1660296257.568		7827	226	23	7421	157	7491	59	8210	0	200
1660296257.613		9763	366	85	9054	258	9193	59	8210	0	200
1660296257.661		7895	148	37	7479	231	7603	59	8210	0	200
1660296257.707		8880	186	51	8366	277	8511	59	8210	0	200
1660296257.753		7494	191	38	7150	115	7185	59	8210	0	200
1660296257.800		7799	160	38	7387	214	7497	59	8210	0	200
1660296257.846		7602	159	34	7198	211	7308	59	8210	0	200
1660296257.891		9983	208	48	9549	178	9635	59	8210	0	200
1660296257.938		9498	299	88	8974	137	9034	59	8210	0	200
1660296257.984		7781	139	34	7383	225	7501	59	8210	0	200
1660296258.029		11247	327	102	10597	221	10728	59	8210	0	200
1660296258.076		7526	174	67	7052	233	7170	59	8210	0	200
1660296258.122		7503	228	58	7111	106	7115	59	8210	0	200
1660296258.168		8771	210	52	8299	210	8377	59	8210	0	200
1660296258.214		10677	162	56	10287	172	10355	59	8210	0	200
1660296258.260		5837	187	39	5529	82	5533	59	8210	0	200
1660296258.306		7385	211	52	6995	127	7031	59	8210	0	200
1660296258.352		6108	203	52	5709	144	5791	59	8210	0	200
1660296258.396		5872	157	28	5526	161	5606	59	8210	0	200
1660296258.443		6289	202	31	5962	94	5963	59	8210	0	200
1660296258.489		9326	333	76	8784	133	8861	59	8210	0	200
1660296258.534		7818	318	112	7256	132	7284	59	8210	0	200
1660296258.579		9713	367	90	9023	233	9171	59	8210	0	200
1660296258.626		8370	294	108	7803	165	7885	59	8210	0	200
1660296258.671		11562	344	121	10892	205	11037	59	8210	0	200
1660296258.717		7985	171	58	7534	222	7656	59	8210	0	200
1660296258.762		6313	342	59	5808	104	5877	59	8210	0	200
1660296258.807		6549	320	86	5966	177	6071	59	8210	0	200
1660296258.852		7011	189	29	6663	130	6715	59	8210	0	200
1660296258.898		9279	322	118	8605	234	8758	59	8210	0	200
1660296258.943		8425	299	85	7820	221	7941	59	8210	0	200
1660296258.989		9187	310	70	8566	241	8712	59	8210	0	200
1660296259.034		9578	308	116	9002	152	9094	59	8210	0	200
1660296259.079		9218	154	94	8681	289	8855	59	8210	0	200
1660296259.123		7734	219	53	7312	150	7363	59	8210	0	200
1660296259.169		7275	145	31	6865	234	6994	59	8210	0	200
1660296259.214		7559	169	39	7187	164	7279	59	8210	0	200
1660296259.259		5868	184	37	5512	135	5584	59	8210	0	200
1660296259.304		6539	272	39	6109	119	6154	59	8210	0	200
1660296259.349		5478	153	26	5209	90	5215	59	8210	0	200
1660296259.393		6073	161	26	5743	143	5808	59	8210	0	200
1660296259.439		8407	330	88	7862	127	7928	59	8210	0	200
1660296259.484		6185	147	28	5842	168	5931	59	8210	0	200
1660296259.528		10116	389	89	9407	231	9543	59	8210	0	200
1660296259.573		9823	298	72	9208	245	9353	59	8210	0	200
1660296259.618		9383	179	48	8927	229	9052	59	8210	0	200
1660296259.662		7293	165	51	6888	189	6973	59	8210	0	200
1660296259.707		8083	162	36	7661	224	7774	59	8210	0	200
1660296259.752		7769	216	37	7366	150	7442	59	8210	0	200
1660296259.795		5747	168	26	5433	120	5500	59	8210	0	200
1660296259.841		10408	329	100	9796	183	9904	59	8210	0	200
1660296259.885		7519	172	36	7188	123	7187	59	8210	0	200
1660296259.929		9767	312	84	9120	251	9235	59	8210	0	200
1660296259.974		7912	332	112	7304	164	7406	59	8210	0	200
1660296260.018		8377	382	112	7753	130	7823	59	8210	0	200
1660296260.063		8692	172	36	8212	272	8351	59	8210	0	200
1660296260.107		9383	183	37	8752	411	9007	59	8210	0	200
1660296260.151		7732	165	48	7244	275	7372	59	8210	0	200
1660296260.195		11585	190	53	11100	242	11269	59	8210	0	200
1660296260.240		7152	175	47	6778	152	6838	59	8210	0	200
1660296260.284		9338	359	85	8713	181	8781	59	8210	0	200
1660296260.328		8241	205	46	7840	150	7900	59	8210	0	200
1660296260.372		9103	333	100	8501	169	8614	59	8210	0	200
1660296260.416		7214	287	120	6641	166	6764	59	8210	0	200
1660296260.460		7143	282	116	6614	131	6696	59	8210	0	200
1660296260.503		10314	178	34	9832	270	9982	59	8210	0	200
1660296260.548		9899	142	32	9473	252	9603	59	8210	0	200
1660296260.592		7087	180	35	6657	215	6769	59	8210	0	200
1660296260.636		7973	184	36	7555	198	7655	59	8210	0	200
1660296260.680		6825	172	49	6440	164	6498	59	8210	0	200
1660296260.724		9204	212	80	8704	208	8820	59	8210	0	200
1660296260.767		6464	137	31	6119	177	6210	59	8210	0	200
1660296260.811		5604	159	41	5278	126	5319	59	8210	0	200
1660296260.855		5840	131	31	5535	143	5543	59	8210	0	200
1660296260.898		5698	142	39	5374	143	5427	59	8210	0	200
1660296260.942		5934	222	33	5551	128	5587	59	8210	0	200
1660296260.986		5667	111	27	5399	130	5436	59	8210	0	200
1660296261.029		5993	117	29	5713	134	5750	59	8210	0	200
1660296261.073		5789	104	36	5476	173	5565	59	8210	0	200
1660296261.116		5634	109	27	5371	127	5408	59	8210	0	200
1660296261.160		6152	133	31	5804	184	5904	59	8210	0	200
1660296261.203		6652	123	38	6309	182	6396	59	8210	0	200
1660296261.246		5731	135	31	5430	135	5471	59	8210	0	200
1660296261.290		6029	171	43	5663	152	5729	59	8210	0	200
1660296261.333		6279	131	31	5935	182	6026	59	8210	0	200
1660296261.376		7761	172	37	7430	122	7475	59	8210	0	200
1660296261.420		10638	178	28	10187	245	10319	59	8210	0	200
1660296261.463		7238	315	100	6687	136	6760	59	8210	0	200
1660296261.506		8445	337	87	7811	210	7925	59	8210	0	200
1660296261.549		6316	198	32	5996	90	6002	59	8210	0	200
1660296261.592		10659	197	32	10314	116	10369	59	8210	0	200
1660296261.635		8441	326	87	7914	114	7973	59	8210	0	200
1660296261.678		7489	159	36	7166	128	7209	59	8210	0	200
1660296261.721		6822	160	34	6483	145	6537	59	8210	0	200
1660296261.764		6166	191	27	5856	92	5862	59	8210	0	200
1660296261.806		7747	170	44	7348	185	7436	59	8210	0	200
1660296261.850		7472	181	45	7092	154	7148	59	8210	0	200
1660296261.893		6831	182	31	6422	196	6523	59	8210	0	200
1660296261.936		6672	144	33	6369	126	6428	59	8210	0	200
1660296261.978		8325	297	83	7824	121	7875	59	8210	0	200
1660296262.022		9807	159	42	9472	134	9517	59	8210	0	200
1660296262.064		6539	174	23	6212	130	6262	59	8210	0	200
1660296262.107		7438	158	38	7029	213	7140	59	8210	0	200
1660296262.150		10586	156	41	7517	2872	10255	59	8210	0	200
1660296262.191		7753	199	53	7174	327	7424	59	8210	0	200
1660296262.235		7550	157	31	7212	150	7261	59	8210	0	200
1660296262.278		7783	193	39	7328	223	7443	59	8210	0	200
1660296262.320		7013	197	49	6572	195	6673	59	8210	0	200
1660296262.362		8673	144	36	8289	204	8393	59	8210	0	200
1660296262.405		6439	181	31	6129	98	6134	59	8210	0	200
1660296262.447		6800	202	32	6397	169	6487	59	8210	0	200
1660296262.489		8518	272	90	8046	110	8103	59	8210	0	200
1660296262.533		9906	337	86	9332	151	9406	59	8210	0	200
1660296262.575		9575	145	34	9148	248	9276	59	8210	0	200
1660296262.617		9840	192	38	9336	274	9488	59	8210	0	200
1660296262.659		7648	180	39	7282	147	7346	59	8210	0	200
1660296262.701		9551	326	90	8974	161	9049	59	8210	0	200
1660296262.744		7614	168	46	7272	128	7325	59	8210	0	200
1660296262.785		9136	174	46	8751	165	8830	59	8210	0	200
1660296262.828		7637	159	35	7220	223	7328	59	8210	0	200
1660296262.870		7677	149	40	7313	175	7410	59	8210	0	200
1660296262.913		6892	332	85	6297	178	6390	59	8210	0	200
1660296262.954		9300	320	95	8685	200	8802	59	8210	0	200
1660296262.997		11584	311	84	10968	221	11102	59	8210	0	200
1660296263.039		8261	350	120	7623	168	7733	59	8210	0	200
1660296263.081		8265	162	36	7831	236	7959	59	8210	0	200
1660296263.123		8856	195	38	8397	226	8511	59	8210	0	200
1660296263.164		8096	138	44	7654	260	7794	59	8210	0	200
1660296263.206		10385	437	111	9502	335	9709	59	8210	0	200
1660296263.249		9831	306	91	9203	231	9327	59	8210	0	200
1660296263.290		9045	200	49	8594	202	8684	59	8210	0	200
1660296263.332		9207	219	47	8755	186	8850	59	8210	0	200
1660296263.373		6082	158	41	5752	131	5801	59	8210	0	200
1660296263.416		5808	141	40	5455	172	5541	59	8210	0	200
1660296263.457		8981	222	64	8510	185	8602	59	8210	0	200
1660296263.498		7391	277	76	6914	124	6981	59	8210	0	200
1660296263.541		8119	199	44	7712	164	7780	59	8210	0	200
1660296263.581		5900	178	29	5559	134	5627	59	8210	0	200
1660296263.624		7763	209	44	7374	136	7424	59	8210	0	200
1660296263.665		8112	179	36	7745	152	7804	59	8210	0	200
1660296263.707		8278	177	44	7875	182	7967	59	8210	0	200
1660296263.749		9968	278	74	9322	294	9510	59	8210	0	200
1660296263.790		8810	297	80	8238	195	8339	59	8210	0	200
1660296263.832		6533	141	67	6124	201	6231	59	8210	0	200
1660296263.873		6699	148	45	6314	192	6422	59	8210	0	200
1660296263.914		8131	306	82	7575	168	7636	59	8210	0	200
1660296263.956		7510	178	43	7113	176	7192	59	8210	0	200
1660296263.997		7524	175	42	7182	125	7236	59	8210	0	200
1660296264.037		9953	303	84	9321	245	9459	59	8210	0	200
1660296264.079		8318	177	36	7934	171	8015	59	8210	0	200
1660296264.121		7572	295	74	7015	188	7132	59	8210	0	200
1660296264.161		9118	180	44	8754	140	8813	59	8210	0	200
1660296264.203		8019	309	80	7381	249	7514	59	8210	0	200
1660296264.244		10433	168	45	9908	312	10119	59	8210	0	200
1660296264.285		7787	358	48	7185	196	7276	59	8210	0	200
1660296264.327		6737	138	41	6357	201	6464	59	8210	0	200
1660296264.367		6331	143	36	5976	176	6066	59	8210	0	200
1660296264.409		5927	150	37	5563	177	5651	59	8210	0	200
1660296264.450		6371	180	36	6063	92	6063	59	8210	0	200
1660296264.491		5693	164	31	5398	100	5397	59	8210	0	200
1660296264.531		8081	288	80	7527	186	7640	59	8210	0	200
1660296264.573		6398	185	34	6015	164	6098	59	8210	0	200
1660296264.614		6018	148	39	5684	147	5753	59	8210	0	200
1660296264.654		8244	202	38	7743	261	7892	59	8210	0	200
1660296264.694		6259	197	39	5890	133	5956	59	8210	0	200
1660296264.736		9647	229	34	9316	68	9318	59	8210	0	200
1660296264.777		6330	189	31	5915	195	6017	59	8210	0	200
1660296264.818		10193	141	31	9803	218	9916	59	8210	0	200
1660296264.857		6602	203	64	6199	136	6255	59	8210	0	200
1660296264.899		8899	162	32	8366	339	8554	59	8210	0	200
1660296264.940		8961	281	79	8434	167	8506	59	8210	0	200
1660296264.980		7433	258	92	6998	85	7009	59	8210	0	200
1660296265.021		7977	162	32	7608	175	7654	59	8210	0	200
1660296265.062		7947	196	32	7435	284	7595	59	8210	0	200
1660296265.102		9757	194	34	9204	325	9383	59	8210	0	200
1660296265.143		8513	182	36	8001	294	8147	59	8210	0	200
1660296265.183		7882	191	36	7441	214	7553	59	8210	0	200
1660296265.224		7639	380	123	6992	144	7071	59	8210	0	200
1660296265.264		9899	281	112	6818	2688	9387	59	8210	0	200
1660296265.303		10637	319	93	10031	194	10132	59	8210	0	200
1660296265.345		6111	154	35	5746	176	5833	59	8210	0	200
1660296265.385		6544	195	31	6134	184	6226	59	8210	0	200
1660296265.425		6285	236	42	5829	178	5919	59	8210	0	200
1660296265.465		6352	185	31	6021	115	6080	59	8210	0	200
1660296265.506		8744	178	46	8352	168	8407	59	8210	0	200
1660296265.545		6218	161	27	5930	100	5971	59	8210	0	200
1660296265.587		7361	167	41	7011	142	7078	59	8210	0	200
1660296265.627		8385	203	37	8009	136	8076	59	8210	0	200
1660296265.667		7606	284	69	7129	124	7188	59	8210	0	200
1660296265.707		5847	178	28	5550	91	5584	59	8210	0	200
1660296265.747		7249	178	33	6833	205	6935	59	8210	0	200
1660296265.787		8962	200	46	8511	205	8618	59	8210	0	200
1660296265.827		6873	136	36	6518	183	6612	59	8210	0	200
1660296265.867		5755	140	39	5404	172	5485	59	8210	0	200
1660296265.907		8248	195	46	7896	111	7938	59	8210	0	200
1660296265.947		7097	145	34	6787	131	6847	59	8210	0	200
1660296265.987		10168	384	79	9471	234	9613	59	8210	0	200
1660296266.027		8954	158	37	8605	154	8684	59	8210	0	200
1660296266.067		7448	212	47	7068	121	7116	59	8210	0	200
1660296266.107		7460	321	119	6892	128	6971	59	8210	0	200
1660296266.146		7592	321	78	6980	213	7101	59	8210	0	200
1660296266.187		7511	216	48	7133	114	7179	59	8210	0	200
1660296266.227		8780	321	121	8074	264	8223	59	8210	0	200
1660296266.266		9754	451	138	8976	189	9092	59	8210	0	200
1660296266.306		10048	382	92	9266	308	9466	59	8210	0	200
1660296266.346		6805	146	40	6481	138	6532	59	8210	0	200
1660296266.385		7455	149	41	7128	137	7198	59	8210	0	200
1660296266.425		7542	184	35	7155	168	7241	59	8210	0	200
1660296266.465		6412	185	38	6061	128	6100	59	8210	0	200
1660296266.505		6255	188	33	5869	165	5952	59	8210	0	200
1660296266.544		6877	184	27	6451	215	6563	59	8210	0	200
1660296266.584		9749	248	66	9234	201	9363	59	8210	0	200
1660296266.623		9045	247	67	8499	232	8649	59	8210	0	200
1660296266.663		6852	224	44	6393	191	6494	59	8210	0	200
1660296266.702		13045	164	41	12501	339	12738	59	8210	0	200
1660296266.742		6613	146	37	6266	164	6368	59	8210	0	200
1660296266.781		5934	211	41	5558	124	5622	59	8210	0	200
1660296266.821		6734	163	39	6352	180	6450	59	8210	0	200
1660296266.859		10568	160	41	10233	134	10315	59	8210	0	200
1660296266.899		6971	130	37	6610	194	6717	59	8210	0	200
1660296266.939		9734	147	36	9359	192	9472	59	8210	0	200
1660296266.978		6052	150	38	5723	141	5792	59	8210	0	200
1660296267.017		6967	192	32	6554	189	6657	59	8210	0	200
1660296267.056		5800	153	43	5472	132	5528	59	8210	0	200
1660296267.096		6293	155	31	5930	177	6021	59	8210	0	200
1660296267.135		6484	182	45	6084	173	6176	59	8210	0	200
1660296267.174		5821	168	42	5437	174	5527	59	8210	0	200
1660296267.212		6105	171	36	5677	221	5792	59	8210	0	200
1660296267.252		5935	426	130	5259	120	5338	59	8210	0	200
1660296267.292		6978	239	46	6532	161	6617	59	8210	0	200
1660296267.331		12967	147	38	12449	333	12697	59	8210	0	200
1660296267.370		14796	156	38	14410	192	14518	59	8210	0	200
1660296267.409		8007	238	64	7481	224	7596	59	8210	0	200
1660296267.448		10327	203	37	9867	220	9985	59	8210	0	200
1660296267.487		10063	173	51	9309	530	9668	59	8210	0	200
1660296267.526		18033	195	44	17596	198	17715	59	8210	0	200
1660296267.565		7143	138	36	6734	235	6887	59	8210	0	200
1660296267.604		5968	131	29	5677	131	5729	59	8210	0	200
1660296267.642		6585	125	38	6083	339	6328	59	8210	0	200
1660296267.681		12269	255	65	11536	413	11855	59	8210	0	200
1660296267.719		10053	148	35	8042	1828	9730	59	8210	0	200
1660296267.759		11185	160	46	10525	454	10885	59	8210	0	200
1660296267.798		21436	157	38	20758	483	21096	59	8210	0	200
1660296267.835		28164	162	41	26623	1338	27857	59	8210	0	200
1660296267.875		21485	159	39	21070	217	21197	59	8210	0	200
1660296267.913		19362	168	41	18988	165	19082	59	8210	0	200
1660296267.953		18953	196	39	18305	413	18627	59	8210	0	200
1660296267.991		9907	141	33	9556	177	9642	59	8210	0	200
1660296268.030		6597	180	43	6176	198	6295	59	8210	0	200
1660296268.069		8357	138	35	8022	162	8097	59	8210	0	200
1660296268.107		8472	142	43	8124	163	8201	59	8210	0	200
1660296268.146		17546	171	41	17063	271	17243	59	8210	0	200
1660296268.184		10710	174	40	10043	453	10391	59	8210	0	200
1660296268.222		8815	152	36	8469	158	8551	59	8210	0	200
1660296268.261		34121	159	39	33515	408	33830	59	8210	0	200
1660296268.299		11251	158	40	10834	219	10966	59	8210	0	200
1660296268.338		18827	200	41	18142	444	18488	59	8210	0	200
1660296268.377		17083	215	53	16397	418	16718	59	8210	0	200
1660296268.415		10364	161	38	9752	413	10085	59	8210	0	200
1660296268.453		8390	258	46	7934	152	8024	59	8210	0	200
1660296268.491		5966	132	31	5672	131	5725	59	8210	0	200
1660296268.530		7224	133	30	6885	176	6971	59	8210	0	200
1660296268.568		6589	150	33	6191	215	6281	59	8210	0	200
1660296268.607		6495	198	29	6096	172	6197	59	8210	0	200
1660296268.645		6741	174	29	6393	145	6465	59	8210	0	200
1660296268.682		8685	172	30	8201	282	8322	59	8210	0	200
1660296268.722		7936	177	34	7596	129	7645	59	8210	0	200
1660296268.760		7738	334	105	7143	156	7263	59	8210	0	200
1660296268.797		6464	170	31	6155	108	6198	59	8210	0	200
1660296268.836		6355	130	30	6062	133	6107	59	8210	0	200
1660296268.873		9081	132	37	8710	202	8847	59	8210	0	200
1660296268.912		6226	240	35	5784	167	5871	59	8210	0	200
1660296268.949		6903	280	43	6377	203	6428	59	8210	0	200
1660296268.987		10158	244	68	9648	198	9764	59	8210	0	200
1660296269.025		10000	140	40	9764	56	9769	59	8210	0	200
1660296269.063		9489	144	36	9109	200	9212	59	8210	0	200
1660296269.102		7020	273	69	6496	182	6590	59	8210	0	200
1660296269.140		6014	133	37	5666	178	5755	59	8210	0	200
1660296269.178		8769	156	42	8437	134	8490	59	8210	0	200
1660296269.215		6573	146	37	6218	172	6304	59	8210	0	200
1660296269.254		21058	149	45	20614	250	20772	59	8210	0	200
1660296269.292		9216	234	30	8773	179	8924	59	8210	0	200
1660296269.330		5826	153	42	5496	135	5546	59	8210	0	200
1660296269.368		5931	149	38	5559	185	5647	59	8210	0	200
1660296269.408		11142	160	40	10760	182	10851	59	8210	0	200
1660296269.443		6786	163	39	6450	134	6497	59	8210	0	200
1660296269.481		6255	154	40	5883	178	5974	59	8210	0	200
1660296269.518		6123	198	36	5754	135	5802	59	8210	0	200
1660296269.557		6406	203	31	6061	111	6116	59	8210	0	200
1660296269.593		6368	211	44	5937	176	6021	59	8210	0	200
1660296269.632		6305	351	84	5767	103	5827	59	8210	0	200
1660296269.670		6178	167	29	5893	89	5891	59	8210	0	200
1660296269.707		7807	276	39	7250	242	7378	59	8210	0	200
1660296269.745		8319	229	53	7822	215	7936	59	8210	0	200
1660296269.782		9744	326	78	9131	209	9260	59	8210	0	200
1660296269.820		10634	189	43	10207	195	10334	59	8210	0	200
1660296269.856		8023	128	38	7674	183	7772	59	8210	0	200
1660296269.895		8208	164	41	7864	139	7919	59	8210	0	200
1660296269.932		7528	329	52	7001	146	7073	59	8210	0	200
1660296269.970		5911	158	43	5532	178	5624	59	8210	0	200
1660296270.007		7818	227	57	7408	126	7470	59	8210	0	200
1660296270.045		9483	169	36	9133	145	9181	59	8210	0	200
1660296270.082		8134	186	36	7677	235	7789	59	8210	0	200
1660296270.120		8052	296	83	7567	106	7576	59	8210	0	200
1660296270.157		8260	262	84	7745	169	7840	59	8210	0	200
1660296270.194		8114	319	83	7481	231	7631	59	8210	0	200
1660296270.232		7026	163	33	6655	175	6712	59	8210	0	200
1660296270.269		6548	185	44	6108	211	6229	59	8210	0	200
1660296270.306		7725	161	52	7339	173	7429	59	8210	0	200
1660296270.344		5818	130	39	5519	130	5565	59	8210	0	200
1660296270.381		17224	119	38	16874	193	16979	59	8210	0	200
1660296270.418		7552	139	34	7228	151	7297	59	8210	0	200
1660296270.454		7449	125	36	7095	193	7195	59	8210	0	200
1660296270.492		10986	143	29	10480	334	10646	59	8210	0	200
1660296270.529		13462	142	39	12832	449	13176	59	8210	0	200
1660296270.567		23998	159	40	17719	6080	23702	59	8210	0	200
1660296270.604		12225	131	41	11859	194	11965	59	8210	0	200
1660296270.641		9745	284	47	9256	158	9369	59	8210	0	200
1660296270.677		7351	190	29	6938	194	7061	59	8210	0	200
1660296270.714		7024	142	38	6552	292	6740	59	8210	0	200
1660296270.752		7489	131	37	7198	123	7256	59	8210	0	200
1660296270.789		6127	125	29	5832	141	5891	59	8210	0	200
1660296270.826		7364	175	29	6977	183	7067	59	8210	0	200
1660296270.863		8367	148	34	8033	152	8095	59	8210	0	200
1660296270.899		5767	197	30	5366	174	5453	59	8210	0	200
1660296270.937		6783	202	30	6369	182	6445	59	8210	0	200
1660296270.974		6157	198	69	5793	97	5806	59	8210	0	200
1660296271.010		7911	173	30	7541	167	7623	59	8210	0	200
1660296271.047		5997	184	29	5604	180	5693	59	8210	0	200
1660296271.084		11417	206	66	10993	152	11069	59	8210	0	200
1660296271.121		7748	175	39	7385	149	7445	59	8210	0	200
1660296271.157		9514	193	38	8989	294	9123	59	8210	0	200
1660296271.195		8655	263	72	8157	163	8218	59	8210	0	200
1660296271.231		8387	209	65	7791	322	7999	59	8210	0	200
1660296271.268		8804	131	34	8471	168	8540	59	8210	0	200
1660296271.305		6662	128	30	6310	194	6371	59	8210	0	200
1660296271.340		7295	137	36	6922	200	7030	59	8210	0	200
1660296271.378		6925	145	41	5815	924	5870	59	8210	0	200
1660296271.415		9345	153	38	8968	186	9066	59	8210	0	200
1660296271.451		6927	198	45	6460	224	6596	59	8210	0	200
1660296271.488		5831	117	30	5507	177	5600	59	8210	0	200
1660296271.525		6041	129	30	5710	172	5798	59	8210	0	200
1660296271.561		6625	133	39	6320	133	6360	59	8210	0	200
1660296271.598		5694	124	37	5349	184	5439	59	8210	0	200
1660296271.634		7466	183	40	7078	165	7153	59	8210	0	200
1660296271.670		14210	157	38	13966	49	13965	59	8210	0	200
1660296271.707		7314	145	39	6994	136	7032	59	8210	0	200
1660296271.744		6647	134	36	6300	177	6389	59	8210	0	200
1660296271.779		9923	165	39	9491	228	9630	59	8210	0	200
1660296271.817		5813	134	39	5466	174	5555	59	8210	0	200
1660296271.853		7721	117	42	7413	149	7463	59	8210	0	200
1660296271.889		5691	109	26	5377	179	5461	59	8210	0	200
1660296271.926		5831	124	30	5502	175	5590	59	8210	0	200
1660296271.962		5770	172	42	5409	147	5463	59	8210	0	200
1660296271.998		6023	121	32	5696	174	5786	59	8210	0	200
1660296272.035		6473	167	43	6103	160	6167	59	8210	0	200
1660296272.071		7051	134	39	6737	141	6782	59	8210	0	200
1660296272.107		6615	222	33	6189	171	6275	59	8210	0	200
1660296272.142		7063	186	40	6707	130	6771	59	8210	0	200
1660296272.180		7336	166	37	6986	147	7045	59	8210	0	200
1660296272.216		6047	151	49	5687	160	5775	59	8210	0	200
1660296272.252		6235	157	45	5868	165	5951	59	8210	0	200
1660296272.288		6619	161	27	6264	167	6340	59	8210	0	200
1660296272.324		6716	354	189	6035	138	6106	59	8210	0	200
1660296272.360		6430	183	31	6031	185	6130	59	8210	0	200
1660296272.396		9356	347	120	8772	117	8846	59	8210	0	200
1660296272.433		6240	189	49	5899	103	5935	59	8210	0	200
1660296272.468		10429	172	42	9919	296	10083	59	8210	0	200
1660296272.505		8467	209	42	7950	266	8088	59	8210	0	200
1660296272.541		6481	143	30	6095	213	6181	59	8210	0	200
1660296272.577		6292	151	42	5916	183	6009	59	8210	0	200
1660296272.613		6022	192	55	5668	107	5718	59	8210	0	200
1660296272.649		7743	200	30	7324	189	7433	59	8210	0	200
1660296272.685		7805	209	36	7434	126	7481	59	8210	0	200
1660296272.721		5986	172	42	5635	137	5688	59	8210	0	200
1660296272.757		7252	208	37	6792	215	6906	59	8210	0	200
1660296272.792		10492	339	82	9836	235	9965	59	8210	0	200
1660296272.828		7258	380	78	6677	123	6734	59	8210	0	200
1660296272.864		8379	337	119	7717	206	7847	59	8210	0	200
1660296272.900		9362	347	121	8764	130	8852	59	8210	0	200
1660296272.936		8088	165	40	7694	189	7793	59	8210	0	200
1660296272.972		9672	235	40	9231	166	9290	59	8210	0	200
1660296273.007		6600	193	48	6190	169	6280	59	8210	0	200
1660296273.043		6017	137	38	5667	175	5747	59	8210	0	200
1660296273.079		7231	131	38	6842	220	6973	59	8210	0	200
1660296273.115		8504	160	41	8229	74	8220	59	8210	0	200
1660296273.150		9024	268	54	8499	203	8612	59	8210	0	200
1660296273.186		7200	154	47	6782	217	6891	59	8210	0	200
1660296273.221		6017	201	29	5670	117	5727	59	8210	0	200
1660296273.256		7110	174	34	6743	159	6820	59	8210	0	200
1660296273.293		7449	179	41	7018	211	7158	59	8210	0	200
1660296273.329		10068	299	83	9430	256	9612	59	8210	0	200
1660296273.364		5795	160	39	5447	149	5545	59	8210	0	200
1660296273.400		5955	199	31	5604	121	5666	59	8210	0	200
1660296273.435		7905	260	53	7367	225	7490	59	8210	0	200
1660296273.471		5881	198	30	5499	154	5586	59	8210	0	200
1660296273.506		9065	182	42	8657	184	8737	59	8210	0	200
1660296273.541		6162	133	40	5806	183	5888	59	8210	0	200
1660296273.576		6369	187	57	5986	139	6039	59	8210	0	200
1660296273.613		7024	232	46	6523	223	6633	59	8210	0	200
1660296273.648		6829	258	47	6354	170	6449	59	8210	0	200
1660296273.684		6298	120	39	6031	108	6064	59	8210	0	200
1660296273.719		6449	347	93	5913	96	5934	59	8210	0	200
1660296273.754		8451	190	61	8036	164	8091	59	8210	0	200
1660296273.789		9339	318	88	8807	126	8864	59	8210	0	200
1660296273.825		9375	362	76	8711	226	8844	59	8210	0	200
1660296273.860		7829	167	34	7393	235	7515	59	8210	0	200
1660296273.896		9712	366	69	9101	176	9211	59	8210	0	200
1660296273.931		7530	175	33	7109	213	7220	59	8210	0	200
1660296273.965		7912	294	118	7374	126	7444	59	8210	0	200
1660296274.002		9097	280	78	8517	222	8643	59	8210	0	200
1660296274.037		7094	182	46	6643	223	6773	59	8210	0	200
1660296274.072		6756	178	50	6378	150	6436	59	8210	0	200
1660296274.107		8630	140	40	8321	129	8373	59	8210	0	200
1660296274.142		7218	196	41	6858	123	6904	59	8210	0	200
1660296274.177		7405	182	34	6978	211	7084	59	8210	0	200
1660296274.213		6012	195	40	5667	110	5716	59	8210	0	200
1660296274.248		5792	348	87	5237	120	5321	59	8210	0	200
1660296274.282		8918	182	44	8488	204	8604	59	8210	0	200
1660296274.318		8831	291	81	8210	249	8343	59	8210	0	200
1660296274.352		7388	198	35	6984	171	7082	59	8210	0	200
1660296274.388		8272	193	35	7813	231	7931	59	8210	0	200
1660296274.423		8166	180	39	7721	226	7837	59	8210	0	200
1660296274.457		9492	320	98	8842	232	8970	59	8210	0	200
1660296274.493		9923	148	50	9432	293	9580	59	8210	0	200
1660296274.528		6607	151	41	6138	277	6317	59	8210	0	200
1660296274.563		7424	135	40	7065	184	7159	59	8210	0	200
1660296274.598		8426	204	34	8044	144	8097	59	8210	0	200
1660296274.633		6244	173	43	5901	127	5945	59	8210	0	200
1660296274.668		6270	200	63	5832	175	5931	59	8210	0	200
1660296274.703		6965	208	65	6544	148	6596	59	8210	0	200
1660296274.738		6148	163	26	5767	192	5889	59	8210	0	200
1660296274.773		7135	156	33	6723	223	6844	59	8210	0	200
1660296274.807		8114	246	69	7672	127	7729	59	8210	0	200
1660296274.842		7347	199	47	6918	183	7017	59	8210	0	200
1660296274.876		6771	213	45	6391	122	6452	59	8210	0	200
1660296274.912		6851	198	46	6496	111	6546	59	8210	0	200
1660296274.947		8132	312	75	7500	245	7644	59	8210	0	200
1660296274.981		9794	279	41	9218	256	9372	59	8210	0	200
1660296275.016		7494	168	33	7070	223	7183	59	8210	0	200
1660296275.051		6726	150	44	6357	175	6449	59	8210	0	200
1660296275.086		5956	118	39	5609	190	5699	59	8210	0	200
1660296275.119		8660	149	36	8311	164	8369	59	8210	0	200
1660296275.155		6053	379	80	5485	109	5559	59	8210	0	200
1660296275.190		8960	343	86	8384	147	8449	59	8210	0	200
1660296275.224		8152	115	39	7842	156	7924	59	8210	0	200
1660296275.259		7465	296	53	6976	140	7033	59	8210	0	200
1660296275.293		7683	192	36	7262	193	7378	59	8210	0	200
1660296275.328		6981	203	43	6600	135	6625	59	8210	0	200
1660296275.362		7307	209	38	6913	147	6992	59	8210	0	200
1660296275.397		7004	128	33	6691	152	6760	59	8210	0	200
1660296275.432		5695	175	36	5311	173	5394	59	8210	0	200
1660296275.466		9192	288	81	8673	150	8754	59	8210	0	200
1660296275.501		7094	172	34	6751	137	6804	59	8210	0	200
1660296275.535		7941	155	42	7458	286	7646	59	8210	0	200
1660296275.570		11670	173	46	11215	236	11350	59	8210	0	200
1660296275.604		9631	240	42	9066	283	9201	59	8210	0	200
1660296275.638		6328	190	30	5992	116	6039	59	8210	0	200
1660296275.673		5846	169	43	5472	162	5555	59	8210	0	200
1660296275.707		7752	173	35	7388	156	7446	59	8210	0	200
1660296275.742		8702	204	40	8276	182	8371	59	8210	0	200
1660296275.776		6973	158	36	6631	148	6702	59	8210	0	200
1660296275.809		9377	154	30	9002	191	9075	59	8210	0	200
1660296275.845		9735	256	69	9139	271	9283	59	8210	0	200
1660296275.879		7165	192	34	6826	113	6864	59	8210	0	200
1660296275.913		7203	296	76	6636	195	6748	59	8210	0	200
1660296275.947		7120	165	45	6794	116	6845	59	8210	0	200
1660296275.982		6995	178	34	6631	152	6676	59	8210	0	200
1660296276.016		7035	393	83	6361	198	6479	59	8210	0	200
1660296276.050		6282	132	31	5942	177	6032	59	8210	0	200
1660296276.084		6739	168	47	6378	146	6432	59	8210	0	200
1660296276.119		8482	246	45	7917	274	8069	59	8210	0	200
1660296276.153		6900	146	30	6604	120	6646	59	8210	0	200
1660296276.187		8804	354	36	8242	172	8315	59	8210	0	200
1660296276.221		5768	87	22	5584	75	5580	59	8210	0	200
1660296276.255		6141	79	21	5925	116	5975	59	8210	0	200
1660296276.289		7756	101	28	7449	178	7542	59	8210	0	200
1660296276.323		6873	220	70	6372	211	6493	59	8210	0	200
1660296276.357		6797	95	26	6531	145	6614	59	8210	0	200
1660296276.392		7525	92	29	7226	178	7324	59	8210	0	200
1660296276.427		6459	96	25	6185	153	6277	59	8210	0	200
1660296276.460		6898	93	26	6650	129	6708	59	8210	0	200
1660296276.495		6513	221	69	6033	190	6143	59	8210	0	200
1660296276.528		9260	132	52	8898	178	9073	59	8210	0	200
1660296276.562		7396	92	34	6987	283	7176	59	8210	0	200
1660296276.596		5828	92	32	5522	182	5625	59	8210	0	200
1660296276.629		6110	163	62	5767	118	5824	59	8210	0	200
1660296276.663		5844	90	22	5658	74	5661	59	8210	0	200
1660296276.697		5810	248	76	5355	131	5439	59	8210	0	200
1660296276.732		7976	234	69	7448	225	7579	59	8210	0	200
1660296276.765		7787	99	29	7520	139	7588	59	8210	0	200
1660296276.799		7171	101	28	6902	140	6967	59	8210	0	200
1660296276.834		8995	252	75	8500	168	8622	59	8210	0	200
1660296276.867		8080	104	30	7712	234	7842	59	8210	0	200
1660296276.900		9550	289	76	9034	151	9140	59	8210	0	200
1660296276.934		6727	105	28	6407	187	6510	59	8210	0	200
1660296276.968		9935	238	122	9348	227	9479	59	8210	0	200
1660296277.002		8537	238	70	8007	222	8136	59	8210	0	200
1660296277.036		10087	119	34	9740	194	9863	59	8210	0	200
1660296277.069		6049	118	35	5789	107	5836	59	8210	0	200
1660296277.103		5968	91	29	5728	120	5771	59	8210	0	200
1660296277.138		5942	120	34	5682	106	5730	59	8210	0	200
1660296277.170		7453	101	26	7108	218	7216	59	8210	0	200
1660296277.204		9762	86	27	9502	147	9577	59	8210	0	200
1660296277.239		6761	235	69	6347	110	6403	59	8210	0	200
1660296277.272		9811	306	94	9263	148	9355	59	8210	0	200
1660296277.306		9088	250	73	8603	162	8691	59	8210	0	200
1660296277.339		8511	231	69	7962	249	8107	59	8210	0	200
1660296277.372		7271	94	31	7041	105	7087	59	8210	0	200
1660296277.406		7916	86	22	7548	260	7694	59	8210	0	200
1660296277.440		6676	104	37	6393	142	6468	59	8210	0	200
1660296277.474		8344	308	101	7822	113	7836	59	8210	0	200
1660296277.507		8312	110	38	8007	157	8093	59	8210	0	200
1660296277.540		5878	92	22	5591	173	5683	59	8210	0	200
1660296277.574		8316	118	41	7732	425	8069	59	8210	0	200
1660296277.607		8411	96	24	8178	113	8230	59	8210	0	200
1660296277.641		6690	136	42	6373	139	6437	59	8210	0	200
1660296277.674		7342	89	23	7077	153	7149	59	8210	0	200
1660296277.707		6100	94	25	5859	122	5925	59	8210	0	200
1660296277.742		7840	124	31	7590	95	7628	59	8210	0	200
1660296277.774		6251	110	33	6003	105	6053	59	8210	0	200
1660296277.807		7928	115	27	7671	115	7708	59	8210	0	200
1660296277.841		8580	97	27	7953	503	8358	59	8210	0	200
1660296277.874		8582	108	35	8173	266	8321	59	8210	0	200
