2022-08-14 10:03:39,826 INFO o.a.j.u.JMeterUtils: Setting Locale to en_US
2022-08-14 10:03:39,850 INFO o.a.j.JMeter: Loading user properties from: /usr/local/apache-jmeter-3.3/bin/user.properties
2022-08-14 10:03:39,851 INFO o.a.j.JMeter: Loading system properties from: /usr/local/apache-jmeter-3.3/bin/system.properties
2022-08-14 10:03:39,852 INFO o.a.j.JMeter: Setting JMeter property: jmeter.save.saveservice.default_delimiter=\t
2022-08-14 10:03:39,853 INFO o.a.j.JMeter: Setting JMeter property: jmeter.save.saveservice.connect_time=true
2022-08-14 10:03:39,860 INFO o.a.j.JMeter: Copyright (c) 1998-2017 The Apache Software Foundation
2022-08-14 10:03:39,861 INFO o.a.j.JMeter: Version 3.3 r1808647
2022-08-14 10:03:39,861 INFO o.a.j.JMeter: java.version=1.8.0_191
2022-08-14 10:03:39,861 INFO o.a.j.JMeter: java.vm.name=OpenJDK 64-Bit Server VM
2022-08-14 10:03:39,861 INFO o.a.j.JMeter: os.name=Linux
2022-08-14 10:03:39,861 INFO o.a.j.JMeter: os.arch=amd64
2022-08-14 10:03:39,861 INFO o.a.j.JMeter: os.version=5.15.0-46-generic
2022-08-14 10:03:39,861 INFO o.a.j.JMeter: file.encoding=ANSI_X3.4-1968
2022-08-14 10:03:39,861 INFO o.a.j.JMeter: Max memory     =536870912
2022-08-14 10:03:39,861 INFO o.a.j.JMeter: Available Processors =4
2022-08-14 10:03:39,868 INFO o.a.j.JMeter: Default Locale=English (United States)
2022-08-14 10:03:39,868 INFO o.a.j.JMeter: JMeter  Locale=English (United States)
2022-08-14 10:03:39,869 INFO o.a.j.JMeter: JMeterHome=/usr/local/apache-jmeter-3.3
2022-08-14 10:03:39,869 INFO o.a.j.JMeter: user.dir  =/var/loadtest
2022-08-14 10:03:39,869 INFO o.a.j.JMeter: PWD       =/var/loadtest
2022-08-14 10:03:39,869 INFO o.a.j.JMeter: IP: 127.0.1.1 Name: ubuntu FullName: ubuntu
2022-08-14 10:03:39,873 INFO o.a.j.s.FileServer: Default base='/var/loadtest'
2022-08-14 10:03:39,873 INFO o.a.j.s.FileServer: Set new base='/var/loadtest'
2022-08-14 10:03:40,175 INFO o.a.j.s.SaveService: Testplan (JMX) version: 2.2. Testlog (JTL) version: 2.2
2022-08-14 10:03:40,206 INFO o.a.j.s.SaveService: Using SaveService properties file encoding UTF-8
2022-08-14 10:03:40,212 INFO o.a.j.s.SaveService: Using SaveService properties version 3.2
2022-08-14 10:03:40,222 INFO o.a.j.s.SaveService: Loading file: /var/loadtest/modified_pWlXB4.jmx
2022-08-14 10:03:40,283 INFO o.a.j.p.h.c.CookieManager: Settings: Delete null: true Check: true Allow variable: true Save: false Prefix: COOKIE_
2022-08-14 10:03:40,298 INFO o.a.j.p.h.s.HTTPSamplerBase: Parser for text/html is org.apache.jmeter.protocol.http.parser.LagartoBasedHtmlParser
2022-08-14 10:03:40,299 INFO o.a.j.p.h.s.HTTPSamplerBase: Parser for application/xhtml+xml is org.apache.jmeter.protocol.http.parser.LagartoBasedHtmlParser
2022-08-14 10:03:40,299 INFO o.a.j.p.h.s.HTTPSamplerBase: Parser for application/xml is org.apache.jmeter.protocol.http.parser.LagartoBasedHtmlParser
2022-08-14 10:03:40,299 INFO o.a.j.p.h.s.HTTPSamplerBase: Parser for text/xml is org.apache.jmeter.protocol.http.parser.LagartoBasedHtmlParser
2022-08-14 10:03:40,299 INFO o.a.j.p.h.s.HTTPSamplerBase: Parser for text/vnd.wap.wml is org.apache.jmeter.protocol.http.parser.RegexpHTMLParser
2022-08-14 10:03:40,299 INFO o.a.j.p.h.s.HTTPSamplerBase: Parser for text/css is org.apache.jmeter.protocol.http.parser.CssParser
2022-08-14 10:03:40,352 INFO o.a.j.JMeter: Creating summariser <summary>
2022-08-14 10:03:40,360 INFO o.a.j.e.StandardJMeterEngine: Running the test!
2022-08-14 10:03:40,361 INFO o.a.j.s.SampleEvent: List of sample_variables: []
2022-08-14 10:03:40,361 INFO o.a.j.s.SampleEvent: List of sample_variables: []
2022-08-14 10:03:40,368 INFO o.a.j.e.u.CompoundVariable: Note: Function class names must contain the string: '.functions.'
2022-08-14 10:03:40,368 INFO o.a.j.e.u.CompoundVariable: Note: Function class names must not contain the string: '.gui.'
2022-08-14 10:03:41,137 INFO o.a.j.JMeter: Running test (1660471421137)
2022-08-14 10:03:41,190 INFO o.a.j.e.StandardJMeterEngine: Starting ThreadGroup: 1 : Jmeter
2022-08-14 10:03:41,190 INFO o.a.j.e.StandardJMeterEngine: Starting 1 threads for group Jmeter.
2022-08-14 10:03:41,190 INFO o.a.j.e.StandardJMeterEngine: Thread will continue on error
2022-08-14 10:03:41,191 INFO o.a.j.t.ThreadGroup: Starting thread group... number=1 threads=1 ramp-up=1 perThread=1000.0 delayedStart=false
2022-08-14 10:03:41,199 INFO o.a.j.t.ThreadGroup: Started thread group number 1
2022-08-14 10:03:41,199 INFO o.a.j.e.StandardJMeterEngine: All thread groups have been started
2022-08-14 10:03:41,202 INFO o.a.j.t.JMeterThread: Thread started: Jmeter 1-1
2022-08-14 10:03:41,229 INFO o.a.j.p.h.s.HTTPHCAbstractImpl: Local host = ubuntu
2022-08-14 10:03:41,235 INFO o.a.j.p.h.s.HTTPHC4Impl: HTTP request retry count = 0
2022-08-14 10:03:41,243 INFO o.a.j.s.SampleResult: Note: Sample TimeStamps are START times
2022-08-14 10:03:41,244 INFO o.a.j.s.SampleResult: sampleresult.default.encoding is set to ISO-8859-1
2022-08-14 10:03:41,244 INFO o.a.j.s.SampleResult: sampleresult.useNanoTime=true
2022-08-14 10:03:41,244 INFO o.a.j.s.SampleResult: sampleresult.nanoThreadSleep=5000
2022-08-14 10:03:42,099 INFO o.a.j.t.JMeterThread: Thread is done: Jmeter 1-1
2022-08-14 10:03:42,099 INFO o.a.j.t.JMeterThread: Thread finished: Jmeter 1-1
2022-08-14 10:03:42,100 INFO o.a.j.e.StandardJMeterEngine: Notifying test listeners of end of test
2022-08-14 10:03:42,102 INFO o.a.j.r.Summariser: summary =      4 in 00:00:01 =    4.1/s Avg:   192 Min:    24 Max:   613 Err:     0 (0.00%)
