2022-08-14 10:03:36,074 [INFO] root consoleworker.py:434	Log file created
2022-08-14 10:03:36,074 [INFO] root consoleworker.py:438	Logging handler <logging.FileHandler object at 0x7f8ddf316c50> added
2022-08-14 10:03:36,074 [INFO] root consoleworker.py:438	Logging handler <logging.StreamHandler object at 0x7f8ddf35e890> added
2022-08-14 10:03:36,074 [INFO] root consoleworker.py:438	Logging handler <logging.StreamHandler object at 0x7f8ddf302a90> added
2022-08-14 10:03:36,074 [INFO] root consoleworker.py:373	Created a folder for the test. /var/loadtest/logs/2022-08-14_10-03-36.018853
2022-08-14 10:03:36,074 [INFO] yandextank.core.tankcore tankcore.py:237	Configuring plugins...
2022-08-14 10:03:36,074 [INFO] yandextank.core.tankcore tankcore.py:190	Loading plugins...
2022-08-14 10:03:36,075 [DEBUG] yandextank.core.tankcore tankcore.py:192	Loading plugin rcheck from yandextank.plugins.ResourceCheck
2022-08-14 10:03:36,075 [DEBUG] yandextank.core.tankcore tankcore.py:192	Loading plugin json_report from yandextank.plugins.JsonReport
2022-08-14 10:03:36,075 [DEBUG] yandextank.core.tankcore tankcore.py:192	Loading plugin overload from yandextank.plugins.DataUploader
2022-08-14 10:03:36,076 [DEBUG] yandextank.core.tankcore tankcore.py:192	Loading plugin rcassert from yandextank.plugins.RCAssert
2022-08-14 10:03:36,076 [DEBUG] yandextank.core.tankcore tankcore.py:192	Loading plugin console from yandextank.plugins.Console
2022-08-14 10:03:36,076 [DEBUG] yandextank.core.tankcore tankcore.py:192	Loading plugin jmeter from yandextank.plugins.JMeter
2022-08-14 10:03:36,076 [DEBUG] yandextank.core.tankcore tankcore.py:192	Loading plugin shellexec from yandextank.plugins.ShellExec
2022-08-14 10:03:36,076 [DEBUG] yandextank.core.tankcore tankcore.py:192	Loading plugin autostop from yandextank.plugins.Autostop
2022-08-14 10:03:36,076 [DEBUG] yandextank.core.tankcore tankcore.py:212	Plugin instances: {'plugin_json_report': <yandextank.plugins.JsonReport.plugin.Plugin object at 0x7f8ddf2430d0>, 'plugin_autostop': <yandextank.plugins.Autostop.plugin.Plugin object at 0x7f8ddf29dd10>, 'plugin_shellexec': <yandextank.plugins.ShellExec.plugin.Plugin object at 0x7f8ddf2436d0>, 'plugin_console': <yandextank.plugins.Console.plugin.Plugin object at 0x7f8ddf243d50>, 'plugin_jmeter': <yandextank.plugins.JMeter.plugin.Plugin object at 0x7f8ddf2433d0>, 'plugin_rcassert': <yandextank.plugins.RCAssert.plugin.Plugin object at 0x7f8ddf243210>, 'plugin_rcheck': <yandextank.plugins.ResourceCheck.plugin.Plugin object at 0x7f8ddf243e10>, 'plugin_overload': <yandextank.plugins.DataUploader.plugin.Plugin object at 0x7f8ddf243d10>}
2022-08-14 10:03:36,077 [DEBUG] yandextank.core.tankcore tankcore.py:244	Configuring <yandextank.plugins.JsonReport.plugin.Plugin object at 0x7f8ddf2430d0>
2022-08-14 10:03:36,077 [DEBUG] yandextank.core.tankcore tankcore.py:391	Searching for plugin: <class 'yandextank.common.interfaces.GeneratorPlugin'>
2022-08-14 10:03:36,079 [DEBUG] yandextank.core.tankcore tankcore.py:244	Configuring <yandextank.plugins.Autostop.plugin.Plugin object at 0x7f8ddf29dd10>
2022-08-14 10:03:36,079 [DEBUG] yandextank.core.tankcore tankcore.py:244	Configuring <yandextank.plugins.ShellExec.plugin.Plugin object at 0x7f8ddf2436d0>
2022-08-14 10:03:36,080 [DEBUG] yandextank.core.tankcore tankcore.py:244	Configuring <yandextank.plugins.Console.plugin.Plugin object at 0x7f8ddf243d50>
2022-08-14 10:03:36,080 [DEBUG] yandextank.core.tankcore tankcore.py:244	Configuring <yandextank.plugins.JMeter.plugin.Plugin object at 0x7f8ddf2433d0>
2022-08-14 10:03:36,081 [DEBUG] yandextank.core.tankcore tankcore.py:446	Adding artifact file to collect (keep=True): ezsmart.jmx
2022-08-14 10:03:36,081 [DEBUG] yandextank.core.tankcore tankcore.py:446	Adding artifact file to collect (keep=False): /var/loadtest/logs/2022-08-14_10-03-36.018853/jmeter_63aI3F.jtl
2022-08-14 10:03:36,081 [DEBUG] yandextank.core.tankcore tankcore.py:446	Adding artifact file to collect (keep=True): /var/loadtest/logs/2022-08-14_10-03-36.018853/jmeter_EFujUT.log
2022-08-14 10:03:36,082 [DEBUG] yandextank.plugins.JMeter.plugin plugin.py:201	Original JMX: /var/loadtest/ezsmart.jmx
2022-08-14 10:03:36,082 [DEBUG] yandextank.plugins.JMeter.plugin plugin.py:217	Closing statement:     </hashTree>
  </hashTree>
</jmeterTestPlan>

2022-08-14 10:03:36,087 [DEBUG] yandextank.plugins.JMeter.plugin plugin.py:258	Modified JMX: /var/loadtest/modified_pWlXB4.jmx
2022-08-14 10:03:36,088 [DEBUG] yandextank.core.tankcore tankcore.py:446	Adding artifact file to collect (keep=False): /var/loadtest/modified_pWlXB4.jmx
2022-08-14 10:03:36,088 [DEBUG] yandextank.core.tankcore tankcore.py:446	Adding artifact file to collect (keep=False): /var/loadtest/logs/2022-08-14_10-03-36.018853/jmeter_stdout_stderr_TicSN6.log
2022-08-14 10:03:36,088 [DEBUG] yandextank.core.tankcore tankcore.py:244	Configuring <yandextank.plugins.RCAssert.plugin.Plugin object at 0x7f8ddf243210>
2022-08-14 10:03:36,088 [DEBUG] yandextank.core.tankcore tankcore.py:244	Configuring <yandextank.plugins.ResourceCheck.plugin.Plugin object at 0x7f8ddf243e10>
2022-08-14 10:03:36,089 [DEBUG] yandextank.core.tankcore tankcore.py:244	Configuring <yandextank.plugins.DataUploader.plugin.Plugin object at 0x7f8ddf243d10>
2022-08-14 10:03:36,089 [INFO] yandextank.core.tankcore tankcore.py:249	Preparing test...
2022-08-14 10:03:36,089 [DEBUG] yandextank.core.tankcore tankcore.py:253	Preparing <yandextank.plugins.JsonReport.plugin.Plugin object at 0x7f8ddf2430d0>
2022-08-14 10:03:36,090 [DEBUG] yandextank.core.tankcore tankcore.py:253	Preparing <yandextank.plugins.Autostop.plugin.Plugin object at 0x7f8ddf29dd10>
2022-08-14 10:03:36,090 [DEBUG] yandextank.common.interfaces plugin.py:74	Criterion string: http(5xx,10%,5s)
2022-08-14 10:03:36,090 [DEBUG] yandextank.common.interfaces plugin.py:78	Criterion objects: {'http(5xx,10%,5s)': <yandextank.plugins.Autostop.criterions.HTTPCodesCriterion object at 0x7f8ddf29d810>}
2022-08-14 10:03:36,090 [DEBUG] yandextank.core.tankcore tankcore.py:391	Searching for plugin: <class 'yandextank.plugins.Console.plugin.Plugin'>
2022-08-14 10:03:36,090 [DEBUG] yandextank.core.tankcore tankcore.py:253	Preparing <yandextank.plugins.ShellExec.plugin.Plugin object at 0x7f8ddf2436d0>
2022-08-14 10:03:36,090 [DEBUG] yandextank.core.tankcore tankcore.py:253	Preparing <yandextank.plugins.Console.plugin.Plugin object at 0x7f8ddf243d50>
2022-08-14 10:03:36,091 [DEBUG] yandextank.core.tankcore tankcore.py:253	Preparing <yandextank.plugins.JMeter.plugin.Plugin object at 0x7f8ddf2433d0>
2022-08-14 10:03:36,091 [DEBUG] yandextank.core.tankcore tankcore.py:391	Searching for plugin: <class 'yandextank.plugins.Console.plugin.Plugin'>
2022-08-14 10:03:36,091 [DEBUG] yandextank.core.tankcore tankcore.py:253	Preparing <yandextank.plugins.RCAssert.plugin.Plugin object at 0x7f8ddf243210>
2022-08-14 10:03:36,091 [DEBUG] yandextank.core.tankcore tankcore.py:253	Preparing <yandextank.plugins.ResourceCheck.plugin.Plugin object at 0x7f8ddf243e10>
2022-08-14 10:03:36,091 [INFO] yandextank.common.interfaces plugin.py:39	Checking tank resources...
2022-08-14 10:03:36,091 [DEBUG] netort.process process.py:23	Starting: sh -c "df --no-sync -m -P -l -x fuse -x tmpfs -x devtmpfs -x davfs -x nfs /var/loadtest/logs | tail -n 1 | awk '{print \$4}' "
2022-08-14 10:03:36,655 [DEBUG] netort.process process.py:46	Process output:
28107

2022-08-14 10:03:36,655 [DEBUG] netort.process process.py:48	Process exit code: 0
2022-08-14 10:03:36,656 [DEBUG] root plugin.py:58	Result: (0, '28107\n', '')
2022-08-14 10:03:36,656 [DEBUG] yandextank.common.interfaces plugin.py:64	Disk free space: 28107/2048
2022-08-14 10:03:36,656 [DEBUG] yandextank.common.interfaces plugin.py:75	Memory free: 1794/512
2022-08-14 10:03:36,656 [DEBUG] yandextank.core.tankcore tankcore.py:253	Preparing <yandextank.plugins.DataUploader.plugin.Plugin object at 0x7f8ddf243d10>
2022-08-14 10:03:36,657 [INFO] root plugin.py:523	Using OVERLOAD backend
2022-08-14 10:03:36,657 [DEBUG] yandextank.plugins.DataUploader.plugin plugin.py:618	Trying to read token from token.txt
2022-08-14 10:03:36,657 [INFO] yandextank.plugins.DataUploader.plugin plugin.py:624	Read authentication token from token.txt, token length is 32 bytes
2022-08-14 10:03:36,675 [INFO] yandextank.plugins.DataUploader.client client.py:59	Proxy not set
2022-08-14 10:03:36,675 [INFO] yandextank.plugins.DataUploader.plugin plugin.py:647	Detected target: 
2022-08-14 10:03:36,684 [DEBUG] yandextank.plugins.DataUploader.client client.py:336	Job create request: {'person': 'root', 'host': '', 'task': '', 'tank': 'ubuntu', 'notify': [], 'loadscheme': [], 'detailed_time': None, 'port': 80}
2022-08-14 10:03:36,687 [DEBUG] urllib3.connectionpool connectionpool.py:813	Starting new HTTPS connection (1): overload.yandex.net:443
2022-08-14 10:03:37,080 [DEBUG] urllib3.connectionpool connectionpool.py:393	https://overload.yandex.net:443 "POST /api/job/create.json?api_token=468e142f8ae64ca09d4691f5756dce51 HTTP/1.1" 200 None
2022-08-14 10:03:37,083 [INFO] yandextank.plugins.DataUploader.plugin plugin.py:789	Job created: 542543
2022-08-14 10:03:37,085 [DEBUG] yandextank.plugins.DataUploader.client client.py:642	Sending configinitial config
2022-08-14 10:03:37,244 [DEBUG] urllib3.connectionpool connectionpool.py:393	https://overload.yandex.net:443 "POST /api/job/542543/configinitial.txt?api_token=468e142f8ae64ca09d4691f5756dce51 HTTP/1.1" 200 16
2022-08-14 10:03:37,246 [INFO] yandextank.plugins.DataUploader.plugin plugin.py:485	Locking targets: []
2022-08-14 10:03:37,247 [INFO] yandextank.plugins.DataUploader.plugin plugin.py:487	Locked targets: []
2022-08-14 10:03:37,250 [DEBUG] yandextank.common.interfaces interfaces.py:101	Publishing status: Plugin/job_no: 542543
2022-08-14 10:03:37,346 [DEBUG] urllib3.connectionpool connectionpool.py:393	https://overload.yandex.net:443 "POST /api/job/542543/edit.json?api_token=468e142f8ae64ca09d4691f5756dce51 HTTP/1.1" 200 19
2022-08-14 10:03:37,347 [DEBUG] yandextank.core.tankcore tankcore.py:391	Searching for plugin: <class 'yandextank.plugins.Console.plugin.Plugin'>
2022-08-14 10:03:37,347 [DEBUG] yandextank.plugins.DataUploader.client client.py:642	Sending configinitial config
2022-08-14 10:03:37,438 [DEBUG] urllib3.connectionpool connectionpool.py:393	https://overload.yandex.net:443 "POST /api/job/542543/configinitial.txt?api_token=468e142f8ae64ca09d4691f5756dce51 HTTP/1.1" 200 16
2022-08-14 10:03:37,441 [DEBUG] yandextank.plugins.DataUploader.client client.py:642	Sending configinfo config
2022-08-14 10:03:37,532 [DEBUG] urllib3.connectionpool connectionpool.py:393	https://overload.yandex.net:443 "POST /api/job/542543/configinfo.txt?api_token=468e142f8ae64ca09d4691f5756dce51 HTTP/1.1" 200 16
2022-08-14 10:03:37,534 [INFO] yandextank.core.tankcore tankcore.py:259	Starting test...
2022-08-14 10:03:37,556 [INFO] yandextank.aggregator.tank_aggregator tank_aggregator.py:63	using verbose histogram
2022-08-14 10:03:37,562 [DEBUG] yandextank.core.tankcore tankcore.py:263	Starting <yandextank.plugins.JsonReport.plugin.Plugin object at 0x7f8ddf2430d0>
2022-08-14 10:03:37,563 [INFO] yandextank.core.tankcore tankcore.py:267	Plugin <yandextank.plugins.JsonReport.plugin.Plugin object at 0x7f8ddf2430d0> required 0.000003 seconds to start
2022-08-14 10:03:37,563 [DEBUG] yandextank.core.tankcore tankcore.py:263	Starting <yandextank.plugins.Autostop.plugin.Plugin object at 0x7f8ddf29dd10>
2022-08-14 10:03:37,564 [INFO] yandextank.core.tankcore tankcore.py:267	Plugin <yandextank.plugins.Autostop.plugin.Plugin object at 0x7f8ddf29dd10> required 0.000002 seconds to start
2022-08-14 10:03:37,564 [DEBUG] yandextank.core.tankcore tankcore.py:263	Starting <yandextank.plugins.ShellExec.plugin.Plugin object at 0x7f8ddf2436d0>
2022-08-14 10:03:37,564 [INFO] yandextank.core.tankcore tankcore.py:267	Plugin <yandextank.plugins.ShellExec.plugin.Plugin object at 0x7f8ddf2436d0> required 0.000004 seconds to start
2022-08-14 10:03:37,564 [DEBUG] yandextank.core.tankcore tankcore.py:263	Starting <yandextank.plugins.Console.plugin.Plugin object at 0x7f8ddf243d50>
2022-08-14 10:03:37,565 [INFO] yandextank.core.tankcore tankcore.py:267	Plugin <yandextank.plugins.Console.plugin.Plugin object at 0x7f8ddf243d50> required 0.000002 seconds to start
2022-08-14 10:03:37,565 [DEBUG] yandextank.core.tankcore tankcore.py:263	Starting <yandextank.plugins.JMeter.plugin.Plugin object at 0x7f8ddf2433d0>
2022-08-14 10:03:37,565 [INFO] yandextank.plugins.JMeter.plugin plugin.py:119	Starting /usr/local/apache-jmeter-3.3/bin/jmeter with arguments: ['/usr/local/apache-jmeter-3.3/bin/jmeter', '-n', '-t', '/var/loadtest/modified_pWlXB4.jmx', '-j', '/var/loadtest/logs/2022-08-14_10-03-36.018853/jmeter_EFujUT.log', '-Jjmeter.save.saveservice.default_delimiter=\\t', '-Jjmeter.save.saveservice.connect_time=true']
2022-08-14 10:03:44,135 [INFO] yandextank.core.tankcore tankcore.py:267	Plugin <yandextank.plugins.JMeter.plugin.Plugin object at 0x7f8ddf2433d0> required 6.569990 seconds to start
2022-08-14 10:03:44,136 [DEBUG] yandextank.core.tankcore tankcore.py:263	Starting <yandextank.plugins.RCAssert.plugin.Plugin object at 0x7f8ddf243210>
2022-08-14 10:03:44,136 [INFO] yandextank.core.tankcore tankcore.py:267	Plugin <yandextank.plugins.RCAssert.plugin.Plugin object at 0x7f8ddf243210> required 0.000013 seconds to start
2022-08-14 10:03:44,137 [DEBUG] yandextank.core.tankcore tankcore.py:263	Starting <yandextank.plugins.ResourceCheck.plugin.Plugin object at 0x7f8ddf243e10>
2022-08-14 10:03:44,137 [INFO] yandextank.core.tankcore tankcore.py:267	Plugin <yandextank.plugins.ResourceCheck.plugin.Plugin object at 0x7f8ddf243e10> required 0.000002 seconds to start
2022-08-14 10:03:44,138 [DEBUG] yandextank.core.tankcore tankcore.py:263	Starting <yandextank.plugins.DataUploader.plugin.Plugin object at 0x7f8ddf243d10>
2022-08-14 10:03:44,139 [INFO] yandextank.plugins.DataUploader.plugin plugin.py:394	Status sender thread started
2022-08-14 10:03:44,140 [INFO] yandextank.plugins.DataUploader.plugin plugin.py:413	Data Uploader thread started
2022-08-14 10:03:44,141 [INFO] yandextank.plugins.DataUploader.plugin plugin.py:413	Monitoring Uploader thread started
2022-08-14 10:03:44,141 [INFO] yandextank.plugins.DataUploader.plugin plugin.py:298	Web link: https://overload.yandex.net/542543
2022-08-14 10:03:44,143 [DEBUG] yandextank.common.interfaces interfaces.py:101	Publishing status: Plugin/jobno: 542543
2022-08-14 10:03:44,143 [DEBUG] yandextank.common.interfaces interfaces.py:101	Publishing status: Plugin/web_link: https://overload.yandex.net/542543
2022-08-14 10:03:44,143 [DEBUG] yandextank.plugins.DataUploader.plugin plugin.py:305	Saving jobno to: jobno_file.txt
2022-08-14 10:03:44,150 [DEBUG] yandextank.core.tankcore tankcore.py:446	Adding artifact file to collect (keep=False): jobno_file.txt
2022-08-14 10:03:44,151 [DEBUG] yandextank.plugins.DataUploader.client client.py:642	Sending configinitial config
2022-08-14 10:03:44,234 [DEBUG] urllib3.connectionpool connectionpool.py:393	https://overload.yandex.net:443 "POST /api/job/542543/configinitial.txt?api_token=468e142f8ae64ca09d4691f5756dce51 HTTP/1.1" 200 16
2022-08-14 10:03:44,235 [DEBUG] yandextank.plugins.DataUploader.client client.py:642	Sending configinfo config
2022-08-14 10:03:44,361 [DEBUG] urllib3.connectionpool connectionpool.py:393	https://overload.yandex.net:443 "POST /api/job/542543/configinfo.txt?api_token=468e142f8ae64ca09d4691f5756dce51 HTTP/1.1" 200 16
2022-08-14 10:03:44,364 [INFO] yandextank.core.tankcore tankcore.py:267	Plugin <yandextank.plugins.DataUploader.plugin.Plugin object at 0x7f8ddf243d10> required 0.225304 seconds to start
2022-08-14 10:03:44,365 [INFO] yandextank.core.tankcore tankcore.py:274	Waiting for test to finish...
2022-08-14 10:03:44,365 [INFO] yandextank.core.tankcore tankcore.py:275	Artifacts dir: /var/loadtest/logs/2022-08-14_10-03-36.018853
2022-08-14 10:03:44,365 [DEBUG] yandextank.aggregator.tank_aggregator tank_aggregator.py:87	Data timestamps: []
2022-08-14 10:03:44,365 [DEBUG] yandextank.aggregator.tank_aggregator tank_aggregator.py:88	Stats timestamps: []
2022-08-14 10:03:44,365 [DEBUG] yandextank.core.tankcore tankcore.py:286	Polling <yandextank.plugins.JsonReport.plugin.Plugin object at 0x7f8ddf2430d0>
2022-08-14 10:03:44,366 [DEBUG] yandextank.core.tankcore tankcore.py:286	Polling <yandextank.plugins.Autostop.plugin.Plugin object at 0x7f8ddf29dd10>
2022-08-14 10:03:44,366 [DEBUG] yandextank.core.tankcore tankcore.py:286	Polling <yandextank.plugins.ShellExec.plugin.Plugin object at 0x7f8ddf2436d0>
2022-08-14 10:03:44,366 [DEBUG] yandextank.core.tankcore tankcore.py:286	Polling <yandextank.plugins.Console.plugin.Plugin object at 0x7f8ddf243d50>
2022-08-14 10:03:44,366 [DEBUG] yandextank.plugins.Console.screen screen.py:389	Terminal size: 80x24
2022-08-14 10:03:44,366 [DEBUG] yandextank.plugins.Console.screen screen.py:401	Left/right panels width: 51/24
2022-08-14 10:03:44,367 [DEBUG] yandextank.plugins.Console.screen screen.py:406	There are 3 info widgets
2022-08-14 10:03:44,367 [DEBUG] yandextank.plugins.Console.screen screen.py:410	Rendering info widget #0: <yandextank.plugins.JMeter.plugin.JMeterInfoWidget object at 0x7f8ddf29d790>
2022-08-14 10:03:44,367 [DEBUG] yandextank.plugins.Console.screen screen.py:410	Rendering info widget #1: <yandextank.plugins.DataUploader.plugin.JobInfoWidget object at 0x7f8ddf29d850>
2022-08-14 10:03:44,367 [DEBUG] yandextank.plugins.Console.screen screen.py:410	Rendering info widget #25: <yandextank.plugins.Autostop.plugin.AutostopWidget object at 0x7f8ddf29d390>
2022-08-14 10:03:44,367 [DEBUG] yandextank.plugins.Console.screen screen.py:367	Rendering left blocks
2022-08-14 10:03:44,369 [DEBUG] yandextank.plugins.Console.screen screen.py:418	Composing final screen output
2022-08-14 10:03:44,369 [DEBUG] yandextank.core.tankcore tankcore.py:286	Polling <yandextank.plugins.JMeter.plugin.Plugin object at 0x7f8ddf2433d0>
2022-08-14 10:03:44,369 [DEBUG] yandextank.plugins.Console.plugin plugin.py:73	Writing console view to STDOUT
2022-08-14 10:03:44,370 [INFO] yandextank.plugins.JMeter.plugin plugin.py:146	JMeter process finished with exit code: 0, waiting for aggregator
2022-08-14 10:03:44,370 [DEBUG] yandextank.core.tankcore tankcore.py:286	Polling <yandextank.plugins.RCAssert.plugin.Plugin object at 0x7f8ddf243210>
2022-08-14 10:03:44,371 [DEBUG] yandextank.core.tankcore tankcore.py:286	Polling <yandextank.plugins.ResourceCheck.plugin.Plugin object at 0x7f8ddf243e10>
2022-08-14 10:03:44,371 [DEBUG] yandextank.common.interfaces plugin.py:44	Checking tank resources...
2022-08-14 10:03:44,372 [DEBUG] netort.process process.py:23	Starting: sh -c "df --no-sync -m -P -l -x fuse -x tmpfs -x devtmpfs -x davfs -x nfs /var/loadtest/logs | tail -n 1 | awk '{print \$4}' "
2022-08-14 10:03:44,952 [DEBUG] netort.process process.py:46	Process output:
28106

2022-08-14 10:03:44,953 [DEBUG] netort.process process.py:48	Process exit code: 0
2022-08-14 10:03:44,954 [DEBUG] root plugin.py:58	Result: (0, '28106\n', '')
2022-08-14 10:03:44,954 [DEBUG] yandextank.common.interfaces plugin.py:64	Disk free space: 28106/2048
2022-08-14 10:03:44,954 [DEBUG] yandextank.common.interfaces plugin.py:75	Memory free: 1772/512
2022-08-14 10:03:44,954 [DEBUG] yandextank.core.tankcore tankcore.py:286	Polling <yandextank.plugins.DataUploader.plugin.Plugin object at 0x7f8ddf243d10>
2022-08-14 10:03:44,955 [DEBUG] yandextank.core.tankcore tankcore.py:292	Polling took 0.589578866959
2022-08-14 10:03:44,955 [DEBUG] yandextank.core.tankcore tankcore.py:293	Tank status: {"core": {"stage": "shoot"}, "uploader": {"task": "", "web_link": "https://overload.yandex.net/542543", "job_name": "none", "person": "root", "version": "", "meta": {"loop_count": 0, "cmdline": "/usr/local/bin/yandex-tank -c load.yaml", "target_port": 80, "ammo_path": "/var/loadtest", "target_host": ""}, "job_no": 542543, "job_dsc": ""}, "Plugin": {"web_link": "https://overload.yandex.net/542543", "jobno": 542543, "job_no": 542543}}
2022-08-14 10:03:44,955 [DEBUG] yandextank.aggregator.tank_aggregator tank_aggregator.py:87	Data timestamps: []
2022-08-14 10:03:44,955 [DEBUG] yandextank.aggregator.tank_aggregator tank_aggregator.py:88	Stats timestamps: []
2022-08-14 10:03:44,956 [DEBUG] yandextank.core.tankcore tankcore.py:286	Polling <yandextank.plugins.JsonReport.plugin.Plugin object at 0x7f8ddf2430d0>
2022-08-14 10:03:44,956 [DEBUG] yandextank.core.tankcore tankcore.py:286	Polling <yandextank.plugins.Autostop.plugin.Plugin object at 0x7f8ddf29dd10>
2022-08-14 10:03:44,956 [DEBUG] yandextank.core.tankcore tankcore.py:286	Polling <yandextank.plugins.ShellExec.plugin.Plugin object at 0x7f8ddf2436d0>
2022-08-14 10:03:44,956 [DEBUG] yandextank.core.tankcore tankcore.py:286	Polling <yandextank.plugins.Console.plugin.Plugin object at 0x7f8ddf243d50>
2022-08-14 10:03:44,956 [DEBUG] yandextank.plugins.Console.screen screen.py:389	Terminal size: 80x24
2022-08-14 10:03:44,957 [DEBUG] yandextank.plugins.Console.screen screen.py:401	Left/right panels width: 51/24
2022-08-14 10:03:44,957 [DEBUG] yandextank.plugins.Console.screen screen.py:406	There are 3 info widgets
2022-08-14 10:03:44,957 [DEBUG] yandextank.plugins.Console.screen screen.py:410	Rendering info widget #0: <yandextank.plugins.JMeter.plugin.JMeterInfoWidget object at 0x7f8ddf29d790>
2022-08-14 10:03:44,957 [DEBUG] yandextank.plugins.Console.screen screen.py:410	Rendering info widget #1: <yandextank.plugins.DataUploader.plugin.JobInfoWidget object at 0x7f8ddf29d850>
2022-08-14 10:03:44,957 [DEBUG] yandextank.plugins.Console.screen screen.py:410	Rendering info widget #25: <yandextank.plugins.Autostop.plugin.AutostopWidget object at 0x7f8ddf29d390>
2022-08-14 10:03:44,957 [DEBUG] yandextank.plugins.Console.screen screen.py:367	Rendering left blocks
2022-08-14 10:03:44,959 [DEBUG] yandextank.plugins.Console.screen screen.py:418	Composing final screen output
2022-08-14 10:03:44,959 [DEBUG] yandextank.core.tankcore tankcore.py:286	Polling <yandextank.plugins.JMeter.plugin.Plugin object at 0x7f8ddf2433d0>
2022-08-14 10:03:44,960 [INFO] yandextank.core.tankcore tankcore.py:301	Finishing test...
2022-08-14 10:03:44,960 [DEBUG] yandextank.plugins.Console.plugin plugin.py:73	Writing console view to STDOUT
2022-08-14 10:03:44,960 [INFO] yandextank.core.tankcore tankcore.py:303	Stopping load generator and aggregator
2022-08-14 10:03:44,962 [DEBUG] yandextank.core.tankcore tankcore.py:446	Adding artifact file to collect (keep=False): /var/loadtest/logs/2022-08-14_10-03-36.018853/jmeter_EFujUT.log
2022-08-14 10:03:44,962 [DEBUG] yandextank.aggregator.tank_aggregator tank_aggregator.py:123	Closing stats reader
2022-08-14 10:03:44,962 [DEBUG] yandextank.aggregator.tank_aggregator tank_aggregator.py:126	Waiting for gun drain to finish
