2022-08-14 10:55:01,394 INFO o.a.j.u.JMeterUtils: Setting Locale to en_US
2022-08-14 10:55:01,422 INFO o.a.j.JMeter: Loading user properties from: /usr/local/apache-jmeter-3.3/bin/user.properties
2022-08-14 10:55:01,423 INFO o.a.j.JMeter: Loading system properties from: /usr/local/apache-jmeter-3.3/bin/system.properties
2022-08-14 10:55:01,424 INFO o.a.j.JMeter: Setting JMeter property: jmeter.save.saveservice.default_delimiter=\t
2022-08-14 10:55:01,425 INFO o.a.j.JMeter: Setting JMeter property: jmeter.save.saveservice.connect_time=true
2022-08-14 10:55:01,434 INFO o.a.j.JMeter: Copyright (c) 1998-2017 The Apache Software Foundation
2022-08-14 10:55:01,434 INFO o.a.j.JMeter: Version 3.3 r1808647
2022-08-14 10:55:01,434 INFO o.a.j.JMeter: java.version=1.8.0_191
2022-08-14 10:55:01,434 INFO o.a.j.JMeter: java.vm.name=OpenJDK 64-Bit Server VM
2022-08-14 10:55:01,434 INFO o.a.j.JMeter: os.name=Linux
2022-08-14 10:55:01,434 INFO o.a.j.JMeter: os.arch=amd64
2022-08-14 10:55:01,434 INFO o.a.j.JMeter: os.version=5.15.0-46-generic
2022-08-14 10:55:01,435 INFO o.a.j.JMeter: file.encoding=ANSI_X3.4-1968
2022-08-14 10:55:01,435 INFO o.a.j.JMeter: Max memory     =536870912
2022-08-14 10:55:01,435 INFO o.a.j.JMeter: Available Processors =4
2022-08-14 10:55:01,444 INFO o.a.j.JMeter: Default Locale=English (United States)
2022-08-14 10:55:01,444 INFO o.a.j.JMeter: JMeter  Locale=English (United States)
2022-08-14 10:55:01,445 INFO o.a.j.JMeter: JMeterHome=/usr/local/apache-jmeter-3.3
2022-08-14 10:55:01,445 INFO o.a.j.JMeter: user.dir  =/var/loadtest
2022-08-14 10:55:01,445 INFO o.a.j.JMeter: PWD       =/var/loadtest
2022-08-14 10:55:01,446 INFO o.a.j.JMeter: IP: 127.0.1.1 Name: ubuntu FullName: ubuntu
2022-08-14 10:55:01,451 INFO o.a.j.s.FileServer: Default base='/var/loadtest'
2022-08-14 10:55:01,451 INFO o.a.j.s.FileServer: Set new base='/var/loadtest'
2022-08-14 10:55:01,744 INFO o.a.j.s.SaveService: Testplan (JMX) version: 2.2. Testlog (JTL) version: 2.2
2022-08-14 10:55:01,781 INFO o.a.j.s.SaveService: Using SaveService properties file encoding UTF-8
2022-08-14 10:55:01,789 INFO o.a.j.s.SaveService: Using SaveService properties version 3.2
2022-08-14 10:55:01,802 INFO o.a.j.s.SaveService: Loading file: /var/loadtest/modified_Bglvn1.jmx
2022-08-14 10:55:01,885 INFO o.a.j.p.h.c.CookieManager: Settings: Delete null: true Check: true Allow variable: true Save: false Prefix: COOKIE_
2022-08-14 10:55:01,906 INFO o.a.j.p.h.s.HTTPSamplerBase: Parser for text/html is org.apache.jmeter.protocol.http.parser.LagartoBasedHtmlParser
2022-08-14 10:55:01,906 INFO o.a.j.p.h.s.HTTPSamplerBase: Parser for application/xhtml+xml is org.apache.jmeter.protocol.http.parser.LagartoBasedHtmlParser
2022-08-14 10:55:01,906 INFO o.a.j.p.h.s.HTTPSamplerBase: Parser for application/xml is org.apache.jmeter.protocol.http.parser.LagartoBasedHtmlParser
2022-08-14 10:55:01,907 INFO o.a.j.p.h.s.HTTPSamplerBase: Parser for text/xml is org.apache.jmeter.protocol.http.parser.LagartoBasedHtmlParser
2022-08-14 10:55:01,907 INFO o.a.j.p.h.s.HTTPSamplerBase: Parser for text/vnd.wap.wml is org.apache.jmeter.protocol.http.parser.RegexpHTMLParser
2022-08-14 10:55:01,907 INFO o.a.j.p.h.s.HTTPSamplerBase: Parser for text/css is org.apache.jmeter.protocol.http.parser.CssParser
2022-08-14 10:55:01,975 INFO o.a.j.JMeter: Creating summariser <summary>
2022-08-14 10:55:01,987 INFO o.a.j.e.StandardJMeterEngine: Running the test!
2022-08-14 10:55:01,988 INFO o.a.j.s.SampleEvent: List of sample_variables: []
2022-08-14 10:55:01,988 INFO o.a.j.s.SampleEvent: List of sample_variables: []
2022-08-14 10:55:01,995 INFO o.a.j.e.u.CompoundVariable: Note: Function class names must contain the string: '.functions.'
2022-08-14 10:55:01,996 INFO o.a.j.e.u.CompoundVariable: Note: Function class names must not contain the string: '.gui.'
2022-08-14 10:55:02,832 INFO o.a.j.JMeter: Running test (1660474502832)
2022-08-14 10:55:02,877 INFO o.a.j.e.StandardJMeterEngine: Starting ThreadGroup: 1 : Jmeter
2022-08-14 10:55:02,877 INFO o.a.j.e.StandardJMeterEngine: Starting 100 threads for group Jmeter.
2022-08-14 10:55:02,877 INFO o.a.j.e.StandardJMeterEngine: Thread will continue on error
2022-08-14 10:55:02,878 INFO o.a.j.t.ThreadGroup: Starting thread group... number=1 threads=100 ramp-up=1 perThread=10.0 delayedStart=false
2022-08-14 10:55:02,894 INFO o.a.j.t.JMeterThread: Thread started: Jmeter 1-1
2022-08-14 10:55:02,912 INFO o.a.j.t.JMeterThread: Thread started: Jmeter 1-2
2022-08-14 10:55:02,931 INFO o.a.j.t.JMeterThread: Thread started: Jmeter 1-3
2022-08-14 10:55:02,938 INFO o.a.j.t.JMeterThread: Thread started: Jmeter 1-4
2022-08-14 10:55:02,951 INFO o.a.j.p.h.s.HTTPHCAbstractImpl: Local host = ubuntu
2022-08-14 10:55:02,950 INFO o.a.j.t.JMeterThread: Thread started: Jmeter 1-5
2022-08-14 10:55:02,962 INFO o.a.j.t.JMeterThread: Thread started: Jmeter 1-6
2022-08-14 10:55:02,965 INFO o.a.j.p.h.s.HTTPHC4Impl: HTTP request retry count = 0
2022-08-14 10:55:02,975 INFO o.a.j.t.JMeterThread: Thread started: Jmeter 1-7
2022-08-14 10:55:02,984 INFO o.a.j.s.SampleResult: Note: Sample TimeStamps are START times
2022-08-14 10:55:02,984 INFO o.a.j.s.SampleResult: sampleresult.default.encoding is set to ISO-8859-1
2022-08-14 10:55:02,984 INFO o.a.j.s.SampleResult: sampleresult.useNanoTime=true
2022-08-14 10:55:02,984 INFO o.a.j.s.SampleResult: sampleresult.nanoThreadSleep=5000
2022-08-14 10:55:02,994 INFO o.a.j.t.JMeterThread: Thread started: Jmeter 1-8
2022-08-14 10:55:03,008 INFO o.a.j.t.JMeterThread: Thread started: Jmeter 1-9
2022-08-14 10:55:03,021 INFO o.a.j.t.JMeterThread: Thread started: Jmeter 1-10
2022-08-14 10:55:03,034 INFO o.a.j.t.JMeterThread: Thread started: Jmeter 1-11
2022-08-14 10:55:03,046 INFO o.a.j.t.JMeterThread: Thread started: Jmeter 1-12
2022-08-14 10:55:03,056 INFO o.a.j.t.JMeterThread: Thread started: Jmeter 1-13
2022-08-14 10:55:03,071 INFO o.a.j.t.JMeterThread: Thread started: Jmeter 1-14
2022-08-14 10:55:03,084 INFO o.a.j.t.JMeterThread: Thread started: Jmeter 1-15
2022-08-14 10:55:03,095 INFO o.a.j.t.JMeterThread: Thread started: Jmeter 1-16
2022-08-14 10:55:03,107 INFO o.a.j.t.JMeterThread: Thread started: Jmeter 1-17
2022-08-14 10:55:03,119 INFO o.a.j.t.JMeterThread: Thread started: Jmeter 1-18
2022-08-14 10:55:03,129 INFO o.a.j.t.JMeterThread: Thread started: Jmeter 1-19
2022-08-14 10:55:03,143 INFO o.a.j.t.JMeterThread: Thread started: Jmeter 1-20
2022-08-14 10:55:03,160 INFO o.a.j.t.ThreadGroup: Started thread group number 1
2022-08-14 10:55:03,160 INFO o.a.j.e.StandardJMeterEngine: All thread groups have been started
2022-08-14 10:55:03,162 INFO o.a.j.t.JMeterThread: Thread started: Jmeter 1-21
2022-08-14 10:55:03,187 INFO o.a.j.t.JMeterThread: Thread started: Jmeter 1-23
2022-08-14 10:55:03,188 INFO o.a.j.t.JMeterThread: Thread started: Jmeter 1-22
2022-08-14 10:55:03,198 INFO o.a.j.t.JMeterThread: Thread started: Jmeter 1-24
2022-08-14 10:55:03,214 INFO o.a.j.t.JMeterThread: Thread started: Jmeter 1-25
2022-08-14 10:55:03,225 INFO o.a.j.t.JMeterThread: Thread started: Jmeter 1-26
2022-08-14 10:55:03,236 INFO o.a.j.t.JMeterThread: Thread started: Jmeter 1-27
2022-08-14 10:55:03,245 INFO o.a.j.r.Summariser: summary +      1 in 00:00:00 =    2.4/s Avg:     1 Min:     1 Max:     1 Err:     1 (100.00%) Active: 27 Started: 27 Finished: 0
2022-08-14 10:55:03,247 INFO o.a.j.t.JMeterThread: Thread started: Jmeter 1-28
2022-08-14 10:55:03,263 INFO o.a.j.t.JMeterThread: Thread started: Jmeter 1-29
2022-08-14 10:55:03,281 INFO o.a.j.t.JMeterThread: Thread started: Jmeter 1-30
2022-08-14 10:55:03,293 INFO o.a.j.t.JMeterThread: Thread started: Jmeter 1-31
2022-08-14 10:55:03,305 INFO o.a.j.t.JMeterThread: Thread started: Jmeter 1-32
2022-08-14 10:55:03,322 INFO o.a.j.t.JMeterThread: Thread started: Jmeter 1-33
2022-08-14 10:55:03,328 INFO o.a.j.t.JMeterThread: Thread started: Jmeter 1-34
2022-08-14 10:55:03,339 INFO o.a.j.t.JMeterThread: Thread started: Jmeter 1-35
2022-08-14 10:55:03,342 INFO o.a.j.t.JMeterThread: Thread is done: Jmeter 1-29
2022-08-14 10:55:03,342 INFO o.a.j.t.JMeterThread: Thread is done: Jmeter 1-3
2022-08-14 10:55:03,343 INFO o.a.j.t.JMeterThread: Thread finished: Jmeter 1-29
2022-08-14 10:55:03,344 INFO o.a.j.t.JMeterThread: Thread is done: Jmeter 1-24
2022-08-14 10:55:03,345 INFO o.a.j.t.JMeterThread: Thread finished: Jmeter 1-24
2022-08-14 10:55:03,346 INFO o.a.j.t.JMeterThread: Thread is done: Jmeter 1-20
2022-08-14 10:55:03,346 INFO o.a.j.t.JMeterThread: Thread is done: Jmeter 1-18
2022-08-14 10:55:03,365 INFO o.a.j.t.JMeterThread: Thread finished: Jmeter 1-3
2022-08-14 10:55:03,365 INFO o.a.j.t.JMeterThread: Thread is done: Jmeter 1-32
2022-08-14 10:55:03,365 INFO o.a.j.t.JMeterThread: Thread is done: Jmeter 1-17
2022-08-14 10:55:03,365 INFO o.a.j.t.JMeterThread: Thread finished: Jmeter 1-17
2022-08-14 10:55:03,364 INFO o.a.j.t.JMeterThread: Thread is done: Jmeter 1-27
2022-08-14 10:55:03,366 INFO o.a.j.t.JMeterThread: Thread finished: Jmeter 1-27
2022-08-14 10:55:03,363 INFO o.a.j.t.JMeterThread: Thread is done: Jmeter 1-22
2022-08-14 10:55:03,366 INFO o.a.j.t.JMeterThread: Thread finished: Jmeter 1-22
2022-08-14 10:55:03,362 INFO o.a.j.t.JMeterThread: Thread is done: Jmeter 1-4
2022-08-14 10:55:03,366 INFO o.a.j.t.JMeterThread: Thread finished: Jmeter 1-4
2022-08-14 10:55:03,361 INFO o.a.j.t.JMeterThread: Thread is done: Jmeter 1-21
2022-08-14 10:55:03,360 INFO o.a.j.t.JMeterThread: Thread started: Jmeter 1-37
2022-08-14 10:55:03,360 INFO o.a.j.t.JMeterThread: Thread is done: Jmeter 1-12
2022-08-14 10:55:03,359 INFO o.a.j.t.JMeterThread: Thread is done: Jmeter 1-15
2022-08-14 10:55:03,368 INFO o.a.j.t.JMeterThread: Thread finished: Jmeter 1-12
2022-08-14 10:55:03,357 INFO o.a.j.t.JMeterThread: Thread is done: Jmeter 1-16
2022-08-14 10:55:03,369 INFO o.a.j.t.JMeterThread: Thread finished: Jmeter 1-16
2022-08-14 10:55:03,369 INFO o.a.j.t.JMeterThread: Thread finished: Jmeter 1-21
2022-08-14 10:55:03,355 INFO o.a.j.t.JMeterThread: Thread is done: Jmeter 1-9
2022-08-14 10:55:03,369 INFO o.a.j.t.JMeterThread: Thread finished: Jmeter 1-9
2022-08-14 10:55:03,355 INFO o.a.j.t.JMeterThread: Thread is done: Jmeter 1-7
2022-08-14 10:55:03,369 INFO o.a.j.t.JMeterThread: Thread finished: Jmeter 1-7
2022-08-14 10:55:03,353 INFO o.a.j.t.JMeterThread: Thread is done: Jmeter 1-28
2022-08-14 10:55:03,370 INFO o.a.j.t.JMeterThread: Thread finished: Jmeter 1-28
2022-08-14 10:55:03,370 INFO o.a.j.t.JMeterThread: Thread is done: Jmeter 1-26
2022-08-14 10:55:03,370 INFO o.a.j.t.JMeterThread: Thread finished: Jmeter 1-26
2022-08-14 10:55:03,350 INFO o.a.j.t.JMeterThread: Thread is done: Jmeter 1-5
2022-08-14 10:55:03,350 INFO o.a.j.t.JMeterThread: Thread is done: Jmeter 1-11
2022-08-14 10:55:03,371 INFO o.a.j.t.JMeterThread: Thread finished: Jmeter 1-5
2022-08-14 10:55:03,371 INFO o.a.j.t.JMeterThread: Thread finished: Jmeter 1-11
2022-08-14 10:55:03,373 INFO o.a.j.t.JMeterThread: Thread is done: Jmeter 1-35
2022-08-14 10:55:03,373 INFO o.a.j.t.JMeterThread: Thread started: Jmeter 1-38
2022-08-14 10:55:03,373 INFO o.a.j.t.JMeterThread: Thread finished: Jmeter 1-35
2022-08-14 10:55:03,375 INFO o.a.j.t.JMeterThread: Thread is done: Jmeter 1-19
2022-08-14 10:55:03,375 INFO o.a.j.t.JMeterThread: Thread finished: Jmeter 1-19
2022-08-14 10:55:03,380 INFO o.a.j.t.JMeterThread: Thread is done: Jmeter 1-38
2022-08-14 10:55:03,380 INFO o.a.j.t.JMeterThread: Thread finished: Jmeter 1-38
2022-08-14 10:55:03,380 INFO o.a.j.t.JMeterThread: Thread is done: Jmeter 1-10
2022-08-14 10:55:03,381 INFO o.a.j.t.JMeterThread: Thread finished: Jmeter 1-10
2022-08-14 10:55:03,383 INFO o.a.j.t.JMeterThread: Thread is done: Jmeter 1-31
2022-08-14 10:55:03,383 INFO o.a.j.t.JMeterThread: Thread finished: Jmeter 1-31
2022-08-14 10:55:03,350 INFO o.a.j.t.JMeterThread: Thread is done: Jmeter 1-25
2022-08-14 10:55:03,384 INFO o.a.j.t.JMeterThread: Thread finished: Jmeter 1-25
2022-08-14 10:55:03,349 INFO o.a.j.t.JMeterThread: Thread started: Jmeter 1-36
2022-08-14 10:55:03,384 INFO o.a.j.t.JMeterThread: Thread is done: Jmeter 1-6
2022-08-14 10:55:03,384 INFO o.a.j.t.JMeterThread: Thread finished: Jmeter 1-6
2022-08-14 10:55:03,385 INFO o.a.j.t.JMeterThread: Thread is done: Jmeter 1-37
2022-08-14 10:55:03,385 INFO o.a.j.t.JMeterThread: Thread finished: Jmeter 1-37
2022-08-14 10:55:03,387 INFO o.a.j.t.JMeterThread: Thread started: Jmeter 1-39
2022-08-14 10:55:03,388 INFO o.a.j.t.JMeterThread: Thread is done: Jmeter 1-13
2022-08-14 10:55:03,388 INFO o.a.j.t.JMeterThread: Thread finished: Jmeter 1-13
2022-08-14 10:55:03,389 INFO o.a.j.t.JMeterThread: Thread is done: Jmeter 1-36
2022-08-14 10:55:03,390 INFO o.a.j.t.JMeterThread: Thread finished: Jmeter 1-36
2022-08-14 10:55:03,349 INFO o.a.j.t.JMeterThread: Thread is done: Jmeter 1-34
2022-08-14 10:55:03,390 INFO o.a.j.t.JMeterThread: Thread finished: Jmeter 1-34
2022-08-14 10:55:03,348 INFO o.a.j.t.JMeterThread: Thread is done: Jmeter 1-8
2022-08-14 10:55:03,390 INFO o.a.j.t.JMeterThread: Thread finished: Jmeter 1-8
2022-08-14 10:55:03,348 INFO o.a.j.t.JMeterThread: Thread is done: Jmeter 1-23
2022-08-14 10:55:03,391 INFO o.a.j.t.JMeterThread: Thread finished: Jmeter 1-23
2022-08-14 10:55:03,347 INFO o.a.j.t.JMeterThread: Thread is done: Jmeter 1-14
2022-08-14 10:55:03,391 INFO o.a.j.t.JMeterThread: Thread finished: Jmeter 1-14
2022-08-14 10:55:03,347 INFO o.a.j.t.JMeterThread: Thread is done: Jmeter 1-33
2022-08-14 10:55:03,391 INFO o.a.j.t.JMeterThread: Thread finished: Jmeter 1-33
2022-08-14 10:55:03,392 INFO o.a.j.t.JMeterThread: Thread finished: Jmeter 1-18
2022-08-14 10:55:03,345 INFO o.a.j.t.JMeterThread: Thread is done: Jmeter 1-30
2022-08-14 10:55:03,392 INFO o.a.j.t.JMeterThread: Thread finished: Jmeter 1-30
2022-08-14 10:55:03,369 INFO o.a.j.t.JMeterThread: Thread finished: Jmeter 1-15
2022-08-14 10:55:03,363 INFO o.a.j.t.JMeterThread: Thread is done: Jmeter 1-1
2022-08-14 10:55:03,393 INFO o.a.j.t.JMeterThread: Thread finished: Jmeter 1-1
2022-08-14 10:55:03,365 INFO o.a.j.t.JMeterThread: Thread is done: Jmeter 1-2
2022-08-14 10:55:03,393 INFO o.a.j.t.JMeterThread: Thread finished: Jmeter 1-2
2022-08-14 10:55:03,393 INFO o.a.j.t.JMeterThread: Thread finished: Jmeter 1-32
2022-08-14 10:55:03,365 INFO o.a.j.t.JMeterThread: Thread finished: Jmeter 1-20
2022-08-14 10:55:03,394 INFO o.a.j.t.JMeterThread: Thread started: Jmeter 1-40
2022-08-14 10:55:03,394 INFO o.a.j.t.JMeterThread: Thread is done: Jmeter 1-39
2022-08-14 10:55:03,395 INFO o.a.j.t.JMeterThread: Thread finished: Jmeter 1-39
2022-08-14 10:55:03,401 INFO o.a.j.t.JMeterThread: Thread is done: Jmeter 1-40
2022-08-14 10:55:03,401 INFO o.a.j.t.JMeterThread: Thread finished: Jmeter 1-40
2022-08-14 10:55:03,410 INFO o.a.j.t.JMeterThread: Thread started: Jmeter 1-41
2022-08-14 10:55:03,417 INFO o.a.j.t.JMeterThread: Thread is done: Jmeter 1-41
2022-08-14 10:55:03,418 INFO o.a.j.t.JMeterThread: Thread finished: Jmeter 1-41
2022-08-14 10:55:03,421 INFO o.a.j.t.JMeterThread: Thread started: Jmeter 1-42
2022-08-14 10:55:03,428 INFO o.a.j.t.JMeterThread: Thread is done: Jmeter 1-42
2022-08-14 10:55:03,428 INFO o.a.j.t.JMeterThread: Thread finished: Jmeter 1-42
2022-08-14 10:55:03,432 INFO o.a.j.t.JMeterThread: Thread started: Jmeter 1-43
2022-08-14 10:55:03,442 INFO o.a.j.t.JMeterThread: Thread is done: Jmeter 1-43
2022-08-14 10:55:03,442 INFO o.a.j.t.JMeterThread: Thread finished: Jmeter 1-43
2022-08-14 10:55:03,451 INFO o.a.j.t.JMeterThread: Thread started: Jmeter 1-44
2022-08-14 10:55:03,458 INFO o.a.j.t.JMeterThread: Thread is done: Jmeter 1-44
2022-08-14 10:55:03,458 INFO o.a.j.t.JMeterThread: Thread finished: Jmeter 1-44
2022-08-14 10:55:03,463 INFO o.a.j.t.JMeterThread: Thread started: Jmeter 1-45
2022-08-14 10:55:03,473 INFO o.a.j.t.JMeterThread: Thread is done: Jmeter 1-45
2022-08-14 10:55:03,474 INFO o.a.j.t.JMeterThread: Thread finished: Jmeter 1-45
2022-08-14 10:55:03,480 INFO o.a.j.t.JMeterThread: Thread started: Jmeter 1-46
2022-08-14 10:55:03,487 INFO o.a.j.t.JMeterThread: Thread is done: Jmeter 1-46
2022-08-14 10:55:03,488 INFO o.a.j.t.JMeterThread: Thread finished: Jmeter 1-46
2022-08-14 10:55:03,490 INFO o.a.j.t.JMeterThread: Thread started: Jmeter 1-47
2022-08-14 10:55:03,497 INFO o.a.j.t.JMeterThread: Thread is done: Jmeter 1-47
2022-08-14 10:55:03,498 INFO o.a.j.t.JMeterThread: Thread finished: Jmeter 1-47
2022-08-14 10:55:03,502 INFO o.a.j.t.JMeterThread: Thread started: Jmeter 1-48
2022-08-14 10:55:03,509 INFO o.a.j.t.JMeterThread: Thread is done: Jmeter 1-48
2022-08-14 10:55:03,509 INFO o.a.j.t.JMeterThread: Thread finished: Jmeter 1-48
2022-08-14 10:55:03,513 INFO o.a.j.t.JMeterThread: Thread started: Jmeter 1-49
2022-08-14 10:55:03,520 INFO o.a.j.t.JMeterThread: Thread is done: Jmeter 1-49
2022-08-14 10:55:03,520 INFO o.a.j.t.JMeterThread: Thread finished: Jmeter 1-49
2022-08-14 10:55:03,534 INFO o.a.j.t.JMeterThread: Thread started: Jmeter 1-50
2022-08-14 10:55:03,542 INFO o.a.j.t.JMeterThread: Thread is done: Jmeter 1-50
2022-08-14 10:55:03,542 INFO o.a.j.t.JMeterThread: Thread finished: Jmeter 1-50
2022-08-14 10:55:03,546 INFO o.a.j.t.JMeterThread: Thread started: Jmeter 1-51
2022-08-14 10:55:03,554 INFO o.a.j.t.JMeterThread: Thread is done: Jmeter 1-51
2022-08-14 10:55:03,554 INFO o.a.j.t.JMeterThread: Thread finished: Jmeter 1-51
2022-08-14 10:55:03,558 INFO o.a.j.t.JMeterThread: Thread started: Jmeter 1-52
2022-08-14 10:55:03,566 INFO o.a.j.t.JMeterThread: Thread is done: Jmeter 1-52
2022-08-14 10:55:03,566 INFO o.a.j.t.JMeterThread: Thread finished: Jmeter 1-52
2022-08-14 10:55:03,570 INFO o.a.j.t.JMeterThread: Thread started: Jmeter 1-53
2022-08-14 10:55:03,577 INFO o.a.j.t.JMeterThread: Thread is done: Jmeter 1-53
2022-08-14 10:55:03,577 INFO o.a.j.t.JMeterThread: Thread finished: Jmeter 1-53
2022-08-14 10:55:03,583 INFO o.a.j.t.JMeterThread: Thread started: Jmeter 1-54
2022-08-14 10:55:03,590 INFO o.a.j.t.JMeterThread: Thread is done: Jmeter 1-54
2022-08-14 10:55:03,591 INFO o.a.j.t.JMeterThread: Thread finished: Jmeter 1-54
2022-08-14 10:55:03,594 INFO o.a.j.t.JMeterThread: Thread started: Jmeter 1-55
2022-08-14 10:55:03,601 INFO o.a.j.t.JMeterThread: Thread is done: Jmeter 1-55
2022-08-14 10:55:03,601 INFO o.a.j.t.JMeterThread: Thread finished: Jmeter 1-55
2022-08-14 10:55:03,608 INFO o.a.j.t.JMeterThread: Thread started: Jmeter 1-56
2022-08-14 10:55:03,615 INFO o.a.j.t.JMeterThread: Thread is done: Jmeter 1-56
2022-08-14 10:55:03,615 INFO o.a.j.t.JMeterThread: Thread finished: Jmeter 1-56
2022-08-14 10:55:03,623 INFO o.a.j.t.JMeterThread: Thread started: Jmeter 1-57
2022-08-14 10:55:03,630 INFO o.a.j.t.JMeterThread: Thread is done: Jmeter 1-57
2022-08-14 10:55:03,630 INFO o.a.j.t.JMeterThread: Thread finished: Jmeter 1-57
2022-08-14 10:55:03,641 INFO o.a.j.t.JMeterThread: Thread started: Jmeter 1-58
2022-08-14 10:55:03,650 INFO o.a.j.t.JMeterThread: Thread is done: Jmeter 1-58
2022-08-14 10:55:03,651 INFO o.a.j.t.JMeterThread: Thread finished: Jmeter 1-58
2022-08-14 10:55:03,652 INFO o.a.j.t.JMeterThread: Thread started: Jmeter 1-59
2022-08-14 10:55:03,659 INFO o.a.j.t.JMeterThread: Thread is done: Jmeter 1-59
2022-08-14 10:55:03,659 INFO o.a.j.t.JMeterThread: Thread finished: Jmeter 1-59
2022-08-14 10:55:03,664 INFO o.a.j.t.JMeterThread: Thread started: Jmeter 1-60
2022-08-14 10:55:03,670 INFO o.a.j.t.JMeterThread: Thread is done: Jmeter 1-60
2022-08-14 10:55:03,670 INFO o.a.j.t.JMeterThread: Thread finished: Jmeter 1-60
2022-08-14 10:55:03,675 INFO o.a.j.t.JMeterThread: Thread started: Jmeter 1-61
2022-08-14 10:55:03,686 INFO o.a.j.t.JMeterThread: Thread started: Jmeter 1-62
2022-08-14 10:55:03,690 INFO o.a.j.t.JMeterThread: Thread is done: Jmeter 1-61
2022-08-14 10:55:03,690 INFO o.a.j.t.JMeterThread: Thread finished: Jmeter 1-61
2022-08-14 10:55:03,693 INFO o.a.j.t.JMeterThread: Thread is done: Jmeter 1-62
2022-08-14 10:55:03,693 INFO o.a.j.t.JMeterThread: Thread finished: Jmeter 1-62
2022-08-14 10:55:03,697 INFO o.a.j.t.JMeterThread: Thread started: Jmeter 1-63
2022-08-14 10:55:03,704 INFO o.a.j.t.JMeterThread: Thread is done: Jmeter 1-63
2022-08-14 10:55:03,704 INFO o.a.j.t.JMeterThread: Thread finished: Jmeter 1-63
2022-08-14 10:55:03,708 INFO o.a.j.t.JMeterThread: Thread started: Jmeter 1-64
2022-08-14 10:55:03,716 INFO o.a.j.t.JMeterThread: Thread is done: Jmeter 1-64
2022-08-14 10:55:03,716 INFO o.a.j.t.JMeterThread: Thread finished: Jmeter 1-64
2022-08-14 10:55:03,728 INFO o.a.j.t.JMeterThread: Thread started: Jmeter 1-65
2022-08-14 10:55:03,735 INFO o.a.j.t.JMeterThread: Thread is done: Jmeter 1-65
2022-08-14 10:55:03,739 INFO o.a.j.t.JMeterThread: Thread started: Jmeter 1-66
2022-08-14 10:55:03,741 INFO o.a.j.t.JMeterThread: Thread finished: Jmeter 1-65
2022-08-14 10:55:03,746 INFO o.a.j.t.JMeterThread: Thread is done: Jmeter 1-66
2022-08-14 10:55:03,746 INFO o.a.j.t.JMeterThread: Thread finished: Jmeter 1-66
2022-08-14 10:55:03,762 INFO o.a.j.t.JMeterThread: Thread started: Jmeter 1-67
2022-08-14 10:55:03,768 INFO o.a.j.t.JMeterThread: Thread is done: Jmeter 1-67
2022-08-14 10:55:03,768 INFO o.a.j.t.JMeterThread: Thread finished: Jmeter 1-67
2022-08-14 10:55:03,772 INFO o.a.j.t.JMeterThread: Thread started: Jmeter 1-68
2022-08-14 10:55:03,778 INFO o.a.j.t.JMeterThread: Thread is done: Jmeter 1-68
2022-08-14 10:55:03,778 INFO o.a.j.t.JMeterThread: Thread finished: Jmeter 1-68
2022-08-14 10:55:03,783 INFO o.a.j.t.JMeterThread: Thread started: Jmeter 1-69
2022-08-14 10:55:03,788 INFO o.a.j.t.JMeterThread: Thread is done: Jmeter 1-69
2022-08-14 10:55:03,789 INFO o.a.j.t.JMeterThread: Thread finished: Jmeter 1-69
2022-08-14 10:55:03,793 INFO o.a.j.t.JMeterThread: Thread started: Jmeter 1-70
2022-08-14 10:55:03,799 INFO o.a.j.t.JMeterThread: Thread is done: Jmeter 1-70
2022-08-14 10:55:03,799 INFO o.a.j.t.JMeterThread: Thread finished: Jmeter 1-70
2022-08-14 10:55:03,813 INFO o.a.j.t.JMeterThread: Thread started: Jmeter 1-71
2022-08-14 10:55:03,818 INFO o.a.j.t.JMeterThread: Thread is done: Jmeter 1-71
2022-08-14 10:55:03,818 INFO o.a.j.t.JMeterThread: Thread finished: Jmeter 1-71
2022-08-14 10:55:03,828 INFO o.a.j.t.JMeterThread: Thread started: Jmeter 1-72
2022-08-14 10:55:03,833 INFO o.a.j.t.JMeterThread: Thread is done: Jmeter 1-72
2022-08-14 10:55:03,833 INFO o.a.j.t.JMeterThread: Thread finished: Jmeter 1-72
2022-08-14 10:55:03,845 INFO o.a.j.t.JMeterThread: Thread started: Jmeter 1-73
2022-08-14 10:55:03,850 INFO o.a.j.t.JMeterThread: Thread is done: Jmeter 1-73
2022-08-14 10:55:03,850 INFO o.a.j.t.JMeterThread: Thread finished: Jmeter 1-73
2022-08-14 10:55:03,859 INFO o.a.j.t.JMeterThread: Thread started: Jmeter 1-74
2022-08-14 10:55:03,864 INFO o.a.j.t.JMeterThread: Thread is done: Jmeter 1-74
2022-08-14 10:55:03,864 INFO o.a.j.t.JMeterThread: Thread finished: Jmeter 1-74
2022-08-14 10:55:03,868 INFO o.a.j.t.JMeterThread: Thread started: Jmeter 1-75
2022-08-14 10:55:03,874 INFO o.a.j.t.JMeterThread: Thread is done: Jmeter 1-75
2022-08-14 10:55:03,874 INFO o.a.j.t.JMeterThread: Thread finished: Jmeter 1-75
2022-08-14 10:55:03,880 INFO o.a.j.t.JMeterThread: Thread started: Jmeter 1-76
2022-08-14 10:55:03,886 INFO o.a.j.t.JMeterThread: Thread is done: Jmeter 1-76
2022-08-14 10:55:03,886 INFO o.a.j.t.JMeterThread: Thread finished: Jmeter 1-76
2022-08-14 10:55:03,891 INFO o.a.j.t.JMeterThread: Thread started: Jmeter 1-77
2022-08-14 10:55:03,897 INFO o.a.j.t.JMeterThread: Thread is done: Jmeter 1-77
2022-08-14 10:55:03,897 INFO o.a.j.t.JMeterThread: Thread finished: Jmeter 1-77
2022-08-14 10:55:03,902 INFO o.a.j.t.JMeterThread: Thread started: Jmeter 1-78
2022-08-14 10:55:03,908 INFO o.a.j.t.JMeterThread: Thread is done: Jmeter 1-78
2022-08-14 10:55:03,908 INFO o.a.j.t.JMeterThread: Thread finished: Jmeter 1-78
2022-08-14 10:55:03,916 INFO o.a.j.t.JMeterThread: Thread started: Jmeter 1-79
2022-08-14 10:55:03,922 INFO o.a.j.t.JMeterThread: Thread is done: Jmeter 1-79
2022-08-14 10:55:03,922 INFO o.a.j.t.JMeterThread: Thread finished: Jmeter 1-79
2022-08-14 10:55:03,927 INFO o.a.j.t.JMeterThread: Thread started: Jmeter 1-80
2022-08-14 10:55:03,932 INFO o.a.j.t.JMeterThread: Thread is done: Jmeter 1-80
2022-08-14 10:55:03,933 INFO o.a.j.t.JMeterThread: Thread finished: Jmeter 1-80
2022-08-14 10:55:03,938 INFO o.a.j.t.JMeterThread: Thread started: Jmeter 1-81
2022-08-14 10:55:03,944 INFO o.a.j.t.JMeterThread: Thread is done: Jmeter 1-81
2022-08-14 10:55:03,944 INFO o.a.j.t.JMeterThread: Thread finished: Jmeter 1-81
2022-08-14 10:55:03,948 INFO o.a.j.t.JMeterThread: Thread started: Jmeter 1-82
2022-08-14 10:55:03,955 INFO o.a.j.t.JMeterThread: Thread is done: Jmeter 1-82
2022-08-14 10:55:03,955 INFO o.a.j.t.JMeterThread: Thread finished: Jmeter 1-82
2022-08-14 10:55:03,960 INFO o.a.j.t.JMeterThread: Thread started: Jmeter 1-83
2022-08-14 10:55:03,965 INFO o.a.j.t.JMeterThread: Thread is done: Jmeter 1-83
2022-08-14 10:55:03,965 INFO o.a.j.t.JMeterThread: Thread finished: Jmeter 1-83
2022-08-14 10:55:03,970 INFO o.a.j.t.JMeterThread: Thread started: Jmeter 1-84
2022-08-14 10:55:03,975 INFO o.a.j.t.JMeterThread: Thread is done: Jmeter 1-84
2022-08-14 10:55:03,975 INFO o.a.j.t.JMeterThread: Thread finished: Jmeter 1-84
2022-08-14 10:55:03,981 INFO o.a.j.t.JMeterThread: Thread started: Jmeter 1-85
2022-08-14 10:55:03,986 INFO o.a.j.t.JMeterThread: Thread is done: Jmeter 1-85
2022-08-14 10:55:03,986 INFO o.a.j.t.JMeterThread: Thread finished: Jmeter 1-85
2022-08-14 10:55:03,992 INFO o.a.j.t.JMeterThread: Thread started: Jmeter 1-86
2022-08-14 10:55:03,997 INFO o.a.j.t.JMeterThread: Thread is done: Jmeter 1-86
2022-08-14 10:55:03,997 INFO o.a.j.t.JMeterThread: Thread finished: Jmeter 1-86
2022-08-14 10:55:04,005 INFO o.a.j.t.JMeterThread: Thread started: Jmeter 1-87
2022-08-14 10:55:04,009 INFO o.a.j.t.JMeterThread: Thread is done: Jmeter 1-87
2022-08-14 10:55:04,009 INFO o.a.j.t.JMeterThread: Thread finished: Jmeter 1-87
2022-08-14 10:55:04,019 INFO o.a.j.t.JMeterThread: Thread started: Jmeter 1-88
2022-08-14 10:55:04,023 INFO o.a.j.t.JMeterThread: Thread is done: Jmeter 1-88
2022-08-14 10:55:04,023 INFO o.a.j.t.JMeterThread: Thread finished: Jmeter 1-88
2022-08-14 10:55:04,031 INFO o.a.j.t.JMeterThread: Thread started: Jmeter 1-89
2022-08-14 10:55:04,035 INFO o.a.j.t.JMeterThread: Thread is done: Jmeter 1-89
2022-08-14 10:55:04,036 INFO o.a.j.t.JMeterThread: Thread finished: Jmeter 1-89
2022-08-14 10:55:04,042 INFO o.a.j.t.JMeterThread: Thread started: Jmeter 1-90
2022-08-14 10:55:04,046 INFO o.a.j.t.JMeterThread: Thread is done: Jmeter 1-90
2022-08-14 10:55:04,046 INFO o.a.j.t.JMeterThread: Thread finished: Jmeter 1-90
2022-08-14 10:55:04,053 INFO o.a.j.t.JMeterThread: Thread started: Jmeter 1-91
2022-08-14 10:55:04,057 INFO o.a.j.t.JMeterThread: Thread is done: Jmeter 1-91
2022-08-14 10:55:04,057 INFO o.a.j.t.JMeterThread: Thread finished: Jmeter 1-91
2022-08-14 10:55:04,064 INFO o.a.j.t.JMeterThread: Thread started: Jmeter 1-92
2022-08-14 10:55:04,067 INFO o.a.j.t.JMeterThread: Thread is done: Jmeter 1-92
2022-08-14 10:55:04,067 INFO o.a.j.t.JMeterThread: Thread finished: Jmeter 1-92
2022-08-14 10:55:04,074 INFO o.a.j.t.JMeterThread: Thread started: Jmeter 1-93
2022-08-14 10:55:04,079 INFO o.a.j.t.JMeterThread: Thread is done: Jmeter 1-93
2022-08-14 10:55:04,079 INFO o.a.j.t.JMeterThread: Thread finished: Jmeter 1-93
2022-08-14 10:55:04,085 INFO o.a.j.t.JMeterThread: Thread started: Jmeter 1-94
2022-08-14 10:55:04,090 INFO o.a.j.t.JMeterThread: Thread is done: Jmeter 1-94
2022-08-14 10:55:04,090 INFO o.a.j.t.JMeterThread: Thread finished: Jmeter 1-94
2022-08-14 10:55:04,096 INFO o.a.j.t.JMeterThread: Thread started: Jmeter 1-95
2022-08-14 10:55:04,101 INFO o.a.j.t.JMeterThread: Thread is done: Jmeter 1-95
2022-08-14 10:55:04,101 INFO o.a.j.t.JMeterThread: Thread finished: Jmeter 1-95
2022-08-14 10:55:04,109 INFO o.a.j.t.JMeterThread: Thread started: Jmeter 1-96
2022-08-14 10:55:04,114 INFO o.a.j.t.JMeterThread: Thread is done: Jmeter 1-96
2022-08-14 10:55:04,114 INFO o.a.j.t.JMeterThread: Thread finished: Jmeter 1-96
2022-08-14 10:55:04,119 INFO o.a.j.t.JMeterThread: Thread started: Jmeter 1-97
2022-08-14 10:55:04,125 INFO o.a.j.t.JMeterThread: Thread is done: Jmeter 1-97
2022-08-14 10:55:04,125 INFO o.a.j.t.JMeterThread: Thread finished: Jmeter 1-97
2022-08-14 10:55:04,130 INFO o.a.j.t.JMeterThread: Thread started: Jmeter 1-98
2022-08-14 10:55:04,134 INFO o.a.j.t.JMeterThread: Thread is done: Jmeter 1-98
2022-08-14 10:55:04,135 INFO o.a.j.t.JMeterThread: Thread finished: Jmeter 1-98
2022-08-14 10:55:04,141 INFO o.a.j.t.JMeterThread: Thread started: Jmeter 1-99
2022-08-14 10:55:04,145 INFO o.a.j.t.JMeterThread: Thread is done: Jmeter 1-99
2022-08-14 10:55:04,145 INFO o.a.j.t.JMeterThread: Thread finished: Jmeter 1-99
2022-08-14 10:55:04,152 INFO o.a.j.t.JMeterThread: Thread started: Jmeter 1-100
2022-08-14 10:55:04,157 INFO o.a.j.t.JMeterThread: Thread is done: Jmeter 1-100
2022-08-14 10:55:04,157 INFO o.a.j.t.JMeterThread: Thread finished: Jmeter 1-100
2022-08-14 10:55:04,157 INFO o.a.j.e.StandardJMeterEngine: Notifying test listeners of end of test
2022-08-14 10:55:04,159 INFO o.a.j.r.Summariser: summary +    399 in 00:00:01 =  436.1/s Avg:    13 Min:     0 Max:   149 Err:   399 (100.00%) Active: 0 Started: 100 Finished: 100
2022-08-14 10:55:04,159 INFO o.a.j.r.Summariser: summary =    400 in 00:00:01 =  301.4/s Avg:    12 Min:     0 Max:   149 Err:   400 (100.00%)
