2022-08-14 10:54:57,403 [INFO] root consoleworker.py:434	Log file created
2022-08-14 10:54:57,403 [INFO] root consoleworker.py:438	Logging handler <logging.FileHandler object at 0x7ff3e31a9c50> added
2022-08-14 10:54:57,403 [INFO] root consoleworker.py:438	Logging handler <logging.StreamHandler object at 0x7ff3e31f1890> added
2022-08-14 10:54:57,403 [INFO] root consoleworker.py:438	Logging handler <logging.StreamHandler object at 0x7ff3e3195a90> added
2022-08-14 10:54:57,403 [INFO] root consoleworker.py:373	Created a folder for the test. /var/loadtest/logs/2022-08-14_10-54-57.341693
2022-08-14 10:54:57,404 [INFO] yandextank.core.tankcore tankcore.py:237	Configuring plugins...
2022-08-14 10:54:57,404 [INFO] yandextank.core.tankcore tankcore.py:190	Loading plugins...
2022-08-14 10:54:57,404 [DEBUG] yandextank.core.tankcore tankcore.py:192	Loading plugin rcheck from yandextank.plugins.ResourceCheck
2022-08-14 10:54:57,405 [DEBUG] yandextank.core.tankcore tankcore.py:192	Loading plugin json_report from yandextank.plugins.JsonReport
2022-08-14 10:54:57,405 [DEBUG] yandextank.core.tankcore tankcore.py:192	Loading plugin overload from yandextank.plugins.DataUploader
2022-08-14 10:54:57,405 [DEBUG] yandextank.core.tankcore tankcore.py:192	Loading plugin rcassert from yandextank.plugins.RCAssert
2022-08-14 10:54:57,406 [DEBUG] yandextank.core.tankcore tankcore.py:192	Loading plugin console from yandextank.plugins.Console
2022-08-14 10:54:57,406 [DEBUG] yandextank.core.tankcore tankcore.py:192	Loading plugin jmeter from yandextank.plugins.JMeter
2022-08-14 10:54:57,406 [DEBUG] yandextank.core.tankcore tankcore.py:192	Loading plugin shellexec from yandextank.plugins.ShellExec
2022-08-14 10:54:57,406 [DEBUG] yandextank.core.tankcore tankcore.py:192	Loading plugin autostop from yandextank.plugins.Autostop
2022-08-14 10:54:57,406 [DEBUG] yandextank.core.tankcore tankcore.py:212	Plugin instances: {'plugin_json_report': <yandextank.plugins.JsonReport.plugin.Plugin object at 0x7ff3e30d60d0>, 'plugin_autostop': <yandextank.plugins.Autostop.plugin.Plugin object at 0x7ff3e3130d10>, 'plugin_shellexec': <yandextank.plugins.ShellExec.plugin.Plugin object at 0x7ff3e30d66d0>, 'plugin_console': <yandextank.plugins.Console.plugin.Plugin object at 0x7ff3e30d6d50>, 'plugin_jmeter': <yandextank.plugins.JMeter.plugin.Plugin object at 0x7ff3e30d63d0>, 'plugin_rcassert': <yandextank.plugins.RCAssert.plugin.Plugin object at 0x7ff3e30d6210>, 'plugin_rcheck': <yandextank.plugins.ResourceCheck.plugin.Plugin object at 0x7ff3e30d6e10>, 'plugin_overload': <yandextank.plugins.DataUploader.plugin.Plugin object at 0x7ff3e30d6d10>}
2022-08-14 10:54:57,406 [DEBUG] yandextank.core.tankcore tankcore.py:244	Configuring <yandextank.plugins.JsonReport.plugin.Plugin object at 0x7ff3e30d60d0>
2022-08-14 10:54:57,407 [DEBUG] yandextank.core.tankcore tankcore.py:391	Searching for plugin: <class 'yandextank.common.interfaces.GeneratorPlugin'>
2022-08-14 10:54:57,408 [DEBUG] yandextank.core.tankcore tankcore.py:244	Configuring <yandextank.plugins.Autostop.plugin.Plugin object at 0x7ff3e3130d10>
2022-08-14 10:54:57,409 [DEBUG] yandextank.core.tankcore tankcore.py:244	Configuring <yandextank.plugins.ShellExec.plugin.Plugin object at 0x7ff3e30d66d0>
2022-08-14 10:54:57,409 [DEBUG] yandextank.core.tankcore tankcore.py:244	Configuring <yandextank.plugins.Console.plugin.Plugin object at 0x7ff3e30d6d50>
2022-08-14 10:54:57,410 [DEBUG] yandextank.core.tankcore tankcore.py:244	Configuring <yandextank.plugins.JMeter.plugin.Plugin object at 0x7ff3e30d63d0>
2022-08-14 10:54:57,410 [DEBUG] yandextank.core.tankcore tankcore.py:446	Adding artifact file to collect (keep=True): ezsmart.jmx
2022-08-14 10:54:57,410 [DEBUG] yandextank.core.tankcore tankcore.py:446	Adding artifact file to collect (keep=False): /var/loadtest/logs/2022-08-14_10-54-57.341693/jmeter_kOm45d.jtl
2022-08-14 10:54:57,411 [DEBUG] yandextank.core.tankcore tankcore.py:446	Adding artifact file to collect (keep=True): /var/loadtest/logs/2022-08-14_10-54-57.341693/jmeter_HHiiq6.log
2022-08-14 10:54:57,411 [DEBUG] yandextank.plugins.JMeter.plugin plugin.py:201	Original JMX: /var/loadtest/ezsmart.jmx
2022-08-14 10:54:57,411 [DEBUG] yandextank.plugins.JMeter.plugin plugin.py:217	Closing statement:     </hashTree>
  </hashTree>
</jmeterTestPlan>

2022-08-14 10:54:57,412 [DEBUG] yandextank.plugins.JMeter.plugin plugin.py:258	Modified JMX: /var/loadtest/modified_Bglvn1.jmx
2022-08-14 10:54:57,413 [DEBUG] yandextank.core.tankcore tankcore.py:446	Adding artifact file to collect (keep=False): /var/loadtest/modified_Bglvn1.jmx
2022-08-14 10:54:57,413 [DEBUG] yandextank.core.tankcore tankcore.py:446	Adding artifact file to collect (keep=False): /var/loadtest/logs/2022-08-14_10-54-57.341693/jmeter_stdout_stderr_jarSq8.log
2022-08-14 10:54:57,413 [DEBUG] yandextank.core.tankcore tankcore.py:244	Configuring <yandextank.plugins.RCAssert.plugin.Plugin object at 0x7ff3e30d6210>
2022-08-14 10:54:57,414 [DEBUG] yandextank.core.tankcore tankcore.py:244	Configuring <yandextank.plugins.ResourceCheck.plugin.Plugin object at 0x7ff3e30d6e10>
2022-08-14 10:54:57,414 [DEBUG] yandextank.core.tankcore tankcore.py:244	Configuring <yandextank.plugins.DataUploader.plugin.Plugin object at 0x7ff3e30d6d10>
2022-08-14 10:54:57,415 [INFO] yandextank.core.tankcore tankcore.py:249	Preparing test...
2022-08-14 10:54:57,415 [DEBUG] yandextank.core.tankcore tankcore.py:253	Preparing <yandextank.plugins.JsonReport.plugin.Plugin object at 0x7ff3e30d60d0>
2022-08-14 10:54:57,415 [DEBUG] yandextank.core.tankcore tankcore.py:253	Preparing <yandextank.plugins.Autostop.plugin.Plugin object at 0x7ff3e3130d10>
2022-08-14 10:54:57,415 [DEBUG] yandextank.common.interfaces plugin.py:74	Criterion string: http(5xx,10%,5s)
2022-08-14 10:54:57,415 [DEBUG] yandextank.common.interfaces plugin.py:78	Criterion objects: {'http(5xx,10%,5s)': <yandextank.plugins.Autostop.criterions.HTTPCodesCriterion object at 0x7ff3e3130810>}
2022-08-14 10:54:57,415 [DEBUG] yandextank.core.tankcore tankcore.py:391	Searching for plugin: <class 'yandextank.plugins.Console.plugin.Plugin'>
2022-08-14 10:54:57,416 [DEBUG] yandextank.core.tankcore tankcore.py:253	Preparing <yandextank.plugins.ShellExec.plugin.Plugin object at 0x7ff3e30d66d0>
2022-08-14 10:54:57,416 [DEBUG] yandextank.core.tankcore tankcore.py:253	Preparing <yandextank.plugins.Console.plugin.Plugin object at 0x7ff3e30d6d50>
2022-08-14 10:54:57,416 [DEBUG] yandextank.core.tankcore tankcore.py:253	Preparing <yandextank.plugins.JMeter.plugin.Plugin object at 0x7ff3e30d63d0>
2022-08-14 10:54:57,416 [DEBUG] yandextank.core.tankcore tankcore.py:391	Searching for plugin: <class 'yandextank.plugins.Console.plugin.Plugin'>
2022-08-14 10:54:57,416 [DEBUG] yandextank.core.tankcore tankcore.py:253	Preparing <yandextank.plugins.RCAssert.plugin.Plugin object at 0x7ff3e30d6210>
2022-08-14 10:54:57,416 [DEBUG] yandextank.core.tankcore tankcore.py:253	Preparing <yandextank.plugins.ResourceCheck.plugin.Plugin object at 0x7ff3e30d6e10>
2022-08-14 10:54:57,416 [INFO] yandextank.common.interfaces plugin.py:39	Checking tank resources...
2022-08-14 10:54:57,417 [DEBUG] netort.process process.py:23	Starting: sh -c "df --no-sync -m -P -l -x fuse -x tmpfs -x devtmpfs -x davfs -x nfs /var/loadtest/logs | tail -n 1 | awk '{print \$4}' "
2022-08-14 10:54:57,987 [DEBUG] netort.process process.py:46	Process output:
27670

2022-08-14 10:54:57,988 [DEBUG] netort.process process.py:48	Process exit code: 0
2022-08-14 10:54:57,988 [DEBUG] root plugin.py:58	Result: (0, '27670\n', '')
2022-08-14 10:54:57,988 [DEBUG] yandextank.common.interfaces plugin.py:64	Disk free space: 27670/2048
2022-08-14 10:54:57,989 [DEBUG] yandextank.common.interfaces plugin.py:75	Memory free: 2663/512
2022-08-14 10:54:57,989 [DEBUG] yandextank.core.tankcore tankcore.py:253	Preparing <yandextank.plugins.DataUploader.plugin.Plugin object at 0x7ff3e30d6d10>
2022-08-14 10:54:57,989 [INFO] root plugin.py:523	Using OVERLOAD backend
2022-08-14 10:54:57,989 [DEBUG] yandextank.plugins.DataUploader.plugin plugin.py:618	Trying to read token from token.txt
2022-08-14 10:54:57,990 [INFO] yandextank.plugins.DataUploader.plugin plugin.py:624	Read authentication token from token.txt, token length is 32 bytes
2022-08-14 10:54:58,014 [INFO] yandextank.plugins.DataUploader.client client.py:59	Proxy not set
2022-08-14 10:54:58,015 [INFO] yandextank.plugins.DataUploader.plugin plugin.py:647	Detected target: 
2022-08-14 10:54:58,037 [DEBUG] yandextank.plugins.DataUploader.client client.py:336	Job create request: {'person': 'root', 'host': '', 'task': '', 'tank': 'ubuntu', 'notify': [], 'loadscheme': [], 'detailed_time': None, 'port': 80}
2022-08-14 10:54:58,041 [DEBUG] urllib3.connectionpool connectionpool.py:813	Starting new HTTPS connection (1): overload.yandex.net:443
2022-08-14 10:54:58,518 [DEBUG] urllib3.connectionpool connectionpool.py:393	https://overload.yandex.net:443 "POST /api/job/create.json?api_token=468e142f8ae64ca09d4691f5756dce51 HTTP/1.1" 200 None
2022-08-14 10:54:58,521 [INFO] yandextank.plugins.DataUploader.plugin plugin.py:789	Job created: 542544
2022-08-14 10:54:58,523 [DEBUG] yandextank.plugins.DataUploader.client client.py:642	Sending configinitial config
2022-08-14 10:54:58,623 [DEBUG] urllib3.connectionpool connectionpool.py:393	https://overload.yandex.net:443 "POST /api/job/542544/configinitial.txt?api_token=468e142f8ae64ca09d4691f5756dce51 HTTP/1.1" 200 16
2022-08-14 10:54:58,625 [INFO] yandextank.plugins.DataUploader.plugin plugin.py:485	Locking targets: []
2022-08-14 10:54:58,626 [INFO] yandextank.plugins.DataUploader.plugin plugin.py:487	Locked targets: []
2022-08-14 10:54:58,627 [DEBUG] yandextank.common.interfaces interfaces.py:101	Publishing status: Plugin/job_no: 542544
2022-08-14 10:54:58,835 [DEBUG] urllib3.connectionpool connectionpool.py:393	https://overload.yandex.net:443 "POST /api/job/542544/edit.json?api_token=468e142f8ae64ca09d4691f5756dce51 HTTP/1.1" 200 19
2022-08-14 10:54:58,837 [DEBUG] yandextank.core.tankcore tankcore.py:391	Searching for plugin: <class 'yandextank.plugins.Console.plugin.Plugin'>
2022-08-14 10:54:58,838 [DEBUG] yandextank.plugins.DataUploader.client client.py:642	Sending configinitial config
2022-08-14 10:54:59,003 [DEBUG] urllib3.connectionpool connectionpool.py:393	https://overload.yandex.net:443 "POST /api/job/542544/configinitial.txt?api_token=468e142f8ae64ca09d4691f5756dce51 HTTP/1.1" 200 16
2022-08-14 10:54:59,005 [DEBUG] yandextank.plugins.DataUploader.client client.py:642	Sending configinfo config
2022-08-14 10:54:59,110 [DEBUG] urllib3.connectionpool connectionpool.py:393	https://overload.yandex.net:443 "POST /api/job/542544/configinfo.txt?api_token=468e142f8ae64ca09d4691f5756dce51 HTTP/1.1" 200 16
2022-08-14 10:54:59,112 [INFO] yandextank.core.tankcore tankcore.py:259	Starting test...
2022-08-14 10:54:59,147 [INFO] yandextank.aggregator.tank_aggregator tank_aggregator.py:63	using verbose histogram
2022-08-14 10:54:59,153 [DEBUG] yandextank.core.tankcore tankcore.py:263	Starting <yandextank.plugins.JsonReport.plugin.Plugin object at 0x7ff3e30d60d0>
2022-08-14 10:54:59,154 [INFO] yandextank.core.tankcore tankcore.py:267	Plugin <yandextank.plugins.JsonReport.plugin.Plugin object at 0x7ff3e30d60d0> required 0.000006 seconds to start
2022-08-14 10:54:59,155 [DEBUG] yandextank.core.tankcore tankcore.py:263	Starting <yandextank.plugins.Autostop.plugin.Plugin object at 0x7ff3e3130d10>
2022-08-14 10:54:59,156 [INFO] yandextank.core.tankcore tankcore.py:267	Plugin <yandextank.plugins.Autostop.plugin.Plugin object at 0x7ff3e3130d10> required 0.000004 seconds to start
2022-08-14 10:54:59,156 [DEBUG] yandextank.core.tankcore tankcore.py:263	Starting <yandextank.plugins.ShellExec.plugin.Plugin object at 0x7ff3e30d66d0>
2022-08-14 10:54:59,157 [INFO] yandextank.core.tankcore tankcore.py:267	Plugin <yandextank.plugins.ShellExec.plugin.Plugin object at 0x7ff3e30d66d0> required 0.000004 seconds to start
2022-08-14 10:54:59,157 [DEBUG] yandextank.core.tankcore tankcore.py:263	Starting <yandextank.plugins.Console.plugin.Plugin object at 0x7ff3e30d6d50>
2022-08-14 10:54:59,157 [INFO] yandextank.core.tankcore tankcore.py:267	Plugin <yandextank.plugins.Console.plugin.Plugin object at 0x7ff3e30d6d50> required 0.000003 seconds to start
2022-08-14 10:54:59,158 [DEBUG] yandextank.core.tankcore tankcore.py:263	Starting <yandextank.plugins.JMeter.plugin.Plugin object at 0x7ff3e30d63d0>
2022-08-14 10:54:59,159 [INFO] yandextank.plugins.JMeter.plugin plugin.py:119	Starting /usr/local/apache-jmeter-3.3/bin/jmeter with arguments: ['/usr/local/apache-jmeter-3.3/bin/jmeter', '-n', '-t', '/var/loadtest/modified_Bglvn1.jmx', '-j', '/var/loadtest/logs/2022-08-14_10-54-57.341693/jmeter_HHiiq6.log', '-Jjmeter.save.saveservice.default_delimiter=\\t', '-Jjmeter.save.saveservice.connect_time=true']
2022-08-14 10:55:05,777 [INFO] yandextank.core.tankcore tankcore.py:267	Plugin <yandextank.plugins.JMeter.plugin.Plugin object at 0x7ff3e30d63d0> required 6.618622 seconds to start
2022-08-14 10:55:05,779 [DEBUG] yandextank.core.tankcore tankcore.py:263	Starting <yandextank.plugins.RCAssert.plugin.Plugin object at 0x7ff3e30d6210>
2022-08-14 10:55:05,780 [INFO] yandextank.core.tankcore tankcore.py:267	Plugin <yandextank.plugins.RCAssert.plugin.Plugin object at 0x7ff3e30d6210> required 0.000043 seconds to start
2022-08-14 10:55:05,781 [DEBUG] yandextank.core.tankcore tankcore.py:263	Starting <yandextank.plugins.ResourceCheck.plugin.Plugin object at 0x7ff3e30d6e10>
2022-08-14 10:55:05,781 [INFO] yandextank.core.tankcore tankcore.py:267	Plugin <yandextank.plugins.ResourceCheck.plugin.Plugin object at 0x7ff3e30d6e10> required 0.000001 seconds to start
2022-08-14 10:55:05,781 [DEBUG] yandextank.core.tankcore tankcore.py:263	Starting <yandextank.plugins.DataUploader.plugin.Plugin object at 0x7ff3e30d6d10>
2022-08-14 10:55:05,782 [INFO] yandextank.plugins.DataUploader.plugin plugin.py:394	Status sender thread started
2022-08-14 10:55:05,782 [INFO] yandextank.plugins.DataUploader.plugin plugin.py:413	Data Uploader thread started
2022-08-14 10:55:05,783 [INFO] yandextank.plugins.DataUploader.plugin plugin.py:413	Monitoring Uploader thread started
2022-08-14 10:55:05,784 [INFO] yandextank.plugins.DataUploader.plugin plugin.py:298	Web link: https://overload.yandex.net/542544
2022-08-14 10:55:05,784 [DEBUG] yandextank.common.interfaces interfaces.py:101	Publishing status: Plugin/jobno: 542544
2022-08-14 10:55:05,785 [DEBUG] yandextank.common.interfaces interfaces.py:101	Publishing status: Plugin/web_link: https://overload.yandex.net/542544
2022-08-14 10:55:05,785 [DEBUG] yandextank.plugins.DataUploader.plugin plugin.py:305	Saving jobno to: jobno_file.txt
2022-08-14 10:55:05,785 [DEBUG] yandextank.core.tankcore tankcore.py:446	Adding artifact file to collect (keep=False): jobno_file.txt
2022-08-14 10:55:05,786 [DEBUG] yandextank.plugins.DataUploader.client client.py:642	Sending configinitial config
2022-08-14 10:55:05,951 [DEBUG] urllib3.connectionpool connectionpool.py:393	https://overload.yandex.net:443 "POST /api/job/542544/configinitial.txt?api_token=468e142f8ae64ca09d4691f5756dce51 HTTP/1.1" 200 16
2022-08-14 10:55:05,953 [DEBUG] yandextank.plugins.DataUploader.client client.py:642	Sending configinfo config
2022-08-14 10:55:06,059 [DEBUG] urllib3.connectionpool connectionpool.py:393	https://overload.yandex.net:443 "POST /api/job/542544/configinfo.txt?api_token=468e142f8ae64ca09d4691f5756dce51 HTTP/1.1" 200 16
2022-08-14 10:55:06,062 [INFO] yandextank.core.tankcore tankcore.py:267	Plugin <yandextank.plugins.DataUploader.plugin.Plugin object at 0x7ff3e30d6d10> required 0.280272 seconds to start
2022-08-14 10:55:06,063 [INFO] yandextank.core.tankcore tankcore.py:274	Waiting for test to finish...
2022-08-14 10:55:06,063 [INFO] yandextank.core.tankcore tankcore.py:275	Artifacts dir: /var/loadtest/logs/2022-08-14_10-54-57.341693
2022-08-14 10:55:06,064 [DEBUG] yandextank.aggregator.tank_aggregator tank_aggregator.py:87	Data timestamps: []
2022-08-14 10:55:06,064 [DEBUG] yandextank.aggregator.tank_aggregator tank_aggregator.py:88	Stats timestamps: []
2022-08-14 10:55:06,064 [DEBUG] yandextank.core.tankcore tankcore.py:286	Polling <yandextank.plugins.JsonReport.plugin.Plugin object at 0x7ff3e30d60d0>
2022-08-14 10:55:06,064 [DEBUG] yandextank.core.tankcore tankcore.py:286	Polling <yandextank.plugins.Autostop.plugin.Plugin object at 0x7ff3e3130d10>
2022-08-14 10:55:06,065 [DEBUG] yandextank.core.tankcore tankcore.py:286	Polling <yandextank.plugins.ShellExec.plugin.Plugin object at 0x7ff3e30d66d0>
2022-08-14 10:55:06,065 [DEBUG] yandextank.core.tankcore tankcore.py:286	Polling <yandextank.plugins.Console.plugin.Plugin object at 0x7ff3e30d6d50>
2022-08-14 10:55:06,065 [DEBUG] yandextank.plugins.Console.screen screen.py:389	Terminal size: 80x24
2022-08-14 10:55:06,066 [DEBUG] yandextank.plugins.Console.screen screen.py:401	Left/right panels width: 51/24
2022-08-14 10:55:06,066 [DEBUG] yandextank.plugins.Console.screen screen.py:406	There are 3 info widgets
2022-08-14 10:55:06,066 [DEBUG] yandextank.plugins.Console.screen screen.py:410	Rendering info widget #0: <yandextank.plugins.JMeter.plugin.JMeterInfoWidget object at 0x7ff3e3130790>
2022-08-14 10:55:06,066 [DEBUG] yandextank.plugins.Console.screen screen.py:410	Rendering info widget #1: <yandextank.plugins.DataUploader.plugin.JobInfoWidget object at 0x7ff3e3130850>
2022-08-14 10:55:06,066 [DEBUG] yandextank.plugins.Console.screen screen.py:410	Rendering info widget #25: <yandextank.plugins.Autostop.plugin.AutostopWidget object at 0x7ff3e3130390>
2022-08-14 10:55:06,066 [DEBUG] yandextank.plugins.Console.screen screen.py:367	Rendering left blocks
2022-08-14 10:55:06,068 [DEBUG] yandextank.plugins.Console.screen screen.py:418	Composing final screen output
2022-08-14 10:55:06,069 [DEBUG] yandextank.plugins.Console.plugin plugin.py:73	Writing console view to STDOUT
2022-08-14 10:55:06,069 [DEBUG] yandextank.core.tankcore tankcore.py:286	Polling <yandextank.plugins.JMeter.plugin.Plugin object at 0x7ff3e30d63d0>
2022-08-14 10:55:06,070 [INFO] yandextank.plugins.JMeter.plugin plugin.py:146	JMeter process finished with exit code: 0, waiting for aggregator
2022-08-14 10:55:06,070 [DEBUG] yandextank.core.tankcore tankcore.py:286	Polling <yandextank.plugins.RCAssert.plugin.Plugin object at 0x7ff3e30d6210>
2022-08-14 10:55:06,070 [DEBUG] yandextank.core.tankcore tankcore.py:286	Polling <yandextank.plugins.ResourceCheck.plugin.Plugin object at 0x7ff3e30d6e10>
2022-08-14 10:55:06,071 [DEBUG] yandextank.common.interfaces plugin.py:44	Checking tank resources...
2022-08-14 10:55:06,071 [DEBUG] netort.process process.py:23	Starting: sh -c "df --no-sync -m -P -l -x fuse -x tmpfs -x devtmpfs -x davfs -x nfs /var/loadtest/logs | tail -n 1 | awk '{print \$4}' "
2022-08-14 10:55:06,637 [DEBUG] netort.process process.py:46	Process output:
27670

2022-08-14 10:55:06,638 [DEBUG] netort.process process.py:48	Process exit code: 0
2022-08-14 10:55:06,638 [DEBUG] root plugin.py:58	Result: (0, '27670\n', '')
2022-08-14 10:55:06,638 [DEBUG] yandextank.common.interfaces plugin.py:64	Disk free space: 27670/2048
2022-08-14 10:55:06,639 [DEBUG] yandextank.common.interfaces plugin.py:75	Memory free: 2649/512
2022-08-14 10:55:06,639 [DEBUG] yandextank.core.tankcore tankcore.py:286	Polling <yandextank.plugins.DataUploader.plugin.Plugin object at 0x7ff3e30d6d10>
2022-08-14 10:55:06,639 [DEBUG] yandextank.core.tankcore tankcore.py:292	Polling took 0.575453042984
2022-08-14 10:55:06,640 [DEBUG] yandextank.core.tankcore tankcore.py:293	Tank status: {"core": {"stage": "shoot"}, "uploader": {"task": "", "web_link": "https://overload.yandex.net/542544", "job_name": "none", "person": "root", "version": "", "meta": {"loop_count": 0, "cmdline": "/usr/local/bin/yandex-tank -c load.yaml", "target_port": 80, "ammo_path": "/var/loadtest", "target_host": ""}, "job_no": 542544, "job_dsc": ""}, "Plugin": {"web_link": "https://overload.yandex.net/542544", "jobno": 542544, "job_no": 542544}}
2022-08-14 10:55:06,640 [DEBUG] yandextank.aggregator.tank_aggregator tank_aggregator.py:87	Data timestamps: []
2022-08-14 10:55:06,640 [DEBUG] yandextank.aggregator.tank_aggregator tank_aggregator.py:88	Stats timestamps: []
2022-08-14 10:55:06,640 [DEBUG] yandextank.core.tankcore tankcore.py:286	Polling <yandextank.plugins.JsonReport.plugin.Plugin object at 0x7ff3e30d60d0>
2022-08-14 10:55:06,640 [DEBUG] yandextank.core.tankcore tankcore.py:286	Polling <yandextank.plugins.Autostop.plugin.Plugin object at 0x7ff3e3130d10>
2022-08-14 10:55:06,641 [DEBUG] yandextank.core.tankcore tankcore.py:286	Polling <yandextank.plugins.ShellExec.plugin.Plugin object at 0x7ff3e30d66d0>
2022-08-14 10:55:06,641 [DEBUG] yandextank.core.tankcore tankcore.py:286	Polling <yandextank.plugins.Console.plugin.Plugin object at 0x7ff3e30d6d50>
2022-08-14 10:55:06,641 [DEBUG] yandextank.plugins.Console.screen screen.py:389	Terminal size: 80x24
2022-08-14 10:55:06,641 [DEBUG] yandextank.plugins.Console.screen screen.py:401	Left/right panels width: 51/24
2022-08-14 10:55:06,642 [DEBUG] yandextank.plugins.Console.screen screen.py:406	There are 3 info widgets
2022-08-14 10:55:06,642 [DEBUG] yandextank.plugins.Console.screen screen.py:410	Rendering info widget #0: <yandextank.plugins.JMeter.plugin.JMeterInfoWidget object at 0x7ff3e3130790>
2022-08-14 10:55:06,642 [DEBUG] yandextank.plugins.Console.screen screen.py:410	Rendering info widget #1: <yandextank.plugins.DataUploader.plugin.JobInfoWidget object at 0x7ff3e3130850>
2022-08-14 10:55:06,642 [DEBUG] yandextank.plugins.Console.screen screen.py:410	Rendering info widget #25: <yandextank.plugins.Autostop.plugin.AutostopWidget object at 0x7ff3e3130390>
2022-08-14 10:55:06,642 [DEBUG] yandextank.plugins.Console.screen screen.py:367	Rendering left blocks
2022-08-14 10:55:06,644 [DEBUG] yandextank.plugins.Console.screen screen.py:418	Composing final screen output
2022-08-14 10:55:06,645 [DEBUG] yandextank.core.tankcore tankcore.py:286	Polling <yandextank.plugins.JMeter.plugin.Plugin object at 0x7ff3e30d63d0>
2022-08-14 10:55:06,645 [DEBUG] yandextank.plugins.Console.plugin plugin.py:73	Writing console view to STDOUT
2022-08-14 10:55:06,646 [INFO] yandextank.core.tankcore tankcore.py:301	Finishing test...
2022-08-14 10:55:06,647 [INFO] yandextank.core.tankcore tankcore.py:303	Stopping load generator and aggregator
2022-08-14 10:55:06,647 [DEBUG] yandextank.core.tankcore tankcore.py:446	Adding artifact file to collect (keep=False): /var/loadtest/logs/2022-08-14_10-54-57.341693/jmeter_HHiiq6.log
2022-08-14 10:55:06,648 [DEBUG] yandextank.aggregator.tank_aggregator tank_aggregator.py:123	Closing stats reader
2022-08-14 10:55:06,648 [DEBUG] yandextank.aggregator.tank_aggregator tank_aggregator.py:126	Waiting for gun drain to finish
