2022-08-14 11:13:35,324 INFO o.a.j.u.JMeterUtils: Setting Locale to en_US
2022-08-14 11:13:35,349 INFO o.a.j.JMeter: Loading user properties from: /usr/local/apache-jmeter-3.3/bin/user.properties
2022-08-14 11:13:35,350 INFO o.a.j.JMeter: Loading system properties from: /usr/local/apache-jmeter-3.3/bin/system.properties
2022-08-14 11:13:35,351 INFO o.a.j.JMeter: Setting JMeter property: jmeter.save.saveservice.default_delimiter=\t
2022-08-14 11:13:35,351 INFO o.a.j.JMeter: Setting JMeter property: jmeter.save.saveservice.connect_time=true
2022-08-14 11:13:35,359 INFO o.a.j.JMeter: Copyright (c) 1998-2017 The Apache Software Foundation
2022-08-14 11:13:35,359 INFO o.a.j.JMeter: Version 3.3 r1808647
2022-08-14 11:13:35,359 INFO o.a.j.JMeter: java.version=1.8.0_191
2022-08-14 11:13:35,360 INFO o.a.j.JMeter: java.vm.name=OpenJDK 64-Bit Server VM
2022-08-14 11:13:35,360 INFO o.a.j.JMeter: os.name=Linux
2022-08-14 11:13:35,360 INFO o.a.j.JMeter: os.arch=amd64
2022-08-14 11:13:35,360 INFO o.a.j.JMeter: os.version=5.15.0-46-generic
2022-08-14 11:13:35,360 INFO o.a.j.JMeter: file.encoding=ANSI_X3.4-1968
2022-08-14 11:13:35,360 INFO o.a.j.JMeter: Max memory     =536870912
2022-08-14 11:13:35,360 INFO o.a.j.JMeter: Available Processors =4
2022-08-14 11:13:35,366 INFO o.a.j.JMeter: Default Locale=English (United States)
2022-08-14 11:13:35,367 INFO o.a.j.JMeter: JMeter  Locale=English (United States)
2022-08-14 11:13:35,367 INFO o.a.j.JMeter: JMeterHome=/usr/local/apache-jmeter-3.3
2022-08-14 11:13:35,367 INFO o.a.j.JMeter: user.dir  =/var/loadtest
2022-08-14 11:13:35,367 INFO o.a.j.JMeter: PWD       =/var/loadtest
2022-08-14 11:13:35,368 INFO o.a.j.JMeter: IP: 127.0.1.1 Name: ubuntu FullName: ubuntu
2022-08-14 11:13:35,372 INFO o.a.j.s.FileServer: Default base='/var/loadtest'
2022-08-14 11:13:35,373 INFO o.a.j.s.FileServer: Set new base='/var/loadtest'
2022-08-14 11:13:35,619 INFO o.a.j.s.SaveService: Testplan (JMX) version: 2.2. Testlog (JTL) version: 2.2
2022-08-14 11:13:35,645 INFO o.a.j.s.SaveService: Using SaveService properties file encoding UTF-8
2022-08-14 11:13:35,651 INFO o.a.j.s.SaveService: Using SaveService properties version 3.2
2022-08-14 11:13:35,660 INFO o.a.j.s.SaveService: Loading file: /var/loadtest/modified_eZJHLj.jmx
2022-08-14 11:13:35,719 INFO o.a.j.p.h.c.CookieManager: Settings: Delete null: true Check: true Allow variable: true Save: false Prefix: COOKIE_
2022-08-14 11:13:35,734 INFO o.a.j.p.h.s.HTTPSamplerBase: Parser for text/html is org.apache.jmeter.protocol.http.parser.LagartoBasedHtmlParser
2022-08-14 11:13:35,734 INFO o.a.j.p.h.s.HTTPSamplerBase: Parser for application/xhtml+xml is org.apache.jmeter.protocol.http.parser.LagartoBasedHtmlParser
2022-08-14 11:13:35,734 INFO o.a.j.p.h.s.HTTPSamplerBase: Parser for application/xml is org.apache.jmeter.protocol.http.parser.LagartoBasedHtmlParser
2022-08-14 11:13:35,734 INFO o.a.j.p.h.s.HTTPSamplerBase: Parser for text/xml is org.apache.jmeter.protocol.http.parser.LagartoBasedHtmlParser
2022-08-14 11:13:35,734 INFO o.a.j.p.h.s.HTTPSamplerBase: Parser for text/vnd.wap.wml is org.apache.jmeter.protocol.http.parser.RegexpHTMLParser
2022-08-14 11:13:35,735 INFO o.a.j.p.h.s.HTTPSamplerBase: Parser for text/css is org.apache.jmeter.protocol.http.parser.CssParser
2022-08-14 11:13:35,788 INFO o.a.j.JMeter: Creating summariser <summary>
2022-08-14 11:13:35,795 INFO o.a.j.e.StandardJMeterEngine: Running the test!
2022-08-14 11:13:35,796 INFO o.a.j.s.SampleEvent: List of sample_variables: []
2022-08-14 11:13:35,796 INFO o.a.j.s.SampleEvent: List of sample_variables: []
2022-08-14 11:13:35,801 INFO o.a.j.e.u.CompoundVariable: Note: Function class names must contain the string: '.functions.'
2022-08-14 11:13:35,801 INFO o.a.j.e.u.CompoundVariable: Note: Function class names must not contain the string: '.gui.'
2022-08-14 11:13:36,499 INFO o.a.j.JMeter: Running test (1660475616499)
2022-08-14 11:13:36,555 INFO o.a.j.e.StandardJMeterEngine: Starting ThreadGroup: 1 : Jmeter
2022-08-14 11:13:36,555 INFO o.a.j.e.StandardJMeterEngine: Starting 100 threads for group Jmeter.
2022-08-14 11:13:36,556 INFO o.a.j.e.StandardJMeterEngine: Thread will continue on error
2022-08-14 11:13:36,556 INFO o.a.j.t.ThreadGroup: Starting thread group... number=1 threads=100 ramp-up=1 perThread=10.0 delayedStart=false
2022-08-14 11:13:36,570 INFO o.a.j.t.JMeterThread: Thread started: Jmeter 1-1
2022-08-14 11:13:36,598 INFO o.a.j.t.JMeterThread: Thread started: Jmeter 1-2
2022-08-14 11:13:36,613 INFO o.a.j.p.h.s.HTTPHCAbstractImpl: Local host = ubuntu
2022-08-14 11:13:36,622 INFO o.a.j.t.JMeterThread: Thread started: Jmeter 1-3
2022-08-14 11:13:36,623 INFO o.a.j.p.h.s.HTTPHC4Impl: HTTP request retry count = 0
2022-08-14 11:13:36,627 INFO o.a.j.t.JMeterThread: Thread started: Jmeter 1-4
2022-08-14 11:13:36,640 INFO o.a.j.s.SampleResult: Note: Sample TimeStamps are START times
2022-08-14 11:13:36,640 INFO o.a.j.s.SampleResult: sampleresult.default.encoding is set to ISO-8859-1
2022-08-14 11:13:36,640 INFO o.a.j.s.SampleResult: sampleresult.useNanoTime=true
2022-08-14 11:13:36,640 INFO o.a.j.s.SampleResult: sampleresult.nanoThreadSleep=5000
2022-08-14 11:13:36,641 INFO o.a.j.t.JMeterThread: Thread started: Jmeter 1-5
2022-08-14 11:13:36,653 INFO o.a.j.t.JMeterThread: Thread started: Jmeter 1-6
2022-08-14 11:13:36,664 INFO o.a.j.t.JMeterThread: Thread started: Jmeter 1-7
2022-08-14 11:13:36,678 INFO o.a.j.t.JMeterThread: Thread started: Jmeter 1-8
2022-08-14 11:13:36,690 INFO o.a.j.t.JMeterThread: Thread started: Jmeter 1-9
2022-08-14 11:13:36,707 INFO o.a.j.t.JMeterThread: Thread started: Jmeter 1-10
2022-08-14 11:13:36,720 INFO o.a.j.t.JMeterThread: Thread started: Jmeter 1-11
2022-08-14 11:13:36,736 INFO o.a.j.t.JMeterThread: Thread started: Jmeter 1-12
2022-08-14 11:13:36,745 INFO o.a.j.t.JMeterThread: Thread started: Jmeter 1-13
2022-08-14 11:13:36,760 INFO o.a.j.t.JMeterThread: Thread started: Jmeter 1-14
2022-08-14 11:13:36,782 INFO o.a.j.t.JMeterThread: Thread started: Jmeter 1-15
2022-08-14 11:13:36,790 INFO o.a.j.t.JMeterThread: Thread started: Jmeter 1-16
2022-08-14 11:13:36,802 INFO o.a.j.t.JMeterThread: Thread started: Jmeter 1-17
2022-08-14 11:13:36,813 INFO o.a.j.t.JMeterThread: Thread started: Jmeter 1-18
2022-08-14 11:13:36,825 INFO o.a.j.t.JMeterThread: Thread started: Jmeter 1-19
2022-08-14 11:13:36,836 INFO o.a.j.t.JMeterThread: Thread started: Jmeter 1-20
2022-08-14 11:13:36,855 INFO o.a.j.t.JMeterThread: Thread started: Jmeter 1-21
2022-08-14 11:13:36,858 INFO o.a.j.t.JMeterThread: Thread started: Jmeter 1-22
2022-08-14 11:13:36,870 INFO o.a.j.t.JMeterThread: Thread started: Jmeter 1-23
2022-08-14 11:13:36,880 INFO o.a.j.t.JMeterThread: Thread started: Jmeter 1-24
2022-08-14 11:13:36,892 INFO o.a.j.t.JMeterThread: Thread started: Jmeter 1-25
2022-08-14 11:13:36,903 INFO o.a.j.t.JMeterThread: Thread started: Jmeter 1-26
2022-08-14 11:13:36,904 INFO o.a.j.t.ThreadGroup: Started thread group number 1
2022-08-14 11:13:36,904 INFO o.a.j.e.StandardJMeterEngine: All thread groups have been started
2022-08-14 11:13:36,914 INFO o.a.j.t.JMeterThread: Thread started: Jmeter 1-27
2022-08-14 11:13:36,926 INFO o.a.j.t.JMeterThread: Thread started: Jmeter 1-28
2022-08-14 11:13:36,937 INFO o.a.j.t.JMeterThread: Thread started: Jmeter 1-29
2022-08-14 11:13:36,957 INFO o.a.j.t.JMeterThread: Thread started: Jmeter 1-30
2022-08-14 11:13:37,000 INFO o.a.j.t.JMeterThread: Thread started: Jmeter 1-31
2022-08-14 11:13:37,016 INFO o.a.j.t.JMeterThread: Thread started: Jmeter 1-32
2022-08-14 11:13:37,030 INFO o.a.j.t.JMeterThread: Thread started: Jmeter 1-33
2022-08-14 11:13:37,042 INFO o.a.j.t.JMeterThread: Thread started: Jmeter 1-34
2022-08-14 11:13:37,057 INFO o.a.j.t.JMeterThread: Thread started: Jmeter 1-35
2022-08-14 11:13:37,067 INFO o.a.j.t.JMeterThread: Thread started: Jmeter 1-36
2022-08-14 11:13:37,079 INFO o.a.j.t.JMeterThread: Thread started: Jmeter 1-37
2022-08-14 11:13:37,103 INFO o.a.j.t.JMeterThread: Thread started: Jmeter 1-38
2022-08-14 11:13:37,130 INFO o.a.j.t.JMeterThread: Thread started: Jmeter 1-40
2022-08-14 11:13:37,133 INFO o.a.j.t.JMeterThread: Thread started: Jmeter 1-39
2022-08-14 11:13:37,154 INFO o.a.j.t.JMeterThread: Thread started: Jmeter 1-41
2022-08-14 11:13:37,165 INFO o.a.j.t.JMeterThread: Thread started: Jmeter 1-42
2022-08-14 11:13:37,176 INFO o.a.j.t.JMeterThread: Thread started: Jmeter 1-43
2022-08-14 11:13:37,187 INFO o.a.j.t.JMeterThread: Thread started: Jmeter 1-44
2022-08-14 11:13:37,198 INFO o.a.j.t.JMeterThread: Thread started: Jmeter 1-45
2022-08-14 11:13:37,209 INFO o.a.j.t.JMeterThread: Thread started: Jmeter 1-46
2022-08-14 11:13:37,220 INFO o.a.j.t.JMeterThread: Thread started: Jmeter 1-47
2022-08-14 11:13:37,231 INFO o.a.j.t.JMeterThread: Thread started: Jmeter 1-48
2022-08-14 11:13:37,244 INFO o.a.j.t.JMeterThread: Thread started: Jmeter 1-49
2022-08-14 11:13:37,258 INFO o.a.j.t.JMeterThread: Thread started: Jmeter 1-50
2022-08-14 11:13:37,286 INFO o.a.j.t.JMeterThread: Thread started: Jmeter 1-51
2022-08-14 11:13:37,298 INFO o.a.j.t.JMeterThread: Thread started: Jmeter 1-52
2022-08-14 11:13:37,309 INFO o.a.j.t.JMeterThread: Thread started: Jmeter 1-53
2022-08-14 11:13:37,322 INFO o.a.j.t.JMeterThread: Thread started: Jmeter 1-54
2022-08-14 11:13:37,335 INFO o.a.j.t.JMeterThread: Thread started: Jmeter 1-55
2022-08-14 11:13:37,346 INFO o.a.j.t.JMeterThread: Thread started: Jmeter 1-56
2022-08-14 11:13:37,357 INFO o.a.j.t.JMeterThread: Thread started: Jmeter 1-57
2022-08-14 11:13:37,375 INFO o.a.j.t.JMeterThread: Thread started: Jmeter 1-58
2022-08-14 11:13:37,389 INFO o.a.j.t.JMeterThread: Thread started: Jmeter 1-59
2022-08-14 11:13:37,400 INFO o.a.j.t.JMeterThread: Thread started: Jmeter 1-60
2022-08-14 11:13:37,411 INFO o.a.j.t.JMeterThread: Thread started: Jmeter 1-61
2022-08-14 11:13:37,431 INFO o.a.j.t.JMeterThread: Thread started: Jmeter 1-62
2022-08-14 11:13:37,467 INFO o.a.j.t.JMeterThread: Thread started: Jmeter 1-63
2022-08-14 11:13:37,474 INFO o.a.j.t.JMeterThread: Thread started: Jmeter 1-64
2022-08-14 11:13:37,487 INFO o.a.j.t.JMeterThread: Thread started: Jmeter 1-65
2022-08-14 11:13:37,508 INFO o.a.j.t.JMeterThread: Thread started: Jmeter 1-67
2022-08-14 11:13:37,515 INFO o.a.j.t.JMeterThread: Thread started: Jmeter 1-66
2022-08-14 11:13:37,530 INFO o.a.j.t.JMeterThread: Thread started: Jmeter 1-68
2022-08-14 11:13:37,536 INFO o.a.j.t.JMeterThread: Thread started: Jmeter 1-69
2022-08-14 11:13:37,551 INFO o.a.j.t.JMeterThread: Thread started: Jmeter 1-70
2022-08-14 11:13:37,562 INFO o.a.j.t.JMeterThread: Thread started: Jmeter 1-71
2022-08-14 11:13:37,576 INFO o.a.j.t.JMeterThread: Thread started: Jmeter 1-72
2022-08-14 11:13:37,588 INFO o.a.j.t.JMeterThread: Thread started: Jmeter 1-73
2022-08-14 11:13:37,599 INFO o.a.j.t.JMeterThread: Thread started: Jmeter 1-74
2022-08-14 11:13:37,611 INFO o.a.j.t.JMeterThread: Thread started: Jmeter 1-75
2022-08-14 11:13:37,644 INFO o.a.j.t.JMeterThread: Thread started: Jmeter 1-77
2022-08-14 11:13:37,650 INFO o.a.j.t.JMeterThread: Thread started: Jmeter 1-76
2022-08-14 11:13:37,657 INFO o.a.j.t.JMeterThread: Thread started: Jmeter 1-78
2022-08-14 11:13:37,668 INFO o.a.j.t.JMeterThread: Thread started: Jmeter 1-79
2022-08-14 11:13:37,679 INFO o.a.j.t.JMeterThread: Thread started: Jmeter 1-80
2022-08-14 11:13:37,690 INFO o.a.j.t.JMeterThread: Thread started: Jmeter 1-81
2022-08-14 11:13:37,701 INFO o.a.j.t.JMeterThread: Thread started: Jmeter 1-82
2022-08-14 11:13:37,711 INFO o.a.j.t.JMeterThread: Thread started: Jmeter 1-83
2022-08-14 11:13:37,722 INFO o.a.j.t.JMeterThread: Thread started: Jmeter 1-84
2022-08-14 11:13:37,733 INFO o.a.j.t.JMeterThread: Thread started: Jmeter 1-85
2022-08-14 11:13:37,744 INFO o.a.j.t.JMeterThread: Thread started: Jmeter 1-86
2022-08-14 11:13:37,754 INFO o.a.j.t.JMeterThread: Thread started: Jmeter 1-87
2022-08-14 11:13:37,765 INFO o.a.j.t.JMeterThread: Thread started: Jmeter 1-88
2022-08-14 11:13:37,776 INFO o.a.j.t.JMeterThread: Thread started: Jmeter 1-89
2022-08-14 11:13:37,787 INFO o.a.j.t.JMeterThread: Thread started: Jmeter 1-90
2022-08-14 11:13:37,798 INFO o.a.j.t.JMeterThread: Thread started: Jmeter 1-91
2022-08-14 11:13:37,808 INFO o.a.j.t.JMeterThread: Thread started: Jmeter 1-92
2022-08-14 11:13:37,819 INFO o.a.j.t.JMeterThread: Thread started: Jmeter 1-93
2022-08-14 11:13:37,830 INFO o.a.j.t.JMeterThread: Thread started: Jmeter 1-94
2022-08-14 11:13:37,841 INFO o.a.j.t.JMeterThread: Thread started: Jmeter 1-95
2022-08-14 11:13:37,852 INFO o.a.j.t.JMeterThread: Thread started: Jmeter 1-96
2022-08-14 11:13:37,863 INFO o.a.j.t.JMeterThread: Thread started: Jmeter 1-97
2022-08-14 11:13:37,873 INFO o.a.j.t.JMeterThread: Thread started: Jmeter 1-98
2022-08-14 11:13:37,884 INFO o.a.j.t.JMeterThread: Thread started: Jmeter 1-99
2022-08-14 11:13:37,895 INFO o.a.j.t.JMeterThread: Thread started: Jmeter 1-100
2022-08-14 11:13:40,361 INFO o.a.j.t.JMeterThread: Thread is done: Jmeter 1-18
2022-08-14 11:13:40,361 INFO o.a.j.t.JMeterThread: Thread finished: Jmeter 1-18
2022-08-14 11:13:40,603 INFO o.a.j.t.JMeterThread: Thread is done: Jmeter 1-14
2022-08-14 11:13:40,603 INFO o.a.j.t.JMeterThread: Thread finished: Jmeter 1-14
2022-08-14 11:13:41,664 INFO o.a.j.t.JMeterThread: Thread is done: Jmeter 1-21
2022-08-14 11:13:41,664 INFO o.a.j.t.JMeterThread: Thread finished: Jmeter 1-21
2022-08-14 11:13:42,965 INFO o.a.j.t.JMeterThread: Thread is done: Jmeter 1-13
2022-08-14 11:13:42,965 INFO o.a.j.t.JMeterThread: Thread finished: Jmeter 1-13
2022-08-14 11:13:47,741 INFO o.a.j.t.JMeterThread: Thread is done: Jmeter 1-15
2022-08-14 11:13:47,741 INFO o.a.j.t.JMeterThread: Thread finished: Jmeter 1-15
2022-08-14 11:13:48,951 INFO o.a.j.t.JMeterThread: Thread is done: Jmeter 1-83
2022-08-14 11:13:48,951 INFO o.a.j.t.JMeterThread: Thread finished: Jmeter 1-83
2022-08-14 11:13:49,354 INFO o.a.j.t.JMeterThread: Thread is done: Jmeter 1-8
2022-08-14 11:13:49,355 INFO o.a.j.t.JMeterThread: Thread finished: Jmeter 1-8
2022-08-14 11:13:49,391 INFO o.a.j.t.JMeterThread: Thread is done: Jmeter 1-67
2022-08-14 11:13:49,392 INFO o.a.j.t.JMeterThread: Thread finished: Jmeter 1-67
2022-08-14 11:13:49,713 INFO o.a.j.t.JMeterThread: Thread is done: Jmeter 1-24
2022-08-14 11:13:49,713 INFO o.a.j.t.JMeterThread: Thread finished: Jmeter 1-24
2022-08-14 11:13:51,548 INFO o.a.j.t.JMeterThread: Thread is done: Jmeter 1-23
2022-08-14 11:13:51,548 INFO o.a.j.t.JMeterThread: Thread finished: Jmeter 1-23
2022-08-14 11:13:53,410 INFO o.a.j.t.JMeterThread: Thread is done: Jmeter 1-19
2022-08-14 11:13:53,410 INFO o.a.j.t.JMeterThread: Thread finished: Jmeter 1-19
2022-08-14 11:13:53,488 INFO o.a.j.t.JMeterThread: Thread is done: Jmeter 1-45
2022-08-14 11:13:53,488 INFO o.a.j.t.JMeterThread: Thread finished: Jmeter 1-45
2022-08-14 11:13:53,493 INFO o.a.j.t.JMeterThread: Thread is done: Jmeter 1-25
2022-08-14 11:13:53,493 INFO o.a.j.t.JMeterThread: Thread finished: Jmeter 1-25
2022-08-14 11:13:53,538 INFO o.a.j.t.JMeterThread: Thread is done: Jmeter 1-17
2022-08-14 11:13:53,538 INFO o.a.j.t.JMeterThread: Thread finished: Jmeter 1-17
2022-08-14 11:13:54,245 INFO o.a.j.t.JMeterThread: Thread is done: Jmeter 1-27
2022-08-14 11:13:54,245 INFO o.a.j.t.JMeterThread: Thread finished: Jmeter 1-27
2022-08-14 11:13:54,255 INFO o.a.j.t.JMeterThread: Thread is done: Jmeter 1-28
2022-08-14 11:13:54,256 INFO o.a.j.t.JMeterThread: Thread finished: Jmeter 1-28
2022-08-14 11:13:54,261 INFO o.a.j.t.JMeterThread: Thread is done: Jmeter 1-52
2022-08-14 11:13:54,261 INFO o.a.j.t.JMeterThread: Thread finished: Jmeter 1-52
2022-08-14 11:13:55,032 INFO o.a.j.t.JMeterThread: Thread is done: Jmeter 1-42
2022-08-14 11:13:55,032 INFO o.a.j.t.JMeterThread: Thread finished: Jmeter 1-42
2022-08-14 11:13:55,147 INFO o.a.j.t.JMeterThread: Thread is done: Jmeter 1-37
2022-08-14 11:13:55,147 INFO o.a.j.t.JMeterThread: Thread finished: Jmeter 1-37
2022-08-14 11:13:55,561 INFO o.a.j.t.JMeterThread: Thread is done: Jmeter 1-41
2022-08-14 11:13:55,562 INFO o.a.j.t.JMeterThread: Thread finished: Jmeter 1-41
2022-08-14 11:13:55,563 INFO o.a.j.t.JMeterThread: Thread is done: Jmeter 1-9
2022-08-14 11:13:55,564 INFO o.a.j.t.JMeterThread: Thread finished: Jmeter 1-9
2022-08-14 11:13:55,601 INFO o.a.j.t.JMeterThread: Thread is done: Jmeter 1-82
2022-08-14 11:13:55,601 INFO o.a.j.t.JMeterThread: Thread finished: Jmeter 1-82
2022-08-14 11:13:55,624 INFO o.a.j.t.JMeterThread: Thread is done: Jmeter 1-79
2022-08-14 11:13:55,624 INFO o.a.j.t.JMeterThread: Thread finished: Jmeter 1-79
2022-08-14 11:13:55,721 INFO o.a.j.t.JMeterThread: Thread is done: Jmeter 1-16
2022-08-14 11:13:55,721 INFO o.a.j.t.JMeterThread: Thread finished: Jmeter 1-16
2022-08-14 11:13:56,448 INFO o.a.j.t.JMeterThread: Thread is done: Jmeter 1-5
2022-08-14 11:13:56,448 INFO o.a.j.t.JMeterThread: Thread finished: Jmeter 1-5
2022-08-14 11:13:57,112 INFO o.a.j.t.JMeterThread: Thread is done: Jmeter 1-6
2022-08-14 11:13:57,112 INFO o.a.j.t.JMeterThread: Thread finished: Jmeter 1-6
2022-08-14 11:13:57,117 INFO o.a.j.t.JMeterThread: Thread is done: Jmeter 1-2
2022-08-14 11:13:57,117 INFO o.a.j.t.JMeterThread: Thread finished: Jmeter 1-2
2022-08-14 11:13:57,152 INFO o.a.j.t.JMeterThread: Thread is done: Jmeter 1-76
2022-08-14 11:13:57,152 INFO o.a.j.t.JMeterThread: Thread finished: Jmeter 1-76
2022-08-14 11:13:57,245 INFO o.a.j.t.JMeterThread: Thread is done: Jmeter 1-71
2022-08-14 11:13:57,245 INFO o.a.j.t.JMeterThread: Thread finished: Jmeter 1-71
2022-08-14 11:13:58,314 INFO o.a.j.t.JMeterThread: Thread is done: Jmeter 1-81
2022-08-14 11:13:58,314 INFO o.a.j.t.JMeterThread: Thread finished: Jmeter 1-81
2022-08-14 11:13:58,966 INFO o.a.j.t.JMeterThread: Thread is done: Jmeter 1-11
2022-08-14 11:13:58,967 INFO o.a.j.t.JMeterThread: Thread finished: Jmeter 1-11
2022-08-14 11:13:58,970 INFO o.a.j.t.JMeterThread: Thread is done: Jmeter 1-51
2022-08-14 11:13:58,970 INFO o.a.j.t.JMeterThread: Thread finished: Jmeter 1-51
2022-08-14 11:13:59,051 INFO o.a.j.t.JMeterThread: Thread is done: Jmeter 1-57
2022-08-14 11:13:59,051 INFO o.a.j.t.JMeterThread: Thread finished: Jmeter 1-57
2022-08-14 11:13:59,453 INFO o.a.j.t.JMeterThread: Thread is done: Jmeter 1-33
2022-08-14 11:13:59,453 INFO o.a.j.t.JMeterThread: Thread finished: Jmeter 1-33
2022-08-14 11:13:59,476 INFO o.a.j.t.JMeterThread: Thread is done: Jmeter 1-29
2022-08-14 11:13:59,476 INFO o.a.j.t.JMeterThread: Thread finished: Jmeter 1-29
2022-08-14 11:13:59,594 INFO o.a.j.t.JMeterThread: Thread is done: Jmeter 1-89
2022-08-14 11:13:59,594 INFO o.a.j.t.JMeterThread: Thread finished: Jmeter 1-89
2022-08-14 11:13:59,951 INFO o.a.j.t.JMeterThread: Thread is done: Jmeter 1-75
2022-08-14 11:13:59,951 INFO o.a.j.t.JMeterThread: Thread finished: Jmeter 1-75
2022-08-14 11:14:00,005 INFO o.a.j.r.Summariser: summary +    280 in 00:00:24 =   11.9/s Avg:  4543 Min:    77 Max: 18080 Err:     0 (0.00%) Active: 63 Started: 100 Finished: 37
2022-08-14 11:14:00,115 INFO o.a.j.t.JMeterThread: Thread is done: Jmeter 1-87
2022-08-14 11:14:00,115 INFO o.a.j.t.JMeterThread: Thread finished: Jmeter 1-87
2022-08-14 11:14:00,445 INFO o.a.j.t.JMeterThread: Thread is done: Jmeter 1-30
2022-08-14 11:14:00,445 INFO o.a.j.t.JMeterThread: Thread finished: Jmeter 1-30
2022-08-14 11:14:00,548 INFO o.a.j.t.JMeterThread: Thread is done: Jmeter 1-49
2022-08-14 11:14:00,549 INFO o.a.j.t.JMeterThread: Thread finished: Jmeter 1-49
2022-08-14 11:14:00,624 INFO o.a.j.t.JMeterThread: Thread is done: Jmeter 1-26
2022-08-14 11:14:00,624 INFO o.a.j.t.JMeterThread: Thread finished: Jmeter 1-26
2022-08-14 11:14:00,658 INFO o.a.j.t.JMeterThread: Thread is done: Jmeter 1-96
2022-08-14 11:14:00,658 INFO o.a.j.t.JMeterThread: Thread finished: Jmeter 1-96
2022-08-14 11:14:00,693 INFO o.a.j.t.JMeterThread: Thread is done: Jmeter 1-35
2022-08-14 11:14:00,693 INFO o.a.j.t.JMeterThread: Thread finished: Jmeter 1-35
2022-08-14 11:14:00,739 INFO o.a.j.t.JMeterThread: Thread is done: Jmeter 1-58
2022-08-14 11:14:00,739 INFO o.a.j.t.JMeterThread: Thread finished: Jmeter 1-58
2022-08-14 11:14:00,744 INFO o.a.j.t.JMeterThread: Thread is done: Jmeter 1-20
2022-08-14 11:14:00,744 INFO o.a.j.t.JMeterThread: Thread finished: Jmeter 1-20
2022-08-14 11:14:00,960 INFO o.a.j.t.JMeterThread: Thread is done: Jmeter 1-7
2022-08-14 11:14:00,960 INFO o.a.j.t.JMeterThread: Thread finished: Jmeter 1-7
2022-08-14 11:14:01,067 INFO o.a.j.t.JMeterThread: Thread is done: Jmeter 1-85
2022-08-14 11:14:01,068 INFO o.a.j.t.JMeterThread: Thread finished: Jmeter 1-85
2022-08-14 11:14:01,211 INFO o.a.j.t.JMeterThread: Thread is done: Jmeter 1-92
2022-08-14 11:14:01,212 INFO o.a.j.t.JMeterThread: Thread finished: Jmeter 1-92
2022-08-14 11:14:01,224 INFO o.a.j.t.JMeterThread: Thread is done: Jmeter 1-72
2022-08-14 11:14:01,225 INFO o.a.j.t.JMeterThread: Thread finished: Jmeter 1-72
2022-08-14 11:14:01,541 INFO o.a.j.t.JMeterThread: Thread is done: Jmeter 1-47
2022-08-14 11:14:01,541 INFO o.a.j.t.JMeterThread: Thread finished: Jmeter 1-47
2022-08-14 11:14:01,544 INFO o.a.j.t.JMeterThread: Thread is done: Jmeter 1-3
2022-08-14 11:14:01,544 INFO o.a.j.t.JMeterThread: Thread finished: Jmeter 1-3
2022-08-14 11:14:01,556 INFO o.a.j.t.JMeterThread: Thread is done: Jmeter 1-40
2022-08-14 11:14:01,556 INFO o.a.j.t.JMeterThread: Thread finished: Jmeter 1-40
2022-08-14 11:14:01,985 INFO o.a.j.t.JMeterThread: Thread is done: Jmeter 1-99
2022-08-14 11:14:01,986 INFO o.a.j.t.JMeterThread: Thread finished: Jmeter 1-99
2022-08-14 11:14:02,155 INFO o.a.j.t.JMeterThread: Thread is done: Jmeter 1-46
2022-08-14 11:14:02,155 INFO o.a.j.t.JMeterThread: Thread finished: Jmeter 1-46
2022-08-14 11:14:02,174 INFO o.a.j.t.JMeterThread: Thread is done: Jmeter 1-50
2022-08-14 11:14:02,174 INFO o.a.j.t.JMeterThread: Thread finished: Jmeter 1-50
2022-08-14 11:14:02,211 INFO o.a.j.t.JMeterThread: Thread is done: Jmeter 1-56
2022-08-14 11:14:02,212 INFO o.a.j.t.JMeterThread: Thread finished: Jmeter 1-56
2022-08-14 11:14:02,310 INFO o.a.j.t.JMeterThread: Thread is done: Jmeter 1-63
2022-08-14 11:14:02,311 INFO o.a.j.t.JMeterThread: Thread finished: Jmeter 1-63
2022-08-14 11:14:02,419 INFO o.a.j.t.JMeterThread: Thread is done: Jmeter 1-43
2022-08-14 11:14:02,419 INFO o.a.j.t.JMeterThread: Thread finished: Jmeter 1-43
2022-08-14 11:14:02,534 INFO o.a.j.t.JMeterThread: Thread is done: Jmeter 1-55
2022-08-14 11:14:02,535 INFO o.a.j.t.JMeterThread: Thread finished: Jmeter 1-55
2022-08-14 11:14:02,570 INFO o.a.j.t.JMeterThread: Thread is done: Jmeter 1-4
2022-08-14 11:14:02,571 INFO o.a.j.t.JMeterThread: Thread finished: Jmeter 1-4
2022-08-14 11:14:02,655 INFO o.a.j.t.JMeterThread: Thread is done: Jmeter 1-94
2022-08-14 11:14:02,655 INFO o.a.j.t.JMeterThread: Thread finished: Jmeter 1-94
2022-08-14 11:14:02,656 INFO o.a.j.t.JMeterThread: Thread is done: Jmeter 1-70
2022-08-14 11:14:02,656 INFO o.a.j.t.JMeterThread: Thread finished: Jmeter 1-70
2022-08-14 11:14:02,788 INFO o.a.j.t.JMeterThread: Thread is done: Jmeter 1-48
2022-08-14 11:14:02,788 INFO o.a.j.t.JMeterThread: Thread finished: Jmeter 1-48
2022-08-14 11:14:02,892 INFO o.a.j.t.JMeterThread: Thread is done: Jmeter 1-34
2022-08-14 11:14:02,892 INFO o.a.j.t.JMeterThread: Thread finished: Jmeter 1-34
2022-08-14 11:14:02,962 INFO o.a.j.t.JMeterThread: Thread is done: Jmeter 1-53
2022-08-14 11:14:02,963 INFO o.a.j.t.JMeterThread: Thread finished: Jmeter 1-53
2022-08-14 11:14:02,973 INFO o.a.j.t.JMeterThread: Thread is done: Jmeter 1-39
2022-08-14 11:14:02,973 INFO o.a.j.t.JMeterThread: Thread finished: Jmeter 1-39
2022-08-14 11:14:03,147 INFO o.a.j.t.JMeterThread: Thread is done: Jmeter 1-68
2022-08-14 11:14:03,147 INFO o.a.j.t.JMeterThread: Thread finished: Jmeter 1-68
2022-08-14 11:14:03,173 INFO o.a.j.t.JMeterThread: Thread is done: Jmeter 1-90
2022-08-14 11:14:03,174 INFO o.a.j.t.JMeterThread: Thread finished: Jmeter 1-90
2022-08-14 11:14:03,233 INFO o.a.j.t.JMeterThread: Thread is done: Jmeter 1-10
2022-08-14 11:14:03,233 INFO o.a.j.t.JMeterThread: Thread finished: Jmeter 1-10
2022-08-14 11:14:03,304 INFO o.a.j.t.JMeterThread: Thread is done: Jmeter 1-86
2022-08-14 11:14:03,304 INFO o.a.j.t.JMeterThread: Thread finished: Jmeter 1-86
2022-08-14 11:14:03,407 INFO o.a.j.t.JMeterThread: Thread is done: Jmeter 1-54
2022-08-14 11:14:03,407 INFO o.a.j.t.JMeterThread: Thread finished: Jmeter 1-54
2022-08-14 11:14:03,466 INFO o.a.j.t.JMeterThread: Thread is done: Jmeter 1-100
2022-08-14 11:14:03,466 INFO o.a.j.t.JMeterThread: Thread finished: Jmeter 1-100
2022-08-14 11:14:03,545 INFO o.a.j.t.JMeterThread: Thread is done: Jmeter 1-22
2022-08-14 11:14:03,545 INFO o.a.j.t.JMeterThread: Thread finished: Jmeter 1-22
2022-08-14 11:14:03,560 INFO o.a.j.t.JMeterThread: Thread is done: Jmeter 1-65
2022-08-14 11:14:03,560 INFO o.a.j.t.JMeterThread: Thread finished: Jmeter 1-65
2022-08-14 11:14:03,755 INFO o.a.j.t.JMeterThread: Thread is done: Jmeter 1-64
2022-08-14 11:14:03,755 INFO o.a.j.t.JMeterThread: Thread finished: Jmeter 1-64
2022-08-14 11:14:03,806 INFO o.a.j.t.JMeterThread: Thread is done: Jmeter 1-88
2022-08-14 11:14:03,806 INFO o.a.j.t.JMeterThread: Thread finished: Jmeter 1-88
2022-08-14 11:14:03,849 INFO o.a.j.t.JMeterThread: Thread is done: Jmeter 1-78
2022-08-14 11:14:03,849 INFO o.a.j.t.JMeterThread: Thread finished: Jmeter 1-78
2022-08-14 11:14:03,856 INFO o.a.j.t.JMeterThread: Thread is done: Jmeter 1-44
2022-08-14 11:14:03,856 INFO o.a.j.t.JMeterThread: Thread finished: Jmeter 1-44
2022-08-14 11:14:03,861 INFO o.a.j.t.JMeterThread: Thread is done: Jmeter 1-91
2022-08-14 11:14:03,861 INFO o.a.j.t.JMeterThread: Thread finished: Jmeter 1-91
2022-08-14 11:14:04,010 INFO o.a.j.t.JMeterThread: Thread is done: Jmeter 1-59
2022-08-14 11:14:04,011 INFO o.a.j.t.JMeterThread: Thread finished: Jmeter 1-59
2022-08-14 11:14:04,013 INFO o.a.j.t.JMeterThread: Thread is done: Jmeter 1-31
2022-08-14 11:14:04,013 INFO o.a.j.t.JMeterThread: Thread finished: Jmeter 1-31
2022-08-14 11:14:04,105 INFO o.a.j.t.JMeterThread: Thread is done: Jmeter 1-74
2022-08-14 11:14:04,105 INFO o.a.j.t.JMeterThread: Thread finished: Jmeter 1-74
2022-08-14 11:14:04,246 INFO o.a.j.t.JMeterThread: Thread is done: Jmeter 1-62
2022-08-14 11:14:04,246 INFO o.a.j.t.JMeterThread: Thread finished: Jmeter 1-62
2022-08-14 11:14:04,287 INFO o.a.j.t.JMeterThread: Thread is done: Jmeter 1-32
2022-08-14 11:14:04,288 INFO o.a.j.t.JMeterThread: Thread finished: Jmeter 1-32
2022-08-14 11:14:04,395 INFO o.a.j.t.JMeterThread: Thread is done: Jmeter 1-95
2022-08-14 11:14:04,395 INFO o.a.j.t.JMeterThread: Thread finished: Jmeter 1-95
2022-08-14 11:14:04,427 INFO o.a.j.t.JMeterThread: Thread is done: Jmeter 1-80
2022-08-14 11:14:04,427 INFO o.a.j.t.JMeterThread: Thread finished: Jmeter 1-80
2022-08-14 11:14:04,429 INFO o.a.j.t.JMeterThread: Thread is done: Jmeter 1-36
2022-08-14 11:14:04,429 INFO o.a.j.t.JMeterThread: Thread finished: Jmeter 1-36
2022-08-14 11:14:04,445 INFO o.a.j.t.JMeterThread: Thread is done: Jmeter 1-97
2022-08-14 11:14:04,445 INFO o.a.j.t.JMeterThread: Thread finished: Jmeter 1-97
2022-08-14 11:14:04,445 INFO o.a.j.t.JMeterThread: Thread is done: Jmeter 1-1
2022-08-14 11:14:04,446 INFO o.a.j.t.JMeterThread: Thread finished: Jmeter 1-1
2022-08-14 11:14:04,578 INFO o.a.j.t.JMeterThread: Thread is done: Jmeter 1-61
2022-08-14 11:14:04,578 INFO o.a.j.t.JMeterThread: Thread finished: Jmeter 1-61
2022-08-14 11:14:04,601 INFO o.a.j.t.JMeterThread: Thread is done: Jmeter 1-84
2022-08-14 11:14:04,601 INFO o.a.j.t.JMeterThread: Thread is done: Jmeter 1-98
2022-08-14 11:14:04,601 INFO o.a.j.t.JMeterThread: Thread finished: Jmeter 1-98
2022-08-14 11:14:04,601 INFO o.a.j.t.JMeterThread: Thread finished: Jmeter 1-84
2022-08-14 11:14:04,602 INFO o.a.j.t.JMeterThread: Thread is done: Jmeter 1-73
2022-08-14 11:14:04,602 INFO o.a.j.t.JMeterThread: Thread finished: Jmeter 1-73
2022-08-14 11:14:04,630 INFO o.a.j.t.JMeterThread: Thread is done: Jmeter 1-77
2022-08-14 11:14:04,630 INFO o.a.j.t.JMeterThread: Thread finished: Jmeter 1-77
2022-08-14 11:14:04,686 INFO o.a.j.t.JMeterThread: Thread is done: Jmeter 1-60
2022-08-14 11:14:04,686 INFO o.a.j.t.JMeterThread: Thread finished: Jmeter 1-60
2022-08-14 11:14:04,692 INFO o.a.j.t.JMeterThread: Thread is done: Jmeter 1-12
2022-08-14 11:14:04,692 INFO o.a.j.t.JMeterThread: Thread finished: Jmeter 1-12
2022-08-14 11:14:04,719 INFO o.a.j.t.JMeterThread: Thread is done: Jmeter 1-69
2022-08-14 11:14:04,720 INFO o.a.j.t.JMeterThread: Thread finished: Jmeter 1-69
2022-08-14 11:14:04,727 INFO o.a.j.t.JMeterThread: Thread is done: Jmeter 1-93
2022-08-14 11:14:04,727 INFO o.a.j.t.JMeterThread: Thread finished: Jmeter 1-93
2022-08-14 11:14:04,807 INFO o.a.j.t.JMeterThread: Thread is done: Jmeter 1-38
2022-08-14 11:14:04,807 INFO o.a.j.t.JMeterThread: Thread finished: Jmeter 1-38
2022-08-14 11:14:04,813 INFO o.a.j.t.JMeterThread: Thread is done: Jmeter 1-66
2022-08-14 11:14:04,813 INFO o.a.j.t.JMeterThread: Thread finished: Jmeter 1-66
2022-08-14 11:14:04,813 INFO o.a.j.e.StandardJMeterEngine: Notifying test listeners of end of test
2022-08-14 11:14:04,814 INFO o.a.j.r.Summariser: summary +    120 in 00:00:05 =   24.9/s Avg:  7963 Min:    17 Max: 20732 Err:     0 (0.00%) Active: 0 Started: 100 Finished: 100
2022-08-14 11:14:04,815 INFO o.a.j.r.Summariser: summary =    400 in 00:00:28 =   14.1/s Avg:  5569 Min:    17 Max: 20732 Err:     0 (0.00%)
