2022-08-13 10:57:10,308 INFO o.a.j.u.JMeterUtils: Setting Locale to en_US
2022-08-13 10:57:10,340 INFO o.a.j.JMeter: Loading user properties from: /usr/local/apache-jmeter-3.3/bin/user.properties
2022-08-13 10:57:10,342 INFO o.a.j.JMeter: Loading system properties from: /usr/local/apache-jmeter-3.3/bin/system.properties
2022-08-13 10:57:10,344 INFO o.a.j.JMeter: Setting JMeter property: jmeter.save.saveservice.default_delimiter=\t
2022-08-13 10:57:10,345 INFO o.a.j.JMeter: Setting JMeter property: jmeter.save.saveservice.connect_time=true
2022-08-13 10:57:10,356 INFO o.a.j.JMeter: Copyright (c) 1998-2017 The Apache Software Foundation
2022-08-13 10:57:10,356 INFO o.a.j.JMeter: Version 3.3 r1808647
2022-08-13 10:57:10,356 INFO o.a.j.JMeter: java.version=1.8.0_191
2022-08-13 10:57:10,356 INFO o.a.j.JMeter: java.vm.name=OpenJDK 64-Bit Server VM
2022-08-13 10:57:10,356 INFO o.a.j.JMeter: os.name=Linux
2022-08-13 10:57:10,356 INFO o.a.j.JMeter: os.arch=amd64
2022-08-13 10:57:10,357 INFO o.a.j.JMeter: os.version=5.15.0-46-generic
2022-08-13 10:57:10,357 INFO o.a.j.JMeter: file.encoding=ANSI_X3.4-1968
2022-08-13 10:57:10,357 INFO o.a.j.JMeter: Max memory     =536870912
2022-08-13 10:57:10,357 INFO o.a.j.JMeter: Available Processors =4
2022-08-13 10:57:10,368 INFO o.a.j.JMeter: Default Locale=English (United States)
2022-08-13 10:57:10,368 INFO o.a.j.JMeter: JMeter  Locale=English (United States)
2022-08-13 10:57:10,368 INFO o.a.j.JMeter: JMeterHome=/usr/local/apache-jmeter-3.3
2022-08-13 10:57:10,368 INFO o.a.j.JMeter: user.dir  =/var/loadtest
2022-08-13 10:57:10,369 INFO o.a.j.JMeter: PWD       =/var/loadtest
2022-08-13 10:57:10,369 INFO o.a.j.JMeter: IP: 127.0.1.1 Name: ubuntu FullName: ubuntu
2022-08-13 10:57:10,375 INFO o.a.j.s.FileServer: Default base='/var/loadtest'
2022-08-13 10:57:10,376 INFO o.a.j.s.FileServer: Set new base='/var/loadtest'
2022-08-13 10:57:10,780 INFO o.a.j.s.SaveService: Testplan (JMX) version: 2.2. Testlog (JTL) version: 2.2
2022-08-13 10:57:10,814 INFO o.a.j.s.SaveService: Using SaveService properties file encoding UTF-8
2022-08-13 10:57:10,821 INFO o.a.j.s.SaveService: Using SaveService properties version 3.2
2022-08-13 10:57:10,834 INFO o.a.j.s.SaveService: Loading file: /var/loadtest/modified_yPXicg.jmx
2022-08-13 10:57:10,926 INFO o.a.j.p.h.s.HTTPSamplerBase: Parser for text/html is org.apache.jmeter.protocol.http.parser.LagartoBasedHtmlParser
2022-08-13 10:57:10,927 INFO o.a.j.p.h.s.HTTPSamplerBase: Parser for application/xhtml+xml is org.apache.jmeter.protocol.http.parser.LagartoBasedHtmlParser
2022-08-13 10:57:10,927 INFO o.a.j.p.h.s.HTTPSamplerBase: Parser for application/xml is org.apache.jmeter.protocol.http.parser.LagartoBasedHtmlParser
2022-08-13 10:57:10,927 INFO o.a.j.p.h.s.HTTPSamplerBase: Parser for text/xml is org.apache.jmeter.protocol.http.parser.LagartoBasedHtmlParser
2022-08-13 10:57:10,927 INFO o.a.j.p.h.s.HTTPSamplerBase: Parser for text/vnd.wap.wml is org.apache.jmeter.protocol.http.parser.RegexpHTMLParser
2022-08-13 10:57:10,927 INFO o.a.j.p.h.s.HTTPSamplerBase: Parser for text/css is org.apache.jmeter.protocol.http.parser.CssParser
2022-08-13 10:57:10,987 INFO o.a.j.JMeter: Creating summariser <summary>
2022-08-13 10:57:10,997 INFO o.a.j.e.StandardJMeterEngine: Running the test!
2022-08-13 10:57:10,999 INFO o.a.j.s.SampleEvent: List of sample_variables: []
2022-08-13 10:57:10,999 INFO o.a.j.s.SampleEvent: List of sample_variables: []
2022-08-13 10:57:11,007 INFO o.a.j.e.u.CompoundVariable: Note: Function class names must contain the string: '.functions.'
2022-08-13 10:57:11,007 INFO o.a.j.e.u.CompoundVariable: Note: Function class names must not contain the string: '.gui.'
2022-08-13 10:57:12,018 INFO o.a.j.JMeter: Running test (1660388232018)
2022-08-13 10:57:12,112 INFO o.a.j.e.StandardJMeterEngine: Starting ThreadGroup: 1 : Thread Group
2022-08-13 10:57:12,112 INFO o.a.j.e.StandardJMeterEngine: Starting 20 threads for group Thread Group.
2022-08-13 10:57:12,112 INFO o.a.j.e.StandardJMeterEngine: Thread will continue on error
2022-08-13 10:57:12,113 INFO o.a.j.t.ThreadGroup: Starting thread group... number=1 threads=20 ramp-up=1 perThread=50.0 delayedStart=false
2022-08-13 10:57:12,134 INFO o.a.j.t.JMeterThread: Thread started: Thread Group 1-1
2022-08-13 10:57:12,183 INFO o.a.j.t.ThreadGroup: Started thread group number 1
2022-08-13 10:57:12,184 INFO o.a.j.e.StandardJMeterEngine: All thread groups have been started
2022-08-13 10:57:12,183 INFO o.a.j.t.JMeterThread: Thread started: Thread Group 1-2
2022-08-13 10:57:12,192 INFO o.a.j.p.h.s.HTTPHCAbstractImpl: Local host = ubuntu
2022-08-13 10:57:12,204 INFO o.a.j.p.h.s.HTTPHC4Impl: HTTP request retry count = 0
2022-08-13 10:57:12,220 INFO o.a.j.s.SampleResult: Note: Sample TimeStamps are START times
2022-08-13 10:57:12,220 INFO o.a.j.s.SampleResult: sampleresult.default.encoding is set to ISO-8859-1
2022-08-13 10:57:12,221 INFO o.a.j.s.SampleResult: sampleresult.useNanoTime=true
2022-08-13 10:57:12,221 INFO o.a.j.s.SampleResult: sampleresult.nanoThreadSleep=5000
2022-08-13 10:57:12,234 INFO o.a.j.t.JMeterThread: Thread started: Thread Group 1-3
2022-08-13 10:57:12,284 INFO o.a.j.t.JMeterThread: Thread started: Thread Group 1-4
2022-08-13 10:57:12,337 INFO o.a.j.t.JMeterThread: Thread started: Thread Group 1-5
2022-08-13 10:57:12,392 INFO o.a.j.t.JMeterThread: Thread started: Thread Group 1-6
2022-08-13 10:57:12,441 INFO o.a.j.t.JMeterThread: Thread started: Thread Group 1-7
2022-08-13 10:57:12,493 INFO o.a.j.t.JMeterThread: Thread started: Thread Group 1-8
2022-08-13 10:57:12,548 INFO o.a.j.t.JMeterThread: Thread started: Thread Group 1-9
2022-08-13 10:57:12,603 INFO o.a.j.t.JMeterThread: Thread started: Thread Group 1-10
2022-08-13 10:57:12,654 INFO o.a.j.t.JMeterThread: Thread started: Thread Group 1-11
2022-08-13 10:57:12,705 INFO o.a.j.t.JMeterThread: Thread started: Thread Group 1-12
2022-08-13 10:57:12,756 INFO o.a.j.t.JMeterThread: Thread started: Thread Group 1-13
2022-08-13 10:57:12,807 INFO o.a.j.t.JMeterThread: Thread started: Thread Group 1-14
2022-08-13 10:57:12,860 INFO o.a.j.t.JMeterThread: Thread started: Thread Group 1-15
2022-08-13 10:57:12,912 INFO o.a.j.t.JMeterThread: Thread started: Thread Group 1-16
2022-08-13 10:57:12,963 INFO o.a.j.t.JMeterThread: Thread started: Thread Group 1-17
2022-08-13 10:57:13,022 INFO o.a.j.t.JMeterThread: Thread started: Thread Group 1-18
2022-08-13 10:57:13,078 INFO o.a.j.t.JMeterThread: Thread started: Thread Group 1-19
2022-08-13 10:57:13,127 INFO o.a.j.t.JMeterThread: Thread is done: Thread Group 1-6
2022-08-13 10:57:13,127 INFO o.a.j.t.JMeterThread: Thread finished: Thread Group 1-6
2022-08-13 10:57:13,129 INFO o.a.j.t.JMeterThread: Thread is done: Thread Group 1-3
2022-08-13 10:57:13,129 INFO o.a.j.t.JMeterThread: Thread finished: Thread Group 1-3
2022-08-13 10:57:13,137 INFO o.a.j.t.JMeterThread: Thread is done: Thread Group 1-16
2022-08-13 10:57:13,137 INFO o.a.j.t.JMeterThread: Thread finished: Thread Group 1-16
2022-08-13 10:57:13,137 INFO o.a.j.t.JMeterThread: Thread started: Thread Group 1-20
2022-08-13 10:57:13,182 INFO o.a.j.t.JMeterThread: Thread is done: Thread Group 1-18
2022-08-13 10:57:13,183 INFO o.a.j.t.JMeterThread: Thread finished: Thread Group 1-18
2022-08-13 10:57:13,183 INFO o.a.j.t.JMeterThread: Thread is done: Thread Group 1-2
2022-08-13 10:57:13,184 INFO o.a.j.t.JMeterThread: Thread finished: Thread Group 1-2
2022-08-13 10:57:13,201 INFO o.a.j.t.JMeterThread: Thread is done: Thread Group 1-17
2022-08-13 10:57:13,202 INFO o.a.j.t.JMeterThread: Thread finished: Thread Group 1-17
2022-08-13 10:57:13,248 INFO o.a.j.t.JMeterThread: Thread is done: Thread Group 1-19
2022-08-13 10:57:13,248 INFO o.a.j.t.JMeterThread: Thread finished: Thread Group 1-19
2022-08-13 10:57:13,279 INFO o.a.j.t.JMeterThread: Thread is done: Thread Group 1-20
2022-08-13 10:57:13,279 INFO o.a.j.t.JMeterThread: Thread finished: Thread Group 1-20
2022-08-13 10:57:13,327 INFO o.a.j.t.JMeterThread: Thread is done: Thread Group 1-10
2022-08-13 10:57:13,327 INFO o.a.j.t.JMeterThread: Thread finished: Thread Group 1-10
2022-08-13 10:57:13,330 INFO o.a.j.t.JMeterThread: Thread is done: Thread Group 1-1
2022-08-13 10:57:13,330 INFO o.a.j.t.JMeterThread: Thread finished: Thread Group 1-1
2022-08-13 10:57:13,335 INFO o.a.j.t.JMeterThread: Thread is done: Thread Group 1-7
2022-08-13 10:57:13,335 INFO o.a.j.t.JMeterThread: Thread finished: Thread Group 1-7
2022-08-13 10:57:13,375 INFO o.a.j.t.JMeterThread: Thread is done: Thread Group 1-5
2022-08-13 10:57:13,376 INFO o.a.j.t.JMeterThread: Thread finished: Thread Group 1-5
2022-08-13 10:57:13,382 INFO o.a.j.t.JMeterThread: Thread is done: Thread Group 1-8
2022-08-13 10:57:13,382 INFO o.a.j.t.JMeterThread: Thread finished: Thread Group 1-8
2022-08-13 10:57:13,433 INFO o.a.j.t.JMeterThread: Thread is done: Thread Group 1-11
2022-08-13 10:57:13,433 INFO o.a.j.t.JMeterThread: Thread finished: Thread Group 1-11
2022-08-13 10:57:13,446 INFO o.a.j.t.JMeterThread: Thread is done: Thread Group 1-4
2022-08-13 10:57:13,446 INFO o.a.j.t.JMeterThread: Thread finished: Thread Group 1-4
2022-08-13 10:57:13,457 INFO o.a.j.t.JMeterThread: Thread is done: Thread Group 1-9
2022-08-13 10:57:13,457 INFO o.a.j.t.JMeterThread: Thread finished: Thread Group 1-9
2022-08-13 10:57:13,479 INFO o.a.j.t.JMeterThread: Thread is done: Thread Group 1-13
2022-08-13 10:57:13,479 INFO o.a.j.t.JMeterThread: Thread finished: Thread Group 1-13
2022-08-13 10:57:13,513 INFO o.a.j.t.JMeterThread: Thread is done: Thread Group 1-12
2022-08-13 10:57:13,513 INFO o.a.j.t.JMeterThread: Thread finished: Thread Group 1-12
2022-08-13 10:57:13,516 INFO o.a.j.t.JMeterThread: Thread is done: Thread Group 1-14
2022-08-13 10:57:13,516 INFO o.a.j.t.JMeterThread: Thread finished: Thread Group 1-14
2022-08-13 10:57:13,523 INFO o.a.j.t.JMeterThread: Thread is done: Thread Group 1-15
2022-08-13 10:57:13,523 INFO o.a.j.t.JMeterThread: Thread finished: Thread Group 1-15
2022-08-13 10:57:13,524 INFO o.a.j.e.StandardJMeterEngine: Notifying test listeners of end of test
2022-08-13 10:57:13,526 INFO o.a.j.r.Summariser: summary =     20 in 00:00:02 =   13.3/s Avg:   686 Min:   140 Max:  1160 Err:    20 (100.00%)
