2022-08-13 10:57:05,933 [INFO] root consoleworker.py:434	Log file created
2022-08-13 10:57:05,933 [INFO] root consoleworker.py:438	Logging handler <logging.FileHandler object at 0x7f397f400c50> added
2022-08-13 10:57:05,933 [INFO] root consoleworker.py:438	Logging handler <logging.StreamHandler object at 0x7f397f448890> added
2022-08-13 10:57:05,934 [INFO] root consoleworker.py:438	Logging handler <logging.StreamHandler object at 0x7f397f3eca90> added
2022-08-13 10:57:05,934 [INFO] root consoleworker.py:373	Created a folder for the test. /var/loadtest/logs/2022-08-13_10-57-05.858393
2022-08-13 10:57:05,934 [INFO] yandextank.core.tankcore tankcore.py:237	Configuring plugins...
2022-08-13 10:57:05,934 [INFO] yandextank.core.tankcore tankcore.py:190	Loading plugins...
2022-08-13 10:57:05,934 [DEBUG] yandextank.core.tankcore tankcore.py:192	Loading plugin rcheck from yandextank.plugins.ResourceCheck
2022-08-13 10:57:05,935 [DEBUG] yandextank.core.tankcore tankcore.py:192	Loading plugin json_report from yandextank.plugins.JsonReport
2022-08-13 10:57:05,935 [DEBUG] yandextank.core.tankcore tankcore.py:192	Loading plugin overload from yandextank.plugins.DataUploader
2022-08-13 10:57:05,935 [DEBUG] yandextank.core.tankcore tankcore.py:192	Loading plugin rcassert from yandextank.plugins.RCAssert
2022-08-13 10:57:05,936 [DEBUG] yandextank.core.tankcore tankcore.py:192	Loading plugin console from yandextank.plugins.Console
2022-08-13 10:57:05,936 [DEBUG] yandextank.core.tankcore tankcore.py:192	Loading plugin jmeter from yandextank.plugins.JMeter
2022-08-13 10:57:05,936 [DEBUG] yandextank.core.tankcore tankcore.py:192	Loading plugin shellexec from yandextank.plugins.ShellExec
2022-08-13 10:57:05,936 [DEBUG] yandextank.core.tankcore tankcore.py:192	Loading plugin autostop from yandextank.plugins.Autostop
2022-08-13 10:57:05,936 [DEBUG] yandextank.core.tankcore tankcore.py:212	Plugin instances: {'plugin_json_report': <yandextank.plugins.JsonReport.plugin.Plugin object at 0x7f397f32d0d0>, 'plugin_autostop': <yandextank.plugins.Autostop.plugin.Plugin object at 0x7f397f387d10>, 'plugin_shellexec': <yandextank.plugins.ShellExec.plugin.Plugin object at 0x7f397f32d6d0>, 'plugin_console': <yandextank.plugins.Console.plugin.Plugin object at 0x7f397f32dd50>, 'plugin_jmeter': <yandextank.plugins.JMeter.plugin.Plugin object at 0x7f397f32d3d0>, 'plugin_rcassert': <yandextank.plugins.RCAssert.plugin.Plugin object at 0x7f397f32d210>, 'plugin_rcheck': <yandextank.plugins.ResourceCheck.plugin.Plugin object at 0x7f397f32de10>, 'plugin_overload': <yandextank.plugins.DataUploader.plugin.Plugin object at 0x7f397f32dd10>}
2022-08-13 10:57:05,936 [DEBUG] yandextank.core.tankcore tankcore.py:244	Configuring <yandextank.plugins.JsonReport.plugin.Plugin object at 0x7f397f32d0d0>
2022-08-13 10:57:05,937 [DEBUG] yandextank.core.tankcore tankcore.py:391	Searching for plugin: <class 'yandextank.common.interfaces.GeneratorPlugin'>
2022-08-13 10:57:05,938 [DEBUG] yandextank.core.tankcore tankcore.py:244	Configuring <yandextank.plugins.Autostop.plugin.Plugin object at 0x7f397f387d10>
2022-08-13 10:57:05,938 [DEBUG] yandextank.core.tankcore tankcore.py:244	Configuring <yandextank.plugins.ShellExec.plugin.Plugin object at 0x7f397f32d6d0>
2022-08-13 10:57:05,939 [DEBUG] yandextank.core.tankcore tankcore.py:244	Configuring <yandextank.plugins.Console.plugin.Plugin object at 0x7f397f32dd50>
2022-08-13 10:57:05,940 [DEBUG] yandextank.core.tankcore tankcore.py:244	Configuring <yandextank.plugins.JMeter.plugin.Plugin object at 0x7f397f32d3d0>
2022-08-13 10:57:05,940 [DEBUG] yandextank.core.tankcore tankcore.py:446	Adding artifact file to collect (keep=True): tank.jmx
2022-08-13 10:57:05,941 [DEBUG] yandextank.core.tankcore tankcore.py:446	Adding artifact file to collect (keep=False): /var/loadtest/logs/2022-08-13_10-57-05.858393/jmeter_a8QIJH.jtl
2022-08-13 10:57:05,941 [DEBUG] yandextank.core.tankcore tankcore.py:446	Adding artifact file to collect (keep=True): /var/loadtest/logs/2022-08-13_10-57-05.858393/jmeter_W8MHOi.log
2022-08-13 10:57:05,941 [DEBUG] yandextank.plugins.JMeter.plugin plugin.py:201	Original JMX: /var/loadtest/tank.jmx
2022-08-13 10:57:05,941 [DEBUG] yandextank.plugins.JMeter.plugin plugin.py:217	Closing statement:     </hashTree>
  </hashTree>
</jmeterTestPlan>

2022-08-13 10:57:05,942 [DEBUG] yandextank.plugins.JMeter.plugin plugin.py:258	Modified JMX: /var/loadtest/modified_yPXicg.jmx
2022-08-13 10:57:05,942 [DEBUG] yandextank.core.tankcore tankcore.py:446	Adding artifact file to collect (keep=False): /var/loadtest/modified_yPXicg.jmx
2022-08-13 10:57:05,943 [DEBUG] yandextank.core.tankcore tankcore.py:446	Adding artifact file to collect (keep=False): /var/loadtest/logs/2022-08-13_10-57-05.858393/jmeter_stdout_stderr_NlpHpP.log
2022-08-13 10:57:05,943 [DEBUG] yandextank.core.tankcore tankcore.py:244	Configuring <yandextank.plugins.RCAssert.plugin.Plugin object at 0x7f397f32d210>
2022-08-13 10:57:05,943 [DEBUG] yandextank.core.tankcore tankcore.py:244	Configuring <yandextank.plugins.ResourceCheck.plugin.Plugin object at 0x7f397f32de10>
2022-08-13 10:57:05,944 [DEBUG] yandextank.core.tankcore tankcore.py:244	Configuring <yandextank.plugins.DataUploader.plugin.Plugin object at 0x7f397f32dd10>
2022-08-13 10:57:05,945 [INFO] yandextank.core.tankcore tankcore.py:249	Preparing test...
2022-08-13 10:57:05,945 [DEBUG] yandextank.core.tankcore tankcore.py:253	Preparing <yandextank.plugins.JsonReport.plugin.Plugin object at 0x7f397f32d0d0>
2022-08-13 10:57:05,945 [DEBUG] yandextank.core.tankcore tankcore.py:253	Preparing <yandextank.plugins.Autostop.plugin.Plugin object at 0x7f397f387d10>
2022-08-13 10:57:05,945 [DEBUG] yandextank.common.interfaces plugin.py:74	Criterion string: http(5xx,10%,5s)
2022-08-13 10:57:05,946 [DEBUG] yandextank.common.interfaces plugin.py:78	Criterion objects: {'http(5xx,10%,5s)': <yandextank.plugins.Autostop.criterions.HTTPCodesCriterion object at 0x7f397f387810>}
2022-08-13 10:57:05,946 [DEBUG] yandextank.core.tankcore tankcore.py:391	Searching for plugin: <class 'yandextank.plugins.Console.plugin.Plugin'>
2022-08-13 10:57:05,946 [DEBUG] yandextank.core.tankcore tankcore.py:253	Preparing <yandextank.plugins.ShellExec.plugin.Plugin object at 0x7f397f32d6d0>
2022-08-13 10:57:05,946 [DEBUG] yandextank.core.tankcore tankcore.py:253	Preparing <yandextank.plugins.Console.plugin.Plugin object at 0x7f397f32dd50>
2022-08-13 10:57:05,946 [DEBUG] yandextank.core.tankcore tankcore.py:253	Preparing <yandextank.plugins.JMeter.plugin.Plugin object at 0x7f397f32d3d0>
2022-08-13 10:57:05,947 [DEBUG] yandextank.core.tankcore tankcore.py:391	Searching for plugin: <class 'yandextank.plugins.Console.plugin.Plugin'>
2022-08-13 10:57:05,947 [DEBUG] yandextank.core.tankcore tankcore.py:253	Preparing <yandextank.plugins.RCAssert.plugin.Plugin object at 0x7f397f32d210>
2022-08-13 10:57:05,947 [DEBUG] yandextank.core.tankcore tankcore.py:253	Preparing <yandextank.plugins.ResourceCheck.plugin.Plugin object at 0x7f397f32de10>
2022-08-13 10:57:05,947 [INFO] yandextank.common.interfaces plugin.py:39	Checking tank resources...
2022-08-13 10:57:05,947 [DEBUG] netort.process process.py:23	Starting: sh -c "df --no-sync -m -P -l -x fuse -x tmpfs -x devtmpfs -x davfs -x nfs /var/loadtest/logs | tail -n 1 | awk '{print \$4}' "
2022-08-13 10:57:06,562 [DEBUG] netort.process process.py:46	Process output:
28263

2022-08-13 10:57:06,563 [DEBUG] netort.process process.py:48	Process exit code: 0
2022-08-13 10:57:06,563 [DEBUG] root plugin.py:58	Result: (0, '28263\n', '')
2022-08-13 10:57:06,563 [DEBUG] yandextank.common.interfaces plugin.py:64	Disk free space: 28263/2048
2022-08-13 10:57:06,563 [DEBUG] yandextank.common.interfaces plugin.py:75	Memory free: 2308/512
2022-08-13 10:57:06,564 [DEBUG] yandextank.core.tankcore tankcore.py:253	Preparing <yandextank.plugins.DataUploader.plugin.Plugin object at 0x7f397f32dd10>
2022-08-13 10:57:06,564 [INFO] root plugin.py:523	Using OVERLOAD backend
2022-08-13 10:57:06,568 [DEBUG] yandextank.plugins.DataUploader.plugin plugin.py:618	Trying to read token from token.txt
2022-08-13 10:57:06,568 [INFO] yandextank.plugins.DataUploader.plugin plugin.py:624	Read authentication token from token.txt, token length is 32 bytes
2022-08-13 10:57:06,589 [INFO] yandextank.plugins.DataUploader.client client.py:59	Proxy not set
2022-08-13 10:57:06,590 [INFO] yandextank.plugins.DataUploader.plugin plugin.py:647	Detected target: 
2022-08-13 10:57:06,600 [DEBUG] yandextank.plugins.DataUploader.client client.py:336	Job create request: {'person': 'root', 'host': '', 'task': '', 'tank': 'ubuntu', 'notify': [], 'loadscheme': [], 'detailed_time': None, 'port': 80}
2022-08-13 10:57:06,603 [DEBUG] urllib3.connectionpool connectionpool.py:813	Starting new HTTPS connection (1): overload.yandex.net:443
2022-08-13 10:57:06,988 [DEBUG] urllib3.connectionpool connectionpool.py:393	https://overload.yandex.net:443 "POST /api/job/create.json?api_token=468e142f8ae64ca09d4691f5756dce51 HTTP/1.1" 200 None
2022-08-13 10:57:06,990 [INFO] yandextank.plugins.DataUploader.plugin plugin.py:789	Job created: 542529
2022-08-13 10:57:06,991 [DEBUG] yandextank.plugins.DataUploader.client client.py:642	Sending configinitial config
2022-08-13 10:57:07,069 [DEBUG] urllib3.connectionpool connectionpool.py:393	https://overload.yandex.net:443 "POST /api/job/542529/configinitial.txt?api_token=468e142f8ae64ca09d4691f5756dce51 HTTP/1.1" 200 16
2022-08-13 10:57:07,071 [INFO] yandextank.plugins.DataUploader.plugin plugin.py:485	Locking targets: []
2022-08-13 10:57:07,071 [INFO] yandextank.plugins.DataUploader.plugin plugin.py:487	Locked targets: []
2022-08-13 10:57:07,072 [DEBUG] yandextank.common.interfaces interfaces.py:101	Publishing status: Plugin/job_no: 542529
2022-08-13 10:57:07,237 [DEBUG] urllib3.connectionpool connectionpool.py:393	https://overload.yandex.net:443 "POST /api/job/542529/edit.json?api_token=468e142f8ae64ca09d4691f5756dce51 HTTP/1.1" 200 19
2022-08-13 10:57:07,238 [DEBUG] yandextank.core.tankcore tankcore.py:391	Searching for plugin: <class 'yandextank.plugins.Console.plugin.Plugin'>
2022-08-13 10:57:07,238 [DEBUG] yandextank.plugins.DataUploader.client client.py:642	Sending configinitial config
2022-08-13 10:57:07,338 [DEBUG] urllib3.connectionpool connectionpool.py:393	https://overload.yandex.net:443 "POST /api/job/542529/configinitial.txt?api_token=468e142f8ae64ca09d4691f5756dce51 HTTP/1.1" 200 16
2022-08-13 10:57:07,339 [DEBUG] yandextank.plugins.DataUploader.client client.py:642	Sending configinfo config
2022-08-13 10:57:07,524 [DEBUG] urllib3.connectionpool connectionpool.py:393	https://overload.yandex.net:443 "POST /api/job/542529/configinfo.txt?api_token=468e142f8ae64ca09d4691f5756dce51 HTTP/1.1" 200 16
2022-08-13 10:57:07,525 [INFO] yandextank.core.tankcore tankcore.py:259	Starting test...
2022-08-13 10:57:07,526 [INFO] yandextank.aggregator.tank_aggregator tank_aggregator.py:63	using verbose histogram
2022-08-13 10:57:07,527 [DEBUG] yandextank.core.tankcore tankcore.py:263	Starting <yandextank.plugins.JsonReport.plugin.Plugin object at 0x7f397f32d0d0>
2022-08-13 10:57:07,528 [INFO] yandextank.core.tankcore tankcore.py:267	Plugin <yandextank.plugins.JsonReport.plugin.Plugin object at 0x7f397f32d0d0> required 0.000003 seconds to start
2022-08-13 10:57:07,529 [DEBUG] yandextank.core.tankcore tankcore.py:263	Starting <yandextank.plugins.Autostop.plugin.Plugin object at 0x7f397f387d10>
2022-08-13 10:57:07,533 [INFO] yandextank.core.tankcore tankcore.py:267	Plugin <yandextank.plugins.Autostop.plugin.Plugin object at 0x7f397f387d10> required 0.000003 seconds to start
2022-08-13 10:57:07,533 [DEBUG] yandextank.core.tankcore tankcore.py:263	Starting <yandextank.plugins.ShellExec.plugin.Plugin object at 0x7f397f32d6d0>
2022-08-13 10:57:07,534 [INFO] yandextank.core.tankcore tankcore.py:267	Plugin <yandextank.plugins.ShellExec.plugin.Plugin object at 0x7f397f32d6d0> required 0.000003 seconds to start
2022-08-13 10:57:07,534 [DEBUG] yandextank.core.tankcore tankcore.py:263	Starting <yandextank.plugins.Console.plugin.Plugin object at 0x7f397f32dd50>
2022-08-13 10:57:07,534 [INFO] yandextank.core.tankcore tankcore.py:267	Plugin <yandextank.plugins.Console.plugin.Plugin object at 0x7f397f32dd50> required 0.000002 seconds to start
2022-08-13 10:57:07,535 [DEBUG] yandextank.core.tankcore tankcore.py:263	Starting <yandextank.plugins.JMeter.plugin.Plugin object at 0x7f397f32d3d0>
2022-08-13 10:57:07,535 [INFO] yandextank.plugins.JMeter.plugin plugin.py:119	Starting /usr/local/apache-jmeter-3.3/bin/jmeter with arguments: ['/usr/local/apache-jmeter-3.3/bin/jmeter', '-n', '-t', '/var/loadtest/modified_yPXicg.jmx', '-j', '/var/loadtest/logs/2022-08-13_10-57-05.858393/jmeter_W8MHOi.log', '-Jjmeter.save.saveservice.default_delimiter=\\t', '-Jjmeter.save.saveservice.connect_time=true']
2022-08-13 10:57:14,230 [INFO] yandextank.core.tankcore tankcore.py:267	Plugin <yandextank.plugins.JMeter.plugin.Plugin object at 0x7f397f32d3d0> required 6.694768 seconds to start
2022-08-13 10:57:14,231 [DEBUG] yandextank.core.tankcore tankcore.py:263	Starting <yandextank.plugins.RCAssert.plugin.Plugin object at 0x7f397f32d210>
2022-08-13 10:57:14,231 [INFO] yandextank.core.tankcore tankcore.py:267	Plugin <yandextank.plugins.RCAssert.plugin.Plugin object at 0x7f397f32d210> required 0.000024 seconds to start
2022-08-13 10:57:14,232 [DEBUG] yandextank.core.tankcore tankcore.py:263	Starting <yandextank.plugins.ResourceCheck.plugin.Plugin object at 0x7f397f32de10>
2022-08-13 10:57:14,232 [INFO] yandextank.core.tankcore tankcore.py:267	Plugin <yandextank.plugins.ResourceCheck.plugin.Plugin object at 0x7f397f32de10> required 0.000002 seconds to start
2022-08-13 10:57:14,233 [DEBUG] yandextank.core.tankcore tankcore.py:263	Starting <yandextank.plugins.DataUploader.plugin.Plugin object at 0x7f397f32dd10>
2022-08-13 10:57:14,233 [INFO] yandextank.plugins.DataUploader.plugin plugin.py:394	Status sender thread started
2022-08-13 10:57:14,234 [INFO] yandextank.plugins.DataUploader.plugin plugin.py:413	Data Uploader thread started
2022-08-13 10:57:14,235 [INFO] yandextank.plugins.DataUploader.plugin plugin.py:413	Monitoring Uploader thread started
2022-08-13 10:57:14,235 [INFO] yandextank.plugins.DataUploader.plugin plugin.py:298	Web link: https://overload.yandex.net/542529
2022-08-13 10:57:14,236 [DEBUG] yandextank.common.interfaces interfaces.py:101	Publishing status: Plugin/jobno: 542529
2022-08-13 10:57:14,236 [DEBUG] yandextank.common.interfaces interfaces.py:101	Publishing status: Plugin/web_link: https://overload.yandex.net/542529
2022-08-13 10:57:14,237 [DEBUG] yandextank.plugins.DataUploader.plugin plugin.py:305	Saving jobno to: jobno_file.txt
2022-08-13 10:57:14,238 [DEBUG] yandextank.core.tankcore tankcore.py:446	Adding artifact file to collect (keep=False): jobno_file.txt
2022-08-13 10:57:14,238 [DEBUG] yandextank.plugins.DataUploader.client client.py:642	Sending configinitial config
2022-08-13 10:57:14,325 [DEBUG] urllib3.connectionpool connectionpool.py:393	https://overload.yandex.net:443 "POST /api/job/542529/configinitial.txt?api_token=468e142f8ae64ca09d4691f5756dce51 HTTP/1.1" 200 16
2022-08-13 10:57:14,326 [DEBUG] yandextank.plugins.DataUploader.client client.py:642	Sending configinfo config
2022-08-13 10:57:14,488 [DEBUG] urllib3.connectionpool connectionpool.py:393	https://overload.yandex.net:443 "POST /api/job/542529/configinfo.txt?api_token=468e142f8ae64ca09d4691f5756dce51 HTTP/1.1" 200 16
2022-08-13 10:57:14,489 [INFO] yandextank.core.tankcore tankcore.py:267	Plugin <yandextank.plugins.DataUploader.plugin.Plugin object at 0x7f397f32dd10> required 0.255771 seconds to start
2022-08-13 10:57:14,489 [INFO] yandextank.core.tankcore tankcore.py:274	Waiting for test to finish...
2022-08-13 10:57:14,490 [INFO] yandextank.core.tankcore tankcore.py:275	Artifacts dir: /var/loadtest/logs/2022-08-13_10-57-05.858393
2022-08-13 10:57:14,490 [DEBUG] yandextank.aggregator.tank_aggregator tank_aggregator.py:87	Data timestamps: []
2022-08-13 10:57:14,491 [DEBUG] yandextank.aggregator.tank_aggregator tank_aggregator.py:88	Stats timestamps: []
2022-08-13 10:57:14,491 [DEBUG] yandextank.core.tankcore tankcore.py:286	Polling <yandextank.plugins.JsonReport.plugin.Plugin object at 0x7f397f32d0d0>
2022-08-13 10:57:14,491 [DEBUG] yandextank.core.tankcore tankcore.py:286	Polling <yandextank.plugins.Autostop.plugin.Plugin object at 0x7f397f387d10>
2022-08-13 10:57:14,491 [DEBUG] yandextank.core.tankcore tankcore.py:286	Polling <yandextank.plugins.ShellExec.plugin.Plugin object at 0x7f397f32d6d0>
2022-08-13 10:57:14,491 [DEBUG] yandextank.core.tankcore tankcore.py:286	Polling <yandextank.plugins.Console.plugin.Plugin object at 0x7f397f32dd50>
2022-08-13 10:57:14,492 [DEBUG] yandextank.plugins.Console.screen screen.py:389	Terminal size: 80x24
2022-08-13 10:57:14,492 [DEBUG] yandextank.plugins.Console.screen screen.py:401	Left/right panels width: 51/24
2022-08-13 10:57:14,492 [DEBUG] yandextank.plugins.Console.screen screen.py:406	There are 3 info widgets
2022-08-13 10:57:14,492 [DEBUG] yandextank.plugins.Console.screen screen.py:410	Rendering info widget #0: <yandextank.plugins.JMeter.plugin.JMeterInfoWidget object at 0x7f397f387790>
2022-08-13 10:57:14,493 [DEBUG] yandextank.plugins.Console.screen screen.py:410	Rendering info widget #1: <yandextank.plugins.DataUploader.plugin.JobInfoWidget object at 0x7f397f387850>
2022-08-13 10:57:14,493 [DEBUG] yandextank.plugins.Console.screen screen.py:410	Rendering info widget #25: <yandextank.plugins.Autostop.plugin.AutostopWidget object at 0x7f397f387390>
2022-08-13 10:57:14,493 [DEBUG] yandextank.plugins.Console.screen screen.py:367	Rendering left blocks
2022-08-13 10:57:14,495 [DEBUG] yandextank.plugins.Console.screen screen.py:418	Composing final screen output
2022-08-13 10:57:14,496 [DEBUG] yandextank.plugins.Console.plugin plugin.py:73	Writing console view to STDOUT
2022-08-13 10:57:14,496 [DEBUG] yandextank.core.tankcore tankcore.py:286	Polling <yandextank.plugins.JMeter.plugin.Plugin object at 0x7f397f32d3d0>
2022-08-13 10:57:14,496 [INFO] yandextank.plugins.JMeter.plugin plugin.py:146	JMeter process finished with exit code: 0, waiting for aggregator
2022-08-13 10:57:14,498 [DEBUG] yandextank.core.tankcore tankcore.py:286	Polling <yandextank.plugins.RCAssert.plugin.Plugin object at 0x7f397f32d210>
2022-08-13 10:57:14,498 [DEBUG] yandextank.core.tankcore tankcore.py:286	Polling <yandextank.plugins.ResourceCheck.plugin.Plugin object at 0x7f397f32de10>
2022-08-13 10:57:14,498 [DEBUG] yandextank.common.interfaces plugin.py:44	Checking tank resources...
2022-08-13 10:57:14,499 [DEBUG] netort.process process.py:23	Starting: sh -c "df --no-sync -m -P -l -x fuse -x tmpfs -x devtmpfs -x davfs -x nfs /var/loadtest/logs | tail -n 1 | awk '{print \$4}' "
2022-08-13 10:57:15,279 [DEBUG] netort.process process.py:46	Process output:
28263

2022-08-13 10:57:15,279 [DEBUG] netort.process process.py:48	Process exit code: 0
2022-08-13 10:57:15,280 [DEBUG] root plugin.py:58	Result: (0, '28263\n', '')
2022-08-13 10:57:15,280 [DEBUG] yandextank.common.interfaces plugin.py:64	Disk free space: 28263/2048
2022-08-13 10:57:15,281 [DEBUG] yandextank.common.interfaces plugin.py:75	Memory free: 2280/512
2022-08-13 10:57:15,281 [DEBUG] yandextank.core.tankcore tankcore.py:286	Polling <yandextank.plugins.DataUploader.plugin.Plugin object at 0x7f397f32dd10>
2022-08-13 10:57:15,281 [DEBUG] yandextank.core.tankcore tankcore.py:292	Polling took 0.790967941284
2022-08-13 10:57:15,281 [DEBUG] yandextank.core.tankcore tankcore.py:293	Tank status: {"core": {"stage": "shoot"}, "uploader": {"task": "", "web_link": "https://overload.yandex.net/542529", "job_name": "none", "person": "root", "version": "", "meta": {"loop_count": 0, "cmdline": "/usr/local/bin/yandex-tank -c load.yaml", "target_port": 80, "ammo_path": "/var/loadtest", "target_host": ""}, "job_no": 542529, "job_dsc": ""}, "Plugin": {"web_link": "https://overload.yandex.net/542529", "jobno": 542529, "job_no": 542529}}
2022-08-13 10:57:15,282 [DEBUG] yandextank.aggregator.tank_aggregator tank_aggregator.py:87	Data timestamps: []
2022-08-13 10:57:15,282 [DEBUG] yandextank.aggregator.tank_aggregator tank_aggregator.py:88	Stats timestamps: []
2022-08-13 10:57:15,282 [DEBUG] yandextank.core.tankcore tankcore.py:286	Polling <yandextank.plugins.JsonReport.plugin.Plugin object at 0x7f397f32d0d0>
2022-08-13 10:57:15,282 [DEBUG] yandextank.core.tankcore tankcore.py:286	Polling <yandextank.plugins.Autostop.plugin.Plugin object at 0x7f397f387d10>
2022-08-13 10:57:15,283 [DEBUG] yandextank.core.tankcore tankcore.py:286	Polling <yandextank.plugins.ShellExec.plugin.Plugin object at 0x7f397f32d6d0>
2022-08-13 10:57:15,283 [DEBUG] yandextank.core.tankcore tankcore.py:286	Polling <yandextank.plugins.Console.plugin.Plugin object at 0x7f397f32dd50>
2022-08-13 10:57:15,284 [DEBUG] yandextank.plugins.Console.screen screen.py:389	Terminal size: 80x24
2022-08-13 10:57:15,284 [DEBUG] yandextank.plugins.Console.screen screen.py:401	Left/right panels width: 51/24
2022-08-13 10:57:15,284 [DEBUG] yandextank.plugins.Console.screen screen.py:406	There are 3 info widgets
2022-08-13 10:57:15,284 [DEBUG] yandextank.plugins.Console.screen screen.py:410	Rendering info widget #0: <yandextank.plugins.JMeter.plugin.JMeterInfoWidget object at 0x7f397f387790>
2022-08-13 10:57:15,284 [DEBUG] yandextank.plugins.Console.screen screen.py:410	Rendering info widget #1: <yandextank.plugins.DataUploader.plugin.JobInfoWidget object at 0x7f397f387850>
2022-08-13 10:57:15,285 [DEBUG] yandextank.plugins.Console.screen screen.py:410	Rendering info widget #25: <yandextank.plugins.Autostop.plugin.AutostopWidget object at 0x7f397f387390>
2022-08-13 10:57:15,285 [DEBUG] yandextank.plugins.Console.screen screen.py:367	Rendering left blocks
2022-08-13 10:57:15,287 [DEBUG] yandextank.plugins.Console.screen screen.py:418	Composing final screen output
2022-08-13 10:57:15,288 [DEBUG] yandextank.plugins.Console.plugin plugin.py:73	Writing console view to STDOUT
2022-08-13 10:57:15,288 [DEBUG] yandextank.core.tankcore tankcore.py:286	Polling <yandextank.plugins.JMeter.plugin.Plugin object at 0x7f397f32d3d0>
2022-08-13 10:57:15,288 [INFO] yandextank.core.tankcore tankcore.py:301	Finishing test...
2022-08-13 10:57:15,292 [INFO] yandextank.core.tankcore tankcore.py:303	Stopping load generator and aggregator
2022-08-13 10:57:15,293 [DEBUG] yandextank.core.tankcore tankcore.py:446	Adding artifact file to collect (keep=False): /var/loadtest/logs/2022-08-13_10-57-05.858393/jmeter_W8MHOi.log
2022-08-13 10:57:15,293 [DEBUG] yandextank.aggregator.tank_aggregator tank_aggregator.py:123	Closing stats reader
2022-08-13 10:57:15,293 [DEBUG] yandextank.aggregator.tank_aggregator tank_aggregator.py:126	Waiting for gun drain to finish
2022-08-13 11:24:25,918 [WARNING] yandextank.core.tankcore tankcore.py:345	Interrupting
