2022-08-14 11:10:48,430 [INFO] root consoleworker.py:434	Log file created
2022-08-14 11:10:48,431 [INFO] root consoleworker.py:438	Logging handler <logging.FileHandler object at 0x7f9c26066c50> added
2022-08-14 11:10:48,431 [INFO] root consoleworker.py:438	Logging handler <logging.StreamHandler object at 0x7f9c260ae890> added
2022-08-14 11:10:48,431 [INFO] root consoleworker.py:438	Logging handler <logging.StreamHandler object at 0x7f9c26052a90> added
2022-08-14 11:10:48,431 [INFO] root consoleworker.py:373	Created a folder for the test. /var/loadtest/logs/2022-08-14_11-10-48.376985
2022-08-14 11:10:48,431 [INFO] yandextank.core.tankcore tankcore.py:237	Configuring plugins...
2022-08-14 11:10:48,432 [INFO] yandextank.core.tankcore tankcore.py:190	Loading plugins...
2022-08-14 11:10:48,432 [DEBUG] yandextank.core.tankcore tankcore.py:192	Loading plugin rcheck from yandextank.plugins.ResourceCheck
2022-08-14 11:10:48,432 [DEBUG] yandextank.core.tankcore tankcore.py:192	Loading plugin json_report from yandextank.plugins.JsonReport
2022-08-14 11:10:48,432 [DEBUG] yandextank.core.tankcore tankcore.py:192	Loading plugin overload from yandextank.plugins.DataUploader
2022-08-14 11:10:48,433 [DEBUG] yandextank.core.tankcore tankcore.py:192	Loading plugin rcassert from yandextank.plugins.RCAssert
2022-08-14 11:10:48,433 [DEBUG] yandextank.core.tankcore tankcore.py:192	Loading plugin console from yandextank.plugins.Console
2022-08-14 11:10:48,433 [DEBUG] yandextank.core.tankcore tankcore.py:192	Loading plugin jmeter from yandextank.plugins.JMeter
2022-08-14 11:10:48,433 [DEBUG] yandextank.core.tankcore tankcore.py:192	Loading plugin shellexec from yandextank.plugins.ShellExec
2022-08-14 11:10:48,433 [DEBUG] yandextank.core.tankcore tankcore.py:192	Loading plugin autostop from yandextank.plugins.Autostop
2022-08-14 11:10:48,434 [DEBUG] yandextank.core.tankcore tankcore.py:212	Plugin instances: {'plugin_json_report': <yandextank.plugins.JsonReport.plugin.Plugin object at 0x7f9c25f930d0>, 'plugin_autostop': <yandextank.plugins.Autostop.plugin.Plugin object at 0x7f9c25fedd10>, 'plugin_shellexec': <yandextank.plugins.ShellExec.plugin.Plugin object at 0x7f9c25f936d0>, 'plugin_console': <yandextank.plugins.Console.plugin.Plugin object at 0x7f9c25f93d50>, 'plugin_jmeter': <yandextank.plugins.JMeter.plugin.Plugin object at 0x7f9c25f933d0>, 'plugin_rcassert': <yandextank.plugins.RCAssert.plugin.Plugin object at 0x7f9c25f93210>, 'plugin_rcheck': <yandextank.plugins.ResourceCheck.plugin.Plugin object at 0x7f9c25f93e10>, 'plugin_overload': <yandextank.plugins.DataUploader.plugin.Plugin object at 0x7f9c25f93d10>}
2022-08-14 11:10:48,434 [DEBUG] yandextank.core.tankcore tankcore.py:244	Configuring <yandextank.plugins.JsonReport.plugin.Plugin object at 0x7f9c25f930d0>
2022-08-14 11:10:48,434 [DEBUG] yandextank.core.tankcore tankcore.py:391	Searching for plugin: <class 'yandextank.common.interfaces.GeneratorPlugin'>
2022-08-14 11:10:48,435 [DEBUG] yandextank.core.tankcore tankcore.py:244	Configuring <yandextank.plugins.Autostop.plugin.Plugin object at 0x7f9c25fedd10>
2022-08-14 11:10:48,435 [DEBUG] yandextank.core.tankcore tankcore.py:244	Configuring <yandextank.plugins.ShellExec.plugin.Plugin object at 0x7f9c25f936d0>
2022-08-14 11:10:48,436 [DEBUG] yandextank.core.tankcore tankcore.py:244	Configuring <yandextank.plugins.Console.plugin.Plugin object at 0x7f9c25f93d50>
2022-08-14 11:10:48,436 [DEBUG] yandextank.core.tankcore tankcore.py:244	Configuring <yandextank.plugins.JMeter.plugin.Plugin object at 0x7f9c25f933d0>
2022-08-14 11:10:48,437 [DEBUG] yandextank.core.tankcore tankcore.py:446	Adding artifact file to collect (keep=True): /home/ez/Desktop/tank/ezsmart.jmx
2022-08-14 11:10:48,437 [DEBUG] yandextank.core.tankcore tankcore.py:446	Adding artifact file to collect (keep=False): /var/loadtest/logs/2022-08-14_11-10-48.376985/jmeter_X96nOo.jtl
2022-08-14 11:10:48,437 [DEBUG] yandextank.core.tankcore tankcore.py:446	Adding artifact file to collect (keep=True): /var/loadtest/logs/2022-08-14_11-10-48.376985/jmeter_m4nPmy.log
2022-08-14 11:10:48,439 [DEBUG] yandextank.plugins.JMeter.plugin plugin.py:201	Original JMX: /home/ez/Desktop/tank/ezsmart.jmx
2022-08-14 11:10:48,442 [ERROR] root consoleworker.py:268	Exception occurred:
<type 'exceptions.IOError'>: [Errno 2] No such file or directory: '/home/ez/Desktop/tank/ezsmart.jmx'
  File "/usr/local/lib/python2.7/dist-packages/yandextank/core/consoleworker.py", line 375, in run
    self.core.plugins_configure()

  File "/usr/local/lib/python2.7/dist-packages/yandextank/core/tankcore.py", line 245, in plugins_configure
    plugin.configure()

  File "/usr/local/lib/python2.7/dist-packages/yandextank/plugins/JMeter/plugin.py", line 75, in configure
    self.original_jmx, self.jtl_file, self.get_option('variables'))

  File "/usr/local/lib/python2.7/dist-packages/yandextank/plugins/JMeter/plugin.py", line 202, in __add_jmeter_components
    with open(jmx, 'r') as src_jmx:

2022-08-14 11:10:48,442 [INFO] root consoleworker.py:269	Trying to clean up
2022-08-14 11:10:48,443 [INFO] yandextank.core.tankcore tankcore.py:561	Releasing lock: /var/lock/lunapark_bLL4hR.lock
2022-08-14 11:10:48,443 [WARNING] root consoleworker.py:408	Job number is not available yet
2022-08-14 11:10:48,443 [WARNING] root consoleworker.py:415	Job number is not available yet
2022-08-14 11:10:48,447 [DEBUG] yandextank.core.tankcore tankcore.py:367	Collecting artifacts
2022-08-14 11:10:48,447 [INFO] yandextank.core.tankcore tankcore.py:368	Artifacts dir: /var/loadtest/logs/2022-08-14_11-10-48.376985
2022-08-14 11:10:48,448 [DEBUG] yandextank.core.tankcore tankcore.py:422	Collecting file: /home/ez/Desktop/tank/ezsmart.jmx to /var/loadtest/logs/2022-08-14_11-10-48.376985/ezsmart.jmx
2022-08-14 11:10:48,448 [WARNING] yandextank.core.tankcore tankcore.py:424	File not found to collect: /home/ez/Desktop/tank/ezsmart.jmx
2022-08-14 11:10:48,448 [DEBUG] yandextank.core.tankcore tankcore.py:422	Collecting file: validation_error.yaml to /var/loadtest/logs/2022-08-14_11-10-48.376985/validation_error.yaml
2022-08-14 11:10:48,448 [WARNING] yandextank.core.tankcore tankcore.py:424	File not found to collect: validation_error.yaml
2022-08-14 11:10:48,448 [DEBUG] yandextank.core.tankcore tankcore.py:422	Collecting file: /var/loadtest/logs/2022-08-14_11-10-48.376985/jmeter_m4nPmy.log to /var/loadtest/logs/2022-08-14_11-10-48.376985/jmeter_m4nPmy.log
2022-08-14 11:10:48,448 [WARNING] yandextank.core.tankcore tankcore.py:429	File already exists: /var/loadtest/logs/2022-08-14_11-10-48.376985/jmeter_m4nPmy.log
2022-08-14 11:10:48,449 [DEBUG] yandextank.core.tankcore tankcore.py:422	Collecting file: /var/loadtest/logs/2022-08-14_11-10-48.376985/jmeter_X96nOo.jtl to /var/loadtest/logs/2022-08-14_11-10-48.376985/jmeter_X96nOo.jtl
2022-08-14 11:10:48,449 [WARNING] yandextank.core.tankcore tankcore.py:429	File already exists: /var/loadtest/logs/2022-08-14_11-10-48.376985/jmeter_X96nOo.jtl
