2022-09-04 16:03:35,412 INFO o.a.j.u.JMeterUtils: Setting Locale to en_US
2022-09-04 16:03:35,434 INFO o.a.j.JMeter: Loading user properties from: /usr/local/apache-jmeter-3.3/bin/user.properties
2022-09-04 16:03:35,435 INFO o.a.j.JMeter: Loading system properties from: /usr/local/apache-jmeter-3.3/bin/system.properties
2022-09-04 16:03:35,436 INFO o.a.j.JMeter: Setting JMeter property: jmeter.save.saveservice.default_delimiter=\t
2022-09-04 16:03:35,436 INFO o.a.j.JMeter: Setting JMeter property: jmeter.save.saveservice.connect_time=true
2022-09-04 16:03:35,445 INFO o.a.j.JMeter: Copyright (c) 1998-2017 The Apache Software Foundation
2022-09-04 16:03:35,445 INFO o.a.j.JMeter: Version 3.3 r1808647
2022-09-04 16:03:35,445 INFO o.a.j.JMeter: java.version=1.8.0_191
2022-09-04 16:03:35,445 INFO o.a.j.JMeter: java.vm.name=OpenJDK 64-Bit Server VM
2022-09-04 16:03:35,445 INFO o.a.j.JMeter: os.name=Linux
2022-09-04 16:03:35,445 INFO o.a.j.JMeter: os.arch=amd64
2022-09-04 16:03:35,445 INFO o.a.j.JMeter: os.version=5.15.0-46-generic
2022-09-04 16:03:35,446 INFO o.a.j.JMeter: file.encoding=ANSI_X3.4-1968
2022-09-04 16:03:35,446 INFO o.a.j.JMeter: Max memory     =536870912
2022-09-04 16:03:35,446 INFO o.a.j.JMeter: Available Processors =4
2022-09-04 16:03:35,454 INFO o.a.j.JMeter: Default Locale=English (United States)
2022-09-04 16:03:35,455 INFO o.a.j.JMeter: JMeter  Locale=English (United States)
2022-09-04 16:03:35,455 INFO o.a.j.JMeter: JMeterHome=/usr/local/apache-jmeter-3.3
2022-09-04 16:03:35,455 INFO o.a.j.JMeter: user.dir  =/var/loadtest
2022-09-04 16:03:35,455 INFO o.a.j.JMeter: PWD       =/var/loadtest
2022-09-04 16:03:35,456 INFO o.a.j.JMeter: IP: 127.0.1.1 Name: ubuntu FullName: ubuntu
2022-09-04 16:03:35,460 INFO o.a.j.s.FileServer: Default base='/var/loadtest'
2022-09-04 16:03:35,460 INFO o.a.j.s.FileServer: Set new base='/var/loadtest'
2022-09-04 16:03:35,703 INFO o.a.j.s.SaveService: Testplan (JMX) version: 2.2. Testlog (JTL) version: 2.2
2022-09-04 16:03:35,726 INFO o.a.j.s.SaveService: Using SaveService properties file encoding UTF-8
2022-09-04 16:03:35,732 INFO o.a.j.s.SaveService: Using SaveService properties version 3.2
2022-09-04 16:03:35,742 INFO o.a.j.s.SaveService: Loading file: /var/loadtest/modified_vsH0Cr.jmx
2022-09-04 16:03:35,802 INFO o.a.j.p.h.c.CookieManager: Settings: Delete null: true Check: true Allow variable: true Save: false Prefix: COOKIE_
2022-09-04 16:03:35,819 INFO o.a.j.p.h.s.HTTPSamplerBase: Parser for text/html is org.apache.jmeter.protocol.http.parser.LagartoBasedHtmlParser
2022-09-04 16:03:35,819 INFO o.a.j.p.h.s.HTTPSamplerBase: Parser for application/xhtml+xml is org.apache.jmeter.protocol.http.parser.LagartoBasedHtmlParser
2022-09-04 16:03:35,819 INFO o.a.j.p.h.s.HTTPSamplerBase: Parser for application/xml is org.apache.jmeter.protocol.http.parser.LagartoBasedHtmlParser
2022-09-04 16:03:35,820 INFO o.a.j.p.h.s.HTTPSamplerBase: Parser for text/xml is org.apache.jmeter.protocol.http.parser.LagartoBasedHtmlParser
2022-09-04 16:03:35,820 INFO o.a.j.p.h.s.HTTPSamplerBase: Parser for text/vnd.wap.wml is org.apache.jmeter.protocol.http.parser.RegexpHTMLParser
2022-09-04 16:03:35,820 INFO o.a.j.p.h.s.HTTPSamplerBase: Parser for text/css is org.apache.jmeter.protocol.http.parser.CssParser
2022-09-04 16:03:35,887 INFO o.a.j.JMeter: Creating summariser <summary>
2022-09-04 16:03:35,896 INFO o.a.j.e.StandardJMeterEngine: Running the test!
2022-09-04 16:03:35,897 INFO o.a.j.s.SampleEvent: List of sample_variables: []
2022-09-04 16:03:35,897 INFO o.a.j.s.SampleEvent: List of sample_variables: []
2022-09-04 16:03:35,904 INFO o.a.j.e.u.CompoundVariable: Note: Function class names must contain the string: '.functions.'
2022-09-04 16:03:35,904 INFO o.a.j.e.u.CompoundVariable: Note: Function class names must not contain the string: '.gui.'
2022-09-04 16:03:37,014 INFO o.a.j.JMeter: Running test (1662307417014)
2022-09-04 16:03:37,083 INFO o.a.j.e.StandardJMeterEngine: Starting ThreadGroup: 1 : Jmeter
2022-09-04 16:03:37,083 INFO o.a.j.e.StandardJMeterEngine: Starting 200 threads for group Jmeter.
2022-09-04 16:03:37,083 INFO o.a.j.e.StandardJMeterEngine: Thread will continue on error
2022-09-04 16:03:37,084 INFO o.a.j.t.ThreadGroup: Starting thread group... number=1 threads=200 ramp-up=200 perThread=1000.0 delayedStart=false
2022-09-04 16:03:37,097 INFO o.a.j.t.JMeterThread: Thread started: Jmeter 1-1
2022-09-04 16:03:37,143 INFO o.a.j.p.h.s.HTTPHCAbstractImpl: Local host = ubuntu
2022-09-04 16:03:37,152 INFO o.a.j.p.h.s.HTTPHC4Impl: HTTP request retry count = 0
2022-09-04 16:03:37,165 INFO o.a.j.s.SampleResult: Note: Sample TimeStamps are START times
2022-09-04 16:03:37,165 INFO o.a.j.s.SampleResult: sampleresult.default.encoding is set to ISO-8859-1
2022-09-04 16:03:37,165 INFO o.a.j.s.SampleResult: sampleresult.useNanoTime=true
2022-09-04 16:03:37,166 INFO o.a.j.s.SampleResult: sampleresult.nanoThreadSleep=5000
2022-09-04 16:03:37,760 INFO o.a.j.t.ThreadGroup: Started thread group number 1
2022-09-04 16:03:37,760 INFO o.a.j.e.StandardJMeterEngine: All thread groups have been started
2022-09-04 16:03:38,100 INFO o.a.j.t.JMeterThread: Thread started: Jmeter 1-2
2022-09-04 16:03:38,159 INFO o.a.j.t.JMeterThread: Thread is done: Jmeter 1-1
2022-09-04 16:03:38,159 INFO o.a.j.t.JMeterThread: Thread finished: Jmeter 1-1
2022-09-04 16:03:38,706 INFO o.a.j.t.JMeterThread: Thread is done: Jmeter 1-2
2022-09-04 16:03:38,706 INFO o.a.j.t.JMeterThread: Thread finished: Jmeter 1-2
2022-09-04 16:03:39,101 INFO o.a.j.t.JMeterThread: Thread started: Jmeter 1-3
2022-09-04 16:03:40,105 INFO o.a.j.t.JMeterThread: Thread started: Jmeter 1-4
2022-09-04 16:03:40,988 INFO o.a.j.t.JMeterThread: Thread is done: Jmeter 1-3
2022-09-04 16:03:40,988 INFO o.a.j.t.JMeterThread: Thread finished: Jmeter 1-3
2022-09-04 16:03:41,116 INFO o.a.j.t.JMeterThread: Thread started: Jmeter 1-5
2022-09-04 16:03:41,509 INFO o.a.j.t.JMeterThread: Thread is done: Jmeter 1-4
2022-09-04 16:03:41,509 INFO o.a.j.t.JMeterThread: Thread finished: Jmeter 1-4
2022-09-04 16:03:41,853 INFO o.a.j.t.JMeterThread: Thread is done: Jmeter 1-5
2022-09-04 16:03:41,853 INFO o.a.j.t.JMeterThread: Thread finished: Jmeter 1-5
2022-09-04 16:03:42,119 INFO o.a.j.t.JMeterThread: Thread started: Jmeter 1-6
2022-09-04 16:03:42,665 INFO o.a.j.t.JMeterThread: Thread is done: Jmeter 1-6
2022-09-04 16:03:42,665 INFO o.a.j.t.JMeterThread: Thread finished: Jmeter 1-6
2022-09-04 16:03:43,115 INFO o.a.j.t.JMeterThread: Thread started: Jmeter 1-7
2022-09-04 16:03:43,669 INFO o.a.j.t.JMeterThread: Thread is done: Jmeter 1-7
2022-09-04 16:03:43,669 INFO o.a.j.t.JMeterThread: Thread finished: Jmeter 1-7
2022-09-04 16:03:44,123 INFO o.a.j.t.JMeterThread: Thread started: Jmeter 1-8
2022-09-04 16:03:44,621 INFO o.a.j.t.JMeterThread: Thread is done: Jmeter 1-8
2022-09-04 16:03:44,621 INFO o.a.j.t.JMeterThread: Thread finished: Jmeter 1-8
2022-09-04 16:03:45,127 INFO o.a.j.t.JMeterThread: Thread started: Jmeter 1-9
2022-09-04 16:03:45,765 INFO o.a.j.t.JMeterThread: Thread is done: Jmeter 1-9
2022-09-04 16:03:45,765 INFO o.a.j.t.JMeterThread: Thread finished: Jmeter 1-9
2022-09-04 16:03:46,134 INFO o.a.j.t.JMeterThread: Thread started: Jmeter 1-10
2022-09-04 16:03:46,644 INFO o.a.j.t.JMeterThread: Thread is done: Jmeter 1-10
2022-09-04 16:03:46,645 INFO o.a.j.t.JMeterThread: Thread finished: Jmeter 1-10
2022-09-04 16:03:47,136 INFO o.a.j.t.JMeterThread: Thread started: Jmeter 1-11
2022-09-04 16:03:47,624 INFO o.a.j.t.JMeterThread: Thread is done: Jmeter 1-11
2022-09-04 16:03:47,625 INFO o.a.j.t.JMeterThread: Thread finished: Jmeter 1-11
2022-09-04 16:03:48,148 INFO o.a.j.t.JMeterThread: Thread started: Jmeter 1-12
2022-09-04 16:03:48,757 INFO o.a.j.t.JMeterThread: Thread is done: Jmeter 1-12
2022-09-04 16:03:48,757 INFO o.a.j.t.JMeterThread: Thread finished: Jmeter 1-12
2022-09-04 16:03:49,149 INFO o.a.j.t.JMeterThread: Thread started: Jmeter 1-13
2022-09-04 16:03:49,633 INFO o.a.j.t.JMeterThread: Thread is done: Jmeter 1-13
2022-09-04 16:03:49,633 INFO o.a.j.t.JMeterThread: Thread finished: Jmeter 1-13
2022-09-04 16:03:50,161 INFO o.a.j.t.JMeterThread: Thread started: Jmeter 1-14
2022-09-04 16:03:50,629 INFO o.a.j.t.JMeterThread: Thread is done: Jmeter 1-14
2022-09-04 16:03:50,629 INFO o.a.j.t.JMeterThread: Thread finished: Jmeter 1-14
2022-09-04 16:03:51,161 INFO o.a.j.t.JMeterThread: Thread started: Jmeter 1-15
2022-09-04 16:03:51,925 INFO o.a.j.t.JMeterThread: Thread is done: Jmeter 1-15
2022-09-04 16:03:51,925 INFO o.a.j.t.JMeterThread: Thread finished: Jmeter 1-15
2022-09-04 16:03:52,163 INFO o.a.j.t.JMeterThread: Thread started: Jmeter 1-16
2022-09-04 16:03:52,657 INFO o.a.j.t.JMeterThread: Thread is done: Jmeter 1-16
2022-09-04 16:03:52,657 INFO o.a.j.t.JMeterThread: Thread finished: Jmeter 1-16
2022-09-04 16:03:53,166 INFO o.a.j.t.JMeterThread: Thread started: Jmeter 1-17
2022-09-04 16:03:53,649 INFO o.a.j.t.JMeterThread: Thread is done: Jmeter 1-17
2022-09-04 16:03:53,649 INFO o.a.j.t.JMeterThread: Thread finished: Jmeter 1-17
2022-09-04 16:03:54,167 INFO o.a.j.t.JMeterThread: Thread started: Jmeter 1-18
2022-09-04 16:03:54,865 INFO o.a.j.t.JMeterThread: Thread is done: Jmeter 1-18
2022-09-04 16:03:54,865 INFO o.a.j.t.JMeterThread: Thread finished: Jmeter 1-18
2022-09-04 16:03:55,188 INFO o.a.j.t.JMeterThread: Thread started: Jmeter 1-19
2022-09-04 16:03:55,945 INFO o.a.j.t.JMeterThread: Thread is done: Jmeter 1-19
2022-09-04 16:03:55,945 INFO o.a.j.t.JMeterThread: Thread finished: Jmeter 1-19
2022-09-04 16:03:56,167 INFO o.a.j.t.JMeterThread: Thread started: Jmeter 1-20
2022-09-04 16:03:56,853 INFO o.a.j.t.JMeterThread: Thread is done: Jmeter 1-20
2022-09-04 16:03:56,853 INFO o.a.j.t.JMeterThread: Thread finished: Jmeter 1-20
2022-09-04 16:03:57,169 INFO o.a.j.t.JMeterThread: Thread started: Jmeter 1-21
2022-09-04 16:03:58,024 INFO o.a.j.t.JMeterThread: Thread is done: Jmeter 1-21
2022-09-04 16:03:58,025 INFO o.a.j.t.JMeterThread: Thread finished: Jmeter 1-21
2022-09-04 16:03:58,169 INFO o.a.j.t.JMeterThread: Thread started: Jmeter 1-22
2022-09-04 16:03:58,793 INFO o.a.j.t.JMeterThread: Thread is done: Jmeter 1-22
2022-09-04 16:03:58,793 INFO o.a.j.t.JMeterThread: Thread finished: Jmeter 1-22
2022-09-04 16:03:59,170 INFO o.a.j.t.JMeterThread: Thread started: Jmeter 1-23
2022-09-04 16:03:59,693 INFO o.a.j.t.JMeterThread: Thread is done: Jmeter 1-23
2022-09-04 16:03:59,693 INFO o.a.j.t.JMeterThread: Thread finished: Jmeter 1-23
2022-09-04 16:04:00,172 INFO o.a.j.t.JMeterThread: Thread started: Jmeter 1-24
2022-09-04 16:04:00,187 INFO o.a.j.r.Summariser: summary +     93 in 00:00:23 =    4.0/s Avg:   172 Min:     6 Max:  1672 Err:     0 (0.00%) Active: 1 Started: 24 Finished: 23
2022-09-04 16:04:00,896 INFO o.a.j.t.JMeterThread: Thread is done: Jmeter 1-24
2022-09-04 16:04:00,897 INFO o.a.j.t.JMeterThread: Thread finished: Jmeter 1-24
2022-09-04 16:04:01,184 INFO o.a.j.t.JMeterThread: Thread started: Jmeter 1-25
2022-09-04 16:04:01,665 INFO o.a.j.t.JMeterThread: Thread is done: Jmeter 1-25
2022-09-04 16:04:01,665 INFO o.a.j.t.JMeterThread: Thread finished: Jmeter 1-25
2022-09-04 16:04:02,188 INFO o.a.j.t.JMeterThread: Thread started: Jmeter 1-26
2022-09-04 16:04:02,969 INFO o.a.j.t.JMeterThread: Thread is done: Jmeter 1-26
2022-09-04 16:04:02,969 INFO o.a.j.t.JMeterThread: Thread finished: Jmeter 1-26
2022-09-04 16:04:03,189 INFO o.a.j.t.JMeterThread: Thread started: Jmeter 1-27
2022-09-04 16:04:04,204 INFO o.a.j.t.JMeterThread: Thread started: Jmeter 1-28
2022-09-04 16:04:04,245 INFO o.a.j.t.JMeterThread: Thread is done: Jmeter 1-27
2022-09-04 16:04:04,245 INFO o.a.j.t.JMeterThread: Thread finished: Jmeter 1-27
2022-09-04 16:04:05,202 INFO o.a.j.t.JMeterThread: Thread started: Jmeter 1-29
2022-09-04 16:04:05,666 INFO o.a.j.t.JMeterThread: Thread is done: Jmeter 1-28
2022-09-04 16:04:05,666 INFO o.a.j.t.JMeterThread: Thread finished: Jmeter 1-28
2022-09-04 16:04:06,216 INFO o.a.j.t.JMeterThread: Thread started: Jmeter 1-30
2022-09-04 16:04:07,219 INFO o.a.j.t.JMeterThread: Thread started: Jmeter 1-31
2022-09-04 16:04:07,250 INFO o.a.j.t.JMeterThread: Thread is done: Jmeter 1-29
2022-09-04 16:04:07,250 INFO o.a.j.t.JMeterThread: Thread finished: Jmeter 1-29
2022-09-04 16:04:08,229 INFO o.a.j.t.JMeterThread: Thread started: Jmeter 1-32
2022-09-04 16:04:08,468 INFO o.a.j.t.JMeterThread: Thread is done: Jmeter 1-30
2022-09-04 16:04:08,469 INFO o.a.j.t.JMeterThread: Thread finished: Jmeter 1-30
2022-09-04 16:04:09,165 INFO o.a.j.t.JMeterThread: Thread is done: Jmeter 1-31
2022-09-04 16:04:09,165 INFO o.a.j.t.JMeterThread: Thread finished: Jmeter 1-31
2022-09-04 16:04:09,232 INFO o.a.j.t.JMeterThread: Thread started: Jmeter 1-33
2022-09-04 16:04:10,233 INFO o.a.j.t.JMeterThread: Thread started: Jmeter 1-34
2022-09-04 16:04:10,449 INFO o.a.j.t.JMeterThread: Thread is done: Jmeter 1-33
2022-09-04 16:04:10,449 INFO o.a.j.t.JMeterThread: Thread finished: Jmeter 1-33
2022-09-04 16:04:10,462 INFO o.a.j.t.JMeterThread: Thread is done: Jmeter 1-32
2022-09-04 16:04:10,463 INFO o.a.j.t.JMeterThread: Thread finished: Jmeter 1-32
2022-09-04 16:04:11,234 INFO o.a.j.t.JMeterThread: Thread started: Jmeter 1-35
2022-09-04 16:04:12,234 INFO o.a.j.t.JMeterThread: Thread started: Jmeter 1-36
2022-09-04 16:04:12,617 INFO o.a.j.t.JMeterThread: Thread is done: Jmeter 1-34
2022-09-04 16:04:12,617 INFO o.a.j.t.JMeterThread: Thread finished: Jmeter 1-34
2022-09-04 16:04:13,264 INFO o.a.j.t.JMeterThread: Thread started: Jmeter 1-37
2022-09-04 16:04:13,801 INFO o.a.j.t.JMeterThread: Thread is done: Jmeter 1-35
2022-09-04 16:04:13,801 INFO o.a.j.t.JMeterThread: Thread finished: Jmeter 1-35
2022-09-04 16:04:14,243 INFO o.a.j.t.JMeterThread: Thread started: Jmeter 1-38
2022-09-04 16:04:15,244 INFO o.a.j.t.JMeterThread: Thread started: Jmeter 1-39
2022-09-04 16:04:15,462 INFO o.a.j.t.JMeterThread: Thread is done: Jmeter 1-36
2022-09-04 16:04:15,463 INFO o.a.j.t.JMeterThread: Thread finished: Jmeter 1-36
2022-09-04 16:04:16,226 INFO o.a.j.t.JMeterThread: Thread is done: Jmeter 1-37
2022-09-04 16:04:16,227 INFO o.a.j.t.JMeterThread: Thread finished: Jmeter 1-37
2022-09-04 16:04:16,249 INFO o.a.j.t.JMeterThread: Thread started: Jmeter 1-40
2022-09-04 16:04:16,516 INFO o.a.j.t.JMeterThread: Thread is done: Jmeter 1-39
2022-09-04 16:04:16,517 INFO o.a.j.t.JMeterThread: Thread finished: Jmeter 1-39
2022-09-04 16:04:16,527 INFO o.a.j.t.JMeterThread: Thread is done: Jmeter 1-38
2022-09-04 16:04:16,527 INFO o.a.j.t.JMeterThread: Thread finished: Jmeter 1-38
2022-09-04 16:04:16,848 INFO o.a.j.t.JMeterThread: Thread is done: Jmeter 1-40
2022-09-04 16:04:16,849 INFO o.a.j.t.JMeterThread: Thread finished: Jmeter 1-40
2022-09-04 16:04:17,250 INFO o.a.j.t.JMeterThread: Thread started: Jmeter 1-41
2022-09-04 16:04:17,940 INFO o.a.j.t.JMeterThread: Thread is done: Jmeter 1-41
2022-09-04 16:04:17,940 INFO o.a.j.t.JMeterThread: Thread finished: Jmeter 1-41
2022-09-04 16:04:18,255 INFO o.a.j.t.JMeterThread: Thread started: Jmeter 1-42
2022-09-04 16:04:18,724 INFO o.a.j.t.JMeterThread: Thread is done: Jmeter 1-42
2022-09-04 16:04:18,725 INFO o.a.j.t.JMeterThread: Thread finished: Jmeter 1-42
2022-09-04 16:04:19,252 INFO o.a.j.t.JMeterThread: Thread started: Jmeter 1-43
2022-09-04 16:04:19,736 INFO o.a.j.t.JMeterThread: Thread is done: Jmeter 1-43
2022-09-04 16:04:19,737 INFO o.a.j.t.JMeterThread: Thread finished: Jmeter 1-43
2022-09-04 16:04:20,252 INFO o.a.j.t.JMeterThread: Thread started: Jmeter 1-44
2022-09-04 16:04:20,688 INFO o.a.j.t.JMeterThread: Thread is done: Jmeter 1-44
2022-09-04 16:04:20,689 INFO o.a.j.t.JMeterThread: Thread finished: Jmeter 1-44
2022-09-04 16:04:21,255 INFO o.a.j.t.JMeterThread: Thread started: Jmeter 1-45
2022-09-04 16:04:21,728 INFO o.a.j.t.JMeterThread: Thread is done: Jmeter 1-45
2022-09-04 16:04:21,729 INFO o.a.j.t.JMeterThread: Thread finished: Jmeter 1-45
2022-09-04 16:04:22,259 INFO o.a.j.t.JMeterThread: Thread started: Jmeter 1-46
2022-09-04 16:04:22,677 INFO o.a.j.t.JMeterThread: Thread is done: Jmeter 1-46
2022-09-04 16:04:22,678 INFO o.a.j.t.JMeterThread: Thread finished: Jmeter 1-46
2022-09-04 16:04:23,260 INFO o.a.j.t.JMeterThread: Thread started: Jmeter 1-47
2022-09-04 16:04:23,706 INFO o.a.j.t.JMeterThread: Thread is done: Jmeter 1-47
2022-09-04 16:04:23,706 INFO o.a.j.t.JMeterThread: Thread finished: Jmeter 1-47
2022-09-04 16:04:24,261 INFO o.a.j.t.JMeterThread: Thread started: Jmeter 1-48
2022-09-04 16:04:24,817 INFO o.a.j.t.JMeterThread: Thread is done: Jmeter 1-48
2022-09-04 16:04:24,817 INFO o.a.j.t.JMeterThread: Thread finished: Jmeter 1-48
2022-09-04 16:04:25,263 INFO o.a.j.t.JMeterThread: Thread started: Jmeter 1-49
2022-09-04 16:04:25,717 INFO o.a.j.t.JMeterThread: Thread is done: Jmeter 1-49
2022-09-04 16:04:25,717 INFO o.a.j.t.JMeterThread: Thread finished: Jmeter 1-49
2022-09-04 16:04:26,270 INFO o.a.j.t.JMeterThread: Thread started: Jmeter 1-50
2022-09-04 16:04:26,785 INFO o.a.j.t.JMeterThread: Thread is done: Jmeter 1-50
2022-09-04 16:04:26,785 INFO o.a.j.t.JMeterThread: Thread finished: Jmeter 1-50
2022-09-04 16:04:27,270 INFO o.a.j.t.JMeterThread: Thread started: Jmeter 1-51
2022-09-04 16:04:27,783 INFO o.a.j.t.JMeterThread: Thread is done: Jmeter 1-51
2022-09-04 16:04:27,783 INFO o.a.j.t.JMeterThread: Thread finished: Jmeter 1-51
2022-09-04 16:04:28,271 INFO o.a.j.t.JMeterThread: Thread started: Jmeter 1-52
2022-09-04 16:04:28,745 INFO o.a.j.t.JMeterThread: Thread is done: Jmeter 1-52
2022-09-04 16:04:28,746 INFO o.a.j.t.JMeterThread: Thread finished: Jmeter 1-52
2022-09-04 16:04:29,272 INFO o.a.j.t.JMeterThread: Thread started: Jmeter 1-53
2022-09-04 16:04:29,784 INFO o.a.j.t.JMeterThread: Thread is done: Jmeter 1-53
2022-09-04 16:04:29,784 INFO o.a.j.t.JMeterThread: Thread finished: Jmeter 1-53
2022-09-04 16:04:30,276 INFO o.a.j.t.JMeterThread: Thread started: Jmeter 1-54
2022-09-04 16:04:30,289 INFO o.a.j.r.Summariser: summary +    120 in 00:00:30 =    4.0/s Avg:   298 Min:     7 Max:  2688 Err:     0 (0.00%) Active: 1 Started: 54 Finished: 53
2022-09-04 16:04:30,290 INFO o.a.j.r.Summariser: summary =    213 in 00:00:53 =    4.0/s Avg:   243 Min:     6 Max:  2688 Err:     0 (0.00%)
2022-09-04 16:04:30,777 INFO o.a.j.t.JMeterThread: Thread is done: Jmeter 1-54
2022-09-04 16:04:30,777 INFO o.a.j.t.JMeterThread: Thread finished: Jmeter 1-54
2022-09-04 16:04:31,276 INFO o.a.j.t.JMeterThread: Thread started: Jmeter 1-55
2022-09-04 16:04:31,737 INFO o.a.j.t.JMeterThread: Thread is done: Jmeter 1-55
2022-09-04 16:04:31,737 INFO o.a.j.t.JMeterThread: Thread finished: Jmeter 1-55
2022-09-04 16:04:32,277 INFO o.a.j.t.JMeterThread: Thread started: Jmeter 1-56
2022-09-04 16:04:32,824 INFO o.a.j.t.JMeterThread: Thread is done: Jmeter 1-56
2022-09-04 16:04:32,825 INFO o.a.j.t.JMeterThread: Thread finished: Jmeter 1-56
2022-09-04 16:04:33,277 INFO o.a.j.t.JMeterThread: Thread started: Jmeter 1-57
2022-09-04 16:04:33,896 INFO o.a.j.t.JMeterThread: Thread is done: Jmeter 1-57
2022-09-04 16:04:33,897 INFO o.a.j.t.JMeterThread: Thread finished: Jmeter 1-57
2022-09-04 16:04:34,278 INFO o.a.j.t.JMeterThread: Thread started: Jmeter 1-58
2022-09-04 16:04:34,765 INFO o.a.j.t.JMeterThread: Thread is done: Jmeter 1-58
2022-09-04 16:04:34,765 INFO o.a.j.t.JMeterThread: Thread finished: Jmeter 1-58
2022-09-04 16:04:35,279 INFO o.a.j.t.JMeterThread: Thread started: Jmeter 1-59
2022-09-04 16:04:35,788 INFO o.a.j.t.JMeterThread: Thread is done: Jmeter 1-59
2022-09-04 16:04:35,789 INFO o.a.j.t.JMeterThread: Thread finished: Jmeter 1-59
2022-09-04 16:04:36,279 INFO o.a.j.t.JMeterThread: Thread started: Jmeter 1-60
2022-09-04 16:04:37,032 INFO o.a.j.t.JMeterThread: Thread is done: Jmeter 1-60
2022-09-04 16:04:37,032 INFO o.a.j.t.JMeterThread: Thread finished: Jmeter 1-60
2022-09-04 16:04:37,280 INFO o.a.j.t.JMeterThread: Thread started: Jmeter 1-61
2022-09-04 16:04:38,020 INFO o.a.j.t.JMeterThread: Thread is done: Jmeter 1-61
2022-09-04 16:04:38,021 INFO o.a.j.t.JMeterThread: Thread finished: Jmeter 1-61
2022-09-04 16:04:38,281 INFO o.a.j.t.JMeterThread: Thread started: Jmeter 1-62
2022-09-04 16:04:38,876 INFO o.a.j.t.JMeterThread: Thread is done: Jmeter 1-62
2022-09-04 16:04:38,877 INFO o.a.j.t.JMeterThread: Thread finished: Jmeter 1-62
2022-09-04 16:04:39,285 INFO o.a.j.t.JMeterThread: Thread started: Jmeter 1-63
2022-09-04 16:04:39,785 INFO o.a.j.t.JMeterThread: Thread is done: Jmeter 1-63
2022-09-04 16:04:39,785 INFO o.a.j.t.JMeterThread: Thread finished: Jmeter 1-63
2022-09-04 16:04:40,291 INFO o.a.j.t.JMeterThread: Thread started: Jmeter 1-64
2022-09-04 16:04:40,741 INFO o.a.j.t.JMeterThread: Thread is done: Jmeter 1-64
2022-09-04 16:04:40,741 INFO o.a.j.t.JMeterThread: Thread finished: Jmeter 1-64
2022-09-04 16:04:41,288 INFO o.a.j.t.JMeterThread: Thread started: Jmeter 1-65
2022-09-04 16:04:41,740 INFO o.a.j.t.JMeterThread: Thread is done: Jmeter 1-65
2022-09-04 16:04:41,741 INFO o.a.j.t.JMeterThread: Thread finished: Jmeter 1-65
2022-09-04 16:04:42,292 INFO o.a.j.t.JMeterThread: Thread started: Jmeter 1-66
2022-09-04 16:04:42,849 INFO o.a.j.t.JMeterThread: Thread is done: Jmeter 1-66
2022-09-04 16:04:42,849 INFO o.a.j.t.JMeterThread: Thread finished: Jmeter 1-66
2022-09-04 16:04:43,292 INFO o.a.j.t.JMeterThread: Thread started: Jmeter 1-67
2022-09-04 16:04:43,781 INFO o.a.j.t.JMeterThread: Thread is done: Jmeter 1-67
2022-09-04 16:04:43,782 INFO o.a.j.t.JMeterThread: Thread finished: Jmeter 1-67
2022-09-04 16:04:44,294 INFO o.a.j.t.JMeterThread: Thread started: Jmeter 1-68
2022-09-04 16:04:44,769 INFO o.a.j.t.JMeterThread: Thread is done: Jmeter 1-68
2022-09-04 16:04:44,769 INFO o.a.j.t.JMeterThread: Thread finished: Jmeter 1-68
2022-09-04 16:04:45,294 INFO o.a.j.t.JMeterThread: Thread started: Jmeter 1-69
2022-09-04 16:04:45,896 INFO o.a.j.t.JMeterThread: Thread is done: Jmeter 1-69
2022-09-04 16:04:45,897 INFO o.a.j.t.JMeterThread: Thread finished: Jmeter 1-69
2022-09-04 16:04:46,295 INFO o.a.j.t.JMeterThread: Thread started: Jmeter 1-70
2022-09-04 16:04:46,749 INFO o.a.j.t.JMeterThread: Thread is done: Jmeter 1-70
2022-09-04 16:04:46,750 INFO o.a.j.t.JMeterThread: Thread finished: Jmeter 1-70
2022-09-04 16:04:47,297 INFO o.a.j.t.JMeterThread: Thread started: Jmeter 1-71
2022-09-04 16:04:47,824 INFO o.a.j.t.JMeterThread: Thread is done: Jmeter 1-71
2022-09-04 16:04:47,825 INFO o.a.j.t.JMeterThread: Thread finished: Jmeter 1-71
2022-09-04 16:04:48,297 INFO o.a.j.t.JMeterThread: Thread started: Jmeter 1-72
2022-09-04 16:04:48,825 INFO o.a.j.t.JMeterThread: Thread is done: Jmeter 1-72
2022-09-04 16:04:48,826 INFO o.a.j.t.JMeterThread: Thread finished: Jmeter 1-72
2022-09-04 16:04:49,299 INFO o.a.j.t.JMeterThread: Thread started: Jmeter 1-73
2022-09-04 16:04:49,769 INFO o.a.j.t.JMeterThread: Thread is done: Jmeter 1-73
2022-09-04 16:04:49,769 INFO o.a.j.t.JMeterThread: Thread finished: Jmeter 1-73
2022-09-04 16:04:50,300 INFO o.a.j.t.JMeterThread: Thread started: Jmeter 1-74
2022-09-04 16:04:50,837 INFO o.a.j.t.JMeterThread: Thread is done: Jmeter 1-74
2022-09-04 16:04:50,837 INFO o.a.j.t.JMeterThread: Thread finished: Jmeter 1-74
2022-09-04 16:04:51,301 INFO o.a.j.t.JMeterThread: Thread started: Jmeter 1-75
2022-09-04 16:04:51,849 INFO o.a.j.t.JMeterThread: Thread is done: Jmeter 1-75
2022-09-04 16:04:51,849 INFO o.a.j.t.JMeterThread: Thread finished: Jmeter 1-75
2022-09-04 16:04:52,302 INFO o.a.j.t.JMeterThread: Thread started: Jmeter 1-76
2022-09-04 16:04:52,788 INFO o.a.j.t.JMeterThread: Thread is done: Jmeter 1-76
2022-09-04 16:04:52,789 INFO o.a.j.t.JMeterThread: Thread finished: Jmeter 1-76
2022-09-04 16:04:53,322 INFO o.a.j.t.JMeterThread: Thread started: Jmeter 1-77
2022-09-04 16:04:53,828 INFO o.a.j.t.JMeterThread: Thread is done: Jmeter 1-77
2022-09-04 16:04:53,829 INFO o.a.j.t.JMeterThread: Thread finished: Jmeter 1-77
2022-09-04 16:04:54,323 INFO o.a.j.t.JMeterThread: Thread started: Jmeter 1-78
2022-09-04 16:04:54,920 INFO o.a.j.t.JMeterThread: Thread is done: Jmeter 1-78
2022-09-04 16:04:54,920 INFO o.a.j.t.JMeterThread: Thread finished: Jmeter 1-78
2022-09-04 16:04:55,323 INFO o.a.j.t.JMeterThread: Thread started: Jmeter 1-79
2022-09-04 16:04:55,793 INFO o.a.j.t.JMeterThread: Thread is done: Jmeter 1-79
2022-09-04 16:04:55,793 INFO o.a.j.t.JMeterThread: Thread finished: Jmeter 1-79
2022-09-04 16:04:56,332 INFO o.a.j.t.JMeterThread: Thread started: Jmeter 1-80
2022-09-04 16:04:56,809 INFO o.a.j.t.JMeterThread: Thread is done: Jmeter 1-80
2022-09-04 16:04:56,809 INFO o.a.j.t.JMeterThread: Thread finished: Jmeter 1-80
2022-09-04 16:04:57,333 INFO o.a.j.t.JMeterThread: Thread started: Jmeter 1-81
2022-09-04 16:04:57,964 INFO o.a.j.t.JMeterThread: Thread is done: Jmeter 1-81
2022-09-04 16:04:57,964 INFO o.a.j.t.JMeterThread: Thread finished: Jmeter 1-81
2022-09-04 16:04:58,336 INFO o.a.j.t.JMeterThread: Thread started: Jmeter 1-82
2022-09-04 16:04:58,812 INFO o.a.j.t.JMeterThread: Thread is done: Jmeter 1-82
2022-09-04 16:04:58,812 INFO o.a.j.t.JMeterThread: Thread finished: Jmeter 1-82
2022-09-04 16:04:59,337 INFO o.a.j.t.JMeterThread: Thread started: Jmeter 1-83
2022-09-04 16:04:59,980 INFO o.a.j.t.JMeterThread: Thread is done: Jmeter 1-83
2022-09-04 16:04:59,981 INFO o.a.j.t.JMeterThread: Thread finished: Jmeter 1-83
2022-09-04 16:05:00,348 INFO o.a.j.t.JMeterThread: Thread started: Jmeter 1-84
2022-09-04 16:05:00,366 INFO o.a.j.r.Summariser: summary +    120 in 00:00:30 =    4.0/s Avg:   132 Min:     6 Max:   639 Err:     0 (0.00%) Active: 1 Started: 84 Finished: 83
2022-09-04 16:05:00,367 INFO o.a.j.r.Summariser: summary =    333 in 00:01:23 =    4.0/s Avg:   203 Min:     6 Max:  2688 Err:     0 (0.00%)
2022-09-04 16:05:01,056 INFO o.a.j.t.JMeterThread: Thread is done: Jmeter 1-84
2022-09-04 16:05:01,057 INFO o.a.j.t.JMeterThread: Thread finished: Jmeter 1-84
2022-09-04 16:05:01,354 INFO o.a.j.t.JMeterThread: Thread started: Jmeter 1-85
2022-09-04 16:05:01,853 INFO o.a.j.t.JMeterThread: Thread is done: Jmeter 1-85
2022-09-04 16:05:01,853 INFO o.a.j.t.JMeterThread: Thread finished: Jmeter 1-85
2022-09-04 16:05:02,358 INFO o.a.j.t.JMeterThread: Thread started: Jmeter 1-86
2022-09-04 16:05:02,864 INFO o.a.j.t.JMeterThread: Thread is done: Jmeter 1-86
2022-09-04 16:05:02,865 INFO o.a.j.t.JMeterThread: Thread finished: Jmeter 1-86
2022-09-04 16:05:03,373 INFO o.a.j.t.JMeterThread: Thread started: Jmeter 1-87
2022-09-04 16:05:03,905 INFO o.a.j.t.JMeterThread: Thread is done: Jmeter 1-87
2022-09-04 16:05:03,905 INFO o.a.j.t.JMeterThread: Thread finished: Jmeter 1-87
2022-09-04 16:05:04,385 INFO o.a.j.t.JMeterThread: Thread started: Jmeter 1-88
2022-09-04 16:05:04,853 INFO o.a.j.t.JMeterThread: Thread is done: Jmeter 1-88
2022-09-04 16:05:04,854 INFO o.a.j.t.JMeterThread: Thread finished: Jmeter 1-88
2022-09-04 16:05:05,395 INFO o.a.j.t.JMeterThread: Thread started: Jmeter 1-89
2022-09-04 16:05:05,880 INFO o.a.j.t.JMeterThread: Thread is done: Jmeter 1-89
2022-09-04 16:05:05,881 INFO o.a.j.t.JMeterThread: Thread finished: Jmeter 1-89
2022-09-04 16:05:06,401 INFO o.a.j.t.JMeterThread: Thread started: Jmeter 1-90
2022-09-04 16:05:06,941 INFO o.a.j.t.JMeterThread: Thread is done: Jmeter 1-90
2022-09-04 16:05:06,941 INFO o.a.j.t.JMeterThread: Thread finished: Jmeter 1-90
2022-09-04 16:05:07,418 INFO o.a.j.t.JMeterThread: Thread started: Jmeter 1-91
2022-09-04 16:05:07,876 INFO o.a.j.t.JMeterThread: Thread is done: Jmeter 1-91
2022-09-04 16:05:07,877 INFO o.a.j.t.JMeterThread: Thread finished: Jmeter 1-91
2022-09-04 16:05:08,417 INFO o.a.j.t.JMeterThread: Thread started: Jmeter 1-92
2022-09-04 16:05:08,920 INFO o.a.j.t.JMeterThread: Thread is done: Jmeter 1-92
2022-09-04 16:05:08,921 INFO o.a.j.t.JMeterThread: Thread finished: Jmeter 1-92
2022-09-04 16:05:09,436 INFO o.a.j.t.JMeterThread: Thread started: Jmeter 1-93
2022-09-04 16:05:09,957 INFO o.a.j.t.JMeterThread: Thread is done: Jmeter 1-93
2022-09-04 16:05:09,958 INFO o.a.j.t.JMeterThread: Thread finished: Jmeter 1-93
2022-09-04 16:05:10,449 INFO o.a.j.t.JMeterThread: Thread started: Jmeter 1-94
2022-09-04 16:05:10,902 INFO o.a.j.t.JMeterThread: Thread is done: Jmeter 1-94
2022-09-04 16:05:10,902 INFO o.a.j.t.JMeterThread: Thread finished: Jmeter 1-94
2022-09-04 16:05:11,448 INFO o.a.j.t.JMeterThread: Thread started: Jmeter 1-95
2022-09-04 16:05:11,916 INFO o.a.j.t.JMeterThread: Thread is done: Jmeter 1-95
2022-09-04 16:05:11,916 INFO o.a.j.t.JMeterThread: Thread finished: Jmeter 1-95
2022-09-04 16:05:12,449 INFO o.a.j.t.JMeterThread: Thread started: Jmeter 1-96
2022-09-04 16:05:12,978 INFO o.a.j.t.JMeterThread: Thread is done: Jmeter 1-96
2022-09-04 16:05:12,978 INFO o.a.j.t.JMeterThread: Thread finished: Jmeter 1-96
2022-09-04 16:05:13,459 INFO o.a.j.t.JMeterThread: Thread started: Jmeter 1-97
2022-09-04 16:05:13,953 INFO o.a.j.t.JMeterThread: Thread is done: Jmeter 1-97
2022-09-04 16:05:13,954 INFO o.a.j.t.JMeterThread: Thread finished: Jmeter 1-97
2022-09-04 16:05:14,466 INFO o.a.j.t.JMeterThread: Thread started: Jmeter 1-98
2022-09-04 16:05:14,948 INFO o.a.j.t.JMeterThread: Thread is done: Jmeter 1-98
2022-09-04 16:05:14,949 INFO o.a.j.t.JMeterThread: Thread finished: Jmeter 1-98
2022-09-04 16:05:15,468 INFO o.a.j.t.JMeterThread: Thread started: Jmeter 1-99
2022-09-04 16:05:16,000 INFO o.a.j.t.JMeterThread: Thread is done: Jmeter 1-99
2022-09-04 16:05:16,001 INFO o.a.j.t.JMeterThread: Thread finished: Jmeter 1-99
2022-09-04 16:05:16,469 INFO o.a.j.t.JMeterThread: Thread started: Jmeter 1-100
2022-09-04 16:05:16,964 INFO o.a.j.t.JMeterThread: Thread is done: Jmeter 1-100
2022-09-04 16:05:16,965 INFO o.a.j.t.JMeterThread: Thread finished: Jmeter 1-100
2022-09-04 16:05:17,470 INFO o.a.j.t.JMeterThread: Thread started: Jmeter 1-101
2022-09-04 16:05:18,040 INFO o.a.j.t.JMeterThread: Thread is done: Jmeter 1-101
2022-09-04 16:05:18,041 INFO o.a.j.t.JMeterThread: Thread finished: Jmeter 1-101
2022-09-04 16:05:18,470 INFO o.a.j.t.JMeterThread: Thread started: Jmeter 1-102
2022-09-04 16:05:19,008 INFO o.a.j.t.JMeterThread: Thread is done: Jmeter 1-102
2022-09-04 16:05:19,009 INFO o.a.j.t.JMeterThread: Thread finished: Jmeter 1-102
2022-09-04 16:05:19,488 INFO o.a.j.t.JMeterThread: Thread started: Jmeter 1-103
2022-09-04 16:05:19,908 INFO o.a.j.t.JMeterThread: Thread is done: Jmeter 1-103
2022-09-04 16:05:19,908 INFO o.a.j.t.JMeterThread: Thread finished: Jmeter 1-103
2022-09-04 16:05:20,472 INFO o.a.j.t.JMeterThread: Thread started: Jmeter 1-104
2022-09-04 16:05:21,000 INFO o.a.j.t.JMeterThread: Thread is done: Jmeter 1-104
2022-09-04 16:05:21,000 INFO o.a.j.t.JMeterThread: Thread finished: Jmeter 1-104
2022-09-04 16:05:21,474 INFO o.a.j.t.JMeterThread: Thread started: Jmeter 1-105
2022-09-04 16:05:21,968 INFO o.a.j.t.JMeterThread: Thread is done: Jmeter 1-105
2022-09-04 16:05:21,969 INFO o.a.j.t.JMeterThread: Thread finished: Jmeter 1-105
2022-09-04 16:05:22,475 INFO o.a.j.t.JMeterThread: Thread started: Jmeter 1-106
2022-09-04 16:05:22,913 INFO o.a.j.t.JMeterThread: Thread is done: Jmeter 1-106
2022-09-04 16:05:22,913 INFO o.a.j.t.JMeterThread: Thread finished: Jmeter 1-106
2022-09-04 16:05:23,476 INFO o.a.j.t.JMeterThread: Thread started: Jmeter 1-107
2022-09-04 16:05:23,928 INFO o.a.j.t.JMeterThread: Thread is done: Jmeter 1-107
2022-09-04 16:05:23,929 INFO o.a.j.t.JMeterThread: Thread finished: Jmeter 1-107
2022-09-04 16:05:24,487 INFO o.a.j.t.JMeterThread: Thread started: Jmeter 1-108
2022-09-04 16:05:25,081 INFO o.a.j.t.JMeterThread: Thread is done: Jmeter 1-108
2022-09-04 16:05:25,081 INFO o.a.j.t.JMeterThread: Thread finished: Jmeter 1-108
2022-09-04 16:05:25,500 INFO o.a.j.t.JMeterThread: Thread started: Jmeter 1-109
2022-09-04 16:05:25,968 INFO o.a.j.t.JMeterThread: Thread is done: Jmeter 1-109
2022-09-04 16:05:25,969 INFO o.a.j.t.JMeterThread: Thread finished: Jmeter 1-109
2022-09-04 16:05:26,501 INFO o.a.j.t.JMeterThread: Thread started: Jmeter 1-110
2022-09-04 16:05:27,008 INFO o.a.j.t.JMeterThread: Thread is done: Jmeter 1-110
2022-09-04 16:05:27,009 INFO o.a.j.t.JMeterThread: Thread finished: Jmeter 1-110
2022-09-04 16:05:27,511 INFO o.a.j.t.JMeterThread: Thread started: Jmeter 1-111
2022-09-04 16:05:27,976 INFO o.a.j.t.JMeterThread: Thread is done: Jmeter 1-111
2022-09-04 16:05:27,976 INFO o.a.j.t.JMeterThread: Thread finished: Jmeter 1-111
2022-09-04 16:05:28,517 INFO o.a.j.t.JMeterThread: Thread started: Jmeter 1-112
2022-09-04 16:05:28,985 INFO o.a.j.t.JMeterThread: Thread is done: Jmeter 1-112
2022-09-04 16:05:28,985 INFO o.a.j.t.JMeterThread: Thread finished: Jmeter 1-112
2022-09-04 16:05:29,529 INFO o.a.j.t.JMeterThread: Thread started: Jmeter 1-113
2022-09-04 16:05:30,029 INFO o.a.j.r.Summariser: summary +    119 in 00:00:30 =    4.0/s Avg:   125 Min:     6 Max:   602 Err:     0 (0.00%) Active: 1 Started: 113 Finished: 112
2022-09-04 16:05:30,029 INFO o.a.j.r.Summariser: summary =    452 in 00:01:53 =    4.0/s Avg:   183 Min:     6 Max:  2688 Err:     0 (0.00%)
2022-09-04 16:05:30,029 INFO o.a.j.t.JMeterThread: Thread is done: Jmeter 1-113
2022-09-04 16:05:30,029 INFO o.a.j.t.JMeterThread: Thread finished: Jmeter 1-113
2022-09-04 16:05:30,531 INFO o.a.j.t.JMeterThread: Thread started: Jmeter 1-114
2022-09-04 16:05:31,016 INFO o.a.j.t.JMeterThread: Thread is done: Jmeter 1-114
2022-09-04 16:05:31,017 INFO o.a.j.t.JMeterThread: Thread finished: Jmeter 1-114
2022-09-04 16:05:31,534 INFO o.a.j.t.JMeterThread: Thread started: Jmeter 1-115
2022-09-04 16:05:32,017 INFO o.a.j.t.JMeterThread: Thread is done: Jmeter 1-115
2022-09-04 16:05:32,017 INFO o.a.j.t.JMeterThread: Thread finished: Jmeter 1-115
2022-09-04 16:05:32,541 INFO o.a.j.t.JMeterThread: Thread started: Jmeter 1-116
2022-09-04 16:05:33,117 INFO o.a.j.t.JMeterThread: Thread is done: Jmeter 1-116
2022-09-04 16:05:33,120 INFO o.a.j.t.JMeterThread: Thread finished: Jmeter 1-116
2022-09-04 16:05:33,544 INFO o.a.j.t.JMeterThread: Thread started: Jmeter 1-117
2022-09-04 16:05:34,052 INFO o.a.j.t.JMeterThread: Thread is done: Jmeter 1-117
2022-09-04 16:05:34,053 INFO o.a.j.t.JMeterThread: Thread finished: Jmeter 1-117
2022-09-04 16:05:34,559 INFO o.a.j.t.JMeterThread: Thread started: Jmeter 1-118
2022-09-04 16:05:35,013 INFO o.a.j.t.JMeterThread: Thread is done: Jmeter 1-118
2022-09-04 16:05:35,013 INFO o.a.j.t.JMeterThread: Thread finished: Jmeter 1-118
2022-09-04 16:05:35,553 INFO o.a.j.t.JMeterThread: Thread started: Jmeter 1-119
2022-09-04 16:05:36,069 INFO o.a.j.t.JMeterThread: Thread is done: Jmeter 1-119
2022-09-04 16:05:36,069 INFO o.a.j.t.JMeterThread: Thread finished: Jmeter 1-119
2022-09-04 16:05:36,558 INFO o.a.j.t.JMeterThread: Thread started: Jmeter 1-120
2022-09-04 16:05:37,040 INFO o.a.j.t.JMeterThread: Thread is done: Jmeter 1-120
2022-09-04 16:05:37,041 INFO o.a.j.t.JMeterThread: Thread finished: Jmeter 1-120
2022-09-04 16:05:37,566 INFO o.a.j.t.JMeterThread: Thread started: Jmeter 1-121
2022-09-04 16:05:38,052 INFO o.a.j.t.JMeterThread: Thread is done: Jmeter 1-121
2022-09-04 16:05:38,053 INFO o.a.j.t.JMeterThread: Thread finished: Jmeter 1-121
2022-09-04 16:05:38,572 INFO o.a.j.t.JMeterThread: Thread started: Jmeter 1-122
2022-09-04 16:05:39,136 INFO o.a.j.t.JMeterThread: Thread is done: Jmeter 1-122
2022-09-04 16:05:39,137 INFO o.a.j.t.JMeterThread: Thread finished: Jmeter 1-122
2022-09-04 16:05:39,581 INFO o.a.j.t.JMeterThread: Thread started: Jmeter 1-123
2022-09-04 16:05:40,184 INFO o.a.j.t.JMeterThread: Thread is done: Jmeter 1-123
2022-09-04 16:05:40,185 INFO o.a.j.t.JMeterThread: Thread finished: Jmeter 1-123
2022-09-04 16:05:40,588 INFO o.a.j.t.JMeterThread: Thread started: Jmeter 1-124
2022-09-04 16:05:41,208 INFO o.a.j.t.JMeterThread: Thread is done: Jmeter 1-124
2022-09-04 16:05:41,208 INFO o.a.j.t.JMeterThread: Thread finished: Jmeter 1-124
2022-09-04 16:05:41,603 INFO o.a.j.t.JMeterThread: Thread started: Jmeter 1-125
2022-09-04 16:05:42,245 INFO o.a.j.t.JMeterThread: Thread is done: Jmeter 1-125
2022-09-04 16:05:42,245 INFO o.a.j.t.JMeterThread: Thread finished: Jmeter 1-125
2022-09-04 16:05:42,606 INFO o.a.j.t.JMeterThread: Thread started: Jmeter 1-126
2022-09-04 16:05:43,197 INFO o.a.j.t.JMeterThread: Thread is done: Jmeter 1-126
2022-09-04 16:05:43,198 INFO o.a.j.t.JMeterThread: Thread finished: Jmeter 1-126
2022-09-04 16:05:43,615 INFO o.a.j.t.JMeterThread: Thread started: Jmeter 1-127
2022-09-04 16:05:44,081 INFO o.a.j.t.JMeterThread: Thread is done: Jmeter 1-127
2022-09-04 16:05:44,081 INFO o.a.j.t.JMeterThread: Thread finished: Jmeter 1-127
2022-09-04 16:05:44,615 INFO o.a.j.t.JMeterThread: Thread started: Jmeter 1-128
2022-09-04 16:05:45,154 INFO o.a.j.t.JMeterThread: Thread is done: Jmeter 1-128
2022-09-04 16:05:45,154 INFO o.a.j.t.JMeterThread: Thread finished: Jmeter 1-128
2022-09-04 16:05:45,616 INFO o.a.j.t.JMeterThread: Thread started: Jmeter 1-129
2022-09-04 16:05:46,093 INFO o.a.j.t.JMeterThread: Thread is done: Jmeter 1-129
2022-09-04 16:05:46,093 INFO o.a.j.t.JMeterThread: Thread finished: Jmeter 1-129
2022-09-04 16:05:46,621 INFO o.a.j.t.JMeterThread: Thread started: Jmeter 1-130
2022-09-04 16:05:47,096 INFO o.a.j.t.JMeterThread: Thread is done: Jmeter 1-130
2022-09-04 16:05:47,097 INFO o.a.j.t.JMeterThread: Thread finished: Jmeter 1-130
2022-09-04 16:05:47,621 INFO o.a.j.t.JMeterThread: Thread started: Jmeter 1-131
2022-09-04 16:05:48,112 INFO o.a.j.t.JMeterThread: Thread is done: Jmeter 1-131
2022-09-04 16:05:48,112 INFO o.a.j.t.JMeterThread: Thread finished: Jmeter 1-131
2022-09-04 16:05:48,622 INFO o.a.j.t.JMeterThread: Thread started: Jmeter 1-132
2022-09-04 16:05:49,105 INFO o.a.j.t.JMeterThread: Thread is done: Jmeter 1-132
2022-09-04 16:05:49,106 INFO o.a.j.t.JMeterThread: Thread finished: Jmeter 1-132
2022-09-04 16:05:49,622 INFO o.a.j.t.JMeterThread: Thread started: Jmeter 1-133
2022-09-04 16:05:50,112 INFO o.a.j.t.JMeterThread: Thread is done: Jmeter 1-133
2022-09-04 16:05:50,113 INFO o.a.j.t.JMeterThread: Thread finished: Jmeter 1-133
2022-09-04 16:05:50,622 INFO o.a.j.t.JMeterThread: Thread started: Jmeter 1-134
2022-09-04 16:05:51,188 INFO o.a.j.t.JMeterThread: Thread is done: Jmeter 1-134
2022-09-04 16:05:51,188 INFO o.a.j.t.JMeterThread: Thread finished: Jmeter 1-134
2022-09-04 16:05:51,625 INFO o.a.j.t.JMeterThread: Thread started: Jmeter 1-135
2022-09-04 16:05:52,148 INFO o.a.j.t.JMeterThread: Thread is done: Jmeter 1-135
2022-09-04 16:05:52,148 INFO o.a.j.t.JMeterThread: Thread finished: Jmeter 1-135
2022-09-04 16:05:52,626 INFO o.a.j.t.JMeterThread: Thread started: Jmeter 1-136
2022-09-04 16:05:53,116 INFO o.a.j.t.JMeterThread: Thread is done: Jmeter 1-136
2022-09-04 16:05:53,116 INFO o.a.j.t.JMeterThread: Thread finished: Jmeter 1-136
2022-09-04 16:05:53,627 INFO o.a.j.t.JMeterThread: Thread started: Jmeter 1-137
2022-09-04 16:05:54,156 INFO o.a.j.t.JMeterThread: Thread is done: Jmeter 1-137
2022-09-04 16:05:54,157 INFO o.a.j.t.JMeterThread: Thread finished: Jmeter 1-137
2022-09-04 16:05:54,628 INFO o.a.j.t.JMeterThread: Thread started: Jmeter 1-138
2022-09-04 16:05:55,257 INFO o.a.j.t.JMeterThread: Thread is done: Jmeter 1-138
2022-09-04 16:05:55,257 INFO o.a.j.t.JMeterThread: Thread finished: Jmeter 1-138
2022-09-04 16:05:55,628 INFO o.a.j.t.JMeterThread: Thread started: Jmeter 1-139
2022-09-04 16:05:56,092 INFO o.a.j.t.JMeterThread: Thread is done: Jmeter 1-139
2022-09-04 16:05:56,092 INFO o.a.j.t.JMeterThread: Thread finished: Jmeter 1-139
2022-09-04 16:05:56,629 INFO o.a.j.t.JMeterThread: Thread started: Jmeter 1-140
2022-09-04 16:05:57,232 INFO o.a.j.t.JMeterThread: Thread is done: Jmeter 1-140
2022-09-04 16:05:57,232 INFO o.a.j.t.JMeterThread: Thread finished: Jmeter 1-140
2022-09-04 16:05:57,629 INFO o.a.j.t.JMeterThread: Thread started: Jmeter 1-141
2022-09-04 16:05:58,148 INFO o.a.j.t.JMeterThread: Thread is done: Jmeter 1-141
2022-09-04 16:05:58,149 INFO o.a.j.t.JMeterThread: Thread finished: Jmeter 1-141
2022-09-04 16:05:58,633 INFO o.a.j.t.JMeterThread: Thread started: Jmeter 1-142
2022-09-04 16:05:59,085 INFO o.a.j.t.JMeterThread: Thread is done: Jmeter 1-142
2022-09-04 16:05:59,085 INFO o.a.j.t.JMeterThread: Thread finished: Jmeter 1-142
2022-09-04 16:05:59,633 INFO o.a.j.t.JMeterThread: Thread started: Jmeter 1-143
2022-09-04 16:06:00,046 INFO o.a.j.r.Summariser: summary +    119 in 00:00:30 =    4.0/s Avg:   130 Min:     7 Max:   545 Err:     0 (0.00%) Active: 1 Started: 143 Finished: 142
2022-09-04 16:06:00,046 INFO o.a.j.r.Summariser: summary =    571 in 00:02:23 =    4.0/s Avg:   172 Min:     6 Max:  2688 Err:     0 (0.00%)
2022-09-04 16:06:00,104 INFO o.a.j.t.JMeterThread: Thread is done: Jmeter 1-143
2022-09-04 16:06:00,104 INFO o.a.j.t.JMeterThread: Thread finished: Jmeter 1-143
2022-09-04 16:06:00,634 INFO o.a.j.t.JMeterThread: Thread started: Jmeter 1-144
2022-09-04 16:06:01,057 INFO o.a.j.t.JMeterThread: Thread is done: Jmeter 1-144
2022-09-04 16:06:01,057 INFO o.a.j.t.JMeterThread: Thread finished: Jmeter 1-144
2022-09-04 16:06:01,639 INFO o.a.j.t.JMeterThread: Thread started: Jmeter 1-145
2022-09-04 16:06:02,108 INFO o.a.j.t.JMeterThread: Thread is done: Jmeter 1-145
2022-09-04 16:06:02,109 INFO o.a.j.t.JMeterThread: Thread finished: Jmeter 1-145
2022-09-04 16:06:02,639 INFO o.a.j.t.JMeterThread: Thread started: Jmeter 1-146
2022-09-04 16:06:03,248 INFO o.a.j.t.JMeterThread: Thread is done: Jmeter 1-146
2022-09-04 16:06:03,249 INFO o.a.j.t.JMeterThread: Thread finished: Jmeter 1-146
2022-09-04 16:06:03,642 INFO o.a.j.t.JMeterThread: Thread started: Jmeter 1-147
2022-09-04 16:06:04,209 INFO o.a.j.t.JMeterThread: Thread is done: Jmeter 1-147
2022-09-04 16:06:04,209 INFO o.a.j.t.JMeterThread: Thread finished: Jmeter 1-147
2022-09-04 16:06:04,641 INFO o.a.j.t.JMeterThread: Thread started: Jmeter 1-148
2022-09-04 16:06:05,112 INFO o.a.j.t.JMeterThread: Thread is done: Jmeter 1-148
2022-09-04 16:06:05,113 INFO o.a.j.t.JMeterThread: Thread finished: Jmeter 1-148
2022-09-04 16:06:05,642 INFO o.a.j.t.JMeterThread: Thread started: Jmeter 1-149
2022-09-04 16:06:06,260 INFO o.a.j.t.JMeterThread: Thread is done: Jmeter 1-149
2022-09-04 16:06:06,261 INFO o.a.j.t.JMeterThread: Thread finished: Jmeter 1-149
2022-09-04 16:06:06,652 INFO o.a.j.t.JMeterThread: Thread started: Jmeter 1-150
2022-09-04 16:06:07,121 INFO o.a.j.t.JMeterThread: Thread is done: Jmeter 1-150
2022-09-04 16:06:07,121 INFO o.a.j.t.JMeterThread: Thread finished: Jmeter 1-150
2022-09-04 16:06:07,650 INFO o.a.j.t.JMeterThread: Thread started: Jmeter 1-151
2022-09-04 16:06:08,165 INFO o.a.j.t.JMeterThread: Thread is done: Jmeter 1-151
2022-09-04 16:06:08,165 INFO o.a.j.t.JMeterThread: Thread finished: Jmeter 1-151
2022-09-04 16:06:08,655 INFO o.a.j.t.JMeterThread: Thread started: Jmeter 1-152
2022-09-04 16:06:09,236 INFO o.a.j.t.JMeterThread: Thread is done: Jmeter 1-152
2022-09-04 16:06:09,236 INFO o.a.j.t.JMeterThread: Thread finished: Jmeter 1-152
2022-09-04 16:06:09,672 INFO o.a.j.t.JMeterThread: Thread started: Jmeter 1-153
2022-09-04 16:06:10,180 INFO o.a.j.t.JMeterThread: Thread is done: Jmeter 1-153
2022-09-04 16:06:10,180 INFO o.a.j.t.JMeterThread: Thread finished: Jmeter 1-153
2022-09-04 16:06:10,663 INFO o.a.j.t.JMeterThread: Thread started: Jmeter 1-154
2022-09-04 16:06:11,284 INFO o.a.j.t.JMeterThread: Thread is done: Jmeter 1-154
2022-09-04 16:06:11,285 INFO o.a.j.t.JMeterThread: Thread finished: Jmeter 1-154
2022-09-04 16:06:11,672 INFO o.a.j.t.JMeterThread: Thread started: Jmeter 1-155
2022-09-04 16:06:12,228 INFO o.a.j.t.JMeterThread: Thread is done: Jmeter 1-155
2022-09-04 16:06:12,228 INFO o.a.j.t.JMeterThread: Thread finished: Jmeter 1-155
2022-09-04 16:06:12,678 INFO o.a.j.t.JMeterThread: Thread started: Jmeter 1-156
2022-09-04 16:06:13,136 INFO o.a.j.t.JMeterThread: Thread is done: Jmeter 1-156
2022-09-04 16:06:13,136 INFO o.a.j.t.JMeterThread: Thread finished: Jmeter 1-156
2022-09-04 16:06:13,678 INFO o.a.j.t.JMeterThread: Thread started: Jmeter 1-157
2022-09-04 16:06:14,217 INFO o.a.j.t.JMeterThread: Thread is done: Jmeter 1-157
2022-09-04 16:06:14,217 INFO o.a.j.t.JMeterThread: Thread finished: Jmeter 1-157
2022-09-04 16:06:14,679 INFO o.a.j.t.JMeterThread: Thread started: Jmeter 1-158
2022-09-04 16:06:15,220 INFO o.a.j.t.JMeterThread: Thread is done: Jmeter 1-158
2022-09-04 16:06:15,221 INFO o.a.j.t.JMeterThread: Thread finished: Jmeter 1-158
2022-09-04 16:06:15,680 INFO o.a.j.t.JMeterThread: Thread started: Jmeter 1-159
2022-09-04 16:06:16,149 INFO o.a.j.t.JMeterThread: Thread is done: Jmeter 1-159
2022-09-04 16:06:16,150 INFO o.a.j.t.JMeterThread: Thread finished: Jmeter 1-159
2022-09-04 16:06:16,680 INFO o.a.j.t.JMeterThread: Thread started: Jmeter 1-160
2022-09-04 16:06:17,129 INFO o.a.j.t.JMeterThread: Thread is done: Jmeter 1-160
2022-09-04 16:06:17,129 INFO o.a.j.t.JMeterThread: Thread finished: Jmeter 1-160
2022-09-04 16:06:17,688 INFO o.a.j.t.JMeterThread: Thread started: Jmeter 1-161
2022-09-04 16:06:18,216 INFO o.a.j.t.JMeterThread: Thread is done: Jmeter 1-161
2022-09-04 16:06:18,217 INFO o.a.j.t.JMeterThread: Thread finished: Jmeter 1-161
2022-09-04 16:06:18,693 INFO o.a.j.t.JMeterThread: Thread started: Jmeter 1-162
2022-09-04 16:06:19,168 INFO o.a.j.t.JMeterThread: Thread is done: Jmeter 1-162
2022-09-04 16:06:19,168 INFO o.a.j.t.JMeterThread: Thread finished: Jmeter 1-162
2022-09-04 16:06:19,693 INFO o.a.j.t.JMeterThread: Thread started: Jmeter 1-163
2022-09-04 16:06:20,156 INFO o.a.j.t.JMeterThread: Thread is done: Jmeter 1-163
2022-09-04 16:06:20,157 INFO o.a.j.t.JMeterThread: Thread finished: Jmeter 1-163
2022-09-04 16:06:20,708 INFO o.a.j.t.JMeterThread: Thread started: Jmeter 1-164
2022-09-04 16:06:21,236 INFO o.a.j.t.JMeterThread: Thread is done: Jmeter 1-164
2022-09-04 16:06:21,237 INFO o.a.j.t.JMeterThread: Thread finished: Jmeter 1-164
2022-09-04 16:06:21,708 INFO o.a.j.t.JMeterThread: Thread started: Jmeter 1-165
2022-09-04 16:06:22,697 INFO o.a.j.t.JMeterThread: Thread is done: Jmeter 1-165
2022-09-04 16:06:22,697 INFO o.a.j.t.JMeterThread: Thread finished: Jmeter 1-165
2022-09-04 16:06:22,713 INFO o.a.j.t.JMeterThread: Thread started: Jmeter 1-166
2022-09-04 16:06:23,236 INFO o.a.j.t.JMeterThread: Thread is done: Jmeter 1-166
2022-09-04 16:06:23,236 INFO o.a.j.t.JMeterThread: Thread finished: Jmeter 1-166
2022-09-04 16:06:23,722 INFO o.a.j.t.JMeterThread: Thread started: Jmeter 1-167
2022-09-04 16:06:24,220 INFO o.a.j.t.JMeterThread: Thread is done: Jmeter 1-167
2022-09-04 16:06:24,220 INFO o.a.j.t.JMeterThread: Thread finished: Jmeter 1-167
2022-09-04 16:06:24,727 INFO o.a.j.t.JMeterThread: Thread started: Jmeter 1-168
2022-09-04 16:06:25,349 INFO o.a.j.t.JMeterThread: Thread is done: Jmeter 1-168
2022-09-04 16:06:25,349 INFO o.a.j.t.JMeterThread: Thread finished: Jmeter 1-168
2022-09-04 16:06:25,728 INFO o.a.j.t.JMeterThread: Thread started: Jmeter 1-169
2022-09-04 16:06:26,225 INFO o.a.j.t.JMeterThread: Thread is done: Jmeter 1-169
2022-09-04 16:06:26,225 INFO o.a.j.t.JMeterThread: Thread finished: Jmeter 1-169
2022-09-04 16:06:26,729 INFO o.a.j.t.JMeterThread: Thread started: Jmeter 1-170
2022-09-04 16:06:27,280 INFO o.a.j.t.JMeterThread: Thread is done: Jmeter 1-170
2022-09-04 16:06:27,280 INFO o.a.j.t.JMeterThread: Thread finished: Jmeter 1-170
2022-09-04 16:06:27,730 INFO o.a.j.t.JMeterThread: Thread started: Jmeter 1-171
2022-09-04 16:06:28,264 INFO o.a.j.t.JMeterThread: Thread is done: Jmeter 1-171
2022-09-04 16:06:28,264 INFO o.a.j.t.JMeterThread: Thread finished: Jmeter 1-171
2022-09-04 16:06:28,730 INFO o.a.j.t.JMeterThread: Thread started: Jmeter 1-172
2022-09-04 16:06:29,252 INFO o.a.j.t.JMeterThread: Thread is done: Jmeter 1-172
2022-09-04 16:06:29,253 INFO o.a.j.t.JMeterThread: Thread finished: Jmeter 1-172
2022-09-04 16:06:29,731 INFO o.a.j.t.JMeterThread: Thread started: Jmeter 1-173
2022-09-04 16:06:30,220 INFO o.a.j.r.Summariser: summary +    120 in 00:00:30 =    4.0/s Avg:   133 Min:     6 Max:   828 Err:     0 (0.00%) Active: 1 Started: 173 Finished: 172
2022-09-04 16:06:30,221 INFO o.a.j.r.Summariser: summary =    691 in 00:02:53 =    4.0/s Avg:   165 Min:     6 Max:  2688 Err:     0 (0.00%)
2022-09-04 16:06:30,280 INFO o.a.j.t.JMeterThread: Thread is done: Jmeter 1-173
2022-09-04 16:06:30,280 INFO o.a.j.t.JMeterThread: Thread finished: Jmeter 1-173
2022-09-04 16:06:30,732 INFO o.a.j.t.JMeterThread: Thread started: Jmeter 1-174
2022-09-04 16:06:31,192 INFO o.a.j.t.JMeterThread: Thread is done: Jmeter 1-174
2022-09-04 16:06:31,192 INFO o.a.j.t.JMeterThread: Thread finished: Jmeter 1-174
2022-09-04 16:06:31,733 INFO o.a.j.t.JMeterThread: Thread started: Jmeter 1-175
2022-09-04 16:06:32,192 INFO o.a.j.t.JMeterThread: Thread is done: Jmeter 1-175
2022-09-04 16:06:32,193 INFO o.a.j.t.JMeterThread: Thread finished: Jmeter 1-175
2022-09-04 16:06:32,733 INFO o.a.j.t.JMeterThread: Thread started: Jmeter 1-176
2022-09-04 16:06:33,296 INFO o.a.j.t.JMeterThread: Thread is done: Jmeter 1-176
2022-09-04 16:06:33,297 INFO o.a.j.t.JMeterThread: Thread finished: Jmeter 1-176
2022-09-04 16:06:33,735 INFO o.a.j.t.JMeterThread: Thread started: Jmeter 1-177
2022-09-04 16:06:34,209 INFO o.a.j.t.JMeterThread: Thread is done: Jmeter 1-177
2022-09-04 16:06:34,209 INFO o.a.j.t.JMeterThread: Thread finished: Jmeter 1-177
2022-09-04 16:06:34,735 INFO o.a.j.t.JMeterThread: Thread started: Jmeter 1-178
2022-09-04 16:06:35,217 INFO o.a.j.t.JMeterThread: Thread is done: Jmeter 1-178
2022-09-04 16:06:35,217 INFO o.a.j.t.JMeterThread: Thread finished: Jmeter 1-178
2022-09-04 16:06:35,737 INFO o.a.j.t.JMeterThread: Thread started: Jmeter 1-179
2022-09-04 16:06:36,252 INFO o.a.j.t.JMeterThread: Thread is done: Jmeter 1-179
2022-09-04 16:06:36,252 INFO o.a.j.t.JMeterThread: Thread finished: Jmeter 1-179
2022-09-04 16:06:36,736 INFO o.a.j.t.JMeterThread: Thread started: Jmeter 1-180
2022-09-04 16:06:37,224 INFO o.a.j.t.JMeterThread: Thread is done: Jmeter 1-180
2022-09-04 16:06:37,224 INFO o.a.j.t.JMeterThread: Thread finished: Jmeter 1-180
2022-09-04 16:06:37,737 INFO o.a.j.t.JMeterThread: Thread started: Jmeter 1-181
2022-09-04 16:06:38,197 INFO o.a.j.t.JMeterThread: Thread is done: Jmeter 1-181
2022-09-04 16:06:38,197 INFO o.a.j.t.JMeterThread: Thread finished: Jmeter 1-181
2022-09-04 16:06:38,738 INFO o.a.j.t.JMeterThread: Thread started: Jmeter 1-182
2022-09-04 16:06:39,280 INFO o.a.j.t.JMeterThread: Thread is done: Jmeter 1-182
2022-09-04 16:06:39,280 INFO o.a.j.t.JMeterThread: Thread finished: Jmeter 1-182
2022-09-04 16:06:39,739 INFO o.a.j.t.JMeterThread: Thread started: Jmeter 1-183
2022-09-04 16:06:40,217 INFO o.a.j.t.JMeterThread: Thread is done: Jmeter 1-183
2022-09-04 16:06:40,217 INFO o.a.j.t.JMeterThread: Thread finished: Jmeter 1-183
2022-09-04 16:06:40,741 INFO o.a.j.t.JMeterThread: Thread started: Jmeter 1-184
2022-09-04 16:06:41,220 INFO o.a.j.t.JMeterThread: Thread is done: Jmeter 1-184
2022-09-04 16:06:41,221 INFO o.a.j.t.JMeterThread: Thread finished: Jmeter 1-184
2022-09-04 16:06:41,742 INFO o.a.j.t.JMeterThread: Thread started: Jmeter 1-185
2022-09-04 16:06:42,316 INFO o.a.j.t.JMeterThread: Thread is done: Jmeter 1-185
2022-09-04 16:06:42,316 INFO o.a.j.t.JMeterThread: Thread finished: Jmeter 1-185
2022-09-04 16:06:42,743 INFO o.a.j.t.JMeterThread: Thread started: Jmeter 1-186
2022-09-04 16:06:43,296 INFO o.a.j.t.JMeterThread: Thread is done: Jmeter 1-186
2022-09-04 16:06:43,296 INFO o.a.j.t.JMeterThread: Thread finished: Jmeter 1-186
2022-09-04 16:06:43,743 INFO o.a.j.t.JMeterThread: Thread started: Jmeter 1-187
2022-09-04 16:06:44,249 INFO o.a.j.t.JMeterThread: Thread is done: Jmeter 1-187
2022-09-04 16:06:44,249 INFO o.a.j.t.JMeterThread: Thread finished: Jmeter 1-187
2022-09-04 16:06:44,743 INFO o.a.j.t.JMeterThread: Thread started: Jmeter 1-188
2022-09-04 16:06:45,304 INFO o.a.j.t.JMeterThread: Thread is done: Jmeter 1-188
2022-09-04 16:06:45,305 INFO o.a.j.t.JMeterThread: Thread finished: Jmeter 1-188
2022-09-04 16:06:45,745 INFO o.a.j.t.JMeterThread: Thread started: Jmeter 1-189
2022-09-04 16:06:46,232 INFO o.a.j.t.JMeterThread: Thread is done: Jmeter 1-189
2022-09-04 16:06:46,232 INFO o.a.j.t.JMeterThread: Thread finished: Jmeter 1-189
2022-09-04 16:06:46,744 INFO o.a.j.t.JMeterThread: Thread started: Jmeter 1-190
2022-09-04 16:06:47,284 INFO o.a.j.t.JMeterThread: Thread is done: Jmeter 1-190
2022-09-04 16:06:47,285 INFO o.a.j.t.JMeterThread: Thread finished: Jmeter 1-190
2022-09-04 16:06:47,745 INFO o.a.j.t.JMeterThread: Thread started: Jmeter 1-191
2022-09-04 16:06:48,216 INFO o.a.j.t.JMeterThread: Thread is done: Jmeter 1-191
2022-09-04 16:06:48,217 INFO o.a.j.t.JMeterThread: Thread finished: Jmeter 1-191
2022-09-04 16:06:48,746 INFO o.a.j.t.JMeterThread: Thread started: Jmeter 1-192
2022-09-04 16:06:49,213 INFO o.a.j.t.JMeterThread: Thread is done: Jmeter 1-192
2022-09-04 16:06:49,213 INFO o.a.j.t.JMeterThread: Thread finished: Jmeter 1-192
2022-09-04 16:06:49,753 INFO o.a.j.t.JMeterThread: Thread started: Jmeter 1-193
2022-09-04 16:06:50,208 INFO o.a.j.t.JMeterThread: Thread is done: Jmeter 1-193
2022-09-04 16:06:50,209 INFO o.a.j.t.JMeterThread: Thread finished: Jmeter 1-193
2022-09-04 16:06:50,758 INFO o.a.j.t.JMeterThread: Thread started: Jmeter 1-194
2022-09-04 16:06:51,216 INFO o.a.j.t.JMeterThread: Thread is done: Jmeter 1-194
2022-09-04 16:06:51,216 INFO o.a.j.t.JMeterThread: Thread finished: Jmeter 1-194
2022-09-04 16:06:51,758 INFO o.a.j.t.JMeterThread: Thread started: Jmeter 1-195
2022-09-04 16:06:52,216 INFO o.a.j.t.JMeterThread: Thread is done: Jmeter 1-195
2022-09-04 16:06:52,216 INFO o.a.j.t.JMeterThread: Thread finished: Jmeter 1-195
2022-09-04 16:06:52,758 INFO o.a.j.t.JMeterThread: Thread started: Jmeter 1-196
2022-09-04 16:06:53,249 INFO o.a.j.t.JMeterThread: Thread is done: Jmeter 1-196
2022-09-04 16:06:53,249 INFO o.a.j.t.JMeterThread: Thread finished: Jmeter 1-196
2022-09-04 16:06:53,759 INFO o.a.j.t.JMeterThread: Thread started: Jmeter 1-197
2022-09-04 16:06:54,384 INFO o.a.j.t.JMeterThread: Thread is done: Jmeter 1-197
2022-09-04 16:06:54,384 INFO o.a.j.t.JMeterThread: Thread finished: Jmeter 1-197
2022-09-04 16:06:54,759 INFO o.a.j.t.JMeterThread: Thread started: Jmeter 1-198
2022-09-04 16:06:55,205 INFO o.a.j.t.JMeterThread: Thread is done: Jmeter 1-198
2022-09-04 16:06:55,205 INFO o.a.j.t.JMeterThread: Thread finished: Jmeter 1-198
2022-09-04 16:06:55,760 INFO o.a.j.t.JMeterThread: Thread started: Jmeter 1-199
2022-09-04 16:06:56,213 INFO o.a.j.t.JMeterThread: Thread is done: Jmeter 1-199
2022-09-04 16:06:56,213 INFO o.a.j.t.JMeterThread: Thread finished: Jmeter 1-199
2022-09-04 16:06:56,761 INFO o.a.j.t.JMeterThread: Thread started: Jmeter 1-200
2022-09-04 16:06:57,232 INFO o.a.j.t.JMeterThread: Thread is done: Jmeter 1-200
2022-09-04 16:06:57,232 INFO o.a.j.t.JMeterThread: Thread finished: Jmeter 1-200
2022-09-04 16:06:57,233 INFO o.a.j.e.StandardJMeterEngine: Notifying test listeners of end of test
2022-09-04 16:06:57,234 INFO o.a.j.r.Summariser: summary +    109 in 00:00:27 =    4.0/s Avg:   122 Min:     7 Max:   529 Err:     0 (0.00%) Active: 0 Started: 200 Finished: 200
2022-09-04 16:06:57,235 INFO o.a.j.r.Summariser: summary =    800 in 00:03:20 =    4.0/s Avg:   159 Min:     6 Max:  2688 Err:     0 (0.00%)
