2022-08-14 10:55:51,215 INFO o.a.j.u.JMeterUtils: Setting Locale to en_US
2022-08-14 10:55:51,240 INFO o.a.j.JMeter: Loading user properties from: /usr/local/apache-jmeter-3.3/bin/user.properties
2022-08-14 10:55:51,241 INFO o.a.j.JMeter: Loading system properties from: /usr/local/apache-jmeter-3.3/bin/system.properties
2022-08-14 10:55:51,241 INFO o.a.j.JMeter: Setting JMeter property: jmeter.save.saveservice.default_delimiter=\t
2022-08-14 10:55:51,242 INFO o.a.j.JMeter: Setting JMeter property: jmeter.save.saveservice.connect_time=true
2022-08-14 10:55:51,249 INFO o.a.j.JMeter: Copyright (c) 1998-2017 The Apache Software Foundation
2022-08-14 10:55:51,249 INFO o.a.j.JMeter: Version 3.3 r1808647
2022-08-14 10:55:51,249 INFO o.a.j.JMeter: java.version=1.8.0_191
2022-08-14 10:55:51,249 INFO o.a.j.JMeter: java.vm.name=OpenJDK 64-Bit Server VM
2022-08-14 10:55:51,250 INFO o.a.j.JMeter: os.name=Linux
2022-08-14 10:55:51,250 INFO o.a.j.JMeter: os.arch=amd64
2022-08-14 10:55:51,250 INFO o.a.j.JMeter: os.version=5.15.0-46-generic
2022-08-14 10:55:51,250 INFO o.a.j.JMeter: file.encoding=ANSI_X3.4-1968
2022-08-14 10:55:51,250 INFO o.a.j.JMeter: Max memory     =536870912
2022-08-14 10:55:51,250 INFO o.a.j.JMeter: Available Processors =4
2022-08-14 10:55:51,255 INFO o.a.j.JMeter: Default Locale=English (United States)
2022-08-14 10:55:51,255 INFO o.a.j.JMeter: JMeter  Locale=English (United States)
2022-08-14 10:55:51,255 INFO o.a.j.JMeter: JMeterHome=/usr/local/apache-jmeter-3.3
2022-08-14 10:55:51,256 INFO o.a.j.JMeter: user.dir  =/var/loadtest
2022-08-14 10:55:51,256 INFO o.a.j.JMeter: PWD       =/var/loadtest
2022-08-14 10:55:51,256 INFO o.a.j.JMeter: IP: 127.0.1.1 Name: ubuntu FullName: ubuntu
2022-08-14 10:55:51,260 INFO o.a.j.s.FileServer: Default base='/var/loadtest'
2022-08-14 10:55:51,260 INFO o.a.j.s.FileServer: Set new base='/var/loadtest'
2022-08-14 10:55:51,505 INFO o.a.j.s.SaveService: Testplan (JMX) version: 2.2. Testlog (JTL) version: 2.2
2022-08-14 10:55:51,528 INFO o.a.j.s.SaveService: Using SaveService properties file encoding UTF-8
2022-08-14 10:55:51,534 INFO o.a.j.s.SaveService: Using SaveService properties version 3.2
2022-08-14 10:55:51,543 INFO o.a.j.s.SaveService: Loading file: /var/loadtest/modified_WxQOxg.jmx
2022-08-14 10:55:51,605 INFO o.a.j.p.h.c.CookieManager: Settings: Delete null: true Check: true Allow variable: true Save: false Prefix: COOKIE_
2022-08-14 10:55:51,621 INFO o.a.j.p.h.s.HTTPSamplerBase: Parser for text/html is org.apache.jmeter.protocol.http.parser.LagartoBasedHtmlParser
2022-08-14 10:55:51,621 INFO o.a.j.p.h.s.HTTPSamplerBase: Parser for application/xhtml+xml is org.apache.jmeter.protocol.http.parser.LagartoBasedHtmlParser
2022-08-14 10:55:51,621 INFO o.a.j.p.h.s.HTTPSamplerBase: Parser for application/xml is org.apache.jmeter.protocol.http.parser.LagartoBasedHtmlParser
2022-08-14 10:55:51,622 INFO o.a.j.p.h.s.HTTPSamplerBase: Parser for text/xml is org.apache.jmeter.protocol.http.parser.LagartoBasedHtmlParser
2022-08-14 10:55:51,622 INFO o.a.j.p.h.s.HTTPSamplerBase: Parser for text/vnd.wap.wml is org.apache.jmeter.protocol.http.parser.RegexpHTMLParser
2022-08-14 10:55:51,622 INFO o.a.j.p.h.s.HTTPSamplerBase: Parser for text/css is org.apache.jmeter.protocol.http.parser.CssParser
2022-08-14 10:55:51,690 INFO o.a.j.JMeter: Creating summariser <summary>
2022-08-14 10:55:51,696 INFO o.a.j.e.StandardJMeterEngine: Running the test!
2022-08-14 10:55:51,697 INFO o.a.j.s.SampleEvent: List of sample_variables: []
2022-08-14 10:55:51,697 INFO o.a.j.s.SampleEvent: List of sample_variables: []
2022-08-14 10:55:51,703 INFO o.a.j.e.u.CompoundVariable: Note: Function class names must contain the string: '.functions.'
2022-08-14 10:55:51,703 INFO o.a.j.e.u.CompoundVariable: Note: Function class names must not contain the string: '.gui.'
2022-08-14 10:55:52,385 INFO o.a.j.JMeter: Running test (1660474552385)
2022-08-14 10:55:52,447 INFO o.a.j.e.StandardJMeterEngine: Starting ThreadGroup: 1 : Jmeter
2022-08-14 10:55:52,447 INFO o.a.j.e.StandardJMeterEngine: Starting 100 threads for group Jmeter.
2022-08-14 10:55:52,447 INFO o.a.j.e.StandardJMeterEngine: Thread will continue on error
2022-08-14 10:55:52,448 INFO o.a.j.t.ThreadGroup: Starting thread group... number=1 threads=100 ramp-up=1 perThread=10.0 delayedStart=false
2022-08-14 10:55:52,466 INFO o.a.j.t.JMeterThread: Thread started: Jmeter 1-1
2022-08-14 10:55:52,490 INFO o.a.j.t.JMeterThread: Thread started: Jmeter 1-2
2022-08-14 10:55:52,501 INFO o.a.j.t.JMeterThread: Thread started: Jmeter 1-3
2022-08-14 10:55:52,515 INFO o.a.j.t.JMeterThread: Thread started: Jmeter 1-4
2022-08-14 10:55:52,517 INFO o.a.j.p.h.s.HTTPHCAbstractImpl: Local host = ubuntu
2022-08-14 10:55:52,526 INFO o.a.j.p.h.s.HTTPHC4Impl: HTTP request retry count = 0
2022-08-14 10:55:52,527 INFO o.a.j.t.JMeterThread: Thread started: Jmeter 1-5
2022-08-14 10:55:52,539 INFO o.a.j.s.SampleResult: Note: Sample TimeStamps are START times
2022-08-14 10:55:52,539 INFO o.a.j.s.SampleResult: sampleresult.default.encoding is set to ISO-8859-1
2022-08-14 10:55:52,539 INFO o.a.j.s.SampleResult: sampleresult.useNanoTime=true
2022-08-14 10:55:52,539 INFO o.a.j.t.JMeterThread: Thread started: Jmeter 1-6
2022-08-14 10:55:52,539 INFO o.a.j.s.SampleResult: sampleresult.nanoThreadSleep=5000
2022-08-14 10:55:52,551 INFO o.a.j.t.JMeterThread: Thread started: Jmeter 1-7
2022-08-14 10:55:52,563 INFO o.a.j.t.JMeterThread: Thread started: Jmeter 1-8
2022-08-14 10:55:52,573 INFO o.a.j.t.JMeterThread: Thread started: Jmeter 1-9
2022-08-14 10:55:52,592 INFO o.a.j.t.JMeterThread: Thread started: Jmeter 1-10
2022-08-14 10:55:52,609 INFO o.a.j.t.JMeterThread: Thread started: Jmeter 1-11
2022-08-14 10:55:52,623 INFO o.a.j.t.JMeterThread: Thread started: Jmeter 1-12
2022-08-14 10:55:52,650 INFO o.a.j.t.JMeterThread: Thread started: Jmeter 1-13
2022-08-14 10:55:52,666 INFO o.a.j.t.JMeterThread: Thread started: Jmeter 1-14
2022-08-14 10:55:52,686 INFO o.a.j.t.JMeterThread: Thread started: Jmeter 1-15
2022-08-14 10:55:52,694 INFO o.a.j.t.JMeterThread: Thread started: Jmeter 1-16
2022-08-14 10:55:52,706 INFO o.a.j.t.JMeterThread: Thread started: Jmeter 1-17
2022-08-14 10:55:52,717 INFO o.a.j.t.JMeterThread: Thread started: Jmeter 1-18
2022-08-14 10:55:52,728 INFO o.a.j.t.JMeterThread: Thread started: Jmeter 1-19
2022-08-14 10:55:52,743 INFO o.a.j.t.JMeterThread: Thread started: Jmeter 1-20
2022-08-14 10:55:52,753 INFO o.a.j.t.JMeterThread: Thread started: Jmeter 1-21
2022-08-14 10:55:52,764 INFO o.a.j.t.JMeterThread: Thread started: Jmeter 1-22
2022-08-14 10:55:52,778 INFO o.a.j.t.JMeterThread: Thread started: Jmeter 1-23
2022-08-14 10:55:52,785 INFO o.a.j.t.JMeterThread: Thread is done: Jmeter 1-5
2022-08-14 10:55:52,785 INFO o.a.j.t.JMeterThread: Thread finished: Jmeter 1-5
2022-08-14 10:55:52,788 INFO o.a.j.t.JMeterThread: Thread is done: Jmeter 1-19
2022-08-14 10:55:52,788 INFO o.a.j.t.JMeterThread: Thread finished: Jmeter 1-19
2022-08-14 10:55:52,790 INFO o.a.j.t.JMeterThread: Thread is done: Jmeter 1-17
2022-08-14 10:55:52,790 INFO o.a.j.t.JMeterThread: Thread finished: Jmeter 1-17
2022-08-14 10:55:52,791 INFO o.a.j.t.JMeterThread: Thread is done: Jmeter 1-22
2022-08-14 10:55:52,791 INFO o.a.j.t.JMeterThread: Thread finished: Jmeter 1-22
2022-08-14 10:55:52,791 INFO o.a.j.t.JMeterThread: Thread started: Jmeter 1-24
2022-08-14 10:55:52,791 INFO o.a.j.t.JMeterThread: Thread is done: Jmeter 1-6
2022-08-14 10:55:52,792 INFO o.a.j.t.JMeterThread: Thread finished: Jmeter 1-6
2022-08-14 10:55:52,793 INFO o.a.j.t.JMeterThread: Thread is done: Jmeter 1-18
2022-08-14 10:55:52,793 INFO o.a.j.t.JMeterThread: Thread finished: Jmeter 1-18
2022-08-14 10:55:52,795 INFO o.a.j.t.JMeterThread: Thread is done: Jmeter 1-15
2022-08-14 10:55:52,795 INFO o.a.j.t.JMeterThread: Thread finished: Jmeter 1-15
2022-08-14 10:55:52,795 INFO o.a.j.t.JMeterThread: Thread is done: Jmeter 1-12
2022-08-14 10:55:52,795 INFO o.a.j.t.JMeterThread: Thread finished: Jmeter 1-12
2022-08-14 10:55:52,797 INFO o.a.j.t.JMeterThread: Thread is done: Jmeter 1-13
2022-08-14 10:55:52,797 INFO o.a.j.t.JMeterThread: Thread finished: Jmeter 1-13
2022-08-14 10:55:52,797 INFO o.a.j.t.JMeterThread: Thread is done: Jmeter 1-23
2022-08-14 10:55:52,798 INFO o.a.j.t.JMeterThread: Thread finished: Jmeter 1-23
2022-08-14 10:55:52,798 INFO o.a.j.t.JMeterThread: Thread is done: Jmeter 1-2
2022-08-14 10:55:52,798 INFO o.a.j.t.JMeterThread: Thread is done: Jmeter 1-7
2022-08-14 10:55:52,799 INFO o.a.j.t.JMeterThread: Thread finished: Jmeter 1-2
2022-08-14 10:55:52,801 INFO o.a.j.t.JMeterThread: Thread is done: Jmeter 1-21
2022-08-14 10:55:52,801 INFO o.a.j.t.JMeterThread: Thread finished: Jmeter 1-21
2022-08-14 10:55:52,803 INFO o.a.j.t.JMeterThread: Thread is done: Jmeter 1-16
2022-08-14 10:55:52,803 INFO o.a.j.t.JMeterThread: Thread finished: Jmeter 1-16
2022-08-14 10:55:52,799 INFO o.a.j.t.JMeterThread: Thread finished: Jmeter 1-7
2022-08-14 10:55:52,804 INFO o.a.j.t.JMeterThread: Thread is done: Jmeter 1-24
2022-08-14 10:55:52,804 INFO o.a.j.t.JMeterThread: Thread finished: Jmeter 1-24
2022-08-14 10:55:52,806 INFO o.a.j.t.JMeterThread: Thread is done: Jmeter 1-20
2022-08-14 10:55:52,807 INFO o.a.j.t.JMeterThread: Thread finished: Jmeter 1-20
2022-08-14 10:55:52,809 INFO o.a.j.t.JMeterThread: Thread started: Jmeter 1-25
2022-08-14 10:55:52,819 INFO o.a.j.t.JMeterThread: Thread is done: Jmeter 1-25
2022-08-14 10:55:52,819 INFO o.a.j.t.JMeterThread: Thread finished: Jmeter 1-25
2022-08-14 10:55:52,823 INFO o.a.j.t.JMeterThread: Thread started: Jmeter 1-26
2022-08-14 10:55:52,830 INFO o.a.j.t.JMeterThread: Thread is done: Jmeter 1-26
2022-08-14 10:55:52,830 INFO o.a.j.t.JMeterThread: Thread finished: Jmeter 1-26
2022-08-14 10:55:52,835 INFO o.a.j.t.JMeterThread: Thread started: Jmeter 1-27
2022-08-14 10:55:52,843 INFO o.a.j.t.JMeterThread: Thread is done: Jmeter 1-14
2022-08-14 10:55:52,844 INFO o.a.j.t.JMeterThread: Thread is done: Jmeter 1-3
2022-08-14 10:55:52,845 INFO o.a.j.t.JMeterThread: Thread is done: Jmeter 1-10
2022-08-14 10:55:52,845 INFO o.a.j.t.JMeterThread: Thread finished: Jmeter 1-3
2022-08-14 10:55:52,845 INFO o.a.j.t.JMeterThread: Thread finished: Jmeter 1-10
2022-08-14 10:55:52,847 INFO o.a.j.t.JMeterThread: Thread started: Jmeter 1-28
2022-08-14 10:55:52,848 INFO o.a.j.t.JMeterThread: Thread finished: Jmeter 1-14
2022-08-14 10:55:52,849 INFO o.a.j.t.JMeterThread: Thread is done: Jmeter 1-1
2022-08-14 10:55:52,849 INFO o.a.j.t.JMeterThread: Thread is done: Jmeter 1-9
2022-08-14 10:55:52,849 INFO o.a.j.t.JMeterThread: Thread finished: Jmeter 1-1
2022-08-14 10:55:52,850 INFO o.a.j.t.JMeterThread: Thread is done: Jmeter 1-4
2022-08-14 10:55:52,851 INFO o.a.j.t.JMeterThread: Thread finished: Jmeter 1-4
2022-08-14 10:55:52,849 INFO o.a.j.t.JMeterThread: Thread finished: Jmeter 1-9
2022-08-14 10:55:52,857 INFO o.a.j.t.JMeterThread: Thread is done: Jmeter 1-27
2022-08-14 10:55:52,857 INFO o.a.j.t.JMeterThread: Thread finished: Jmeter 1-27
2022-08-14 10:55:52,863 INFO o.a.j.t.JMeterThread: Thread is done: Jmeter 1-11
2022-08-14 10:55:52,863 INFO o.a.j.t.JMeterThread: Thread finished: Jmeter 1-11
2022-08-14 10:55:52,864 INFO o.a.j.t.JMeterThread: Thread is done: Jmeter 1-8
2022-08-14 10:55:52,864 INFO o.a.j.t.JMeterThread: Thread finished: Jmeter 1-8
2022-08-14 10:55:52,861 INFO o.a.j.t.JMeterThread: Thread started: Jmeter 1-29
2022-08-14 10:55:52,865 INFO o.a.j.t.JMeterThread: Thread is done: Jmeter 1-28
2022-08-14 10:55:52,865 INFO o.a.j.t.JMeterThread: Thread finished: Jmeter 1-28
2022-08-14 10:55:52,871 INFO o.a.j.t.JMeterThread: Thread is done: Jmeter 1-29
2022-08-14 10:55:52,871 INFO o.a.j.t.JMeterThread: Thread finished: Jmeter 1-29
2022-08-14 10:55:52,871 INFO o.a.j.t.JMeterThread: Thread started: Jmeter 1-30
2022-08-14 10:55:52,879 INFO o.a.j.t.JMeterThread: Thread is done: Jmeter 1-30
2022-08-14 10:55:52,879 INFO o.a.j.t.JMeterThread: Thread finished: Jmeter 1-30
2022-08-14 10:55:52,894 INFO o.a.j.t.ThreadGroup: Started thread group number 1
2022-08-14 10:55:52,895 INFO o.a.j.e.StandardJMeterEngine: All thread groups have been started
2022-08-14 10:55:52,895 INFO o.a.j.t.JMeterThread: Thread started: Jmeter 1-31
2022-08-14 10:55:52,903 INFO o.a.j.t.JMeterThread: Thread is done: Jmeter 1-31
2022-08-14 10:55:52,903 INFO o.a.j.t.JMeterThread: Thread finished: Jmeter 1-31
2022-08-14 10:55:52,916 INFO o.a.j.t.JMeterThread: Thread started: Jmeter 1-32
2022-08-14 10:55:52,925 INFO o.a.j.t.JMeterThread: Thread is done: Jmeter 1-32
2022-08-14 10:55:52,926 INFO o.a.j.t.JMeterThread: Thread finished: Jmeter 1-32
2022-08-14 10:55:52,933 INFO o.a.j.t.JMeterThread: Thread started: Jmeter 1-33
2022-08-14 10:55:52,942 INFO o.a.j.t.JMeterThread: Thread is done: Jmeter 1-33
2022-08-14 10:55:52,942 INFO o.a.j.t.JMeterThread: Thread finished: Jmeter 1-33
2022-08-14 10:55:52,969 INFO o.a.j.t.JMeterThread: Thread started: Jmeter 1-34
2022-08-14 10:55:52,977 INFO o.a.j.t.JMeterThread: Thread is done: Jmeter 1-34
2022-08-14 10:55:52,977 INFO o.a.j.t.JMeterThread: Thread finished: Jmeter 1-34
2022-08-14 10:55:52,984 INFO o.a.j.t.JMeterThread: Thread started: Jmeter 1-35
2022-08-14 10:55:52,992 INFO o.a.j.t.JMeterThread: Thread is done: Jmeter 1-35
2022-08-14 10:55:52,992 INFO o.a.j.t.JMeterThread: Thread finished: Jmeter 1-35
2022-08-14 10:55:53,005 INFO o.a.j.t.JMeterThread: Thread started: Jmeter 1-36
2022-08-14 10:55:53,013 INFO o.a.j.t.JMeterThread: Thread is done: Jmeter 1-36
2022-08-14 10:55:53,013 INFO o.a.j.t.JMeterThread: Thread finished: Jmeter 1-36
2022-08-14 10:55:53,022 INFO o.a.j.t.JMeterThread: Thread started: Jmeter 1-37
2022-08-14 10:55:53,030 INFO o.a.j.t.JMeterThread: Thread is done: Jmeter 1-37
2022-08-14 10:55:53,030 INFO o.a.j.t.JMeterThread: Thread finished: Jmeter 1-37
2022-08-14 10:55:53,040 INFO o.a.j.t.JMeterThread: Thread started: Jmeter 1-38
2022-08-14 10:55:53,047 INFO o.a.j.t.JMeterThread: Thread is done: Jmeter 1-38
2022-08-14 10:55:53,048 INFO o.a.j.t.JMeterThread: Thread finished: Jmeter 1-38
2022-08-14 10:55:53,050 INFO o.a.j.t.JMeterThread: Thread started: Jmeter 1-39
2022-08-14 10:55:53,057 INFO o.a.j.t.JMeterThread: Thread is done: Jmeter 1-39
2022-08-14 10:55:53,058 INFO o.a.j.t.JMeterThread: Thread finished: Jmeter 1-39
2022-08-14 10:55:53,061 INFO o.a.j.t.JMeterThread: Thread started: Jmeter 1-40
2022-08-14 10:55:53,069 INFO o.a.j.t.JMeterThread: Thread is done: Jmeter 1-40
2022-08-14 10:55:53,069 INFO o.a.j.t.JMeterThread: Thread finished: Jmeter 1-40
2022-08-14 10:55:53,071 INFO o.a.j.t.JMeterThread: Thread started: Jmeter 1-41
2022-08-14 10:55:53,078 INFO o.a.j.t.JMeterThread: Thread is done: Jmeter 1-41
2022-08-14 10:55:53,078 INFO o.a.j.t.JMeterThread: Thread finished: Jmeter 1-41
2022-08-14 10:55:53,082 INFO o.a.j.t.JMeterThread: Thread started: Jmeter 1-42
2022-08-14 10:55:53,089 INFO o.a.j.t.JMeterThread: Thread is done: Jmeter 1-42
2022-08-14 10:55:53,089 INFO o.a.j.t.JMeterThread: Thread finished: Jmeter 1-42
2022-08-14 10:55:53,094 INFO o.a.j.t.JMeterThread: Thread started: Jmeter 1-43
2022-08-14 10:55:53,106 INFO o.a.j.t.JMeterThread: Thread is done: Jmeter 1-43
2022-08-14 10:55:53,106 INFO o.a.j.t.JMeterThread: Thread finished: Jmeter 1-43
2022-08-14 10:55:53,114 INFO o.a.j.t.JMeterThread: Thread started: Jmeter 1-44
2022-08-14 10:55:53,120 INFO o.a.j.t.JMeterThread: Thread started: Jmeter 1-45
2022-08-14 10:55:53,121 INFO o.a.j.t.JMeterThread: Thread is done: Jmeter 1-44
2022-08-14 10:55:53,121 INFO o.a.j.t.JMeterThread: Thread finished: Jmeter 1-44
2022-08-14 10:55:53,128 INFO o.a.j.t.JMeterThread: Thread is done: Jmeter 1-45
2022-08-14 10:55:53,128 INFO o.a.j.t.JMeterThread: Thread finished: Jmeter 1-45
2022-08-14 10:55:53,141 INFO o.a.j.t.JMeterThread: Thread started: Jmeter 1-46
2022-08-14 10:55:53,149 INFO o.a.j.t.JMeterThread: Thread is done: Jmeter 1-46
2022-08-14 10:55:53,149 INFO o.a.j.t.JMeterThread: Thread finished: Jmeter 1-46
2022-08-14 10:55:53,156 INFO o.a.j.t.JMeterThread: Thread started: Jmeter 1-47
2022-08-14 10:55:53,163 INFO o.a.j.t.JMeterThread: Thread is done: Jmeter 1-47
2022-08-14 10:55:53,163 INFO o.a.j.t.JMeterThread: Thread finished: Jmeter 1-47
2022-08-14 10:55:53,177 INFO o.a.j.t.JMeterThread: Thread started: Jmeter 1-48
2022-08-14 10:55:53,183 INFO o.a.j.t.JMeterThread: Thread is done: Jmeter 1-48
2022-08-14 10:55:53,183 INFO o.a.j.t.JMeterThread: Thread finished: Jmeter 1-48
2022-08-14 10:55:53,204 INFO o.a.j.t.JMeterThread: Thread started: Jmeter 1-49
2022-08-14 10:55:53,209 INFO o.a.j.t.JMeterThread: Thread is done: Jmeter 1-49
2022-08-14 10:55:53,209 INFO o.a.j.t.JMeterThread: Thread finished: Jmeter 1-49
2022-08-14 10:55:53,222 INFO o.a.j.t.JMeterThread: Thread started: Jmeter 1-50
2022-08-14 10:55:53,228 INFO o.a.j.t.JMeterThread: Thread is done: Jmeter 1-50
2022-08-14 10:55:53,228 INFO o.a.j.t.JMeterThread: Thread finished: Jmeter 1-50
2022-08-14 10:55:53,261 INFO o.a.j.t.JMeterThread: Thread started: Jmeter 1-53
2022-08-14 10:55:53,266 INFO o.a.j.t.JMeterThread: Thread is done: Jmeter 1-53
2022-08-14 10:55:53,266 INFO o.a.j.t.JMeterThread: Thread finished: Jmeter 1-53
2022-08-14 10:55:53,272 INFO o.a.j.t.JMeterThread: Thread started: Jmeter 1-54
2022-08-14 10:55:53,279 INFO o.a.j.t.JMeterThread: Thread is done: Jmeter 1-54
2022-08-14 10:55:53,279 INFO o.a.j.t.JMeterThread: Thread finished: Jmeter 1-54
2022-08-14 10:55:53,283 INFO o.a.j.t.JMeterThread: Thread started: Jmeter 1-55
2022-08-14 10:55:53,288 INFO o.a.j.t.JMeterThread: Thread is done: Jmeter 1-55
2022-08-14 10:55:53,288 INFO o.a.j.t.JMeterThread: Thread finished: Jmeter 1-55
2022-08-14 10:55:53,298 INFO o.a.j.t.JMeterThread: Thread started: Jmeter 1-56
2022-08-14 10:55:53,303 INFO o.a.j.t.JMeterThread: Thread is done: Jmeter 1-56
2022-08-14 10:55:53,303 INFO o.a.j.t.JMeterThread: Thread finished: Jmeter 1-56
2022-08-14 10:55:53,304 INFO o.a.j.t.JMeterThread: Thread started: Jmeter 1-51
2022-08-14 10:55:53,310 INFO o.a.j.t.JMeterThread: Thread started: Jmeter 1-57
2022-08-14 10:55:53,314 INFO o.a.j.t.JMeterThread: Thread started: Jmeter 1-52
2022-08-14 10:55:53,315 INFO o.a.j.t.JMeterThread: Thread is done: Jmeter 1-51
2022-08-14 10:55:53,315 INFO o.a.j.t.JMeterThread: Thread finished: Jmeter 1-51
2022-08-14 10:55:53,321 INFO o.a.j.t.JMeterThread: Thread is done: Jmeter 1-52
2022-08-14 10:55:53,321 INFO o.a.j.t.JMeterThread: Thread finished: Jmeter 1-52
2022-08-14 10:55:53,324 INFO o.a.j.t.JMeterThread: Thread is done: Jmeter 1-57
2022-08-14 10:55:53,324 INFO o.a.j.t.JMeterThread: Thread finished: Jmeter 1-57
2022-08-14 10:55:53,332 INFO o.a.j.t.JMeterThread: Thread started: Jmeter 1-58
2022-08-14 10:55:53,338 INFO o.a.j.t.JMeterThread: Thread is done: Jmeter 1-58
2022-08-14 10:55:53,338 INFO o.a.j.t.JMeterThread: Thread finished: Jmeter 1-58
2022-08-14 10:55:53,353 INFO o.a.j.t.JMeterThread: Thread started: Jmeter 1-59
2022-08-14 10:55:53,358 INFO o.a.j.t.JMeterThread: Thread is done: Jmeter 1-59
2022-08-14 10:55:53,358 INFO o.a.j.t.JMeterThread: Thread finished: Jmeter 1-59
2022-08-14 10:55:53,373 INFO o.a.j.t.JMeterThread: Thread started: Jmeter 1-60
2022-08-14 10:55:53,381 INFO o.a.j.t.JMeterThread: Thread is done: Jmeter 1-60
2022-08-14 10:55:53,381 INFO o.a.j.t.JMeterThread: Thread finished: Jmeter 1-60
2022-08-14 10:55:53,382 INFO o.a.j.t.JMeterThread: Thread started: Jmeter 1-61
2022-08-14 10:55:53,388 INFO o.a.j.t.JMeterThread: Thread is done: Jmeter 1-61
2022-08-14 10:55:53,388 INFO o.a.j.t.JMeterThread: Thread finished: Jmeter 1-61
2022-08-14 10:55:53,393 INFO o.a.j.t.JMeterThread: Thread started: Jmeter 1-62
2022-08-14 10:55:53,400 INFO o.a.j.t.JMeterThread: Thread is done: Jmeter 1-62
2022-08-14 10:55:53,400 INFO o.a.j.t.JMeterThread: Thread finished: Jmeter 1-62
2022-08-14 10:55:53,404 INFO o.a.j.t.JMeterThread: Thread started: Jmeter 1-63
2022-08-14 10:55:53,411 INFO o.a.j.t.JMeterThread: Thread is done: Jmeter 1-63
2022-08-14 10:55:53,411 INFO o.a.j.t.JMeterThread: Thread finished: Jmeter 1-63
2022-08-14 10:55:53,415 INFO o.a.j.t.JMeterThread: Thread started: Jmeter 1-64
2022-08-14 10:55:53,426 INFO o.a.j.t.JMeterThread: Thread started: Jmeter 1-65
2022-08-14 10:55:53,431 INFO o.a.j.t.JMeterThread: Thread is done: Jmeter 1-64
2022-08-14 10:55:53,431 INFO o.a.j.t.JMeterThread: Thread finished: Jmeter 1-64
2022-08-14 10:55:53,434 INFO o.a.j.t.JMeterThread: Thread is done: Jmeter 1-65
2022-08-14 10:55:53,434 INFO o.a.j.t.JMeterThread: Thread finished: Jmeter 1-65
2022-08-14 10:55:53,438 INFO o.a.j.t.JMeterThread: Thread started: Jmeter 1-66
2022-08-14 10:55:53,444 INFO o.a.j.t.JMeterThread: Thread is done: Jmeter 1-66
2022-08-14 10:55:53,444 INFO o.a.j.t.JMeterThread: Thread finished: Jmeter 1-66
2022-08-14 10:55:53,448 INFO o.a.j.t.JMeterThread: Thread started: Jmeter 1-67
2022-08-14 10:55:53,454 INFO o.a.j.t.JMeterThread: Thread is done: Jmeter 1-67
2022-08-14 10:55:53,455 INFO o.a.j.t.JMeterThread: Thread finished: Jmeter 1-67
2022-08-14 10:55:53,459 INFO o.a.j.t.JMeterThread: Thread started: Jmeter 1-68
2022-08-14 10:55:53,467 INFO o.a.j.t.JMeterThread: Thread is done: Jmeter 1-68
2022-08-14 10:55:53,467 INFO o.a.j.t.JMeterThread: Thread finished: Jmeter 1-68
2022-08-14 10:55:53,469 INFO o.a.j.t.JMeterThread: Thread started: Jmeter 1-69
2022-08-14 10:55:53,477 INFO o.a.j.t.JMeterThread: Thread is done: Jmeter 1-69
2022-08-14 10:55:53,478 INFO o.a.j.t.JMeterThread: Thread finished: Jmeter 1-69
2022-08-14 10:55:53,494 INFO o.a.j.t.JMeterThread: Thread started: Jmeter 1-70
2022-08-14 10:55:53,500 INFO o.a.j.t.JMeterThread: Thread is done: Jmeter 1-70
2022-08-14 10:55:53,500 INFO o.a.j.t.JMeterThread: Thread finished: Jmeter 1-70
2022-08-14 10:55:53,506 INFO o.a.j.t.JMeterThread: Thread started: Jmeter 1-71
2022-08-14 10:55:53,511 INFO o.a.j.t.JMeterThread: Thread is done: Jmeter 1-71
2022-08-14 10:55:53,511 INFO o.a.j.t.JMeterThread: Thread finished: Jmeter 1-71
2022-08-14 10:55:53,522 INFO o.a.j.t.JMeterThread: Thread started: Jmeter 1-72
2022-08-14 10:55:53,528 INFO o.a.j.t.JMeterThread: Thread is done: Jmeter 1-72
2022-08-14 10:55:53,528 INFO o.a.j.t.JMeterThread: Thread finished: Jmeter 1-72
2022-08-14 10:55:53,540 INFO o.a.j.t.JMeterThread: Thread started: Jmeter 1-73
2022-08-14 10:55:53,545 INFO o.a.j.t.JMeterThread: Thread is done: Jmeter 1-73
2022-08-14 10:55:53,545 INFO o.a.j.t.JMeterThread: Thread finished: Jmeter 1-73
2022-08-14 10:55:53,557 INFO o.a.j.t.JMeterThread: Thread started: Jmeter 1-74
2022-08-14 10:55:53,562 INFO o.a.j.t.JMeterThread: Thread is done: Jmeter 1-74
2022-08-14 10:55:53,562 INFO o.a.j.t.JMeterThread: Thread finished: Jmeter 1-74
2022-08-14 10:55:53,589 INFO o.a.j.t.JMeterThread: Thread started: Jmeter 1-75
2022-08-14 10:55:53,593 INFO o.a.j.t.JMeterThread: Thread is done: Jmeter 1-75
2022-08-14 10:55:53,594 INFO o.a.j.t.JMeterThread: Thread finished: Jmeter 1-75
2022-08-14 10:55:53,616 INFO o.a.j.t.JMeterThread: Thread started: Jmeter 1-76
2022-08-14 10:55:53,619 INFO o.a.j.t.JMeterThread: Thread started: Jmeter 1-77
2022-08-14 10:55:53,620 INFO o.a.j.t.JMeterThread: Thread is done: Jmeter 1-76
2022-08-14 10:55:53,621 INFO o.a.j.t.JMeterThread: Thread finished: Jmeter 1-76
2022-08-14 10:55:53,625 INFO o.a.j.t.JMeterThread: Thread is done: Jmeter 1-77
2022-08-14 10:55:53,625 INFO o.a.j.t.JMeterThread: Thread finished: Jmeter 1-77
2022-08-14 10:55:53,636 INFO o.a.j.t.JMeterThread: Thread started: Jmeter 1-78
2022-08-14 10:55:53,641 INFO o.a.j.t.JMeterThread: Thread is done: Jmeter 1-78
2022-08-14 10:55:53,641 INFO o.a.j.t.JMeterThread: Thread finished: Jmeter 1-78
2022-08-14 10:55:53,647 INFO o.a.j.t.JMeterThread: Thread started: Jmeter 1-79
2022-08-14 10:55:53,652 INFO o.a.j.t.JMeterThread: Thread is done: Jmeter 1-79
2022-08-14 10:55:53,652 INFO o.a.j.t.JMeterThread: Thread finished: Jmeter 1-79
2022-08-14 10:55:53,658 INFO o.a.j.t.JMeterThread: Thread started: Jmeter 1-80
2022-08-14 10:55:53,662 INFO o.a.j.t.JMeterThread: Thread is done: Jmeter 1-80
2022-08-14 10:55:53,662 INFO o.a.j.t.JMeterThread: Thread finished: Jmeter 1-80
2022-08-14 10:55:53,676 INFO o.a.j.t.JMeterThread: Thread started: Jmeter 1-81
2022-08-14 10:55:53,687 INFO o.a.j.t.JMeterThread: Thread is done: Jmeter 1-81
2022-08-14 10:55:53,687 INFO o.a.j.t.JMeterThread: Thread finished: Jmeter 1-81
2022-08-14 10:55:53,690 INFO o.a.j.t.JMeterThread: Thread started: Jmeter 1-82
2022-08-14 10:55:53,696 INFO o.a.j.t.JMeterThread: Thread is done: Jmeter 1-82
2022-08-14 10:55:53,697 INFO o.a.j.t.JMeterThread: Thread finished: Jmeter 1-82
2022-08-14 10:55:53,701 INFO o.a.j.t.JMeterThread: Thread started: Jmeter 1-83
2022-08-14 10:55:53,705 INFO o.a.j.t.JMeterThread: Thread is done: Jmeter 1-83
2022-08-14 10:55:53,705 INFO o.a.j.t.JMeterThread: Thread finished: Jmeter 1-83
2022-08-14 10:55:53,712 INFO o.a.j.t.JMeterThread: Thread started: Jmeter 1-84
2022-08-14 10:55:53,716 INFO o.a.j.t.JMeterThread: Thread is done: Jmeter 1-84
2022-08-14 10:55:53,716 INFO o.a.j.t.JMeterThread: Thread finished: Jmeter 1-84
2022-08-14 10:55:53,722 INFO o.a.j.t.JMeterThread: Thread started: Jmeter 1-85
2022-08-14 10:55:53,726 INFO o.a.j.t.JMeterThread: Thread is done: Jmeter 1-85
2022-08-14 10:55:53,726 INFO o.a.j.t.JMeterThread: Thread finished: Jmeter 1-85
2022-08-14 10:55:53,733 INFO o.a.j.t.JMeterThread: Thread started: Jmeter 1-86
2022-08-14 10:55:53,738 INFO o.a.j.t.JMeterThread: Thread is done: Jmeter 1-86
2022-08-14 10:55:53,738 INFO o.a.j.t.JMeterThread: Thread finished: Jmeter 1-86
2022-08-14 10:55:53,744 INFO o.a.j.t.JMeterThread: Thread started: Jmeter 1-87
2022-08-14 10:55:53,749 INFO o.a.j.t.JMeterThread: Thread is done: Jmeter 1-87
2022-08-14 10:55:53,749 INFO o.a.j.t.JMeterThread: Thread finished: Jmeter 1-87
2022-08-14 10:55:53,755 INFO o.a.j.t.JMeterThread: Thread started: Jmeter 1-88
2022-08-14 10:55:53,759 INFO o.a.j.t.JMeterThread: Thread is done: Jmeter 1-88
2022-08-14 10:55:53,760 INFO o.a.j.t.JMeterThread: Thread finished: Jmeter 1-88
2022-08-14 10:55:53,765 INFO o.a.j.t.JMeterThread: Thread started: Jmeter 1-89
2022-08-14 10:55:53,769 INFO o.a.j.t.JMeterThread: Thread is done: Jmeter 1-89
2022-08-14 10:55:53,769 INFO o.a.j.t.JMeterThread: Thread finished: Jmeter 1-89
2022-08-14 10:55:53,776 INFO o.a.j.t.JMeterThread: Thread started: Jmeter 1-90
2022-08-14 10:55:53,780 INFO o.a.j.t.JMeterThread: Thread is done: Jmeter 1-90
2022-08-14 10:55:53,780 INFO o.a.j.t.JMeterThread: Thread finished: Jmeter 1-90
2022-08-14 10:55:53,787 INFO o.a.j.t.JMeterThread: Thread started: Jmeter 1-91
2022-08-14 10:55:53,791 INFO o.a.j.t.JMeterThread: Thread is done: Jmeter 1-91
2022-08-14 10:55:53,791 INFO o.a.j.t.JMeterThread: Thread finished: Jmeter 1-91
2022-08-14 10:55:53,798 INFO o.a.j.t.JMeterThread: Thread started: Jmeter 1-92
2022-08-14 10:55:53,802 INFO o.a.j.t.JMeterThread: Thread is done: Jmeter 1-92
2022-08-14 10:55:53,802 INFO o.a.j.t.JMeterThread: Thread finished: Jmeter 1-92
2022-08-14 10:55:53,810 INFO o.a.j.t.JMeterThread: Thread started: Jmeter 1-93
2022-08-14 10:55:53,814 INFO o.a.j.t.JMeterThread: Thread is done: Jmeter 1-93
2022-08-14 10:55:53,814 INFO o.a.j.t.JMeterThread: Thread finished: Jmeter 1-93
2022-08-14 10:55:53,821 INFO o.a.j.t.JMeterThread: Thread started: Jmeter 1-94
2022-08-14 10:55:53,825 INFO o.a.j.t.JMeterThread: Thread is done: Jmeter 1-94
2022-08-14 10:55:53,825 INFO o.a.j.t.JMeterThread: Thread finished: Jmeter 1-94
2022-08-14 10:55:53,832 INFO o.a.j.t.JMeterThread: Thread started: Jmeter 1-95
2022-08-14 10:55:53,836 INFO o.a.j.t.JMeterThread: Thread is done: Jmeter 1-95
2022-08-14 10:55:53,836 INFO o.a.j.t.JMeterThread: Thread finished: Jmeter 1-95
2022-08-14 10:55:53,842 INFO o.a.j.t.JMeterThread: Thread started: Jmeter 1-96
2022-08-14 10:55:53,848 INFO o.a.j.t.JMeterThread: Thread is done: Jmeter 1-96
2022-08-14 10:55:53,848 INFO o.a.j.t.JMeterThread: Thread finished: Jmeter 1-96
2022-08-14 10:55:53,853 INFO o.a.j.t.JMeterThread: Thread started: Jmeter 1-97
2022-08-14 10:55:53,858 INFO o.a.j.t.JMeterThread: Thread is done: Jmeter 1-97
2022-08-14 10:55:53,858 INFO o.a.j.t.JMeterThread: Thread finished: Jmeter 1-97
2022-08-14 10:55:53,864 INFO o.a.j.t.JMeterThread: Thread started: Jmeter 1-98
2022-08-14 10:55:53,868 INFO o.a.j.t.JMeterThread: Thread is done: Jmeter 1-98
2022-08-14 10:55:53,868 INFO o.a.j.t.JMeterThread: Thread finished: Jmeter 1-98
2022-08-14 10:55:53,875 INFO o.a.j.t.JMeterThread: Thread started: Jmeter 1-99
2022-08-14 10:55:53,880 INFO o.a.j.t.JMeterThread: Thread is done: Jmeter 1-99
2022-08-14 10:55:53,880 INFO o.a.j.t.JMeterThread: Thread finished: Jmeter 1-99
2022-08-14 10:55:53,894 INFO o.a.j.t.JMeterThread: Thread started: Jmeter 1-100
2022-08-14 10:55:53,899 INFO o.a.j.t.JMeterThread: Thread is done: Jmeter 1-100
2022-08-14 10:55:53,900 INFO o.a.j.t.JMeterThread: Thread finished: Jmeter 1-100
2022-08-14 10:55:53,900 INFO o.a.j.e.StandardJMeterEngine: Notifying test listeners of end of test
2022-08-14 10:55:53,902 INFO o.a.j.r.Summariser: summary =    400 in 00:00:02 =  261.6/s Avg:     5 Min:     0 Max:   114 Err:   400 (100.00%)
