2022-08-13 12:06:36,505 INFO o.a.j.u.JMeterUtils: Setting Locale to en_US
2022-08-13 12:06:36,534 INFO o.a.j.JMeter: Loading user properties from: /usr/local/apache-jmeter-3.3/bin/user.properties
2022-08-13 12:06:36,535 INFO o.a.j.JMeter: Loading system properties from: /usr/local/apache-jmeter-3.3/bin/system.properties
2022-08-13 12:06:36,537 INFO o.a.j.JMeter: Setting JMeter property: jmeter.save.saveservice.default_delimiter=\t
2022-08-13 12:06:36,537 INFO o.a.j.JMeter: Setting JMeter property: jmeter.save.saveservice.connect_time=true
2022-08-13 12:06:36,546 INFO o.a.j.JMeter: Copyright (c) 1998-2017 The Apache Software Foundation
2022-08-13 12:06:36,547 INFO o.a.j.JMeter: Version 3.3 r1808647
2022-08-13 12:06:36,547 INFO o.a.j.JMeter: java.version=1.8.0_191
2022-08-13 12:06:36,547 INFO o.a.j.JMeter: java.vm.name=OpenJDK 64-Bit Server VM
2022-08-13 12:06:36,547 INFO o.a.j.JMeter: os.name=Linux
2022-08-13 12:06:36,547 INFO o.a.j.JMeter: os.arch=amd64
2022-08-13 12:06:36,547 INFO o.a.j.JMeter: os.version=5.15.0-46-generic
2022-08-13 12:06:36,547 INFO o.a.j.JMeter: file.encoding=ANSI_X3.4-1968
2022-08-13 12:06:36,547 INFO o.a.j.JMeter: Max memory     =536870912
2022-08-13 12:06:36,547 INFO o.a.j.JMeter: Available Processors =4
2022-08-13 12:06:36,554 INFO o.a.j.JMeter: Default Locale=English (United States)
2022-08-13 12:06:36,554 INFO o.a.j.JMeter: JMeter  Locale=English (United States)
2022-08-13 12:06:36,554 INFO o.a.j.JMeter: JMeterHome=/usr/local/apache-jmeter-3.3
2022-08-13 12:06:36,555 INFO o.a.j.JMeter: user.dir  =/var/loadtest
2022-08-13 12:06:36,555 INFO o.a.j.JMeter: PWD       =/var/loadtest
2022-08-13 12:06:36,555 INFO o.a.j.JMeter: IP: 127.0.1.1 Name: ubuntu FullName: ubuntu
2022-08-13 12:06:36,559 INFO o.a.j.s.FileServer: Default base='/var/loadtest'
2022-08-13 12:06:36,559 INFO o.a.j.s.FileServer: Set new base='/var/loadtest'
2022-08-13 12:06:36,823 INFO o.a.j.s.SaveService: Testplan (JMX) version: 2.2. Testlog (JTL) version: 2.2
2022-08-13 12:06:36,855 INFO o.a.j.s.SaveService: Using SaveService properties file encoding UTF-8
2022-08-13 12:06:36,862 INFO o.a.j.s.SaveService: Using SaveService properties version 3.2
2022-08-13 12:06:36,871 INFO o.a.j.s.SaveService: Loading file: /var/loadtest/modified_hK2cyc.jmx
2022-08-13 12:06:36,936 INFO o.a.j.p.h.s.HTTPSamplerBase: Parser for text/html is org.apache.jmeter.protocol.http.parser.LagartoBasedHtmlParser
2022-08-13 12:06:36,936 INFO o.a.j.p.h.s.HTTPSamplerBase: Parser for application/xhtml+xml is org.apache.jmeter.protocol.http.parser.LagartoBasedHtmlParser
2022-08-13 12:06:36,936 INFO o.a.j.p.h.s.HTTPSamplerBase: Parser for application/xml is org.apache.jmeter.protocol.http.parser.LagartoBasedHtmlParser
2022-08-13 12:06:36,937 INFO o.a.j.p.h.s.HTTPSamplerBase: Parser for text/xml is org.apache.jmeter.protocol.http.parser.LagartoBasedHtmlParser
2022-08-13 12:06:36,937 INFO o.a.j.p.h.s.HTTPSamplerBase: Parser for text/vnd.wap.wml is org.apache.jmeter.protocol.http.parser.RegexpHTMLParser
2022-08-13 12:06:36,937 INFO o.a.j.p.h.s.HTTPSamplerBase: Parser for text/css is org.apache.jmeter.protocol.http.parser.CssParser
2022-08-13 12:06:36,985 INFO o.a.j.JMeter: Creating summariser <summary>
2022-08-13 12:06:36,995 INFO o.a.j.e.StandardJMeterEngine: Running the test!
2022-08-13 12:06:36,996 INFO o.a.j.s.SampleEvent: List of sample_variables: []
2022-08-13 12:06:36,996 INFO o.a.j.s.SampleEvent: List of sample_variables: []
2022-08-13 12:06:37,002 INFO o.a.j.e.u.CompoundVariable: Note: Function class names must contain the string: '.functions.'
2022-08-13 12:06:37,002 INFO o.a.j.e.u.CompoundVariable: Note: Function class names must not contain the string: '.gui.'
2022-08-13 12:06:37,714 INFO o.a.j.JMeter: Running test (1660392397714)
2022-08-13 12:06:37,784 INFO o.a.j.e.StandardJMeterEngine: Starting ThreadGroup: 1 : Thread Group
2022-08-13 12:06:37,784 INFO o.a.j.e.StandardJMeterEngine: Starting 20 threads for group Thread Group.
2022-08-13 12:06:37,784 INFO o.a.j.e.StandardJMeterEngine: Thread will continue on error
2022-08-13 12:06:37,785 INFO o.a.j.t.ThreadGroup: Starting thread group... number=1 threads=20 ramp-up=1 perThread=50.0 delayedStart=false
2022-08-13 12:06:37,799 INFO o.a.j.t.JMeterThread: Thread started: Thread Group 1-1
2022-08-13 12:06:37,831 INFO o.a.j.t.ThreadGroup: Started thread group number 1
2022-08-13 12:06:37,831 INFO o.a.j.e.StandardJMeterEngine: All thread groups have been started
2022-08-13 12:06:37,850 INFO o.a.j.t.JMeterThread: Thread started: Thread Group 1-2
2022-08-13 12:06:37,856 INFO o.a.j.p.h.s.HTTPHCAbstractImpl: Local host = ubuntu
2022-08-13 12:06:37,865 INFO o.a.j.p.h.s.HTTPHC4Impl: HTTP request retry count = 0
2022-08-13 12:06:37,879 INFO o.a.j.s.SampleResult: Note: Sample TimeStamps are START times
2022-08-13 12:06:37,879 INFO o.a.j.s.SampleResult: sampleresult.default.encoding is set to ISO-8859-1
2022-08-13 12:06:37,879 INFO o.a.j.s.SampleResult: sampleresult.useNanoTime=true
2022-08-13 12:06:37,880 INFO o.a.j.s.SampleResult: sampleresult.nanoThreadSleep=5000
2022-08-13 12:06:37,903 INFO o.a.j.t.JMeterThread: Thread started: Thread Group 1-3
2022-08-13 12:06:37,954 INFO o.a.j.t.JMeterThread: Thread started: Thread Group 1-4
2022-08-13 12:06:38,007 INFO o.a.j.t.JMeterThread: Thread started: Thread Group 1-5
2022-08-13 12:06:38,059 INFO o.a.j.t.JMeterThread: Thread started: Thread Group 1-6
2022-08-13 12:06:38,111 INFO o.a.j.t.JMeterThread: Thread started: Thread Group 1-7
2022-08-13 12:06:38,130 INFO o.a.j.t.JMeterThread: Thread is done: Thread Group 1-2
2022-08-13 12:06:38,131 INFO o.a.j.t.JMeterThread: Thread finished: Thread Group 1-2
2022-08-13 12:06:38,160 INFO o.a.j.t.JMeterThread: Thread started: Thread Group 1-8
2022-08-13 12:06:38,191 INFO o.a.j.t.JMeterThread: Thread is done: Thread Group 1-3
2022-08-13 12:06:38,192 INFO o.a.j.t.JMeterThread: Thread finished: Thread Group 1-3
2022-08-13 12:06:38,210 INFO o.a.j.t.JMeterThread: Thread is done: Thread Group 1-1
2022-08-13 12:06:38,210 INFO o.a.j.t.JMeterThread: Thread finished: Thread Group 1-1
2022-08-13 12:06:38,212 INFO o.a.j.t.JMeterThread: Thread is done: Thread Group 1-5
2022-08-13 12:06:38,212 INFO o.a.j.t.JMeterThread: Thread finished: Thread Group 1-5
2022-08-13 12:06:38,213 INFO o.a.j.t.JMeterThread: Thread started: Thread Group 1-9
2022-08-13 12:06:38,236 INFO o.a.j.t.JMeterThread: Thread is done: Thread Group 1-4
2022-08-13 12:06:38,236 INFO o.a.j.t.JMeterThread: Thread finished: Thread Group 1-4
2022-08-13 12:06:38,252 INFO o.a.j.t.JMeterThread: Thread is done: Thread Group 1-7
2022-08-13 12:06:38,252 INFO o.a.j.t.JMeterThread: Thread finished: Thread Group 1-7
2022-08-13 12:06:38,263 INFO o.a.j.t.JMeterThread: Thread is done: Thread Group 1-6
2022-08-13 12:06:38,263 INFO o.a.j.t.JMeterThread: Thread finished: Thread Group 1-6
2022-08-13 12:06:38,266 INFO o.a.j.t.JMeterThread: Thread started: Thread Group 1-10
2022-08-13 12:06:38,288 INFO o.a.j.t.JMeterThread: Thread is done: Thread Group 1-9
2022-08-13 12:06:38,288 INFO o.a.j.t.JMeterThread: Thread finished: Thread Group 1-9
2022-08-13 12:06:38,302 INFO o.a.j.t.JMeterThread: Thread is done: Thread Group 1-8
2022-08-13 12:06:38,302 INFO o.a.j.t.JMeterThread: Thread finished: Thread Group 1-8
2022-08-13 12:06:38,309 INFO o.a.j.t.JMeterThread: Thread is done: Thread Group 1-10
2022-08-13 12:06:38,309 INFO o.a.j.t.JMeterThread: Thread finished: Thread Group 1-10
2022-08-13 12:06:38,320 INFO o.a.j.t.JMeterThread: Thread started: Thread Group 1-11
2022-08-13 12:06:38,352 INFO o.a.j.t.JMeterThread: Thread is done: Thread Group 1-11
2022-08-13 12:06:38,353 INFO o.a.j.t.JMeterThread: Thread finished: Thread Group 1-11
2022-08-13 12:06:38,371 INFO o.a.j.t.JMeterThread: Thread started: Thread Group 1-12
2022-08-13 12:06:38,401 INFO o.a.j.t.JMeterThread: Thread is done: Thread Group 1-12
2022-08-13 12:06:38,401 INFO o.a.j.t.JMeterThread: Thread finished: Thread Group 1-12
2022-08-13 12:06:38,423 INFO o.a.j.t.JMeterThread: Thread started: Thread Group 1-13
2022-08-13 12:06:38,464 INFO o.a.j.t.JMeterThread: Thread is done: Thread Group 1-13
2022-08-13 12:06:38,464 INFO o.a.j.t.JMeterThread: Thread finished: Thread Group 1-13
2022-08-13 12:06:38,474 INFO o.a.j.t.JMeterThread: Thread started: Thread Group 1-14
2022-08-13 12:06:38,515 INFO o.a.j.t.JMeterThread: Thread is done: Thread Group 1-14
2022-08-13 12:06:38,515 INFO o.a.j.t.JMeterThread: Thread finished: Thread Group 1-14
2022-08-13 12:06:38,525 INFO o.a.j.t.JMeterThread: Thread started: Thread Group 1-15
2022-08-13 12:06:38,557 INFO o.a.j.t.JMeterThread: Thread is done: Thread Group 1-15
2022-08-13 12:06:38,557 INFO o.a.j.t.JMeterThread: Thread finished: Thread Group 1-15
2022-08-13 12:06:38,576 INFO o.a.j.t.JMeterThread: Thread started: Thread Group 1-16
2022-08-13 12:06:38,621 INFO o.a.j.t.JMeterThread: Thread is done: Thread Group 1-16
2022-08-13 12:06:38,621 INFO o.a.j.t.JMeterThread: Thread finished: Thread Group 1-16
2022-08-13 12:06:38,627 INFO o.a.j.t.JMeterThread: Thread started: Thread Group 1-17
2022-08-13 12:06:38,671 INFO o.a.j.t.JMeterThread: Thread is done: Thread Group 1-17
2022-08-13 12:06:38,671 INFO o.a.j.t.JMeterThread: Thread finished: Thread Group 1-17
2022-08-13 12:06:38,677 INFO o.a.j.t.JMeterThread: Thread started: Thread Group 1-18
2022-08-13 12:06:38,703 INFO o.a.j.t.JMeterThread: Thread is done: Thread Group 1-18
2022-08-13 12:06:38,703 INFO o.a.j.t.JMeterThread: Thread finished: Thread Group 1-18
2022-08-13 12:06:38,728 INFO o.a.j.t.JMeterThread: Thread started: Thread Group 1-19
2022-08-13 12:06:38,749 INFO o.a.j.t.JMeterThread: Thread is done: Thread Group 1-19
2022-08-13 12:06:38,750 INFO o.a.j.t.JMeterThread: Thread finished: Thread Group 1-19
2022-08-13 12:06:38,782 INFO o.a.j.t.JMeterThread: Thread started: Thread Group 1-20
2022-08-13 12:06:38,805 INFO o.a.j.t.JMeterThread: Thread is done: Thread Group 1-20
2022-08-13 12:06:38,805 INFO o.a.j.t.JMeterThread: Thread finished: Thread Group 1-20
2022-08-13 12:06:38,806 INFO o.a.j.e.StandardJMeterEngine: Notifying test listeners of end of test
2022-08-13 12:06:38,807 INFO o.a.j.r.Summariser: summary =     20 in 00:00:01 =   18.3/s Avg:   106 Min:    19 Max:   296 Err:    20 (100.00%)
