2022-08-13 12:06:32,622 [INFO] root consoleworker.py:434	Log file created
2022-08-13 12:06:32,622 [INFO] root consoleworker.py:438	Logging handler <logging.FileHandler object at 0x7f6c0c486c50> added
2022-08-13 12:06:32,622 [INFO] root consoleworker.py:438	Logging handler <logging.StreamHandler object at 0x7f6c0c4ce890> added
2022-08-13 12:06:32,622 [INFO] root consoleworker.py:438	Logging handler <logging.StreamHandler object at 0x7f6c0c472a90> added
2022-08-13 12:06:32,622 [INFO] root consoleworker.py:373	Created a folder for the test. /var/loadtest/logs/2022-08-13_12-06-32.563999
2022-08-13 12:06:32,622 [INFO] yandextank.core.tankcore tankcore.py:237	Configuring plugins...
2022-08-13 12:06:32,623 [INFO] yandextank.core.tankcore tankcore.py:190	Loading plugins...
2022-08-13 12:06:32,623 [DEBUG] yandextank.core.tankcore tankcore.py:192	Loading plugin rcheck from yandextank.plugins.ResourceCheck
2022-08-13 12:06:32,623 [DEBUG] yandextank.core.tankcore tankcore.py:192	Loading plugin json_report from yandextank.plugins.JsonReport
2022-08-13 12:06:32,623 [DEBUG] yandextank.core.tankcore tankcore.py:192	Loading plugin overload from yandextank.plugins.DataUploader
2022-08-13 12:06:32,624 [DEBUG] yandextank.core.tankcore tankcore.py:192	Loading plugin rcassert from yandextank.plugins.RCAssert
2022-08-13 12:06:32,624 [DEBUG] yandextank.core.tankcore tankcore.py:192	Loading plugin console from yandextank.plugins.Console
2022-08-13 12:06:32,624 [DEBUG] yandextank.core.tankcore tankcore.py:192	Loading plugin jmeter from yandextank.plugins.JMeter
2022-08-13 12:06:32,624 [DEBUG] yandextank.core.tankcore tankcore.py:192	Loading plugin shellexec from yandextank.plugins.ShellExec
2022-08-13 12:06:32,624 [DEBUG] yandextank.core.tankcore tankcore.py:192	Loading plugin autostop from yandextank.plugins.Autostop
2022-08-13 12:06:32,624 [DEBUG] yandextank.core.tankcore tankcore.py:212	Plugin instances: {'plugin_json_report': <yandextank.plugins.JsonReport.plugin.Plugin object at 0x7f6c0c3b30d0>, 'plugin_autostop': <yandextank.plugins.Autostop.plugin.Plugin object at 0x7f6c0c40dd10>, 'plugin_shellexec': <yandextank.plugins.ShellExec.plugin.Plugin object at 0x7f6c0c3b36d0>, 'plugin_console': <yandextank.plugins.Console.plugin.Plugin object at 0x7f6c0c3b3d50>, 'plugin_jmeter': <yandextank.plugins.JMeter.plugin.Plugin object at 0x7f6c0c3b33d0>, 'plugin_rcassert': <yandextank.plugins.RCAssert.plugin.Plugin object at 0x7f6c0c3b3210>, 'plugin_rcheck': <yandextank.plugins.ResourceCheck.plugin.Plugin object at 0x7f6c0c3b3e10>, 'plugin_overload': <yandextank.plugins.DataUploader.plugin.Plugin object at 0x7f6c0c3b3d10>}
2022-08-13 12:06:32,624 [DEBUG] yandextank.core.tankcore tankcore.py:244	Configuring <yandextank.plugins.JsonReport.plugin.Plugin object at 0x7f6c0c3b30d0>
2022-08-13 12:06:32,625 [DEBUG] yandextank.core.tankcore tankcore.py:391	Searching for plugin: <class 'yandextank.common.interfaces.GeneratorPlugin'>
2022-08-13 12:06:32,626 [DEBUG] yandextank.core.tankcore tankcore.py:244	Configuring <yandextank.plugins.Autostop.plugin.Plugin object at 0x7f6c0c40dd10>
2022-08-13 12:06:32,626 [DEBUG] yandextank.core.tankcore tankcore.py:244	Configuring <yandextank.plugins.ShellExec.plugin.Plugin object at 0x7f6c0c3b36d0>
2022-08-13 12:06:32,627 [DEBUG] yandextank.core.tankcore tankcore.py:244	Configuring <yandextank.plugins.Console.plugin.Plugin object at 0x7f6c0c3b3d50>
2022-08-13 12:06:32,628 [DEBUG] yandextank.core.tankcore tankcore.py:244	Configuring <yandextank.plugins.JMeter.plugin.Plugin object at 0x7f6c0c3b33d0>
2022-08-13 12:06:32,628 [DEBUG] yandextank.core.tankcore tankcore.py:446	Adding artifact file to collect (keep=True): tank.jmx
2022-08-13 12:06:32,628 [DEBUG] yandextank.core.tankcore tankcore.py:446	Adding artifact file to collect (keep=False): /var/loadtest/logs/2022-08-13_12-06-32.563999/jmeter_Q1ZQdE.jtl
2022-08-13 12:06:32,628 [DEBUG] yandextank.core.tankcore tankcore.py:446	Adding artifact file to collect (keep=True): /var/loadtest/logs/2022-08-13_12-06-32.563999/jmeter_v___nS.log
2022-08-13 12:06:32,629 [DEBUG] yandextank.plugins.JMeter.plugin plugin.py:201	Original JMX: /var/loadtest/tank.jmx
2022-08-13 12:06:32,629 [DEBUG] yandextank.plugins.JMeter.plugin plugin.py:217	Closing statement:     </hashTree>
  </hashTree>
</jmeterTestPlan>

2022-08-13 12:06:32,630 [DEBUG] yandextank.plugins.JMeter.plugin plugin.py:258	Modified JMX: /var/loadtest/modified_hK2cyc.jmx
2022-08-13 12:06:32,630 [DEBUG] yandextank.core.tankcore tankcore.py:446	Adding artifact file to collect (keep=False): /var/loadtest/modified_hK2cyc.jmx
2022-08-13 12:06:32,630 [DEBUG] yandextank.core.tankcore tankcore.py:446	Adding artifact file to collect (keep=False): /var/loadtest/logs/2022-08-13_12-06-32.563999/jmeter_stdout_stderr__Sd7qr.log
2022-08-13 12:06:32,631 [DEBUG] yandextank.core.tankcore tankcore.py:244	Configuring <yandextank.plugins.RCAssert.plugin.Plugin object at 0x7f6c0c3b3210>
2022-08-13 12:06:32,631 [DEBUG] yandextank.core.tankcore tankcore.py:244	Configuring <yandextank.plugins.ResourceCheck.plugin.Plugin object at 0x7f6c0c3b3e10>
2022-08-13 12:06:32,632 [DEBUG] yandextank.core.tankcore tankcore.py:244	Configuring <yandextank.plugins.DataUploader.plugin.Plugin object at 0x7f6c0c3b3d10>
2022-08-13 12:06:32,632 [INFO] yandextank.core.tankcore tankcore.py:249	Preparing test...
2022-08-13 12:06:32,632 [DEBUG] yandextank.core.tankcore tankcore.py:253	Preparing <yandextank.plugins.JsonReport.plugin.Plugin object at 0x7f6c0c3b30d0>
2022-08-13 12:06:32,632 [DEBUG] yandextank.core.tankcore tankcore.py:253	Preparing <yandextank.plugins.Autostop.plugin.Plugin object at 0x7f6c0c40dd10>
2022-08-13 12:06:32,632 [DEBUG] yandextank.common.interfaces plugin.py:74	Criterion string: http(5xx,10%,5s)
2022-08-13 12:06:32,633 [DEBUG] yandextank.common.interfaces plugin.py:78	Criterion objects: {'http(5xx,10%,5s)': <yandextank.plugins.Autostop.criterions.HTTPCodesCriterion object at 0x7f6c0c40d810>}
2022-08-13 12:06:32,633 [DEBUG] yandextank.core.tankcore tankcore.py:391	Searching for plugin: <class 'yandextank.plugins.Console.plugin.Plugin'>
2022-08-13 12:06:32,633 [DEBUG] yandextank.core.tankcore tankcore.py:253	Preparing <yandextank.plugins.ShellExec.plugin.Plugin object at 0x7f6c0c3b36d0>
2022-08-13 12:06:32,633 [DEBUG] yandextank.core.tankcore tankcore.py:253	Preparing <yandextank.plugins.Console.plugin.Plugin object at 0x7f6c0c3b3d50>
2022-08-13 12:06:32,633 [DEBUG] yandextank.core.tankcore tankcore.py:253	Preparing <yandextank.plugins.JMeter.plugin.Plugin object at 0x7f6c0c3b33d0>
2022-08-13 12:06:32,633 [DEBUG] yandextank.core.tankcore tankcore.py:391	Searching for plugin: <class 'yandextank.plugins.Console.plugin.Plugin'>
2022-08-13 12:06:32,633 [DEBUG] yandextank.core.tankcore tankcore.py:253	Preparing <yandextank.plugins.RCAssert.plugin.Plugin object at 0x7f6c0c3b3210>
2022-08-13 12:06:32,633 [DEBUG] yandextank.core.tankcore tankcore.py:253	Preparing <yandextank.plugins.ResourceCheck.plugin.Plugin object at 0x7f6c0c3b3e10>
2022-08-13 12:06:32,634 [INFO] yandextank.common.interfaces plugin.py:39	Checking tank resources...
2022-08-13 12:06:32,634 [DEBUG] netort.process process.py:23	Starting: sh -c "df --no-sync -m -P -l -x fuse -x tmpfs -x devtmpfs -x davfs -x nfs /var/loadtest/logs | tail -n 1 | awk '{print \$4}' "
2022-08-13 12:06:33,211 [DEBUG] netort.process process.py:46	Process output:
28243

2022-08-13 12:06:33,211 [DEBUG] netort.process process.py:48	Process exit code: 0
2022-08-13 12:06:33,211 [DEBUG] root plugin.py:58	Result: (0, '28243\n', '')
2022-08-13 12:06:33,212 [DEBUG] yandextank.common.interfaces plugin.py:64	Disk free space: 28243/2048
2022-08-13 12:06:33,212 [DEBUG] yandextank.common.interfaces plugin.py:75	Memory free: 1409/512
2022-08-13 12:06:33,212 [DEBUG] yandextank.core.tankcore tankcore.py:253	Preparing <yandextank.plugins.DataUploader.plugin.Plugin object at 0x7f6c0c3b3d10>
2022-08-13 12:06:33,212 [INFO] root plugin.py:523	Using OVERLOAD backend
2022-08-13 12:06:33,212 [DEBUG] yandextank.plugins.DataUploader.plugin plugin.py:618	Trying to read token from token.txt
2022-08-13 12:06:33,223 [INFO] yandextank.plugins.DataUploader.plugin plugin.py:624	Read authentication token from token.txt, token length is 32 bytes
2022-08-13 12:06:33,238 [INFO] yandextank.plugins.DataUploader.client client.py:59	Proxy not set
2022-08-13 12:06:33,239 [INFO] yandextank.plugins.DataUploader.plugin plugin.py:647	Detected target: 
2022-08-13 12:06:33,248 [DEBUG] yandextank.plugins.DataUploader.client client.py:336	Job create request: {'person': 'root', 'host': '', 'task': '', 'tank': 'ubuntu', 'notify': [], 'loadscheme': [], 'detailed_time': None, 'port': 80}
2022-08-13 12:06:33,250 [DEBUG] urllib3.connectionpool connectionpool.py:813	Starting new HTTPS connection (1): overload.yandex.net:443
2022-08-13 12:06:33,575 [DEBUG] urllib3.connectionpool connectionpool.py:393	https://overload.yandex.net:443 "POST /api/job/create.json?api_token=468e142f8ae64ca09d4691f5756dce51 HTTP/1.1" 200 None
2022-08-13 12:06:33,578 [INFO] yandextank.plugins.DataUploader.plugin plugin.py:789	Job created: 542533
2022-08-13 12:06:33,581 [DEBUG] yandextank.plugins.DataUploader.client client.py:642	Sending configinitial config
2022-08-13 12:06:33,738 [DEBUG] urllib3.connectionpool connectionpool.py:393	https://overload.yandex.net:443 "POST /api/job/542533/configinitial.txt?api_token=468e142f8ae64ca09d4691f5756dce51 HTTP/1.1" 200 16
2022-08-13 12:06:33,741 [INFO] yandextank.plugins.DataUploader.plugin plugin.py:485	Locking targets: []
2022-08-13 12:06:33,742 [INFO] yandextank.plugins.DataUploader.plugin plugin.py:487	Locked targets: []
2022-08-13 12:06:33,745 [DEBUG] yandextank.common.interfaces interfaces.py:101	Publishing status: Plugin/job_no: 542533
2022-08-13 12:06:33,846 [DEBUG] urllib3.connectionpool connectionpool.py:393	https://overload.yandex.net:443 "POST /api/job/542533/edit.json?api_token=468e142f8ae64ca09d4691f5756dce51 HTTP/1.1" 200 19
2022-08-13 12:06:33,849 [DEBUG] yandextank.core.tankcore tankcore.py:391	Searching for plugin: <class 'yandextank.plugins.Console.plugin.Plugin'>
2022-08-13 12:06:33,849 [DEBUG] yandextank.plugins.DataUploader.client client.py:642	Sending configinitial config
2022-08-13 12:06:33,940 [DEBUG] urllib3.connectionpool connectionpool.py:393	https://overload.yandex.net:443 "POST /api/job/542533/configinitial.txt?api_token=468e142f8ae64ca09d4691f5756dce51 HTTP/1.1" 200 16
2022-08-13 12:06:33,942 [DEBUG] yandextank.plugins.DataUploader.client client.py:642	Sending configinfo config
2022-08-13 12:06:34,053 [DEBUG] urllib3.connectionpool connectionpool.py:393	https://overload.yandex.net:443 "POST /api/job/542533/configinfo.txt?api_token=468e142f8ae64ca09d4691f5756dce51 HTTP/1.1" 200 16
2022-08-13 12:06:34,055 [INFO] yandextank.core.tankcore tankcore.py:259	Starting test...
2022-08-13 12:06:34,058 [INFO] yandextank.aggregator.tank_aggregator tank_aggregator.py:63	using verbose histogram
2022-08-13 12:06:34,063 [DEBUG] yandextank.core.tankcore tankcore.py:263	Starting <yandextank.plugins.JsonReport.plugin.Plugin object at 0x7f6c0c3b30d0>
2022-08-13 12:06:34,064 [INFO] yandextank.core.tankcore tankcore.py:267	Plugin <yandextank.plugins.JsonReport.plugin.Plugin object at 0x7f6c0c3b30d0> required 0.000003 seconds to start
2022-08-13 12:06:34,064 [DEBUG] yandextank.core.tankcore tankcore.py:263	Starting <yandextank.plugins.Autostop.plugin.Plugin object at 0x7f6c0c40dd10>
2022-08-13 12:06:34,064 [INFO] yandextank.core.tankcore tankcore.py:267	Plugin <yandextank.plugins.Autostop.plugin.Plugin object at 0x7f6c0c40dd10> required 0.000002 seconds to start
2022-08-13 12:06:34,065 [DEBUG] yandextank.core.tankcore tankcore.py:263	Starting <yandextank.plugins.ShellExec.plugin.Plugin object at 0x7f6c0c3b36d0>
2022-08-13 12:06:34,065 [INFO] yandextank.core.tankcore tankcore.py:267	Plugin <yandextank.plugins.ShellExec.plugin.Plugin object at 0x7f6c0c3b36d0> required 0.000003 seconds to start
2022-08-13 12:06:34,066 [DEBUG] yandextank.core.tankcore tankcore.py:263	Starting <yandextank.plugins.Console.plugin.Plugin object at 0x7f6c0c3b3d50>
2022-08-13 12:06:34,066 [INFO] yandextank.core.tankcore tankcore.py:267	Plugin <yandextank.plugins.Console.plugin.Plugin object at 0x7f6c0c3b3d50> required 0.000001 seconds to start
2022-08-13 12:06:34,066 [DEBUG] yandextank.core.tankcore tankcore.py:263	Starting <yandextank.plugins.JMeter.plugin.Plugin object at 0x7f6c0c3b33d0>
2022-08-13 12:06:34,066 [INFO] yandextank.plugins.JMeter.plugin plugin.py:119	Starting /usr/local/apache-jmeter-3.3/bin/jmeter with arguments: ['/usr/local/apache-jmeter-3.3/bin/jmeter', '-n', '-t', '/var/loadtest/modified_hK2cyc.jmx', '-j', '/var/loadtest/logs/2022-08-13_12-06-32.563999/jmeter_v___nS.log', '-Jjmeter.save.saveservice.default_delimiter=\\t', '-Jjmeter.save.saveservice.connect_time=true']
2022-08-13 12:06:40,683 [INFO] yandextank.core.tankcore tankcore.py:267	Plugin <yandextank.plugins.JMeter.plugin.Plugin object at 0x7f6c0c3b33d0> required 6.616613 seconds to start
2022-08-13 12:06:40,684 [DEBUG] yandextank.core.tankcore tankcore.py:263	Starting <yandextank.plugins.RCAssert.plugin.Plugin object at 0x7f6c0c3b3210>
2022-08-13 12:06:40,685 [INFO] yandextank.core.tankcore tankcore.py:267	Plugin <yandextank.plugins.RCAssert.plugin.Plugin object at 0x7f6c0c3b3210> required 0.000012 seconds to start
2022-08-13 12:06:40,686 [DEBUG] yandextank.core.tankcore tankcore.py:263	Starting <yandextank.plugins.ResourceCheck.plugin.Plugin object at 0x7f6c0c3b3e10>
2022-08-13 12:06:40,686 [INFO] yandextank.core.tankcore tankcore.py:267	Plugin <yandextank.plugins.ResourceCheck.plugin.Plugin object at 0x7f6c0c3b3e10> required 0.000001 seconds to start
2022-08-13 12:06:40,687 [DEBUG] yandextank.core.tankcore tankcore.py:263	Starting <yandextank.plugins.DataUploader.plugin.Plugin object at 0x7f6c0c3b3d10>
2022-08-13 12:06:40,688 [INFO] yandextank.plugins.DataUploader.plugin plugin.py:394	Status sender thread started
2022-08-13 12:06:40,688 [INFO] yandextank.plugins.DataUploader.plugin plugin.py:413	Data Uploader thread started
2022-08-13 12:06:40,689 [INFO] yandextank.plugins.DataUploader.plugin plugin.py:298	Web link: https://overload.yandex.net/542533
2022-08-13 12:06:40,690 [DEBUG] yandextank.common.interfaces interfaces.py:101	Publishing status: Plugin/jobno: 542533
2022-08-13 12:06:40,690 [DEBUG] yandextank.common.interfaces interfaces.py:101	Publishing status: Plugin/web_link: https://overload.yandex.net/542533
2022-08-13 12:06:40,689 [INFO] yandextank.plugins.DataUploader.plugin plugin.py:413	Monitoring Uploader thread started
2022-08-13 12:06:40,690 [DEBUG] yandextank.plugins.DataUploader.plugin plugin.py:305	Saving jobno to: jobno_file.txt
2022-08-13 12:06:40,691 [DEBUG] yandextank.core.tankcore tankcore.py:446	Adding artifact file to collect (keep=False): jobno_file.txt
2022-08-13 12:06:40,691 [DEBUG] yandextank.plugins.DataUploader.client client.py:642	Sending configinitial config
2022-08-13 12:06:40,852 [DEBUG] urllib3.connectionpool connectionpool.py:393	https://overload.yandex.net:443 "POST /api/job/542533/configinitial.txt?api_token=468e142f8ae64ca09d4691f5756dce51 HTTP/1.1" 200 16
2022-08-13 12:06:40,855 [DEBUG] yandextank.plugins.DataUploader.client client.py:642	Sending configinfo config
2022-08-13 12:06:41,024 [DEBUG] urllib3.connectionpool connectionpool.py:393	https://overload.yandex.net:443 "POST /api/job/542533/configinfo.txt?api_token=468e142f8ae64ca09d4691f5756dce51 HTTP/1.1" 200 16
2022-08-13 12:06:41,026 [INFO] yandextank.core.tankcore tankcore.py:267	Plugin <yandextank.plugins.DataUploader.plugin.Plugin object at 0x7f6c0c3b3d10> required 0.338899 seconds to start
2022-08-13 12:06:41,027 [INFO] yandextank.core.tankcore tankcore.py:274	Waiting for test to finish...
2022-08-13 12:06:41,027 [INFO] yandextank.core.tankcore tankcore.py:275	Artifacts dir: /var/loadtest/logs/2022-08-13_12-06-32.563999
2022-08-13 12:06:41,028 [DEBUG] yandextank.aggregator.tank_aggregator tank_aggregator.py:87	Data timestamps: []
2022-08-13 12:06:41,028 [DEBUG] yandextank.aggregator.tank_aggregator tank_aggregator.py:88	Stats timestamps: []
2022-08-13 12:06:41,028 [DEBUG] yandextank.core.tankcore tankcore.py:286	Polling <yandextank.plugins.JsonReport.plugin.Plugin object at 0x7f6c0c3b30d0>
2022-08-13 12:06:41,028 [DEBUG] yandextank.core.tankcore tankcore.py:286	Polling <yandextank.plugins.Autostop.plugin.Plugin object at 0x7f6c0c40dd10>
2022-08-13 12:06:41,028 [DEBUG] yandextank.core.tankcore tankcore.py:286	Polling <yandextank.plugins.ShellExec.plugin.Plugin object at 0x7f6c0c3b36d0>
2022-08-13 12:06:41,029 [DEBUG] yandextank.core.tankcore tankcore.py:286	Polling <yandextank.plugins.Console.plugin.Plugin object at 0x7f6c0c3b3d50>
2022-08-13 12:06:41,029 [DEBUG] yandextank.plugins.Console.screen screen.py:389	Terminal size: 80x24
2022-08-13 12:06:41,029 [DEBUG] yandextank.plugins.Console.screen screen.py:401	Left/right panels width: 51/24
2022-08-13 12:06:41,030 [DEBUG] yandextank.plugins.Console.screen screen.py:406	There are 3 info widgets
2022-08-13 12:06:41,030 [DEBUG] yandextank.plugins.Console.screen screen.py:410	Rendering info widget #0: <yandextank.plugins.JMeter.plugin.JMeterInfoWidget object at 0x7f6c0c40d790>
2022-08-13 12:06:41,030 [DEBUG] yandextank.plugins.Console.screen screen.py:410	Rendering info widget #1: <yandextank.plugins.DataUploader.plugin.JobInfoWidget object at 0x7f6c0c40d850>
2022-08-13 12:06:41,030 [DEBUG] yandextank.plugins.Console.screen screen.py:410	Rendering info widget #25: <yandextank.plugins.Autostop.plugin.AutostopWidget object at 0x7f6c0c40d390>
2022-08-13 12:06:41,030 [DEBUG] yandextank.plugins.Console.screen screen.py:367	Rendering left blocks
2022-08-13 12:06:41,032 [DEBUG] yandextank.plugins.Console.screen screen.py:418	Composing final screen output
2022-08-13 12:06:41,032 [DEBUG] yandextank.core.tankcore tankcore.py:286	Polling <yandextank.plugins.JMeter.plugin.Plugin object at 0x7f6c0c3b33d0>
2022-08-13 12:06:41,033 [DEBUG] yandextank.plugins.Console.plugin plugin.py:73	Writing console view to STDOUT
2022-08-13 12:06:41,033 [INFO] yandextank.plugins.JMeter.plugin plugin.py:146	JMeter process finished with exit code: 0, waiting for aggregator
2022-08-13 12:06:41,034 [DEBUG] yandextank.core.tankcore tankcore.py:286	Polling <yandextank.plugins.RCAssert.plugin.Plugin object at 0x7f6c0c3b3210>
2022-08-13 12:06:41,035 [DEBUG] yandextank.core.tankcore tankcore.py:286	Polling <yandextank.plugins.ResourceCheck.plugin.Plugin object at 0x7f6c0c3b3e10>
2022-08-13 12:06:41,035 [DEBUG] yandextank.common.interfaces plugin.py:44	Checking tank resources...
2022-08-13 12:06:41,035 [DEBUG] netort.process process.py:23	Starting: sh -c "df --no-sync -m -P -l -x fuse -x tmpfs -x devtmpfs -x davfs -x nfs /var/loadtest/logs | tail -n 1 | awk '{print \$4}' "
2022-08-13 12:06:41,667 [DEBUG] netort.process process.py:46	Process output:
28243

2022-08-13 12:06:41,668 [DEBUG] netort.process process.py:48	Process exit code: 0
2022-08-13 12:06:41,668 [DEBUG] root plugin.py:58	Result: (0, '28243\n', '')
2022-08-13 12:06:41,668 [DEBUG] yandextank.common.interfaces plugin.py:64	Disk free space: 28243/2048
2022-08-13 12:06:41,669 [DEBUG] yandextank.common.interfaces plugin.py:75	Memory free: 1397/512
2022-08-13 12:06:41,669 [DEBUG] yandextank.core.tankcore tankcore.py:286	Polling <yandextank.plugins.DataUploader.plugin.Plugin object at 0x7f6c0c3b3d10>
2022-08-13 12:06:41,669 [DEBUG] yandextank.core.tankcore tankcore.py:292	Polling took 0.641688108444
2022-08-13 12:06:41,670 [DEBUG] yandextank.core.tankcore tankcore.py:293	Tank status: {"core": {"stage": "shoot"}, "uploader": {"task": "", "web_link": "https://overload.yandex.net/542533", "job_name": "none", "person": "root", "version": "", "meta": {"loop_count": 0, "cmdline": "/usr/local/bin/yandex-tank -c load.yaml", "target_port": 80, "ammo_path": "/var/loadtest", "target_host": ""}, "job_no": 542533, "job_dsc": ""}, "Plugin": {"web_link": "https://overload.yandex.net/542533", "jobno": 542533, "job_no": 542533}}
2022-08-13 12:06:41,670 [DEBUG] yandextank.aggregator.tank_aggregator tank_aggregator.py:87	Data timestamps: []
2022-08-13 12:06:41,670 [DEBUG] yandextank.aggregator.tank_aggregator tank_aggregator.py:88	Stats timestamps: []
2022-08-13 12:06:41,670 [DEBUG] yandextank.core.tankcore tankcore.py:286	Polling <yandextank.plugins.JsonReport.plugin.Plugin object at 0x7f6c0c3b30d0>
2022-08-13 12:06:41,671 [DEBUG] yandextank.core.tankcore tankcore.py:286	Polling <yandextank.plugins.Autostop.plugin.Plugin object at 0x7f6c0c40dd10>
2022-08-13 12:06:41,671 [DEBUG] yandextank.core.tankcore tankcore.py:286	Polling <yandextank.plugins.ShellExec.plugin.Plugin object at 0x7f6c0c3b36d0>
2022-08-13 12:06:41,671 [DEBUG] yandextank.core.tankcore tankcore.py:286	Polling <yandextank.plugins.Console.plugin.Plugin object at 0x7f6c0c3b3d50>
2022-08-13 12:06:41,672 [DEBUG] yandextank.plugins.Console.screen screen.py:389	Terminal size: 80x24
2022-08-13 12:06:41,672 [DEBUG] yandextank.plugins.Console.screen screen.py:401	Left/right panels width: 51/24
2022-08-13 12:06:41,672 [DEBUG] yandextank.plugins.Console.screen screen.py:406	There are 3 info widgets
2022-08-13 12:06:41,672 [DEBUG] yandextank.plugins.Console.screen screen.py:410	Rendering info widget #0: <yandextank.plugins.JMeter.plugin.JMeterInfoWidget object at 0x7f6c0c40d790>
2022-08-13 12:06:41,672 [DEBUG] yandextank.plugins.Console.screen screen.py:410	Rendering info widget #1: <yandextank.plugins.DataUploader.plugin.JobInfoWidget object at 0x7f6c0c40d850>
2022-08-13 12:06:41,672 [DEBUG] yandextank.plugins.Console.screen screen.py:410	Rendering info widget #25: <yandextank.plugins.Autostop.plugin.AutostopWidget object at 0x7f6c0c40d390>
2022-08-13 12:06:41,673 [DEBUG] yandextank.plugins.Console.screen screen.py:367	Rendering left blocks
2022-08-13 12:06:41,674 [DEBUG] yandextank.plugins.Console.screen screen.py:418	Composing final screen output
2022-08-13 12:06:41,675 [DEBUG] yandextank.plugins.Console.plugin plugin.py:73	Writing console view to STDOUT
2022-08-13 12:06:41,675 [DEBUG] yandextank.core.tankcore tankcore.py:286	Polling <yandextank.plugins.JMeter.plugin.Plugin object at 0x7f6c0c3b33d0>
2022-08-13 12:06:41,676 [INFO] yandextank.core.tankcore tankcore.py:301	Finishing test...
2022-08-13 12:06:41,676 [INFO] yandextank.core.tankcore tankcore.py:303	Stopping load generator and aggregator
2022-08-13 12:06:41,676 [DEBUG] yandextank.core.tankcore tankcore.py:446	Adding artifact file to collect (keep=False): /var/loadtest/logs/2022-08-13_12-06-32.563999/jmeter_v___nS.log
2022-08-13 12:06:41,677 [DEBUG] yandextank.aggregator.tank_aggregator tank_aggregator.py:123	Closing stats reader
2022-08-13 12:06:41,677 [DEBUG] yandextank.aggregator.tank_aggregator tank_aggregator.py:126	Waiting for gun drain to finish
