"2022-08-12 08:52:22.236 +0000" : {
  "main_scheduler" : {
    "bqs" : {
      "00096" : {
        "mmconts" : [0, 332, 335],
        "acts" : [347, 346],
        "tstate" : { "idle" : 998787, "run" : 3027, "locked" : 39, "mmap" : 0 }
      },
      "00097" : {
        "mmconts" : [0, 332, 335],
        "acts" : [9, 8],
        "tstate" : { "idle" : 970966, "run" : 26465, "locked" : 49, "mmap" : 4290 }
      },
      "00098" : {
        "mmconts" : [0, 332, 335],
        "acts" : [336, 335],
        "tstate" : { "idle" : 998848, "run" : 2159, "locked" : 35, "mmap" : 683 }
      }
    }
  },
  "benchmark_io" : {
    "simple_times" : {
      "mcount" : {
        "mcount" : { "25 -- 41" : 1, "2 -- 4" : 1, "1 -- 1" : 4 }
      }
    },
    "stream_method" : {
      "conns" : [0, 0],
      "in" : [0, 0],
      "out" : [0, 0],
      "mmtasks" : [0, 0, 1],
      "load" : 0.673,
      "mcount" : {
        "mcount" : { "Protocol error" : 6 }
      },
      "http_proto0" : {
        "mcount" : {
          "mcount" : { }
        }
      },
      "source_log" : {
        "delta" : [0, 0, 358]
      },
      "loggers" : {
        "brief_logger" : {
          "records" : [6, 5],
          "out" : [267, 266]
        }
      }
    }
  }
},
"2022-08-12 08:52:23.236 +0000" : {
  "main_scheduler" : {
    "bqs" : {
      "00096" : {
        "mmconts" : [335, 335, 335],
        "acts" : [9, 9],
        "tstate" : { "idle" : 995952, "run" : 3325, "locked" : 0, "mmap" : 0 }
      },
      "00097" : {
        "mmconts" : [335, 335, 335],
        "acts" : [9, 9],
        "tstate" : { "idle" : 995463, "run" : 3818, "locked" : 0, "mmap" : 0 }
      },
      "00098" : {
        "mmconts" : [335, 335, 335],
        "acts" : [0, 0],
        "tstate" : { "idle" : 998147, "run" : 1135, "locked" : 0, "mmap" : 0 }
      }
    }
  },
  "benchmark_io" : {
    "simple_times" : {
      "mcount" : {
        "mcount" : { "2 -- 4" : 3, "1 -- 2" : 1, "1 -- 1" : 1 }
      }
    },
    "stream_method" : {
      "conns" : [0, 0],
      "in" : [0, 0],
      "out" : [0, 0],
      "mmtasks" : [0, 0, 1],
      "load" : 0.987,
      "mcount" : {
        "mcount" : { "Protocol error" : 5 }
      },
      "http_proto0" : {
        "mcount" : {
          "mcount" : { }
        }
      },
      "source_log" : {
        "delta" : [0, 0, 0]
      },
      "loggers" : {
        "brief_logger" : {
          "records" : [5, 5],
          "out" : [220, 220]
        }
      }
    }
  }
},
"2022-08-12 08:52:24.236 +0000" : {
  "main_scheduler" : {
    "bqs" : {
      "00096" : {
        "mmconts" : [335, 335, 335],
        "acts" : [7, 6],
        "tstate" : { "idle" : 996988, "run" : 3318, "locked" : 0, "mmap" : 0 }
      },
      "00097" : {
        "mmconts" : [335, 335, 335],
        "acts" : [9, 8],
        "tstate" : { "idle" : 996371, "run" : 3939, "locked" : 0, "mmap" : 0 }
      },
      "00098" : {
        "mmconts" : [335, 335, 335],
        "acts" : [4, 3],
        "tstate" : { "idle" : 997769, "run" : 2543, "locked" : 0, "mmap" : 0 }
      }
    }
  },
  "benchmark_io" : {
    "simple_times" : {
      "mcount" : {
        "mcount" : { "2 -- 4" : 4, "1 -- 2" : 2 }
      }
    },
    "stream_method" : {
      "conns" : [0, 0],
      "in" : [0, 0],
      "out" : [0, 0],
      "mmtasks" : [0, 0, 1],
      "load" : 0.989,
      "mcount" : {
        "mcount" : { "Protocol error" : 6 }
      },
      "http_proto0" : {
        "mcount" : {
          "mcount" : { }
        }
      },
      "source_log" : {
        "delta" : [0, 0, 0]
      },
      "loggers" : {
        "brief_logger" : {
          "records" : [6, 5],
          "out" : [264, 263]
        }
      }
    }
  }
},
"2022-08-12 08:52:25.237 +0000" : {
  "main_scheduler" : {
    "bqs" : {
      "00096" : {
        "mmconts" : [335, 335, 335],
        "acts" : [3, 2],
        "tstate" : { "idle" : 999366, "run" : 1277, "locked" : 0, "mmap" : 0 }
      },
      "00097" : {
        "mmconts" : [335, 335, 335],
        "acts" : [0, 0],
        "tstate" : { "idle" : 999590, "run" : 1056, "locked" : 0, "mmap" : 0 }
      },
      "00098" : {
        "mmconts" : [335, 335, 335],
        "acts" : [22, 21],
        "tstate" : { "idle" : 992536, "run" : 8113, "locked" : 0, "mmap" : 0 }
      }
    }
  },
  "benchmark_io" : {
    "simple_times" : {
      "mcount" : {
        "mcount" : { "4 -- 6" : 1, "2 -- 4" : 3, "1 -- 2" : 3 }
      }
    },
    "stream_method" : {
      "conns" : [0, 0],
      "in" : [0, 0],
      "out" : [0, 0],
      "mmtasks" : [0, 0, 1],
      "load" : 0.989,
      "mcount" : {
        "mcount" : { "Protocol error" : 7 }
      },
      "http_proto0" : {
        "mcount" : {
          "mcount" : { }
        }
      },
      "source_log" : {
        "delta" : [0, 0, 0]
      },
      "loggers" : {
        "brief_logger" : {
          "records" : [7, 6],
          "out" : [308, 307]
        }
      }
    }
  }
},
"2022-08-12 08:52:26.236 +0000" : {
  "main_scheduler" : {
    "bqs" : {
      "00096" : {
        "mmconts" : [335, 335, 335],
        "acts" : [9, 9],
        "tstate" : { "idle" : 995528, "run" : 3570, "locked" : 0, "mmap" : 0 }
      },
      "00097" : {
        "mmconts" : [335, 335, 335],
        "acts" : [9, 9],
        "tstate" : { "idle" : 995947, "run" : 3141, "locked" : 0, "mmap" : 0 }
      },
      "00098" : {
        "mmconts" : [335, 335, 335],
        "acts" : [7, 7],
        "tstate" : { "idle" : 996018, "run" : 3064, "locked" : 0, "mmap" : 0 }
      }
    }
  },
  "benchmark_io" : {
    "simple_times" : {
      "mcount" : {
        "mcount" : { "2 -- 4" : 4, "1 -- 2" : 2, "1 -- 1" : 1 }
      }
    },
    "stream_method" : {
      "conns" : [0, 0],
      "in" : [0, 0],
      "out" : [0, 0],
      "mmtasks" : [0, 0, 1],
      "load" : 0.989,
      "mcount" : {
        "mcount" : { "Protocol error" : 7 }
      },
      "http_proto0" : {
        "mcount" : {
          "mcount" : { }
        }
      },
      "source_log" : {
        "delta" : [0, 0, 0]
      },
      "loggers" : {
        "brief_logger" : {
          "records" : [7, 7],
          "out" : [308, 308]
        }
      }
    }
  }
},
"2022-08-12 08:52:27.237 +0000" : {
  "main_scheduler" : {
    "bqs" : {
      "00096" : {
        "mmconts" : [335, 335, 335],
        "acts" : [3, 2],
        "tstate" : { "idle" : 999533, "run" : 1379, "locked" : 0, "mmap" : 0 }
      },
      "00097" : {
        "mmconts" : [335, 335, 335],
        "acts" : [21, 20],
        "tstate" : { "idle" : 993797, "run" : 7116, "locked" : 0, "mmap" : 0 }
      },
      "00098" : {
        "mmconts" : [335, 335, 335],
        "acts" : [1, 0],
        "tstate" : { "idle" : 999851, "run" : 1063, "locked" : 0, "mmap" : 0 }
      }
    }
  },
  "benchmark_io" : {
    "simple_times" : {
      "mcount" : {
        "mcount" : { "2 -- 4" : 2, "1 -- 2" : 5 }
      }
    },
    "stream_method" : {
      "conns" : [0, 0],
      "in" : [0, 0],
      "out" : [0, 0],
      "mmtasks" : [0, 0, 1],
      "load" : 0.989,
      "mcount" : {
        "mcount" : { "Protocol error" : 7 }
      },
      "http_proto0" : {
        "mcount" : {
          "mcount" : { }
        }
      },
      "source_log" : {
        "delta" : [0, 0, 0]
      },
      "loggers" : {
        "brief_logger" : {
          "records" : [7, 6],
          "out" : [308, 307]
        }
      }
    }
  }
},
"2022-08-12 08:52:28.236 +0000" : {
  "main_scheduler" : {
    "bqs" : {
      "00096" : {
        "mmconts" : [335, 335, 335],
        "acts" : [3, 3],
        "tstate" : { "idle" : 998012, "run" : 1325, "locked" : 0, "mmap" : 0 }
      },
      "00097" : {
        "mmconts" : [335, 335, 335],
        "acts" : [21, 21],
        "tstate" : { "idle" : 992419, "run" : 6924, "locked" : 0, "mmap" : 0 }
      },
      "00098" : {
        "mmconts" : [335, 335, 335],
        "acts" : [4, 4],
        "tstate" : { "idle" : 997730, "run" : 1615, "locked" : 0, "mmap" : 0 }
      }
    }
  },
  "benchmark_io" : {
    "simple_times" : {
      "mcount" : {
        "mcount" : { "2 -- 4" : 3, "1 -- 2" : 4, "1 -- 1" : 1 }
      }
    },
    "stream_method" : {
      "conns" : [0, 0],
      "in" : [0, 0],
      "out" : [0, 0],
      "mmtasks" : [0, 0, 1],
      "load" : 0.987,
      "mcount" : {
        "mcount" : { "Protocol error" : 8 }
      },
      "http_proto0" : {
        "mcount" : {
          "mcount" : { }
        }
      },
      "source_log" : {
        "delta" : [0, 0, 0]
      },
      "loggers" : {
        "brief_logger" : {
          "records" : [8, 8],
          "out" : [352, 352]
        }
      }
    }
  }
},
"2022-08-12 08:52:29.237 +0000" : {
  "main_scheduler" : {
    "bqs" : {
      "00096" : {
        "mmconts" : [335, 335, 335],
        "acts" : [3, 2],
        "tstate" : { "idle" : 999282, "run" : 1393, "locked" : 0, "mmap" : 0 }
      },
      "00097" : {
        "mmconts" : [335, 335, 335],
        "acts" : [0, 0],
        "tstate" : { "idle" : 999602, "run" : 1069, "locked" : 0, "mmap" : 0 }
      },
      "00098" : {
        "mmconts" : [331, 334, 335],
        "acts" : [25, 24],
        "tstate" : { "idle" : 992219, "run" : 8423, "locked" : 0, "mmap" : 28 }
      }
    }
  },
  "benchmark_io" : {
    "simple_times" : {
      "mcount" : {
        "mcount" : { "2 -- 4" : 2, "1 -- 2" : 5, "1 -- 1" : 1 }
      }
    },
    "stream_method" : {
      "conns" : [0, 0],
      "in" : [0, 0],
      "out" : [0, 0],
      "mmtasks" : [0, 0, 1],
      "load" : 0.989,
      "mcount" : {
        "mcount" : { "Protocol error" : 8 }
      },
      "http_proto0" : {
        "mcount" : {
          "mcount" : { }
        }
      },
      "source_log" : {
        "delta" : [0, 0, 0]
      },
      "loggers" : {
        "brief_logger" : {
          "records" : [8, 7],
          "out" : [351, 350]
        }
      }
    }
  }
},
"2022-08-12 08:52:30.236 +0000" : {
  "main_scheduler" : {
    "bqs" : {
      "00096" : {
        "mmconts" : [335, 335, 335],
        "acts" : [3, 3],
        "tstate" : { "idle" : 998555, "run" : 1092, "locked" : 0, "mmap" : 0 }
      },
      "00097" : {
        "mmconts" : [334, 334, 335],
        "acts" : [3, 3],
        "tstate" : { "idle" : 998100, "run" : 1544, "locked" : 0, "mmap" : 0 }
      },
      "00098" : {
        "mmconts" : [324, 327, 331],
        "acts" : [22, 22],
        "tstate" : { "idle" : 994148, "run" : 5493, "locked" : 0, "mmap" : 0 }
      }
    }
  },
  "benchmark_io" : {
    "simple_times" : {
      "mcount" : {
        "mcount" : { "2 -- 4" : 2, "1 -- 2" : 3, "1 -- 1" : 3 }
      }
    },
    "stream_method" : {
      "conns" : [0, 0],
      "in" : [0, 0],
      "out" : [0, 0],
      "mmtasks" : [0, 0, 1],
      "load" : 0.990,
      "mcount" : {
        "mcount" : { "Protocol error" : 8 }
      },
      "http_proto0" : {
        "mcount" : {
          "mcount" : { }
        }
      },
      "source_log" : {
        "delta" : [0, 0, 0]
      },
      "loggers" : {
        "brief_logger" : {
          "records" : [8, 8],
          "out" : [352, 352]
        }
      }
    }
  }
},
"2022-08-12 08:52:31.236 +0000" : {
  "main_scheduler" : {
    "bqs" : {
      "00096" : {
        "mmconts" : [335, 335, 335],
        "acts" : [3, 3],
        "tstate" : { "idle" : 998084, "run" : 1285, "locked" : 0, "mmap" : 0 }
      },
      "00097" : {
        "mmconts" : [330, 331, 334],
        "acts" : [12, 12],
        "tstate" : { "idle" : 994865, "run" : 4508, "locked" : 0, "mmap" : 0 }
      },
      "00098" : {
        "mmconts" : [319, 321, 324],
        "acts" : [16, 16],
        "tstate" : { "idle" : 994239, "run" : 5137, "locked" : 0, "mmap" : 0 }
      }
    }
  },
  "benchmark_io" : {
    "simple_times" : {
      "mcount" : {
        "mcount" : { "2 -- 4" : 1, "1 -- 2" : 6, "1 -- 1" : 2 }
      }
    },
    "stream_method" : {
      "conns" : [0, 0],
      "in" : [0, 0],
      "out" : [0, 0],
      "mmtasks" : [0, 0, 1],
      "load" : 0.988,
      "mcount" : {
        "mcount" : { "Protocol error" : 9 }
      },
      "http_proto0" : {
        "mcount" : {
          "mcount" : { }
        }
      },
      "source_log" : {
        "delta" : [0, 0, 0]
      },
      "loggers" : {
        "brief_logger" : {
          "records" : [9, 9],
          "out" : [396, 396]
        }
      }
    }
  }
},
"2022-08-12 08:52:32.236 +0000" : {
  "main_scheduler" : {
    "bqs" : {
      "00096" : {
        "mmconts" : [335, 335, 335],
        "acts" : [3, 2],
        "tstate" : { "idle" : 999619, "run" : 1079, "locked" : 0, "mmap" : 0 }
      },
      "00097" : {
        "mmconts" : [325, 327, 330],
        "acts" : [15, 14],
        "tstate" : { "idle" : 996167, "run" : 4526, "locked" : 0, "mmap" : 0 }
      },
      "00098" : {
        "mmconts" : [314, 316, 319],
        "acts" : [16, 15],
        "tstate" : { "idle" : 996535, "run" : 4155, "locked" : 0, "mmap" : 0 }
      }
    }
  },
  "benchmark_io" : {
    "simple_times" : {
      "mcount" : {
        "mcount" : { "2 -- 4" : 2, "1 -- 2" : 3, "1 -- 1" : 5 }
      }
    },
    "stream_method" : {
      "conns" : [0, 0],
      "in" : [0, 0],
      "out" : [0, 0],
      "mmtasks" : [0, 0, 1],
      "load" : 0.988,
      "mcount" : {
        "mcount" : { "Protocol error" : 10 }
      },
      "http_proto0" : {
        "mcount" : {
          "mcount" : { }
        }
      },
      "source_log" : {
        "delta" : [0, 0, 0]
      },
      "loggers" : {
        "brief_logger" : {
          "records" : [10, 9],
          "out" : [439, 438]
        }
      }
    }
  }
},
"2022-08-12 08:52:33.236 +0000" : {
  "main_scheduler" : {
    "bqs" : {
      "00096" : {
        "mmconts" : [335, 335, 335],
        "acts" : [3, 3],
        "tstate" : { "idle" : 998825, "run" : 810, "locked" : 0, "mmap" : 0 }
      },
      "00097" : {
        "mmconts" : [320, 322, 325],
        "acts" : [15, 15],
        "tstate" : { "idle" : 995741, "run" : 3896, "locked" : 0, "mmap" : 0 }
      },
      "00098" : {
        "mmconts" : [310, 311, 314],
        "acts" : [15, 15],
        "tstate" : { "idle" : 995344, "run" : 4295, "locked" : 0, "mmap" : 0 }
      }
    }
  },
  "benchmark_io" : {
    "simple_times" : {
      "mcount" : {
        "mcount" : { "1 -- 2" : 4, "1 -- 1" : 5 }
      }
    },
    "stream_method" : {
      "conns" : [0, 0],
      "in" : [0, 0],
      "out" : [0, 0],
      "mmtasks" : [0, 0, 1],
      "load" : 0.986,
      "mcount" : {
        "mcount" : { "Protocol error" : 9 }
      },
      "http_proto0" : {
        "mcount" : {
          "mcount" : { }
        }
      },
      "source_log" : {
        "delta" : [0, 0, 0]
      },
      "loggers" : {
        "brief_logger" : {
          "records" : [9, 9],
          "out" : [396, 396]
        }
      }
    }
  }
},
"2022-08-12 08:52:34.236 +0000" : {
  "main_scheduler" : {
    "bqs" : {
      "00096" : {
        "mmconts" : [335, 335, 335],
        "acts" : [3, 2],
        "tstate" : { "idle" : 999129, "run" : 1193, "locked" : 0, "mmap" : 0 }
      },
      "00097" : {
        "mmconts" : [315, 317, 320],
        "acts" : [15, 14],
        "tstate" : { "idle" : 994601, "run" : 5726, "locked" : 0, "mmap" : 0 }
      },
      "00098" : {
        "mmconts" : [304, 306, 310],
        "acts" : [17, 16],
        "tstate" : { "idle" : 994543, "run" : 5786, "locked" : 0, "mmap" : 0 }
      }
    }
  },
  "benchmark_io" : {
    "simple_times" : {
      "mcount" : {
        "mcount" : { "2 -- 4" : 3, "1 -- 2" : 8 }
      }
    },
    "stream_method" : {
      "conns" : [0, 0],
      "in" : [0, 0],
      "out" : [0, 0],
      "mmtasks" : [0, 0, 1],
      "load" : 0.986,
      "mcount" : {
        "mcount" : { "Protocol error" : 11 }
      },
      "http_proto0" : {
        "mcount" : {
          "mcount" : { }
        }
      },
      "source_log" : {
        "delta" : [0, 0, 0]
      },
      "loggers" : {
        "brief_logger" : {
          "records" : [11, 10],
          "out" : [484, 483]
        }
      }
    }
  }
},
"2022-08-12 08:52:35.236 +0000" : {
  "main_scheduler" : {
    "bqs" : {
      "00096" : {
        "mmconts" : [335, 335, 335],
        "acts" : [3, 2],
        "tstate" : { "idle" : 998821, "run" : 1289, "locked" : 0, "mmap" : 0 }
      },
      "00097" : {
        "mmconts" : [310, 312, 315],
        "acts" : [15, 14],
        "tstate" : { "idle" : 994747, "run" : 5362, "locked" : 0, "mmap" : 0 }
      },
      "00098" : {
        "mmconts" : [299, 301, 304],
        "acts" : [16, 15],
        "tstate" : { "idle" : 994780, "run" : 5330, "locked" : 0, "mmap" : 0 }
      }
    }
  },
  "benchmark_io" : {
    "simple_times" : {
      "mcount" : {
        "mcount" : { "4 -- 6" : 1, "2 -- 4" : 3, "1 -- 2" : 4, "1 -- 1" : 2 }
      }
    },
    "stream_method" : {
      "conns" : [0, 0],
      "in" : [0, 0],
      "out" : [0, 0],
      "mmtasks" : [0, 0, 1],
      "load" : 0.990,
      "mcount" : {
        "mcount" : { "Protocol error" : 10 }
      },
      "http_proto0" : {
        "mcount" : {
          "mcount" : { }
        }
      },
      "source_log" : {
        "delta" : [0, 0, 0]
      },
      "loggers" : {
        "brief_logger" : {
          "records" : [10, 9],
          "out" : [440, 439]
        }
      }
    }
  }
},
"2022-08-12 08:52:36.236 +0000" : {
  "main_scheduler" : {
    "bqs" : {
      "00096" : {
        "mmconts" : [335, 335, 335],
        "acts" : [3, 3],
        "tstate" : { "idle" : 998523, "run" : 1402, "locked" : 0, "mmap" : 0 }
      },
      "00097" : {
        "mmconts" : [304, 306, 310],
        "acts" : [18, 18],
        "tstate" : { "idle" : 993824, "run" : 6103, "locked" : 0, "mmap" : 0 }
      },
      "00098" : {
        "mmconts" : [294, 296, 299],
        "acts" : [16, 16],
        "tstate" : { "idle" : 994293, "run" : 5633, "locked" : 0, "mmap" : 0 }
      }
    }
  },
  "benchmark_io" : {
    "simple_times" : {
      "mcount" : {
        "mcount" : { "2 -- 4" : 1, "1 -- 2" : 10 }
      }
    },
    "stream_method" : {
      "conns" : [0, 0],
      "in" : [0, 0],
      "out" : [0, 0],
      "mmtasks" : [0, 0, 1],
      "load" : 0.986,
      "mcount" : {
        "mcount" : { "Protocol error" : 11 }
      },
      "http_proto0" : {
        "mcount" : {
          "mcount" : { }
        }
      },
      "source_log" : {
        "delta" : [0, 0, 0]
      },
      "loggers" : {
        "brief_logger" : {
          "records" : [11, 11],
          "out" : [484, 484]
        }
      }
    }
  }
},
"2022-08-12 08:52:37.236 +0000" : {
  "main_scheduler" : {
    "bqs" : {
      "00096" : {
        "mmconts" : [335, 335, 335],
        "acts" : [3, 3],
        "tstate" : { "idle" : 998417, "run" : 1262, "locked" : 0, "mmap" : 0 }
      },
      "00097" : {
        "mmconts" : [298, 301, 304],
        "acts" : [18, 18],
        "tstate" : { "idle" : 994457, "run" : 5240, "locked" : 0, "mmap" : 0 }
      },
      "00098" : {
        "mmconts" : [288, 290, 294],
        "acts" : [19, 19],
        "tstate" : { "idle" : 993389, "run" : 6306, "locked" : 0, "mmap" : 0 }
      }
    }
  },
  "benchmark_io" : {
    "simple_times" : {
      "mcount" : {
        "mcount" : { "2 -- 4" : 3, "1 -- 2" : 7, "1 -- 1" : 2 }
      }
    },
    "stream_method" : {
      "conns" : [0, 0],
      "in" : [0, 0],
      "out" : [0, 0],
      "mmtasks" : [0, 0, 1],
      "load" : 0.989,
      "mcount" : {
        "mcount" : { "Protocol error" : 12 }
      },
      "http_proto0" : {
        "mcount" : {
          "mcount" : { }
        }
      },
      "source_log" : {
        "delta" : [0, 0, 0]
      },
      "loggers" : {
        "brief_logger" : {
          "records" : [12, 12],
          "out" : [528, 528]
        }
      }
    }
  }
},
"2022-08-12 08:52:38.236 +0000" : {
  "main_scheduler" : {
    "bqs" : {
      "00096" : {
        "mmconts" : [335, 335, 335],
        "acts" : [3, 2],
        "tstate" : { "idle" : 998885, "run" : 1208, "locked" : 0, "mmap" : 0 }
      },
      "00097" : {
        "mmconts" : [292, 295, 298],
        "acts" : [18, 17],
        "tstate" : { "idle" : 994459, "run" : 5626, "locked" : 0, "mmap" : 0 }
      },
      "00098" : {
        "mmconts" : [282, 284, 288],
        "acts" : [19, 18],
        "tstate" : { "idle" : 993903, "run" : 6187, "locked" : 0, "mmap" : 0 }
      }
    }
  },
  "benchmark_io" : {
    "simple_times" : {
      "mcount" : {
        "mcount" : { "2 -- 4" : 4, "1 -- 2" : 8 }
      }
    },
    "stream_method" : {
      "conns" : [0, 0],
      "in" : [0, 0],
      "out" : [0, 0],
      "mmtasks" : [0, 0, 1],
      "load" : 0.991,
      "mcount" : {
        "mcount" : { "Protocol error" : 12 }
      },
      "http_proto0" : {
        "mcount" : {
          "mcount" : { }
        }
      },
      "source_log" : {
        "delta" : [0, 0, 0]
      },
      "loggers" : {
        "brief_logger" : {
          "records" : [12, 11],
          "out" : [528, 527]
        }
      }
    }
  }
},
"2022-08-12 08:52:39.236 +0000" : {
  "main_scheduler" : {
    "bqs" : {
      "00096" : {
        "mmconts" : [335, 335, 335],
        "acts" : [3, 2],
        "tstate" : { "idle" : 999030, "run" : 1350, "locked" : 0, "mmap" : 0 }
      },
      "00097" : {
        "mmconts" : [286, 289, 292],
        "acts" : [18, 17],
        "tstate" : { "idle" : 995704, "run" : 4658, "locked" : 0, "mmap" : 0 }
      },
      "00098" : {
        "mmconts" : [276, 278, 282],
        "acts" : [19, 18],
        "tstate" : { "idle" : 994238, "run" : 6118, "locked" : 0, "mmap" : 0 }
      }
    }
  },
  "benchmark_io" : {
    "simple_times" : {
      "mcount" : {
        "mcount" : { "2 -- 4" : 3, "1 -- 2" : 7, "1 -- 1" : 2 }
      }
    },
    "stream_method" : {
      "conns" : [0, 0],
      "in" : [0, 0],
      "out" : [0, 0],
      "mmtasks" : [0, 0, 1],
      "load" : 0.990,
      "mcount" : {
        "mcount" : { "Protocol error" : 12 }
      },
      "http_proto0" : {
        "mcount" : {
          "mcount" : { }
        }
      },
      "source_log" : {
        "delta" : [0, 0, 0]
      },
      "loggers" : {
        "brief_logger" : {
          "records" : [12, 11],
          "out" : [528, 527]
        }
      }
    }
  }
},
"2022-08-12 08:52:40.236 +0000" : {
  "main_scheduler" : {
    "bqs" : {
      "00096" : {
        "mmconts" : [335, 335, 335],
        "acts" : [3, 2],
        "tstate" : { "idle" : 998863, "run" : 1142, "locked" : 0, "mmap" : 0 }
      },
      "00097" : {
        "mmconts" : [280, 283, 286],
        "acts" : [18, 17],
        "tstate" : { "idle" : 993535, "run" : 6482, "locked" : 0, "mmap" : 0 }
      },
      "00098" : {
        "mmconts" : [269, 272, 276],
        "acts" : [22, 21],
        "tstate" : { "idle" : 993705, "run" : 6318, "locked" : 0, "mmap" : 0 }
      }
    }
  },
  "benchmark_io" : {
    "simple_times" : {
      "mcount" : {
        "mcount" : { "2 -- 4" : 4, "1 -- 2" : 6, "1 -- 1" : 3 }
      }
    },
    "stream_method" : {
      "conns" : [0, 0],
      "in" : [0, 0],
      "out" : [0, 0],
      "mmtasks" : [0, 0, 1],
      "load" : 0.987,
      "mcount" : {
        "mcount" : { "Protocol error" : 13 }
      },
      "http_proto0" : {
        "mcount" : {
          "mcount" : { }
        }
      },
      "source_log" : {
        "delta" : [0, 0, 0]
      },
      "loggers" : {
        "brief_logger" : {
          "records" : [13, 12],
          "out" : [570, 569]
        }
      }
    }
  }
},
"2022-08-12 08:52:41.236 +0000" : {
  "main_scheduler" : {
    "bqs" : {
      "00096" : {
        "mmconts" : [335, 335, 335],
        "acts" : [3, 3],
        "tstate" : { "idle" : 998338, "run" : 997, "locked" : 0, "mmap" : 0 }
      },
      "00097" : {
        "mmconts" : [273, 276, 280],
        "acts" : [21, 21],
        "tstate" : { "idle" : 992621, "run" : 6702, "locked" : 0, "mmap" : 0 }
      },
      "00098" : {
        "mmconts" : [263, 266, 269],
        "acts" : [19, 19],
        "tstate" : { "idle" : 993935, "run" : 5381, "locked" : 0, "mmap" : 0 }
      }
    }
  },
  "benchmark_io" : {
    "simple_times" : {
      "mcount" : {
        "mcount" : { "6 -- 10" : 1, "2 -- 4" : 4, "1 -- 2" : 6, "1 -- 1" : 2 }
      }
    },
    "stream_method" : {
      "conns" : [0, 0],
      "in" : [0, 0],
      "out" : [0, 0],
      "mmtasks" : [0, 0, 1],
      "load" : 0.991,
      "mcount" : {
        "mcount" : { "Protocol error" : 13 }
      },
      "http_proto0" : {
        "mcount" : {
          "mcount" : { }
        }
      },
      "source_log" : {
        "delta" : [0, 0, 0]
      },
      "loggers" : {
        "brief_logger" : {
          "records" : [13, 13],
          "out" : [572, 572]
        }
      }
    }
  }
},
"2022-08-12 08:52:42.237 +0000" : {
  "main_scheduler" : {
    "bqs" : {
      "00096" : {
        "mmconts" : [335, 335, 335],
        "acts" : [3, 2],
        "tstate" : { "idle" : 999670, "run" : 1078, "locked" : 0, "mmap" : 0 }
      },
      "00097" : {
        "mmconts" : [267, 269, 273],
        "acts" : [18, 17],
        "tstate" : { "idle" : 994980, "run" : 5787, "locked" : 0, "mmap" : 0 }
      },
      "00098" : {
        "mmconts" : [256, 259, 263],
        "acts" : [22, 21],
        "tstate" : { "idle" : 994914, "run" : 5855, "locked" : 0, "mmap" : 0 }
      }
    }
  },
  "benchmark_io" : {
    "simple_times" : {
      "mcount" : {
        "mcount" : { "2 -- 4" : 2, "1 -- 2" : 7, "1 -- 1" : 4 }
      }
    },
    "stream_method" : {
      "conns" : [0, 0],
      "in" : [0, 0],
      "out" : [0, 0],
      "mmtasks" : [0, 0, 1],
      "load" : 0.990,
      "mcount" : {
        "mcount" : { "Protocol error" : 13 }
      },
      "http_proto0" : {
        "mcount" : {
          "mcount" : { }
        }
      },
      "source_log" : {
        "delta" : [0, 0, 0]
      },
      "loggers" : {
        "brief_logger" : {
          "records" : [13, 12],
          "out" : [570, 569]
        }
      }
    }
  }
},
"2022-08-12 08:52:43.236 +0000" : {
  "main_scheduler" : {
    "bqs" : {
      "00096" : {
        "mmconts" : [335, 335, 335],
        "acts" : [3, 3],
        "tstate" : { "idle" : 998289, "run" : 897, "locked" : 0, "mmap" : 0 }
      },
      "00097" : {
        "mmconts" : [260, 263, 267],
        "acts" : [21, 21],
        "tstate" : { "idle" : 993731, "run" : 5436, "locked" : 0, "mmap" : 0 }
      },
      "00098" : {
        "mmconts" : [249, 252, 256],
        "acts" : [22, 22],
        "tstate" : { "idle" : 994265, "run" : 4901, "locked" : 0, "mmap" : 0 }
      }
    }
  },
  "benchmark_io" : {
    "simple_times" : {
      "mcount" : {
        "mcount" : { "2 -- 4" : 1, "1 -- 2" : 7, "1 -- 1" : 6 }
      }
    },
    "stream_method" : {
      "conns" : [0, 0],
      "in" : [0, 0],
      "out" : [0, 0],
      "mmtasks" : [0, 0, 1],
      "load" : 0.988,
      "mcount" : {
        "mcount" : { "Protocol error" : 14 }
      },
      "http_proto0" : {
        "mcount" : {
          "mcount" : { }
        }
      },
      "source_log" : {
        "delta" : [0, 0, 0]
      },
      "loggers" : {
        "brief_logger" : {
          "records" : [14, 14],
          "out" : [616, 616]
        }
      }
    }
  }
},
"2022-08-12 08:52:44.236 +0000" : {
  "main_scheduler" : {
    "bqs" : {
      "00096" : {
        "mmconts" : [335, 335, 335],
        "acts" : [3, 2],
        "tstate" : { "idle" : 999225, "run" : 967, "locked" : 0, "mmap" : 0 }
      },
      "00097" : {
        "mmconts" : [252, 256, 260],
        "acts" : [24, 23],
        "tstate" : { "idle" : 994218, "run" : 5982, "locked" : 0, "mmap" : 0 }
      },
      "00098" : {
        "mmconts" : [242, 245, 249],
        "acts" : [22, 21],
        "tstate" : { "idle" : 994451, "run" : 5752, "locked" : 0, "mmap" : 0 }
      }
    }
  },
  "benchmark_io" : {
    "simple_times" : {
      "mcount" : {
        "mcount" : { "2 -- 4" : 2, "1 -- 2" : 8, "1 -- 1" : 5 }
      }
    },
    "stream_method" : {
      "conns" : [0, 0],
      "in" : [0, 0],
      "out" : [0, 0],
      "mmtasks" : [0, 0, 1],
      "load" : 0.989,
      "mcount" : {
        "mcount" : { "Protocol error" : 15 }
      },
      "http_proto0" : {
        "mcount" : {
          "mcount" : { }
        }
      },
      "source_log" : {
        "delta" : [0, 0, 0]
      },
      "loggers" : {
        "brief_logger" : {
          "records" : [15, 14],
          "out" : [660, 659]
        }
      }
    }
  }
},
"2022-08-12 08:52:45.236 +0000" : {
  "main_scheduler" : {
    "bqs" : {
      "00096" : {
        "mmconts" : [335, 335, 335],
        "acts" : [3, 2],
        "tstate" : { "idle" : 999472, "run" : 1098, "locked" : 0, "mmap" : 0 }
      },
      "00097" : {
        "mmconts" : [245, 248, 252],
        "acts" : [21, 20],
        "tstate" : { "idle" : 993777, "run" : 6786, "locked" : 0, "mmap" : 0 }
      },
      "00098" : {
        "mmconts" : [235, 238, 242],
        "acts" : [24, 23],
        "tstate" : { "idle" : 994107, "run" : 6453, "locked" : 0, "mmap" : 0 }
      }
    }
  },
  "benchmark_io" : {
    "simple_times" : {
      "mcount" : {
        "mcount" : { "2 -- 4" : 3, "1 -- 2" : 10, "1 -- 1" : 1 }
      }
    },
    "stream_method" : {
      "conns" : [0, 0],
      "in" : [0, 0],
      "out" : [0, 0],
      "mmtasks" : [0, 0, 1],
      "load" : 0.990,
      "mcount" : {
        "mcount" : { "Protocol error" : 14 }
      },
      "http_proto0" : {
        "mcount" : {
          "mcount" : { }
        }
      },
      "source_log" : {
        "delta" : [0, 0, 0]
      },
      "loggers" : {
        "brief_logger" : {
          "records" : [14, 13],
          "out" : [615, 614]
        }
      }
    }
  }
},
"2022-08-12 08:52:46.237 +0000" : {
  "main_scheduler" : {
    "bqs" : {
      "00096" : {
        "mmconts" : [335, 335, 335],
        "acts" : [3, 2],
        "tstate" : { "idle" : 998799, "run" : 1250, "locked" : 0, "mmap" : 0 }
      },
      "00097" : {
        "mmconts" : [237, 241, 245],
        "acts" : [24, 23],
        "tstate" : { "idle" : 992355, "run" : 7700, "locked" : 0, "mmap" : 0 }
      },
      "00098" : {
        "mmconts" : [227, 230, 235],
        "acts" : [23, 22],
        "tstate" : { "idle" : 992689, "run" : 7373, "locked" : 0, "mmap" : 0 }
      }
    }
  },
  "benchmark_io" : {
    "simple_times" : {
      "mcount" : {
        "mcount" : { "2 -- 4" : 5, "1 -- 2" : 7, "1 -- 1" : 4 }
      }
    },
    "stream_method" : {
      "conns" : [0, 0],
      "in" : [0, 0],
      "out" : [0, 0],
      "mmtasks" : [0, 0, 1],
      "load" : 0.989,
      "mcount" : {
        "mcount" : { "Protocol error" : 16 }
      },
      "http_proto0" : {
        "mcount" : {
          "mcount" : { }
        }
      },
      "source_log" : {
        "delta" : [0, 0, 0]
      },
      "loggers" : {
        "brief_logger" : {
          "records" : [16, 15],
          "out" : [704, 703]
        }
      }
    }
  }
},
"2022-08-12 08:52:47.236 +0000" : {
  "main_scheduler" : {
    "bqs" : {
      "00096" : {
        "mmconts" : [335, 335, 335],
        "acts" : [3, 3],
        "tstate" : { "idle" : 998361, "run" : 1266, "locked" : 0, "mmap" : 0 }
      },
      "00097" : {
        "mmconts" : [230, 233, 237],
        "acts" : [21, 21],
        "tstate" : { "idle" : 993562, "run" : 6066, "locked" : 0, "mmap" : 0 }
      },
      "00098" : {
        "mmconts" : [219, 223, 227],
        "acts" : [25, 25],
        "tstate" : { "idle" : 991991, "run" : 7643, "locked" : 0, "mmap" : 0 }
      }
    }
  },
  "benchmark_io" : {
    "simple_times" : {
      "mcount" : {
        "mcount" : { "1 -- 2" : 13, "1 -- 1" : 2 }
      }
    },
    "stream_method" : {
      "conns" : [0, 0],
      "in" : [0, 0],
      "out" : [0, 0],
      "mmtasks" : [0, 0, 1],
      "load" : 0.988,
      "mcount" : {
        "mcount" : { "Protocol error" : 15 }
      },
      "http_proto0" : {
        "mcount" : {
          "mcount" : { }
        }
      },
      "source_log" : {
        "delta" : [0, 0, 0]
      },
      "loggers" : {
        "brief_logger" : {
          "records" : [15, 15],
          "out" : [660, 660]
        }
      }
    }
  }
},
"2022-08-12 08:52:48.236 +0000" : {
  "main_scheduler" : {
    "bqs" : {
      "00096" : {
        "mmconts" : [335, 335, 335],
        "acts" : [3, 2],
        "tstate" : { "idle" : 999201, "run" : 1071, "locked" : 0, "mmap" : 0 }
      },
      "00097" : {
        "mmconts" : [222, 225, 230],
        "acts" : [24, 23],
        "tstate" : { "idle" : 992827, "run" : 7445, "locked" : 0, "mmap" : 0 }
      },
      "00098" : {
        "mmconts" : [211, 215, 219],
        "acts" : [25, 24],
        "tstate" : { "idle" : 993299, "run" : 6963, "locked" : 0, "mmap" : 0 }
      }
    }
  },
  "benchmark_io" : {
    "simple_times" : {
      "mcount" : {
        "mcount" : { "2 -- 4" : 2, "1 -- 2" : 12, "1 -- 1" : 2 }
      }
    },
    "stream_method" : {
      "conns" : [0, 0],
      "in" : [0, 0],
      "out" : [0, 0],
      "mmtasks" : [0, 0, 1],
      "load" : 0.991,
      "mcount" : {
        "mcount" : { "Protocol error" : 16 }
      },
      "http_proto0" : {
        "mcount" : {
          "mcount" : { }
        }
      },
      "source_log" : {
        "delta" : [0, 0, 0]
      },
      "loggers" : {
        "brief_logger" : {
          "records" : [16, 15],
          "out" : [704, 703]
        }
      }
    }
  }
},
"2022-08-12 08:52:49.236 +0000" : {
  "main_scheduler" : {
    "bqs" : {
      "00096" : {
        "mmconts" : [335, 335, 335],
        "acts" : [3, 3],
        "tstate" : { "idle" : 998742, "run" : 1077, "locked" : 0, "mmap" : 0 }
      },
      "00097" : {
        "mmconts" : [213, 217, 222],
        "acts" : [27, 27],
        "tstate" : { "idle" : 993177, "run" : 6635, "locked" : 0, "mmap" : 0 }
      },
      "00098" : {
        "mmconts" : [203, 206, 211],
        "acts" : [25, 25],
        "tstate" : { "idle" : 991454, "run" : 8355, "locked" : 0, "mmap" : 0 }
      }
    }
  },
  "benchmark_io" : {
    "simple_times" : {
      "mcount" : {
        "mcount" : { "2 -- 4" : 2, "1 -- 2" : 12, "1 -- 1" : 3 }
      }
    },
    "stream_method" : {
      "conns" : [0, 0],
      "in" : [0, 0],
      "out" : [0, 0],
      "mmtasks" : [0, 0, 1],
      "load" : 0.990,
      "mcount" : {
        "mcount" : { "Protocol error" : 17 }
      },
      "http_proto0" : {
        "mcount" : {
          "mcount" : { }
        }
      },
      "source_log" : {
        "delta" : [0, 0, 0]
      },
      "loggers" : {
        "brief_logger" : {
          "records" : [17, 17],
          "out" : [747, 747]
        }
      }
    }
  }
},
"2022-08-12 08:52:50.236 +0000" : {
  "main_scheduler" : {
    "bqs" : {
      "00096" : {
        "mmconts" : [335, 335, 335],
        "acts" : [3, 2],
        "tstate" : { "idle" : 999045, "run" : 1098, "locked" : 0, "mmap" : 0 }
      },
      "00097" : {
        "mmconts" : [205, 209, 213],
        "acts" : [24, 23],
        "tstate" : { "idle" : 991395, "run" : 8750, "locked" : 0, "mmap" : 0 }
      },
      "00098" : {
        "mmconts" : [194, 198, 203],
        "acts" : [28, 27],
        "tstate" : { "idle" : 991591, "run" : 8555, "locked" : 0, "mmap" : 0 }
      }
    }
  },
  "benchmark_io" : {
    "simple_times" : {
      "mcount" : {
        "mcount" : { "2 -- 4" : 5, "1 -- 2" : 11, "1 -- 1" : 1 }
      }
    },
    "stream_method" : {
      "conns" : [0, 0],
      "in" : [0, 0],
      "out" : [0, 0],
      "mmtasks" : [0, 0, 1],
      "load" : 0.988,
      "mcount" : {
        "mcount" : { "Protocol error" : 17 }
      },
      "http_proto0" : {
        "mcount" : {
          "mcount" : { }
        }
      },
      "source_log" : {
        "delta" : [0, 0, 0]
      },
      "loggers" : {
        "brief_logger" : {
          "records" : [17, 16],
          "out" : [748, 747]
        }
      }
    }
  }
},
"2022-08-12 08:52:51.236 +0000" : {
  "main_scheduler" : {
    "bqs" : {
      "00096" : {
        "mmconts" : [335, 335, 335],
        "acts" : [3, 2],
        "tstate" : { "idle" : 998792, "run" : 1256, "locked" : 0, "mmap" : 0 }
      },
      "00097" : {
        "mmconts" : [196, 200, 205],
        "acts" : [27, 26],
        "tstate" : { "idle" : 992861, "run" : 7185, "locked" : 0, "mmap" : 0 }
      },
      "00098" : {
        "mmconts" : [186, 190, 194],
        "acts" : [25, 24],
        "tstate" : { "idle" : 993045, "run" : 7000, "locked" : 0, "mmap" : 0 }
      }
    }
  },
  "benchmark_io" : {
    "simple_times" : {
      "mcount" : {
        "mcount" : { "2 -- 4" : 4, "1 -- 2" : 8, "1 -- 1" : 5 }
      }
    },
    "stream_method" : {
      "conns" : [0, 0],
      "in" : [0, 0],
      "out" : [0, 0],
      "mmtasks" : [0, 0, 1],
      "load" : 0.990,
      "mcount" : {
        "mcount" : { "Protocol error" : 17 }
      },
      "http_proto0" : {
        "mcount" : {
          "mcount" : { }
        }
      },
      "source_log" : {
        "delta" : [0, 0, 0]
      },
      "loggers" : {
        "brief_logger" : {
          "records" : [17, 16],
          "out" : [746, 745]
        }
      }
    }
  }
},
"2022-08-12 08:52:52.236 +0000" : {
  "main_scheduler" : {
    "bqs" : {
      "00096" : {
        "mmconts" : [335, 335, 335],
        "acts" : [3, 3],
        "tstate" : { "idle" : 998813, "run" : 1147, "locked" : 0, "mmap" : 0 }
      },
      "00097" : {
        "mmconts" : [187, 191, 196],
        "acts" : [27, 27],
        "tstate" : { "idle" : 992333, "run" : 7639, "locked" : 0, "mmap" : 0 }
      },
      "00098" : {
        "mmconts" : [177, 181, 186],
        "acts" : [28, 28],
        "tstate" : { "idle" : 993143, "run" : 6829, "locked" : 0, "mmap" : 0 }
      }
    }
  },
  "benchmark_io" : {
    "simple_times" : {
      "mcount" : {
        "mcount" : { "4 -- 6" : 1, "1 -- 2" : 9, "1 -- 1" : 8 }
      }
    },
    "stream_method" : {
      "conns" : [0, 0],
      "in" : [0, 0],
      "out" : [0, 0],
      "mmtasks" : [0, 0, 1],
      "load" : 0.990,
      "mcount" : {
        "mcount" : { "Protocol error" : 18 }
      },
      "http_proto0" : {
        "mcount" : {
          "mcount" : { }
        }
      },
      "source_log" : {
        "delta" : [0, 0, 0]
      },
      "loggers" : {
        "brief_logger" : {
          "records" : [18, 18],
          "out" : [788, 788]
        }
      }
    }
  }
},
"2022-08-12 08:52:53.236 +0000" : {
  "main_scheduler" : {
    "bqs" : {
      "00096" : {
        "mmconts" : [335, 335, 335],
        "acts" : [3, 3],
        "tstate" : { "idle" : 998150, "run" : 1156, "locked" : 0, "mmap" : 0 }
      },
      "00097" : {
        "mmconts" : [178, 182, 187],
        "acts" : [27, 27],
        "tstate" : { "idle" : 990373, "run" : 8936, "locked" : 0, "mmap" : 0 }
      },
      "00098" : {
        "mmconts" : [168, 172, 177],
        "acts" : [28, 28],
        "tstate" : { "idle" : 990259, "run" : 9050, "locked" : 0, "mmap" : 0 }
      }
    }
  },
  "benchmark_io" : {
    "simple_times" : {
      "mcount" : {
        "mcount" : { "2 -- 4" : 3, "1 -- 2" : 14, "1 -- 1" : 1 }
      }
    },
    "stream_method" : {
      "conns" : [0, 0],
      "in" : [0, 0],
      "out" : [0, 0],
      "mmtasks" : [0, 0, 1],
      "load" : 0.988,
      "mcount" : {
        "mcount" : { "Protocol error" : 18 }
      },
      "http_proto0" : {
        "mcount" : {
          "mcount" : { }
        }
      },
      "source_log" : {
        "delta" : [0, 0, 0]
      },
      "loggers" : {
        "brief_logger" : {
          "records" : [18, 18],
          "out" : [792, 792]
        }
      }
    }
  }
},
"2022-08-12 08:52:54.236 +0000" : {
  "main_scheduler" : {
    "bqs" : {
      "00096" : {
        "mmconts" : [335, 335, 335],
        "acts" : [3, 2],
        "tstate" : { "idle" : 999527, "run" : 745, "locked" : 0, "mmap" : 0 }
      },
      "00097" : {
        "mmconts" : [169, 173, 178],
        "acts" : [27, 26],
        "tstate" : { "idle" : 994665, "run" : 5599, "locked" : 0, "mmap" : 0 }
      },
      "00098" : {
        "mmconts" : [159, 163, 168],
        "acts" : [28, 27],
        "tstate" : { "idle" : 993997, "run" : 6271, "locked" : 0, "mmap" : 0 }
      }
    }
  },
  "benchmark_io" : {
    "simple_times" : {
      "mcount" : {
        "mcount" : { "1 -- 2" : 5, "1 -- 1" : 13 }
      }
    },
    "stream_method" : {
      "conns" : [0, 0],
      "in" : [0, 0],
      "out" : [0, 0],
      "mmtasks" : [0, 0, 1],
      "load" : 0.990,
      "mcount" : {
        "mcount" : { "Protocol error" : 18 }
      },
      "http_proto0" : {
        "mcount" : {
          "mcount" : { }
        }
      },
      "source_log" : {
        "delta" : [0, 0, 0]
      },
      "loggers" : {
        "brief_logger" : {
          "records" : [18, 17],
          "out" : [792, 791]
        }
      }
    }
  }
},
"2022-08-12 08:52:55.236 +0000" : {
  "main_scheduler" : {
    "bqs" : {
      "00096" : {
        "mmconts" : [335, 335, 335],
        "acts" : [3, 3],
        "tstate" : { "idle" : 998570, "run" : 1246, "locked" : 0, "mmap" : 0 }
      },
      "00097" : {
        "mmconts" : [160, 164, 169],
        "acts" : [27, 27],
        "tstate" : { "idle" : 992057, "run" : 7759, "locked" : 0, "mmap" : 0 }
      },
      "00098" : {
        "mmconts" : [149, 153, 159],
        "acts" : [31, 31],
        "tstate" : { "idle" : 990865, "run" : 8950, "locked" : 0, "mmap" : 0 }
      }
    }
  },
  "benchmark_io" : {
    "simple_times" : {
      "mcount" : {
        "mcount" : { "2 -- 4" : 3, "1 -- 2" : 9, "1 -- 1" : 7 }
      }
    },
    "stream_method" : {
      "conns" : [0, 0],
      "in" : [0, 0],
      "out" : [0, 0],
      "mmtasks" : [0, 0, 1],
      "load" : 0.989,
      "mcount" : {
        "mcount" : { "Protocol error" : 19 }
      },
      "http_proto0" : {
        "mcount" : {
          "mcount" : { }
        }
      },
      "source_log" : {
        "delta" : [0, 0, 0]
      },
      "loggers" : {
        "brief_logger" : {
          "records" : [19, 19],
          "out" : [835, 835]
        }
      }
    }
  }
},
"2022-08-12 08:52:56.236 +0000" : {
  "main_scheduler" : {
    "bqs" : {
      "00096" : {
        "mmconts" : [335, 335, 335],
        "acts" : [3, 2],
        "tstate" : { "idle" : 999304, "run" : 1210, "locked" : 0, "mmap" : 0 }
      },
      "00097" : {
        "mmconts" : [150, 154, 160],
        "acts" : [30, 29],
        "tstate" : { "idle" : 991813, "run" : 8701, "locked" : 0, "mmap" : 0 }
      },
      "00098" : {
        "mmconts" : [139, 144, 149],
        "acts" : [31, 30],
        "tstate" : { "idle" : 991373, "run" : 9142, "locked" : 0, "mmap" : 0 }
      }
    }
  },
  "benchmark_io" : {
    "simple_times" : {
      "mcount" : {
        "mcount" : { "4 -- 6" : 1, "2 -- 4" : 3, "1 -- 2" : 12, "1 -- 1" : 4 }
      }
    },
    "stream_method" : {
      "conns" : [0, 0],
      "in" : [0, 0],
      "out" : [0, 0],
      "mmtasks" : [0, 0, 1],
      "load" : 0.990,
      "mcount" : {
        "mcount" : { "Protocol error" : 20 }
      },
      "http_proto0" : {
        "mcount" : {
          "mcount" : { }
        }
      },
      "source_log" : {
        "delta" : [0, 0, 0]
      },
      "loggers" : {
        "brief_logger" : {
          "records" : [20, 19],
          "out" : [879, 878]
        }
      }
    }
  }
},
"2022-08-12 08:52:57.236 +0000" : {
  "main_scheduler" : {
    "bqs" : {
      "00096" : {
        "mmconts" : [335, 335, 335],
        "acts" : [3, 3],
        "tstate" : { "idle" : 998587, "run" : 1342, "locked" : 0, "mmap" : 0 }
      },
      "00097" : {
        "mmconts" : [140, 144, 150],
        "acts" : [30, 30],
        "tstate" : { "idle" : 991374, "run" : 8548, "locked" : 0, "mmap" : 0 }
      },
      "00098" : {
        "mmconts" : [130, 134, 139],
        "acts" : [30, 30],
        "tstate" : { "idle" : 991453, "run" : 8465, "locked" : 0, "mmap" : 0 }
      }
    }
  },
  "benchmark_io" : {
    "simple_times" : {
      "mcount" : {
        "mcount" : { "2 -- 4" : 3, "1 -- 2" : 15, "1 -- 1" : 1 }
      }
    },
    "stream_method" : {
      "conns" : [0, 0],
      "in" : [0, 0],
      "out" : [0, 0],
      "mmtasks" : [0, 0, 1],
      "load" : 0.989,
      "mcount" : {
        "mcount" : { "Protocol error" : 19 }
      },
      "http_proto0" : {
        "mcount" : {
          "mcount" : { }
        }
      },
      "source_log" : {
        "delta" : [0, 0, 0]
      },
      "loggers" : {
        "brief_logger" : {
          "records" : [19, 19],
          "out" : [836, 836]
        }
      }
    }
  }
},
"2022-08-12 08:52:58.237 +0000" : {
  "main_scheduler" : {
    "bqs" : {
      "00096" : {
        "mmconts" : [335, 335, 335],
        "acts" : [3, 2],
        "tstate" : { "idle" : 999441, "run" : 986, "locked" : 0, "mmap" : 0 }
      },
      "00097" : {
        "mmconts" : [130, 134, 140],
        "acts" : [30, 29],
        "tstate" : { "idle" : 991872, "run" : 8562, "locked" : 0, "mmap" : 0 }
      },
      "00098" : {
        "mmconts" : [119, 124, 130],
        "acts" : [32, 31],
        "tstate" : { "idle" : 992501, "run" : 7936, "locked" : 0, "mmap" : 0 }
      }
    }
  },
  "benchmark_io" : {
    "simple_times" : {
      "mcount" : {
        "mcount" : { "2 -- 4" : 2, "1 -- 2" : 11, "1 -- 1" : 8 }
      }
    },
    "stream_method" : {
      "conns" : [0, 0],
      "in" : [0, 0],
      "out" : [0, 0],
      "mmtasks" : [0, 0, 1],
      "load" : 0.990,
      "mcount" : {
        "mcount" : { "Protocol error" : 21 }
      },
      "http_proto0" : {
        "mcount" : {
          "mcount" : { }
        }
      },
      "source_log" : {
        "delta" : [0, 0, 0]
      },
      "loggers" : {
        "brief_logger" : {
          "records" : [21, 20],
          "out" : [922, 921]
        }
      }
    }
  }
},
"2022-08-12 08:52:59.236 +0000" : {
  "main_scheduler" : {
    "bqs" : {
      "00096" : {
        "mmconts" : [335, 335, 335],
        "acts" : [3, 3],
        "tstate" : { "idle" : 998220, "run" : 1132, "locked" : 0, "mmap" : 0 }
      },
      "00097" : {
        "mmconts" : [120, 124, 130],
        "acts" : [30, 30],
        "tstate" : { "idle" : 991546, "run" : 7806, "locked" : 0, "mmap" : 0 }
      },
      "00098" : {
        "mmconts" : [109, 114, 119],
        "acts" : [31, 31],
        "tstate" : { "idle" : 990480, "run" : 8882, "locked" : 0, "mmap" : 0 }
      }
    }
  },
  "benchmark_io" : {
    "simple_times" : {
      "mcount" : {
        "mcount" : { "2 -- 4" : 4, "1 -- 2" : 8, "1 -- 1" : 8 }
      }
    },
    "stream_method" : {
      "conns" : [0, 0],
      "in" : [0, 0],
      "out" : [0, 0],
      "mmtasks" : [0, 0, 1],
      "load" : 0.990,
      "mcount" : {
        "mcount" : { "Protocol error" : 20 }
      },
      "http_proto0" : {
        "mcount" : {
          "mcount" : { }
        }
      },
      "source_log" : {
        "delta" : [0, 0, 0]
      },
      "loggers" : {
        "brief_logger" : {
          "records" : [20, 20],
          "out" : [880, 880]
        }
      }
    }
  }
},
"2022-08-12 08:53:00.237 +0000" : {
  "main_scheduler" : {
    "bqs" : {
      "00096" : {
        "mmconts" : [335, 335, 335],
        "acts" : [3, 2],
        "tstate" : { "idle" : 999530, "run" : 1028, "locked" : 0, "mmap" : 0 }
      },
      "00097" : {
        "mmconts" : [109, 114, 120],
        "acts" : [33, 32],
        "tstate" : { "idle" : 991541, "run" : 9016, "locked" : 0, "mmap" : 0 }
      },
      "00098" : {
        "mmconts" : [99, 103, 109],
        "acts" : [31, 30],
        "tstate" : { "idle" : 991259, "run" : 9289, "locked" : 0, "mmap" : 0 }
      }
    }
  },
  "benchmark_io" : {
    "simple_times" : {
      "mcount" : {
        "mcount" : { "2 -- 4" : 1, "1 -- 2" : 14, "1 -- 1" : 6 }
      }
    },
    "stream_method" : {
      "conns" : [0, 0],
      "in" : [0, 0],
      "out" : [0, 0],
      "mmtasks" : [0, 0, 1],
      "load" : 0.988,
      "mcount" : {
        "mcount" : { "Protocol error" : 21 }
      },
      "http_proto0" : {
        "mcount" : {
          "mcount" : { }
        }
      },
      "source_log" : {
        "delta" : [0, 0, 0]
      },
      "loggers" : {
        "brief_logger" : {
          "records" : [21, 20],
          "out" : [924, 923]
        }
      }
    }
  }
},
"2022-08-12 08:53:01.236 +0000" : {
  "main_scheduler" : {
    "bqs" : {
      "00096" : {
        "mmconts" : [335, 335, 335],
        "acts" : [3, 3],
        "tstate" : { "idle" : 998634, "run" : 1207, "locked" : 0, "mmap" : 0 }
      },
      "00097" : {
        "mmconts" : [98, 103, 109],
        "acts" : [33, 33],
        "tstate" : { "idle" : 991170, "run" : 8665, "locked" : 0, "mmap" : 0 }
      },
      "00098" : {
        "mmconts" : [88, 93, 99],
        "acts" : [34, 34],
        "tstate" : { "idle" : 990023, "run" : 9808, "locked" : 0, "mmap" : 0 }
      }
    }
  },
  "benchmark_io" : {
    "simple_times" : {
      "mcount" : {
        "mcount" : { "2 -- 4" : 3, "1 -- 2" : 15, "1 -- 1" : 4 }
      }
    },
    "stream_method" : {
      "conns" : [0, 0],
      "in" : [0, 0],
      "out" : [0, 0],
      "mmtasks" : [0, 0, 1],
      "load" : 0.989,
      "mcount" : {
        "mcount" : { "Protocol error" : 22 }
      },
      "http_proto0" : {
        "mcount" : {
          "mcount" : { }
        }
      },
      "source_log" : {
        "delta" : [0, 0, 0]
      },
      "loggers" : {
        "brief_logger" : {
          "records" : [22, 22],
          "out" : [968, 968]
        }
      }
    }
  }
},
"2022-08-12 08:53:02.237 +0000" : {
  "main_scheduler" : {
    "bqs" : {
      "00096" : {
        "mmconts" : [320, 329, 335],
        "acts" : [48, 47],
        "tstate" : { "idle" : 990150, "run" : 9946, "locked" : 0, "mmap" : 113 }
      },
      "00097" : {
        "mmconts" : [95, 95, 98],
        "acts" : [9, 8],
        "tstate" : { "idle" : 996847, "run" : 3368, "locked" : 0, "mmap" : 0 }
      },
      "00098" : {
        "mmconts" : [84, 84, 88],
        "acts" : [13, 12],
        "tstate" : { "idle" : 996114, "run" : 4104, "locked" : 0, "mmap" : 0 }
      }
    }
  },
  "benchmark_io" : {
    "simple_times" : {
      "mcount" : {
        "mcount" : { "4 -- 6" : 1, "2 -- 4" : 2, "1 -- 2" : 9, "1 -- 1" : 10 }
      }
    },
    "stream_method" : {
      "conns" : [0, 0],
      "in" : [0, 0],
      "out" : [0, 0],
      "mmtasks" : [0, 0, 1],
      "load" : 0.992,
      "mcount" : {
        "mcount" : { "Protocol error" : 22 }
      },
      "http_proto0" : {
        "mcount" : {
          "mcount" : { }
        }
      },
      "source_log" : {
        "delta" : [0, 0, 0]
      },
      "loggers" : {
        "brief_logger" : {
          "records" : [22, 21],
          "out" : [965, 964]
        }
      }
    }
  }
},
"2022-08-12 08:53:03.236 +0000" : {
  "main_scheduler" : {
    "bqs" : {
      "00096" : {
        "mmconts" : [300, 310, 320],
        "acts" : [63, 63],
        "tstate" : { "idle" : 982731, "run" : 16353, "locked" : 0, "mmap" : 730 }
      },
      "00097" : {
        "mmconts" : [94, 94, 95],
        "acts" : [3, 3],
        "tstate" : { "idle" : 998225, "run" : 1563, "locked" : 0, "mmap" : 27 }
      },
      "00098" : {
        "mmconts" : [83, 83, 84],
        "acts" : [4, 4],
        "tstate" : { "idle" : 998283, "run" : 1512, "locked" : 0, "mmap" : 20 }
      }
    }
  },
  "benchmark_io" : {
    "simple_times" : {
      "mcount" : {
        "mcount" : { "2 -- 4" : 1, "1 -- 2" : 13, "1 -- 1" : 8 }
      }
    },
    "stream_method" : {
      "conns" : [0, 0],
      "in" : [0, 0],
      "out" : [0, 0],
      "mmtasks" : [0, 0, 1],
      "load" : 0.991,
      "mcount" : {
        "mcount" : { "Protocol error" : 22 }
      },
      "http_proto0" : {
        "mcount" : {
          "mcount" : { }
        }
      },
      "source_log" : {
        "delta" : [0, 0, 0]
      },
      "loggers" : {
        "brief_logger" : {
          "records" : [22, 22],
          "out" : [966, 966]
        }
      }
    }
  }
},
"2022-08-12 08:53:04.236 +0000" : {
  "main_scheduler" : {
    "bqs" : {
      "00096" : {
        "mmconts" : [279, 289, 300],
        "acts" : [66, 66],
        "tstate" : { "idle" : 983676, "run" : 14878, "locked" : 0, "mmap" : 633 }
      },
      "00097" : {
        "mmconts" : [93, 93, 94],
        "acts" : [3, 3],
        "tstate" : { "idle" : 997601, "run" : 1545, "locked" : 0, "mmap" : 33 }
      },
      "00098" : {
        "mmconts" : [82, 82, 83],
        "acts" : [4, 4],
        "tstate" : { "idle" : 997536, "run" : 1626, "locked" : 0, "mmap" : 14 }
      }
    }
  },
  "benchmark_io" : {
    "simple_times" : {
      "mcount" : {
        "mcount" : { "2 -- 4" : 2, "1 -- 2" : 11, "1 -- 1" : 10 }
      }
    },
    "stream_method" : {
      "conns" : [0, 0],
      "in" : [0, 0],
      "out" : [0, 0],
      "mmtasks" : [0, 0, 1],
      "load" : 0.991,
      "mcount" : {
        "mcount" : { "Protocol error" : 23 }
      },
      "http_proto0" : {
        "mcount" : {
          "mcount" : { }
        }
      },
      "source_log" : {
        "delta" : [0, 0, 0]
      },
      "loggers" : {
        "brief_logger" : {
          "records" : [23, 23],
          "out" : [1006, 1006]
        }
      }
    }
  }
},
"2022-08-12 08:53:05.236 +0000" : {
  "main_scheduler" : {
    "bqs" : {
      "00096" : {
        "mmconts" : [258, 268, 279],
        "acts" : [66, 65],
        "tstate" : { "idle" : 985272, "run" : 14859, "locked" : 0, "mmap" : 646 }
      },
      "00097" : {
        "mmconts" : [92, 92, 93],
        "acts" : [3, 2],
        "tstate" : { "idle" : 999652, "run" : 1112, "locked" : 0, "mmap" : 19 }
      },
      "00098" : {
        "mmconts" : [81, 81, 82],
        "acts" : [4, 3],
        "tstate" : { "idle" : 999209, "run" : 1493, "locked" : 0, "mmap" : 94 }
      }
    }
  },
  "benchmark_io" : {
    "simple_times" : {
      "mcount" : {
        "mcount" : { "2 -- 4" : 3, "1 -- 2" : 6, "1 -- 1" : 14 }
      }
    },
    "stream_method" : {
      "conns" : [0, 0],
      "in" : [0, 0],
      "out" : [0, 0],
      "mmtasks" : [0, 0, 1],
      "load" : 0.991,
      "mcount" : {
        "mcount" : { "Protocol error" : 23 }
      },
      "http_proto0" : {
        "mcount" : {
          "mcount" : { }
        }
      },
      "source_log" : {
        "delta" : [0, 0, 0]
      },
      "loggers" : {
        "brief_logger" : {
          "records" : [23, 22],
          "out" : [1008, 1007]
        }
      }
    }
  }
},
"2022-08-12 08:53:06.236 +0000" : {
  "main_scheduler" : {
    "bqs" : {
      "00096" : {
        "mmconts" : [237, 247, 258],
        "acts" : [66, 66],
        "tstate" : { "idle" : 981862, "run" : 17273, "locked" : 0, "mmap" : 729 }
      },
      "00097" : {
        "mmconts" : [91, 91, 92],
        "acts" : [3, 3],
        "tstate" : { "idle" : 997815, "run" : 2001, "locked" : 0, "mmap" : 49 }
      },
      "00098" : {
        "mmconts" : [80, 80, 81],
        "acts" : [4, 4],
        "tstate" : { "idle" : 997456, "run" : 2339, "locked" : 0, "mmap" : 61 }
      }
    }
  },
  "benchmark_io" : {
    "simple_times" : {
      "mcount" : {
        "mcount" : { "4 -- 6" : 1, "2 -- 4" : 2, "1 -- 2" : 13, "1 -- 1" : 7 }
      }
    },
    "stream_method" : {
      "conns" : [0, 0],
      "in" : [0, 0],
      "out" : [0, 0],
      "mmtasks" : [0, 0, 1],
      "load" : 0.990,
      "mcount" : {
        "mcount" : { "Protocol error" : 23 }
      },
      "http_proto0" : {
        "mcount" : {
          "mcount" : { }
        }
      },
      "source_log" : {
        "delta" : [0, 0, 0]
      },
      "loggers" : {
        "brief_logger" : {
          "records" : [23, 23],
          "out" : [1012, 1012]
        }
      }
    }
  }
},
"2022-08-12 08:53:07.236 +0000" : {
  "main_scheduler" : {
    "bqs" : {
      "00096" : {
        "mmconts" : [215, 225, 237],
        "acts" : [69, 69],
        "tstate" : { "idle" : 981009, "run" : 17874, "locked" : 0, "mmap" : 887 }
      },
      "00097" : {
        "mmconts" : [90, 90, 91],
        "acts" : [3, 3],
        "tstate" : { "idle" : 997589, "run" : 2126, "locked" : 0, "mmap" : 48 }
      },
      "00098" : {
        "mmconts" : [79, 79, 80],
        "acts" : [4, 4],
        "tstate" : { "idle" : 997878, "run" : 1859, "locked" : 0, "mmap" : 22 }
      }
    }
  },
  "benchmark_io" : {
    "simple_times" : {
      "mcount" : {
        "mcount" : { "2 -- 4" : 3, "1 -- 2" : 18, "1 -- 1" : 3 }
      }
    },
    "stream_method" : {
      "conns" : [0, 0],
      "in" : [0, 0],
      "out" : [0, 0],
      "mmtasks" : [0, 0, 1],
      "load" : 0.992,
      "mcount" : {
        "mcount" : { "Protocol error" : 24 }
      },
      "http_proto0" : {
        "mcount" : {
          "mcount" : { }
        }
      },
      "source_log" : {
        "delta" : [0, 0, 0]
      },
      "loggers" : {
        "brief_logger" : {
          "records" : [24, 24],
          "out" : [1051, 1051]
        }
      }
    }
  }
},
"2022-08-12 08:53:08.236 +0000" : {
  "main_scheduler" : {
    "bqs" : {
      "00096" : {
        "mmconts" : [193, 204, 215],
        "acts" : [69, 69],
        "tstate" : { "idle" : 981408, "run" : 17687, "locked" : 0, "mmap" : 807 }
      },
      "00097" : {
        "mmconts" : [88, 88, 90],
        "acts" : [6, 6],
        "tstate" : { "idle" : 997662, "run" : 2185, "locked" : 0, "mmap" : 56 }
      },
      "00098" : {
        "mmconts" : [78, 78, 79],
        "acts" : [4, 4],
        "tstate" : { "idle" : 997884, "run" : 1971, "locked" : 0, "mmap" : 49 }
      }
    }
  },
  "benchmark_io" : {
    "simple_times" : {
      "mcount" : {
        "mcount" : { "2 -- 4" : 4, "1 -- 2" : 16, "1 -- 1" : 5 }
      }
    },
    "stream_method" : {
      "conns" : [0, 0],
      "in" : [0, 0],
      "out" : [0, 0],
      "mmtasks" : [0, 0, 1],
      "load" : 0.990,
      "mcount" : {
        "mcount" : { "Protocol error" : 25 }
      },
      "http_proto0" : {
        "mcount" : {
          "mcount" : { }
        }
      },
      "source_log" : {
        "delta" : [0, 0, 0]
      },
      "loggers" : {
        "brief_logger" : {
          "records" : [25, 25],
          "out" : [1100, 1100]
        }
      }
    }
  }
},
"2022-08-12 08:53:09.237 +0000" : {
  "main_scheduler" : {
    "bqs" : {
      "00096" : {
        "mmconts" : [171, 181, 193],
        "acts" : [71, 70],
        "tstate" : { "idle" : 982920, "run" : 16849, "locked" : 0, "mmap" : 814 }
      },
      "00097" : {
        "mmconts" : [87, 87, 88],
        "acts" : [3, 2],
        "tstate" : { "idle" : 999162, "run" : 1403, "locked" : 0, "mmap" : 18 }
      },
      "00098" : {
        "mmconts" : [77, 77, 78],
        "acts" : [4, 3],
        "tstate" : { "idle" : 998967, "run" : 1587, "locked" : 0, "mmap" : 29 }
      }
    }
  },
  "benchmark_io" : {
    "simple_times" : {
      "mcount" : {
        "mcount" : { "2 -- 4" : 2, "1 -- 2" : 15, "1 -- 1" : 7 }
      }
    },
    "stream_method" : {
      "conns" : [0, 0],
      "in" : [0, 0],
      "out" : [0, 0],
      "mmtasks" : [0, 0, 1],
      "load" : 0.991,
      "mcount" : {
        "mcount" : { "Protocol error" : 24 }
      },
      "http_proto0" : {
        "mcount" : {
          "mcount" : { }
        }
      },
      "source_log" : {
        "delta" : [0, 0, 0]
      },
      "loggers" : {
        "brief_logger" : {
          "records" : [24, 23],
          "out" : [1050, 1049]
        }
      }
    }
  }
},
"2022-08-12 08:53:10.236 +0000" : {
  "main_scheduler" : {
    "bqs" : {
      "00096" : {
        "mmconts" : [147, 158, 171],
        "acts" : [73, 73],
        "tstate" : { "idle" : 983476, "run" : 15336, "locked" : 0, "mmap" : 617 }
      },
      "00097" : {
        "mmconts" : [86, 86, 87],
        "acts" : [3, 3],
        "tstate" : { "idle" : 997914, "run" : 1500, "locked" : 0, "mmap" : 22 }
      },
      "00098" : {
        "mmconts" : [76, 76, 77],
        "acts" : [4, 4],
        "tstate" : { "idle" : 997796, "run" : 1621, "locked" : 0, "mmap" : 21 }
      }
    }
  },
  "benchmark_io" : {
    "simple_times" : {
      "mcount" : {
        "mcount" : { "2 -- 4" : 2, "1 -- 2" : 11, "1 -- 1" : 13 }
      }
    },
    "stream_method" : {
      "conns" : [0, 0],
      "in" : [0, 0],
      "out" : [0, 0],
      "mmtasks" : [0, 0, 1],
      "load" : 0.991,
      "mcount" : {
        "mcount" : { "Protocol error" : 26 }
      },
      "http_proto0" : {
        "mcount" : {
          "mcount" : { }
        }
      },
      "source_log" : {
        "delta" : [0, 0, 0]
      },
      "loggers" : {
        "brief_logger" : {
          "records" : [26, 26],
          "out" : [1138, 1138]
        }
      }
    }
  }
},
"2022-08-12 08:53:11.236 +0000" : {
  "main_scheduler" : {
    "bqs" : {
      "00096" : {
        "mmconts" : [124, 135, 147],
        "acts" : [72, 71],
        "tstate" : { "idle" : 982798, "run" : 16931, "locked" : 0, "mmap" : 803 }
      },
      "00097" : {
        "mmconts" : [85, 85, 86],
        "acts" : [3, 2],
        "tstate" : { "idle" : 999137, "run" : 1377, "locked" : 0, "mmap" : 22 }
      },
      "00098" : {
        "mmconts" : [75, 75, 76],
        "acts" : [4, 3],
        "tstate" : { "idle" : 998621, "run" : 1869, "locked" : 0, "mmap" : 48 }
      }
    }
  },
  "benchmark_io" : {
    "simple_times" : {
      "mcount" : {
        "mcount" : { "2 -- 4" : 2, "1 -- 2" : 13, "1 -- 1" : 10 }
      }
    },
    "stream_method" : {
      "conns" : [0, 0],
      "in" : [0, 0],
      "out" : [0, 0],
      "mmtasks" : [0, 0, 1],
      "load" : 0.991,
      "mcount" : {
        "mcount" : { "Protocol error" : 25 }
      },
      "http_proto0" : {
        "mcount" : {
          "mcount" : { }
        }
      },
      "source_log" : {
        "delta" : [0, 0, 0]
      },
      "loggers" : {
        "brief_logger" : {
          "records" : [25, 24],
          "out" : [1098, 1097]
        }
      }
    }
  }
},
"2022-08-12 08:53:12.236 +0000" : {
  "main_scheduler" : {
    "bqs" : {
      "00096" : {
        "mmconts" : [100, 111, 124],
        "acts" : [75, 75],
        "tstate" : { "idle" : 980105, "run" : 18792, "locked" : 0, "mmap" : 839 }
      },
      "00097" : {
        "mmconts" : [84, 84, 85],
        "acts" : [3, 3],
        "tstate" : { "idle" : 998008, "run" : 1690, "locked" : 0, "mmap" : 26 }
      },
      "00098" : {
        "mmconts" : [74, 74, 75],
        "acts" : [4, 4],
        "tstate" : { "idle" : 998113, "run" : 1587, "locked" : 0, "mmap" : 19 }
      }
    }
  },
  "benchmark_io" : {
    "simple_times" : {
      "mcount" : {
        "mcount" : { "2 -- 4" : 3, "1 -- 2" : 16, "1 -- 1" : 7 }
      }
    },
    "stream_method" : {
      "conns" : [0, 0],
      "in" : [0, 0],
      "out" : [0, 0],
      "mmtasks" : [0, 0, 1],
      "load" : 0.991,
      "mcount" : {
        "mcount" : { "Protocol error" : 26 }
      },
      "http_proto0" : {
        "mcount" : {
          "mcount" : { }
        }
      },
      "source_log" : {
        "delta" : [0, 0, 0]
      },
      "loggers" : {
        "brief_logger" : {
          "records" : [26, 26],
          "out" : [1141, 1141]
        }
      }
    }
  }
},
"2022-08-12 08:53:13.236 +0000" : {
  "main_scheduler" : {
    "bqs" : {
      "00096" : {
        "mmconts" : [76, 88, 100],
        "acts" : [75, 74],
        "tstate" : { "idle" : 984416, "run" : 15169, "locked" : 0, "mmap" : 550 }
      },
      "00097" : {
        "mmconts" : [83, 83, 84],
        "acts" : [3, 2],
        "tstate" : { "idle" : 998708, "run" : 1408, "locked" : 0, "mmap" : 20 }
      },
      "00098" : {
        "mmconts" : [72, 72, 74],
        "acts" : [7, 6],
        "tstate" : { "idle" : 998089, "run" : 2005, "locked" : 0, "mmap" : 43 }
      }
    }
  },
  "benchmark_io" : {
    "simple_times" : {
      "mcount" : {
        "mcount" : { "6 -- 10" : 1, "1 -- 2" : 7, "1 -- 1" : 19 }
      }
    },
    "stream_method" : {
      "conns" : [0, 0],
      "in" : [0, 0],
      "out" : [0, 0],
      "mmtasks" : [0, 0, 1],
      "load" : 0.992,
      "mcount" : {
        "mcount" : { "Protocol error" : 27 }
      },
      "http_proto0" : {
        "mcount" : {
          "mcount" : { }
        }
      },
      "source_log" : {
        "delta" : [0, 0, 0]
      },
      "loggers" : {
        "brief_logger" : {
          "records" : [27, 26],
          "out" : [1184, 1183]
        }
      }
    }
  }
},
"2022-08-12 08:53:14.236 +0000" : {
  "main_scheduler" : {
    "bqs" : {
      "00096" : {
        "mmconts" : [61, 66, 76],
        "acts" : [48, 47],
        "tstate" : { "idle" : 987455, "run" : 12123, "locked" : 0, "mmap" : 488 }
      },
      "00097" : {
        "mmconts" : [77, 80, 83],
        "acts" : [18, 17],
        "tstate" : { "idle" : 993515, "run" : 6312, "locked" : 0, "mmap" : 238 }
      },
      "00098" : {
        "mmconts" : [66, 70, 72],
        "acts" : [19, 18],
        "tstate" : { "idle" : 994802, "run" : 5039, "locked" : 0, "mmap" : 224 }
      }
    }
  },
  "benchmark_io" : {
    "simple_times" : {
      "mcount" : {
        "mcount" : { "2 -- 4" : 2, "1 -- 2" : 18, "1 -- 1" : 7 }
      }
    },
    "stream_method" : {
      "conns" : [0, 0],
      "in" : [0, 0],
      "out" : [0, 0],
      "mmtasks" : [0, 0, 1],
      "load" : 0.990,
      "mcount" : {
        "mcount" : { "Protocol error" : 27 }
      },
      "http_proto0" : {
        "mcount" : {
          "mcount" : { }
        }
      },
      "source_log" : {
        "delta" : [0, 0, 0]
      },
      "loggers" : {
        "brief_logger" : {
          "records" : [27, 26],
          "out" : [1184, 1183]
        }
      }
    }
  }
},
"2022-08-12 08:53:15.236 +0000" : {
  "main_scheduler" : {
    "bqs" : {
      "00096" : {
        "mmconts" : [52, 56, 61],
        "acts" : [30, 30],
        "tstate" : { "idle" : 992038, "run" : 7088, "locked" : 0, "mmap" : 265 }
      },
      "00097" : {
        "mmconts" : [68, 72, 77],
        "acts" : [27, 27],
        "tstate" : { "idle" : 992330, "run" : 6796, "locked" : 0, "mmap" : 265 }
      },
      "00098" : {
        "mmconts" : [57, 61, 66],
        "acts" : [28, 28],
        "tstate" : { "idle" : 992535, "run" : 6568, "locked" : 0, "mmap" : 287 }
      }
    }
  },
  "benchmark_io" : {
    "simple_times" : {
      "mcount" : {
        "mcount" : { "2 -- 4" : 4, "1 -- 2" : 8, "1 -- 1" : 15 }
      }
    },
    "stream_method" : {
      "conns" : [0, 0],
      "in" : [0, 0],
      "out" : [0, 0],
      "mmtasks" : [0, 0, 1],
      "load" : 0.990,
      "mcount" : {
        "mcount" : { "Protocol error" : 27 }
      },
      "http_proto0" : {
        "mcount" : {
          "mcount" : { }
        }
      },
      "source_log" : {
        "delta" : [0, 0, 0]
      },
      "loggers" : {
        "brief_logger" : {
          "records" : [27, 27],
          "out" : [1179, 1179]
        }
      }
    }
  }
},
"2022-08-12 08:53:16.236 +0000" : {
  "main_scheduler" : {
    "bqs" : {
      "00096" : {
        "mmconts" : [43, 47, 52],
        "acts" : [30, 30],
        "tstate" : { "idle" : 992608, "run" : 7020, "locked" : 0, "mmap" : 254 }
      },
      "00097" : {
        "mmconts" : [58, 63, 68],
        "acts" : [30, 30],
        "tstate" : { "idle" : 992313, "run" : 7279, "locked" : 0, "mmap" : 297 }
      },
      "00098" : {
        "mmconts" : [48, 52, 57],
        "acts" : [28, 28],
        "tstate" : { "idle" : 992847, "run" : 6809, "locked" : 0, "mmap" : 236 }
      }
    }
  },
  "benchmark_io" : {
    "simple_times" : {
      "mcount" : {
        "mcount" : { "2 -- 4" : 3, "1 -- 2" : 14, "1 -- 1" : 11 }
      }
    },
    "stream_method" : {
      "conns" : [0, 0],
      "in" : [0, 0],
      "out" : [0, 0],
      "mmtasks" : [0, 0, 1],
      "load" : 0.992,
      "mcount" : {
        "mcount" : { "Protocol error" : 28 }
      },
      "http_proto0" : {
        "mcount" : {
          "mcount" : { }
        }
      },
      "source_log" : {
        "delta" : [0, 0, 0]
      },
      "loggers" : {
        "brief_logger" : {
          "records" : [28, 28],
          "out" : [1228, 1228]
        }
      }
    }
  }
},
"2022-08-12 08:53:17.236 +0000" : {
  "main_scheduler" : {
    "bqs" : {
      "00096" : {
        "mmconts" : [34, 38, 43],
        "acts" : [30, 29],
        "tstate" : { "idle" : 992859, "run" : 7596, "locked" : 0, "mmap" : 299 }
      },
      "00097" : {
        "mmconts" : [49, 53, 58],
        "acts" : [27, 26],
        "tstate" : { "idle" : 993207, "run" : 7297, "locked" : 0, "mmap" : 251 }
      },
      "00098" : {
        "mmconts" : [38, 43, 48],
        "acts" : [31, 30],
        "tstate" : { "idle" : 990541, "run" : 9841, "locked" : 0, "mmap" : 374 }
      }
    }
  },
  "benchmark_io" : {
    "simple_times" : {
      "mcount" : {
        "mcount" : { "2 -- 4" : 5, "1 -- 2" : 14, "1 -- 1" : 9 }
      }
    },
    "stream_method" : {
      "conns" : [0, 0],
      "in" : [0, 0],
      "out" : [0, 0],
      "mmtasks" : [0, 0, 1],
      "load" : 0.990,
      "mcount" : {
        "mcount" : { "Protocol error" : 28 }
      },
      "http_proto0" : {
        "mcount" : {
          "mcount" : { }
        }
      },
      "source_log" : {
        "delta" : [0, 0, 0]
      },
      "loggers" : {
        "brief_logger" : {
          "records" : [28, 27],
          "out" : [1228, 1227]
        }
      }
    }
  }
},
"2022-08-12 08:53:18.236 +0000" : {
  "main_scheduler" : {
    "bqs" : {
      "00096" : {
        "mmconts" : [24, 28, 34],
        "acts" : [33, 33],
        "tstate" : { "idle" : 989660, "run" : 9536, "locked" : 0, "mmap" : 365 }
      },
      "00097" : {
        "mmconts" : [40, 44, 49],
        "acts" : [27, 27],
        "tstate" : { "idle" : 989960, "run" : 9264, "locked" : 0, "mmap" : 337 }
      },
      "00098" : {
        "mmconts" : [29, 33, 38],
        "acts" : [28, 28],
        "tstate" : { "idle" : 991172, "run" : 8041, "locked" : 0, "mmap" : 347 }
      }
    }
  },
  "benchmark_io" : {
    "simple_times" : {
      "mcount" : {
        "mcount" : { "2 -- 4" : 4, "1 -- 2" : 18, "1 -- 1" : 6 }
      }
    },
    "stream_method" : {
      "conns" : [0, 0],
      "in" : [0, 0],
      "out" : [0, 0],
      "mmtasks" : [0, 0, 1],
      "load" : 0.990,
      "mcount" : {
        "mcount" : { "Protocol error" : 28 }
      },
      "http_proto0" : {
        "mcount" : {
          "mcount" : { }
        }
      },
      "source_log" : {
        "delta" : [0, 0, 0]
      },
      "loggers" : {
        "brief_logger" : {
          "records" : [28, 28],
          "out" : [1230, 1230]
        }
      }
    }
  }
},
"2022-08-12 08:53:19.236 +0000" : {
  "main_scheduler" : {
    "bqs" : {
      "00096" : {
        "mmconts" : [15, 19, 24],
        "acts" : [30, 30],
        "tstate" : { "idle" : 991761, "run" : 7756, "locked" : 0, "mmap" : 342 }
      },
      "00097" : {
        "mmconts" : [30, 34, 40],
        "acts" : [30, 30],
        "tstate" : { "idle" : 990833, "run" : 8676, "locked" : 0, "mmap" : 350 }
      },
      "00098" : {
        "mmconts" : [19, 24, 29],
        "acts" : [31, 31],
        "tstate" : { "idle" : 991512, "run" : 8035, "locked" : 0, "mmap" : 312 }
      }
    }
  },
  "benchmark_io" : {
    "simple_times" : {
      "mcount" : {
        "mcount" : { "2 -- 4" : 2, "1 -- 2" : 20, "1 -- 1" : 7 }
      }
    },
    "stream_method" : {
      "conns" : [0, 0],
      "in" : [0, 0],
      "out" : [0, 0],
      "mmtasks" : [0, 0, 1],
      "load" : 0.991,
      "mcount" : {
        "mcount" : { "Protocol error" : 29 }
      },
      "http_proto0" : {
        "mcount" : {
          "mcount" : { }
        }
      },
      "source_log" : {
        "delta" : [0, 0, 0]
      },
      "loggers" : {
        "brief_logger" : {
          "records" : [29, 29],
          "out" : [1273, 1273]
        }
      }
    }
  }
},
"2022-08-12 08:53:20.237 +0000" : {
  "main_scheduler" : {
    "bqs" : {
      "00096" : {
        "mmconts" : [5, 9, 15],
        "acts" : [33, 32],
        "tstate" : { "idle" : 992701, "run" : 7663, "locked" : 0, "mmap" : 352 }
      },
      "00097" : {
        "mmconts" : [18, 23, 30],
        "acts" : [36, 35],
        "tstate" : { "idle" : 990760, "run" : 9532, "locked" : 0, "mmap" : 435 }
      },
      "00098" : {
        "mmconts" : [11, 16, 19],
        "acts" : [25, 24],
        "tstate" : { "idle" : 992230, "run" : 8128, "locked" : 0, "mmap" : 377 }
      }
    }
  },
  "benchmark_io" : {
    "simple_times" : {
      "mcount" : {
        "mcount" : { "2 -- 4" : 1, "1 -- 2" : 16, "1 -- 1" : 13 }
      }
    },
    "stream_method" : {
      "conns" : [0, 0],
      "in" : [0, 0],
      "out" : [0, 0],
      "mmtasks" : [0, 0, 1],
      "load" : 0.987,
      "mcount" : {
        "mcount" : { "Protocol error" : 30 }
      },
      "http_proto0" : {
        "mcount" : {
          "mcount" : { }
        }
      },
      "source_log" : {
        "delta" : [0, 0, 0]
      },
      "loggers" : {
        "brief_logger" : {
          "records" : [30, 29],
          "out" : [1313, 1311]
        }
      }
    }
  }
},
"2022-08-12 08:53:21.203 +0000" : {
  "main_scheduler" : {
    "bqs" : {
      "00096" : {
        "mmconts" : [3, 3, 5],
        "acts" : [8, 8],
        "tstate" : { "idle" : 963842, "run" : 2261, "locked" : 0, "mmap" : 80 }
      },
      "00097" : {
        "mmconts" : [0, 10, 18],
        "acts" : [52, 53],
        "tstate" : { "idle" : 952892, "run" : 12730, "locked" : 0, "mmap" : 541 }
      },
      "00098" : {
        "mmconts" : [1, 6, 11],
        "acts" : [31, 32],
        "tstate" : { "idle" : 958162, "run" : 7544, "locked" : 0, "mmap" : 446 }
      }
    }
  },
  "benchmark_io" : {
    "simple_times" : {
      "mcount" : {
        "mcount" : { "4 -- 6" : 1, "2 -- 4" : 3, "1 -- 2" : 11, "1 -- 1" : 14 }
      }
    },
    "stream_method" : {
      "conns" : [0, 0],
      "in" : [0, 0],
      "out" : [0, 0],
      "mmtasks" : [0, 0, 1],
      "load" : 0.990,
      "mcount" : {
        "mcount" : { "Protocol error" : 29 }
      },
      "http_proto0" : {
        "mcount" : {
          "mcount" : { }
        }
      },
      "source_log" : {
        "delta" : [0, 0, 0]
      },
      "loggers" : {
        "brief_logger" : {
          "records" : [29, 30],
          "out" : [1273, 1317]
        }
      }
    }
  }
}