1660294341.235		28642	28642	0	0	0	11876	0	0	71	0
1660294341.434		2750	2750	0	0	0	20	0	0	71	0
1660294341.628		1246	1246	0	0	0	9	0	0	71	0
1660294341.821		1208	1208	0	0	0	9	0	0	71	0
1660294342.009		1136	1136	0	0	0	11	0	0	71	0
1660294342.196		1590	1590	0	0	0	18	0	0	71	0
1660294342.380		1066	1066	0	0	0	14	0	0	71	0
1660294342.562		2948	2948	0	0	0	40	0	0	71	0
1660294342.741		3048	3048	0	0	0	25	0	0	71	0
1660294342.917		2245	2245	0	0	0	23	0	0	71	0
1660294343.092		2724	2724	0	0	0	44	0	0	71	0
1660294343.263		2065	2065	0	0	0	49	0	0	71	0
1660294343.434		1758	1758	0	0	0	11	0	0	71	0
1660294343.602		2879	2879	0	0	0	36	0	0	71	0
1660294343.768		2797	2797	0	0	0	26	0	0	71	0
1660294343.932		3131	3131	0	0	0	25	0	0	71	0
1660294344.097		3677	3677	0	0	0	30	0	0	71	0
1660294344.255		4896	4896	0	0	0	37	0	0	71	0
1660294344.414		2487	2487	0	0	0	25	0	0	71	0
1660294344.571		3168	3168	0	0	0	41	0	0	71	0
1660294344.726		2844	2844	0	0	0	34	0	0	71	0
1660294344.881		2255	2255	0	0	0	21	0	0	71	0
1660294345.033		2072	2072	0	0	0	32	0	0	71	0
1660294345.184		2771	2771	0	0	0	26	0	0	71	0
1660294345.334		2664	2664	0	0	0	30	0	0	71	0
1660294345.484		3252	3252	0	0	0	40	0	0	71	0
1660294345.631		2620	2620	0	0	0	33	0	0	71	0
1660294345.775		1961	1961	0	0	0	24	0	0	71	0
1660294345.921		2851	2851	0	0	0	24	0	0	71	0
1660294346.064		1565	1565	0	0	0	11	0	0	71	0
1660294346.205		1827	1827	0	0	0	12	0	0	71	0
1660294346.347		2361	2361	0	0	0	16	0	0	71	0
1660294346.486		1624	1624	0	0	0	13	0	0	71	0
1660294346.624		3275	3275	0	0	0	27	0	0	71	0
1660294346.762		1768	1768	0	0	0	13	0	0	71	0
1660294346.898		2796	2796	0	0	0	45	0	0	71	0
1660294347.033		1972	1972	0	0	0	20	0	0	71	0
1660294347.168		2281	2281	0	0	0	27	0	0	71	0
1660294347.302		1288	1288	0	0	0	17	0	0	71	0
1660294347.433		2553	2553	0	0	0	32	0	0	71	0
1660294347.565		2817	2817	0	0	0	42	0	0	71	0
1660294347.695		2349	2349	0	0	0	29	0	0	71	0
1660294347.825		1742	1742	0	0	0	12	0	0	71	0
1660294347.953		3070	3070	0	0	0	44	0	0	71	0
1660294348.081		1803	1803	0	0	0	26	0	0	71	0
1660294348.208		1766	1766	0	0	0	24	0	0	71	0
1660294348.335		2094	2094	0	0	0	38	0	0	71	0
1660294348.459		2511	2511	0	0	0	38	0	0	71	0
1660294348.584		2921	2921	0	0	0	25	0	0	71	0
1660294348.708		2831	2831	0	0	0	25	0	0	71	0
1660294348.831		2347	2347	0	0	0	22	0	0	71	0
1660294348.953		2002	2002	0	0	0	21	0	0	71	0
1660294349.074		1565	1565	0	0	0	9	0	0	71	0
1660294349.195		1838	1838	0	0	0	15	0	0	71	0
1660294349.315		2161	2161	0	0	0	29	0	0	71	0
1660294349.434		2030	2030	0	0	0	10	0	0	71	0
1660294349.552		2540	2540	0	0	0	28	0	0	71	0
1660294349.670		1860	1860	0	0	0	27	0	0	71	0
1660294349.788		3550	3550	0	0	0	15	0	0	71	0
1660294349.903		1400	1400	0	0	0	13	0	0	71	0
1660294350.020		1179	1179	0	0	0	17	0	0	71	0
1660294350.135		1470	1470	0	0	0	17	0	0	71	0
1660294350.249		1677	1677	0	0	0	11	0	0	71	0
1660294350.363		2091	2091	0	0	0	28	0	0	71	0
1660294350.476		2109	2109	0	0	0	22	0	0	71	0
1660294350.589		3102	3102	0	0	0	30	0	0	71	0
1660294350.702		1805	1805	0	0	0	13	0	0	71	0
1660294350.813		1580	1580	0	0	0	12	0	0	71	0
1660294350.923		1964	1964	0	0	0	36	0	0	71	0
1660294351.035		2305	2305	0	0	0	41	0	0	71	0
1660294351.144		1466	1466	0	0	0	10	0	0	71	0
1660294351.253		2701	2701	0	0	0	27	0	0	71	0
1660294351.362		2047	2047	0	0	0	37	0	0	71	0
1660294351.471		1658	1658	0	0	0	13	0	0	71	0
1660294351.577		1580	1580	0	0	0	9	0	0	71	0
1660294351.684		1293	1293	0	0	0	16	0	0	71	0
1660294351.791		1244	1244	0	0	0	17	0	0	71	0
1660294351.897		2989	2989	0	0	0	27	0	0	71	0
1660294352.003		1977	1977	0	0	0	22	0	0	71	0
1660294352.109		1101	1101	0	0	0	17	0	0	71	0
1660294352.213		1489	1489	0	0	0	14	0	0	71	0
1660294352.317		1326	1326	0	0	0	15	0	0	71	0
1660294352.422		1093	1093	0	0	0	14	0	0	71	0
1660294352.524		1091	1091	0	0	0	13	0	0	71	0
1660294352.628		1197	1197	0	0	0	12	0	0	71	0
1660294352.729		1362	1362	0	0	0	13	0	0	71	0
1660294352.831		2239	2239	0	0	0	26	0	0	71	0
1660294352.933		1707	1707	0	0	0	13	0	0	71	0
1660294353.034		2014	2014	0	0	0	40	0	0	71	0
1660294353.135		2353	2353	0	0	0	42	0	0	71	0
1660294353.235		1977	1977	0	0	0	46	0	0	71	0
1660294353.334		2154	2154	0	0	0	43	0	0	71	0
1660294353.435		1612	1612	0	0	0	38	0	0	71	0
1660294353.534		2928	2928	0	0	0	27	0	0	71	0
1660294353.632		1875	1875	0	0	0	21	0	0	71	0
1660294353.729		1619	1619	0	0	0	27	0	0	71	0
1660294353.828		2576	2576	0	0	0	27	0	0	71	0
1660294353.925		2735	2735	0	0	0	27	0	0	71	0
1660294354.023		2445	2445	0	0	0	24	0	0	71	0
1660294354.118		2280	2280	0	0	0	14	0	0	71	0
1660294354.214		2160	2160	0	0	0	30	0	0	71	0
1660294354.311		4084	4084	0	0	0	23	0	0	71	0
1660294354.406		1355	1355	0	0	0	17	0	0	71	0
1660294354.501		2720	2720	0	0	0	27	0	0	71	0
1660294354.596		2789	2789	0	0	0	24	0	0	71	0
1660294354.690		2505	2505	0	0	0	37	0	0	71	0
1660294354.785		1910	1910	0	0	0	16	0	0	71	0
1660294354.878		2241	2241	0	0	0	21	0	0	71	0
1660294354.972		2499	2499	0	0	0	26	0	0	71	0
1660294355.065		1589	1589	0	0	0	11	0	0	71	0
1660294355.157		3104	3104	0	0	0	24	0	0	71	0
1660294355.250		2449	2449	0	0	0	32	0	0	71	0
1660294355.343		2281	2281	0	0	0	19	0	0	71	0
1660294355.434		2369	2369	0	0	0	25	0	0	71	0
1660294355.525		1994	1994	0	0	0	38	0	0	71	0
1660294355.616		1596	1596	0	0	0	11	0	0	71	0
1660294355.708		2020	2020	0	0	0	31	0	0	71	0
1660294355.798		2584	2584	0	0	0	29	0	0	71	0
1660294355.888		2068	2068	0	0	0	47	0	0	71	0
1660294355.978		1666	1666	0	0	0	14	0	0	71	0
1660294356.067		1648	1648	0	0	0	38	0	0	71	0
1660294356.157		2469	2469	0	0	0	26	0	0	71	0
1660294356.246		2710	2710	0	0	0	24	0	0	71	0
1660294356.334		1882	1882	0	0	0	20	0	0	71	0
1660294356.423		2021	2021	0	0	0	39	0	0	71	0
1660294356.511		1727	1727	0	0	0	20	0	0	71	0
1660294356.599		2079	2079	0	0	0	18	0	0	71	0
1660294356.686		2831	2831	0	0	0	29	0	0	71	0
1660294356.775		2082	2082	0	0	0	20	0	0	71	0
1660294356.861		1715	1715	0	0	0	12	0	0	71	0
1660294356.947		3169	3169	0	0	0	31	0	0	71	0
1660294357.035		2182	2182	0	0	0	19	0	0	71	0
1660294357.120		1425	1425	0	0	0	13	0	0	71	0
1660294357.206		1572	1572	0	0	0	14	0	0	71	0
1660294357.293		2666	2666	0	0	0	29	0	0	71	0
1660294357.377		1734	1734	0	0	0	12	0	0	71	0
1660294357.462		2744	2744	0	0	0	24	0	0	71	0
1660294357.548		2269	2269	0	0	0	22	0	0	71	0
1660294357.632		2322	2322	0	0	0	15	0	0	71	0
1660294357.716		2156	2156	0	0	0	21	0	0	71	0
1660294357.800		2571	2571	0	0	0	24	0	0	71	0
1660294357.885		2427	2427	0	0	0	28	0	0	71	0
1660294357.968		1639	1639	0	0	0	10	0	0	71	0
1660294358.051		2047	2047	0	0	0	11	0	0	71	0
1660294358.134		2592	2592	0	0	0	31	0	0	71	0
1660294358.218		1912	1912	0	0	0	14	0	0	71	0
1660294358.300		2785	2785	0	0	0	23	0	0	71	0
1660294358.382		2350	2350	0	0	0	28	0	0	71	0
1660294358.465		2738	2738	0	0	0	24	0	0	71	0
1660294358.547		1776	1776	0	0	0	14	0	0	71	0
1660294358.629		2643	2643	0	0	0	21	0	0	71	0
1660294358.710		2021	2021	0	0	0	14	0	0	71	0
1660294358.792		2037	2037	0	0	0	24	0	0	71	0
1660294358.872		1794	1794	0	0	0	15	0	0	71	0
1660294358.954		1506	1506	0	0	0	11	0	0	71	0
1660294359.035		1078	1078	0	0	0	12	0	0	71	0
1660294359.115		2088	2088	0	0	0	27	0	0	71	0
1660294359.195		1664	1664	0	0	0	14	0	0	71	0
1660294359.274		1544	1544	0	0	0	9	0	0	71	0
1660294359.355		1155	1155	0	0	0	9	0	0	71	0
1660294359.434		2087	2087	0	0	0	12	0	0	71	0
1660294359.513		3074	3074	0	0	0	29	0	0	71	0
1660294359.592		2681	2681	0	0	0	38	0	0	71	0
1660294359.672		2132	2132	0	0	0	20	0	0	71	0
1660294359.750		1805	1805	0	0	0	17	0	0	71	0
1660294359.829		1599	1599	0	0	0	83	0	0	71	0
1660294359.907		1636	1636	0	0	0	12	0	0	71	0
1660294359.985		2609	2609	0	0	0	26	0	0	71	0
1660294360.063		1450	1450	0	0	0	10	0	0	71	0
1660294360.142		2326	2326	0	0	0	42	0	0	71	0
1660294360.218		2636	2636	0	0	0	32	0	0	71	0
1660294360.296		3005	3005	0	0	0	33	0	0	71	0
1660294360.373		1676	1676	0	0	0	21	0	0	71	0
1660294360.450		2552	2552	0	0	0	44	0	0	71	0
1660294360.527		1881	1881	0	0	0	27	0	0	71	0
1660294360.603		2613	2613	0	0	0	27	0	0	71	0
1660294360.681		2688	2688	0	0	0	24	0	0	71	0
1660294360.756		1549	1549	0	0	0	17	0	0	71	0
1660294360.832		1768	1768	0	0	0	15	0	0	71	0
1660294360.908		2463	2463	0	0	0	29	0	0	71	0
1660294360.984		1720	1720	0	0	0	10	0	0	71	0
1660294361.059		1747	1747	0	0	0	17	0	0	71	0
1660294361.134		1221	1221	0	0	0	13	0	0	71	0
1660294361.209		9096	9096	0	0	0	17	0	0	71	0
1660294361.284		1318	1318	0	0	0	9	0	0	71	0
1660294361.359		1666	1666	0	0	0	30	0	0	71	0
1660294361.434		1595	1595	0	0	0	9	0	0	71	0
1660294361.509		2483	2483	0	0	0	27	0	0	71	0
1660294361.583		1253	1253	0	0	0	12	0	0	71	0
1660294361.658		1524	1524	0	0	0	15	0	0	71	0
1660294361.731		1603	1603	0	0	0	13	0	0	71	0
1660294361.804		2690	2690	0	0	0	27	0	0	71	0
1660294361.878		1432	1432	0	0	0	12	0	0	71	0
1660294361.952		1918	1918	0	0	0	16	0	0	71	0
1660294362.025		3144	3144	0	0	0	30	0	0	71	0
1660294362.099		1858	1858	0	0	0	11	0	0	71	0
1660294362.171		2109	2109	0	0	0	23	0	0	71	0
1660294362.244		1856	1856	0	0	0	16	0	0	71	0
1660294362.317		1654	1654	0	0	0	19	0	0	71	0
1660294362.389		1663	1663	0	0	0	41	0	0	71	0
1660294362.461		1715	1715	0	0	0	14	0	0	71	0
1660294362.533		2191	2191	0	0	0	27	0	0	71	0
1660294362.606		2546	2546	0	0	0	14	0	0	71	0
1660294362.677		2139	2139	0	0	0	28	0	0	71	0
1660294362.749		2288	2288	0	0	0	15	0	0	71	0
1660294362.820		1177	1177	0	0	0	14	0	0	71	0
1660294362.892		1227	1227	0	0	0	13	0	0	71	0
1660294362.963		1164	1164	0	0	0	15	0	0	71	0
1660294363.034		1035	1035	0	0	0	12	0	0	71	0
1660294363.105		1120	1120	0	0	0	14	0	0	71	0
1660294363.176		1125	1125	0	0	0	13	0	0	71	0
1660294363.246		1117	1117	0	0	0	15	0	0	71	0
1660294363.317		1165	1165	0	0	0	11	0	0	71	0
1660294363.387		1224	1224	0	0	0	19	0	0	71	0
1660294363.457		1226	1226	0	0	0	12	0	0	71	0
1660294363.528		1672	1672	0	0	0	11	0	0	71	0
1660294363.597		2162	2162	0	0	0	12	0	0	71	0
1660294363.667		1821	1821	0	0	0	15	0	0	71	0
1660294363.737		2670	2670	0	0	0	23	0	0	71	0
1660294363.807		1569	1569	0	0	0	18	0	0	71	0
1660294363.876		2309	2309	0	0	0	13	0	0	71	0
1660294363.945		2387	2387	0	0	0	38	0	0	71	0
1660294364.014		1805	1805	0	0	0	12	0	0	71	0
1660294364.084		1945	1945	0	0	0	33	0	0	71	0
1660294364.152		1805	1805	0	0	0	23	0	0	71	0
1660294364.221		2653	2653	0	0	0	26	0	0	71	0
1660294364.289		2201	2201	0	0	0	39	0	0	71	0
1660294364.357		2165	2165	0	0	0	20	0	0	71	0
1660294364.425		1703	1703	0	0	0	12	0	0	71	0
1660294364.494		1921	1921	0	0	0	20	0	0	71	0
1660294364.562		1593	1593	0	0	0	12	0	0	71	0
1660294364.630		2538	2538	0	0	0	32	0	0	71	0
1660294364.697		2021	2021	0	0	0	13	0	0	71	0
1660294364.765		2919	2919	0	0	0	27	0	0	71	0
1660294364.832		2096	2096	0	0	0	18	0	0	71	0
1660294364.901		2049	2049	0	0	0	16	0	0	71	0
1660294364.967		1337	1337	0	0	0	18	0	0	71	0
1660294365.034		2624	2624	0	0	0	26	0	0	71	0
1660294365.101		1742	1742	0	0	0	9	0	0	71	0
1660294365.169		1650	1650	0	0	0	18	0	0	71	0
1660294365.235		1599	1599	0	0	0	17	0	0	71	0
1660294365.301		3056	3056	0	0	0	26	0	0	71	0
1660294365.369		2155	2155	0	0	0	18	0	0	71	0
1660294365.434		1433	1433	0	0	0	18	0	0	71	0
1660294365.501		1754	1754	0	0	0	19	0	0	71	0
1660294365.566		2807	2807	0	0	0	25	0	0	71	0
1660294365.632		2179	2179	0	0	0	15	0	0	71	0
1660294365.699		2634	2634	0	0	0	42	0	0	71	0
1660294365.764		1782	1782	0	0	0	12	0	0	71	0
1660294365.830		2079	2079	0	0	0	17	0	0	71	0
1660294365.895		1781	1781	0	0	0	12	0	0	71	0
1660294365.961		1372	1372	0	0	0	16	0	0	71	0
1660294366.026		1393	1393	0	0	0	18	0	0	71	0
1660294366.091		1431	1431	0	0	0	15	0	0	71	0
1660294366.157		3249	3249	0	0	0	34	0	0	71	0
1660294366.221		2723	2723	0	0	0	31	0	0	71	0
1660294366.287		2194	2194	0	0	0	24	0	0	71	0
1660294366.351		1526	1526	0	0	0	16	0	0	71	0
1660294366.415		2316	2316	0	0	0	35	0	0	71	0
1660294366.480		1684	1684	0	0	0	11	0	0	71	0
1660294366.544		2308	2308	0	0	0	25	0	0	71	0
1660294366.608		2120	2120	0	0	0	12	0	0	71	0
1660294366.673		1802	1802	0	0	0	39	0	0	71	0
1660294366.736		1639	1639	0	0	0	11	0	0	71	0
1660294366.800		2141	2141	0	0	0	36	0	0	71	0
1660294366.865		1893	1893	0	0	0	24	0	0	71	0
1660294366.928		1477	1477	0	0	0	16	0	0	71	0
1660294366.992		1803	1803	0	0	0	30	0	0	71	0
1660294367.055		1883	1883	0	0	0	15	0	0	71	0
1660294367.120		2518	2518	0	0	0	25	0	0	71	0
1660294367.182		1744	1744	0	0	0	13	0	0	71	0
1660294367.245		2891	2891	0	0	0	23	0	0	71	0
1660294367.309		2398	2398	0	0	0	16	0	0	71	0
1660294367.372		1955	1955	0	0	0	20	0	0	71	0
1660294367.435		1542	1542	0	0	0	14	0	0	71	0
1660294367.497		2189	2189	0	0	0	14	0	0	71	0
1660294367.560		2111	2111	0	0	0	37	0	0	71	0
1660294367.622		2301	2301	0	0	0	25	0	0	71	0
1660294367.684		1762	1762	0	0	0	11	0	0	71	0
1660294367.748		2089	2089	0	0	0	25	0	0	71	0
1660294367.810		1680	1680	0	0	0	10	0	0	71	0
1660294367.871		1826	1826	0	0	0	10	0	0	71	0
1660294367.933		1992	1992	0	0	0	15	0	0	71	0
1660294367.995		1923	1923	0	0	0	10	0	0	71	0
1660294368.057		2883	2883	0	0	0	22	0	0	71	0
1660294368.119		1388	1388	0	0	0	21	0	0	71	0
1660294368.181		2294	2294	0	0	0	22	0	0	71	0
1660294368.242		1551	1551	0	0	0	16	0	0	71	0
1660294368.305		3216	3216	0	0	0	31	0	0	71	0
1660294368.365		1556	1556	0	0	0	14	0	0	71	0
1660294368.427		1897	1897	0	0	0	29	0	0	71	0
1660294368.489		1691	1691	0	0	0	11	0	0	71	0
1660294368.550		2405	2405	0	0	0	25	0	0	71	0
1660294368.610		2320	2320	0	0	0	17	0	0	71	0
1660294368.671		2063	2063	0	0	0	24	0	0	71	0
1660294368.731		2044	2044	0	0	0	25	0	0	71	0
1660294368.792		2692	2692	0	0	0	24	0	0	71	0
1660294368.854		1619	1619	0	0	0	11	0	0	71	0
1660294368.913		2326	2326	0	0	0	24	0	0	71	0
1660294368.974		2129	2129	0	0	0	11	0	0	71	0
1660294369.035		1874	1874	0	0	0	10	0	0	71	0
1660294369.094		1466	1466	0	0	0	16	0	0	71	0
1660294369.155		1991	1991	0	0	0	8	0	0	71	0
1660294369.214		2210	2210	0	0	0	24	0	0	71	0
1660294369.274		2110	2110	0	0	0	38	0	0	71	0
1660294369.334		1528	1528	0	0	0	17	0	0	71	0
1660294369.394		1610	1610	0	0	0	16	0	0	71	0
1660294369.454		2555	2555	0	0	0	37	0	0	71	0
1660294369.514		2077	2077	0	0	0	37	0	0	71	0
1660294369.574		2881	2881	0	0	0	37	0	0	71	0
1660294369.633		1881	1881	0	0	0	15	0	0	71	0
1660294369.693		2687	2687	0	0	0	25	0	0	71	0
1660294369.751		2178	2178	0	0	0	23	0	0	71	0
1660294369.810		1982	1982	0	0	0	32	0	0	71	0
1660294369.870		1697	1697	0	0	0	13	0	0	71	0
1660294369.928		1826	1826	0	0	0	17	0	0	71	0
1660294369.987		2239	2239	0	0	0	24	0	0	71	0
1660294370.047		2091	2091	0	0	0	37	0	0	71	0
1660294370.105		2805	2805	0	0	0	24	0	0	71	0
1660294370.164		3368	3368	0	0	0	21	0	0	71	0
1660294370.222		1650	1650	0	0	0	15	0	0	71	0
1660294370.281		2562	2562	0	0	0	24	0	0	71	0
1660294370.339		1666	1666	0	0	0	12	0	0	71	0
1660294370.399		1441	1441	0	0	0	11	0	0	71	0
1660294370.457		1606	1606	0	0	0	16	0	0	71	0
1660294370.514		1733	1733	0	0	0	15	0	0	71	0
1660294370.572		2190	2190	0	0	0	23	0	0	71	0
1660294370.630		2183	2183	0	0	0	37	0	0	71	0
1660294370.689		3012	3012	0	0	0	23	0	0	71	0
1660294370.746		1664	1664	0	0	0	12	0	0	71	0
1660294370.804		1198	1198	0	0	0	13	0	0	71	0
1660294370.862		1157	1157	0	0	0	14	0	0	71	0
1660294370.920		2223	2223	0	0	0	9	0	0	71	0
1660294370.978		1203	1203	0	0	0	17	0	0	71	0
1660294371.034		1270	1270	0	0	0	13	0	0	71	0
1660294371.091		1734	1734	0	0	0	9	0	0	71	0
1660294371.150		2988	2988	0	0	0	23	0	0	71	0
1660294371.206		2753	2753	0	0	0	25	0	0	71	0
1660294371.263		2025	2025	0	0	0	14	0	0	71	0
1660294371.321		2481	2481	0	0	0	25	0	0	71	0
1660294371.377		1607	1607	0	0	0	23	0	0	71	0
1660294371.434		1970	1970	0	0	0	18	0	0	71	0
1660294371.492		1465	1465	0	0	0	11	0	0	71	0
1660294371.548		1314	1314	0	0	0	18	0	0	71	0
1660294371.604		1244	1244	0	0	0	8	0	0	71	0
1660294371.661		1364	1364	0	0	0	28	0	0	71	0
1660294371.717		2044	2044	0	0	0	9	0	0	71	0
1660294371.775		1917	1917	0	0	0	38	0	0	71	0
1660294371.830		1377	1377	0	0	0	12	0	0	71	0
1660294371.888		1526	1526	0	0	0	16	0	0	71	0
1660294371.944		4039	4039	0	0	0	24	0	0	71	0
1660294371.999		1246	1246	0	0	0	8	0	0	71	0
1660294372.055		1549	1549	0	0	0	11	0	0	71	0
1660294372.112		2147	2147	0	0	0	29	0	0	71	0
1660294372.167		1908	1908	0	0	0	9	0	0	71	0
1660294372.223		2012	2012	0	0	0	18	0	0	71	0
1660294372.279		2393	2393	0	0	0	24	0	0	71	0
1660294372.335		1592	1592	0	0	0	17	0	0	71	0
1660294372.390		1451	1451	0	0	0	13	0	0	71	0
1660294372.446		2061	2061	0	0	0	13	0	0	71	0
1660294372.501		1736	1736	0	0	0	12	0	0	71	0
1660294372.557		1797	1797	0	0	0	14	0	0	71	0
1660294372.613		3080	3080	0	0	0	38	0	0	71	0
1660294372.667		2277	2277	0	0	0	38	0	0	71	0
1660294372.722		2058	2058	0	0	0	33	0	0	71	0
1660294372.779		2539	2539	0	0	0	36	0	0	71	0
1660294372.833		2593	2593	0	0	0	25	0	0	71	0
1660294372.888		1811	1811	0	0	0	15	0	0	71	0
1660294372.943		1734	1734	0	0	0	13	0	0	71	0
1660294372.998		2514	2514	0	0	0	44	0	0	71	0
1660294373.052		1760	1760	0	0	0	12	0	0	71	0
1660294373.107		2202	2202	0	0	0	33	0	0	71	0
1660294373.162		2044	2044	0	0	0	38	0	0	71	0
1660294373.217		2528	2528	0	0	0	40	0	0	71	0
1660294373.272		2079	2079	0	0	0	36	0	0	71	0
1660294373.325		1802	1802	0	0	0	11	0	0	71	0
1660294373.380		1711	1711	0	0	0	12	0	0	71	0
1660294373.434		1661	1661	0	0	0	11	0	0	71	0
1660294373.488		1341	1341	0	0	0	14	0	0	71	0
1660294373.543		1178	1178	0	0	0	14	0	0	71	0
1660294373.597		1166	1166	0	0	0	11	0	0	71	0
1660294373.651		1134	1134	0	0	0	12	0	0	71	0
1660294373.705		1091	1091	0	0	0	11	0	0	71	0
1660294373.760		1168	1168	0	0	0	12	0	0	71	0
1660294373.813		1211	1211	0	0	0	11	0	0	71	0
1660294373.866		1157	1157	0	0	0	13	0	0	71	0
1660294373.920		1177	1177	0	0	0	11	0	0	71	0
1660294373.975		1151	1151	0	0	0	11	0	0	71	0
1660294374.027		1195	1195	0	0	0	12	0	0	71	0
1660294374.081		1232	1232	0	0	0	11	0	0	71	0
1660294374.134		2047	2047	0	0	0	15	0	0	71	0
1660294374.188		1281	1281	0	0	0	11	0	0	71	0
1660294374.241		1490	1490	0	0	0	11	0	0	71	0
1660294374.294		1727	1727	0	0	0	23	0	0	71	0
1660294374.348		1683	1683	0	0	0	8	0	0	71	0
1660294374.401		2375	2375	0	0	0	24	0	0	71	0
1660294374.454		1787	1787	0	0	0	13	0	0	71	0
1660294374.507		1521	1521	0	0	0	16	0	0	71	0
1660294374.560		2040	2040	0	0	0	17	0	0	71	0
1660294374.613		1770	1770	0	0	0	16	0	0	71	0
1660294374.667		2326	2326	0	0	0	41	0	0	71	0
1660294374.719		1928	1928	0	0	0	17	0	0	71	0
1660294374.771		3220	3220	0	0	0	39	0	0	71	0
1660294374.824		3050	3050	0	0	0	23	0	0	71	0
1660294374.877		2999	2999	0	0	0	34	0	0	71	0
1660294374.930		1989	1989	0	0	0	26	0	0	71	0
1660294374.982		1401	1401	0	0	0	14	0	0	71	0
1660294375.034		1154	1154	0	0	0	15	0	0	71	0
1660294375.086		1182	1182	0	0	0	16	0	0	71	0
1660294375.139		1223	1223	0	0	0	18	0	0	71	0
1660294375.191		1305	1305	0	0	0	11	0	0	71	0
1660294375.244		1803	1803	0	0	0	13	0	0	71	0
1660294375.295		1894	1894	0	0	0	12	0	0	71	0
1660294375.347		2163	2163	0	0	0	24	0	0	71	0
1660294375.400		2659	2659	0	0	0	25	0	0	71	0
1660294375.452		2244	2244	0	0	0	35	0	0	71	0
1660294375.503		2319	2319	0	0	0	35	0	0	71	0
1660294375.556		1774	1774	0	0	0	33	0	0	71	0
1660294375.607		1457	1457	0	0	0	22	0	0	71	0
1660294375.659		1658	1658	0	0	0	16	0	0	71	0
1660294375.710		1915	1915	0	0	0	15	0	0	71	0
1660294375.763		2339	2339	0	0	0	24	0	0	71	0
1660294375.813		2594	2594	0	0	0	27	0	0	71	0
1660294375.865		1889	1889	0	0	0	12	0	0	71	0
1660294375.917		2657	2657	0	0	0	25	0	0	71	0
1660294375.968		1998	1998	0	0	0	14	0	0	71	0
1660294376.019		4048	4048	0	0	0	36	0	0	71	0
1660294376.070		1287	1287	0	0	0	11	0	0	71	0
1660294376.123		2073	2073	0	0	0	18	0	0	71	0
1660294376.173		1579	1579	0	0	0	14	0	0	71	0
1660294376.224		1520	1520	0	0	0	7	0	0	71	0
1660294376.275		1604	1604	0	0	0	24	0	0	71	0
1660294376.327		2351	2351	0	0	0	31	0	0	71	0
1660294376.377		2676	2676	0	0	0	24	0	0	71	0
1660294376.428		1799	1799	0	0	0	10	0	0	71	0
1660294376.479		1924	1924	0	0	0	23	0	0	71	0
1660294376.529		1636	1636	0	0	0	18	0	0	71	0
1660294376.581		2274	2274	0	0	0	12	0	0	71	0
1660294376.631		2889	2889	0	0	0	30	0	0	71	0
1660294376.681		1745	1745	0	0	0	21	0	0	71	0
1660294376.732		1673	1673	0	0	0	12	0	0	71	0
1660294376.783		2253	2253	0	0	0	17	0	0	71	0
1660294376.834		1841	1841	0	0	0	23	0	0	71	0
1660294376.883		1901	1901	0	0	0	32	0	0	71	0
1660294376.934		1776	1776	0	0	0	11	0	0	71	0
1660294376.984		2539	2539	0	0	0	16	0	0	71	0
1660294377.034		1660	1660	0	0	0	17	0	0	71	0
1660294377.084		1490	1490	0	0	0	14	0	0	71	0
1660294377.134		2453	2453	0	0	0	25	0	0	71	0
1660294377.184		1931	1931	0	0	0	26	0	0	71	0
1660294377.236		2014	2014	0	0	0	35	0	0	71	0
1660294377.284		2742	2742	0	0	0	24	0	0	71	0
1660294377.334		1954	1954	0	0	0	14	0	0	71	0
1660294377.384		2174	2174	0	0	0	32	0	0	71	0
1660294377.434		2327	2327	0	0	0	13	0	0	71	0
1660294377.484		2138	2138	0	0	0	22	0	0	71	0
1660294377.535		1556	1556	0	0	0	12	0	0	71	0
1660294377.583		1553	1553	0	0	0	12	0	0	71	0
1660294377.633		1547	1547	0	0	0	12	0	0	71	0
1660294377.682		1729	1729	0	0	0	11	0	0	71	0
1660294377.732		1686	1686	0	0	0	23	0	0	71	0
1660294377.781		1844	1844	0	0	0	17	0	0	71	0
1660294377.831		1977	1977	0	0	0	33	0	0	71	0
1660294377.881		2447	2447	0	0	0	25	0	0	71	0
1660294377.929		2504	2504	0	0	0	11	0	0	71	0
1660294377.979		2683	2683	0	0	0	30	0	0	71	0
1660294378.028		1527	1527	0	0	0	14	0	0	71	0
1660294378.077		1444	1444	0	0	0	10	0	0	71	0
1660294378.126		1533	1533	0	0	0	9	0	0	71	0
1660294378.175		1265	1265	0	0	0	8	0	0	71	0
1660294378.225		1539	1539	0	0	0	10	0	0	71	0
1660294378.274		1373	1373	0	0	0	11	0	0	71	0
1660294378.322		2612	2612	0	0	0	45	0	0	71	0
1660294378.371		2037	2037	0	0	0	25	0	0	71	0
1660294378.420		2058	2058	0	0	0	21	0	0	71	0
1660294378.469		1880	1880	0	0	0	11	0	0	71	0
1660294378.517		2022	2022	0	0	0	24	0	0	71	0
1660294378.566		1399	1399	0	0	0	16	0	0	71	0
1660294378.616		1419	1419	0	0	0	11	0	0	71	0
1660294378.663		1583	1583	0	0	0	14	0	0	71	0
1660294378.712		2697	2697	0	0	0	25	0	0	71	0
1660294378.761		1466	1466	0	0	0	17	0	0	71	0
1660294378.809		2686	2686	0	0	0	25	0	0	71	0
1660294378.857		2572	2572	0	0	0	41	0	0	71	0
1660294378.906		1541	1541	0	0	0	11	0	0	71	0
1660294378.955		1689	1689	0	0	0	12	0	0	71	0
1660294379.002		1767	1767	0	0	0	11	0	0	71	0
1660294379.050		2198	2198	0	0	0	11	0	0	71	0
1660294379.098		1438	1438	0	0	0	15	0	0	71	0
1660294379.146		1445	1445	0	0	0	18	0	0	71	0
1660294379.194		1672	1672	0	0	0	10	0	0	71	0
1660294379.242		1512	1512	0	0	0	23	0	0	71	0
1660294379.290		2491	2491	0	0	0	21	0	0	71	0
1660294379.338		2552	2552	0	0	0	11	0	0	71	0
1660294379.386		2203	2203	0	0	0	15	0	0	71	0
1660294379.434		1715	1715	0	0	0	12	0	0	71	0
1660294379.482		2508	2508	0	0	0	24	0	0	71	0
1660294379.530		2061	2061	0	0	0	40	0	0	71	0
1660294379.577		1503	1503	0	0	0	11	0	0	71	0
1660294379.625		2037	2037	0	0	0	26	0	0	71	0
1660294379.673		1667	1667	0	0	0	35	0	0	71	0
1660294379.720		1583	1583	0	0	0	18	0	0	71	0
1660294379.768		2040	2040	0	0	0	29	0	0	71	0
1660294379.815		1660	1660	0	0	0	13	0	0	71	0
1660294379.863		1741	1741	0	0	0	28	0	0	71	0
1660294379.910		1576	1576	0	0	0	11	0	0	71	0
1660294379.957		1933	1933	0	0	0	32	0	0	71	0
1660294380.005		1690	1690	0	0	0	10	0	0	71	0
1660294380.052		1118	1118	0	0	0	14	0	0	71	0
1660294380.099		1346	1346	0	0	0	17	0	0	71	0
1660294380.147		1740	1740	0	0	0	10	0	0	71	0
1660294380.194		1832	1832	0	0	0	24	0	0	71	0
1660294380.240		1899	1899	0	0	0	39	0	0	71	0
1660294380.287		1746	1746	0	0	0	27	0	0	71	0
1660294380.335		1996	1996	0	0	0	11	0	0	71	0
1660294380.382		3020	3020	0	0	0	42	0	0	71	0
1660294380.428		2746	2746	0	0	0	38	0	0	71	0
1660294380.475		1636	1636	0	0	0	13	0	0	71	0
1660294380.522		2116	2116	0	0	0	37	0	0	71	0
1660294380.569		1297	1297	0	0	0	14	0	0	71	0
1660294380.615		1695	1695	0	0	0	11	0	0	71	0
1660294380.662		2488	2488	0	0	0	20	0	0	71	0
1660294380.710		2842	2842	0	0	0	16	0	0	71	0
1660294380.755		2028	2028	0	0	0	19	0	0	71	0
1660294380.803		1848	1848	0	0	0	12	0	0	71	0
1660294380.848		1464	1464	0	0	0	18	0	0	71	0
1660294380.895		1779	1779	0	0	0	16	0	0	71	0
1660294380.941		1669	1669	0	0	0	15	0	0	71	0
1660294380.989		1668	1668	0	0	0	12	0	0	71	0
1660294381.034		1337	1337	0	0	0	14	0	0	71	0
1660294381.080		1709	1709	0	0	0	24	0	0	71	0
1660294381.128		1315	1315	0	0	0	16	0	0	71	0
1660294381.173		1759	1759	0	0	0	18	0	0	71	0
1660294381.219		1799	1799	0	0	0	19	0	0	71	0
1660294381.266		2155	2155	0	0	0	12	0	0	71	0
1660294381.312		1720	1720	0	0	0	18	0	0	71	0
1660294381.357		2729	2729	0	0	0	24	0	0	71	0
1660294381.403		2257	2257	0	0	0	27	0	0	71	0
1660294381.450		1717	1717	0	0	0	12	0	0	71	0
1660294381.495		1963	1963	0	0	0	25	0	0	71	0
1660294381.541		1327	1327	0	0	0	10	0	0	71	0
1660294381.587		1377	1377	0	0	0	13	0	0	71	0
1660294381.633		1566	1566	0	0	0	13	0	0	71	0
1660294381.679		1414	1414	0	0	0	11	0	0	71	0
1660294381.725		1394	1394	0	0	0	10	0	0	71	0
1660294381.770		2654	2654	0	0	0	13	0	0	71	0
1660294381.817		1678	1678	0	0	0	12	0	0	71	0
1660294381.862		2218	2218	0	0	0	13	0	0	71	0
1660294381.907		1228	1228	0	0	0	13	0	0	71	0
1660294381.954		5060	5060	0	0	0	9	0	0	71	0
1660294381.998		1097	1097	0	0	0	13	0	0	71	0
1660294382.044		1284	1284	0	0	0	8	0	0	71	0
1660294382.090		1469	1469	0	0	0	22	0	0	71	0
1660294382.135		1965	1965	0	0	0	17	0	0	71	0
1660294382.180		1441	1441	0	0	0	8	0	0	71	0
1660294382.225		1972	1972	0	0	0	15	0	0	71	0
1660294382.271		2519	2519	0	0	0	26	0	0	71	0
1660294382.318		2530	2530	0	0	0	23	0	0	71	0
1660294382.361		2508	2508	0	0	0	19	0	0	71	0
1660294382.406		2766	2766	0	0	0	23	0	0	71	0
1660294382.451		2083	2083	0	0	0	21	0	0	71	0
1660294382.496		2023	2023	0	0	0	11	0	0	71	0
1660294382.541		1326	1326	0	0	0	13	0	0	71	0
1660294382.586		1369	1369	0	0	0	9	0	0	71	0
1660294382.632		2132	2132	0	0	0	12	0	0	71	0
1660294382.676		2170	2170	0	0	0	13	0	0	71	0
1660294382.722		1585	1585	0	0	0	14	0	0	71	0
1660294382.767		2023	2023	0	0	0	21	0	0	71	0
1660294382.811		2175	2175	0	0	0	24	0	0	71	0
1660294382.855		1797	1797	0	0	0	11	0	0	71	0
1660294382.900		2099	2099	0	0	0	36	0	0	71	0
1660294382.945		1191	1191	0	0	0	19	0	0	71	0
1660294382.989		2006	2006	0	0	0	13	0	0	71	0
1660294383.035		1456	1456	0	0	0	10	0	0	71	0
1660294383.079		1230	1230	0	0	0	11	0	0	71	0
1660294383.123		1449	1449	0	0	0	11	0	0	71	0
1660294383.169		1473	1473	0	0	0	10	0	0	71	0
1660294383.212		2322	2322	0	0	0	9	0	0	71	0
1660294383.257		2582	2582	0	0	0	22	0	0	71	0
1660294383.302		2338	2338	0	0	0	24	0	0	71	0
1660294383.345		2316	2316	0	0	0	12	0	0	71	0
1660294383.390		2599	2599	0	0	0	30	0	0	71	0
1660294383.434		2416	2416	0	0	0	25	0	0	71	0
1660294383.478		2426	2426	0	0	0	14	0	0	71	0
1660294383.524		2509	2509	0	0	0	20	0	0	71	0
1660294383.567		1317	1317	0	0	0	20	0	0	71	0
1660294383.611		1707	1707	0	0	0	10	0	0	71	0
1660294383.656		1299	1299	0	0	0	9	0	0	71	0
1660294383.699		1292	1292	0	0	0	8	0	0	71	0
1660294383.743		1370	1370	0	0	0	14	0	0	71	0
1660294383.787		1673	1673	0	0	0	13	0	0	71	0
1660294383.831		1525	1525	0	0	0	8	0	0	71	0
1660294383.875		1743	1743	0	0	0	10	0	0	71	0
1660294383.919		1780	1780	0	0	0	11	0	0	71	0
1660294383.963		1928	1928	0	0	0	21	0	0	71	0
1660294384.007		2070	2070	0	0	0	24	0	0	71	0
1660294384.051		1324	1324	0	0	0	13	0	0	71	0
1660294384.094		1219	1219	0	0	0	11	0	0	71	0
1660294384.139		1204	1204	0	0	0	7	0	0	71	0
1660294384.182		1197	1197	0	0	0	8	0	0	71	0
1660294384.225		1171	1171	0	0	0	8	0	0	71	0
1660294384.270		1256	1256	0	0	0	8	0	0	71	0
1660294384.313		1195	1195	0	0	0	7	0	0	71	0
1660294384.356		1203	1203	0	0	0	8	0	0	71	0
1660294384.400		1289	1289	0	0	0	8	0	0	71	0
1660294384.444		1215	1215	0	0	0	12	0	0	71	0
1660294384.487		1223	1223	0	0	0	11	0	0	71	0
1660294384.530		1187	1187	0	0	0	11	0	0	71	0
1660294384.573		1167	1167	0	0	0	13	0	0	71	0
1660294384.617		1376	1376	0	0	0	13	0	0	71	0
1660294384.661		1339	1339	0	0	0	14	0	0	71	0
1660294384.703		1360	1360	0	0	0	15	0	0	71	0
1660294384.747		1275	1275	0	0	0	12	0	0	71	0
1660294384.790		2538	2538	0	0	0	24	0	0	71	0
1660294384.833		2488	2488	0	0	0	28	0	0	71	0
1660294384.877		2862	2862	0	0	0	23	0	0	71	0
1660294384.920		1500	1500	0	0	0	11	0	0	71	0
1660294384.962		1760	1760	0	0	0	11	0	0	71	0
1660294385.005		1728	1728	0	0	0	14	0	0	71	0
1660294385.048		1790	1790	0	0	0	12	0	0	71	0
1660294385.091		2136	2136	0	0	0	24	0	0	71	0
1660294385.135		2693	2693	0	0	0	22	0	0	71	0
1660294385.178		1865	1865	0	0	0	12	0	0	71	0
1660294385.220		1280	1280	0	0	0	12	0	0	71	0
1660294385.263		2158	2158	0	0	0	30	0	0	71	0
1660294385.306		2139	2139	0	0	0	33	0	0	71	0
1660294385.350		1956	1956	0	0	0	35	0	0	71	0
1660294385.391		4624	4624	0	0	0	39	0	0	71	0
1660294385.434		2462	2462	0	0	0	36	0	0	71	0
1660294385.477		1479	1479	0	0	0	11	0	0	71	0
1660294385.519		2009	2009	0	0	0	24	0	0	71	0
1660294385.562		1452	1452	0	0	0	11	0	0	71	0
1660294385.605		2091	2091	0	0	0	23	0	0	71	0
1660294385.647		1678	1678	0	0	0	16	0	0	71	0
1660294385.690		1196	1196	0	0	0	14	0	0	71	0
1660294385.732		1757	1757	0	0	0	11	0	0	71	0
1660294385.775		1560	1560	0	0	0	10	0	0	71	0
1660294385.817		1566	1566	0	0	0	10	0	0	71	0
1660294385.860		3062	3062	0	0	0	24	0	0	71	0
1660294385.903		1899	1899	0	0	0	10	0	0	71	0
1660294385.945		3061	3061	0	0	0	28	0	0	71	0
1660294385.987		2005	2005	0	0	0	23	0	0	71	0
1660294386.029		1914	1914	0	0	0	12	0	0	71	0
1660294386.072		1361	1361	0	0	0	18	0	0	71	0
1660294386.113		2202	2202	0	0	0	11	0	0	71	0
1660294386.155		1819	1819	0	0	0	11	0	0	71	0
1660294386.199		1182	1182	0	0	0	10	0	0	71	0
1660294386.241		1754	1754	0	0	0	8	0	0	71	0
1660294386.282		1687	1687	0	0	0	9	0	0	71	0
1660294386.324		2362	2362	0	0	0	16	0	0	71	0
1660294386.367		2398	2398	0	0	0	24	0	0	71	0
1660294386.409		3103	3103	0	0	0	24	0	0	71	0
1660294386.450		1659	1659	0	0	0	12	0	0	71	0
1660294386.493		2325	2325	0	0	0	16	0	0	71	0
1660294386.534		2432	2432	0	0	0	23	0	0	71	0
1660294386.577		1891	1891	0	0	0	22	0	0	71	0
1660294386.618		2622	2622	0	0	0	21	0	0	71	0
1660294386.660		2394	2394	0	0	0	22	0	0	71	0
1660294386.702		1278	1278	0	0	0	9	0	0	71	0
1660294386.744		2950	2950	0	0	0	23	0	0	71	0
1660294386.784		2047	2047	0	0	0	25	0	0	71	0
1660294386.826		2083	2083	0	0	0	22	0	0	71	0
1660294386.868		1778	1778	0	0	0	9	0	0	71	0
1660294386.909		1853	1853	0	0	0	10	0	0	71	0
1660294386.952		2245	2245	0	0	0	23	0	0	71	0
1660294386.994		2014	2014	0	0	0	17	0	0	71	0
1660294387.034		1903	1903	0	0	0	17	0	0	71	0
1660294387.076		2245	2245	0	0	0	14	0	0	71	0
1660294387.118		1540	1540	0	0	0	11	0	0	71	0
1660294387.159		1566	1566	0	0	0	8	0	0	71	0
1660294387.200		1730	1730	0	0	0	11	0	0	71	0
1660294387.241		1162	1162	0	0	0	12	0	0	71	0
1660294387.283		1631	1631	0	0	0	37	0	0	71	0
1660294387.324		2153	2153	0	0	0	15	0	0	71	0
1660294387.365		2174	2174	0	0	0	16	0	0	71	0
1660294387.408		1637	1637	0	0	0	16	0	0	71	0
1660294387.448		1596	1596	0	0	0	16	0	0	71	0
1660294387.489		1513	1513	0	0	0	18	0	0	71	0
1660294387.530		2499	2499	0	0	0	17	0	0	71	0
1660294387.572		2528	2528	0	0	0	12	0	0	71	0
1660294387.613		2744	2744	0	0	0	25	0	0	71	0
1660294387.654		2470	2470	0	0	0	22	0	0	71	0
1660294387.695		1299	1299	0	0	0	11	0	0	71	0
1660294387.736		1485	1485	0	0	0	13	0	0	71	0
1660294387.777		1654	1654	0	0	0	22	0	0	71	0
1660294387.818		1606	1606	0	0	0	34	0	0	71	0
1660294387.859		1717	1717	0	0	0	11	0	0	71	0
1660294387.900		1753	1753	0	0	0	11	0	0	71	0
1660294387.941		3189	3189	0	0	0	34	0	0	71	0
1660294387.981		1881	1881	0	0	0	11	0	0	71	0
1660294388.022		2576	2576	0	0	0	24	0	0	71	0
1660294388.064		1689	1689	0	0	0	15	0	0	71	0
1660294388.105		2698	2698	0	0	0	23	0	0	71	0
1660294388.145		1671	1671	0	0	0	14	0	0	71	0
1660294388.185		1589	1589	0	0	0	14	0	0	71	0
1660294388.227		1855	1855	0	0	0	15	0	0	71	0
1660294388.267		1445	1445	0	0	0	9	0	0	71	0
1660294388.307		1374	1374	0	0	0	19	0	0	71	0
1660294388.348		1471	1471	0	0	0	20	0	0	71	0
1660294388.389		2018	2018	0	0	0	9	0	0	71	0
1660294388.430		1661	1661	0	0	0	9	0	0	71	0
1660294388.471		2132	2132	0	0	0	13	0	0	71	0
1660294388.511		2239	2239	0	0	0	23	0	0	71	0
1660294388.552		2628	2628	0	0	0	23	0	0	71	0
1660294388.591		1909	1909	0	0	0	21	0	0	71	0
1660294388.632		1600	1600	0	0	0	10	0	0	71	0
1660294388.673		1269	1269	0	0	0	14	0	0	71	0
1660294388.712		1457	1457	0	0	0	15	0	0	71	0
1660294388.753		1864	1864	0	0	0	23	0	0	71	0
1660294388.794		2453	2453	0	0	0	22	0	0	71	0
1660294388.834		2093	2093	0	0	0	13	0	0	71	0
1660294388.874		1693	1693	0	0	0	14	0	0	71	0
1660294388.914		1807	1807	0	0	0	9	0	0	71	0
1660294388.954		2646	2646	0	0	0	26	0	0	71	0
1660294388.994		1729	1729	0	0	0	11	0	0	71	0
1660294389.035		1588	1588	0	0	0	13	0	0	71	0
1660294389.074		1528	1528	0	0	0	8	0	0	71	0
1660294389.114		1692	1692	0	0	0	16	0	0	71	0
1660294389.154		1659	1659	0	0	0	8	0	0	71	0
1660294389.195		2133	2133	0	0	0	15	0	0	71	0
1660294389.235		1602	1602	0	0	0	15	0	0	71	0
1660294389.274		1269	1269	0	0	0	10	0	0	71	0
1660294389.314		1174	1174	0	0	0	10	0	0	71	0
1660294389.354		1165	1165	0	0	0	8	0	0	71	0
1660294389.394		1657	1657	0	0	0	12	0	0	71	0
1660294389.435		2676	2676	0	0	0	11	0	0	71	0
1660294389.474		1974	1974	0	0	0	9	0	0	71	0
1660294389.514		3027	3027	0	0	0	22	0	0	71	0
1660294389.554		2458	2458	0	0	0	36	0	0	71	0
1660294389.593		2381	2381	0	0	0	11	0	0	71	0
1660294389.633		1913	1913	0	0	0	15	0	0	71	0
1660294389.673		1246	1246	0	0	0	14	0	0	71	0
1660294389.713		1609	1609	0	0	0	10	0	0	71	0
1660294389.752		1656	1656	0	0	0	8	0	0	71	0
1660294389.792		1223	1223	0	0	0	9	0	0	71	0
1660294389.832		1268	1268	0	0	0	10	0	0	71	0
1660294389.871		1789	1789	0	0	0	24	0	0	71	0
1660294389.911		1407	1407	0	0	0	13	0	0	71	0
1660294389.950		1958	1958	0	0	0	12	0	0	71	0
1660294389.990		1534	1534	0	0	0	15	0	0	71	0
1660294390.029		1386	1386	0	0	0	14	0	0	71	0
1660294390.069		1431	1431	0	0	0	12	0	0	71	0
1660294390.108		1551	1551	0	0	0	36	0	0	71	0
1660294390.148		2030	2030	0	0	0	11	0	0	71	0
1660294390.187		1243	1243	0	0	0	8	0	0	71	0
1660294390.226		1296	1296	0	0	0	8	0	0	71	0
1660294390.266		2331	2331	0	0	0	51	0	0	71	0
1660294390.305		1216	1216	0	0	0	12	0	0	71	0
1660294390.344		2245	2245	0	0	0	17	0	0	71	0
1660294390.383		1987	1987	0	0	0	23	0	0	71	0
1660294390.423		1680	1680	0	0	0	10	0	0	71	0
1660294390.462		2905	2905	0	0	0	30	0	0	71	0
1660294390.501		1807	1807	0	0	0	11	0	0	71	0
1660294390.540		3081	3081	0	0	0	22	0	0	71	0
1660294390.579		2048	2048	0	0	0	11	0	0	71	0
1660294390.620		1875	1875	0	0	0	10	0	0	71	0
1660294390.659		1906	1906	0	0	0	12	0	0	71	0
1660294390.697		1239	1239	0	0	0	14	0	0	71	0
1660294390.736		1531	1531	0	0	0	10	0	0	71	0
1660294390.775		1792	1792	0	0	0	13	0	0	71	0
1660294390.814		1408	1408	0	0	0	11	0	0	71	0
1660294390.854		1568	1568	0	0	0	10	0	0	71	0
1660294390.892		1554	1554	0	0	0	15	0	0	71	0
1660294390.931		2157	2157	0	0	0	28	0	0	71	0
1660294390.969		1571	1571	0	0	0	15	0	0	71	0
1660294391.008		1661	1661	0	0	0	8	0	0	71	0
1660294391.047		1915	1915	0	0	0	10	0	0	71	0
1660294391.087		1848	1848	0	0	0	13	0	0	71	0
1660294391.125		1410	1410	0	0	0	10	0	0	71	0
1660294391.163		1533	1533	0	0	0	11	0	0	71	0
1660294391.202		1303	1303	0	0	0	8	0	0	71	0
1660294391.241		2037	2037	0	0	0	12	0	0	71	0
1660294391.281		1525	1525	0	0	0	12	0	0	71	0
1660294391.318		1259	1259	0	0	0	9	0	0	71	0
1660294391.358		1342	1342	0	0	0	8	0	0	71	0
1660294391.396		1669	1669	0	0	0	11	0	0	71	0
1660294391.434		2482	2482	0	0	0	22	0	0	71	0
1660294391.473		1642	1642	0	0	0	10	0	0	71	0
1660294391.511		1964	1964	0	0	0	22	0	0	71	0
1660294391.550		1642	1642	0	0	0	11	0	0	71	0
1660294391.588		2338	2338	0	0	0	22	0	0	71	0
1660294391.627		2167	2167	0	0	0	28	0	0	71	0
1660294391.665		2679	2679	0	0	0	36	0	0	71	0
1660294391.704		1283	1283	0	0	0	12	0	0	71	0
1660294391.743		1258	1258	0	0	0	15	0	0	71	0
1660294391.780		1722	1722	0	0	0	11	0	0	71	0
1660294391.819		2187	2187	0	0	0	23	0	0	71	0
1660294391.858		1745	1745	0	0	0	12	0	0	71	0
1660294391.895		1978	1978	0	0	0	25	0	0	71	0
1660294391.934		1847	1847	0	0	0	10	0	0	71	0
1660294391.972		2261	2261	0	0	0	10	0	0	71	0
1660294392.010		2703	2703	0	0	0	23	0	0	71	0
1660294392.050		1887	1887	0	0	0	12	0	0	71	0
1660294392.087		1371	1371	0	0	0	13	0	0	71	0
1660294392.125		2156	2156	0	0	0	11	0	0	71	0
1660294392.164		2712	2712	0	0	0	23	0	0	71	0
1660294392.202		1335	1335	0	0	0	9	0	0	71	0
1660294392.239		1304	1304	0	0	0	10	0	0	71	0
1660294392.277		1310	1310	0	0	0	10	0	0	71	0
1660294392.316		1294	1294	0	0	0	15	0	0	71	0
1660294392.354		1254	1254	0	0	0	13	0	0	71	0
1660294392.391		1261	1261	0	0	0	16	0	0	71	0
1660294392.429		1491	1491	0	0	0	10	0	0	71	0
1660294392.467		1416	1416	0	0	0	10	0	0	71	0
1660294392.505		1398	1398	0	0	0	10	0	0	71	0
1660294392.544		1770	1770	0	0	0	11	0	0	71	0
1660294392.581		2204	2204	0	0	0	15	0	0	71	0
1660294392.619		1663	1663	0	0	0	13	0	0	71	0
1660294392.657		1782	1782	0	0	0	10	0	0	71	0
1660294392.695		1284	1284	0	0	0	14	0	0	71	0
1660294392.733		1979	1979	0	0	0	12	0	0	71	0
1660294392.770		1351	1351	0	0	0	10	0	0	71	0
1660294392.808		1100	1100	0	0	0	10	0	0	71	0
1660294392.846		1204	1204	0	0	0	9	0	0	71	0
1660294392.884		8956	8956	0	0	0	10	0	0	71	0
1660294392.921		1247	1247	0	0	0	16	0	0	71	0
1660294392.960		1286	1286	0	0	0	13	0	0	71	0
1660294392.997		2422	2422	0	0	0	8	0	0	71	0
1660294393.035		1485	1485	0	0	0	9	0	0	71	0
1660294393.073		1342	1342	0	0	0	15	0	0	71	0
1660294393.110		1539	1539	0	0	0	16	0	0	71	0
1660294393.147		1949	1949	0	0	0	35	0	0	71	0
1660294393.184		1201	1201	0	0	0	9	0	0	71	0
1660294393.222		1131	1131	0	0	0	10	0	0	71	0
1660294393.259		1614	1614	0	0	0	22	0	0	71	0
1660294393.298		2011	2011	0	0	0	11	0	0	71	0
1660294393.334		2416	2416	0	0	0	31	0	0	71	0
1660294393.372		1511	1511	0	0	0	13	0	0	71	0
1660294393.409		1750	1750	0	0	0	12	0	0	71	0
1660294393.447		1810	1810	0	0	0	14	0	0	71	0
1660294393.484		1808	1808	0	0	0	9	0	0	71	0
1660294393.522		2569	2569	0	0	0	35	0	0	71	0
1660294393.559		1766	1766	0	0	0	13	0	0	71	0
1660294393.596		2807	2807	0	0	0	23	0	0	71	0
1660294393.634		1581	1581	0	0	0	13	0	0	71	0
1660294393.672		2152	2152	0	0	0	9	0	0	71	0
1660294393.709		1406	1406	0	0	0	11	0	0	71	0
1660294393.745		1139	1139	0	0	0	11	0	0	71	0
1660294393.782		1306	1306	0	0	0	9	0	0	71	0
1660294393.819		1611	1611	0	0	0	15	0	0	71	0
1660294393.856		1653	1653	0	0	0	8	0	0	71	0
1660294393.895		2433	2433	0	0	0	22	0	0	71	0
1660294393.931		1786	1786	0	0	0	27	0	0	71	0
1660294393.968		2297	2297	0	0	0	22	0	0	71	0
1660294394.005		2430	2430	0	0	0	20	0	0	71	0
1660294394.042		2182	2182	0	0	0	24	0	0	71	0
1660294394.079		2197	2197	0	0	0	24	0	0	71	0
1660294394.116		1623	1623	0	0	0	12	0	0	71	0
1660294394.153		2002	2002	0	0	0	22	0	0	71	0
1660294394.190		1134	1134	0	0	0	11	0	0	71	0
1660294394.228		1200	1200	0	0	0	11	0	0	71	0
1660294394.264		1607	1607	0	0	0	35	0	0	71	0
1660294394.302		1918	1918	0	0	0	23	0	0	71	0
1660294394.337		3975	3975	0	0	0	36	0	0	71	0
1660294394.374		1942	1942	0	0	0	13	0	0	71	0
1660294394.411		1927	1927	0	0	0	16	0	0	71	0
1660294394.448		2331	2331	0	0	0	23	0	0	71	0
1660294394.485		2838	2838	0	0	0	36	0	0	71	0
1660294394.522		2410	2410	0	0	0	21	0	0	71	0
1660294394.559		1917	1917	0	0	0	35	0	0	71	0
1660294394.595		2561	2561	0	0	0	35	0	0	71	0
1660294394.632		1931	1931	0	0	0	12	0	0	71	0
1660294394.668		2667	2667	0	0	0	24	0	0	71	0
1660294394.705		1457	1457	0	0	0	11	0	0	71	0
1660294394.742		1224	1224	0	0	0	10	0	0	71	0
1660294394.779		1411	1411	0	0	0	9	0	0	71	0
1660294394.815		1241	1241	0	0	0	8	0	0	71	0
1660294394.852		1197	1197	0	0	0	11	0	0	71	0
1660294394.888		1247	1247	0	0	0	17	0	0	71	0
1660294394.926		1218	1218	0	0	0	8	0	0	71	0
1660294394.962		1186	1186	0	0	0	8	0	0	71	0
1660294394.998		1405	1405	0	0	0	12	0	0	71	0
1660294395.034		1018	1018	0	0	0	9	0	0	71	0
1660294395.071		1145	1145	0	0	0	12	0	0	71	0
1660294395.107		1163	1163	0	0	0	7	0	0	71	0
1660294395.144		1257	1257	0	0	0	8	0	0	71	0
1660294395.180		1243	1243	0	0	0	7	0	0	71	0
1660294395.217		1195	1195	0	0	0	7	0	0	71	0
1660294395.253		1183	1183	0	0	0	8	0	0	71	0
1660294395.290		1260	1260	0	0	0	11	0	0	71	0
1660294395.325		1467	1467	0	0	0	13	0	0	71	0
1660294395.362		1644	1644	0	0	0	11	0	0	71	0
1660294395.399		1316	1316	0	0	0	9	0	0	71	0
1660294395.434		1380	1380	0	0	0	10	0	0	71	0
1660294395.470		2793	2793	0	0	0	23	0	0	71	0
1660294395.508		1830	1830	0	0	0	10	0	0	71	0
1660294395.544		2717	2717	0	0	0	21	0	0	71	0
1660294395.579		1256	1256	0	0	0	11	0	0	71	0
1660294395.615		1848	1848	0	0	0	23	0	0	71	0
1660294395.651		1718	1718	0	0	0	16	0	0	71	0
1660294395.687		1686	1686	0	0	0	22	0	0	71	0
1660294395.724		2722	2722	0	0	0	24	0	0	71	0
1660294395.760		1690	1690	0	0	0	16	0	0	71	0
1660294395.796		1621	1621	0	0	0	15	0	0	71	0
1660294395.833		1278	1278	0	0	0	9	0	0	71	0
1660294395.868		1514	1514	0	0	0	10	0	0	71	0
1660294395.904		1218	1218	0	0	0	10	0	0	71	0
1660294395.940		1561	1561	0	0	0	10	0	0	71	0
1660294395.976		1655	1655	0	0	0	10	0	0	71	0
1660294396.012		1966	1966	0	0	0	9	0	0	71	0
1660294396.048		2265	2265	0	0	0	22	0	0	71	0
1660294396.084		1459	1459	0	0	0	10	0	0	71	0
1660294396.119		1737	1737	0	0	0	11	0	0	71	0
1660294396.155		1777	1777	0	0	0	11	0	0	71	0
1660294396.192		1645	1645	0	0	0	13	0	0	71	0
1660294396.227		1929	1929	0	0	0	13	0	0	71	0
1660294396.263		2175	2175	0	0	0	23	0	0	71	0
1660294396.299		1687	1687	0	0	0	13	0	0	71	0
1660294396.334		1631	1631	0	0	0	12	0	0	71	0
1660294396.371		1450	1450	0	0	0	9	0	0	71	0
1660294396.406		1561	1561	0	0	0	10	0	0	71	0
1660294396.442		1562	1562	0	0	0	9	0	0	71	0
1660294396.477		1680	1680	0	0	0	13	0	0	71	0
1660294396.513		2244	2244	0	0	0	16	0	0	71	0
1660294396.549		1781	1781	0	0	0	11	0	0	71	0
1660294396.585		2741	2741	0	0	0	36	0	0	71	0
1660294396.620		1498	1498	0	0	0	10	0	0	71	0
1660294396.657		2205	2205	0	0	0	14	0	0	71	0
1660294396.691		1635	1635	0	0	0	9	0	0	71	0
1660294396.728		2583	2583	0	0	0	23	0	0	71	0
1660294396.763		2668	2668	0	0	0	37	0	0	71	0
1660294396.799		2260	2260	0	0	0	36	0	0	71	0
1660294396.834		1284	1284	0	0	0	9	0	0	71	0
1660294396.869		1373	1373	0	0	0	13	0	0	71	0
1660294396.904		1367	1367	0	0	0	10	0	0	71	0
1660294396.941		1542	1542	0	0	0	15	0	0	71	0
1660294396.975		1783	1783	0	0	0	23	0	0	71	0
1660294397.011		1922	1922	0	0	0	16	0	0	71	0
1660294397.047		2675	2675	0	0	0	21	0	0	71	0
1660294397.081		1413	1413	0	0	0	14	0	0	71	0
1660294397.117		3301	3301	0	0	0	27	0	0	71	0
1660294397.153		1615	1615	0	0	0	10	0	0	71	0
1660294397.188		1732	1732	0	0	0	10	0	0	71	0
1660294397.223		2094	2094	0	0	0	66	0	0	71	0
1660294397.258		2032	2032	0	0	0	25	0	0	71	0
1660294397.294		1960	1960	0	0	0	33	0	0	71	0
1660294397.329		1388	1388	0	0	0	10	0	0	71	0
1660294397.364		1308	1308	0	0	0	9	0	0	71	0
1660294397.399		1839	1839	0	0	0	21	0	0	71	0
1660294397.434		1589	1589	0	0	0	10	0	0	71	0
1660294397.470		1692	1692	0	0	0	10	0	0	71	0
1660294397.505		1901	1901	0	0	0	35	0	0	71	0
1660294397.541		2005	2005	0	0	0	19	0	0	71	0
1660294397.575		1753	1753	0	0	0	16	0	0	71	0
1660294397.611		1944	1944	0	0	0	23	0	0	71	0
1660294397.646		2594	2594	0	0	0	23	0	0	71	0
1660294397.680		3430	3430	0	0	0	33	0	0	71	0
1660294397.715		3287	3287	0	0	0	28	0	0	71	0
1660294397.751		1763	1763	0	0	0	11	0	0	71	0
1660294397.786		2380	2380	0	0	0	11	0	0	71	0
1660294397.820		1680	1680	0	0	0	11	0	0	71	0
1660294397.855		1589	1589	0	0	0	15	0	0	71	0
1660294397.890		1200	1200	0	0	0	11	0	0	71	0
1660294397.925		1310	1310	0	0	0	16	0	0	71	0
1660294397.961		2224	2224	0	0	0	33	0	0	71	0
1660294397.995		2220	2220	0	0	0	20	0	0	71	0
1660294398.030		2326	2326	0	0	0	24	0	0	71	0
1660294398.065		1786	1786	0	0	0	10	0	0	71	0
1660294398.100		1868	1868	0	0	0	35	0	0	71	0
1660294398.135		1899	1899	0	0	0	29	0	0	71	0
1660294398.169		1865	1865	0	0	0	9	0	0	71	0
1660294398.205		2610	2610	0	0	0	23	0	0	71	0
1660294398.239		1789	1789	0	0	0	11	0	0	71	0
1660294398.274		1954	1954	0	0	0	20	0	0	71	0
1660294398.308		1779	1779	0	0	0	10	0	0	71	0
1660294398.343		2779	2779	0	0	0	10	0	0	71	0
1660294398.378		1177	1177	0	0	0	13	0	0	71	0
1660294398.413		1448	1448	0	0	0	8	0	0	71	0
1660294398.447		1629	1629	0	0	0	14	0	0	71	0
1660294398.483		1559	1559	0	0	0	13	0	0	71	0
1660294398.517		1597	1597	0	0	0	7	0	0	71	0
1660294398.552		1596	1596	0	0	0	14	0	0	71	0
1660294398.586		1256	1256	0	0	0	11	0	0	71	0
1660294398.620		1649	1649	0	0	0	10	0	0	71	0
1660294398.655		2514	2514	0	0	0	22	0	0	71	0
1660294398.690		2427	2427	0	0	0	21	0	0	71	0
1660294398.724		2499	2499	0	0	0	13	0	0	71	0
1660294398.759		2401	2401	0	0	0	36	0	0	71	0
1660294398.793		1772	1772	0	0	0	11	0	0	71	0
1660294398.828		1128	1128	0	0	0	11	0	0	71	0
1660294398.862		2098	2098	0	0	0	16	0	0	71	0
1660294398.898		1413	1413	0	0	0	15	0	0	71	0
1660294398.931		1755	1755	0	0	0	29	0	0	71	0
1660294398.965		1865	1865	0	0	0	34	0	0	71	0
1660294399.000		2109	2109	0	0	0	14	0	0	71	0
1660294399.034		2148	2148	0	0	0	21	0	0	71	0
1660294399.069		1295	1295	0	0	0	9	0	0	71	0
1660294399.103		1707	1707	0	0	0	10	0	0	71	0
1660294399.137		3055	3055	0	0	0	23	0	0	71	0
1660294399.172		2317	2317	0	0	0	12	0	0	71	0
1660294399.206		2389	2389	0	0	0	27	0	0	71	0
1660294399.240		1628	1628	0	0	0	9	0	0	71	0
1660294399.275		1981	1981	0	0	0	10	0	0	71	0
1660294399.309		1940	1940	0	0	0	29	0	0	71	0
1660294399.344		1219	1219	0	0	0	13	0	0	71	0
1660294399.378		1184	1184	0	0	0	13	0	0	71	0
1660294399.412		1698	1698	0	0	0	36	0	0	71	0
1660294399.446		2330	2330	0	0	0	28	0	0	71	0
1660294399.480		1517	1517	0	0	0	18	0	0	71	0
1660294399.515		2390	2390	0	0	0	23	0	0	71	0
1660294399.548		1859	1859	0	0	0	36	0	0	71	0
1660294399.582		1651	1651	0	0	0	9	0	0	71	0
1660294399.617		1127	1127	0	0	0	13	0	0	71	0
1660294399.650		1573	1573	0	0	0	23	0	0	71	0
1660294399.684		2657	2657	0	0	0	26	0	0	71	0
1660294399.719		1610	1610	0	0	0	9	0	0	71	0
1660294399.753		1860	1860	0	0	0	26	0	0	71	0
1660294399.787		1882	1882	0	0	0	44	0	0	71	0
1660294399.821		2299	2299	0	0	0	37	0	0	71	0
1660294399.856		1585	1585	0	0	0	9	0	0	71	0
1660294399.889		1250	1250	0	0	0	10	0	0	71	0
1660294399.923		1437	1437	0	0	0	35	0	0	71	0
1660294399.956		1546	1546	0	0	0	11	0	0	71	0
1660294399.990		1771	1771	0	0	0	9	0	0	71	0
1660294400.025		1445	1445	0	0	0	14	0	0	71	0
1660294400.059		1271	1271	0	0	0	7	0	0	71	0
1660294400.092		1275	1275	0	0	0	8	0	0	71	0
1660294400.126		1470	1470	0	0	0	30	0	0	71	0
1660294400.161		1796	1796	0	0	0	37	0	0	71	0
1660294400.195		2496	2496	0	0	0	34	0	0	71	0
1660294400.227		2261	2261	0	0	0	22	0	0	71	0
1660294400.261		1638	1638	0	0	0	11	0	0	71	0
1660294400.295		1992	1992	0	0	0	23	0	0	71	0
1660294400.329		1204	1204	0	0	0	11	0	0	71	0
1660294400.364		1433	1433	0	0	0	16	0	0	71	0
1660294400.397		1181	1181	0	0	0	11	0	0	71	0
1660294400.431		4042	4042	0	0	0	23	0	0	71	0
1660294400.464		1638	1638	0	0	0	16	0	0	71	0
1660294400.497		1619	1619	0	0	0	8	0	0	71	0
1660294400.532		1514	1514	0	0	0	22	0	0	71	0
1660294400.565		1840	1840	0	0	0	10	0	0	71	0
1660294400.599		1568	1568	0	0	0	14	0	0	71	0
1660294400.632		1635	1635	0	0	0	14	0	0	71	0
1660294400.667		1595	1595	0	0	0	29	0	0	71	0
1660294400.700		2165	2165	0	0	0	23	0	0	71	0
1660294400.733		2907	2907	0	0	0	22	0	0	71	0
1660294400.766		2642	2642	0	0	0	22	0	0	71	0
1660294400.800		2839	2839	0	0	0	31	0	0	71	0
1660294400.833		1285	1285	0	0	0	10	0	0	71	0
1660294400.867		1173	1173	0	0	0	8	0	0	71	0
1660294400.900		1311	1311	0	0	0	10	0	0	71	0
1660294400.934		1366	1366	0	0	0	9	0	0	71	0
1660294400.967		1284	1284	0	0	0	15	0	0	71	0
1660294401.002		1497	1497	0	0	0	11	0	0	71	0
1660294401.034		2055	2055	0	0	0	35	0	0	71	0
1660294401.068		1464	1464	0	0	0	11	0	0	71	0
1660294401.102		1804	1804	0	0	0	36	0	0	71	0
1660294401.135		1630	1630	0	0	0	16	0	0	71	0
1660294401.169		1522	1522	0	0	0	15	0	0	71	0
1660294401.201		1587	1587	0	0	0	16	0	0	71	0
