2022-08-24 11:27:11,754 INFO o.a.j.u.JMeterUtils: Setting Locale to en_US
2022-08-24 11:27:11,778 INFO o.a.j.JMeter: Loading user properties from: /usr/local/apache-jmeter-3.3/bin/user.properties
2022-08-24 11:27:11,778 INFO o.a.j.JMeter: Loading system properties from: /usr/local/apache-jmeter-3.3/bin/system.properties
2022-08-24 11:27:11,779 INFO o.a.j.JMeter: Setting JMeter property: jmeter.save.saveservice.default_delimiter=\t
2022-08-24 11:27:11,780 INFO o.a.j.JMeter: Setting JMeter property: jmeter.save.saveservice.connect_time=true
2022-08-24 11:27:11,788 INFO o.a.j.JMeter: Copyright (c) 1998-2017 The Apache Software Foundation
2022-08-24 11:27:11,788 INFO o.a.j.JMeter: Version 3.3 r1808647
2022-08-24 11:27:11,788 INFO o.a.j.JMeter: java.version=1.8.0_191
2022-08-24 11:27:11,788 INFO o.a.j.JMeter: java.vm.name=OpenJDK 64-Bit Server VM
2022-08-24 11:27:11,788 INFO o.a.j.JMeter: os.name=Linux
2022-08-24 11:27:11,788 INFO o.a.j.JMeter: os.arch=amd64
2022-08-24 11:27:11,789 INFO o.a.j.JMeter: os.version=5.15.0-46-generic
2022-08-24 11:27:11,789 INFO o.a.j.JMeter: file.encoding=ANSI_X3.4-1968
2022-08-24 11:27:11,789 INFO o.a.j.JMeter: Max memory     =536870912
2022-08-24 11:27:11,789 INFO o.a.j.JMeter: Available Processors =4
2022-08-24 11:27:11,794 INFO o.a.j.JMeter: Default Locale=English (United States)
2022-08-24 11:27:11,794 INFO o.a.j.JMeter: JMeter  Locale=English (United States)
2022-08-24 11:27:11,794 INFO o.a.j.JMeter: JMeterHome=/usr/local/apache-jmeter-3.3
2022-08-24 11:27:11,794 INFO o.a.j.JMeter: user.dir  =/var/loadtest
2022-08-24 11:27:11,795 INFO o.a.j.JMeter: PWD       =/var/loadtest
2022-08-24 11:27:11,795 INFO o.a.j.JMeter: IP: 127.0.1.1 Name: ubuntu FullName: ubuntu
2022-08-24 11:27:11,799 INFO o.a.j.s.FileServer: Default base='/var/loadtest'
2022-08-24 11:27:11,799 INFO o.a.j.s.FileServer: Set new base='/var/loadtest'
2022-08-24 11:27:12,041 INFO o.a.j.s.SaveService: Testplan (JMX) version: 2.2. Testlog (JTL) version: 2.2
2022-08-24 11:27:12,066 INFO o.a.j.s.SaveService: Using SaveService properties file encoding UTF-8
2022-08-24 11:27:12,073 INFO o.a.j.s.SaveService: Using SaveService properties version 3.2
2022-08-24 11:27:12,084 INFO o.a.j.s.SaveService: Loading file: /var/loadtest/modified_q2_lHi.jmx
2022-08-24 11:27:12,133 INFO o.a.j.p.h.c.CookieManager: Settings: Delete null: true Check: true Allow variable: true Save: false Prefix: COOKIE_
2022-08-24 11:27:12,150 INFO o.a.j.p.h.s.HTTPSamplerBase: Parser for text/html is org.apache.jmeter.protocol.http.parser.LagartoBasedHtmlParser
2022-08-24 11:27:12,150 INFO o.a.j.p.h.s.HTTPSamplerBase: Parser for application/xhtml+xml is org.apache.jmeter.protocol.http.parser.LagartoBasedHtmlParser
2022-08-24 11:27:12,151 INFO o.a.j.p.h.s.HTTPSamplerBase: Parser for application/xml is org.apache.jmeter.protocol.http.parser.LagartoBasedHtmlParser
2022-08-24 11:27:12,151 INFO o.a.j.p.h.s.HTTPSamplerBase: Parser for text/xml is org.apache.jmeter.protocol.http.parser.LagartoBasedHtmlParser
2022-08-24 11:27:12,151 INFO o.a.j.p.h.s.HTTPSamplerBase: Parser for text/vnd.wap.wml is org.apache.jmeter.protocol.http.parser.RegexpHTMLParser
2022-08-24 11:27:12,151 INFO o.a.j.p.h.s.HTTPSamplerBase: Parser for text/css is org.apache.jmeter.protocol.http.parser.CssParser
2022-08-24 11:27:12,237 INFO o.a.j.JMeter: Creating summariser <summary>
2022-08-24 11:27:12,244 INFO o.a.j.e.StandardJMeterEngine: Running the test!
2022-08-24 11:27:12,245 INFO o.a.j.s.SampleEvent: List of sample_variables: []
2022-08-24 11:27:12,245 INFO o.a.j.s.SampleEvent: List of sample_variables: []
2022-08-24 11:27:12,251 INFO o.a.j.e.u.CompoundVariable: Note: Function class names must contain the string: '.functions.'
2022-08-24 11:27:12,251 INFO o.a.j.e.u.CompoundVariable: Note: Function class names must not contain the string: '.gui.'
2022-08-24 11:27:13,277 INFO o.a.j.JMeter: Running test (1661340433277)
2022-08-24 11:27:13,333 INFO o.a.j.e.StandardJMeterEngine: Starting ThreadGroup: 1 : Thread Group
2022-08-24 11:27:13,333 INFO o.a.j.e.StandardJMeterEngine: Starting 40 threads for group Thread Group.
2022-08-24 11:27:13,333 INFO o.a.j.e.StandardJMeterEngine: Thread will continue on error
2022-08-24 11:27:13,334 INFO o.a.j.t.ThreadGroup: Starting thread group... number=1 threads=40 ramp-up=60 perThread=1500.0 delayedStart=false
2022-08-24 11:27:13,353 INFO o.a.j.t.JMeterThread: Thread started: Thread Group 1-1
2022-08-24 11:27:13,408 INFO o.a.j.p.h.s.HTTPHCAbstractImpl: Local host = ubuntu
2022-08-24 11:27:13,418 INFO o.a.j.p.h.s.HTTPHC4Impl: HTTP request retry count = 0
2022-08-24 11:27:13,439 INFO o.a.j.s.SampleResult: Note: Sample TimeStamps are START times
2022-08-24 11:27:13,439 INFO o.a.j.s.SampleResult: sampleresult.default.encoding is set to ISO-8859-1
2022-08-24 11:27:13,440 INFO o.a.j.s.SampleResult: sampleresult.useNanoTime=true
2022-08-24 11:27:13,440 INFO o.a.j.s.SampleResult: sampleresult.nanoThreadSleep=5000
2022-08-24 11:27:13,607 INFO o.a.j.p.h.s.LazySchemeSocketFactory: Setting up HTTPS TrustAll Socket Factory
2022-08-24 11:27:13,618 INFO o.a.j.t.ThreadGroup: Started thread group number 1
2022-08-24 11:27:13,619 INFO o.a.j.e.StandardJMeterEngine: All thread groups have been started
2022-08-24 11:27:13,626 INFO o.a.j.u.JsseSSLManager: Using default SSL protocol: TLS
2022-08-24 11:27:13,626 INFO o.a.j.u.JsseSSLManager: SSL session context: per-thread
2022-08-24 11:27:13,911 INFO o.a.j.u.SSLManager: JmeterKeyStore Location:  type JKS
2022-08-24 11:27:13,914 INFO o.a.j.u.SSLManager: KeyStore created OK
2022-08-24 11:27:13,914 WARN o.a.j.u.SSLManager: Keystore file not found, loading empty keystore
2022-08-24 11:27:14,871 INFO o.a.j.t.JMeterThread: Thread started: Thread Group 1-2
2022-08-24 11:27:15,471 WARN o.a.j.p.h.s.HTTPSamplerBase: Existing CookieManager HTTP Cookie Manager superseded by HTTP Cookie Manager
2022-08-24 11:27:15,478 WARN o.a.j.p.h.s.HTTPSamplerBase: Existing CookieManager HTTP Cookie Manager superseded by HTTP Cookie Manager
2022-08-24 11:27:15,551 WARN o.a.j.p.h.s.HTTPSamplerBase: Existing CookieManager HTTP Cookie Manager superseded by HTTP Cookie Manager
2022-08-24 11:27:15,556 INFO o.a.j.p.h.s.HTTPJavaImpl: Maximum connection retries = 0
2022-08-24 11:27:15,562 WARN o.a.j.p.h.s.HTTPSamplerBase: Existing CookieManager HTTP Cookie Manager superseded by HTTP Cookie Manager
2022-08-24 11:27:16,373 INFO o.a.j.t.JMeterThread: Thread started: Thread Group 1-3
2022-08-24 11:27:16,801 WARN o.a.j.p.h.s.HTTPSamplerBase: Existing CookieManager HTTP Cookie Manager superseded by HTTP Cookie Manager
2022-08-24 11:27:16,804 WARN o.a.j.p.h.s.HTTPSamplerBase: Existing CookieManager HTTP Cookie Manager superseded by HTTP Cookie Manager
2022-08-24 11:27:17,878 INFO o.a.j.t.JMeterThread: Thread started: Thread Group 1-4
2022-08-24 11:27:18,297 WARN o.a.j.p.h.s.HTTPSamplerBase: Existing CookieManager HTTP Cookie Manager superseded by HTTP Cookie Manager
2022-08-24 11:27:18,298 WARN o.a.j.p.h.s.HTTPSamplerBase: Existing CookieManager HTTP Cookie Manager superseded by HTTP Cookie Manager
2022-08-24 11:27:19,396 INFO o.a.j.t.JMeterThread: Thread started: Thread Group 1-5
2022-08-24 11:27:19,817 WARN o.a.j.p.h.s.HTTPSamplerBase: Existing CookieManager HTTP Cookie Manager superseded by HTTP Cookie Manager
2022-08-24 11:27:19,818 WARN o.a.j.p.h.s.HTTPSamplerBase: Existing CookieManager HTTP Cookie Manager superseded by HTTP Cookie Manager
2022-08-24 11:27:20,901 INFO o.a.j.t.JMeterThread: Thread started: Thread Group 1-6
2022-08-24 11:27:21,318 WARN o.a.j.p.h.s.HTTPSamplerBase: Existing CookieManager HTTP Cookie Manager superseded by HTTP Cookie Manager
2022-08-24 11:27:21,319 WARN o.a.j.p.h.s.HTTPSamplerBase: Existing CookieManager HTTP Cookie Manager superseded by HTTP Cookie Manager
2022-08-24 11:27:22,412 INFO o.a.j.t.JMeterThread: Thread started: Thread Group 1-7
2022-08-24 11:27:22,837 WARN o.a.j.p.h.s.HTTPSamplerBase: Existing CookieManager HTTP Cookie Manager superseded by HTTP Cookie Manager
2022-08-24 11:27:22,840 WARN o.a.j.p.h.s.HTTPSamplerBase: Existing CookieManager HTTP Cookie Manager superseded by HTTP Cookie Manager
2022-08-24 11:27:23,732 INFO o.a.j.t.JMeterThread: Thread is done: Thread Group 1-3
2022-08-24 11:27:23,732 INFO o.a.j.t.JMeterThread: Thread finished: Thread Group 1-3
2022-08-24 11:27:23,903 INFO o.a.j.t.JMeterThread: Thread is done: Thread Group 1-1
2022-08-24 11:27:23,903 INFO o.a.j.t.JMeterThread: Thread finished: Thread Group 1-1
2022-08-24 11:27:23,930 INFO o.a.j.t.JMeterThread: Thread started: Thread Group 1-8
2022-08-24 11:27:24,499 WARN o.a.j.p.h.s.HTTPSamplerBase: Existing CookieManager HTTP Cookie Manager superseded by HTTP Cookie Manager
2022-08-24 11:27:24,502 WARN o.a.j.p.h.s.HTTPSamplerBase: Existing CookieManager HTTP Cookie Manager superseded by HTTP Cookie Manager
2022-08-24 11:27:25,438 INFO o.a.j.t.JMeterThread: Thread started: Thread Group 1-9
2022-08-24 11:27:26,948 INFO o.a.j.t.JMeterThread: Thread started: Thread Group 1-10
2022-08-24 11:27:27,359 WARN o.a.j.p.h.s.HTTPSamplerBase: Existing CookieManager HTTP Cookie Manager superseded by HTTP Cookie Manager
2022-08-24 11:27:27,361 WARN o.a.j.p.h.s.HTTPSamplerBase: Existing CookieManager HTTP Cookie Manager superseded by HTTP Cookie Manager
2022-08-24 11:27:27,794 INFO o.a.j.t.JMeterThread: Thread is done: Thread Group 1-5
2022-08-24 11:27:27,794 INFO o.a.j.t.JMeterThread: Thread finished: Thread Group 1-5
2022-08-24 11:27:28,227 INFO o.a.j.t.JMeterThread: Thread is done: Thread Group 1-6
2022-08-24 11:27:28,227 INFO o.a.j.t.JMeterThread: Thread finished: Thread Group 1-6
2022-08-24 11:27:28,305 INFO o.a.j.t.JMeterThread: Thread is done: Thread Group 1-4
2022-08-24 11:27:28,305 INFO o.a.j.t.JMeterThread: Thread finished: Thread Group 1-4
2022-08-24 11:27:28,452 INFO o.a.j.t.JMeterThread: Thread started: Thread Group 1-11
2022-08-24 11:27:28,875 WARN o.a.j.p.h.s.HTTPSamplerBase: Existing CookieManager HTTP Cookie Manager superseded by HTTP Cookie Manager
2022-08-24 11:27:28,877 WARN o.a.j.p.h.s.HTTPSamplerBase: Existing CookieManager HTTP Cookie Manager superseded by HTTP Cookie Manager
2022-08-24 11:27:29,957 INFO o.a.j.t.JMeterThread: Thread started: Thread Group 1-12
2022-08-24 11:27:30,011 INFO o.a.j.r.Summariser: summary +    130 in 00:00:17 =    7.8/s Avg:   553 Min:    60 Max: 10763 Err:     0 (0.00%) Active: 7 Started: 12 Finished: 5
2022-08-24 11:27:30,389 WARN o.a.j.p.h.s.HTTPSamplerBase: Existing CookieManager HTTP Cookie Manager superseded by HTTP Cookie Manager
2022-08-24 11:27:30,390 WARN o.a.j.p.h.s.HTTPSamplerBase: Existing CookieManager HTTP Cookie Manager superseded by HTTP Cookie Manager
2022-08-24 11:27:30,843 WARN o.a.j.p.h.s.HTTPSamplerBase: Existing CookieManager HTTP Cookie Manager superseded by HTTP Cookie Manager
2022-08-24 11:27:30,845 WARN o.a.j.p.h.s.HTTPSamplerBase: Existing CookieManager HTTP Cookie Manager superseded by HTTP Cookie Manager
2022-08-24 11:27:31,468 INFO o.a.j.t.JMeterThread: Thread started: Thread Group 1-13
2022-08-24 11:27:31,891 WARN o.a.j.p.h.s.HTTPSamplerBase: Existing CookieManager HTTP Cookie Manager superseded by HTTP Cookie Manager
2022-08-24 11:27:31,893 WARN o.a.j.p.h.s.HTTPSamplerBase: Existing CookieManager HTTP Cookie Manager superseded by HTTP Cookie Manager
2022-08-24 11:27:32,033 INFO o.a.j.t.JMeterThread: Thread is done: Thread Group 1-8
2022-08-24 11:27:32,033 INFO o.a.j.t.JMeterThread: Thread finished: Thread Group 1-8
2022-08-24 11:27:32,970 INFO o.a.j.t.JMeterThread: Thread started: Thread Group 1-14
2022-08-24 11:27:33,405 WARN o.a.j.p.h.s.HTTPSamplerBase: Existing CookieManager HTTP Cookie Manager superseded by HTTP Cookie Manager
2022-08-24 11:27:33,407 WARN o.a.j.p.h.s.HTTPSamplerBase: Existing CookieManager HTTP Cookie Manager superseded by HTTP Cookie Manager
2022-08-24 11:27:33,736 INFO o.a.j.t.JMeterThread: Thread is done: Thread Group 1-2
2022-08-24 11:27:33,736 INFO o.a.j.t.JMeterThread: Thread finished: Thread Group 1-2
2022-08-24 11:27:34,495 INFO o.a.j.t.JMeterThread: Thread started: Thread Group 1-15
2022-08-24 11:27:34,686 INFO o.a.j.t.JMeterThread: Thread is done: Thread Group 1-10
2022-08-24 11:27:34,686 INFO o.a.j.t.JMeterThread: Thread finished: Thread Group 1-10
2022-08-24 11:27:34,971 WARN o.a.j.p.h.s.HTTPSamplerBase: Existing CookieManager HTTP Cookie Manager superseded by HTTP Cookie Manager
2022-08-24 11:27:34,973 WARN o.a.j.p.h.s.HTTPSamplerBase: Existing CookieManager HTTP Cookie Manager superseded by HTTP Cookie Manager
2022-08-24 11:27:35,483 INFO o.a.j.t.JMeterThread: Thread is done: Thread Group 1-7
2022-08-24 11:27:35,484 INFO o.a.j.t.JMeterThread: Thread finished: Thread Group 1-7
2022-08-24 11:27:35,990 INFO o.a.j.t.JMeterThread: Thread started: Thread Group 1-16
2022-08-24 11:27:36,436 WARN o.a.j.p.h.s.HTTPSamplerBase: Existing CookieManager HTTP Cookie Manager superseded by HTTP Cookie Manager
2022-08-24 11:27:36,440 WARN o.a.j.p.h.s.HTTPSamplerBase: Existing CookieManager HTTP Cookie Manager superseded by HTTP Cookie Manager
2022-08-24 11:27:36,481 INFO o.a.j.t.JMeterThread: Thread is done: Thread Group 1-11
2022-08-24 11:27:36,482 INFO o.a.j.t.JMeterThread: Thread finished: Thread Group 1-11
2022-08-24 11:27:37,485 INFO o.a.j.t.JMeterThread: Thread started: Thread Group 1-17
2022-08-24 11:27:37,963 WARN o.a.j.p.h.s.HTTPSamplerBase: Existing CookieManager HTTP Cookie Manager superseded by HTTP Cookie Manager
2022-08-24 11:27:37,966 WARN o.a.j.p.h.s.HTTPSamplerBase: Existing CookieManager HTTP Cookie Manager superseded by HTTP Cookie Manager
2022-08-24 11:27:39,001 INFO o.a.j.t.JMeterThread: Thread started: Thread Group 1-18
2022-08-24 11:27:39,724 WARN o.a.j.p.h.s.HTTPSamplerBase: Existing CookieManager HTTP Cookie Manager superseded by HTTP Cookie Manager
2022-08-24 11:27:39,726 WARN o.a.j.p.h.s.HTTPSamplerBase: Existing CookieManager HTTP Cookie Manager superseded by HTTP Cookie Manager
2022-08-24 11:27:40,513 INFO o.a.j.t.JMeterThread: Thread started: Thread Group 1-19
2022-08-24 11:27:40,928 WARN o.a.j.p.h.s.HTTPSamplerBase: Existing CookieManager HTTP Cookie Manager superseded by HTTP Cookie Manager
2022-08-24 11:27:40,929 WARN o.a.j.p.h.s.HTTPSamplerBase: Existing CookieManager HTTP Cookie Manager superseded by HTTP Cookie Manager
2022-08-24 11:27:41,490 INFO o.a.j.t.JMeterThread: Thread is done: Thread Group 1-14
2022-08-24 11:27:41,490 INFO o.a.j.t.JMeterThread: Thread finished: Thread Group 1-14
2022-08-24 11:27:42,027 INFO o.a.j.t.JMeterThread: Thread started: Thread Group 1-20
2022-08-24 11:27:42,319 INFO o.a.j.t.JMeterThread: Thread is done: Thread Group 1-13
2022-08-24 11:27:42,320 INFO o.a.j.t.JMeterThread: Thread finished: Thread Group 1-13
2022-08-24 11:27:42,601 WARN o.a.j.p.h.s.HTTPSamplerBase: Existing CookieManager HTTP Cookie Manager superseded by HTTP Cookie Manager
2022-08-24 11:27:42,602 WARN o.a.j.p.h.s.HTTPSamplerBase: Existing CookieManager HTTP Cookie Manager superseded by HTTP Cookie Manager
2022-08-24 11:27:43,533 INFO o.a.j.t.JMeterThread: Thread started: Thread Group 1-21
2022-08-24 11:27:43,694 INFO o.a.j.t.JMeterThread: Thread is done: Thread Group 1-12
2022-08-24 11:27:43,694 INFO o.a.j.t.JMeterThread: Thread finished: Thread Group 1-12
2022-08-24 11:27:43,945 WARN o.a.j.p.h.s.HTTPSamplerBase: Existing CookieManager HTTP Cookie Manager superseded by HTTP Cookie Manager
2022-08-24 11:27:43,947 WARN o.a.j.p.h.s.HTTPSamplerBase: Existing CookieManager HTTP Cookie Manager superseded by HTTP Cookie Manager
2022-08-24 11:27:44,164 INFO o.a.j.t.JMeterThread: Thread is done: Thread Group 1-15
2022-08-24 11:27:44,165 INFO o.a.j.t.JMeterThread: Thread finished: Thread Group 1-15
2022-08-24 11:27:45,042 INFO o.a.j.t.JMeterThread: Thread started: Thread Group 1-22
2022-08-24 11:27:45,529 WARN o.a.j.p.h.s.HTTPSamplerBase: Existing CookieManager HTTP Cookie Manager superseded by HTTP Cookie Manager
2022-08-24 11:27:45,531 WARN o.a.j.p.h.s.HTTPSamplerBase: Existing CookieManager HTTP Cookie Manager superseded by HTTP Cookie Manager
2022-08-24 11:27:46,556 INFO o.a.j.t.JMeterThread: Thread started: Thread Group 1-23
2022-08-24 11:27:46,745 INFO o.a.j.t.JMeterThread: Thread is done: Thread Group 1-16
2022-08-24 11:27:46,745 INFO o.a.j.t.JMeterThread: Thread finished: Thread Group 1-16
2022-08-24 11:27:47,000 WARN o.a.j.p.h.s.HTTPSamplerBase: Existing CookieManager HTTP Cookie Manager superseded by HTTP Cookie Manager
2022-08-24 11:27:47,004 WARN o.a.j.p.h.s.HTTPSamplerBase: Existing CookieManager HTTP Cookie Manager superseded by HTTP Cookie Manager
2022-08-24 11:27:48,063 INFO o.a.j.t.JMeterThread: Thread started: Thread Group 1-24
2022-08-24 11:27:48,214 INFO o.a.j.t.JMeterThread: Thread is done: Thread Group 1-18
2022-08-24 11:27:48,214 INFO o.a.j.t.JMeterThread: Thread finished: Thread Group 1-18
2022-08-24 11:27:48,393 INFO o.a.j.t.JMeterThread: Thread is done: Thread Group 1-9
2022-08-24 11:27:48,393 INFO o.a.j.t.JMeterThread: Thread finished: Thread Group 1-9
2022-08-24 11:27:48,520 WARN o.a.j.p.h.s.HTTPSamplerBase: Existing CookieManager HTTP Cookie Manager superseded by HTTP Cookie Manager
2022-08-24 11:27:48,523 WARN o.a.j.p.h.s.HTTPSamplerBase: Existing CookieManager HTTP Cookie Manager superseded by HTTP Cookie Manager
2022-08-24 11:27:49,574 INFO o.a.j.t.JMeterThread: Thread started: Thread Group 1-25
2022-08-24 11:27:50,012 WARN o.a.j.p.h.s.HTTPSamplerBase: Existing CookieManager HTTP Cookie Manager superseded by HTTP Cookie Manager
2022-08-24 11:27:50,015 WARN o.a.j.p.h.s.HTTPSamplerBase: Existing CookieManager HTTP Cookie Manager superseded by HTTP Cookie Manager
2022-08-24 11:27:51,084 INFO o.a.j.t.JMeterThread: Thread started: Thread Group 1-26
2022-08-24 11:27:51,777 WARN o.a.j.p.h.s.HTTPSamplerBase: Existing CookieManager HTTP Cookie Manager superseded by HTTP Cookie Manager
2022-08-24 11:27:51,779 WARN o.a.j.p.h.s.HTTPSamplerBase: Existing CookieManager HTTP Cookie Manager superseded by HTTP Cookie Manager
2022-08-24 11:27:52,593 INFO o.a.j.t.JMeterThread: Thread started: Thread Group 1-27
2022-08-24 11:27:53,072 WARN o.a.j.p.h.s.HTTPSamplerBase: Existing CookieManager HTTP Cookie Manager superseded by HTTP Cookie Manager
2022-08-24 11:27:53,074 WARN o.a.j.p.h.s.HTTPSamplerBase: Existing CookieManager HTTP Cookie Manager superseded by HTTP Cookie Manager
2022-08-24 11:27:53,121 INFO o.a.j.t.JMeterThread: Thread is done: Thread Group 1-17
2022-08-24 11:27:53,121 INFO o.a.j.t.JMeterThread: Thread finished: Thread Group 1-17
2022-08-24 11:27:54,099 INFO o.a.j.t.JMeterThread: Thread started: Thread Group 1-28
2022-08-24 11:27:54,379 INFO o.a.j.t.JMeterThread: Thread is done: Thread Group 1-22
2022-08-24 11:27:54,379 INFO o.a.j.t.JMeterThread: Thread finished: Thread Group 1-22
2022-08-24 11:27:54,534 WARN o.a.j.p.h.s.HTTPSamplerBase: Existing CookieManager HTTP Cookie Manager superseded by HTTP Cookie Manager
2022-08-24 11:27:54,535 WARN o.a.j.p.h.s.HTTPSamplerBase: Existing CookieManager HTTP Cookie Manager superseded by HTTP Cookie Manager
2022-08-24 11:27:55,596 INFO o.a.j.t.JMeterThread: Thread started: Thread Group 1-29
2022-08-24 11:27:55,605 INFO o.a.j.t.JMeterThread: Thread is done: Thread Group 1-20
2022-08-24 11:27:55,605 INFO o.a.j.t.JMeterThread: Thread finished: Thread Group 1-20
2022-08-24 11:27:56,023 WARN o.a.j.p.h.s.HTTPSamplerBase: Existing CookieManager HTTP Cookie Manager superseded by HTTP Cookie Manager
2022-08-24 11:27:56,025 WARN o.a.j.p.h.s.HTTPSamplerBase: Existing CookieManager HTTP Cookie Manager superseded by HTTP Cookie Manager
2022-08-24 11:27:56,231 INFO o.a.j.t.JMeterThread: Thread is done: Thread Group 1-24
2022-08-24 11:27:56,231 INFO o.a.j.t.JMeterThread: Thread finished: Thread Group 1-24
2022-08-24 11:27:57,102 INFO o.a.j.t.JMeterThread: Thread started: Thread Group 1-30
2022-08-24 11:27:57,518 WARN o.a.j.p.h.s.HTTPSamplerBase: Existing CookieManager HTTP Cookie Manager superseded by HTTP Cookie Manager
2022-08-24 11:27:57,518 WARN o.a.j.p.h.s.HTTPSamplerBase: Existing CookieManager HTTP Cookie Manager superseded by HTTP Cookie Manager
2022-08-24 11:27:58,603 INFO o.a.j.t.JMeterThread: Thread started: Thread Group 1-31
2022-08-24 11:27:59,030 WARN o.a.j.p.h.s.HTTPSamplerBase: Existing CookieManager HTTP Cookie Manager superseded by HTTP Cookie Manager
2022-08-24 11:27:59,032 WARN o.a.j.p.h.s.HTTPSamplerBase: Existing CookieManager HTTP Cookie Manager superseded by HTTP Cookie Manager
2022-08-24 11:27:59,294 INFO o.a.j.t.JMeterThread: Thread is done: Thread Group 1-19
2022-08-24 11:27:59,294 INFO o.a.j.t.JMeterThread: Thread finished: Thread Group 1-19
2022-08-24 11:27:59,617 INFO o.a.j.t.JMeterThread: Thread is done: Thread Group 1-23
2022-08-24 11:27:59,618 INFO o.a.j.t.JMeterThread: Thread finished: Thread Group 1-23
2022-08-24 11:28:00,106 INFO o.a.j.t.JMeterThread: Thread started: Thread Group 1-32
2022-08-24 11:28:00,124 INFO o.a.j.r.Summariser: summary +    363 in 00:00:30 =   12.1/s Avg:   650 Min:    60 Max: 12218 Err:     0 (0.00%) Active: 9 Started: 32 Finished: 23
2022-08-24 11:28:00,125 INFO o.a.j.r.Summariser: summary =    493 in 00:00:47 =   10.5/s Avg:   625 Min:    60 Max: 12218 Err:     0 (0.00%)
2022-08-24 11:28:00,506 WARN o.a.j.p.h.s.HTTPSamplerBase: Existing CookieManager HTTP Cookie Manager superseded by HTTP Cookie Manager
2022-08-24 11:28:00,508 WARN o.a.j.p.h.s.HTTPSamplerBase: Existing CookieManager HTTP Cookie Manager superseded by HTTP Cookie Manager
2022-08-24 11:28:01,609 INFO o.a.j.t.JMeterThread: Thread started: Thread Group 1-33
2022-08-24 11:28:02,031 WARN o.a.j.p.h.s.HTTPSamplerBase: Existing CookieManager HTTP Cookie Manager superseded by HTTP Cookie Manager
2022-08-24 11:28:02,032 WARN o.a.j.p.h.s.HTTPSamplerBase: Existing CookieManager HTTP Cookie Manager superseded by HTTP Cookie Manager
2022-08-24 11:28:02,597 INFO o.a.j.t.JMeterThread: Thread is done: Thread Group 1-27
2022-08-24 11:28:02,597 INFO o.a.j.t.JMeterThread: Thread finished: Thread Group 1-27
2022-08-24 11:28:02,622 INFO o.a.j.t.JMeterThread: Thread is done: Thread Group 1-21
2022-08-24 11:28:02,622 INFO o.a.j.t.JMeterThread: Thread finished: Thread Group 1-21
2022-08-24 11:28:03,110 INFO o.a.j.t.JMeterThread: Thread started: Thread Group 1-34
2022-08-24 11:28:03,549 WARN o.a.j.p.h.s.HTTPSamplerBase: Existing CookieManager HTTP Cookie Manager superseded by HTTP Cookie Manager
2022-08-24 11:28:03,551 WARN o.a.j.p.h.s.HTTPSamplerBase: Existing CookieManager HTTP Cookie Manager superseded by HTTP Cookie Manager
2022-08-24 11:28:04,431 INFO o.a.j.t.JMeterThread: Thread is done: Thread Group 1-26
2022-08-24 11:28:04,431 INFO o.a.j.t.JMeterThread: Thread finished: Thread Group 1-26
2022-08-24 11:28:04,611 INFO o.a.j.t.JMeterThread: Thread started: Thread Group 1-35
2022-08-24 11:28:05,035 WARN o.a.j.p.h.s.HTTPSamplerBase: Existing CookieManager HTTP Cookie Manager superseded by HTTP Cookie Manager
2022-08-24 11:28:05,036 WARN o.a.j.p.h.s.HTTPSamplerBase: Existing CookieManager HTTP Cookie Manager superseded by HTTP Cookie Manager
2022-08-24 11:28:05,138 INFO o.a.j.t.JMeterThread: Thread is done: Thread Group 1-25
2022-08-24 11:28:05,138 INFO o.a.j.t.JMeterThread: Thread finished: Thread Group 1-25
2022-08-24 11:28:06,113 INFO o.a.j.t.JMeterThread: Thread started: Thread Group 1-36
2022-08-24 11:28:06,416 INFO o.a.j.t.JMeterThread: Thread is done: Thread Group 1-28
2022-08-24 11:28:06,417 INFO o.a.j.t.JMeterThread: Thread finished: Thread Group 1-28
2022-08-24 11:28:06,529 WARN o.a.j.p.h.s.HTTPSamplerBase: Existing CookieManager HTTP Cookie Manager superseded by HTTP Cookie Manager
2022-08-24 11:28:06,530 WARN o.a.j.p.h.s.HTTPSamplerBase: Existing CookieManager HTTP Cookie Manager superseded by HTTP Cookie Manager
2022-08-24 11:28:07,615 INFO o.a.j.t.JMeterThread: Thread started: Thread Group 1-37
2022-08-24 11:28:08,007 WARN o.a.j.p.h.s.HTTPSamplerBase: Existing CookieManager HTTP Cookie Manager superseded by HTTP Cookie Manager
2022-08-24 11:28:08,008 WARN o.a.j.p.h.s.HTTPSamplerBase: Existing CookieManager HTTP Cookie Manager superseded by HTTP Cookie Manager
2022-08-24 11:28:09,117 INFO o.a.j.t.JMeterThread: Thread started: Thread Group 1-38
2022-08-24 11:28:09,520 WARN o.a.j.p.h.s.HTTPSamplerBase: Existing CookieManager HTTP Cookie Manager superseded by HTTP Cookie Manager
2022-08-24 11:28:09,521 WARN o.a.j.p.h.s.HTTPSamplerBase: Existing CookieManager HTTP Cookie Manager superseded by HTTP Cookie Manager
2022-08-24 11:28:09,849 INFO o.a.j.t.JMeterThread: Thread is done: Thread Group 1-29
2022-08-24 11:28:09,850 INFO o.a.j.t.JMeterThread: Thread finished: Thread Group 1-29
2022-08-24 11:28:10,620 INFO o.a.j.t.JMeterThread: Thread started: Thread Group 1-39
2022-08-24 11:28:11,032 WARN o.a.j.p.h.s.HTTPSamplerBase: Existing CookieManager HTTP Cookie Manager superseded by HTTP Cookie Manager
2022-08-24 11:28:11,034 WARN o.a.j.p.h.s.HTTPSamplerBase: Existing CookieManager HTTP Cookie Manager superseded by HTTP Cookie Manager
2022-08-24 11:28:11,728 INFO o.a.j.t.JMeterThread: Thread is done: Thread Group 1-31
2022-08-24 11:28:11,728 INFO o.a.j.t.JMeterThread: Thread finished: Thread Group 1-31
2022-08-24 11:28:11,877 INFO o.a.j.t.JMeterThread: Thread is done: Thread Group 1-33
2022-08-24 11:28:11,877 INFO o.a.j.t.JMeterThread: Thread finished: Thread Group 1-33
2022-08-24 11:28:12,121 INFO o.a.j.t.JMeterThread: Thread started: Thread Group 1-40
2022-08-24 11:28:13,044 INFO o.a.j.t.JMeterThread: Thread is done: Thread Group 1-32
2022-08-24 11:28:13,044 INFO o.a.j.t.JMeterThread: Thread finished: Thread Group 1-32
2022-08-24 11:28:13,468 INFO o.a.j.t.JMeterThread: Thread is done: Thread Group 1-35
2022-08-24 11:28:13,468 INFO o.a.j.t.JMeterThread: Thread finished: Thread Group 1-35
2022-08-24 11:28:16,034 INFO o.a.j.t.JMeterThread: Thread is done: Thread Group 1-30
2022-08-24 11:28:16,034 INFO o.a.j.t.JMeterThread: Thread finished: Thread Group 1-30
2022-08-24 11:28:18,042 WARN o.a.j.p.h.s.HTTPSamplerBase: Existing CookieManager HTTP Cookie Manager superseded by HTTP Cookie Manager
2022-08-24 11:28:18,043 WARN o.a.j.p.h.s.HTTPSamplerBase: Existing CookieManager HTTP Cookie Manager superseded by HTTP Cookie Manager
2022-08-24 11:28:20,877 INFO o.a.j.t.JMeterThread: Thread is done: Thread Group 1-36
2022-08-24 11:28:20,877 INFO o.a.j.t.JMeterThread: Thread finished: Thread Group 1-36
2022-08-24 11:28:22,531 INFO o.a.j.t.JMeterThread: Thread is done: Thread Group 1-38
2022-08-24 11:28:22,531 INFO o.a.j.t.JMeterThread: Thread finished: Thread Group 1-38
2022-08-24 11:28:23,222 INFO o.a.j.t.JMeterThread: Thread is done: Thread Group 1-39
2022-08-24 11:28:23,222 INFO o.a.j.t.JMeterThread: Thread finished: Thread Group 1-39
2022-08-24 11:28:24,068 INFO o.a.j.t.JMeterThread: Thread is done: Thread Group 1-34
2022-08-24 11:28:24,068 INFO o.a.j.t.JMeterThread: Thread finished: Thread Group 1-34
2022-08-24 11:28:30,202 INFO o.a.j.r.Summariser: summary +    264 in 00:00:30 =    8.8/s Avg:   773 Min:    59 Max: 14063 Err:     0 (0.00%) Active: 2 Started: 40 Finished: 38
2022-08-24 11:28:30,203 INFO o.a.j.r.Summariser: summary =    757 in 00:01:17 =    9.8/s Avg:   676 Min:    59 Max: 14063 Err:     0 (0.00%)
2022-08-24 11:28:30,204 INFO o.a.j.t.JMeterThread: Thread is done: Thread Group 1-37
2022-08-24 11:28:30,204 INFO o.a.j.t.JMeterThread: Thread finished: Thread Group 1-37
2022-08-24 11:28:35,679 INFO o.a.j.t.JMeterThread: Thread is done: Thread Group 1-40
2022-08-24 11:28:35,679 INFO o.a.j.t.JMeterThread: Thread finished: Thread Group 1-40
2022-08-24 11:28:35,679 INFO o.a.j.e.StandardJMeterEngine: Notifying test listeners of end of test
2022-08-24 11:28:35,681 INFO o.a.j.r.Summariser: summary +      3 in 00:00:05 =    0.5/s Avg:  1990 Min:   264 Max:  5368 Err:     0 (0.00%) Active: 0 Started: 40 Finished: 40
2022-08-24 11:28:35,681 INFO o.a.j.r.Summariser: summary =    760 in 00:01:22 =    9.2/s Avg:   681 Min:    59 Max: 14063 Err:     0 (0.00%)
