2022-08-18 09:28:11,557 INFO o.a.j.u.JMeterUtils: Setting Locale to en_US
2022-08-18 09:28:11,582 INFO o.a.j.JMeter: Loading user properties from: /usr/local/apache-jmeter-3.3/bin/user.properties
2022-08-18 09:28:11,583 INFO o.a.j.JMeter: Loading system properties from: /usr/local/apache-jmeter-3.3/bin/system.properties
2022-08-18 09:28:11,584 INFO o.a.j.JMeter: Setting JMeter property: jmeter.save.saveservice.default_delimiter=\t
2022-08-18 09:28:11,584 INFO o.a.j.JMeter: Setting JMeter property: jmeter.save.saveservice.connect_time=true
2022-08-18 09:28:11,592 INFO o.a.j.JMeter: Copyright (c) 1998-2017 The Apache Software Foundation
2022-08-18 09:28:11,593 INFO o.a.j.JMeter: Version 3.3 r1808647
2022-08-18 09:28:11,593 INFO o.a.j.JMeter: java.version=1.8.0_191
2022-08-18 09:28:11,593 INFO o.a.j.JMeter: java.vm.name=OpenJDK 64-Bit Server VM
2022-08-18 09:28:11,593 INFO o.a.j.JMeter: os.name=Linux
2022-08-18 09:28:11,593 INFO o.a.j.JMeter: os.arch=amd64
2022-08-18 09:28:11,593 INFO o.a.j.JMeter: os.version=5.15.0-46-generic
2022-08-18 09:28:11,593 INFO o.a.j.JMeter: file.encoding=ANSI_X3.4-1968
2022-08-18 09:28:11,594 INFO o.a.j.JMeter: Max memory     =536870912
2022-08-18 09:28:11,594 INFO o.a.j.JMeter: Available Processors =4
2022-08-18 09:28:11,603 INFO o.a.j.JMeter: Default Locale=English (United States)
2022-08-18 09:28:11,603 INFO o.a.j.JMeter: JMeter  Locale=English (United States)
2022-08-18 09:28:11,603 INFO o.a.j.JMeter: JMeterHome=/usr/local/apache-jmeter-3.3
2022-08-18 09:28:11,603 INFO o.a.j.JMeter: user.dir  =/var/loadtest
2022-08-18 09:28:11,604 INFO o.a.j.JMeter: PWD       =/var/loadtest
2022-08-18 09:28:11,604 INFO o.a.j.JMeter: IP: 127.0.1.1 Name: ubuntu FullName: ubuntu
2022-08-18 09:28:11,608 INFO o.a.j.s.FileServer: Default base='/var/loadtest'
2022-08-18 09:28:11,608 INFO o.a.j.s.FileServer: Set new base='/var/loadtest'
2022-08-18 09:28:11,866 INFO o.a.j.s.SaveService: Testplan (JMX) version: 2.2. Testlog (JTL) version: 2.2
2022-08-18 09:28:11,904 INFO o.a.j.s.SaveService: Using SaveService properties file encoding UTF-8
2022-08-18 09:28:11,910 INFO o.a.j.s.SaveService: Using SaveService properties version 3.2
2022-08-18 09:28:11,920 INFO o.a.j.s.SaveService: Loading file: /var/loadtest/modified_bZnWNE.jmx
2022-08-18 09:28:11,981 INFO o.a.j.p.h.c.CookieManager: Settings: Delete null: true Check: true Allow variable: true Save: false Prefix: COOKIE_
2022-08-18 09:28:11,998 INFO o.a.j.p.h.s.HTTPSamplerBase: Parser for text/html is org.apache.jmeter.protocol.http.parser.LagartoBasedHtmlParser
2022-08-18 09:28:11,998 INFO o.a.j.p.h.s.HTTPSamplerBase: Parser for application/xhtml+xml is org.apache.jmeter.protocol.http.parser.LagartoBasedHtmlParser
2022-08-18 09:28:11,998 INFO o.a.j.p.h.s.HTTPSamplerBase: Parser for application/xml is org.apache.jmeter.protocol.http.parser.LagartoBasedHtmlParser
2022-08-18 09:28:11,998 INFO o.a.j.p.h.s.HTTPSamplerBase: Parser for text/xml is org.apache.jmeter.protocol.http.parser.LagartoBasedHtmlParser
2022-08-18 09:28:11,998 INFO o.a.j.p.h.s.HTTPSamplerBase: Parser for text/vnd.wap.wml is org.apache.jmeter.protocol.http.parser.RegexpHTMLParser
2022-08-18 09:28:11,998 INFO o.a.j.p.h.s.HTTPSamplerBase: Parser for text/css is org.apache.jmeter.protocol.http.parser.CssParser
2022-08-18 09:28:12,055 INFO o.a.j.JMeter: Creating summariser <summary>
2022-08-18 09:28:12,062 INFO o.a.j.e.StandardJMeterEngine: Running the test!
2022-08-18 09:28:12,064 INFO o.a.j.s.SampleEvent: List of sample_variables: []
2022-08-18 09:28:12,064 INFO o.a.j.s.SampleEvent: List of sample_variables: []
2022-08-18 09:28:12,071 INFO o.a.j.e.u.CompoundVariable: Note: Function class names must contain the string: '.functions.'
2022-08-18 09:28:12,071 INFO o.a.j.e.u.CompoundVariable: Note: Function class names must not contain the string: '.gui.'
2022-08-18 09:28:12,845 INFO o.a.j.JMeter: Running test (1660814892845)
2022-08-18 09:28:12,895 INFO o.a.j.e.StandardJMeterEngine: Starting ThreadGroup: 1 : Jmeter
2022-08-18 09:28:12,895 INFO o.a.j.e.StandardJMeterEngine: Starting 100 threads for group Jmeter.
2022-08-18 09:28:12,895 INFO o.a.j.e.StandardJMeterEngine: Thread will continue on error
2022-08-18 09:28:12,896 INFO o.a.j.t.ThreadGroup: Starting thread group... number=1 threads=100 ramp-up=1 perThread=10.0 delayedStart=false
2022-08-18 09:28:12,911 INFO o.a.j.t.JMeterThread: Thread started: Jmeter 1-1
2022-08-18 09:28:12,928 INFO o.a.j.t.JMeterThread: Thread started: Jmeter 1-2
2022-08-18 09:28:12,955 INFO o.a.j.t.JMeterThread: Thread started: Jmeter 1-3
2022-08-18 09:28:12,965 INFO o.a.j.t.JMeterThread: Thread started: Jmeter 1-4
2022-08-18 09:28:12,979 INFO o.a.j.t.JMeterThread: Thread started: Jmeter 1-5
2022-08-18 09:28:12,985 INFO o.a.j.p.h.s.HTTPHCAbstractImpl: Local host = ubuntu
2022-08-18 09:28:12,991 INFO o.a.j.t.JMeterThread: Thread started: Jmeter 1-6
2022-08-18 09:28:12,994 INFO o.a.j.p.h.s.HTTPHC4Impl: HTTP request retry count = 0
2022-08-18 09:28:13,004 INFO o.a.j.t.JMeterThread: Thread started: Jmeter 1-7
2022-08-18 09:28:13,015 INFO o.a.j.t.JMeterThread: Thread started: Jmeter 1-8
2022-08-18 09:28:13,019 INFO o.a.j.s.SampleResult: Note: Sample TimeStamps are START times
2022-08-18 09:28:13,019 INFO o.a.j.s.SampleResult: sampleresult.default.encoding is set to ISO-8859-1
2022-08-18 09:28:13,019 INFO o.a.j.s.SampleResult: sampleresult.useNanoTime=true
2022-08-18 09:28:13,019 INFO o.a.j.s.SampleResult: sampleresult.nanoThreadSleep=5000
2022-08-18 09:28:13,033 INFO o.a.j.t.JMeterThread: Thread started: Jmeter 1-9
2022-08-18 09:28:13,040 INFO o.a.j.t.JMeterThread: Thread started: Jmeter 1-10
2022-08-18 09:28:13,052 INFO o.a.j.t.JMeterThread: Thread started: Jmeter 1-11
2022-08-18 09:28:13,069 INFO o.a.j.t.JMeterThread: Thread started: Jmeter 1-12
2022-08-18 09:28:13,093 INFO o.a.j.t.JMeterThread: Thread started: Jmeter 1-13
2022-08-18 09:28:13,098 INFO o.a.j.t.JMeterThread: Thread started: Jmeter 1-14
2022-08-18 09:28:13,115 INFO o.a.j.t.JMeterThread: Thread started: Jmeter 1-15
2022-08-18 09:28:13,127 INFO o.a.j.t.JMeterThread: Thread started: Jmeter 1-16
2022-08-18 09:28:13,137 INFO o.a.j.t.JMeterThread: Thread started: Jmeter 1-17
2022-08-18 09:28:13,148 INFO o.a.j.t.JMeterThread: Thread started: Jmeter 1-18
2022-08-18 09:28:13,161 INFO o.a.j.t.JMeterThread: Thread started: Jmeter 1-19
2022-08-18 09:28:13,172 INFO o.a.j.t.JMeterThread: Thread started: Jmeter 1-20
2022-08-18 09:28:13,183 INFO o.a.j.t.JMeterThread: Thread started: Jmeter 1-21
2022-08-18 09:28:13,195 INFO o.a.j.t.JMeterThread: Thread started: Jmeter 1-22
2022-08-18 09:28:13,206 INFO o.a.j.t.JMeterThread: Thread started: Jmeter 1-23
2022-08-18 09:28:13,218 INFO o.a.j.t.JMeterThread: Thread started: Jmeter 1-24
2022-08-18 09:28:13,233 INFO o.a.j.t.JMeterThread: Thread started: Jmeter 1-25
2022-08-18 09:28:13,246 INFO o.a.j.t.JMeterThread: Thread started: Jmeter 1-26
2022-08-18 09:28:13,257 INFO o.a.j.t.JMeterThread: Thread started: Jmeter 1-27
2022-08-18 09:28:13,276 INFO o.a.j.t.JMeterThread: Thread started: Jmeter 1-28
2022-08-18 09:28:13,310 INFO o.a.j.t.JMeterThread: Thread started: Jmeter 1-29
2022-08-18 09:28:13,328 INFO o.a.j.t.JMeterThread: Thread started: Jmeter 1-30
2022-08-18 09:28:13,337 INFO o.a.j.t.ThreadGroup: Started thread group number 1
2022-08-18 09:28:13,337 INFO o.a.j.e.StandardJMeterEngine: All thread groups have been started
2022-08-18 09:28:13,342 INFO o.a.j.t.JMeterThread: Thread started: Jmeter 1-31
2022-08-18 09:28:13,354 INFO o.a.j.t.JMeterThread: Thread started: Jmeter 1-32
2022-08-18 09:28:13,380 INFO o.a.j.t.JMeterThread: Thread started: Jmeter 1-33
2022-08-18 09:28:13,391 INFO o.a.j.t.JMeterThread: Thread started: Jmeter 1-34
2022-08-18 09:28:13,398 INFO o.a.j.t.JMeterThread: Thread started: Jmeter 1-35
2022-08-18 09:28:13,412 INFO o.a.j.t.JMeterThread: Thread started: Jmeter 1-36
2022-08-18 09:28:13,427 INFO o.a.j.t.JMeterThread: Thread started: Jmeter 1-37
2022-08-18 09:28:13,437 INFO o.a.j.t.JMeterThread: Thread started: Jmeter 1-38
2022-08-18 09:28:13,448 INFO o.a.j.t.JMeterThread: Thread started: Jmeter 1-39
2022-08-18 09:28:13,458 INFO o.a.j.t.JMeterThread: Thread started: Jmeter 1-40
2022-08-18 09:28:13,469 INFO o.a.j.t.JMeterThread: Thread started: Jmeter 1-41
2022-08-18 09:28:13,480 INFO o.a.j.t.JMeterThread: Thread started: Jmeter 1-42
2022-08-18 09:28:13,495 INFO o.a.j.t.JMeterThread: Thread started: Jmeter 1-43
2022-08-18 09:28:13,512 INFO o.a.j.t.JMeterThread: Thread started: Jmeter 1-44
2022-08-18 09:28:13,530 INFO o.a.j.t.JMeterThread: Thread started: Jmeter 1-45
2022-08-18 09:28:13,542 INFO o.a.j.t.JMeterThread: Thread started: Jmeter 1-46
2022-08-18 09:28:13,553 INFO o.a.j.t.JMeterThread: Thread started: Jmeter 1-47
2022-08-18 09:28:13,575 INFO o.a.j.t.JMeterThread: Thread started: Jmeter 1-48
2022-08-18 09:28:13,580 INFO o.a.j.t.JMeterThread: Thread started: Jmeter 1-49
2022-08-18 09:28:13,597 INFO o.a.j.t.JMeterThread: Thread started: Jmeter 1-50
2022-08-18 09:28:13,610 INFO o.a.j.t.JMeterThread: Thread started: Jmeter 1-51
2022-08-18 09:28:13,637 INFO o.a.j.t.JMeterThread: Thread started: Jmeter 1-52
2022-08-18 09:28:13,638 INFO o.a.j.t.JMeterThread: Thread started: Jmeter 1-53
2022-08-18 09:28:13,648 INFO o.a.j.t.JMeterThread: Thread started: Jmeter 1-54
2022-08-18 09:28:13,673 INFO o.a.j.t.JMeterThread: Thread started: Jmeter 1-55
2022-08-18 09:28:13,688 INFO o.a.j.t.JMeterThread: Thread started: Jmeter 1-56
2022-08-18 09:28:13,700 INFO o.a.j.t.JMeterThread: Thread started: Jmeter 1-57
2022-08-18 09:28:13,713 INFO o.a.j.t.JMeterThread: Thread started: Jmeter 1-58
2022-08-18 09:28:13,740 INFO o.a.j.t.JMeterThread: Thread started: Jmeter 1-59
2022-08-18 09:28:13,751 INFO o.a.j.t.JMeterThread: Thread started: Jmeter 1-60
2022-08-18 09:28:13,764 INFO o.a.j.t.JMeterThread: Thread started: Jmeter 1-61
2022-08-18 09:28:13,791 INFO o.a.j.t.JMeterThread: Thread started: Jmeter 1-62
2022-08-18 09:28:13,794 INFO o.a.j.t.JMeterThread: Thread started: Jmeter 1-63
2022-08-18 09:28:13,805 INFO o.a.j.t.JMeterThread: Thread started: Jmeter 1-64
2022-08-18 09:28:13,816 INFO o.a.j.t.JMeterThread: Thread started: Jmeter 1-65
2022-08-18 09:28:13,827 INFO o.a.j.t.JMeterThread: Thread started: Jmeter 1-66
2022-08-18 09:28:13,838 INFO o.a.j.t.JMeterThread: Thread started: Jmeter 1-67
2022-08-18 09:28:13,856 INFO o.a.j.t.JMeterThread: Thread started: Jmeter 1-68
2022-08-18 09:28:13,867 INFO o.a.j.t.JMeterThread: Thread started: Jmeter 1-69
2022-08-18 09:28:13,878 INFO o.a.j.t.JMeterThread: Thread started: Jmeter 1-70
2022-08-18 09:28:13,888 INFO o.a.j.t.JMeterThread: Thread started: Jmeter 1-71
2022-08-18 09:28:13,899 INFO o.a.j.t.JMeterThread: Thread started: Jmeter 1-72
2022-08-18 09:28:13,910 INFO o.a.j.t.JMeterThread: Thread started: Jmeter 1-73
2022-08-18 09:28:13,931 INFO o.a.j.t.JMeterThread: Thread started: Jmeter 1-74
2022-08-18 09:28:13,951 INFO o.a.j.t.JMeterThread: Thread started: Jmeter 1-75
2022-08-18 09:28:13,964 INFO o.a.j.t.JMeterThread: Thread started: Jmeter 1-76
2022-08-18 09:28:13,975 INFO o.a.j.t.JMeterThread: Thread started: Jmeter 1-77
2022-08-18 09:28:14,013 INFO o.a.j.t.JMeterThread: Thread started: Jmeter 1-78
2022-08-18 09:28:14,025 INFO o.a.j.t.JMeterThread: Thread started: Jmeter 1-79
2022-08-18 09:28:14,036 INFO o.a.j.t.JMeterThread: Thread started: Jmeter 1-80
2022-08-18 09:28:14,064 INFO o.a.j.t.JMeterThread: Thread started: Jmeter 1-81
2022-08-18 09:28:14,089 INFO o.a.j.t.JMeterThread: Thread started: Jmeter 1-82
2022-08-18 09:28:14,106 INFO o.a.j.t.JMeterThread: Thread started: Jmeter 1-83
2022-08-18 09:28:14,122 INFO o.a.j.t.JMeterThread: Thread started: Jmeter 1-84
2022-08-18 09:28:14,140 INFO o.a.j.t.JMeterThread: Thread started: Jmeter 1-85
2022-08-18 09:28:14,157 INFO o.a.j.t.JMeterThread: Thread started: Jmeter 1-86
2022-08-18 09:28:14,169 INFO o.a.j.t.JMeterThread: Thread started: Jmeter 1-87
2022-08-18 09:28:14,185 INFO o.a.j.t.JMeterThread: Thread started: Jmeter 1-88
2022-08-18 09:28:14,198 INFO o.a.j.t.JMeterThread: Thread started: Jmeter 1-89
2022-08-18 09:28:14,216 INFO o.a.j.t.JMeterThread: Thread started: Jmeter 1-90
2022-08-18 09:28:14,232 INFO o.a.j.t.JMeterThread: Thread started: Jmeter 1-91
2022-08-18 09:28:14,244 INFO o.a.j.t.JMeterThread: Thread started: Jmeter 1-92
2022-08-18 09:28:14,257 INFO o.a.j.t.JMeterThread: Thread started: Jmeter 1-93
2022-08-18 09:28:14,265 INFO o.a.j.t.JMeterThread: Thread started: Jmeter 1-94
2022-08-18 09:28:14,277 INFO o.a.j.t.JMeterThread: Thread started: Jmeter 1-95
2022-08-18 09:28:14,285 INFO o.a.j.t.JMeterThread: Thread started: Jmeter 1-96
2022-08-18 09:28:14,297 INFO o.a.j.t.JMeterThread: Thread started: Jmeter 1-97
2022-08-18 09:28:14,306 INFO o.a.j.t.JMeterThread: Thread started: Jmeter 1-98
2022-08-18 09:28:14,317 INFO o.a.j.t.JMeterThread: Thread started: Jmeter 1-99
2022-08-18 09:28:14,328 INFO o.a.j.t.JMeterThread: Thread started: Jmeter 1-100
2022-08-18 09:28:15,898 INFO o.a.j.t.JMeterThread: Thread is done: Jmeter 1-15
2022-08-18 09:28:15,898 INFO o.a.j.t.JMeterThread: Thread finished: Jmeter 1-15
2022-08-18 09:28:17,584 INFO o.a.j.t.JMeterThread: Thread is done: Jmeter 1-21
2022-08-18 09:28:17,584 INFO o.a.j.t.JMeterThread: Thread finished: Jmeter 1-21
2022-08-18 09:28:17,673 INFO o.a.j.t.JMeterThread: Thread is done: Jmeter 1-24
2022-08-18 09:28:17,673 INFO o.a.j.t.JMeterThread: Thread finished: Jmeter 1-24
2022-08-18 09:28:19,232 INFO o.a.j.t.JMeterThread: Thread is done: Jmeter 1-6
2022-08-18 09:28:19,232 INFO o.a.j.t.JMeterThread: Thread finished: Jmeter 1-6
2022-08-18 09:28:20,157 INFO o.a.j.t.JMeterThread: Thread is done: Jmeter 1-20
2022-08-18 09:28:20,157 INFO o.a.j.t.JMeterThread: Thread finished: Jmeter 1-20
2022-08-18 09:28:20,593 INFO o.a.j.t.JMeterThread: Thread is done: Jmeter 1-2
2022-08-18 09:28:20,593 INFO o.a.j.t.JMeterThread: Thread finished: Jmeter 1-2
2022-08-18 09:28:20,898 INFO o.a.j.t.JMeterThread: Thread is done: Jmeter 1-30
2022-08-18 09:28:20,898 INFO o.a.j.t.JMeterThread: Thread finished: Jmeter 1-30
2022-08-18 09:28:23,597 INFO o.a.j.t.JMeterThread: Thread is done: Jmeter 1-14
2022-08-18 09:28:23,597 INFO o.a.j.t.JMeterThread: Thread finished: Jmeter 1-14
2022-08-18 09:28:25,250 INFO o.a.j.t.JMeterThread: Thread is done: Jmeter 1-22
2022-08-18 09:28:25,250 INFO o.a.j.t.JMeterThread: Thread finished: Jmeter 1-22
2022-08-18 09:28:25,855 INFO o.a.j.t.JMeterThread: Thread is done: Jmeter 1-77
2022-08-18 09:28:25,855 INFO o.a.j.t.JMeterThread: Thread finished: Jmeter 1-77
2022-08-18 09:28:25,875 INFO o.a.j.t.JMeterThread: Thread is done: Jmeter 1-5
2022-08-18 09:28:25,875 INFO o.a.j.t.JMeterThread: Thread finished: Jmeter 1-5
2022-08-18 09:28:28,052 INFO o.a.j.t.JMeterThread: Thread is done: Jmeter 1-97
2022-08-18 09:28:28,052 INFO o.a.j.t.JMeterThread: Thread finished: Jmeter 1-97
2022-08-18 09:28:28,178 INFO o.a.j.t.JMeterThread: Thread is done: Jmeter 1-94
2022-08-18 09:28:28,179 INFO o.a.j.t.JMeterThread: Thread finished: Jmeter 1-94
2022-08-18 09:28:29,512 INFO o.a.j.t.JMeterThread: Thread is done: Jmeter 1-67
2022-08-18 09:28:29,512 INFO o.a.j.t.JMeterThread: Thread finished: Jmeter 1-67
2022-08-18 09:28:29,604 INFO o.a.j.t.JMeterThread: Thread is done: Jmeter 1-19
2022-08-18 09:28:29,604 INFO o.a.j.t.JMeterThread: Thread finished: Jmeter 1-19
2022-08-18 09:28:29,691 INFO o.a.j.t.JMeterThread: Thread is done: Jmeter 1-17
2022-08-18 09:28:29,691 INFO o.a.j.t.JMeterThread: Thread finished: Jmeter 1-17
2022-08-18 09:28:29,726 INFO o.a.j.t.JMeterThread: Thread is done: Jmeter 1-36
2022-08-18 09:28:29,726 INFO o.a.j.t.JMeterThread: Thread finished: Jmeter 1-36
2022-08-18 09:28:30,659 INFO o.a.j.r.Summariser: summary +    235 in 00:00:18 =   13.2/s Avg:  2198 Min:    86 Max: 15162 Err:     0 (0.00%) Active: 83 Started: 100 Finished: 17
2022-08-18 09:28:30,857 INFO o.a.j.t.JMeterThread: Thread is done: Jmeter 1-52
2022-08-18 09:28:30,857 INFO o.a.j.t.JMeterThread: Thread finished: Jmeter 1-52
2022-08-18 09:28:31,205 INFO o.a.j.t.JMeterThread: Thread is done: Jmeter 1-1
2022-08-18 09:28:31,205 INFO o.a.j.t.JMeterThread: Thread finished: Jmeter 1-1
2022-08-18 09:28:31,213 INFO o.a.j.t.JMeterThread: Thread is done: Jmeter 1-61
2022-08-18 09:28:31,213 INFO o.a.j.t.JMeterThread: Thread finished: Jmeter 1-61
2022-08-18 09:28:31,539 INFO o.a.j.t.JMeterThread: Thread is done: Jmeter 1-18
2022-08-18 09:28:31,539 INFO o.a.j.t.JMeterThread: Thread finished: Jmeter 1-18
2022-08-18 09:28:31,998 INFO o.a.j.t.JMeterThread: Thread is done: Jmeter 1-53
2022-08-18 09:28:31,998 INFO o.a.j.t.JMeterThread: Thread finished: Jmeter 1-53
2022-08-18 09:28:32,200 INFO o.a.j.t.JMeterThread: Thread is done: Jmeter 1-42
2022-08-18 09:28:32,200 INFO o.a.j.t.JMeterThread: Thread finished: Jmeter 1-42
2022-08-18 09:28:32,590 INFO o.a.j.t.JMeterThread: Thread is done: Jmeter 1-29
2022-08-18 09:28:32,591 INFO o.a.j.t.JMeterThread: Thread finished: Jmeter 1-29
2022-08-18 09:28:33,104 INFO o.a.j.t.JMeterThread: Thread is done: Jmeter 1-37
2022-08-18 09:28:33,104 INFO o.a.j.t.JMeterThread: Thread finished: Jmeter 1-37
2022-08-18 09:28:33,392 INFO o.a.j.t.JMeterThread: Thread is done: Jmeter 1-63
2022-08-18 09:28:33,393 INFO o.a.j.t.JMeterThread: Thread finished: Jmeter 1-63
2022-08-18 09:28:33,562 INFO o.a.j.t.JMeterThread: Thread is done: Jmeter 1-58
2022-08-18 09:28:33,562 INFO o.a.j.t.JMeterThread: Thread finished: Jmeter 1-58
2022-08-18 09:28:33,653 INFO o.a.j.t.JMeterThread: Thread is done: Jmeter 1-35
2022-08-18 09:28:33,653 INFO o.a.j.t.JMeterThread: Thread finished: Jmeter 1-35
2022-08-18 09:28:33,664 INFO o.a.j.t.JMeterThread: Thread is done: Jmeter 1-23
2022-08-18 09:28:33,664 INFO o.a.j.t.JMeterThread: Thread finished: Jmeter 1-23
2022-08-18 09:28:33,670 INFO o.a.j.t.JMeterThread: Thread is done: Jmeter 1-39
2022-08-18 09:28:33,670 INFO o.a.j.t.JMeterThread: Thread finished: Jmeter 1-39
2022-08-18 09:28:33,973 INFO o.a.j.t.JMeterThread: Thread is done: Jmeter 1-8
2022-08-18 09:28:33,973 INFO o.a.j.t.JMeterThread: Thread finished: Jmeter 1-8
2022-08-18 09:28:34,094 INFO o.a.j.t.JMeterThread: Thread is done: Jmeter 1-71
2022-08-18 09:28:34,094 INFO o.a.j.t.JMeterThread: Thread finished: Jmeter 1-71
2022-08-18 09:28:34,304 INFO o.a.j.t.JMeterThread: Thread is done: Jmeter 1-60
2022-08-18 09:28:34,304 INFO o.a.j.t.JMeterThread: Thread finished: Jmeter 1-60
2022-08-18 09:28:35,157 INFO o.a.j.t.JMeterThread: Thread is done: Jmeter 1-48
2022-08-18 09:28:35,158 INFO o.a.j.t.JMeterThread: Thread finished: Jmeter 1-48
2022-08-18 09:28:35,276 INFO o.a.j.t.JMeterThread: Thread is done: Jmeter 1-92
2022-08-18 09:28:35,276 INFO o.a.j.t.JMeterThread: Thread finished: Jmeter 1-92
2022-08-18 09:28:35,281 INFO o.a.j.t.JMeterThread: Thread is done: Jmeter 1-9
2022-08-18 09:28:35,281 INFO o.a.j.t.JMeterThread: Thread finished: Jmeter 1-9
2022-08-18 09:28:35,813 INFO o.a.j.t.JMeterThread: Thread is done: Jmeter 1-27
2022-08-18 09:28:35,813 INFO o.a.j.t.JMeterThread: Thread finished: Jmeter 1-27
2022-08-18 09:28:36,365 INFO o.a.j.t.JMeterThread: Thread is done: Jmeter 1-13
2022-08-18 09:28:36,366 INFO o.a.j.t.JMeterThread: Thread finished: Jmeter 1-13
2022-08-18 09:28:36,368 INFO o.a.j.t.JMeterThread: Thread is done: Jmeter 1-7
2022-08-18 09:28:36,368 INFO o.a.j.t.JMeterThread: Thread finished: Jmeter 1-7
2022-08-18 09:28:36,525 INFO o.a.j.t.JMeterThread: Thread is done: Jmeter 1-55
2022-08-18 09:28:36,526 INFO o.a.j.t.JMeterThread: Thread finished: Jmeter 1-55
2022-08-18 09:28:36,617 INFO o.a.j.t.JMeterThread: Thread is done: Jmeter 1-25
2022-08-18 09:28:36,617 INFO o.a.j.t.JMeterThread: Thread finished: Jmeter 1-25
2022-08-18 09:28:36,621 INFO o.a.j.t.JMeterThread: Thread is done: Jmeter 1-44
2022-08-18 09:28:36,622 INFO o.a.j.t.JMeterThread: Thread finished: Jmeter 1-44
2022-08-18 09:28:36,625 INFO o.a.j.t.JMeterThread: Thread is done: Jmeter 1-46
2022-08-18 09:28:36,625 INFO o.a.j.t.JMeterThread: Thread finished: Jmeter 1-46
2022-08-18 09:28:36,803 INFO o.a.j.t.JMeterThread: Thread is done: Jmeter 1-79
2022-08-18 09:28:36,803 INFO o.a.j.t.JMeterThread: Thread finished: Jmeter 1-79
2022-08-18 09:28:37,115 INFO o.a.j.t.JMeterThread: Thread is done: Jmeter 1-28
2022-08-18 09:28:37,115 INFO o.a.j.t.JMeterThread: Thread finished: Jmeter 1-28
2022-08-18 09:28:37,120 INFO o.a.j.t.JMeterThread: Thread is done: Jmeter 1-64
2022-08-18 09:28:37,120 INFO o.a.j.t.JMeterThread: Thread finished: Jmeter 1-64
2022-08-18 09:28:37,136 INFO o.a.j.t.JMeterThread: Thread is done: Jmeter 1-3
2022-08-18 09:28:37,136 INFO o.a.j.t.JMeterThread: Thread finished: Jmeter 1-3
2022-08-18 09:28:37,385 INFO o.a.j.t.JMeterThread: Thread is done: Jmeter 1-98
2022-08-18 09:28:37,385 INFO o.a.j.t.JMeterThread: Thread finished: Jmeter 1-98
2022-08-18 09:28:37,398 INFO o.a.j.t.JMeterThread: Thread is done: Jmeter 1-66
2022-08-18 09:28:37,398 INFO o.a.j.t.JMeterThread: Thread finished: Jmeter 1-66
2022-08-18 09:28:37,415 INFO o.a.j.t.JMeterThread: Thread is done: Jmeter 1-86
2022-08-18 09:28:37,415 INFO o.a.j.t.JMeterThread: Thread finished: Jmeter 1-86
2022-08-18 09:28:37,557 INFO o.a.j.t.JMeterThread: Thread is done: Jmeter 1-74
2022-08-18 09:28:37,557 INFO o.a.j.t.JMeterThread: Thread finished: Jmeter 1-74
2022-08-18 09:28:37,560 INFO o.a.j.t.JMeterThread: Thread is done: Jmeter 1-69
2022-08-18 09:28:37,560 INFO o.a.j.t.JMeterThread: Thread finished: Jmeter 1-69
2022-08-18 09:28:37,572 INFO o.a.j.t.JMeterThread: Thread is done: Jmeter 1-10
2022-08-18 09:28:37,572 INFO o.a.j.t.JMeterThread: Thread finished: Jmeter 1-10
2022-08-18 09:28:37,790 INFO o.a.j.t.JMeterThread: Thread is done: Jmeter 1-45
2022-08-18 09:28:37,790 INFO o.a.j.t.JMeterThread: Thread finished: Jmeter 1-45
2022-08-18 09:28:37,885 INFO o.a.j.t.JMeterThread: Thread is done: Jmeter 1-59
2022-08-18 09:28:37,885 INFO o.a.j.t.JMeterThread: Thread finished: Jmeter 1-59
2022-08-18 09:28:38,321 INFO o.a.j.t.JMeterThread: Thread is done: Jmeter 1-32
2022-08-18 09:28:38,321 INFO o.a.j.t.JMeterThread: Thread finished: Jmeter 1-32
2022-08-18 09:28:38,433 INFO o.a.j.t.JMeterThread: Thread is done: Jmeter 1-90
2022-08-18 09:28:38,433 INFO o.a.j.t.JMeterThread: Thread finished: Jmeter 1-90
2022-08-18 09:28:38,440 INFO o.a.j.t.JMeterThread: Thread is done: Jmeter 1-54
2022-08-18 09:28:38,440 INFO o.a.j.t.JMeterThread: Thread finished: Jmeter 1-54
2022-08-18 09:28:38,846 INFO o.a.j.t.JMeterThread: Thread is done: Jmeter 1-49
2022-08-18 09:28:38,846 INFO o.a.j.t.JMeterThread: Thread finished: Jmeter 1-49
2022-08-18 09:28:38,910 INFO o.a.j.t.JMeterThread: Thread is done: Jmeter 1-56
2022-08-18 09:28:38,910 INFO o.a.j.t.JMeterThread: Thread finished: Jmeter 1-56
2022-08-18 09:28:39,006 INFO o.a.j.t.JMeterThread: Thread is done: Jmeter 1-93
2022-08-18 09:28:39,007 INFO o.a.j.t.JMeterThread: Thread finished: Jmeter 1-93
2022-08-18 09:28:39,075 INFO o.a.j.t.JMeterThread: Thread is done: Jmeter 1-89
2022-08-18 09:28:39,076 INFO o.a.j.t.JMeterThread: Thread finished: Jmeter 1-89
2022-08-18 09:28:39,088 INFO o.a.j.t.JMeterThread: Thread is done: Jmeter 1-68
2022-08-18 09:28:39,088 INFO o.a.j.t.JMeterThread: Thread finished: Jmeter 1-68
2022-08-18 09:28:39,178 INFO o.a.j.t.JMeterThread: Thread is done: Jmeter 1-99
2022-08-18 09:28:39,178 INFO o.a.j.t.JMeterThread: Thread finished: Jmeter 1-99
2022-08-18 09:28:39,205 INFO o.a.j.t.JMeterThread: Thread is done: Jmeter 1-65
2022-08-18 09:28:39,205 INFO o.a.j.t.JMeterThread: Thread is done: Jmeter 1-87
2022-08-18 09:28:39,205 INFO o.a.j.t.JMeterThread: Thread finished: Jmeter 1-65
2022-08-18 09:28:39,205 INFO o.a.j.t.JMeterThread: Thread finished: Jmeter 1-87
2022-08-18 09:28:39,206 INFO o.a.j.t.JMeterThread: Thread is done: Jmeter 1-31
2022-08-18 09:28:39,206 INFO o.a.j.t.JMeterThread: Thread finished: Jmeter 1-31
2022-08-18 09:28:39,305 INFO o.a.j.t.JMeterThread: Thread is done: Jmeter 1-82
2022-08-18 09:28:39,305 INFO o.a.j.t.JMeterThread: Thread finished: Jmeter 1-82
2022-08-18 09:28:39,412 INFO o.a.j.t.JMeterThread: Thread is done: Jmeter 1-76
2022-08-18 09:28:39,412 INFO o.a.j.t.JMeterThread: Thread finished: Jmeter 1-76
2022-08-18 09:28:39,440 INFO o.a.j.t.JMeterThread: Thread is done: Jmeter 1-57
2022-08-18 09:28:39,440 INFO o.a.j.t.JMeterThread: Thread finished: Jmeter 1-57
2022-08-18 09:28:39,558 INFO o.a.j.t.JMeterThread: Thread is done: Jmeter 1-83
2022-08-18 09:28:39,558 INFO o.a.j.t.JMeterThread: Thread finished: Jmeter 1-83
2022-08-18 09:28:39,583 INFO o.a.j.t.JMeterThread: Thread is done: Jmeter 1-73
2022-08-18 09:28:39,583 INFO o.a.j.t.JMeterThread: Thread finished: Jmeter 1-73
2022-08-18 09:28:39,589 INFO o.a.j.t.JMeterThread: Thread is done: Jmeter 1-91
2022-08-18 09:28:39,589 INFO o.a.j.t.JMeterThread: Thread finished: Jmeter 1-91
2022-08-18 09:28:39,590 INFO o.a.j.t.JMeterThread: Thread is done: Jmeter 1-78
2022-08-18 09:28:39,590 INFO o.a.j.t.JMeterThread: Thread finished: Jmeter 1-78
2022-08-18 09:28:39,629 INFO o.a.j.t.JMeterThread: Thread is done: Jmeter 1-4
2022-08-18 09:28:39,629 INFO o.a.j.t.JMeterThread: Thread finished: Jmeter 1-4
2022-08-18 09:28:39,653 INFO o.a.j.t.JMeterThread: Thread is done: Jmeter 1-62
2022-08-18 09:28:39,654 INFO o.a.j.t.JMeterThread: Thread finished: Jmeter 1-62
2022-08-18 09:28:39,681 INFO o.a.j.t.JMeterThread: Thread is done: Jmeter 1-88
2022-08-18 09:28:39,681 INFO o.a.j.t.JMeterThread: Thread finished: Jmeter 1-88
2022-08-18 09:28:39,713 INFO o.a.j.t.JMeterThread: Thread is done: Jmeter 1-81
2022-08-18 09:28:39,713 INFO o.a.j.t.JMeterThread: Thread finished: Jmeter 1-81
2022-08-18 09:28:39,735 INFO o.a.j.t.JMeterThread: Thread is done: Jmeter 1-85
2022-08-18 09:28:39,736 INFO o.a.j.t.JMeterThread: Thread finished: Jmeter 1-85
2022-08-18 09:28:39,757 INFO o.a.j.t.JMeterThread: Thread is done: Jmeter 1-38
2022-08-18 09:28:39,757 INFO o.a.j.t.JMeterThread: Thread finished: Jmeter 1-38
2022-08-18 09:28:39,758 INFO o.a.j.t.JMeterThread: Thread is done: Jmeter 1-95
2022-08-18 09:28:39,758 INFO o.a.j.t.JMeterThread: Thread finished: Jmeter 1-95
2022-08-18 09:28:39,821 INFO o.a.j.t.JMeterThread: Thread is done: Jmeter 1-100
2022-08-18 09:28:39,821 INFO o.a.j.t.JMeterThread: Thread finished: Jmeter 1-100
2022-08-18 09:28:39,836 INFO o.a.j.t.JMeterThread: Thread is done: Jmeter 1-47
2022-08-18 09:28:39,836 INFO o.a.j.t.JMeterThread: Thread finished: Jmeter 1-47
2022-08-18 09:28:39,863 INFO o.a.j.t.JMeterThread: Thread is done: Jmeter 1-84
2022-08-18 09:28:39,863 INFO o.a.j.t.JMeterThread: Thread finished: Jmeter 1-84
2022-08-18 09:28:39,864 INFO o.a.j.t.JMeterThread: Thread is done: Jmeter 1-26
2022-08-18 09:28:39,864 INFO o.a.j.t.JMeterThread: Thread finished: Jmeter 1-26
2022-08-18 09:28:39,984 INFO o.a.j.t.JMeterThread: Thread is done: Jmeter 1-33
2022-08-18 09:28:39,984 INFO o.a.j.t.JMeterThread: Thread finished: Jmeter 1-33
2022-08-18 09:28:39,990 INFO o.a.j.t.JMeterThread: Thread is done: Jmeter 1-96
2022-08-18 09:28:39,990 INFO o.a.j.t.JMeterThread: Thread finished: Jmeter 1-96
2022-08-18 09:28:40,004 INFO o.a.j.t.JMeterThread: Thread is done: Jmeter 1-12
2022-08-18 09:28:40,004 INFO o.a.j.t.JMeterThread: Thread finished: Jmeter 1-12
2022-08-18 09:28:40,017 INFO o.a.j.t.JMeterThread: Thread is done: Jmeter 1-70
2022-08-18 09:28:40,017 INFO o.a.j.t.JMeterThread: Thread finished: Jmeter 1-70
2022-08-18 09:28:40,027 INFO o.a.j.t.JMeterThread: Thread is done: Jmeter 1-11
2022-08-18 09:28:40,027 INFO o.a.j.t.JMeterThread: Thread finished: Jmeter 1-11
2022-08-18 09:28:40,069 INFO o.a.j.t.JMeterThread: Thread is done: Jmeter 1-72
2022-08-18 09:28:40,069 INFO o.a.j.t.JMeterThread: Thread finished: Jmeter 1-72
2022-08-18 09:28:40,085 INFO o.a.j.t.JMeterThread: Thread is done: Jmeter 1-34
2022-08-18 09:28:40,085 INFO o.a.j.t.JMeterThread: Thread finished: Jmeter 1-34
2022-08-18 09:28:40,120 INFO o.a.j.t.JMeterThread: Thread is done: Jmeter 1-43
2022-08-18 09:28:40,120 INFO o.a.j.t.JMeterThread: Thread finished: Jmeter 1-43
2022-08-18 09:28:40,163 INFO o.a.j.t.JMeterThread: Thread is done: Jmeter 1-41
2022-08-18 09:28:40,163 INFO o.a.j.t.JMeterThread: Thread finished: Jmeter 1-41
2022-08-18 09:28:40,212 INFO o.a.j.t.JMeterThread: Thread is done: Jmeter 1-51
2022-08-18 09:28:40,212 INFO o.a.j.t.JMeterThread: Thread finished: Jmeter 1-51
2022-08-18 09:28:40,289 INFO o.a.j.t.JMeterThread: Thread is done: Jmeter 1-40
2022-08-18 09:28:40,289 INFO o.a.j.t.JMeterThread: Thread finished: Jmeter 1-40
2022-08-18 09:28:40,290 INFO o.a.j.t.JMeterThread: Thread is done: Jmeter 1-50
2022-08-18 09:28:40,290 INFO o.a.j.t.JMeterThread: Thread finished: Jmeter 1-50
2022-08-18 09:28:40,325 INFO o.a.j.t.JMeterThread: Thread is done: Jmeter 1-75
2022-08-18 09:28:40,325 INFO o.a.j.t.JMeterThread: Thread finished: Jmeter 1-75
2022-08-18 09:28:40,348 INFO o.a.j.t.JMeterThread: Thread is done: Jmeter 1-16
2022-08-18 09:28:40,349 INFO o.a.j.t.JMeterThread: Thread finished: Jmeter 1-16
2022-08-18 09:28:40,513 INFO o.a.j.t.JMeterThread: Thread is done: Jmeter 1-80
2022-08-18 09:28:40,513 INFO o.a.j.t.JMeterThread: Thread finished: Jmeter 1-80
2022-08-18 09:28:40,514 INFO o.a.j.e.StandardJMeterEngine: Notifying test listeners of end of test
2022-08-18 09:28:40,516 INFO o.a.j.r.Summariser: summary +    165 in 00:00:10 =   16.7/s Avg:  9967 Min:    11 Max: 24078 Err:     0 (0.00%) Active: 0 Started: 100 Finished: 100
2022-08-18 09:28:40,517 INFO o.a.j.r.Summariser: summary =    400 in 00:00:28 =   14.5/s Avg:  5402 Min:    11 Max: 24078 Err:     0 (0.00%)
