2022-09-04 15:59:48,653 INFO o.a.j.u.JMeterUtils: Setting Locale to en_US
2022-09-04 15:59:48,684 INFO o.a.j.JMeter: Loading user properties from: /usr/local/apache-jmeter-3.3/bin/user.properties
2022-09-04 15:59:48,685 INFO o.a.j.JMeter: Loading system properties from: /usr/local/apache-jmeter-3.3/bin/system.properties
2022-09-04 15:59:48,687 INFO o.a.j.JMeter: Setting JMeter property: jmeter.save.saveservice.default_delimiter=\t
2022-09-04 15:59:48,687 INFO o.a.j.JMeter: Setting JMeter property: jmeter.save.saveservice.connect_time=true
2022-09-04 15:59:48,699 INFO o.a.j.JMeter: Copyright (c) 1998-2017 The Apache Software Foundation
2022-09-04 15:59:48,699 INFO o.a.j.JMeter: Version 3.3 r1808647
2022-09-04 15:59:48,699 INFO o.a.j.JMeter: java.version=1.8.0_191
2022-09-04 15:59:48,699 INFO o.a.j.JMeter: java.vm.name=OpenJDK 64-Bit Server VM
2022-09-04 15:59:48,699 INFO o.a.j.JMeter: os.name=Linux
2022-09-04 15:59:48,699 INFO o.a.j.JMeter: os.arch=amd64
2022-09-04 15:59:48,699 INFO o.a.j.JMeter: os.version=5.15.0-46-generic
2022-09-04 15:59:48,699 INFO o.a.j.JMeter: file.encoding=ANSI_X3.4-1968
2022-09-04 15:59:48,700 INFO o.a.j.JMeter: Max memory     =536870912
2022-09-04 15:59:48,700 INFO o.a.j.JMeter: Available Processors =4
2022-09-04 15:59:48,708 INFO o.a.j.JMeter: Default Locale=English (United States)
2022-09-04 15:59:48,709 INFO o.a.j.JMeter: JMeter  Locale=English (United States)
2022-09-04 15:59:48,709 INFO o.a.j.JMeter: JMeterHome=/usr/local/apache-jmeter-3.3
2022-09-04 15:59:48,709 INFO o.a.j.JMeter: user.dir  =/var/loadtest
2022-09-04 15:59:48,709 INFO o.a.j.JMeter: PWD       =/var/loadtest
2022-09-04 15:59:48,710 INFO o.a.j.JMeter: IP: 127.0.1.1 Name: ubuntu FullName: ubuntu
2022-09-04 15:59:48,713 INFO o.a.j.s.FileServer: Default base='/var/loadtest'
2022-09-04 15:59:48,714 INFO o.a.j.s.FileServer: Set new base='/var/loadtest'
2022-09-04 15:59:49,003 INFO o.a.j.s.SaveService: Testplan (JMX) version: 2.2. Testlog (JTL) version: 2.2
2022-09-04 15:59:49,034 INFO o.a.j.s.SaveService: Using SaveService properties file encoding UTF-8
2022-09-04 15:59:49,040 INFO o.a.j.s.SaveService: Using SaveService properties version 3.2
2022-09-04 15:59:49,051 INFO o.a.j.s.SaveService: Loading file: /var/loadtest/modified_RkSaWH.jmx
2022-09-04 15:59:49,110 INFO o.a.j.p.h.c.CookieManager: Settings: Delete null: true Check: true Allow variable: true Save: false Prefix: COOKIE_
2022-09-04 15:59:49,126 INFO o.a.j.p.h.s.HTTPSamplerBase: Parser for text/html is org.apache.jmeter.protocol.http.parser.LagartoBasedHtmlParser
2022-09-04 15:59:49,126 INFO o.a.j.p.h.s.HTTPSamplerBase: Parser for application/xhtml+xml is org.apache.jmeter.protocol.http.parser.LagartoBasedHtmlParser
2022-09-04 15:59:49,126 INFO o.a.j.p.h.s.HTTPSamplerBase: Parser for application/xml is org.apache.jmeter.protocol.http.parser.LagartoBasedHtmlParser
2022-09-04 15:59:49,126 INFO o.a.j.p.h.s.HTTPSamplerBase: Parser for text/xml is org.apache.jmeter.protocol.http.parser.LagartoBasedHtmlParser
2022-09-04 15:59:49,126 INFO o.a.j.p.h.s.HTTPSamplerBase: Parser for text/vnd.wap.wml is org.apache.jmeter.protocol.http.parser.RegexpHTMLParser
2022-09-04 15:59:49,126 INFO o.a.j.p.h.s.HTTPSamplerBase: Parser for text/css is org.apache.jmeter.protocol.http.parser.CssParser
2022-09-04 15:59:49,183 INFO o.a.j.JMeter: Creating summariser <summary>
2022-09-04 15:59:49,192 INFO o.a.j.e.StandardJMeterEngine: Running the test!
2022-09-04 15:59:49,193 INFO o.a.j.s.SampleEvent: List of sample_variables: []
2022-09-04 15:59:49,193 INFO o.a.j.s.SampleEvent: List of sample_variables: []
2022-09-04 15:59:49,200 INFO o.a.j.e.u.CompoundVariable: Note: Function class names must contain the string: '.functions.'
2022-09-04 15:59:49,200 INFO o.a.j.e.u.CompoundVariable: Note: Function class names must not contain the string: '.gui.'
2022-09-04 15:59:50,129 INFO o.a.j.JMeter: Running test (1662307190129)
2022-09-04 15:59:50,190 INFO o.a.j.e.StandardJMeterEngine: Starting ThreadGroup: 1 : Jmeter
2022-09-04 15:59:50,190 INFO o.a.j.e.StandardJMeterEngine: Starting 200 threads for group Jmeter.
2022-09-04 15:59:50,190 INFO o.a.j.e.StandardJMeterEngine: Thread will continue on error
2022-09-04 15:59:50,191 INFO o.a.j.t.ThreadGroup: Starting thread group... number=1 threads=200 ramp-up=1 perThread=5.0 delayedStart=false
2022-09-04 15:59:50,207 INFO o.a.j.t.JMeterThread: Thread started: Jmeter 1-1
2022-09-04 15:59:50,220 INFO o.a.j.t.JMeterThread: Thread started: Jmeter 1-2
2022-09-04 15:59:50,225 INFO o.a.j.t.JMeterThread: Thread started: Jmeter 1-3
2022-09-04 15:59:50,234 INFO o.a.j.t.JMeterThread: Thread started: Jmeter 1-4
2022-09-04 15:59:50,240 INFO o.a.j.t.JMeterThread: Thread started: Jmeter 1-5
2022-09-04 15:59:50,245 INFO o.a.j.t.JMeterThread: Thread started: Jmeter 1-6
2022-09-04 15:59:50,257 INFO o.a.j.t.JMeterThread: Thread started: Jmeter 1-7
2022-09-04 15:59:50,264 INFO o.a.j.t.JMeterThread: Thread started: Jmeter 1-8
2022-09-04 15:59:50,270 INFO o.a.j.p.h.s.HTTPHCAbstractImpl: Local host = ubuntu
2022-09-04 15:59:50,276 INFO o.a.j.t.JMeterThread: Thread started: Jmeter 1-10
2022-09-04 15:59:50,282 INFO o.a.j.p.h.s.HTTPHC4Impl: HTTP request retry count = 0
2022-09-04 15:59:50,282 INFO o.a.j.t.JMeterThread: Thread started: Jmeter 1-9
2022-09-04 15:59:50,283 INFO o.a.j.t.JMeterThread: Thread started: Jmeter 1-11
2022-09-04 15:59:50,289 INFO o.a.j.t.JMeterThread: Thread started: Jmeter 1-12
2022-09-04 15:59:50,296 INFO o.a.j.t.JMeterThread: Thread started: Jmeter 1-13
2022-09-04 15:59:50,298 INFO o.a.j.s.SampleResult: Note: Sample TimeStamps are START times
2022-09-04 15:59:50,298 INFO o.a.j.s.SampleResult: sampleresult.default.encoding is set to ISO-8859-1
2022-09-04 15:59:50,298 INFO o.a.j.s.SampleResult: sampleresult.useNanoTime=true
2022-09-04 15:59:50,298 INFO o.a.j.s.SampleResult: sampleresult.nanoThreadSleep=5000
2022-09-04 15:59:50,306 INFO o.a.j.t.JMeterThread: Thread started: Jmeter 1-14
2022-09-04 15:59:50,314 INFO o.a.j.t.JMeterThread: Thread started: Jmeter 1-15
2022-09-04 15:59:50,323 INFO o.a.j.t.JMeterThread: Thread started: Jmeter 1-16
2022-09-04 15:59:50,329 INFO o.a.j.t.JMeterThread: Thread started: Jmeter 1-17
2022-09-04 15:59:50,336 INFO o.a.j.t.JMeterThread: Thread started: Jmeter 1-18
2022-09-04 15:59:50,342 INFO o.a.j.t.JMeterThread: Thread started: Jmeter 1-19
2022-09-04 15:59:50,348 INFO o.a.j.t.JMeterThread: Thread started: Jmeter 1-20
2022-09-04 15:59:50,355 INFO o.a.j.t.JMeterThread: Thread started: Jmeter 1-21
2022-09-04 15:59:50,361 INFO o.a.j.t.JMeterThread: Thread started: Jmeter 1-22
2022-09-04 15:59:50,368 INFO o.a.j.t.JMeterThread: Thread started: Jmeter 1-23
2022-09-04 15:59:50,382 INFO o.a.j.t.JMeterThread: Thread started: Jmeter 1-25
2022-09-04 15:59:50,389 INFO o.a.j.t.JMeterThread: Thread started: Jmeter 1-24
2022-09-04 15:59:50,390 INFO o.a.j.t.JMeterThread: Thread started: Jmeter 1-26
2022-09-04 15:59:50,408 INFO o.a.j.t.JMeterThread: Thread started: Jmeter 1-27
2022-09-04 15:59:50,419 INFO o.a.j.t.JMeterThread: Thread started: Jmeter 1-28
2022-09-04 15:59:50,422 INFO o.a.j.t.JMeterThread: Thread started: Jmeter 1-29
2022-09-04 15:59:50,437 INFO o.a.j.t.JMeterThread: Thread started: Jmeter 1-30
2022-09-04 15:59:50,451 INFO o.a.j.t.JMeterThread: Thread started: Jmeter 1-31
2022-09-04 15:59:50,457 INFO o.a.j.t.JMeterThread: Thread started: Jmeter 1-32
2022-09-04 15:59:50,469 INFO o.a.j.t.JMeterThread: Thread started: Jmeter 1-33
2022-09-04 15:59:50,487 INFO o.a.j.t.JMeterThread: Thread started: Jmeter 1-35
2022-09-04 15:59:50,488 INFO o.a.j.t.JMeterThread: Thread started: Jmeter 1-34
2022-09-04 15:59:50,524 INFO o.a.j.t.JMeterThread: Thread started: Jmeter 1-36
2022-09-04 15:59:50,537 INFO o.a.j.t.JMeterThread: Thread started: Jmeter 1-37
2022-09-04 15:59:50,563 INFO o.a.j.t.JMeterThread: Thread started: Jmeter 1-39
2022-09-04 15:59:50,563 INFO o.a.j.t.JMeterThread: Thread started: Jmeter 1-38
2022-09-04 15:59:50,577 INFO o.a.j.t.JMeterThread: Thread started: Jmeter 1-40
2022-09-04 15:59:50,601 INFO o.a.j.t.JMeterThread: Thread started: Jmeter 1-41
2022-09-04 15:59:50,605 INFO o.a.j.t.JMeterThread: Thread started: Jmeter 1-42
2022-09-04 15:59:50,619 INFO o.a.j.t.JMeterThread: Thread started: Jmeter 1-43
2022-09-04 15:59:50,640 INFO o.a.j.t.JMeterThread: Thread started: Jmeter 1-44
2022-09-04 15:59:50,656 INFO o.a.j.t.JMeterThread: Thread started: Jmeter 1-45
2022-09-04 15:59:50,675 INFO o.a.j.t.JMeterThread: Thread started: Jmeter 1-46
2022-09-04 15:59:50,686 INFO o.a.j.t.JMeterThread: Thread started: Jmeter 1-47
2022-09-04 15:59:50,700 INFO o.a.j.t.JMeterThread: Thread started: Jmeter 1-48
2022-09-04 15:59:50,711 INFO o.a.j.t.JMeterThread: Thread started: Jmeter 1-49
2022-09-04 15:59:50,725 INFO o.a.j.t.JMeterThread: Thread started: Jmeter 1-51
2022-09-04 15:59:50,729 INFO o.a.j.t.JMeterThread: Thread started: Jmeter 1-50
2022-09-04 15:59:50,731 INFO o.a.j.t.JMeterThread: Thread started: Jmeter 1-52
2022-09-04 15:59:50,741 INFO o.a.j.t.JMeterThread: Thread started: Jmeter 1-53
2022-09-04 15:59:50,747 INFO o.a.j.t.JMeterThread: Thread started: Jmeter 1-54
2022-09-04 15:59:50,752 INFO o.a.j.t.JMeterThread: Thread started: Jmeter 1-55
2022-09-04 15:59:50,758 INFO o.a.j.t.JMeterThread: Thread started: Jmeter 1-56
2022-09-04 15:59:50,764 INFO o.a.j.t.JMeterThread: Thread started: Jmeter 1-57
2022-09-04 15:59:50,777 INFO o.a.j.t.JMeterThread: Thread started: Jmeter 1-58
2022-09-04 15:59:50,783 INFO o.a.j.t.JMeterThread: Thread started: Jmeter 1-59
2022-09-04 15:59:50,789 INFO o.a.j.t.JMeterThread: Thread started: Jmeter 1-60
2022-09-04 15:59:50,795 INFO o.a.j.t.JMeterThread: Thread started: Jmeter 1-61
2022-09-04 15:59:50,803 INFO o.a.j.t.JMeterThread: Thread started: Jmeter 1-62
2022-09-04 15:59:50,811 INFO o.a.j.t.JMeterThread: Thread started: Jmeter 1-63
2022-09-04 15:59:50,818 INFO o.a.j.t.JMeterThread: Thread started: Jmeter 1-64
2022-09-04 15:59:50,824 INFO o.a.j.t.JMeterThread: Thread started: Jmeter 1-65
2022-09-04 15:59:50,840 INFO o.a.j.t.JMeterThread: Thread started: Jmeter 1-66
2022-09-04 15:59:50,841 INFO o.a.j.t.JMeterThread: Thread started: Jmeter 1-67
2022-09-04 15:59:50,846 INFO o.a.j.t.JMeterThread: Thread started: Jmeter 1-68
2022-09-04 15:59:50,853 INFO o.a.j.t.JMeterThread: Thread started: Jmeter 1-69
2022-09-04 15:59:50,858 INFO o.a.j.t.JMeterThread: Thread started: Jmeter 1-70
2022-09-04 15:59:50,868 INFO o.a.j.t.JMeterThread: Thread started: Jmeter 1-71
2022-09-04 15:59:50,875 INFO o.a.j.t.JMeterThread: Thread started: Jmeter 1-72
2022-09-04 15:59:50,880 INFO o.a.j.t.JMeterThread: Thread started: Jmeter 1-73
2022-09-04 15:59:50,901 INFO o.a.j.t.ThreadGroup: Started thread group number 1
2022-09-04 15:59:50,901 INFO o.a.j.t.JMeterThread: Thread started: Jmeter 1-74
2022-09-04 15:59:50,901 INFO o.a.j.e.StandardJMeterEngine: All thread groups have been started
2022-09-04 15:59:50,915 INFO o.a.j.t.JMeterThread: Thread started: Jmeter 1-75
2022-09-04 15:59:50,931 INFO o.a.j.t.JMeterThread: Thread started: Jmeter 1-76
2022-09-04 15:59:50,938 INFO o.a.j.t.JMeterThread: Thread started: Jmeter 1-77
2022-09-04 15:59:50,946 INFO o.a.j.t.JMeterThread: Thread started: Jmeter 1-78
2022-09-04 15:59:50,959 INFO o.a.j.t.JMeterThread: Thread started: Jmeter 1-79
2022-09-04 15:59:50,971 INFO o.a.j.t.JMeterThread: Thread started: Jmeter 1-80
2022-09-04 15:59:50,977 INFO o.a.j.t.JMeterThread: Thread started: Jmeter 1-81
2022-09-04 15:59:50,988 INFO o.a.j.t.JMeterThread: Thread started: Jmeter 1-82
2022-09-04 15:59:50,994 INFO o.a.j.t.JMeterThread: Thread started: Jmeter 1-83
2022-09-04 15:59:50,999 INFO o.a.j.t.JMeterThread: Thread started: Jmeter 1-84
2022-09-04 15:59:51,013 INFO o.a.j.t.JMeterThread: Thread started: Jmeter 1-85
2022-09-04 15:59:51,022 INFO o.a.j.t.JMeterThread: Thread started: Jmeter 1-86
2022-09-04 15:59:51,033 INFO o.a.j.t.JMeterThread: Thread started: Jmeter 1-87
2022-09-04 15:59:51,047 INFO o.a.j.t.JMeterThread: Thread started: Jmeter 1-88
2022-09-04 15:59:51,059 INFO o.a.j.t.JMeterThread: Thread started: Jmeter 1-89
2022-09-04 15:59:51,062 INFO o.a.j.t.JMeterThread: Thread started: Jmeter 1-90
2022-09-04 15:59:51,068 INFO o.a.j.t.JMeterThread: Thread started: Jmeter 1-91
2022-09-04 15:59:51,073 INFO o.a.j.t.JMeterThread: Thread started: Jmeter 1-92
2022-09-04 15:59:51,078 INFO o.a.j.t.JMeterThread: Thread started: Jmeter 1-93
2022-09-04 15:59:51,089 INFO o.a.j.t.JMeterThread: Thread started: Jmeter 1-94
2022-09-04 15:59:51,100 INFO o.a.j.t.JMeterThread: Thread started: Jmeter 1-95
2022-09-04 15:59:51,105 INFO o.a.j.t.JMeterThread: Thread started: Jmeter 1-96
2022-09-04 15:59:51,111 INFO o.a.j.t.JMeterThread: Thread started: Jmeter 1-97
2022-09-04 15:59:51,117 INFO o.a.j.t.JMeterThread: Thread started: Jmeter 1-98
2022-09-04 15:59:51,122 INFO o.a.j.t.JMeterThread: Thread started: Jmeter 1-99
2022-09-04 15:59:51,130 INFO o.a.j.t.JMeterThread: Thread started: Jmeter 1-100
2022-09-04 15:59:51,140 INFO o.a.j.t.JMeterThread: Thread started: Jmeter 1-101
2022-09-04 15:59:51,150 INFO o.a.j.t.JMeterThread: Thread started: Jmeter 1-102
2022-09-04 15:59:51,153 INFO o.a.j.t.JMeterThread: Thread started: Jmeter 1-103
2022-09-04 15:59:51,168 INFO o.a.j.t.JMeterThread: Thread started: Jmeter 1-104
2022-09-04 15:59:51,176 INFO o.a.j.t.JMeterThread: Thread started: Jmeter 1-105
2022-09-04 15:59:51,182 INFO o.a.j.t.JMeterThread: Thread started: Jmeter 1-106
2022-09-04 15:59:51,188 INFO o.a.j.t.JMeterThread: Thread started: Jmeter 1-107
2022-09-04 15:59:51,208 INFO o.a.j.t.JMeterThread: Thread started: Jmeter 1-108
2022-09-04 15:59:51,217 INFO o.a.j.t.JMeterThread: Thread started: Jmeter 1-109
2022-09-04 15:59:51,227 INFO o.a.j.t.JMeterThread: Thread started: Jmeter 1-110
2022-09-04 15:59:51,233 INFO o.a.j.t.JMeterThread: Thread started: Jmeter 1-111
2022-09-04 15:59:51,239 INFO o.a.j.t.JMeterThread: Thread started: Jmeter 1-112
2022-09-04 15:59:51,262 INFO o.a.j.t.JMeterThread: Thread started: Jmeter 1-113
2022-09-04 15:59:51,264 INFO o.a.j.t.JMeterThread: Thread started: Jmeter 1-114
2022-09-04 15:59:51,274 INFO o.a.j.t.JMeterThread: Thread started: Jmeter 1-115
2022-09-04 15:59:51,279 INFO o.a.j.t.JMeterThread: Thread started: Jmeter 1-116
2022-09-04 15:59:51,286 INFO o.a.j.t.JMeterThread: Thread started: Jmeter 1-117
2022-09-04 15:59:51,291 INFO o.a.j.t.JMeterThread: Thread started: Jmeter 1-118
2022-09-04 15:59:51,297 INFO o.a.j.t.JMeterThread: Thread started: Jmeter 1-119
2022-09-04 15:59:51,303 INFO o.a.j.t.JMeterThread: Thread started: Jmeter 1-120
2022-09-04 15:59:51,309 INFO o.a.j.t.JMeterThread: Thread started: Jmeter 1-121
2022-09-04 15:59:51,315 INFO o.a.j.t.JMeterThread: Thread started: Jmeter 1-122
2022-09-04 15:59:51,320 INFO o.a.j.t.JMeterThread: Thread started: Jmeter 1-123
2022-09-04 15:59:51,338 INFO o.a.j.t.JMeterThread: Thread started: Jmeter 1-124
2022-09-04 15:59:51,349 INFO o.a.j.t.JMeterThread: Thread started: Jmeter 1-125
2022-09-04 15:59:51,354 INFO o.a.j.t.JMeterThread: Thread started: Jmeter 1-126
2022-09-04 15:59:51,360 INFO o.a.j.t.JMeterThread: Thread started: Jmeter 1-127
2022-09-04 15:59:51,369 INFO o.a.j.t.JMeterThread: Thread started: Jmeter 1-128
2022-09-04 15:59:51,375 INFO o.a.j.t.JMeterThread: Thread started: Jmeter 1-129
2022-09-04 15:59:51,380 INFO o.a.j.t.JMeterThread: Thread started: Jmeter 1-130
2022-09-04 15:59:51,385 INFO o.a.j.t.JMeterThread: Thread started: Jmeter 1-131
2022-09-04 15:59:51,391 INFO o.a.j.t.JMeterThread: Thread started: Jmeter 1-132
2022-09-04 15:59:51,398 INFO o.a.j.t.JMeterThread: Thread started: Jmeter 1-133
2022-09-04 15:59:51,408 INFO o.a.j.t.JMeterThread: Thread started: Jmeter 1-134
2022-09-04 15:59:51,414 INFO o.a.j.t.JMeterThread: Thread started: Jmeter 1-135
2022-09-04 15:59:51,419 INFO o.a.j.t.JMeterThread: Thread started: Jmeter 1-136
2022-09-04 15:59:51,425 INFO o.a.j.t.JMeterThread: Thread started: Jmeter 1-137
2022-09-04 15:59:51,437 INFO o.a.j.t.JMeterThread: Thread started: Jmeter 1-138
2022-09-04 15:59:51,454 INFO o.a.j.t.JMeterThread: Thread started: Jmeter 1-139
2022-09-04 15:59:51,463 INFO o.a.j.t.JMeterThread: Thread started: Jmeter 1-140
2022-09-04 15:59:51,469 INFO o.a.j.t.JMeterThread: Thread started: Jmeter 1-141
2022-09-04 15:59:51,474 INFO o.a.j.t.JMeterThread: Thread started: Jmeter 1-142
2022-09-04 15:59:51,480 INFO o.a.j.t.JMeterThread: Thread started: Jmeter 1-143
2022-09-04 15:59:51,485 INFO o.a.j.t.JMeterThread: Thread started: Jmeter 1-144
2022-09-04 15:59:51,490 INFO o.a.j.t.JMeterThread: Thread started: Jmeter 1-145
2022-09-04 15:59:51,496 INFO o.a.j.t.JMeterThread: Thread started: Jmeter 1-146
2022-09-04 15:59:51,501 INFO o.a.j.t.JMeterThread: Thread started: Jmeter 1-147
2022-09-04 15:59:51,506 INFO o.a.j.t.JMeterThread: Thread started: Jmeter 1-148
2022-09-04 15:59:51,517 INFO o.a.j.t.JMeterThread: Thread started: Jmeter 1-149
2022-09-04 15:59:51,537 INFO o.a.j.t.JMeterThread: Thread started: Jmeter 1-150
2022-09-04 15:59:51,537 INFO o.a.j.t.JMeterThread: Thread started: Jmeter 1-151
2022-09-04 15:59:51,543 INFO o.a.j.t.JMeterThread: Thread started: Jmeter 1-152
2022-09-04 15:59:51,566 INFO o.a.j.t.JMeterThread: Thread started: Jmeter 1-153
2022-09-04 15:59:51,575 INFO o.a.j.t.JMeterThread: Thread started: Jmeter 1-154
2022-09-04 15:59:51,577 INFO o.a.j.t.JMeterThread: Thread started: Jmeter 1-155
2022-09-04 15:59:51,589 INFO o.a.j.t.JMeterThread: Thread started: Jmeter 1-156
2022-09-04 15:59:51,595 INFO o.a.j.t.JMeterThread: Thread started: Jmeter 1-157
2022-09-04 15:59:51,603 INFO o.a.j.t.JMeterThread: Thread started: Jmeter 1-158
2022-09-04 15:59:51,610 INFO o.a.j.t.JMeterThread: Thread started: Jmeter 1-159
2022-09-04 15:59:51,616 INFO o.a.j.t.JMeterThread: Thread started: Jmeter 1-160
2022-09-04 15:59:51,626 INFO o.a.j.t.JMeterThread: Thread started: Jmeter 1-162
2022-09-04 15:59:51,627 INFO o.a.j.t.JMeterThread: Thread started: Jmeter 1-161
2022-09-04 15:59:51,631 INFO o.a.j.t.JMeterThread: Thread started: Jmeter 1-163
2022-09-04 15:59:51,637 INFO o.a.j.t.JMeterThread: Thread started: Jmeter 1-164
2022-09-04 15:59:51,649 INFO o.a.j.t.JMeterThread: Thread started: Jmeter 1-165
2022-09-04 15:59:51,663 INFO o.a.j.t.JMeterThread: Thread started: Jmeter 1-166
2022-09-04 15:59:51,669 INFO o.a.j.t.JMeterThread: Thread started: Jmeter 1-167
2022-09-04 15:59:51,680 INFO o.a.j.t.JMeterThread: Thread started: Jmeter 1-168
2022-09-04 15:59:51,684 INFO o.a.j.t.JMeterThread: Thread started: Jmeter 1-169
2022-09-04 15:59:51,689 INFO o.a.j.t.JMeterThread: Thread started: Jmeter 1-170
2022-09-04 15:59:51,695 INFO o.a.j.t.JMeterThread: Thread started: Jmeter 1-171
2022-09-04 15:59:51,711 INFO o.a.j.t.JMeterThread: Thread started: Jmeter 1-172
2022-09-04 15:59:51,717 INFO o.a.j.t.JMeterThread: Thread started: Jmeter 1-173
2022-09-04 15:59:51,729 INFO o.a.j.t.JMeterThread: Thread started: Jmeter 1-174
2022-09-04 15:59:51,735 INFO o.a.j.t.JMeterThread: Thread started: Jmeter 1-175
2022-09-04 15:59:51,753 INFO o.a.j.t.JMeterThread: Thread started: Jmeter 1-177
2022-09-04 15:59:51,755 INFO o.a.j.t.JMeterThread: Thread started: Jmeter 1-176
2022-09-04 15:59:51,762 INFO o.a.j.t.JMeterThread: Thread started: Jmeter 1-178
2022-09-04 15:59:51,771 INFO o.a.j.t.JMeterThread: Thread started: Jmeter 1-179
2022-09-04 15:59:51,776 INFO o.a.j.t.JMeterThread: Thread started: Jmeter 1-180
2022-09-04 15:59:51,781 INFO o.a.j.t.JMeterThread: Thread started: Jmeter 1-181
2022-09-04 15:59:51,787 INFO o.a.j.t.JMeterThread: Thread started: Jmeter 1-182
2022-09-04 15:59:51,792 INFO o.a.j.t.JMeterThread: Thread started: Jmeter 1-183
2022-09-04 15:59:51,798 INFO o.a.j.t.JMeterThread: Thread started: Jmeter 1-184
2022-09-04 15:59:51,803 INFO o.a.j.t.JMeterThread: Thread started: Jmeter 1-185
2022-09-04 15:59:51,808 INFO o.a.j.t.JMeterThread: Thread started: Jmeter 1-186
2022-09-04 15:59:51,814 INFO o.a.j.t.JMeterThread: Thread started: Jmeter 1-187
2022-09-04 15:59:51,819 INFO o.a.j.t.JMeterThread: Thread started: Jmeter 1-188
2022-09-04 15:59:51,825 INFO o.a.j.t.JMeterThread: Thread started: Jmeter 1-189
2022-09-04 15:59:51,830 INFO o.a.j.t.JMeterThread: Thread started: Jmeter 1-190
2022-09-04 15:59:51,838 INFO o.a.j.t.JMeterThread: Thread started: Jmeter 1-191
2022-09-04 15:59:51,844 INFO o.a.j.t.JMeterThread: Thread started: Jmeter 1-192
2022-09-04 15:59:51,849 INFO o.a.j.t.JMeterThread: Thread started: Jmeter 1-193
2022-09-04 15:59:51,855 INFO o.a.j.t.JMeterThread: Thread started: Jmeter 1-194
2022-09-04 15:59:51,860 INFO o.a.j.t.JMeterThread: Thread started: Jmeter 1-195
2022-09-04 15:59:51,871 INFO o.a.j.t.JMeterThread: Thread started: Jmeter 1-196
2022-09-04 15:59:51,877 INFO o.a.j.t.JMeterThread: Thread started: Jmeter 1-197
2022-09-04 15:59:51,885 INFO o.a.j.t.JMeterThread: Thread started: Jmeter 1-198
2022-09-04 15:59:51,891 INFO o.a.j.t.JMeterThread: Thread started: Jmeter 1-199
2022-09-04 15:59:51,896 INFO o.a.j.t.JMeterThread: Thread started: Jmeter 1-200
2022-09-04 15:59:55,639 INFO o.a.j.t.JMeterThread: Thread is done: Jmeter 1-12
2022-09-04 15:59:55,639 INFO o.a.j.t.JMeterThread: Thread finished: Jmeter 1-12
2022-09-04 15:59:56,099 INFO o.a.j.t.JMeterThread: Thread is done: Jmeter 1-2
2022-09-04 15:59:56,099 INFO o.a.j.t.JMeterThread: Thread finished: Jmeter 1-2
2022-09-04 15:59:58,529 INFO o.a.j.t.JMeterThread: Thread is done: Jmeter 1-32
2022-09-04 15:59:58,529 INFO o.a.j.t.JMeterThread: Thread finished: Jmeter 1-32
2022-09-04 15:59:58,590 INFO o.a.j.t.JMeterThread: Thread is done: Jmeter 1-18
2022-09-04 15:59:58,591 INFO o.a.j.t.JMeterThread: Thread finished: Jmeter 1-18
2022-09-04 15:59:59,284 INFO o.a.j.t.JMeterThread: Thread is done: Jmeter 1-23
2022-09-04 15:59:59,284 INFO o.a.j.t.JMeterThread: Thread finished: Jmeter 1-23
2022-09-04 16:00:00,039 INFO o.a.j.r.Summariser: summary +    369 in 00:00:10 =   37.2/s Avg:  3495 Min:   177 Max:  9050 Err:     0 (0.00%) Active: 195 Started: 200 Finished: 5
2022-09-04 16:00:01,061 INFO o.a.j.t.JMeterThread: Thread is done: Jmeter 1-37
2022-09-04 16:00:01,061 INFO o.a.j.t.JMeterThread: Thread finished: Jmeter 1-37
2022-09-04 16:00:01,341 INFO o.a.j.t.JMeterThread: Thread is done: Jmeter 1-14
2022-09-04 16:00:01,341 INFO o.a.j.t.JMeterThread: Thread finished: Jmeter 1-14
2022-09-04 16:00:05,873 INFO o.a.j.t.JMeterThread: Thread is done: Jmeter 1-21
2022-09-04 16:00:05,873 INFO o.a.j.t.JMeterThread: Thread finished: Jmeter 1-21
2022-09-04 16:00:07,148 INFO o.a.j.t.JMeterThread: Thread is done: Jmeter 1-184
2022-09-04 16:00:07,149 INFO o.a.j.t.JMeterThread: Thread finished: Jmeter 1-184
2022-09-04 16:00:07,169 INFO o.a.j.t.JMeterThread: Thread is done: Jmeter 1-29
2022-09-04 16:00:07,170 INFO o.a.j.t.JMeterThread: Thread finished: Jmeter 1-29
2022-09-04 16:00:07,753 INFO o.a.j.t.JMeterThread: Thread is done: Jmeter 1-45
2022-09-04 16:00:07,753 INFO o.a.j.t.JMeterThread: Thread finished: Jmeter 1-45
2022-09-04 16:00:08,753 INFO o.a.j.t.JMeterThread: Thread is done: Jmeter 1-46
2022-09-04 16:00:08,753 INFO o.a.j.t.JMeterThread: Thread finished: Jmeter 1-46
2022-09-04 16:00:08,926 INFO o.a.j.t.JMeterThread: Thread is done: Jmeter 1-6
2022-09-04 16:00:08,944 INFO o.a.j.t.JMeterThread: Thread finished: Jmeter 1-6
2022-09-04 16:00:09,099 INFO o.a.j.t.JMeterThread: Thread is done: Jmeter 1-187
2022-09-04 16:00:09,099 INFO o.a.j.t.JMeterThread: Thread finished: Jmeter 1-187
2022-09-04 16:00:09,549 INFO o.a.j.t.JMeterThread: Thread is done: Jmeter 1-154
2022-09-04 16:00:09,549 INFO o.a.j.t.JMeterThread: Thread finished: Jmeter 1-154
2022-09-04 16:00:09,636 INFO o.a.j.t.JMeterThread: Thread is done: Jmeter 1-57
2022-09-04 16:00:09,637 INFO o.a.j.t.JMeterThread: Thread finished: Jmeter 1-57
2022-09-04 16:00:10,175 INFO o.a.j.t.JMeterThread: Thread is done: Jmeter 1-123
2022-09-04 16:00:10,175 INFO o.a.j.t.JMeterThread: Thread finished: Jmeter 1-123
2022-09-04 16:00:12,610 INFO o.a.j.t.JMeterThread: Thread is done: Jmeter 1-40
2022-09-04 16:00:12,610 INFO o.a.j.t.JMeterThread: Thread finished: Jmeter 1-40
2022-09-04 16:00:12,665 INFO o.a.j.t.JMeterThread: Thread is done: Jmeter 1-36
2022-09-04 16:00:12,665 INFO o.a.j.t.JMeterThread: Thread finished: Jmeter 1-36
2022-09-04 16:00:13,356 INFO o.a.j.t.JMeterThread: Thread is done: Jmeter 1-30
2022-09-04 16:00:13,356 INFO o.a.j.t.JMeterThread: Thread finished: Jmeter 1-30
2022-09-04 16:00:13,767 INFO o.a.j.t.JMeterThread: Thread is done: Jmeter 1-79
2022-09-04 16:00:13,767 INFO o.a.j.t.JMeterThread: Thread finished: Jmeter 1-79
2022-09-04 16:00:13,813 INFO o.a.j.t.JMeterThread: Thread is done: Jmeter 1-8
2022-09-04 16:00:13,813 INFO o.a.j.t.JMeterThread: Thread finished: Jmeter 1-8
2022-09-04 16:00:14,017 INFO o.a.j.t.JMeterThread: Thread is done: Jmeter 1-140
2022-09-04 16:00:14,017 INFO o.a.j.t.JMeterThread: Thread finished: Jmeter 1-140
2022-09-04 16:00:14,132 INFO o.a.j.t.JMeterThread: Thread is done: Jmeter 1-77
2022-09-04 16:00:14,132 INFO o.a.j.t.JMeterThread: Thread finished: Jmeter 1-77
2022-09-04 16:00:15,177 INFO o.a.j.t.JMeterThread: Thread is done: Jmeter 1-85
2022-09-04 16:00:15,178 INFO o.a.j.t.JMeterThread: Thread finished: Jmeter 1-85
2022-09-04 16:00:19,035 INFO o.a.j.t.JMeterThread: Thread is done: Jmeter 1-72
2022-09-04 16:00:19,035 INFO o.a.j.t.JMeterThread: Thread finished: Jmeter 1-72
2022-09-04 16:00:19,037 INFO o.a.j.t.JMeterThread: Thread is done: Jmeter 1-198
2022-09-04 16:00:19,037 INFO o.a.j.t.JMeterThread: Thread finished: Jmeter 1-198
2022-09-04 16:00:19,044 INFO o.a.j.t.JMeterThread: Thread is done: Jmeter 1-122
2022-09-04 16:00:19,044 INFO o.a.j.t.JMeterThread: Thread finished: Jmeter 1-122
2022-09-04 16:00:19,341 INFO o.a.j.t.JMeterThread: Thread is done: Jmeter 1-178
2022-09-04 16:00:19,341 INFO o.a.j.t.JMeterThread: Thread finished: Jmeter 1-178
2022-09-04 16:00:20,073 INFO o.a.j.t.JMeterThread: Thread is done: Jmeter 1-31
2022-09-04 16:00:20,074 INFO o.a.j.t.JMeterThread: Thread finished: Jmeter 1-31
2022-09-04 16:00:20,080 INFO o.a.j.t.JMeterThread: Thread is done: Jmeter 1-171
2022-09-04 16:00:20,081 INFO o.a.j.t.JMeterThread: Thread finished: Jmeter 1-171
2022-09-04 16:00:21,999 INFO o.a.j.t.JMeterThread: Thread is done: Jmeter 1-117
2022-09-04 16:00:21,999 INFO o.a.j.t.JMeterThread: Thread finished: Jmeter 1-117
2022-09-04 16:00:22,379 INFO o.a.j.t.JMeterThread: Thread is done: Jmeter 1-22
2022-09-04 16:00:22,379 INFO o.a.j.t.JMeterThread: Thread finished: Jmeter 1-22
2022-09-04 16:00:22,391 INFO o.a.j.t.JMeterThread: Thread is done: Jmeter 1-100
2022-09-04 16:00:22,391 INFO o.a.j.t.JMeterThread: Thread finished: Jmeter 1-100
2022-09-04 16:00:22,393 INFO o.a.j.t.JMeterThread: Thread is done: Jmeter 1-101
2022-09-04 16:00:22,393 INFO o.a.j.t.JMeterThread: Thread finished: Jmeter 1-101
2022-09-04 16:00:22,394 INFO o.a.j.t.JMeterThread: Thread is done: Jmeter 1-188
2022-09-04 16:00:22,394 INFO o.a.j.t.JMeterThread: Thread finished: Jmeter 1-188
2022-09-04 16:00:22,402 INFO o.a.j.t.JMeterThread: Thread is done: Jmeter 1-42
2022-09-04 16:00:22,402 INFO o.a.j.t.JMeterThread: Thread finished: Jmeter 1-42
2022-09-04 16:00:22,405 INFO o.a.j.t.JMeterThread: Thread is done: Jmeter 1-60
2022-09-04 16:00:22,405 INFO o.a.j.t.JMeterThread: Thread finished: Jmeter 1-60
2022-09-04 16:00:23,079 INFO o.a.j.t.JMeterThread: Thread is done: Jmeter 1-75
2022-09-04 16:00:23,079 INFO o.a.j.t.JMeterThread: Thread finished: Jmeter 1-75
2022-09-04 16:00:23,082 INFO o.a.j.t.JMeterThread: Thread is done: Jmeter 1-149
2022-09-04 16:00:23,082 INFO o.a.j.t.JMeterThread: Thread finished: Jmeter 1-149
2022-09-04 16:00:24,690 INFO o.a.j.t.JMeterThread: Thread is done: Jmeter 1-35
2022-09-04 16:00:24,690 INFO o.a.j.t.JMeterThread: Thread finished: Jmeter 1-35
2022-09-04 16:00:25,362 INFO o.a.j.t.JMeterThread: Thread is done: Jmeter 1-120
2022-09-04 16:00:25,362 INFO o.a.j.t.JMeterThread: Thread finished: Jmeter 1-120
2022-09-04 16:00:25,678 INFO o.a.j.t.JMeterThread: Thread is done: Jmeter 1-116
2022-09-04 16:00:25,678 INFO o.a.j.t.JMeterThread: Thread finished: Jmeter 1-116
2022-09-04 16:00:25,901 INFO o.a.j.t.JMeterThread: Thread is done: Jmeter 1-95
2022-09-04 16:00:25,901 INFO o.a.j.t.JMeterThread: Thread finished: Jmeter 1-95
2022-09-04 16:00:26,131 INFO o.a.j.t.JMeterThread: Thread is done: Jmeter 1-16
2022-09-04 16:00:26,131 INFO o.a.j.t.JMeterThread: Thread finished: Jmeter 1-16
2022-09-04 16:00:26,742 INFO o.a.j.t.JMeterThread: Thread is done: Jmeter 1-43
2022-09-04 16:00:26,742 INFO o.a.j.t.JMeterThread: Thread finished: Jmeter 1-43
2022-09-04 16:00:26,873 INFO o.a.j.t.JMeterThread: Thread is done: Jmeter 1-34
2022-09-04 16:00:26,873 INFO o.a.j.t.JMeterThread: Thread finished: Jmeter 1-34
2022-09-04 16:00:27,583 INFO o.a.j.t.JMeterThread: Thread is done: Jmeter 1-121
2022-09-04 16:00:27,583 INFO o.a.j.t.JMeterThread: Thread finished: Jmeter 1-121
2022-09-04 16:00:27,584 INFO o.a.j.t.JMeterThread: Thread is done: Jmeter 1-86
2022-09-04 16:00:27,585 INFO o.a.j.t.JMeterThread: Thread finished: Jmeter 1-86
2022-09-04 16:00:27,587 INFO o.a.j.t.JMeterThread: Thread is done: Jmeter 1-146
2022-09-04 16:00:27,587 INFO o.a.j.t.JMeterThread: Thread finished: Jmeter 1-146
2022-09-04 16:00:27,602 INFO o.a.j.t.JMeterThread: Thread is done: Jmeter 1-49
2022-09-04 16:00:27,602 INFO o.a.j.t.JMeterThread: Thread finished: Jmeter 1-49
2022-09-04 16:00:27,603 INFO o.a.j.t.JMeterThread: Thread is done: Jmeter 1-105
2022-09-04 16:00:27,603 INFO o.a.j.t.JMeterThread: Thread finished: Jmeter 1-105
2022-09-04 16:00:27,618 INFO o.a.j.t.JMeterThread: Thread is done: Jmeter 1-83
2022-09-04 16:00:27,618 INFO o.a.j.t.JMeterThread: Thread finished: Jmeter 1-83
2022-09-04 16:00:27,748 INFO o.a.j.t.JMeterThread: Thread is done: Jmeter 1-27
2022-09-04 16:00:27,748 INFO o.a.j.t.JMeterThread: Thread finished: Jmeter 1-27
2022-09-04 16:00:31,658 INFO o.a.j.r.Summariser: summary +    140 in 00:00:32 =    4.4/s Avg: 12233 Min:   599 Max: 32515 Err:     2 (1.43%) Active: 146 Started: 200 Finished: 54
2022-09-04 16:00:31,659 INFO o.a.j.r.Summariser: summary =    509 in 00:00:42 =   12.3/s Avg:  5899 Min:   177 Max: 32515 Err:     2 (0.39%)
2022-09-04 16:00:33,121 INFO o.a.j.t.JMeterThread: Thread is done: Jmeter 1-170
2022-09-04 16:00:33,122 INFO o.a.j.t.JMeterThread: Thread finished: Jmeter 1-170
2022-09-04 16:00:33,228 INFO o.a.j.t.JMeterThread: Thread is done: Jmeter 1-15
2022-09-04 16:00:33,229 INFO o.a.j.t.JMeterThread: Thread finished: Jmeter 1-15
2022-09-04 16:00:33,359 INFO o.a.j.t.JMeterThread: Thread is done: Jmeter 1-144
2022-09-04 16:00:33,360 INFO o.a.j.t.JMeterThread: Thread finished: Jmeter 1-144
2022-09-04 16:00:34,383 INFO o.a.j.t.JMeterThread: Thread is done: Jmeter 1-175
2022-09-04 16:00:34,383 INFO o.a.j.t.JMeterThread: Thread finished: Jmeter 1-175
2022-09-04 16:00:34,478 INFO o.a.j.t.JMeterThread: Thread is done: Jmeter 1-113
2022-09-04 16:00:34,478 INFO o.a.j.t.JMeterThread: Thread finished: Jmeter 1-113
2022-09-04 16:00:34,490 INFO o.a.j.t.JMeterThread: Thread is done: Jmeter 1-143
2022-09-04 16:00:34,490 INFO o.a.j.t.JMeterThread: Thread finished: Jmeter 1-143
2022-09-04 16:00:34,539 INFO o.a.j.t.JMeterThread: Thread is done: Jmeter 1-82
2022-09-04 16:00:34,539 INFO o.a.j.t.JMeterThread: Thread finished: Jmeter 1-82
2022-09-04 16:00:34,677 INFO o.a.j.t.JMeterThread: Thread is done: Jmeter 1-133
2022-09-04 16:00:34,677 INFO o.a.j.t.JMeterThread: Thread finished: Jmeter 1-133
2022-09-04 16:00:34,880 INFO o.a.j.t.JMeterThread: Thread is done: Jmeter 1-161
2022-09-04 16:00:34,880 INFO o.a.j.t.JMeterThread: Thread finished: Jmeter 1-161
2022-09-04 16:00:36,424 INFO o.a.j.t.JMeterThread: Thread is done: Jmeter 1-11
2022-09-04 16:00:36,425 INFO o.a.j.t.JMeterThread: Thread finished: Jmeter 1-11
2022-09-04 16:00:36,593 INFO o.a.j.t.JMeterThread: Thread is done: Jmeter 1-102
2022-09-04 16:00:36,593 INFO o.a.j.t.JMeterThread: Thread finished: Jmeter 1-102
2022-09-04 16:00:36,711 INFO o.a.j.t.JMeterThread: Thread is done: Jmeter 1-126
2022-09-04 16:00:36,711 INFO o.a.j.t.JMeterThread: Thread finished: Jmeter 1-126
2022-09-04 16:00:36,717 INFO o.a.j.t.JMeterThread: Thread is done: Jmeter 1-38
2022-09-04 16:00:36,717 INFO o.a.j.t.JMeterThread: Thread finished: Jmeter 1-38
2022-09-04 16:00:36,719 INFO o.a.j.t.JMeterThread: Thread is done: Jmeter 1-64
2022-09-04 16:00:36,719 INFO o.a.j.t.JMeterThread: Thread finished: Jmeter 1-64
2022-09-04 16:00:36,725 INFO o.a.j.t.JMeterThread: Thread is done: Jmeter 1-159
2022-09-04 16:00:36,725 INFO o.a.j.t.JMeterThread: Thread finished: Jmeter 1-159
2022-09-04 16:00:36,748 INFO o.a.j.t.JMeterThread: Thread is done: Jmeter 1-99
2022-09-04 16:00:36,748 INFO o.a.j.t.JMeterThread: Thread finished: Jmeter 1-99
2022-09-04 16:00:36,753 INFO o.a.j.t.JMeterThread: Thread is done: Jmeter 1-71
2022-09-04 16:00:36,753 INFO o.a.j.t.JMeterThread: Thread finished: Jmeter 1-71
2022-09-04 16:00:37,013 INFO o.a.j.t.JMeterThread: Thread is done: Jmeter 1-17
2022-09-04 16:00:37,013 INFO o.a.j.t.JMeterThread: Thread finished: Jmeter 1-17
2022-09-04 16:00:37,027 INFO o.a.j.t.JMeterThread: Thread is done: Jmeter 1-132
2022-09-04 16:00:37,027 INFO o.a.j.t.JMeterThread: Thread finished: Jmeter 1-132
2022-09-04 16:00:37,029 INFO o.a.j.t.JMeterThread: Thread is done: Jmeter 1-88
2022-09-04 16:00:37,030 INFO o.a.j.t.JMeterThread: Thread finished: Jmeter 1-88
2022-09-04 16:00:37,140 INFO o.a.j.t.JMeterThread: Thread is done: Jmeter 1-33
2022-09-04 16:00:37,140 INFO o.a.j.t.JMeterThread: Thread finished: Jmeter 1-33
2022-09-04 16:00:37,185 INFO o.a.j.t.JMeterThread: Thread is done: Jmeter 1-152
2022-09-04 16:00:37,185 INFO o.a.j.t.JMeterThread: Thread finished: Jmeter 1-152
2022-09-04 16:00:37,185 INFO o.a.j.t.JMeterThread: Thread is done: Jmeter 1-192
2022-09-04 16:00:37,185 INFO o.a.j.t.JMeterThread: Thread finished: Jmeter 1-192
2022-09-04 16:00:37,293 INFO o.a.j.t.JMeterThread: Thread is done: Jmeter 1-148
2022-09-04 16:00:37,293 INFO o.a.j.t.JMeterThread: Thread finished: Jmeter 1-148
2022-09-04 16:00:37,377 INFO o.a.j.t.JMeterThread: Thread is done: Jmeter 1-10
2022-09-04 16:00:37,377 INFO o.a.j.t.JMeterThread: Thread finished: Jmeter 1-10
2022-09-04 16:00:37,677 INFO o.a.j.t.JMeterThread: Thread is done: Jmeter 1-25
2022-09-04 16:00:37,677 INFO o.a.j.t.JMeterThread: Thread finished: Jmeter 1-25
2022-09-04 16:00:37,685 INFO o.a.j.t.JMeterThread: Thread is done: Jmeter 1-26
2022-09-04 16:00:37,685 INFO o.a.j.t.JMeterThread: Thread finished: Jmeter 1-26
2022-09-04 16:00:37,686 INFO o.a.j.t.JMeterThread: Thread is done: Jmeter 1-59
2022-09-04 16:00:37,686 INFO o.a.j.t.JMeterThread: Thread finished: Jmeter 1-59
2022-09-04 16:00:37,691 INFO o.a.j.t.JMeterThread: Thread is done: Jmeter 1-62
2022-09-04 16:00:37,691 INFO o.a.j.t.JMeterThread: Thread finished: Jmeter 1-62
2022-09-04 16:00:38,828 INFO o.a.j.t.JMeterThread: Thread is done: Jmeter 1-115
2022-09-04 16:00:38,828 INFO o.a.j.t.JMeterThread: Thread finished: Jmeter 1-115
2022-09-04 16:00:38,839 INFO o.a.j.t.JMeterThread: Thread is done: Jmeter 1-73
2022-09-04 16:00:38,839 INFO o.a.j.t.JMeterThread: Thread finished: Jmeter 1-73
2022-09-04 16:00:38,843 INFO o.a.j.t.JMeterThread: Thread is done: Jmeter 1-197
2022-09-04 16:00:38,843 INFO o.a.j.t.JMeterThread: Thread finished: Jmeter 1-197
2022-09-04 16:00:38,986 INFO o.a.j.t.JMeterThread: Thread is done: Jmeter 1-125
2022-09-04 16:00:38,987 INFO o.a.j.t.JMeterThread: Thread finished: Jmeter 1-125
2022-09-04 16:00:39,198 INFO o.a.j.t.JMeterThread: Thread is done: Jmeter 1-61
2022-09-04 16:00:39,198 INFO o.a.j.t.JMeterThread: Thread finished: Jmeter 1-61
2022-09-04 16:00:39,708 INFO o.a.j.t.JMeterThread: Thread is done: Jmeter 1-124
2022-09-04 16:00:39,708 INFO o.a.j.t.JMeterThread: Thread finished: Jmeter 1-124
2022-09-04 16:00:40,007 INFO o.a.j.t.JMeterThread: Thread is done: Jmeter 1-48
2022-09-04 16:00:40,007 INFO o.a.j.t.JMeterThread: Thread finished: Jmeter 1-48
2022-09-04 16:00:40,351 INFO o.a.j.t.JMeterThread: Thread is done: Jmeter 1-151
2022-09-04 16:00:40,352 INFO o.a.j.t.JMeterThread: Thread finished: Jmeter 1-151
2022-09-04 16:00:41,327 INFO o.a.j.t.JMeterThread: Thread is done: Jmeter 1-63
2022-09-04 16:00:41,327 INFO o.a.j.t.JMeterThread: Thread finished: Jmeter 1-63
2022-09-04 16:00:41,354 INFO o.a.j.t.JMeterThread: Thread is done: Jmeter 1-24
2022-09-04 16:00:41,354 INFO o.a.j.t.JMeterThread: Thread finished: Jmeter 1-24
2022-09-04 16:00:41,361 INFO o.a.j.t.JMeterThread: Thread is done: Jmeter 1-180
2022-09-04 16:00:41,361 INFO o.a.j.t.JMeterThread: Thread finished: Jmeter 1-180
2022-09-04 16:00:41,408 INFO o.a.j.t.JMeterThread: Thread is done: Jmeter 1-145
2022-09-04 16:00:41,409 INFO o.a.j.t.JMeterThread: Thread finished: Jmeter 1-145
2022-09-04 16:00:41,415 INFO o.a.j.t.JMeterThread: Thread is done: Jmeter 1-174
2022-09-04 16:00:41,415 INFO o.a.j.t.JMeterThread: Thread finished: Jmeter 1-174
2022-09-04 16:00:41,458 INFO o.a.j.t.JMeterThread: Thread is done: Jmeter 1-142
2022-09-04 16:00:41,458 INFO o.a.j.t.JMeterThread: Thread finished: Jmeter 1-142
2022-09-04 16:00:41,726 INFO o.a.j.t.JMeterThread: Thread is done: Jmeter 1-160
2022-09-04 16:00:41,726 INFO o.a.j.t.JMeterThread: Thread finished: Jmeter 1-160
2022-09-04 16:00:41,768 INFO o.a.j.t.JMeterThread: Thread is done: Jmeter 1-135
2022-09-04 16:00:41,768 INFO o.a.j.t.JMeterThread: Thread finished: Jmeter 1-135
2022-09-04 16:00:41,981 INFO o.a.j.t.JMeterThread: Thread is done: Jmeter 1-139
2022-09-04 16:00:41,981 INFO o.a.j.t.JMeterThread: Thread finished: Jmeter 1-139
2022-09-04 16:00:41,986 INFO o.a.j.t.JMeterThread: Thread is done: Jmeter 1-111
2022-09-04 16:00:41,986 INFO o.a.j.t.JMeterThread: Thread finished: Jmeter 1-111
2022-09-04 16:00:41,988 INFO o.a.j.t.JMeterThread: Thread is done: Jmeter 1-131
2022-09-04 16:00:41,988 INFO o.a.j.t.JMeterThread: Thread finished: Jmeter 1-131
2022-09-04 16:00:42,003 INFO o.a.j.t.JMeterThread: Thread is done: Jmeter 1-96
2022-09-04 16:00:42,003 INFO o.a.j.t.JMeterThread: Thread finished: Jmeter 1-96
2022-09-04 16:00:42,185 INFO o.a.j.t.JMeterThread: Thread is done: Jmeter 1-138
2022-09-04 16:00:42,186 INFO o.a.j.t.JMeterThread: Thread finished: Jmeter 1-138
2022-09-04 16:00:42,219 INFO o.a.j.t.JMeterThread: Thread is done: Jmeter 1-169
2022-09-04 16:00:42,219 INFO o.a.j.t.JMeterThread: Thread finished: Jmeter 1-169
2022-09-04 16:00:42,419 INFO o.a.j.t.JMeterThread: Thread is done: Jmeter 1-90
2022-09-04 16:00:42,420 INFO o.a.j.t.JMeterThread: Thread finished: Jmeter 1-90
2022-09-04 16:00:42,659 INFO o.a.j.t.JMeterThread: Thread is done: Jmeter 1-7
2022-09-04 16:00:42,660 INFO o.a.j.t.JMeterThread: Thread finished: Jmeter 1-7
2022-09-04 16:00:42,662 INFO o.a.j.t.JMeterThread: Thread is done: Jmeter 1-185
2022-09-04 16:00:42,662 INFO o.a.j.t.JMeterThread: Thread finished: Jmeter 1-185
2022-09-04 16:00:42,674 INFO o.a.j.t.JMeterThread: Thread is done: Jmeter 1-150
2022-09-04 16:00:42,674 INFO o.a.j.t.JMeterThread: Thread finished: Jmeter 1-150
2022-09-04 16:00:42,758 INFO o.a.j.t.JMeterThread: Thread is done: Jmeter 1-52
2022-09-04 16:00:42,758 INFO o.a.j.t.JMeterThread: Thread finished: Jmeter 1-52
2022-09-04 16:00:42,872 INFO o.a.j.t.JMeterThread: Thread is done: Jmeter 1-190
2022-09-04 16:00:42,872 INFO o.a.j.t.JMeterThread: Thread finished: Jmeter 1-190
2022-09-04 16:00:42,879 INFO o.a.j.t.JMeterThread: Thread is done: Jmeter 1-39
2022-09-04 16:00:42,879 INFO o.a.j.t.JMeterThread: Thread finished: Jmeter 1-39
2022-09-04 16:00:43,031 INFO o.a.j.t.JMeterThread: Thread is done: Jmeter 1-19
2022-09-04 16:00:43,031 INFO o.a.j.t.JMeterThread: Thread finished: Jmeter 1-19
2022-09-04 16:00:43,032 INFO o.a.j.t.JMeterThread: Thread is done: Jmeter 1-1
2022-09-04 16:00:43,032 INFO o.a.j.t.JMeterThread: Thread finished: Jmeter 1-1
2022-09-04 16:00:43,203 INFO o.a.j.t.JMeterThread: Thread is done: Jmeter 1-162
2022-09-04 16:00:43,204 INFO o.a.j.t.JMeterThread: Thread finished: Jmeter 1-162
2022-09-04 16:00:43,318 INFO o.a.j.t.JMeterThread: Thread is done: Jmeter 1-103
2022-09-04 16:00:43,318 INFO o.a.j.t.JMeterThread: Thread finished: Jmeter 1-103
2022-09-04 16:00:43,407 INFO o.a.j.t.JMeterThread: Thread is done: Jmeter 1-129
2022-09-04 16:00:43,407 INFO o.a.j.t.JMeterThread: Thread finished: Jmeter 1-129
2022-09-04 16:00:43,407 INFO o.a.j.t.JMeterThread: Thread is done: Jmeter 1-55
2022-09-04 16:00:43,407 INFO o.a.j.t.JMeterThread: Thread finished: Jmeter 1-55
2022-09-04 16:00:43,458 INFO o.a.j.t.JMeterThread: Thread is done: Jmeter 1-93
2022-09-04 16:00:43,458 INFO o.a.j.t.JMeterThread: Thread finished: Jmeter 1-93
2022-09-04 16:00:43,722 INFO o.a.j.t.JMeterThread: Thread is done: Jmeter 1-108
2022-09-04 16:00:43,722 INFO o.a.j.t.JMeterThread: Thread finished: Jmeter 1-108
2022-09-04 16:00:43,836 INFO o.a.j.t.JMeterThread: Thread is done: Jmeter 1-186
2022-09-04 16:00:43,836 INFO o.a.j.t.JMeterThread: Thread finished: Jmeter 1-186
2022-09-04 16:00:44,024 INFO o.a.j.t.JMeterThread: Thread is done: Jmeter 1-81
2022-09-04 16:00:44,024 INFO o.a.j.t.JMeterThread: Thread finished: Jmeter 1-81
2022-09-04 16:00:44,052 INFO o.a.j.t.JMeterThread: Thread is done: Jmeter 1-114
2022-09-04 16:00:44,052 INFO o.a.j.t.JMeterThread: Thread finished: Jmeter 1-114
2022-09-04 16:00:44,097 INFO o.a.j.t.JMeterThread: Thread is done: Jmeter 1-91
2022-09-04 16:00:44,097 INFO o.a.j.t.JMeterThread: Thread finished: Jmeter 1-91
2022-09-04 16:00:44,438 INFO o.a.j.t.JMeterThread: Thread is done: Jmeter 1-191
2022-09-04 16:00:44,438 INFO o.a.j.t.JMeterThread: Thread finished: Jmeter 1-191
2022-09-04 16:00:44,482 INFO o.a.j.t.JMeterThread: Thread is done: Jmeter 1-89
2022-09-04 16:00:44,482 INFO o.a.j.t.JMeterThread: Thread finished: Jmeter 1-89
2022-09-04 16:00:44,488 INFO o.a.j.t.JMeterThread: Thread is done: Jmeter 1-165
2022-09-04 16:00:44,488 INFO o.a.j.t.JMeterThread: Thread finished: Jmeter 1-165
2022-09-04 16:00:44,942 INFO o.a.j.t.JMeterThread: Thread is done: Jmeter 1-141
2022-09-04 16:00:44,958 INFO o.a.j.t.JMeterThread: Thread finished: Jmeter 1-141
2022-09-04 16:00:45,206 INFO o.a.j.t.JMeterThread: Thread is done: Jmeter 1-176
2022-09-04 16:00:45,207 INFO o.a.j.t.JMeterThread: Thread finished: Jmeter 1-176
2022-09-04 16:00:45,209 INFO o.a.j.t.JMeterThread: Thread is done: Jmeter 1-56
2022-09-04 16:00:45,210 INFO o.a.j.t.JMeterThread: Thread finished: Jmeter 1-56
2022-09-04 16:00:45,684 INFO o.a.j.t.JMeterThread: Thread is done: Jmeter 1-157
2022-09-04 16:00:45,684 INFO o.a.j.t.JMeterThread: Thread finished: Jmeter 1-157
2022-09-04 16:00:45,717 INFO o.a.j.t.JMeterThread: Thread is done: Jmeter 1-183
2022-09-04 16:00:45,717 INFO o.a.j.t.JMeterThread: Thread finished: Jmeter 1-183
2022-09-04 16:00:45,725 INFO o.a.j.t.JMeterThread: Thread is done: Jmeter 1-76
2022-09-04 16:00:45,725 INFO o.a.j.t.JMeterThread: Thread finished: Jmeter 1-76
2022-09-04 16:00:45,737 INFO o.a.j.t.JMeterThread: Thread is done: Jmeter 1-13
2022-09-04 16:00:45,738 INFO o.a.j.t.JMeterThread: Thread finished: Jmeter 1-13
2022-09-04 16:00:46,123 INFO o.a.j.t.JMeterThread: Thread is done: Jmeter 1-98
2022-09-04 16:00:46,123 INFO o.a.j.t.JMeterThread: Thread finished: Jmeter 1-98
2022-09-04 16:00:46,148 INFO o.a.j.t.JMeterThread: Thread is done: Jmeter 1-155
2022-09-04 16:00:46,148 INFO o.a.j.t.JMeterThread: Thread finished: Jmeter 1-155
2022-09-04 16:00:46,375 INFO o.a.j.t.JMeterThread: Thread is done: Jmeter 1-4
2022-09-04 16:00:46,375 INFO o.a.j.t.JMeterThread: Thread finished: Jmeter 1-4
2022-09-04 16:00:46,384 INFO o.a.j.t.JMeterThread: Thread is done: Jmeter 1-54
2022-09-04 16:00:46,385 INFO o.a.j.t.JMeterThread: Thread finished: Jmeter 1-54
2022-09-04 16:00:46,469 INFO o.a.j.t.JMeterThread: Thread is done: Jmeter 1-47
2022-09-04 16:00:46,469 INFO o.a.j.t.JMeterThread: Thread finished: Jmeter 1-47
2022-09-04 16:00:46,511 INFO o.a.j.t.JMeterThread: Thread is done: Jmeter 1-44
2022-09-04 16:00:46,511 INFO o.a.j.t.JMeterThread: Thread finished: Jmeter 1-44
2022-09-04 16:00:46,540 INFO o.a.j.t.JMeterThread: Thread is done: Jmeter 1-147
2022-09-04 16:00:46,540 INFO o.a.j.t.JMeterThread: Thread finished: Jmeter 1-147
2022-09-04 16:00:46,542 INFO o.a.j.t.JMeterThread: Thread is done: Jmeter 1-167
2022-09-04 16:00:46,542 INFO o.a.j.t.JMeterThread: Thread finished: Jmeter 1-167
2022-09-04 16:00:46,548 INFO o.a.j.t.JMeterThread: Thread is done: Jmeter 1-179
2022-09-04 16:00:46,549 INFO o.a.j.t.JMeterThread: Thread finished: Jmeter 1-179
2022-09-04 16:00:46,597 INFO o.a.j.t.JMeterThread: Thread is done: Jmeter 1-104
2022-09-04 16:00:46,597 INFO o.a.j.t.JMeterThread: Thread finished: Jmeter 1-104
2022-09-04 16:00:46,674 INFO o.a.j.t.JMeterThread: Thread is done: Jmeter 1-156
2022-09-04 16:00:46,674 INFO o.a.j.t.JMeterThread: Thread finished: Jmeter 1-156
2022-09-04 16:00:46,847 INFO o.a.j.t.JMeterThread: Thread is done: Jmeter 1-50
2022-09-04 16:00:46,847 INFO o.a.j.t.JMeterThread: Thread finished: Jmeter 1-50
2022-09-04 16:00:46,856 INFO o.a.j.t.JMeterThread: Thread is done: Jmeter 1-107
2022-09-04 16:00:46,856 INFO o.a.j.t.JMeterThread: Thread finished: Jmeter 1-107
2022-09-04 16:00:46,920 INFO o.a.j.t.JMeterThread: Thread is done: Jmeter 1-109
2022-09-04 16:00:46,920 INFO o.a.j.t.JMeterThread: Thread finished: Jmeter 1-109
2022-09-04 16:00:47,008 INFO o.a.j.t.JMeterThread: Thread is done: Jmeter 1-67
2022-09-04 16:00:47,009 INFO o.a.j.t.JMeterThread: Thread finished: Jmeter 1-67
2022-09-04 16:00:47,039 INFO o.a.j.t.JMeterThread: Thread is done: Jmeter 1-172
2022-09-04 16:00:47,039 INFO o.a.j.t.JMeterThread: Thread finished: Jmeter 1-172
2022-09-04 16:00:47,097 INFO o.a.j.t.JMeterThread: Thread is done: Jmeter 1-194
2022-09-04 16:00:47,098 INFO o.a.j.t.JMeterThread: Thread finished: Jmeter 1-194
2022-09-04 16:00:47,112 INFO o.a.j.t.JMeterThread: Thread is done: Jmeter 1-196
2022-09-04 16:00:47,112 INFO o.a.j.t.JMeterThread: Thread finished: Jmeter 1-196
2022-09-04 16:00:47,138 INFO o.a.j.t.JMeterThread: Thread is done: Jmeter 1-84
2022-09-04 16:00:47,138 INFO o.a.j.t.JMeterThread: Thread finished: Jmeter 1-84
2022-09-04 16:00:47,155 INFO o.a.j.t.JMeterThread: Thread is done: Jmeter 1-153
2022-09-04 16:00:47,155 INFO o.a.j.t.JMeterThread: Thread finished: Jmeter 1-153
2022-09-04 16:00:47,308 INFO o.a.j.t.JMeterThread: Thread is done: Jmeter 1-69
2022-09-04 16:00:47,308 INFO o.a.j.t.JMeterThread: Thread finished: Jmeter 1-69
2022-09-04 16:00:47,355 INFO o.a.j.t.JMeterThread: Thread is done: Jmeter 1-20
2022-09-04 16:00:47,355 INFO o.a.j.t.JMeterThread: Thread is done: Jmeter 1-164
2022-09-04 16:00:47,355 INFO o.a.j.t.JMeterThread: Thread finished: Jmeter 1-20
2022-09-04 16:00:47,355 INFO o.a.j.t.JMeterThread: Thread finished: Jmeter 1-164
2022-09-04 16:00:47,372 INFO o.a.j.t.JMeterThread: Thread is done: Jmeter 1-173
2022-09-04 16:00:47,372 INFO o.a.j.t.JMeterThread: Thread finished: Jmeter 1-173
2022-09-04 16:00:47,570 INFO o.a.j.t.JMeterThread: Thread is done: Jmeter 1-9
2022-09-04 16:00:47,570 INFO o.a.j.t.JMeterThread: Thread finished: Jmeter 1-9
2022-09-04 16:00:47,581 INFO o.a.j.t.JMeterThread: Thread is done: Jmeter 1-193
2022-09-04 16:00:47,581 INFO o.a.j.t.JMeterThread: Thread finished: Jmeter 1-193
2022-09-04 16:00:47,654 INFO o.a.j.t.JMeterThread: Thread is done: Jmeter 1-118
2022-09-04 16:00:47,654 INFO o.a.j.t.JMeterThread: Thread finished: Jmeter 1-118
2022-09-04 16:00:47,661 INFO o.a.j.t.JMeterThread: Thread is done: Jmeter 1-119
2022-09-04 16:00:47,661 INFO o.a.j.t.JMeterThread: Thread finished: Jmeter 1-119
2022-09-04 16:00:47,670 INFO o.a.j.t.JMeterThread: Thread is done: Jmeter 1-97
2022-09-04 16:00:47,670 INFO o.a.j.t.JMeterThread: Thread finished: Jmeter 1-97
2022-09-04 16:00:47,710 INFO o.a.j.t.JMeterThread: Thread is done: Jmeter 1-134
2022-09-04 16:00:47,710 INFO o.a.j.t.JMeterThread: Thread finished: Jmeter 1-134
2022-09-04 16:00:47,728 INFO o.a.j.t.JMeterThread: Thread is done: Jmeter 1-78
2022-09-04 16:00:47,728 INFO o.a.j.t.JMeterThread: Thread finished: Jmeter 1-78
2022-09-04 16:00:47,734 INFO o.a.j.t.JMeterThread: Thread is done: Jmeter 1-112
2022-09-04 16:00:47,734 INFO o.a.j.t.JMeterThread: Thread finished: Jmeter 1-112
2022-09-04 16:00:47,739 INFO o.a.j.t.JMeterThread: Thread is done: Jmeter 1-182
2022-09-04 16:00:47,739 INFO o.a.j.t.JMeterThread: Thread finished: Jmeter 1-182
2022-09-04 16:00:47,750 INFO o.a.j.t.JMeterThread: Thread is done: Jmeter 1-68
2022-09-04 16:00:47,751 INFO o.a.j.t.JMeterThread: Thread finished: Jmeter 1-68
2022-09-04 16:00:47,766 INFO o.a.j.t.JMeterThread: Thread is done: Jmeter 1-110
2022-09-04 16:00:47,766 INFO o.a.j.t.JMeterThread: Thread finished: Jmeter 1-110
2022-09-04 16:00:47,816 INFO o.a.j.t.JMeterThread: Thread is done: Jmeter 1-51
2022-09-04 16:00:47,816 INFO o.a.j.t.JMeterThread: Thread finished: Jmeter 1-51
2022-09-04 16:00:47,877 INFO o.a.j.t.JMeterThread: Thread is done: Jmeter 1-70
2022-09-04 16:00:47,878 INFO o.a.j.t.JMeterThread: Thread finished: Jmeter 1-70
2022-09-04 16:00:47,883 INFO o.a.j.t.JMeterThread: Thread is done: Jmeter 1-53
2022-09-04 16:00:47,883 INFO o.a.j.t.JMeterThread: Thread finished: Jmeter 1-53
2022-09-04 16:00:47,902 INFO o.a.j.t.JMeterThread: Thread is done: Jmeter 1-127
2022-09-04 16:00:47,902 INFO o.a.j.t.JMeterThread: Thread finished: Jmeter 1-127
2022-09-04 16:00:47,907 INFO o.a.j.t.JMeterThread: Thread is done: Jmeter 1-87
2022-09-04 16:00:47,907 INFO o.a.j.t.JMeterThread: Thread finished: Jmeter 1-87
2022-09-04 16:00:47,909 INFO o.a.j.t.JMeterThread: Thread is done: Jmeter 1-177
2022-09-04 16:00:47,909 INFO o.a.j.t.JMeterThread: Thread finished: Jmeter 1-177
2022-09-04 16:00:47,979 INFO o.a.j.t.JMeterThread: Thread is done: Jmeter 1-66
2022-09-04 16:00:47,979 INFO o.a.j.t.JMeterThread: Thread finished: Jmeter 1-66
2022-09-04 16:00:48,053 INFO o.a.j.t.JMeterThread: Thread is done: Jmeter 1-65
2022-09-04 16:00:48,053 INFO o.a.j.t.JMeterThread: Thread finished: Jmeter 1-65
2022-09-04 16:00:48,110 INFO o.a.j.t.JMeterThread: Thread is done: Jmeter 1-3
2022-09-04 16:00:48,110 INFO o.a.j.t.JMeterThread: Thread finished: Jmeter 1-3
2022-09-04 16:00:48,116 INFO o.a.j.t.JMeterThread: Thread is done: Jmeter 1-80
2022-09-04 16:00:48,116 INFO o.a.j.t.JMeterThread: Thread finished: Jmeter 1-80
2022-09-04 16:00:48,132 INFO o.a.j.t.JMeterThread: Thread is done: Jmeter 1-41
2022-09-04 16:00:48,132 INFO o.a.j.t.JMeterThread: Thread finished: Jmeter 1-41
2022-09-04 16:00:48,167 INFO o.a.j.t.JMeterThread: Thread is done: Jmeter 1-195
2022-09-04 16:00:48,167 INFO o.a.j.t.JMeterThread: Thread finished: Jmeter 1-195
2022-09-04 16:00:48,188 INFO o.a.j.t.JMeterThread: Thread is done: Jmeter 1-106
2022-09-04 16:00:48,188 INFO o.a.j.t.JMeterThread: Thread finished: Jmeter 1-106
2022-09-04 16:00:48,225 INFO o.a.j.t.JMeterThread: Thread is done: Jmeter 1-189
2022-09-04 16:00:48,225 INFO o.a.j.t.JMeterThread: Thread finished: Jmeter 1-189
2022-09-04 16:00:48,232 INFO o.a.j.t.JMeterThread: Thread is done: Jmeter 1-5
2022-09-04 16:00:48,232 INFO o.a.j.t.JMeterThread: Thread finished: Jmeter 1-5
2022-09-04 16:00:48,280 INFO o.a.j.t.JMeterThread: Thread is done: Jmeter 1-200
2022-09-04 16:00:48,280 INFO o.a.j.t.JMeterThread: Thread finished: Jmeter 1-200
2022-09-04 16:00:48,415 INFO o.a.j.t.JMeterThread: Thread is done: Jmeter 1-136
2022-09-04 16:00:48,415 INFO o.a.j.t.JMeterThread: Thread finished: Jmeter 1-136
2022-09-04 16:00:48,508 INFO o.a.j.t.JMeterThread: Thread is done: Jmeter 1-92
2022-09-04 16:00:48,508 INFO o.a.j.t.JMeterThread: Thread finished: Jmeter 1-92
2022-09-04 16:00:48,618 INFO o.a.j.t.JMeterThread: Thread is done: Jmeter 1-94
2022-09-04 16:00:48,619 INFO o.a.j.t.JMeterThread: Thread finished: Jmeter 1-94
2022-09-04 16:00:48,717 INFO o.a.j.t.JMeterThread: Thread is done: Jmeter 1-166
2022-09-04 16:00:48,717 INFO o.a.j.t.JMeterThread: Thread finished: Jmeter 1-166
2022-09-04 16:01:04,249 INFO o.a.j.r.Summariser: summary +    271 in 00:00:33 =    8.3/s Avg: 20452 Min:     8 Max: 64691 Err:     1 (0.37%) Active: 11 Started: 200 Finished: 189
2022-09-04 16:01:04,250 INFO o.a.j.r.Summariser: summary =    780 in 00:01:14 =   10.5/s Avg: 10955 Min:     8 Max: 64691 Err:     3 (0.38%)
2022-09-04 16:01:04,250 INFO o.a.j.t.JMeterThread: Thread is done: Jmeter 1-28
2022-09-04 16:01:04,250 INFO o.a.j.t.JMeterThread: Thread finished: Jmeter 1-28
2022-09-04 16:01:05,780 INFO o.a.j.t.JMeterThread: Thread is done: Jmeter 1-74
2022-09-04 16:01:05,780 INFO o.a.j.t.JMeterThread: Thread finished: Jmeter 1-74
2022-09-04 16:01:05,818 INFO o.a.j.t.JMeterThread: Thread is done: Jmeter 1-58
2022-09-04 16:01:05,819 INFO o.a.j.t.JMeterThread: Thread finished: Jmeter 1-58
2022-09-04 16:01:05,850 INFO o.a.j.t.JMeterThread: Thread is done: Jmeter 1-163
2022-09-04 16:01:05,851 INFO o.a.j.t.JMeterThread: Thread finished: Jmeter 1-163
2022-09-04 16:01:05,910 INFO o.a.j.t.JMeterThread: Thread is done: Jmeter 1-158
2022-09-04 16:01:05,910 INFO o.a.j.t.JMeterThread: Thread finished: Jmeter 1-158
2022-09-04 16:01:06,060 INFO o.a.j.t.JMeterThread: Thread is done: Jmeter 1-128
2022-09-04 16:01:06,060 INFO o.a.j.t.JMeterThread: Thread finished: Jmeter 1-128
2022-09-04 16:01:06,062 INFO o.a.j.t.JMeterThread: Thread is done: Jmeter 1-199
2022-09-04 16:01:06,062 INFO o.a.j.t.JMeterThread: Thread finished: Jmeter 1-199
2022-09-04 16:01:06,076 INFO o.a.j.t.JMeterThread: Thread is done: Jmeter 1-168
2022-09-04 16:01:06,076 INFO o.a.j.t.JMeterThread: Thread finished: Jmeter 1-168
2022-09-04 16:01:06,100 INFO o.a.j.t.JMeterThread: Thread is done: Jmeter 1-137
2022-09-04 16:01:06,100 INFO o.a.j.t.JMeterThread: Thread finished: Jmeter 1-137
2022-09-04 16:01:06,112 INFO o.a.j.t.JMeterThread: Thread is done: Jmeter 1-181
2022-09-04 16:01:06,112 INFO o.a.j.t.JMeterThread: Thread finished: Jmeter 1-181
2022-09-04 16:01:06,153 INFO o.a.j.t.JMeterThread: Thread is done: Jmeter 1-130
2022-09-04 16:01:06,153 INFO o.a.j.t.JMeterThread: Thread finished: Jmeter 1-130
2022-09-04 16:01:06,153 INFO o.a.j.e.StandardJMeterEngine: Notifying test listeners of end of test
2022-09-04 16:01:06,154 INFO o.a.j.r.Summariser: summary +     20 in 00:00:02 =   10.5/s Avg: 33218 Min:    16 Max: 66795 Err:     0 (0.00%) Active: 0 Started: 200 Finished: 200
2022-09-04 16:01:06,155 INFO o.a.j.r.Summariser: summary =    800 in 00:01:16 =   10.5/s Avg: 11512 Min:     8 Max: 66795 Err:     3 (0.38%)
