2022-08-25 11:11:59,208 INFO o.a.j.u.JMeterUtils: Setting Locale to en_US
2022-08-25 11:11:59,236 INFO o.a.j.JMeter: Loading user properties from: /usr/local/apache-jmeter-3.3/bin/user.properties
2022-08-25 11:11:59,237 INFO o.a.j.JMeter: Loading system properties from: /usr/local/apache-jmeter-3.3/bin/system.properties
2022-08-25 11:11:59,238 INFO o.a.j.JMeter: Setting JMeter property: jmeter.save.saveservice.default_delimiter=\t
2022-08-25 11:11:59,238 INFO o.a.j.JMeter: Setting JMeter property: jmeter.save.saveservice.connect_time=true
2022-08-25 11:11:59,245 INFO o.a.j.JMeter: Copyright (c) 1998-2017 The Apache Software Foundation
2022-08-25 11:11:59,245 INFO o.a.j.JMeter: Version 3.3 r1808647
2022-08-25 11:11:59,245 INFO o.a.j.JMeter: java.version=1.8.0_191
2022-08-25 11:11:59,245 INFO o.a.j.JMeter: java.vm.name=OpenJDK 64-Bit Server VM
2022-08-25 11:11:59,245 INFO o.a.j.JMeter: os.name=Linux
2022-08-25 11:11:59,245 INFO o.a.j.JMeter: os.arch=amd64
2022-08-25 11:11:59,246 INFO o.a.j.JMeter: os.version=5.15.0-46-generic
2022-08-25 11:11:59,246 INFO o.a.j.JMeter: file.encoding=ANSI_X3.4-1968
2022-08-25 11:11:59,246 INFO o.a.j.JMeter: Max memory     =536870912
2022-08-25 11:11:59,246 INFO o.a.j.JMeter: Available Processors =4
2022-08-25 11:11:59,251 INFO o.a.j.JMeter: Default Locale=English (United States)
2022-08-25 11:11:59,251 INFO o.a.j.JMeter: JMeter  Locale=English (United States)
2022-08-25 11:11:59,251 INFO o.a.j.JMeter: JMeterHome=/usr/local/apache-jmeter-3.3
2022-08-25 11:11:59,251 INFO o.a.j.JMeter: user.dir  =/var/loadtest
2022-08-25 11:11:59,251 INFO o.a.j.JMeter: PWD       =/var/loadtest
2022-08-25 11:11:59,252 INFO o.a.j.JMeter: IP: 127.0.1.1 Name: ubuntu FullName: ubuntu
2022-08-25 11:11:59,255 INFO o.a.j.s.FileServer: Default base='/var/loadtest'
2022-08-25 11:11:59,256 INFO o.a.j.s.FileServer: Set new base='/var/loadtest'
2022-08-25 11:11:59,497 INFO o.a.j.s.SaveService: Testplan (JMX) version: 2.2. Testlog (JTL) version: 2.2
2022-08-25 11:11:59,522 INFO o.a.j.s.SaveService: Using SaveService properties file encoding UTF-8
2022-08-25 11:11:59,529 INFO o.a.j.s.SaveService: Using SaveService properties version 3.2
2022-08-25 11:11:59,542 INFO o.a.j.s.SaveService: Loading file: /var/loadtest/modified_tPmjoK.jmx
2022-08-25 11:11:59,604 INFO o.a.j.p.h.c.CookieManager: Settings: Delete null: true Check: true Allow variable: true Save: false Prefix: COOKIE_
2022-08-25 11:11:59,628 INFO o.a.j.p.h.s.HTTPSamplerBase: Parser for text/html is org.apache.jmeter.protocol.http.parser.LagartoBasedHtmlParser
2022-08-25 11:11:59,629 INFO o.a.j.p.h.s.HTTPSamplerBase: Parser for application/xhtml+xml is org.apache.jmeter.protocol.http.parser.LagartoBasedHtmlParser
2022-08-25 11:11:59,629 INFO o.a.j.p.h.s.HTTPSamplerBase: Parser for application/xml is org.apache.jmeter.protocol.http.parser.LagartoBasedHtmlParser
2022-08-25 11:11:59,629 INFO o.a.j.p.h.s.HTTPSamplerBase: Parser for text/xml is org.apache.jmeter.protocol.http.parser.LagartoBasedHtmlParser
2022-08-25 11:11:59,629 INFO o.a.j.p.h.s.HTTPSamplerBase: Parser for text/vnd.wap.wml is org.apache.jmeter.protocol.http.parser.RegexpHTMLParser
2022-08-25 11:11:59,629 INFO o.a.j.p.h.s.HTTPSamplerBase: Parser for text/css is org.apache.jmeter.protocol.http.parser.CssParser
2022-08-25 11:11:59,737 INFO o.a.j.JMeter: Creating summariser <summary>
2022-08-25 11:11:59,747 INFO o.a.j.e.StandardJMeterEngine: Running the test!
2022-08-25 11:11:59,749 INFO o.a.j.s.SampleEvent: List of sample_variables: []
2022-08-25 11:11:59,749 INFO o.a.j.s.SampleEvent: List of sample_variables: []
2022-08-25 11:11:59,755 INFO o.a.j.e.u.CompoundVariable: Note: Function class names must contain the string: '.functions.'
2022-08-25 11:11:59,755 INFO o.a.j.e.u.CompoundVariable: Note: Function class names must not contain the string: '.gui.'
2022-08-25 11:12:00,803 INFO o.a.j.JMeter: Running test (1661425920803)
2022-08-25 11:12:00,857 INFO o.a.j.e.StandardJMeterEngine: Starting ThreadGroup: 1 : Thread Group
2022-08-25 11:12:00,857 INFO o.a.j.e.StandardJMeterEngine: Starting 40 threads for group Thread Group.
2022-08-25 11:12:00,857 INFO o.a.j.e.StandardJMeterEngine: Test will stop abruptly on error
2022-08-25 11:12:00,858 INFO o.a.j.t.ThreadGroup: Starting thread group... number=1 threads=40 ramp-up=60 perThread=1500.0 delayedStart=false
2022-08-25 11:12:00,885 INFO o.a.j.t.JMeterThread: Thread started: Thread Group 1-1
2022-08-25 11:12:00,939 INFO o.a.j.p.h.s.HTTPHCAbstractImpl: Local host = ubuntu
2022-08-25 11:12:00,950 INFO o.a.j.p.h.s.HTTPHC4Impl: HTTP request retry count = 0
2022-08-25 11:12:00,971 INFO o.a.j.s.SampleResult: Note: Sample TimeStamps are START times
2022-08-25 11:12:00,972 INFO o.a.j.s.SampleResult: sampleresult.default.encoding is set to ISO-8859-1
2022-08-25 11:12:00,972 INFO o.a.j.s.SampleResult: sampleresult.useNanoTime=true
2022-08-25 11:12:00,972 INFO o.a.j.s.SampleResult: sampleresult.nanoThreadSleep=5000
2022-08-25 11:12:01,134 INFO o.a.j.t.ThreadGroup: Started thread group number 1
2022-08-25 11:12:01,135 INFO o.a.j.e.StandardJMeterEngine: All thread groups have been started
2022-08-25 11:12:01,185 INFO o.a.j.p.h.s.LazySchemeSocketFactory: Setting up HTTPS TrustAll Socket Factory
2022-08-25 11:12:01,199 INFO o.a.j.u.JsseSSLManager: Using default SSL protocol: TLS
2022-08-25 11:12:01,199 INFO o.a.j.u.JsseSSLManager: SSL session context: per-thread
2022-08-25 11:12:01,445 INFO o.a.j.u.SSLManager: JmeterKeyStore Location:  type JKS
2022-08-25 11:12:01,447 INFO o.a.j.u.SSLManager: KeyStore created OK
2022-08-25 11:12:01,447 WARN o.a.j.u.SSLManager: Keystore file not found, loading empty keystore
2022-08-25 11:12:02,227 INFO o.a.j.r.Summariser: summary +      1 in 00:00:01 =    0.7/s Avg:  1085 Min:  1085 Max:  1085 Err:     0 (0.00%) Active: 1 Started: 1 Finished: 0
2022-08-25 11:12:02,399 INFO o.a.j.t.JMeterThread: Thread started: Thread Group 1-2
2022-08-25 11:12:03,125 WARN o.a.j.p.h.s.HTTPSamplerBase: Existing CookieManager HTTP Cookie Manager superseded by HTTP Cookie Manager
2022-08-25 11:12:03,138 WARN o.a.j.p.h.s.HTTPSamplerBase: Existing CookieManager HTTP Cookie Manager superseded by HTTP Cookie Manager
2022-08-25 11:12:03,202 WARN o.a.j.p.h.s.HTTPSamplerBase: Existing CookieManager HTTP Cookie Manager superseded by HTTP Cookie Manager
2022-08-25 11:12:03,218 INFO o.a.j.p.h.s.HTTPJavaImpl: Maximum connection retries = 0
2022-08-25 11:12:03,218 WARN o.a.j.p.h.s.HTTPSamplerBase: Existing CookieManager HTTP Cookie Manager superseded by HTTP Cookie Manager
2022-08-25 11:12:03,904 INFO o.a.j.t.JMeterThread: Thread started: Thread Group 1-3
2022-08-25 11:12:04,335 WARN o.a.j.p.h.s.HTTPSamplerBase: Existing CookieManager HTTP Cookie Manager superseded by HTTP Cookie Manager
2022-08-25 11:12:04,339 WARN o.a.j.p.h.s.HTTPSamplerBase: Existing CookieManager HTTP Cookie Manager superseded by HTTP Cookie Manager
2022-08-25 11:12:05,417 INFO o.a.j.t.JMeterThread: Thread started: Thread Group 1-4
2022-08-25 11:12:05,835 WARN o.a.j.p.h.s.HTTPSamplerBase: Existing CookieManager HTTP Cookie Manager superseded by HTTP Cookie Manager
2022-08-25 11:12:05,837 WARN o.a.j.p.h.s.HTTPSamplerBase: Existing CookieManager HTTP Cookie Manager superseded by HTTP Cookie Manager
2022-08-25 11:12:06,950 INFO o.a.j.t.JMeterThread: Thread started: Thread Group 1-5
2022-08-25 11:12:08,434 INFO o.a.j.t.JMeterThread: Thread started: Thread Group 1-6
2022-08-25 11:12:08,857 WARN o.a.j.p.h.s.HTTPSamplerBase: Existing CookieManager HTTP Cookie Manager superseded by HTTP Cookie Manager
2022-08-25 11:12:08,859 WARN o.a.j.p.h.s.HTTPSamplerBase: Existing CookieManager HTTP Cookie Manager superseded by HTTP Cookie Manager
2022-08-25 11:12:09,941 INFO o.a.j.t.JMeterThread: Thread started: Thread Group 1-7
2022-08-25 11:12:10,371 WARN o.a.j.p.h.s.HTTPSamplerBase: Existing CookieManager HTTP Cookie Manager superseded by HTTP Cookie Manager
2022-08-25 11:12:10,371 WARN o.a.j.p.h.s.HTTPSamplerBase: Existing CookieManager HTTP Cookie Manager superseded by HTTP Cookie Manager
2022-08-25 11:12:10,373 WARN o.a.j.p.h.s.HTTPSamplerBase: Existing CookieManager HTTP Cookie Manager superseded by HTTP Cookie Manager
2022-08-25 11:12:10,379 WARN o.a.j.p.h.s.HTTPSamplerBase: Existing CookieManager HTTP Cookie Manager superseded by HTTP Cookie Manager
2022-08-25 11:12:11,450 INFO o.a.j.t.JMeterThread: Thread started: Thread Group 1-8
2022-08-25 11:12:11,871 WARN o.a.j.p.h.s.HTTPSamplerBase: Existing CookieManager HTTP Cookie Manager superseded by HTTP Cookie Manager
2022-08-25 11:12:11,875 WARN o.a.j.p.h.s.HTTPSamplerBase: Existing CookieManager HTTP Cookie Manager superseded by HTTP Cookie Manager
2022-08-25 11:12:12,950 INFO o.a.j.t.JMeterThread: Thread started: Thread Group 1-9
2022-08-25 11:12:13,340 WARN o.a.j.p.h.s.HTTPSamplerBase: Existing CookieManager HTTP Cookie Manager superseded by HTTP Cookie Manager
2022-08-25 11:12:13,342 WARN o.a.j.p.h.s.HTTPSamplerBase: Existing CookieManager HTTP Cookie Manager superseded by HTTP Cookie Manager
2022-08-25 11:12:14,458 INFO o.a.j.t.JMeterThread: Thread started: Thread Group 1-10
2022-08-25 11:12:15,973 INFO o.a.j.t.JMeterThread: Thread started: Thread Group 1-11
2022-08-25 11:12:16,376 WARN o.a.j.p.h.s.HTTPSamplerBase: Existing CookieManager HTTP Cookie Manager superseded by HTTP Cookie Manager
2022-08-25 11:12:16,377 WARN o.a.j.p.h.s.HTTPSamplerBase: Existing CookieManager HTTP Cookie Manager superseded by HTTP Cookie Manager
2022-08-25 11:12:16,536 WARN o.a.j.p.h.s.HTTPSamplerBase: Existing CookieManager HTTP Cookie Manager superseded by HTTP Cookie Manager
2022-08-25 11:12:16,537 WARN o.a.j.p.h.s.HTTPSamplerBase: Existing CookieManager HTTP Cookie Manager superseded by HTTP Cookie Manager
2022-08-25 11:12:17,476 INFO o.a.j.t.JMeterThread: Thread started: Thread Group 1-12
2022-08-25 11:12:17,927 WARN o.a.j.p.h.s.HTTPSamplerBase: Existing CookieManager HTTP Cookie Manager superseded by HTTP Cookie Manager
2022-08-25 11:12:17,928 WARN o.a.j.p.h.s.HTTPSamplerBase: Existing CookieManager HTTP Cookie Manager superseded by HTTP Cookie Manager
2022-08-25 11:12:18,979 INFO o.a.j.t.JMeterThread: Thread started: Thread Group 1-13
2022-08-25 11:12:19,419 WARN o.a.j.p.h.s.HTTPSamplerBase: Existing CookieManager HTTP Cookie Manager superseded by HTTP Cookie Manager
2022-08-25 11:12:19,420 WARN o.a.j.p.h.s.HTTPSamplerBase: Existing CookieManager HTTP Cookie Manager superseded by HTTP Cookie Manager
2022-08-25 11:12:19,774 INFO o.a.j.t.JMeterThread: Thread is done: Thread Group 1-4
2022-08-25 11:12:19,775 INFO o.a.j.t.JMeterThread: Thread finished: Thread Group 1-4
2022-08-25 11:12:19,841 INFO o.a.j.t.JMeterThread: Thread is done: Thread Group 1-3
2022-08-25 11:12:19,842 INFO o.a.j.t.JMeterThread: Thread finished: Thread Group 1-3
2022-08-25 11:12:20,486 INFO o.a.j.t.JMeterThread: Thread started: Thread Group 1-14
2022-08-25 11:12:20,939 WARN o.a.j.p.h.s.HTTPSamplerBase: Existing CookieManager HTTP Cookie Manager superseded by HTTP Cookie Manager
2022-08-25 11:12:20,940 WARN o.a.j.p.h.s.HTTPSamplerBase: Existing CookieManager HTTP Cookie Manager superseded by HTTP Cookie Manager
2022-08-25 11:12:21,282 INFO o.a.j.t.JMeterThread: Thread is done: Thread Group 1-8
2022-08-25 11:12:21,282 INFO o.a.j.t.JMeterThread: Thread finished: Thread Group 1-8
2022-08-25 11:12:21,466 INFO o.a.j.t.JMeterThread: Thread is done: Thread Group 1-1
2022-08-25 11:12:21,466 INFO o.a.j.t.JMeterThread: Thread finished: Thread Group 1-1
2022-08-25 11:12:22,000 INFO o.a.j.t.JMeterThread: Thread started: Thread Group 1-15
2022-08-25 11:12:22,436 WARN o.a.j.p.h.s.HTTPSamplerBase: Existing CookieManager HTTP Cookie Manager superseded by HTTP Cookie Manager
2022-08-25 11:12:22,440 WARN o.a.j.p.h.s.HTTPSamplerBase: Existing CookieManager HTTP Cookie Manager superseded by HTTP Cookie Manager
2022-08-25 11:12:22,682 INFO o.a.j.t.JMeterThread: Thread is done: Thread Group 1-2
2022-08-25 11:12:22,683 INFO o.a.j.t.JMeterThread: Thread finished: Thread Group 1-2
2022-08-25 11:12:23,508 INFO o.a.j.t.JMeterThread: Thread started: Thread Group 1-16
2022-08-25 11:12:23,925 WARN o.a.j.p.h.s.HTTPSamplerBase: Existing CookieManager HTTP Cookie Manager superseded by HTTP Cookie Manager
2022-08-25 11:12:23,927 WARN o.a.j.p.h.s.HTTPSamplerBase: Existing CookieManager HTTP Cookie Manager superseded by HTTP Cookie Manager
2022-08-25 11:12:25,017 INFO o.a.j.t.JMeterThread: Thread started: Thread Group 1-17
2022-08-25 11:12:25,399 INFO o.a.j.t.JMeterThread: Thread is done: Thread Group 1-9
2022-08-25 11:12:25,399 INFO o.a.j.t.JMeterThread: Thread finished: Thread Group 1-9
2022-08-25 11:12:25,451 WARN o.a.j.p.h.s.HTTPSamplerBase: Existing CookieManager HTTP Cookie Manager superseded by HTTP Cookie Manager
2022-08-25 11:12:25,455 WARN o.a.j.p.h.s.HTTPSamplerBase: Existing CookieManager HTTP Cookie Manager superseded by HTTP Cookie Manager
2022-08-25 11:12:25,851 INFO o.a.j.t.JMeterThread: Thread is done: Thread Group 1-11
2022-08-25 11:12:25,851 INFO o.a.j.t.JMeterThread: Thread finished: Thread Group 1-11
2022-08-25 11:12:26,525 INFO o.a.j.t.JMeterThread: Thread started: Thread Group 1-18
2022-08-25 11:12:26,950 WARN o.a.j.p.h.s.HTTPSamplerBase: Existing CookieManager HTTP Cookie Manager superseded by HTTP Cookie Manager
2022-08-25 11:12:26,953 WARN o.a.j.p.h.s.HTTPSamplerBase: Existing CookieManager HTTP Cookie Manager superseded by HTTP Cookie Manager
2022-08-25 11:12:28,041 INFO o.a.j.t.JMeterThread: Thread started: Thread Group 1-19
2022-08-25 11:12:28,078 INFO o.a.j.t.JMeterThread: Thread is done: Thread Group 1-7
2022-08-25 11:12:28,078 INFO o.a.j.t.JMeterThread: Thread finished: Thread Group 1-7
2022-08-25 11:12:28,528 WARN o.a.j.p.h.s.HTTPSamplerBase: Existing CookieManager HTTP Cookie Manager superseded by HTTP Cookie Manager
2022-08-25 11:12:28,529 WARN o.a.j.p.h.s.HTTPSamplerBase: Existing CookieManager HTTP Cookie Manager superseded by HTTP Cookie Manager
2022-08-25 11:12:28,931 INFO o.a.j.t.JMeterThread: Thread is done: Thread Group 1-14
2022-08-25 11:12:28,931 INFO o.a.j.t.JMeterThread: Thread finished: Thread Group 1-14
2022-08-25 11:12:29,062 INFO o.a.j.t.JMeterThread: Thread is done: Thread Group 1-5
2022-08-25 11:12:29,062 INFO o.a.j.t.JMeterThread: Thread finished: Thread Group 1-5
2022-08-25 11:12:29,167 INFO o.a.j.t.JMeterThread: Thread is done: Thread Group 1-6
2022-08-25 11:12:29,168 INFO o.a.j.t.JMeterThread: Thread finished: Thread Group 1-6
2022-08-25 11:12:29,555 INFO o.a.j.t.JMeterThread: Thread started: Thread Group 1-20
2022-08-25 11:12:29,982 WARN o.a.j.p.h.s.HTTPSamplerBase: Existing CookieManager HTTP Cookie Manager superseded by HTTP Cookie Manager
2022-08-25 11:12:29,984 WARN o.a.j.p.h.s.HTTPSamplerBase: Existing CookieManager HTTP Cookie Manager superseded by HTTP Cookie Manager
2022-08-25 11:12:30,123 INFO o.a.j.r.Summariser: summary +    251 in 00:00:28 =    9.0/s Avg:   887 Min:    60 Max: 10621 Err:     0 (0.00%) Active: 9 Started: 20 Finished: 11
2022-08-25 11:12:30,124 INFO o.a.j.r.Summariser: summary =    252 in 00:00:29 =    8.6/s Avg:   888 Min:    60 Max: 10621 Err:     0 (0.00%)
2022-08-25 11:12:31,060 INFO o.a.j.t.JMeterThread: Thread started: Thread Group 1-21
2022-08-25 11:12:32,566 INFO o.a.j.t.JMeterThread: Thread started: Thread Group 1-22
2022-08-25 11:12:33,277 WARN o.a.j.p.h.s.HTTPSamplerBase: Existing CookieManager HTTP Cookie Manager superseded by HTTP Cookie Manager
2022-08-25 11:12:33,278 WARN o.a.j.p.h.s.HTTPSamplerBase: Existing CookieManager HTTP Cookie Manager superseded by HTTP Cookie Manager
2022-08-25 11:12:34,081 INFO o.a.j.t.JMeterThread: Thread started: Thread Group 1-23
2022-08-25 11:12:34,446 WARN o.a.j.p.h.s.HTTPSamplerBase: Existing CookieManager HTTP Cookie Manager superseded by HTTP Cookie Manager
2022-08-25 11:12:34,449 WARN o.a.j.p.h.s.HTTPSamplerBase: Existing CookieManager HTTP Cookie Manager superseded by HTTP Cookie Manager
2022-08-25 11:12:34,607 WARN o.a.j.p.h.s.HTTPSamplerBase: Existing CookieManager HTTP Cookie Manager superseded by HTTP Cookie Manager
2022-08-25 11:12:34,609 WARN o.a.j.p.h.s.HTTPSamplerBase: Existing CookieManager HTTP Cookie Manager superseded by HTTP Cookie Manager
2022-08-25 11:12:35,592 INFO o.a.j.t.JMeterThread: Thread started: Thread Group 1-24
2022-08-25 11:12:36,182 WARN o.a.j.p.h.s.HTTPSamplerBase: Existing CookieManager HTTP Cookie Manager superseded by HTTP Cookie Manager
2022-08-25 11:12:36,184 WARN o.a.j.p.h.s.HTTPSamplerBase: Existing CookieManager HTTP Cookie Manager superseded by HTTP Cookie Manager
2022-08-25 11:12:36,996 INFO o.a.j.t.JMeterThread: Thread is done: Thread Group 1-15
2022-08-25 11:12:36,996 INFO o.a.j.t.JMeterThread: Thread finished: Thread Group 1-15
2022-08-25 11:12:37,104 INFO o.a.j.t.JMeterThread: Thread started: Thread Group 1-25
2022-08-25 11:12:37,457 WARN o.a.j.p.h.s.HTTPSamplerBase: Existing CookieManager HTTP Cookie Manager superseded by HTTP Cookie Manager
2022-08-25 11:12:37,459 WARN o.a.j.p.h.s.HTTPSamplerBase: Existing CookieManager HTTP Cookie Manager superseded by HTTP Cookie Manager
2022-08-25 11:12:38,613 INFO o.a.j.t.JMeterThread: Thread started: Thread Group 1-26
2022-08-25 11:12:38,996 WARN o.a.j.p.h.s.HTTPSamplerBase: Existing CookieManager HTTP Cookie Manager superseded by HTTP Cookie Manager
2022-08-25 11:12:38,998 WARN o.a.j.p.h.s.HTTPSamplerBase: Existing CookieManager HTTP Cookie Manager superseded by HTTP Cookie Manager
2022-08-25 11:12:40,114 INFO o.a.j.t.JMeterThread: Thread started: Thread Group 1-27
2022-08-25 11:12:40,443 INFO o.a.j.t.JMeterThread: Thread is done: Thread Group 1-13
2022-08-25 11:12:40,443 INFO o.a.j.t.JMeterThread: Thread finished: Thread Group 1-13
2022-08-25 11:12:40,494 WARN o.a.j.p.h.s.HTTPSamplerBase: Existing CookieManager HTTP Cookie Manager superseded by HTTP Cookie Manager
2022-08-25 11:12:40,496 WARN o.a.j.p.h.s.HTTPSamplerBase: Existing CookieManager HTTP Cookie Manager superseded by HTTP Cookie Manager
2022-08-25 11:12:41,617 INFO o.a.j.t.JMeterThread: Thread started: Thread Group 1-28
2022-08-25 11:12:42,028 WARN o.a.j.p.h.s.HTTPSamplerBase: Existing CookieManager HTTP Cookie Manager superseded by HTTP Cookie Manager
2022-08-25 11:12:42,029 WARN o.a.j.p.h.s.HTTPSamplerBase: Existing CookieManager HTTP Cookie Manager superseded by HTTP Cookie Manager
2022-08-25 11:12:43,117 INFO o.a.j.t.JMeterThread: Thread started: Thread Group 1-29
2022-08-25 11:12:43,245 INFO o.a.j.t.JMeterThread: Thread is done: Thread Group 1-19
2022-08-25 11:12:43,246 INFO o.a.j.t.JMeterThread: Thread finished: Thread Group 1-19
2022-08-25 11:12:43,272 INFO o.a.j.t.JMeterThread: Thread is done: Thread Group 1-12
2022-08-25 11:12:43,272 INFO o.a.j.t.JMeterThread: Thread finished: Thread Group 1-12
2022-08-25 11:12:43,495 WARN o.a.j.p.h.s.HTTPSamplerBase: Existing CookieManager HTTP Cookie Manager superseded by HTTP Cookie Manager
2022-08-25 11:12:43,496 WARN o.a.j.p.h.s.HTTPSamplerBase: Existing CookieManager HTTP Cookie Manager superseded by HTTP Cookie Manager
2022-08-25 11:12:44,295 INFO o.a.j.t.JMeterThread: Thread is done: Thread Group 1-16
2022-08-25 11:12:44,296 INFO o.a.j.t.JMeterThread: Thread finished: Thread Group 1-16
2022-08-25 11:12:44,376 INFO o.a.j.t.JMeterThread: Thread is done: Thread Group 1-20
2022-08-25 11:12:44,376 INFO o.a.j.t.JMeterThread: Thread finished: Thread Group 1-20
2022-08-25 11:12:44,620 INFO o.a.j.t.JMeterThread: Thread started: Thread Group 1-30
2022-08-25 11:12:45,059 WARN o.a.j.p.h.s.HTTPSamplerBase: Existing CookieManager HTTP Cookie Manager superseded by HTTP Cookie Manager
2022-08-25 11:12:45,061 WARN o.a.j.p.h.s.HTTPSamplerBase: Existing CookieManager HTTP Cookie Manager superseded by HTTP Cookie Manager
2022-08-25 11:12:46,121 INFO o.a.j.t.JMeterThread: Thread started: Thread Group 1-31
2022-08-25 11:12:47,623 INFO o.a.j.t.JMeterThread: Thread started: Thread Group 1-32
2022-08-25 11:12:48,122 INFO o.a.j.t.JMeterThread: Thread is done: Thread Group 1-10
2022-08-25 11:12:48,122 INFO o.a.j.t.JMeterThread: Thread finished: Thread Group 1-10
2022-08-25 11:12:49,124 INFO o.a.j.t.JMeterThread: Thread started: Thread Group 1-33
2022-08-25 11:12:49,483 WARN o.a.j.p.h.s.HTTPSamplerBase: Existing CookieManager HTTP Cookie Manager superseded by HTTP Cookie Manager
2022-08-25 11:12:49,485 WARN o.a.j.p.h.s.HTTPSamplerBase: Existing CookieManager HTTP Cookie Manager superseded by HTTP Cookie Manager
2022-08-25 11:12:49,958 WARN o.a.j.p.h.s.HTTPSamplerBase: Existing CookieManager HTTP Cookie Manager superseded by HTTP Cookie Manager
2022-08-25 11:12:49,960 WARN o.a.j.p.h.s.HTTPSamplerBase: Existing CookieManager HTTP Cookie Manager superseded by HTTP Cookie Manager
2022-08-25 11:12:50,626 INFO o.a.j.t.JMeterThread: Thread started: Thread Group 1-34
2022-08-25 11:12:50,741 WARN o.a.j.p.h.s.HTTPSamplerBase: Existing CookieManager HTTP Cookie Manager superseded by HTTP Cookie Manager
2022-08-25 11:12:50,742 WARN o.a.j.p.h.s.HTTPSamplerBase: Existing CookieManager HTTP Cookie Manager superseded by HTTP Cookie Manager
2022-08-25 11:12:50,992 WARN o.a.j.p.h.s.HTTPSamplerBase: Existing CookieManager HTTP Cookie Manager superseded by HTTP Cookie Manager
2022-08-25 11:12:50,994 WARN o.a.j.p.h.s.HTTPSamplerBase: Existing CookieManager HTTP Cookie Manager superseded by HTTP Cookie Manager
2022-08-25 11:12:51,138 INFO o.a.j.t.JMeterThread: Thread is done: Thread Group 1-17
2022-08-25 11:12:51,139 INFO o.a.j.t.JMeterThread: Thread finished: Thread Group 1-17
2022-08-25 11:12:51,325 INFO o.a.j.t.JMeterThread: Thread is done: Thread Group 1-22
2022-08-25 11:12:51,325 INFO o.a.j.t.JMeterThread: Thread finished: Thread Group 1-22
2022-08-25 11:12:52,129 INFO o.a.j.t.JMeterThread: Thread started: Thread Group 1-35
2022-08-25 11:12:52,151 INFO o.a.j.t.JMeterThread: Thread is done: Thread Group 1-18
2022-08-25 11:12:52,151 INFO o.a.j.t.JMeterThread: Thread finished: Thread Group 1-18
2022-08-25 11:12:52,378 INFO o.a.j.t.JMeterThread: Thread is done: Thread Group 1-21
2022-08-25 11:12:52,378 INFO o.a.j.t.JMeterThread: Thread finished: Thread Group 1-21
2022-08-25 11:12:52,530 WARN o.a.j.p.h.s.HTTPSamplerBase: Existing CookieManager HTTP Cookie Manager superseded by HTTP Cookie Manager
2022-08-25 11:12:52,532 WARN o.a.j.p.h.s.HTTPSamplerBase: Existing CookieManager HTTP Cookie Manager superseded by HTTP Cookie Manager
2022-08-25 11:12:52,852 INFO o.a.j.t.JMeterThread: Thread is done: Thread Group 1-23
2022-08-25 11:12:52,852 INFO o.a.j.t.JMeterThread: Thread finished: Thread Group 1-23
2022-08-25 11:12:53,629 INFO o.a.j.t.JMeterThread: Thread started: Thread Group 1-36
2022-08-25 11:12:55,131 INFO o.a.j.t.JMeterThread: Thread started: Thread Group 1-37
2022-08-25 11:12:55,248 WARN o.a.j.p.h.s.HTTPSamplerBase: Existing CookieManager HTTP Cookie Manager superseded by HTTP Cookie Manager
2022-08-25 11:12:55,248 WARN o.a.j.p.h.s.HTTPSamplerBase: Existing CookieManager HTTP Cookie Manager superseded by HTTP Cookie Manager
2022-08-25 11:12:55,527 WARN o.a.j.p.h.s.HTTPSamplerBase: Existing CookieManager HTTP Cookie Manager superseded by HTTP Cookie Manager
2022-08-25 11:12:55,529 WARN o.a.j.p.h.s.HTTPSamplerBase: Existing CookieManager HTTP Cookie Manager superseded by HTTP Cookie Manager
2022-08-25 11:12:56,634 INFO o.a.j.t.JMeterThread: Thread started: Thread Group 1-38
2022-08-25 11:12:56,741 INFO o.a.j.t.JMeterThread: Thread is done: Thread Group 1-25
2022-08-25 11:12:56,742 INFO o.a.j.t.JMeterThread: Thread finished: Thread Group 1-25
2022-08-25 11:12:57,109 WARN o.a.j.p.h.s.HTTPSamplerBase: Existing CookieManager HTTP Cookie Manager superseded by HTTP Cookie Manager
2022-08-25 11:12:57,110 WARN o.a.j.p.h.s.HTTPSamplerBase: Existing CookieManager HTTP Cookie Manager superseded by HTTP Cookie Manager
2022-08-25 11:12:58,134 INFO o.a.j.t.JMeterThread: Thread started: Thread Group 1-39
2022-08-25 11:12:58,755 INFO o.a.j.t.JMeterThread: Thread is done: Thread Group 1-24
2022-08-25 11:12:58,755 INFO o.a.j.t.JMeterThread: Thread finished: Thread Group 1-24
2022-08-25 11:12:59,636 INFO o.a.j.t.JMeterThread: Thread started: Thread Group 1-40
2022-08-25 11:12:59,986 WARN o.a.j.p.h.s.HTTPSamplerBase: Existing CookieManager HTTP Cookie Manager superseded by HTTP Cookie Manager
2022-08-25 11:12:59,988 WARN o.a.j.p.h.s.HTTPSamplerBase: Existing CookieManager HTTP Cookie Manager superseded by HTTP Cookie Manager
2022-08-25 11:13:00,803 INFO o.a.j.r.Summariser: summary +    330 in 00:00:31 =   10.8/s Avg:  1161 Min:    59 Max: 16693 Err:     0 (0.00%) Active: 15 Started: 40 Finished: 25
2022-08-25 11:13:00,805 INFO o.a.j.r.Summariser: summary =    582 in 00:01:00 =    9.7/s Avg:  1043 Min:    59 Max: 16693 Err:     0 (0.00%)
2022-08-25 11:13:01,819 INFO o.a.j.t.JMeterThread: Thread is done: Thread Group 1-29
2022-08-25 11:13:01,819 INFO o.a.j.t.JMeterThread: Thread finished: Thread Group 1-29
2022-08-25 11:13:01,862 INFO o.a.j.t.JMeterThread: Thread is done: Thread Group 1-28
2022-08-25 11:13:01,863 INFO o.a.j.t.JMeterThread: Thread finished: Thread Group 1-28
2022-08-25 11:13:01,865 INFO o.a.j.t.JMeterThread: Thread is done: Thread Group 1-31
2022-08-25 11:13:01,866 INFO o.a.j.t.JMeterThread: Thread finished: Thread Group 1-31
2022-08-25 11:13:02,309 INFO o.a.j.t.JMeterThread: Thread is done: Thread Group 1-33
2022-08-25 11:13:02,309 INFO o.a.j.t.JMeterThread: Thread finished: Thread Group 1-33
2022-08-25 11:13:02,821 INFO o.a.j.t.JMeterThread: Thread is done: Thread Group 1-27
2022-08-25 11:13:02,821 INFO o.a.j.t.JMeterThread: Thread finished: Thread Group 1-27
2022-08-25 11:13:03,346 INFO o.a.j.t.JMeterThread: Thread is done: Thread Group 1-26
2022-08-25 11:13:03,346 INFO o.a.j.t.JMeterThread: Thread finished: Thread Group 1-26
2022-08-25 11:13:04,430 INFO o.a.j.t.JMeterThread: Thread is done: Thread Group 1-35
2022-08-25 11:13:04,430 INFO o.a.j.t.JMeterThread: Thread finished: Thread Group 1-35
2022-08-25 11:13:06,498 WARN o.a.j.p.h.s.HTTPSamplerBase: Existing CookieManager HTTP Cookie Manager superseded by HTTP Cookie Manager
2022-08-25 11:13:06,499 WARN o.a.j.p.h.s.HTTPSamplerBase: Existing CookieManager HTTP Cookie Manager superseded by HTTP Cookie Manager
2022-08-25 11:13:06,952 INFO o.a.j.t.JMeterThread: Thread is done: Thread Group 1-34
2022-08-25 11:13:06,952 INFO o.a.j.t.JMeterThread: Thread finished: Thread Group 1-34
2022-08-25 11:13:07,423 INFO o.a.j.t.JMeterThread: Thread is done: Thread Group 1-30
2022-08-25 11:13:07,424 INFO o.a.j.t.JMeterThread: Thread finished: Thread Group 1-30
2022-08-25 11:13:10,707 INFO o.a.j.t.JMeterThread: Thread is done: Thread Group 1-36
2022-08-25 11:13:10,708 INFO o.a.j.t.JMeterThread: Thread finished: Thread Group 1-36
2022-08-25 11:13:11,680 INFO o.a.j.t.JMeterThread: Thread is done: Thread Group 1-37
2022-08-25 11:13:11,681 INFO o.a.j.t.JMeterThread: Thread finished: Thread Group 1-37
2022-08-25 11:13:19,497 INFO o.a.j.t.JMeterThread: Thread is done: Thread Group 1-40
2022-08-25 11:13:19,498 INFO o.a.j.t.JMeterThread: Thread finished: Thread Group 1-40
2022-08-25 11:13:24,023 INFO o.a.j.t.JMeterThread: Thread is done: Thread Group 1-39
2022-08-25 11:13:24,023 INFO o.a.j.t.JMeterThread: Thread finished: Thread Group 1-39
2022-08-25 11:13:24,531 INFO o.a.j.t.JMeterThread: Thread is done: Thread Group 1-32
2022-08-25 11:13:24,531 INFO o.a.j.t.JMeterThread: Thread finished: Thread Group 1-32
2022-08-25 11:13:32,803 INFO o.a.j.r.Summariser: summary +    177 in 00:00:32 =    5.5/s Avg:  1029 Min:    56 Max: 13961 Err:     0 (0.00%) Active: 1 Started: 40 Finished: 39
2022-08-25 11:13:32,803 INFO o.a.j.r.Summariser: summary =    759 in 00:01:32 =    8.2/s Avg:  1040 Min:    56 Max: 16693 Err:     0 (0.00%)
2022-08-25 11:13:33,337 INFO o.a.j.t.JMeterThread: Thread is done: Thread Group 1-38
2022-08-25 11:13:33,337 INFO o.a.j.t.JMeterThread: Thread finished: Thread Group 1-38
2022-08-25 11:13:33,338 INFO o.a.j.e.StandardJMeterEngine: Notifying test listeners of end of test
2022-08-25 11:13:33,339 INFO o.a.j.r.Summariser: summary +      1 in 00:00:01 =    1.9/s Avg:   533 Min:   533 Max:   533 Err:     0 (0.00%) Active: 0 Started: 40 Finished: 40
2022-08-25 11:13:33,339 INFO o.a.j.r.Summariser: summary =    760 in 00:01:33 =    8.2/s Avg:  1039 Min:    56 Max: 16693 Err:     0 (0.00%)
