2022-08-13 11:43:05,873 INFO o.a.j.u.JMeterUtils: Setting Locale to en_US
2022-08-13 11:43:05,903 INFO o.a.j.JMeter: Loading user properties from: /usr/local/apache-jmeter-3.3/bin/user.properties
2022-08-13 11:43:05,904 INFO o.a.j.JMeter: Loading system properties from: /usr/local/apache-jmeter-3.3/bin/system.properties
2022-08-13 11:43:05,905 INFO o.a.j.JMeter: Setting JMeter property: jmeter.save.saveservice.default_delimiter=\t
2022-08-13 11:43:05,905 INFO o.a.j.JMeter: Setting JMeter property: jmeter.save.saveservice.connect_time=true
2022-08-13 11:43:05,930 INFO o.a.j.JMeter: Copyright (c) 1998-2017 The Apache Software Foundation
2022-08-13 11:43:05,930 INFO o.a.j.JMeter: Version 3.3 r1808647
2022-08-13 11:43:05,930 INFO o.a.j.JMeter: java.version=1.8.0_191
2022-08-13 11:43:05,930 INFO o.a.j.JMeter: java.vm.name=OpenJDK 64-Bit Server VM
2022-08-13 11:43:05,930 INFO o.a.j.JMeter: os.name=Linux
2022-08-13 11:43:05,930 INFO o.a.j.JMeter: os.arch=amd64
2022-08-13 11:43:05,931 INFO o.a.j.JMeter: os.version=5.15.0-46-generic
2022-08-13 11:43:05,931 INFO o.a.j.JMeter: file.encoding=ANSI_X3.4-1968
2022-08-13 11:43:05,931 INFO o.a.j.JMeter: Max memory     =536870912
2022-08-13 11:43:05,931 INFO o.a.j.JMeter: Available Processors =4
2022-08-13 11:43:05,939 INFO o.a.j.JMeter: Default Locale=English (United States)
2022-08-13 11:43:05,940 INFO o.a.j.JMeter: JMeter  Locale=English (United States)
2022-08-13 11:43:05,940 INFO o.a.j.JMeter: JMeterHome=/usr/local/apache-jmeter-3.3
2022-08-13 11:43:05,940 INFO o.a.j.JMeter: user.dir  =/var/loadtest
2022-08-13 11:43:05,940 INFO o.a.j.JMeter: PWD       =/var/loadtest
2022-08-13 11:43:05,941 INFO o.a.j.JMeter: IP: 127.0.1.1 Name: ubuntu FullName: ubuntu
2022-08-13 11:43:05,946 INFO o.a.j.s.FileServer: Default base='/var/loadtest'
2022-08-13 11:43:05,947 INFO o.a.j.s.FileServer: Set new base='/var/loadtest'
2022-08-13 11:43:06,231 INFO o.a.j.s.SaveService: Testplan (JMX) version: 2.2. Testlog (JTL) version: 2.2
2022-08-13 11:43:06,255 INFO o.a.j.s.SaveService: Using SaveService properties file encoding UTF-8
2022-08-13 11:43:06,261 INFO o.a.j.s.SaveService: Using SaveService properties version 3.2
2022-08-13 11:43:06,272 INFO o.a.j.s.SaveService: Loading file: /var/loadtest/modified_HsvwGL.jmx
2022-08-13 11:43:06,359 INFO o.a.j.p.h.s.HTTPSamplerBase: Parser for text/html is org.apache.jmeter.protocol.http.parser.LagartoBasedHtmlParser
2022-08-13 11:43:06,359 INFO o.a.j.p.h.s.HTTPSamplerBase: Parser for application/xhtml+xml is org.apache.jmeter.protocol.http.parser.LagartoBasedHtmlParser
2022-08-13 11:43:06,359 INFO o.a.j.p.h.s.HTTPSamplerBase: Parser for application/xml is org.apache.jmeter.protocol.http.parser.LagartoBasedHtmlParser
2022-08-13 11:43:06,359 INFO o.a.j.p.h.s.HTTPSamplerBase: Parser for text/xml is org.apache.jmeter.protocol.http.parser.LagartoBasedHtmlParser
2022-08-13 11:43:06,359 INFO o.a.j.p.h.s.HTTPSamplerBase: Parser for text/vnd.wap.wml is org.apache.jmeter.protocol.http.parser.RegexpHTMLParser
2022-08-13 11:43:06,360 INFO o.a.j.p.h.s.HTTPSamplerBase: Parser for text/css is org.apache.jmeter.protocol.http.parser.CssParser
2022-08-13 11:43:06,412 INFO o.a.j.JMeter: Creating summariser <summary>
2022-08-13 11:43:06,421 INFO o.a.j.e.StandardJMeterEngine: Running the test!
2022-08-13 11:43:06,421 INFO o.a.j.s.SampleEvent: List of sample_variables: []
2022-08-13 11:43:06,421 INFO o.a.j.s.SampleEvent: List of sample_variables: []
2022-08-13 11:43:06,428 INFO o.a.j.e.u.CompoundVariable: Note: Function class names must contain the string: '.functions.'
2022-08-13 11:43:06,429 INFO o.a.j.e.u.CompoundVariable: Note: Function class names must not contain the string: '.gui.'
2022-08-13 11:43:07,136 INFO o.a.j.JMeter: Running test (1660390987136)
2022-08-13 11:43:07,205 INFO o.a.j.e.StandardJMeterEngine: Starting ThreadGroup: 1 : Thread Group
2022-08-13 11:43:07,206 INFO o.a.j.e.StandardJMeterEngine: Starting 20 threads for group Thread Group.
2022-08-13 11:43:07,206 INFO o.a.j.e.StandardJMeterEngine: Thread will continue on error
2022-08-13 11:43:07,206 INFO o.a.j.t.ThreadGroup: Starting thread group... number=1 threads=20 ramp-up=1 perThread=50.0 delayedStart=false
2022-08-13 11:43:07,218 INFO o.a.j.t.JMeterThread: Thread started: Thread Group 1-1
2022-08-13 11:43:07,249 INFO o.a.j.t.ThreadGroup: Started thread group number 1
2022-08-13 11:43:07,249 INFO o.a.j.e.StandardJMeterEngine: All thread groups have been started
2022-08-13 11:43:07,272 INFO o.a.j.t.JMeterThread: Thread started: Thread Group 1-2
2022-08-13 11:43:07,285 INFO o.a.j.p.h.s.HTTPHCAbstractImpl: Local host = ubuntu
2022-08-13 11:43:07,302 INFO o.a.j.p.h.s.HTTPHC4Impl: HTTP request retry count = 0
2022-08-13 11:43:07,314 INFO o.a.j.s.SampleResult: Note: Sample TimeStamps are START times
2022-08-13 11:43:07,314 INFO o.a.j.s.SampleResult: sampleresult.default.encoding is set to ISO-8859-1
2022-08-13 11:43:07,314 INFO o.a.j.s.SampleResult: sampleresult.useNanoTime=true
2022-08-13 11:43:07,314 INFO o.a.j.s.SampleResult: sampleresult.nanoThreadSleep=5000
2022-08-13 11:43:07,322 INFO o.a.j.t.JMeterThread: Thread started: Thread Group 1-3
2022-08-13 11:43:07,373 INFO o.a.j.t.JMeterThread: Thread started: Thread Group 1-4
2022-08-13 11:43:07,424 INFO o.a.j.t.JMeterThread: Thread started: Thread Group 1-5
2022-08-13 11:43:07,474 INFO o.a.j.t.JMeterThread: Thread started: Thread Group 1-6
2022-08-13 11:43:07,525 INFO o.a.j.t.JMeterThread: Thread started: Thread Group 1-7
2022-08-13 11:43:07,582 INFO o.a.j.t.JMeterThread: Thread started: Thread Group 1-8
2022-08-13 11:43:07,633 INFO o.a.j.t.JMeterThread: Thread started: Thread Group 1-9
2022-08-13 11:43:07,674 INFO o.a.j.t.JMeterThread: Thread is done: Thread Group 1-3
2022-08-13 11:43:07,674 INFO o.a.j.t.JMeterThread: Thread is done: Thread Group 1-4
2022-08-13 11:43:07,674 INFO o.a.j.t.JMeterThread: Thread finished: Thread Group 1-3
2022-08-13 11:43:07,674 INFO o.a.j.t.JMeterThread: Thread finished: Thread Group 1-4
2022-08-13 11:43:07,675 INFO o.a.j.t.JMeterThread: Thread is done: Thread Group 1-5
2022-08-13 11:43:07,675 INFO o.a.j.t.JMeterThread: Thread is done: Thread Group 1-1
2022-08-13 11:43:07,676 INFO o.a.j.t.JMeterThread: Thread finished: Thread Group 1-5
2022-08-13 11:43:07,676 INFO o.a.j.t.JMeterThread: Thread finished: Thread Group 1-1
2022-08-13 11:43:07,677 INFO o.a.j.t.JMeterThread: Thread is done: Thread Group 1-6
2022-08-13 11:43:07,677 INFO o.a.j.t.JMeterThread: Thread finished: Thread Group 1-6
2022-08-13 11:43:07,683 INFO o.a.j.t.JMeterThread: Thread started: Thread Group 1-10
2022-08-13 11:43:07,690 INFO o.a.j.t.JMeterThread: Thread is done: Thread Group 1-2
2022-08-13 11:43:07,690 INFO o.a.j.t.JMeterThread: Thread finished: Thread Group 1-2
2022-08-13 11:43:07,719 INFO o.a.j.t.JMeterThread: Thread is done: Thread Group 1-7
2022-08-13 11:43:07,719 INFO o.a.j.t.JMeterThread: Thread finished: Thread Group 1-7
2022-08-13 11:43:07,736 INFO o.a.j.t.JMeterThread: Thread started: Thread Group 1-11
2022-08-13 11:43:07,769 INFO o.a.j.t.JMeterThread: Thread is done: Thread Group 1-9
2022-08-13 11:43:07,770 INFO o.a.j.t.JMeterThread: Thread finished: Thread Group 1-9
2022-08-13 11:43:07,778 INFO o.a.j.t.JMeterThread: Thread is done: Thread Group 1-8
2022-08-13 11:43:07,778 INFO o.a.j.t.JMeterThread: Thread finished: Thread Group 1-8
2022-08-13 11:43:07,789 INFO o.a.j.t.JMeterThread: Thread started: Thread Group 1-12
2022-08-13 11:43:07,809 INFO o.a.j.t.JMeterThread: Thread is done: Thread Group 1-11
2022-08-13 11:43:07,810 INFO o.a.j.t.JMeterThread: Thread finished: Thread Group 1-11
2022-08-13 11:43:07,810 INFO o.a.j.t.JMeterThread: Thread is done: Thread Group 1-10
2022-08-13 11:43:07,810 INFO o.a.j.t.JMeterThread: Thread finished: Thread Group 1-10
2022-08-13 11:43:07,838 INFO o.a.j.t.JMeterThread: Thread started: Thread Group 1-13
2022-08-13 11:43:07,849 INFO o.a.j.t.JMeterThread: Thread is done: Thread Group 1-12
2022-08-13 11:43:07,849 INFO o.a.j.t.JMeterThread: Thread finished: Thread Group 1-12
2022-08-13 11:43:07,880 INFO o.a.j.t.JMeterThread: Thread is done: Thread Group 1-13
2022-08-13 11:43:07,880 INFO o.a.j.t.JMeterThread: Thread finished: Thread Group 1-13
2022-08-13 11:43:07,889 INFO o.a.j.t.JMeterThread: Thread started: Thread Group 1-14
2022-08-13 11:43:07,922 INFO o.a.j.t.JMeterThread: Thread is done: Thread Group 1-14
2022-08-13 11:43:07,922 INFO o.a.j.t.JMeterThread: Thread finished: Thread Group 1-14
2022-08-13 11:43:07,941 INFO o.a.j.t.JMeterThread: Thread started: Thread Group 1-15
2022-08-13 11:43:07,972 INFO o.a.j.t.JMeterThread: Thread is done: Thread Group 1-15
2022-08-13 11:43:07,972 INFO o.a.j.t.JMeterThread: Thread finished: Thread Group 1-15
2022-08-13 11:43:07,995 INFO o.a.j.t.JMeterThread: Thread started: Thread Group 1-16
2022-08-13 11:43:08,024 INFO o.a.j.t.JMeterThread: Thread is done: Thread Group 1-16
2022-08-13 11:43:08,024 INFO o.a.j.t.JMeterThread: Thread finished: Thread Group 1-16
2022-08-13 11:43:08,045 INFO o.a.j.t.JMeterThread: Thread started: Thread Group 1-17
2022-08-13 11:43:08,070 INFO o.a.j.t.JMeterThread: Thread is done: Thread Group 1-17
2022-08-13 11:43:08,071 INFO o.a.j.t.JMeterThread: Thread finished: Thread Group 1-17
2022-08-13 11:43:08,098 INFO o.a.j.t.JMeterThread: Thread started: Thread Group 1-18
2022-08-13 11:43:08,127 INFO o.a.j.t.JMeterThread: Thread is done: Thread Group 1-18
2022-08-13 11:43:08,127 INFO o.a.j.t.JMeterThread: Thread finished: Thread Group 1-18
2022-08-13 11:43:08,149 INFO o.a.j.t.JMeterThread: Thread started: Thread Group 1-19
2022-08-13 11:43:08,172 INFO o.a.j.t.JMeterThread: Thread is done: Thread Group 1-19
2022-08-13 11:43:08,173 INFO o.a.j.t.JMeterThread: Thread finished: Thread Group 1-19
2022-08-13 11:43:08,199 INFO o.a.j.t.JMeterThread: Thread started: Thread Group 1-20
2022-08-13 11:43:08,219 INFO o.a.j.t.JMeterThread: Thread is done: Thread Group 1-20
2022-08-13 11:43:08,220 INFO o.a.j.t.JMeterThread: Thread finished: Thread Group 1-20
2022-08-13 11:43:08,220 INFO o.a.j.e.StandardJMeterEngine: Notifying test listeners of end of test
2022-08-13 11:43:08,222 INFO o.a.j.r.Summariser: summary =     20 in 00:00:01 =   18.4/s Avg:   130 Min:    19 Max:   338 Err:    20 (100.00%)
