2022-08-25 09:30:20,381 INFO o.a.j.u.JMeterUtils: Setting Locale to en_US
2022-08-25 09:30:20,404 INFO o.a.j.JMeter: Loading user properties from: /usr/local/apache-jmeter-3.3/bin/user.properties
2022-08-25 09:30:20,405 INFO o.a.j.JMeter: Loading system properties from: /usr/local/apache-jmeter-3.3/bin/system.properties
2022-08-25 09:30:20,405 INFO o.a.j.JMeter: Setting JMeter property: jmeter.save.saveservice.default_delimiter=\t
2022-08-25 09:30:20,406 INFO o.a.j.JMeter: Setting JMeter property: jmeter.save.saveservice.connect_time=true
2022-08-25 09:30:20,413 INFO o.a.j.JMeter: Copyright (c) 1998-2017 The Apache Software Foundation
2022-08-25 09:30:20,413 INFO o.a.j.JMeter: Version 3.3 r1808647
2022-08-25 09:30:20,413 INFO o.a.j.JMeter: java.version=1.8.0_191
2022-08-25 09:30:20,413 INFO o.a.j.JMeter: java.vm.name=OpenJDK 64-Bit Server VM
2022-08-25 09:30:20,413 INFO o.a.j.JMeter: os.name=Linux
2022-08-25 09:30:20,413 INFO o.a.j.JMeter: os.arch=amd64
2022-08-25 09:30:20,414 INFO o.a.j.JMeter: os.version=5.15.0-46-generic
2022-08-25 09:30:20,414 INFO o.a.j.JMeter: file.encoding=ANSI_X3.4-1968
2022-08-25 09:30:20,414 INFO o.a.j.JMeter: Max memory     =536870912
2022-08-25 09:30:20,414 INFO o.a.j.JMeter: Available Processors =4
2022-08-25 09:30:20,419 INFO o.a.j.JMeter: Default Locale=English (United States)
2022-08-25 09:30:20,419 INFO o.a.j.JMeter: JMeter  Locale=English (United States)
2022-08-25 09:30:20,419 INFO o.a.j.JMeter: JMeterHome=/usr/local/apache-jmeter-3.3
2022-08-25 09:30:20,419 INFO o.a.j.JMeter: user.dir  =/var/loadtest
2022-08-25 09:30:20,419 INFO o.a.j.JMeter: PWD       =/var/loadtest
2022-08-25 09:30:20,420 INFO o.a.j.JMeter: IP: 127.0.1.1 Name: ubuntu FullName: ubuntu
2022-08-25 09:30:20,423 INFO o.a.j.s.FileServer: Default base='/var/loadtest'
2022-08-25 09:30:20,424 INFO o.a.j.s.FileServer: Set new base='/var/loadtest'
2022-08-25 09:30:20,671 INFO o.a.j.s.SaveService: Testplan (JMX) version: 2.2. Testlog (JTL) version: 2.2
2022-08-25 09:30:20,699 INFO o.a.j.s.SaveService: Using SaveService properties file encoding UTF-8
2022-08-25 09:30:20,706 INFO o.a.j.s.SaveService: Using SaveService properties version 3.2
2022-08-25 09:30:20,717 INFO o.a.j.s.SaveService: Loading file: /var/loadtest/modified_8_kdz6.jmx
2022-08-25 09:30:20,776 INFO o.a.j.p.h.c.CookieManager: Settings: Delete null: true Check: true Allow variable: true Save: false Prefix: COOKIE_
2022-08-25 09:30:20,794 INFO o.a.j.p.h.s.HTTPSamplerBase: Parser for text/html is org.apache.jmeter.protocol.http.parser.LagartoBasedHtmlParser
2022-08-25 09:30:20,794 INFO o.a.j.p.h.s.HTTPSamplerBase: Parser for application/xhtml+xml is org.apache.jmeter.protocol.http.parser.LagartoBasedHtmlParser
2022-08-25 09:30:20,794 INFO o.a.j.p.h.s.HTTPSamplerBase: Parser for application/xml is org.apache.jmeter.protocol.http.parser.LagartoBasedHtmlParser
2022-08-25 09:30:20,794 INFO o.a.j.p.h.s.HTTPSamplerBase: Parser for text/xml is org.apache.jmeter.protocol.http.parser.LagartoBasedHtmlParser
2022-08-25 09:30:20,794 INFO o.a.j.p.h.s.HTTPSamplerBase: Parser for text/vnd.wap.wml is org.apache.jmeter.protocol.http.parser.RegexpHTMLParser
2022-08-25 09:30:20,795 INFO o.a.j.p.h.s.HTTPSamplerBase: Parser for text/css is org.apache.jmeter.protocol.http.parser.CssParser
2022-08-25 09:30:20,883 INFO o.a.j.JMeter: Creating summariser <summary>
2022-08-25 09:30:20,892 INFO o.a.j.e.StandardJMeterEngine: Running the test!
2022-08-25 09:30:20,892 INFO o.a.j.s.SampleEvent: List of sample_variables: []
2022-08-25 09:30:20,893 INFO o.a.j.s.SampleEvent: List of sample_variables: []
2022-08-25 09:30:20,898 INFO o.a.j.e.u.CompoundVariable: Note: Function class names must contain the string: '.functions.'
2022-08-25 09:30:20,898 INFO o.a.j.e.u.CompoundVariable: Note: Function class names must not contain the string: '.gui.'
2022-08-25 09:30:21,902 INFO o.a.j.JMeter: Running test (1661419821901)
2022-08-25 09:30:21,958 INFO o.a.j.e.StandardJMeterEngine: Starting ThreadGroup: 1 : Thread Group
2022-08-25 09:30:21,958 INFO o.a.j.e.StandardJMeterEngine: Starting 50 threads for group Thread Group.
2022-08-25 09:30:21,959 INFO o.a.j.e.StandardJMeterEngine: Test will stop on error
2022-08-25 09:30:21,959 INFO o.a.j.t.ThreadGroup: Starting thread group... number=1 threads=50 ramp-up=1 perThread=20.0 delayedStart=false
2022-08-25 09:30:21,984 INFO o.a.j.t.JMeterThread: Thread started: Thread Group 1-1
2022-08-25 09:30:22,026 INFO o.a.j.p.h.s.HTTPHCAbstractImpl: Local host = ubuntu
2022-08-25 09:30:22,030 INFO o.a.j.t.JMeterThread: Thread started: Thread Group 1-2
2022-08-25 09:30:22,047 INFO o.a.j.p.h.s.HTTPHC4Impl: HTTP request retry count = 0
2022-08-25 09:30:22,054 INFO o.a.j.t.JMeterThread: Thread started: Thread Group 1-3
2022-08-25 09:30:22,062 INFO o.a.j.s.SampleResult: Note: Sample TimeStamps are START times
2022-08-25 09:30:22,063 INFO o.a.j.s.SampleResult: sampleresult.default.encoding is set to ISO-8859-1
2022-08-25 09:30:22,063 INFO o.a.j.s.SampleResult: sampleresult.useNanoTime=true
2022-08-25 09:30:22,063 INFO o.a.j.s.SampleResult: sampleresult.nanoThreadSleep=5000
2022-08-25 09:30:22,095 INFO o.a.j.t.JMeterThread: Thread started: Thread Group 1-4
2022-08-25 09:30:22,114 INFO o.a.j.t.JMeterThread: Thread started: Thread Group 1-5
2022-08-25 09:30:22,132 INFO o.a.j.t.JMeterThread: Thread started: Thread Group 1-6
2022-08-25 09:30:22,170 INFO o.a.j.t.JMeterThread: Thread started: Thread Group 1-7
2022-08-25 09:30:22,206 INFO o.a.j.t.JMeterThread: Thread started: Thread Group 1-8
2022-08-25 09:30:22,223 INFO o.a.j.t.JMeterThread: Thread started: Thread Group 1-9
2022-08-25 09:30:22,240 INFO o.a.j.t.ThreadGroup: Started thread group number 1
2022-08-25 09:30:22,240 INFO o.a.j.e.StandardJMeterEngine: All thread groups have been started
2022-08-25 09:30:22,249 INFO o.a.j.t.JMeterThread: Thread started: Thread Group 1-10
2022-08-25 09:30:22,287 INFO o.a.j.t.JMeterThread: Thread started: Thread Group 1-11
2022-08-25 09:30:22,323 INFO o.a.j.t.JMeterThread: Thread started: Thread Group 1-12
2022-08-25 09:30:22,326 INFO o.a.j.p.h.s.LazySchemeSocketFactory: Setting up HTTPS TrustAll Socket Factory
2022-08-25 09:30:22,342 INFO o.a.j.t.JMeterThread: Thread started: Thread Group 1-13
2022-08-25 09:30:22,347 INFO o.a.j.u.JsseSSLManager: Using default SSL protocol: TLS
2022-08-25 09:30:22,347 INFO o.a.j.u.JsseSSLManager: SSL session context: per-thread
2022-08-25 09:30:22,386 INFO o.a.j.t.JMeterThread: Thread started: Thread Group 1-14
2022-08-25 09:30:22,393 INFO o.a.j.t.JMeterThread: Thread started: Thread Group 1-15
2022-08-25 09:30:22,415 INFO o.a.j.t.JMeterThread: Thread started: Thread Group 1-16
2022-08-25 09:30:22,438 INFO o.a.j.t.JMeterThread: Thread started: Thread Group 1-17
2022-08-25 09:30:22,460 INFO o.a.j.t.JMeterThread: Thread started: Thread Group 1-18
2022-08-25 09:30:22,482 INFO o.a.j.t.JMeterThread: Thread started: Thread Group 1-19
2022-08-25 09:30:22,509 INFO o.a.j.t.JMeterThread: Thread started: Thread Group 1-20
2022-08-25 09:30:22,539 INFO o.a.j.t.JMeterThread: Thread started: Thread Group 1-21
2022-08-25 09:30:22,564 INFO o.a.j.t.JMeterThread: Thread started: Thread Group 1-22
2022-08-25 09:30:22,592 INFO o.a.j.t.JMeterThread: Thread started: Thread Group 1-23
2022-08-25 09:30:22,644 INFO o.a.j.t.JMeterThread: Thread started: Thread Group 1-24
2022-08-25 09:30:22,655 INFO o.a.j.t.JMeterThread: Thread started: Thread Group 1-25
2022-08-25 09:30:22,687 INFO o.a.j.t.JMeterThread: Thread started: Thread Group 1-26
2022-08-25 09:30:22,711 INFO o.a.j.t.JMeterThread: Thread started: Thread Group 1-27
2022-08-25 09:30:22,724 INFO o.a.j.u.SSLManager: JmeterKeyStore Location:  type JKS
2022-08-25 09:30:22,726 INFO o.a.j.u.SSLManager: KeyStore created OK
2022-08-25 09:30:22,726 WARN o.a.j.u.SSLManager: Keystore file not found, loading empty keystore
2022-08-25 09:30:22,733 INFO o.a.j.t.JMeterThread: Thread started: Thread Group 1-28
2022-08-25 09:30:22,755 INFO o.a.j.t.JMeterThread: Thread started: Thread Group 1-29
2022-08-25 09:30:22,782 INFO o.a.j.t.JMeterThread: Thread started: Thread Group 1-30
2022-08-25 09:30:22,799 INFO o.a.j.t.JMeterThread: Thread started: Thread Group 1-31
2022-08-25 09:30:22,823 INFO o.a.j.t.JMeterThread: Thread started: Thread Group 1-32
2022-08-25 09:30:22,852 INFO o.a.j.t.JMeterThread: Thread started: Thread Group 1-33
2022-08-25 09:30:22,873 INFO o.a.j.t.JMeterThread: Thread started: Thread Group 1-34
2022-08-25 09:30:22,894 INFO o.a.j.t.JMeterThread: Thread started: Thread Group 1-35
2022-08-25 09:30:22,915 INFO o.a.j.t.JMeterThread: Thread started: Thread Group 1-36
2022-08-25 09:30:22,936 INFO o.a.j.t.JMeterThread: Thread started: Thread Group 1-37
2022-08-25 09:30:22,956 INFO o.a.j.t.JMeterThread: Thread started: Thread Group 1-38
2022-08-25 09:30:22,977 INFO o.a.j.t.JMeterThread: Thread started: Thread Group 1-39
2022-08-25 09:30:22,998 INFO o.a.j.t.JMeterThread: Thread started: Thread Group 1-40
2022-08-25 09:30:23,020 INFO o.a.j.t.JMeterThread: Thread started: Thread Group 1-41
2022-08-25 09:30:23,044 INFO o.a.j.t.JMeterThread: Thread started: Thread Group 1-42
2022-08-25 09:30:23,068 INFO o.a.j.t.JMeterThread: Thread started: Thread Group 1-43
2022-08-25 09:30:23,092 INFO o.a.j.t.JMeterThread: Thread started: Thread Group 1-44
2022-08-25 09:30:23,113 INFO o.a.j.t.JMeterThread: Thread started: Thread Group 1-45
2022-08-25 09:30:23,135 INFO o.a.j.t.JMeterThread: Thread started: Thread Group 1-46
2022-08-25 09:30:23,157 INFO o.a.j.t.JMeterThread: Thread started: Thread Group 1-47
2022-08-25 09:30:23,178 INFO o.a.j.t.JMeterThread: Thread started: Thread Group 1-48
2022-08-25 09:30:23,200 INFO o.a.j.t.JMeterThread: Thread started: Thread Group 1-49
2022-08-25 09:30:23,222 INFO o.a.j.t.JMeterThread: Thread started: Thread Group 1-50
2022-08-25 09:30:25,388 WARN o.a.j.p.h.s.HTTPSamplerBase: Existing CookieManager HTTP Cookie Manager superseded by HTTP Cookie Manager
2022-08-25 09:30:25,388 WARN o.a.j.p.h.s.HTTPSamplerBase: Existing CookieManager HTTP Cookie Manager superseded by HTTP Cookie Manager
2022-08-25 09:30:25,389 WARN o.a.j.p.h.s.HTTPSamplerBase: Existing CookieManager HTTP Cookie Manager superseded by HTTP Cookie Manager
2022-08-25 09:30:25,389 WARN o.a.j.p.h.s.HTTPSamplerBase: Existing CookieManager HTTP Cookie Manager superseded by HTTP Cookie Manager
2022-08-25 09:30:25,389 WARN o.a.j.p.h.s.HTTPSamplerBase: Existing CookieManager HTTP Cookie Manager superseded by HTTP Cookie Manager
2022-08-25 09:30:25,389 WARN o.a.j.p.h.s.HTTPSamplerBase: Existing CookieManager HTTP Cookie Manager superseded by HTTP Cookie Manager
2022-08-25 09:30:25,390 WARN o.a.j.p.h.s.HTTPSamplerBase: Existing CookieManager HTTP Cookie Manager superseded by HTTP Cookie Manager
2022-08-25 09:30:25,390 WARN o.a.j.p.h.s.HTTPSamplerBase: Existing CookieManager HTTP Cookie Manager superseded by HTTP Cookie Manager
2022-08-25 09:30:25,390 WARN o.a.j.p.h.s.HTTPSamplerBase: Existing CookieManager HTTP Cookie Manager superseded by HTTP Cookie Manager
2022-08-25 09:30:25,391 WARN o.a.j.p.h.s.HTTPSamplerBase: Existing CookieManager HTTP Cookie Manager superseded by HTTP Cookie Manager
2022-08-25 09:30:25,391 WARN o.a.j.p.h.s.HTTPSamplerBase: Existing CookieManager HTTP Cookie Manager superseded by HTTP Cookie Manager
2022-08-25 09:30:25,392 WARN o.a.j.p.h.s.HTTPSamplerBase: Existing CookieManager HTTP Cookie Manager superseded by HTTP Cookie Manager
2022-08-25 09:30:25,392 WARN o.a.j.p.h.s.HTTPSamplerBase: Existing CookieManager HTTP Cookie Manager superseded by HTTP Cookie Manager
2022-08-25 09:30:25,392 WARN o.a.j.p.h.s.HTTPSamplerBase: Existing CookieManager HTTP Cookie Manager superseded by HTTP Cookie Manager
2022-08-25 09:30:25,392 WARN o.a.j.p.h.s.HTTPSamplerBase: Existing CookieManager HTTP Cookie Manager superseded by HTTP Cookie Manager
2022-08-25 09:30:25,393 WARN o.a.j.p.h.s.HTTPSamplerBase: Existing CookieManager HTTP Cookie Manager superseded by HTTP Cookie Manager
2022-08-25 09:30:25,393 WARN o.a.j.p.h.s.HTTPSamplerBase: Existing CookieManager HTTP Cookie Manager superseded by HTTP Cookie Manager
2022-08-25 09:30:25,393 WARN o.a.j.p.h.s.HTTPSamplerBase: Existing CookieManager HTTP Cookie Manager superseded by HTTP Cookie Manager
2022-08-25 09:30:25,402 WARN o.a.j.p.h.s.HTTPSamplerBase: Existing CookieManager HTTP Cookie Manager superseded by HTTP Cookie Manager
2022-08-25 09:30:25,403 WARN o.a.j.p.h.s.HTTPSamplerBase: Existing CookieManager HTTP Cookie Manager superseded by HTTP Cookie Manager
2022-08-25 09:30:25,403 WARN o.a.j.p.h.s.HTTPSamplerBase: Existing CookieManager HTTP Cookie Manager superseded by HTTP Cookie Manager
2022-08-25 09:30:25,393 WARN o.a.j.p.h.s.HTTPSamplerBase: Existing CookieManager HTTP Cookie Manager superseded by HTTP Cookie Manager
2022-08-25 09:30:25,404 WARN o.a.j.p.h.s.HTTPSamplerBase: Existing CookieManager HTTP Cookie Manager superseded by HTTP Cookie Manager
2022-08-25 09:30:25,394 WARN o.a.j.p.h.s.HTTPSamplerBase: Existing CookieManager HTTP Cookie Manager superseded by HTTP Cookie Manager
2022-08-25 09:30:25,394 WARN o.a.j.p.h.s.HTTPSamplerBase: Existing CookieManager HTTP Cookie Manager superseded by HTTP Cookie Manager
2022-08-25 09:30:25,404 WARN o.a.j.p.h.s.HTTPSamplerBase: Existing CookieManager HTTP Cookie Manager superseded by HTTP Cookie Manager
2022-08-25 09:30:25,402 WARN o.a.j.p.h.s.HTTPSamplerBase: Existing CookieManager HTTP Cookie Manager superseded by HTTP Cookie Manager
2022-08-25 09:30:25,402 WARN o.a.j.p.h.s.HTTPSamplerBase: Existing CookieManager HTTP Cookie Manager superseded by HTTP Cookie Manager
2022-08-25 09:30:25,405 WARN o.a.j.p.h.s.HTTPSamplerBase: Existing CookieManager HTTP Cookie Manager superseded by HTTP Cookie Manager
2022-08-25 09:30:25,402 WARN o.a.j.p.h.s.HTTPSamplerBase: Existing CookieManager HTTP Cookie Manager superseded by HTTP Cookie Manager
2022-08-25 09:30:25,395 WARN o.a.j.p.h.s.HTTPSamplerBase: Existing CookieManager HTTP Cookie Manager superseded by HTTP Cookie Manager
2022-08-25 09:30:25,406 WARN o.a.j.p.h.s.HTTPSamplerBase: Existing CookieManager HTTP Cookie Manager superseded by HTTP Cookie Manager
2022-08-25 09:30:25,395 WARN o.a.j.p.h.s.HTTPSamplerBase: Existing CookieManager HTTP Cookie Manager superseded by HTTP Cookie Manager
2022-08-25 09:30:25,394 WARN o.a.j.p.h.s.HTTPSamplerBase: Existing CookieManager HTTP Cookie Manager superseded by HTTP Cookie Manager
2022-08-25 09:30:25,407 WARN o.a.j.p.h.s.HTTPSamplerBase: Existing CookieManager HTTP Cookie Manager superseded by HTTP Cookie Manager
2022-08-25 09:30:25,394 WARN o.a.j.p.h.s.HTTPSamplerBase: Existing CookieManager HTTP Cookie Manager superseded by HTTP Cookie Manager
2022-08-25 09:30:25,394 WARN o.a.j.p.h.s.HTTPSamplerBase: Existing CookieManager HTTP Cookie Manager superseded by HTTP Cookie Manager
2022-08-25 09:30:25,394 WARN o.a.j.p.h.s.HTTPSamplerBase: Existing CookieManager HTTP Cookie Manager superseded by HTTP Cookie Manager
2022-08-25 09:30:25,407 WARN o.a.j.p.h.s.HTTPSamplerBase: Existing CookieManager HTTP Cookie Manager superseded by HTTP Cookie Manager
2022-08-25 09:30:25,394 WARN o.a.j.p.h.s.HTTPSamplerBase: Existing CookieManager HTTP Cookie Manager superseded by HTTP Cookie Manager
2022-08-25 09:30:25,408 WARN o.a.j.p.h.s.HTTPSamplerBase: Existing CookieManager HTTP Cookie Manager superseded by HTTP Cookie Manager
2022-08-25 09:30:25,409 WARN o.a.j.p.h.s.HTTPSamplerBase: Existing CookieManager HTTP Cookie Manager superseded by HTTP Cookie Manager
2022-08-25 09:30:25,409 WARN o.a.j.p.h.s.HTTPSamplerBase: Existing CookieManager HTTP Cookie Manager superseded by HTTP Cookie Manager
2022-08-25 09:30:25,393 WARN o.a.j.p.h.s.HTTPSamplerBase: Existing CookieManager HTTP Cookie Manager superseded by HTTP Cookie Manager
2022-08-25 09:30:25,392 WARN o.a.j.p.h.s.HTTPSamplerBase: Existing CookieManager HTTP Cookie Manager superseded by HTTP Cookie Manager
2022-08-25 09:30:25,410 WARN o.a.j.p.h.s.HTTPSamplerBase: Existing CookieManager HTTP Cookie Manager superseded by HTTP Cookie Manager
2022-08-25 09:30:25,412 WARN o.a.j.p.h.s.HTTPSamplerBase: Existing CookieManager HTTP Cookie Manager superseded by HTTP Cookie Manager
2022-08-25 09:30:25,414 WARN o.a.j.p.h.s.HTTPSamplerBase: Existing CookieManager HTTP Cookie Manager superseded by HTTP Cookie Manager
2022-08-25 09:30:25,415 WARN o.a.j.p.h.s.HTTPSamplerBase: Existing CookieManager HTTP Cookie Manager superseded by HTTP Cookie Manager
2022-08-25 09:30:25,434 WARN o.a.j.p.h.s.HTTPSamplerBase: Existing CookieManager HTTP Cookie Manager superseded by HTTP Cookie Manager
2022-08-25 09:30:25,478 WARN o.a.j.p.h.s.HTTPSamplerBase: Existing CookieManager HTTP Cookie Manager superseded by HTTP Cookie Manager
2022-08-25 09:30:25,483 WARN o.a.j.p.h.s.HTTPSamplerBase: Existing CookieManager HTTP Cookie Manager superseded by HTTP Cookie Manager
2022-08-25 09:30:25,484 INFO o.a.j.p.h.s.HTTPJavaImpl: Maximum connection retries = 0
2022-08-25 09:30:25,484 WARN o.a.j.p.h.s.HTTPSamplerBase: Existing CookieManager HTTP Cookie Manager superseded by HTTP Cookie Manager
2022-08-25 09:30:25,484 WARN o.a.j.p.h.s.HTTPSamplerBase: Existing CookieManager HTTP Cookie Manager superseded by HTTP Cookie Manager
2022-08-25 09:30:25,484 WARN o.a.j.p.h.s.HTTPSamplerBase: Existing CookieManager HTTP Cookie Manager superseded by HTTP Cookie Manager
2022-08-25 09:30:25,485 WARN o.a.j.p.h.s.HTTPSamplerBase: Existing CookieManager HTTP Cookie Manager superseded by HTTP Cookie Manager
2022-08-25 09:30:25,485 WARN o.a.j.p.h.s.HTTPSamplerBase: Existing CookieManager HTTP Cookie Manager superseded by HTTP Cookie Manager
2022-08-25 09:30:25,486 WARN o.a.j.p.h.s.HTTPSamplerBase: Existing CookieManager HTTP Cookie Manager superseded by HTTP Cookie Manager
2022-08-25 09:30:25,486 WARN o.a.j.p.h.s.HTTPSamplerBase: Existing CookieManager HTTP Cookie Manager superseded by HTTP Cookie Manager
2022-08-25 09:30:25,490 WARN o.a.j.p.h.s.HTTPSamplerBase: Existing CookieManager HTTP Cookie Manager superseded by HTTP Cookie Manager
2022-08-25 09:30:25,491 WARN o.a.j.p.h.s.HTTPSamplerBase: Existing CookieManager HTTP Cookie Manager superseded by HTTP Cookie Manager
2022-08-25 09:30:25,491 WARN o.a.j.p.h.s.HTTPSamplerBase: Existing CookieManager HTTP Cookie Manager superseded by HTTP Cookie Manager
2022-08-25 09:30:25,491 WARN o.a.j.p.h.s.HTTPSamplerBase: Existing CookieManager HTTP Cookie Manager superseded by HTTP Cookie Manager
2022-08-25 09:30:25,492 WARN o.a.j.p.h.s.HTTPSamplerBase: Existing CookieManager HTTP Cookie Manager superseded by HTTP Cookie Manager
2022-08-25 09:30:25,492 WARN o.a.j.p.h.s.HTTPSamplerBase: Existing CookieManager HTTP Cookie Manager superseded by HTTP Cookie Manager
2022-08-25 09:30:25,493 WARN o.a.j.p.h.s.HTTPSamplerBase: Existing CookieManager HTTP Cookie Manager superseded by HTTP Cookie Manager
2022-08-25 09:30:25,493 WARN o.a.j.p.h.s.HTTPSamplerBase: Existing CookieManager HTTP Cookie Manager superseded by HTTP Cookie Manager
2022-08-25 09:30:25,494 WARN o.a.j.p.h.s.HTTPSamplerBase: Existing CookieManager HTTP Cookie Manager superseded by HTTP Cookie Manager
2022-08-25 09:30:25,494 WARN o.a.j.p.h.s.HTTPSamplerBase: Existing CookieManager HTTP Cookie Manager superseded by HTTP Cookie Manager
2022-08-25 09:30:25,495 WARN o.a.j.p.h.s.HTTPSamplerBase: Existing CookieManager HTTP Cookie Manager superseded by HTTP Cookie Manager
2022-08-25 09:30:25,495 WARN o.a.j.p.h.s.HTTPSamplerBase: Existing CookieManager HTTP Cookie Manager superseded by HTTP Cookie Manager
2022-08-25 09:30:25,496 WARN o.a.j.p.h.s.HTTPSamplerBase: Existing CookieManager HTTP Cookie Manager superseded by HTTP Cookie Manager
2022-08-25 09:30:25,496 WARN o.a.j.p.h.s.HTTPSamplerBase: Existing CookieManager HTTP Cookie Manager superseded by HTTP Cookie Manager
2022-08-25 09:30:25,496 WARN o.a.j.p.h.s.HTTPSamplerBase: Existing CookieManager HTTP Cookie Manager superseded by HTTP Cookie Manager
2022-08-25 09:30:25,496 WARN o.a.j.p.h.s.HTTPSamplerBase: Existing CookieManager HTTP Cookie Manager superseded by HTTP Cookie Manager
2022-08-25 09:30:25,497 WARN o.a.j.p.h.s.HTTPSamplerBase: Existing CookieManager HTTP Cookie Manager superseded by HTTP Cookie Manager
2022-08-25 09:30:25,502 WARN o.a.j.p.h.s.HTTPSamplerBase: Existing CookieManager HTTP Cookie Manager superseded by HTTP Cookie Manager
2022-08-25 09:30:25,503 WARN o.a.j.p.h.s.HTTPSamplerBase: Existing CookieManager HTTP Cookie Manager superseded by HTTP Cookie Manager
2022-08-25 09:30:25,504 WARN o.a.j.p.h.s.HTTPSamplerBase: Existing CookieManager HTTP Cookie Manager superseded by HTTP Cookie Manager
2022-08-25 09:30:25,505 WARN o.a.j.p.h.s.HTTPSamplerBase: Existing CookieManager HTTP Cookie Manager superseded by HTTP Cookie Manager
2022-08-25 09:30:25,507 WARN o.a.j.p.h.s.HTTPSamplerBase: Existing CookieManager HTTP Cookie Manager superseded by HTTP Cookie Manager
2022-08-25 09:30:25,504 WARN o.a.j.p.h.s.HTTPSamplerBase: Existing CookieManager HTTP Cookie Manager superseded by HTTP Cookie Manager
2022-08-25 09:30:25,507 WARN o.a.j.p.h.s.HTTPSamplerBase: Existing CookieManager HTTP Cookie Manager superseded by HTTP Cookie Manager
2022-08-25 09:30:25,508 WARN o.a.j.p.h.s.HTTPSamplerBase: Existing CookieManager HTTP Cookie Manager superseded by HTTP Cookie Manager
2022-08-25 09:30:25,509 WARN o.a.j.p.h.s.HTTPSamplerBase: Existing CookieManager HTTP Cookie Manager superseded by HTTP Cookie Manager
2022-08-25 09:30:25,510 WARN o.a.j.p.h.s.HTTPSamplerBase: Existing CookieManager HTTP Cookie Manager superseded by HTTP Cookie Manager
2022-08-25 09:30:25,511 WARN o.a.j.p.h.s.HTTPSamplerBase: Existing CookieManager HTTP Cookie Manager superseded by HTTP Cookie Manager
2022-08-25 09:30:25,512 WARN o.a.j.p.h.s.HTTPSamplerBase: Existing CookieManager HTTP Cookie Manager superseded by HTTP Cookie Manager
2022-08-25 09:30:25,514 WARN o.a.j.p.h.s.HTTPSamplerBase: Existing CookieManager HTTP Cookie Manager superseded by HTTP Cookie Manager
2022-08-25 09:30:25,515 WARN o.a.j.p.h.s.HTTPSamplerBase: Existing CookieManager HTTP Cookie Manager superseded by HTTP Cookie Manager
2022-08-25 09:30:25,516 WARN o.a.j.p.h.s.HTTPSamplerBase: Existing CookieManager HTTP Cookie Manager superseded by HTTP Cookie Manager
2022-08-25 09:30:25,516 WARN o.a.j.p.h.s.HTTPSamplerBase: Existing CookieManager HTTP Cookie Manager superseded by HTTP Cookie Manager
2022-08-25 09:30:25,516 WARN o.a.j.p.h.s.HTTPSamplerBase: Existing CookieManager HTTP Cookie Manager superseded by HTTP Cookie Manager
2022-08-25 09:30:25,517 WARN o.a.j.p.h.s.HTTPSamplerBase: Existing CookieManager HTTP Cookie Manager superseded by HTTP Cookie Manager
2022-08-25 09:30:25,518 WARN o.a.j.p.h.s.HTTPSamplerBase: Existing CookieManager HTTP Cookie Manager superseded by HTTP Cookie Manager
2022-08-25 09:30:25,518 WARN o.a.j.p.h.s.HTTPSamplerBase: Existing CookieManager HTTP Cookie Manager superseded by HTTP Cookie Manager
2022-08-25 09:30:25,518 WARN o.a.j.p.h.s.HTTPSamplerBase: Existing CookieManager HTTP Cookie Manager superseded by HTTP Cookie Manager
2022-08-25 09:30:25,519 WARN o.a.j.p.h.s.HTTPSamplerBase: Existing CookieManager HTTP Cookie Manager superseded by HTTP Cookie Manager
2022-08-25 09:30:25,519 WARN o.a.j.p.h.s.HTTPSamplerBase: Existing CookieManager HTTP Cookie Manager superseded by HTTP Cookie Manager
2022-08-25 09:30:25,522 WARN o.a.j.p.h.s.HTTPSamplerBase: Existing CookieManager HTTP Cookie Manager superseded by HTTP Cookie Manager
2022-08-25 09:30:31,821 INFO o.a.j.r.Summariser: summary +     51 in 00:00:10 =    5.1/s Avg:  1944 Min:  1012 Max:  6310 Err:     0 (0.00%) Active: 50 Started: 50 Finished: 0
2022-08-25 09:30:56,860 INFO o.a.j.t.JMeterThread: Thread is done: Thread Group 1-34
2022-08-25 09:30:56,860 INFO o.a.j.t.JMeterThread: Thread finished: Thread Group 1-34
2022-08-25 09:31:00,026 INFO o.a.j.r.Summariser: summary +    349 in 00:00:28 =   12.4/s Avg:  4309 Min:    64 Max: 33733 Err:     0 (0.00%) Active: 49 Started: 50 Finished: 1
2022-08-25 09:31:00,027 INFO o.a.j.r.Summariser: summary =    400 in 00:00:38 =   10.5/s Avg:  4007 Min:    64 Max: 33733 Err:     0 (0.00%)
2022-08-25 09:31:00,836 INFO o.a.j.t.JMeterThread: Thread is done: Thread Group 1-46
2022-08-25 09:31:00,837 INFO o.a.j.t.JMeterThread: Thread finished: Thread Group 1-46
2022-08-25 09:31:00,976 INFO o.a.j.t.JMeterThread: Thread is done: Thread Group 1-29
2022-08-25 09:31:00,977 INFO o.a.j.t.JMeterThread: Thread finished: Thread Group 1-29
2022-08-25 09:31:01,029 INFO o.a.j.t.JMeterThread: Thread is done: Thread Group 1-35
2022-08-25 09:31:01,029 INFO o.a.j.t.JMeterThread: Thread finished: Thread Group 1-35
2022-08-25 09:31:04,943 INFO o.a.j.t.JMeterThread: Thread is done: Thread Group 1-36
2022-08-25 09:31:04,943 INFO o.a.j.t.JMeterThread: Thread finished: Thread Group 1-36
2022-08-25 09:31:07,472 INFO o.a.j.t.JMeterThread: Thread is done: Thread Group 1-20
2022-08-25 09:31:07,472 INFO o.a.j.t.JMeterThread: Thread finished: Thread Group 1-20
2022-08-25 09:31:13,548 INFO o.a.j.t.JMeterThread: Thread is done: Thread Group 1-8
2022-08-25 09:31:13,548 INFO o.a.j.t.JMeterThread: Thread finished: Thread Group 1-8
2022-08-25 09:31:15,080 INFO o.a.j.t.JMeterThread: Thread is done: Thread Group 1-19
2022-08-25 09:31:15,080 INFO o.a.j.t.JMeterThread: Thread finished: Thread Group 1-19
2022-08-25 09:31:15,276 INFO o.a.j.t.JMeterThread: Thread is done: Thread Group 1-2
2022-08-25 09:31:15,276 INFO o.a.j.t.JMeterThread: Thread finished: Thread Group 1-2
2022-08-25 09:31:15,927 INFO o.a.j.t.JMeterThread: Thread is done: Thread Group 1-45
2022-08-25 09:31:15,927 INFO o.a.j.t.JMeterThread: Thread finished: Thread Group 1-45
2022-08-25 09:31:15,951 INFO o.a.j.t.JMeterThread: Thread is done: Thread Group 1-11
2022-08-25 09:31:15,952 INFO o.a.j.t.JMeterThread: Thread finished: Thread Group 1-11
2022-08-25 09:31:15,980 INFO o.a.j.t.JMeterThread: Thread is done: Thread Group 1-30
2022-08-25 09:31:15,981 INFO o.a.j.t.JMeterThread: Thread finished: Thread Group 1-30
2022-08-25 09:31:16,270 INFO o.a.j.t.JMeterThread: Thread is done: Thread Group 1-22
2022-08-25 09:31:16,271 INFO o.a.j.t.JMeterThread: Thread finished: Thread Group 1-22
2022-08-25 09:31:16,306 INFO o.a.j.t.JMeterThread: Thread is done: Thread Group 1-33
2022-08-25 09:31:16,307 INFO o.a.j.t.JMeterThread: Thread finished: Thread Group 1-33
2022-08-25 09:31:16,509 INFO o.a.j.t.JMeterThread: Thread is done: Thread Group 1-14
2022-08-25 09:31:16,509 INFO o.a.j.t.JMeterThread: Thread finished: Thread Group 1-14
2022-08-25 09:31:16,643 INFO o.a.j.t.JMeterThread: Thread is done: Thread Group 1-40
2022-08-25 09:31:16,644 INFO o.a.j.t.JMeterThread: Thread finished: Thread Group 1-40
2022-08-25 09:31:16,684 INFO o.a.j.t.JMeterThread: Thread is done: Thread Group 1-23
2022-08-25 09:31:16,684 INFO o.a.j.t.JMeterThread: Thread finished: Thread Group 1-23
2022-08-25 09:31:16,694 INFO o.a.j.t.JMeterThread: Thread is done: Thread Group 1-12
2022-08-25 09:31:16,694 INFO o.a.j.t.JMeterThread: Thread finished: Thread Group 1-12
2022-08-25 09:31:16,834 INFO o.a.j.t.JMeterThread: Thread is done: Thread Group 1-48
2022-08-25 09:31:16,834 INFO o.a.j.t.JMeterThread: Thread finished: Thread Group 1-48
2022-08-25 09:31:16,930 INFO o.a.j.t.JMeterThread: Thread is done: Thread Group 1-7
2022-08-25 09:31:16,931 INFO o.a.j.t.JMeterThread: Thread finished: Thread Group 1-7
2022-08-25 09:31:17,228 INFO o.a.j.t.JMeterThread: Thread is done: Thread Group 1-13
2022-08-25 09:31:17,229 INFO o.a.j.t.JMeterThread: Thread finished: Thread Group 1-13
2022-08-25 09:31:17,284 INFO o.a.j.t.JMeterThread: Thread is done: Thread Group 1-21
2022-08-25 09:31:17,285 INFO o.a.j.t.JMeterThread: Thread finished: Thread Group 1-21
2022-08-25 09:31:17,417 INFO o.a.j.t.JMeterThread: Thread is done: Thread Group 1-28
2022-08-25 09:31:17,418 INFO o.a.j.t.JMeterThread: Thread finished: Thread Group 1-28
2022-08-25 09:31:17,446 INFO o.a.j.t.JMeterThread: Thread is done: Thread Group 1-5
2022-08-25 09:31:17,447 INFO o.a.j.t.JMeterThread: Thread finished: Thread Group 1-5
2022-08-25 09:31:17,702 INFO o.a.j.t.JMeterThread: Thread is done: Thread Group 1-4
2022-08-25 09:31:17,702 INFO o.a.j.t.JMeterThread: Thread finished: Thread Group 1-4
2022-08-25 09:31:18,087 INFO o.a.j.t.JMeterThread: Thread is done: Thread Group 1-31
2022-08-25 09:31:18,088 INFO o.a.j.t.JMeterThread: Thread finished: Thread Group 1-31
2022-08-25 09:31:20,350 INFO o.a.j.t.JMeterThread: Thread is done: Thread Group 1-43
2022-08-25 09:31:20,351 INFO o.a.j.t.JMeterThread: Thread finished: Thread Group 1-43
2022-08-25 09:31:20,369 INFO o.a.j.t.JMeterThread: Thread is done: Thread Group 1-37
2022-08-25 09:31:20,369 INFO o.a.j.t.JMeterThread: Thread finished: Thread Group 1-37
2022-08-25 09:31:20,373 INFO o.a.j.t.JMeterThread: Thread is done: Thread Group 1-47
2022-08-25 09:31:20,373 INFO o.a.j.t.JMeterThread: Thread finished: Thread Group 1-47
2022-08-25 09:31:20,605 INFO o.a.j.t.JMeterThread: Thread is done: Thread Group 1-50
2022-08-25 09:31:20,605 INFO o.a.j.t.JMeterThread: Thread finished: Thread Group 1-50
2022-08-25 09:31:20,607 INFO o.a.j.t.JMeterThread: Thread is done: Thread Group 1-6
2022-08-25 09:31:20,607 INFO o.a.j.t.JMeterThread: Thread finished: Thread Group 1-6
2022-08-25 09:31:20,627 INFO o.a.j.t.JMeterThread: Thread is done: Thread Group 1-18
2022-08-25 09:31:20,627 INFO o.a.j.t.JMeterThread: Thread finished: Thread Group 1-18
2022-08-25 09:31:20,631 INFO o.a.j.t.JMeterThread: Thread is done: Thread Group 1-24
2022-08-25 09:31:20,632 INFO o.a.j.t.JMeterThread: Thread finished: Thread Group 1-24
2022-08-25 09:31:21,380 INFO o.a.j.t.JMeterThread: Thread is done: Thread Group 1-38
2022-08-25 09:31:21,381 INFO o.a.j.t.JMeterThread: Thread finished: Thread Group 1-38
2022-08-25 09:31:21,448 INFO o.a.j.t.JMeterThread: Thread is done: Thread Group 1-39
2022-08-25 09:31:21,448 INFO o.a.j.t.JMeterThread: Thread finished: Thread Group 1-39
2022-08-25 09:31:21,544 INFO o.a.j.t.JMeterThread: Thread is done: Thread Group 1-41
2022-08-25 09:31:21,545 INFO o.a.j.t.JMeterThread: Thread finished: Thread Group 1-41
2022-08-25 09:31:21,673 INFO o.a.j.t.JMeterThread: Thread is done: Thread Group 1-26
2022-08-25 09:31:21,673 INFO o.a.j.t.JMeterThread: Thread finished: Thread Group 1-26
2022-08-25 09:31:21,792 INFO o.a.j.t.JMeterThread: Thread is done: Thread Group 1-9
2022-08-25 09:31:21,792 INFO o.a.j.t.JMeterThread: Thread finished: Thread Group 1-9
2022-08-25 09:31:21,962 INFO o.a.j.t.JMeterThread: Thread is done: Thread Group 1-49
2022-08-25 09:31:21,962 INFO o.a.j.t.JMeterThread: Thread finished: Thread Group 1-49
2022-08-25 09:31:22,002 INFO o.a.j.t.JMeterThread: Thread is done: Thread Group 1-25
2022-08-25 09:31:22,002 INFO o.a.j.t.JMeterThread: Thread finished: Thread Group 1-25
2022-08-25 09:31:22,300 INFO o.a.j.t.JMeterThread: Thread is done: Thread Group 1-32
2022-08-25 09:31:22,301 INFO o.a.j.t.JMeterThread: Thread finished: Thread Group 1-32
2022-08-25 09:31:22,765 INFO o.a.j.t.JMeterThread: Thread is done: Thread Group 1-42
2022-08-25 09:31:22,766 INFO o.a.j.t.JMeterThread: Thread finished: Thread Group 1-42
2022-08-25 09:31:22,924 INFO o.a.j.t.JMeterThread: Thread is done: Thread Group 1-44
2022-08-25 09:31:22,924 INFO o.a.j.t.JMeterThread: Thread finished: Thread Group 1-44
2022-08-25 09:31:23,109 INFO o.a.j.t.JMeterThread: Thread is done: Thread Group 1-27
2022-08-25 09:31:23,109 INFO o.a.j.t.JMeterThread: Thread finished: Thread Group 1-27
2022-08-25 09:31:23,381 INFO o.a.j.t.JMeterThread: Thread is done: Thread Group 1-10
2022-08-25 09:31:23,381 INFO o.a.j.t.JMeterThread: Thread finished: Thread Group 1-10
2022-08-25 09:31:23,439 INFO o.a.j.t.JMeterThread: Thread is done: Thread Group 1-17
2022-08-25 09:31:23,439 INFO o.a.j.t.JMeterThread: Thread finished: Thread Group 1-17
2022-08-25 09:31:24,334 INFO o.a.j.t.JMeterThread: Thread is done: Thread Group 1-1
2022-08-25 09:31:24,334 INFO o.a.j.t.JMeterThread: Thread finished: Thread Group 1-1
2022-08-25 09:31:27,506 INFO o.a.j.t.JMeterThread: Thread is done: Thread Group 1-3
2022-08-25 09:31:27,507 INFO o.a.j.t.JMeterThread: Thread finished: Thread Group 1-3
2022-08-25 09:31:32,143 INFO o.a.j.r.Summariser: summary +    541 in 00:00:32 =   16.8/s Avg:  2035 Min:    56 Max: 52219 Err:     0 (0.00%) Active: 2 Started: 50 Finished: 48
2022-08-25 09:31:32,145 INFO o.a.j.r.Summariser: summary =    941 in 00:01:10 =   13.4/s Avg:  2873 Min:    56 Max: 52219 Err:     0 (0.00%)
2022-08-25 09:31:33,401 INFO o.a.j.t.JMeterThread: Thread is done: Thread Group 1-16
2022-08-25 09:31:33,402 INFO o.a.j.t.JMeterThread: Thread finished: Thread Group 1-16
2022-08-25 09:31:44,586 INFO o.a.j.t.JMeterThread: Thread is done: Thread Group 1-15
2022-08-25 09:31:44,586 INFO o.a.j.t.JMeterThread: Thread finished: Thread Group 1-15
2022-08-25 09:31:44,586 INFO o.a.j.e.StandardJMeterEngine: Notifying test listeners of end of test
2022-08-25 09:31:44,588 INFO o.a.j.r.Summariser: summary +      9 in 00:00:12 =    0.7/s Avg:  1983 Min:    58 Max: 10962 Err:     0 (0.00%) Active: 0 Started: 50 Finished: 50
2022-08-25 09:31:44,588 INFO o.a.j.r.Summariser: summary =    950 in 00:01:23 =   11.5/s Avg:  2865 Min:    56 Max: 52219 Err:     0 (0.00%)
