2022-08-13 10:48:42,233 [INFO] root consoleworker.py:434	Log file created
2022-08-13 10:48:42,233 [INFO] root consoleworker.py:438	Logging handler <logging.FileHandler object at 0x7f40363b3c50> added
2022-08-13 10:48:42,233 [INFO] root consoleworker.py:438	Logging handler <logging.StreamHandler object at 0x7f40363fb890> added
2022-08-13 10:48:42,233 [INFO] root consoleworker.py:438	Logging handler <logging.StreamHandler object at 0x7f403639fa90> added
2022-08-13 10:48:42,234 [INFO] root consoleworker.py:373	Created a folder for the test. /var/loadtest/logs/2022-08-13_10-48-42.156593
2022-08-13 10:48:42,234 [INFO] yandextank.core.tankcore tankcore.py:237	Configuring plugins...
2022-08-13 10:48:42,234 [INFO] yandextank.core.tankcore tankcore.py:190	Loading plugins...
2022-08-13 10:48:42,234 [DEBUG] yandextank.core.tankcore tankcore.py:192	Loading plugin phantom from yandextank.plugins.Phantom
2022-08-13 10:48:42,234 [DEBUG] yandextank.core.tankcore tankcore.py:192	Loading plugin rcheck from yandextank.plugins.ResourceCheck
2022-08-13 10:48:42,235 [DEBUG] yandextank.core.tankcore tankcore.py:192	Loading plugin json_report from yandextank.plugins.JsonReport
2022-08-13 10:48:42,235 [DEBUG] yandextank.core.tankcore tankcore.py:192	Loading plugin overload from yandextank.plugins.DataUploader
2022-08-13 10:48:42,235 [DEBUG] yandextank.core.tankcore tankcore.py:192	Loading plugin rcassert from yandextank.plugins.RCAssert
2022-08-13 10:48:42,235 [DEBUG] yandextank.core.tankcore tankcore.py:192	Loading plugin console from yandextank.plugins.Console
2022-08-13 10:48:42,235 [DEBUG] yandextank.core.tankcore tankcore.py:192	Loading plugin shellexec from yandextank.plugins.ShellExec
2022-08-13 10:48:42,235 [DEBUG] yandextank.core.tankcore tankcore.py:192	Loading plugin autostop from yandextank.plugins.Autostop
2022-08-13 10:48:42,236 [DEBUG] yandextank.core.tankcore tankcore.py:212	Plugin instances: {'plugin_phantom': <yandextank.plugins.Phantom.plugin.Plugin object at 0x7f40360e8810>, 'plugin_autostop': <yandextank.plugins.Autostop.plugin.Plugin object at 0x7f40360fbf10>, 'plugin_shellexec': <yandextank.plugins.ShellExec.plugin.Plugin object at 0x7f40360fb3d0>, 'plugin_console': <yandextank.plugins.Console.plugin.Plugin object at 0x7f40360fbbd0>, 'plugin_rcassert': <yandextank.plugins.RCAssert.plugin.Plugin object at 0x7f40360fb490>, 'plugin_rcheck': <yandextank.plugins.ResourceCheck.plugin.Plugin object at 0x7f40360e8bd0>, 'plugin_overload': <yandextank.plugins.DataUploader.plugin.Plugin object at 0x7f40360e8e10>, 'plugin_json_report': <yandextank.plugins.JsonReport.plugin.Plugin object at 0x7f40360e8f50>}
2022-08-13 10:48:42,236 [DEBUG] yandextank.core.tankcore tankcore.py:244	Configuring <yandextank.plugins.Phantom.plugin.Plugin object at 0x7f40360e8810>
2022-08-13 10:48:42,236 [DEBUG] yandextank.core.tankcore tankcore.py:391	Searching for plugin: <class 'yandextank.plugins.Autostop.plugin.Plugin'>
2022-08-13 10:48:42,237 [DEBUG] yandextank.core.tankcore tankcore.py:446	Adding artifact file to collect (keep=False): /var/loadtest/logs/2022-08-13_10-48-42.156593/answ_cel29D.log
2022-08-13 10:48:42,237 [DEBUG] yandextank.core.tankcore tankcore.py:446	Adding artifact file to collect (keep=False): /var/loadtest/logs/2022-08-13_10-48-42.156593/phout_DJrkJc.log
2022-08-13 10:48:42,237 [DEBUG] yandextank.core.tankcore tankcore.py:446	Adding artifact file to collect (keep=False): /var/loadtest/logs/2022-08-13_10-48-42.156593/phantom_stat_fUUnmq.log
2022-08-13 10:48:42,237 [DEBUG] yandextank.core.tankcore tankcore.py:446	Adding artifact file to collect (keep=False): /var/loadtest/logs/2022-08-13_10-48-42.156593/phantom_AZfpsy.log
2022-08-13 10:48:42,237 [DEBUG] yandextank.common.util util.py:479	Trying to resolve address string: 127.0.0.1:8000
2022-08-13 10:48:42,239 [DEBUG] yandextank.common.util util.py:516	Parsing port
2022-08-13 10:48:42,240 [DEBUG] yandextank.common.util util.py:527	Lookup result: [(2, 1, 6, '', ('127.0.0.1', 8000)), (2, 2, 17, '', ('127.0.0.1', 8000)), (2, 3, 0, '', ('127.0.0.1', 8000))]
2022-08-13 10:48:42,240 [INFO] yandextank.common.util util.py:546	Testing connection to resolved address 127.0.0.1 and port 8000
2022-08-13 10:48:42,240 [INFO] yandextank.plugins.Phantom.utils utils.py:278	Resolved 127.0.0.1 into 127.0.0.1:8000
2022-08-13 10:48:42,241 [INFO] yandextank.stepper.main main.py:161	Configuring StepperWrapper...
2022-08-13 10:48:42,241 [DEBUG] yandextank.stepper.main main.py:140	Option ammofile = 
2022-08-13 10:48:42,241 [DEBUG] yandextank.stepper.main main.py:140	Option ammo_type = phantom
2022-08-13 10:48:42,241 [DEBUG] yandextank.stepper.main main.py:140	Option loop = -1
2022-08-13 10:48:42,241 [DEBUG] yandextank.stepper.main main.py:140	Option ammo_limit = -1
2022-08-13 10:48:42,241 [DEBUG] yandextank.stepper.main main.py:140	Option load_profile = {'load_type': 'rps', 'schedule': 'line(5, 30, 1m)'}
2022-08-13 10:48:42,241 [DEBUG] yandextank.stepper.main main.py:140	Option instances = 1000
2022-08-13 10:48:42,241 [DEBUG] yandextank.stepper.main main.py:140	Option uris = ['/']
2022-08-13 10:48:42,242 [DEBUG] yandextank.stepper.main main.py:140	Option headers = ['[Host: 127.0.0.1:8000]', '[Connection: close]']
2022-08-13 10:48:42,242 [DEBUG] yandextank.stepper.main main.py:140	Option header_http = 1.1
2022-08-13 10:48:42,242 [DEBUG] yandextank.stepper.main main.py:140	Option autocases = 0
2022-08-13 10:48:42,242 [DEBUG] yandextank.stepper.main main.py:140	Option enum_ammo = False
2022-08-13 10:48:42,242 [DEBUG] yandextank.stepper.main main.py:140	Option use_caching = True
2022-08-13 10:48:42,242 [DEBUG] yandextank.stepper.main main.py:140	Option file_cache = 8192
2022-08-13 10:48:42,242 [DEBUG] yandextank.stepper.main main.py:140	Option cache_dir = None
2022-08-13 10:48:42,242 [DEBUG] yandextank.stepper.main main.py:140	Option force_stepping = 0
2022-08-13 10:48:42,242 [DEBUG] yandextank.stepper.main main.py:140	Option load_profile = {'load_type': 'rps', 'schedule': 'line(5, 30, 1m)'}
2022-08-13 10:48:42,242 [DEBUG] yandextank.stepper.main main.py:140	Option chosen_cases = 
2022-08-13 10:48:42,242 [DEBUG] yandextank.stepper.main main.py:269	stpd-hash source: cache version 6|line(5, 30, 1m)|-1|-1|line(5, 30, 1m)|0|/|[Host: 127.0.0.1:8000];[Connection: close]|1.1||False|phantom|/|[Host: 127.0.0.1:8000];[Connection: close]
2022-08-13 10:48:42,242 [DEBUG] yandextank.stepper.main main.py:278	Generated cache file name: /var/loadtest/logs/_9447a599bd2c847255cfe49db45ec2b4.stpd
2022-08-13 10:48:42,243 [INFO] yandextank.stepper.main main.py:215	Using cached stpd-file: /var/loadtest/logs/_9447a599bd2c847255cfe49db45ec2b4.stpd
2022-08-13 10:48:42,243 [DEBUG] yandextank.stepper.main main.py:285	Reading cached stepper info: /var/loadtest/logs/_9447a599bd2c847255cfe49db45ec2b4.stpd_si.json
2022-08-13 10:48:42,243 [INFO] yandextank.stepper.main main.py:220	rps_schedule is set. Overriding cached instances param from config: 1000
2022-08-13 10:48:42,244 [DEBUG] yandextank.stepper.info info.py:43	Published [u'line(5, 30, 1m)'] to loadscheme
2022-08-13 10:48:42,244 [DEBUG] yandextank.stepper.info info.py:43	Published 1049 to loop_count
2022-08-13 10:48:42,244 [DEBUG] yandextank.stepper.info info.py:43	Published [[5.0, 2], [6.0, 2], [7.0, 2], [8.0, 3], [9.0, 2], [10.0, 3], [11.0, 2], [12.0, 2], [13.0, 3], [14.0, 2], [15.0, 3], [16.0, 2], [17.0, 2], [18.0, 3], [19.0, 2], [20.0, 3], [21.0, 2], [22.0, 2], [23.0, 3], [24.0, 2], [25.0, 3], [26.0, 2], [27.0, 2], [28.0, 3], [29.0, 2], [30.0, 2]] to steps
2022-08-13 10:48:42,244 [DEBUG] yandextank.stepper.info info.py:43	Published 60 to duration
2022-08-13 10:48:42,244 [DEBUG] yandextank.stepper.info info.py:43	Published 1000 to instances
2022-08-13 10:48:42,245 [DEBUG] yandextank.core.tankcore tankcore.py:446	Adding artifact file to collect (keep=False): /var/loadtest/logs/2022-08-13_10-48-42.156593/phantom_SjcxoD.conf
2022-08-13 10:48:42,245 [DEBUG] yandextank.plugins.Phantom.utils utils.py:128	Generating phantom config: /var/loadtest/logs/2022-08-13_10-48-42.156593/phantom_SjcxoD.conf
2022-08-13 10:48:42,246 [DEBUG] yandextank.core.tankcore tankcore.py:244	Configuring <yandextank.plugins.Autostop.plugin.Plugin object at 0x7f40360fbf10>
2022-08-13 10:48:42,246 [DEBUG] yandextank.core.tankcore tankcore.py:391	Searching for plugin: <class 'yandextank.common.interfaces.GeneratorPlugin'>
2022-08-13 10:48:42,247 [DEBUG] yandextank.core.tankcore tankcore.py:244	Configuring <yandextank.plugins.ShellExec.plugin.Plugin object at 0x7f40360fb3d0>
2022-08-13 10:48:42,247 [DEBUG] yandextank.core.tankcore tankcore.py:244	Configuring <yandextank.plugins.Console.plugin.Plugin object at 0x7f40360fbbd0>
2022-08-13 10:48:42,248 [DEBUG] yandextank.core.tankcore tankcore.py:244	Configuring <yandextank.plugins.RCAssert.plugin.Plugin object at 0x7f40360fb490>
2022-08-13 10:48:42,248 [DEBUG] yandextank.core.tankcore tankcore.py:244	Configuring <yandextank.plugins.ResourceCheck.plugin.Plugin object at 0x7f40360e8bd0>
2022-08-13 10:48:42,248 [DEBUG] yandextank.core.tankcore tankcore.py:244	Configuring <yandextank.plugins.DataUploader.plugin.Plugin object at 0x7f40360e8e10>
2022-08-13 10:48:42,249 [DEBUG] yandextank.core.tankcore tankcore.py:244	Configuring <yandextank.plugins.JsonReport.plugin.Plugin object at 0x7f40360e8f50>
2022-08-13 10:48:42,249 [INFO] yandextank.core.tankcore tankcore.py:249	Preparing test...
2022-08-13 10:48:42,249 [DEBUG] yandextank.core.tankcore tankcore.py:253	Preparing <yandextank.plugins.Phantom.plugin.Plugin object at 0x7f40360e8810>
2022-08-13 10:48:42,249 [DEBUG] netort.process process.py:23	Starting: ['phantom', 'check', '/var/loadtest/logs/2022-08-13_10-48-42.156593/phantom_SjcxoD.conf']
2022-08-13 10:48:42,909 [DEBUG] netort.process process.py:46	Process output:
setup_t module_setup = setup_module_t {
  dir = "/usr/lib/phantom"
  list = {
    io_monitor
    io_benchmark
    io_benchmark_method_stream
    io_benchmark_method_stream_ipv4
    io_benchmark_method_stream_ipv6
    io_benchmark_method_stream_source_log
    io_benchmark_method_stream_proto_none
    io_benchmark_method_stream_proto_http
  }
}
setup_t stat_setup = setup_stat_t {
  list = {
    default
  }
}
scheduler_t main_scheduler = scheduler_simple_t {
  threads = 3
  limit = unlimited
  event_buf_size = 20
  timeout_prec = 001
  tname = ""
  policy = other
  priority = 0
}
logger_t phantom_logger = logger_file_t {
  level = info
  filename = "/var/loadtest/logs/2022-08-13_10-48-42.156593/phantom_AZfpsy.log"
  check_interval = 1s
  scheduler = main_scheduler
}
logger = phantom_logger
io_t benchmark_io = io_benchmark_t {
  instances = 1000
  method_t stream_method = method_stream_ipv4_t {
    address = 127.0.0.1
    port = 8000
    bind = {
    }
    cork = true
    timeout = 11s
    ibuf_size = 4K
    obuf_size = 1K
    source_t source_log = source_log_t {
      filename = "/var/loadtest/logs/_9447a599bd2c847255cfe49db45ec2b4.stpd"
      ibuf_size = 1M
    }
    source = source_log
    transport = NULL
    proto_t http_proto0 = proto_http_t {
      reply_limits = {
        line = 1K
        field_num = 128
        field = 8K
        entity = 8M
      }
    }
    proto_t none_proto = proto_none_t {
    }
    proto = http_proto0
    logger_t benchmark_logger = logger_default_t {
      filename = "/var/loadtest/logs/2022-08-13_10-48-42.156593/answ_cel29D.log"
      check_interval = 1s
      scheduler = main_scheduler
      level = all
    }
    logger_t brief_logger = logger_brief_t {
      time_format = unix
      filename = "/var/loadtest/logs/2022-08-13_10-48-42.156593/phout_DJrkJc.log"
      check_interval = 1s
      scheduler = main_scheduler
      level = all
    }
    loggers = {
      brief_logger
    }
  }
  method = stream_method
  times_t simple_times = times_simple_t {
    max = 11s
    min = 001
    steps = 20
  }
  times = simple_times
  scheduler = main_scheduler
}
io_t monitor_io = io_monitor_t {
  clear = true
  period = 1s
  list = {
    main_scheduler
    benchmark_io
  }
  stat_id = default
  filename = "/var/loadtest/logs/2022-08-13_10-48-42.156593/phantom_stat_fUUnmq.log"
  check_interval = 1s
  scheduler = main_scheduler
}

2022-08-13 10:48:42,910 [DEBUG] netort.process process.py:48	Process exit code: 0
2022-08-13 10:48:42,910 [DEBUG] yandextank.plugins.Phantom.plugin plugin.py:116	Linking sample reader to aggregator. Reading samples from /var/loadtest/logs/2022-08-13_10-48-42.156593/phout_DJrkJc.log
2022-08-13 10:48:42,910 [DEBUG] yandextank.plugins.Phantom.plugin plugin.py:120	Linking stats reader to aggregator. Reading stats from /var/loadtest/logs/2022-08-13_10-48-42.156593/phantom_stat_fUUnmq.log
2022-08-13 10:48:42,911 [DEBUG] yandextank.plugins.Phantom.utils utils.py:158	Steps: [[5.0, 2], [6.0, 2], [7.0, 2], [8.0, 3], [9.0, 2], [10.0, 3], [11.0, 2], [12.0, 2], [13.0, 3], [14.0, 2], [15.0, 3], [16.0, 2], [17.0, 2], [18.0, 3], [19.0, 2], [20.0, 3], [21.0, 2], [22.0, 2], [23.0, 3], [24.0, 2], [25.0, 3], [26.0, 2], [27.0, 2], [28.0, 3], [29.0, 2], [30.0, 2]]
2022-08-13 10:48:42,911 [DEBUG] yandextank.core.tankcore tankcore.py:391	Searching for plugin: <class 'yandextank.plugins.Console.plugin.Plugin'>
2022-08-13 10:48:42,911 [DEBUG] yandextank.plugins.Phantom.utils utils.py:158	Steps: [[5.0, 2], [6.0, 2], [7.0, 2], [8.0, 3], [9.0, 2], [10.0, 3], [11.0, 2], [12.0, 2], [13.0, 3], [14.0, 2], [15.0, 3], [16.0, 2], [17.0, 2], [18.0, 3], [19.0, 2], [20.0, 3], [21.0, 2], [22.0, 2], [23.0, 3], [24.0, 2], [25.0, 3], [26.0, 2], [27.0, 2], [28.0, 3], [29.0, 2], [30.0, 2]]
2022-08-13 10:48:42,912 [DEBUG] yandextank.core.tankcore tankcore.py:253	Preparing <yandextank.plugins.Autostop.plugin.Plugin object at 0x7f40360fbf10>
2022-08-13 10:48:42,912 [DEBUG] yandextank.common.interfaces plugin.py:74	Criterion string: http(5xx,10%,5s)
2022-08-13 10:48:42,913 [DEBUG] yandextank.common.interfaces plugin.py:78	Criterion objects: {'http(5xx,10%,5s)': <yandextank.plugins.Autostop.criterions.HTTPCodesCriterion object at 0x7f40360fbd90>}
2022-08-13 10:48:42,913 [DEBUG] yandextank.core.tankcore tankcore.py:391	Searching for plugin: <class 'yandextank.plugins.Console.plugin.Plugin'>
2022-08-13 10:48:42,913 [DEBUG] yandextank.core.tankcore tankcore.py:253	Preparing <yandextank.plugins.ShellExec.plugin.Plugin object at 0x7f40360fb3d0>
2022-08-13 10:48:42,913 [DEBUG] yandextank.core.tankcore tankcore.py:253	Preparing <yandextank.plugins.Console.plugin.Plugin object at 0x7f40360fbbd0>
2022-08-13 10:48:42,913 [DEBUG] yandextank.core.tankcore tankcore.py:253	Preparing <yandextank.plugins.RCAssert.plugin.Plugin object at 0x7f40360fb490>
2022-08-13 10:48:42,914 [DEBUG] yandextank.core.tankcore tankcore.py:253	Preparing <yandextank.plugins.ResourceCheck.plugin.Plugin object at 0x7f40360e8bd0>
2022-08-13 10:48:42,914 [INFO] yandextank.common.interfaces plugin.py:39	Checking tank resources...
2022-08-13 10:48:42,914 [DEBUG] netort.process process.py:23	Starting: sh -c "df --no-sync -m -P -l -x fuse -x tmpfs -x devtmpfs -x davfs -x nfs /var/loadtest/logs | tail -n 1 | awk '{print \$4}' "
2022-08-13 10:48:43,492 [DEBUG] netort.process process.py:46	Process output:
28266

2022-08-13 10:48:43,492 [DEBUG] netort.process process.py:48	Process exit code: 0
2022-08-13 10:48:43,492 [DEBUG] root plugin.py:58	Result: (0, '28266\n', '')
2022-08-13 10:48:43,492 [DEBUG] yandextank.common.interfaces plugin.py:64	Disk free space: 28266/2048
2022-08-13 10:48:43,493 [DEBUG] yandextank.common.interfaces plugin.py:75	Memory free: 2296/512
2022-08-13 10:48:43,493 [DEBUG] yandextank.core.tankcore tankcore.py:253	Preparing <yandextank.plugins.DataUploader.plugin.Plugin object at 0x7f40360e8e10>
2022-08-13 10:48:43,493 [INFO] root plugin.py:523	Using OVERLOAD backend
2022-08-13 10:48:43,493 [DEBUG] yandextank.plugins.DataUploader.plugin plugin.py:618	Trying to read token from token.txt
2022-08-13 10:48:43,494 [INFO] yandextank.plugins.DataUploader.plugin plugin.py:624	Read authentication token from token.txt, token length is 32 bytes
2022-08-13 10:48:43,511 [INFO] yandextank.plugins.DataUploader.client client.py:59	Proxy not set
2022-08-13 10:48:43,511 [INFO] yandextank.plugins.DataUploader.plugin plugin.py:647	Detected target: 127.0.0.1
2022-08-13 10:48:43,521 [DEBUG] yandextank.plugins.DataUploader.client client.py:336	Job create request: {'person': 'root', 'host': '127.0.0.1', 'task': '', 'tank': 'ubuntu', 'notify': [], 'loadscheme': [u'line(5, 30, 1m)'], 'detailed_time': None, 'port': 8000}
2022-08-13 10:48:43,524 [DEBUG] urllib3.connectionpool connectionpool.py:813	Starting new HTTPS connection (1): overload.yandex.net:443
2022-08-13 10:48:43,941 [DEBUG] urllib3.connectionpool connectionpool.py:393	https://overload.yandex.net:443 "POST /api/job/create.json?api_token=468e142f8ae64ca09d4691f5756dce51 HTTP/1.1" 200 None
2022-08-13 10:48:43,942 [INFO] yandextank.plugins.DataUploader.plugin plugin.py:789	Job created: 542527
2022-08-13 10:48:43,943 [DEBUG] yandextank.plugins.DataUploader.client client.py:642	Sending configinitial config
2022-08-13 10:48:44,061 [DEBUG] urllib3.connectionpool connectionpool.py:393	https://overload.yandex.net:443 "POST /api/job/542527/configinitial.txt?api_token=468e142f8ae64ca09d4691f5756dce51 HTTP/1.1" 200 16
2022-08-13 10:48:44,063 [INFO] yandextank.plugins.DataUploader.plugin plugin.py:485	Locking targets: ['127.0.0.1']
2022-08-13 10:48:44,063 [INFO] yandextank.plugins.DataUploader.plugin plugin.py:487	Locked targets: ['127.0.0.1']
2022-08-13 10:48:44,067 [DEBUG] yandextank.common.interfaces interfaces.py:101	Publishing status: Plugin/job_no: 542527
2022-08-13 10:48:44,232 [DEBUG] urllib3.connectionpool connectionpool.py:393	https://overload.yandex.net:443 "POST /api/job/542527/edit.json?api_token=468e142f8ae64ca09d4691f5756dce51 HTTP/1.1" 200 19
2022-08-13 10:48:44,234 [DEBUG] yandextank.core.tankcore tankcore.py:391	Searching for plugin: <class 'yandextank.plugins.Console.plugin.Plugin'>
2022-08-13 10:48:44,234 [DEBUG] yandextank.plugins.DataUploader.client client.py:642	Sending configinitial config
2022-08-13 10:48:44,392 [DEBUG] urllib3.connectionpool connectionpool.py:393	https://overload.yandex.net:443 "POST /api/job/542527/configinitial.txt?api_token=468e142f8ae64ca09d4691f5756dce51 HTTP/1.1" 200 16
2022-08-13 10:48:44,393 [DEBUG] yandextank.plugins.DataUploader.client client.py:642	Sending configinfo config
2022-08-13 10:48:44,497 [DEBUG] urllib3.connectionpool connectionpool.py:393	https://overload.yandex.net:443 "POST /api/job/542527/configinfo.txt?api_token=468e142f8ae64ca09d4691f5756dce51 HTTP/1.1" 200 16
2022-08-13 10:48:44,498 [DEBUG] yandextank.core.tankcore tankcore.py:253	Preparing <yandextank.plugins.JsonReport.plugin.Plugin object at 0x7f40360e8f50>
2022-08-13 10:48:44,498 [INFO] yandextank.core.tankcore tankcore.py:259	Starting test...
2022-08-13 10:48:44,498 [DEBUG] yandextank.plugins.Phantom.utils utils.py:158	Steps: [[5.0, 2], [6.0, 2], [7.0, 2], [8.0, 3], [9.0, 2], [10.0, 3], [11.0, 2], [12.0, 2], [13.0, 3], [14.0, 2], [15.0, 3], [16.0, 2], [17.0, 2], [18.0, 3], [19.0, 2], [20.0, 3], [21.0, 2], [22.0, 2], [23.0, 3], [24.0, 2], [25.0, 3], [26.0, 2], [27.0, 2], [28.0, 3], [29.0, 2], [30.0, 2]]
2022-08-13 10:48:44,501 [INFO] yandextank.aggregator.tank_aggregator tank_aggregator.py:63	using verbose histogram
2022-08-13 10:48:44,506 [DEBUG] yandextank.core.tankcore tankcore.py:263	Starting <yandextank.plugins.Phantom.plugin.Plugin object at 0x7f40360e8810>
2022-08-13 10:48:44,506 [DEBUG] yandextank.plugins.Phantom.plugin plugin.py:144	Starting phantom with arguments: ['phantom', 'run', '/var/loadtest/logs/2022-08-13_10-48-42.156593/phantom_SjcxoD.conf']
2022-08-13 10:48:44,507 [DEBUG] yandextank.core.tankcore tankcore.py:446	Adding artifact file to collect (keep=False): /var/loadtest/logs/2022-08-13_10-48-42.156593/phantom_stdout_stderr_BD8CIX.log
2022-08-13 10:48:45,115 [INFO] yandextank.core.tankcore tankcore.py:267	Plugin <yandextank.plugins.Phantom.plugin.Plugin object at 0x7f40360e8810> required 0.608658 seconds to start
2022-08-13 10:48:45,116 [DEBUG] yandextank.core.tankcore tankcore.py:263	Starting <yandextank.plugins.Autostop.plugin.Plugin object at 0x7f40360fbf10>
2022-08-13 10:48:45,116 [INFO] yandextank.core.tankcore tankcore.py:267	Plugin <yandextank.plugins.Autostop.plugin.Plugin object at 0x7f40360fbf10> required 0.000017 seconds to start
2022-08-13 10:48:45,116 [DEBUG] yandextank.core.tankcore tankcore.py:263	Starting <yandextank.plugins.ShellExec.plugin.Plugin object at 0x7f40360fb3d0>
2022-08-13 10:48:45,117 [INFO] yandextank.core.tankcore tankcore.py:267	Plugin <yandextank.plugins.ShellExec.plugin.Plugin object at 0x7f40360fb3d0> required 0.000015 seconds to start
2022-08-13 10:48:45,117 [DEBUG] yandextank.core.tankcore tankcore.py:263	Starting <yandextank.plugins.Console.plugin.Plugin object at 0x7f40360fbbd0>
2022-08-13 10:48:45,117 [INFO] yandextank.core.tankcore tankcore.py:267	Plugin <yandextank.plugins.Console.plugin.Plugin object at 0x7f40360fbbd0> required 0.000003 seconds to start
2022-08-13 10:48:45,117 [DEBUG] yandextank.core.tankcore tankcore.py:263	Starting <yandextank.plugins.RCAssert.plugin.Plugin object at 0x7f40360fb490>
2022-08-13 10:48:45,117 [INFO] yandextank.core.tankcore tankcore.py:267	Plugin <yandextank.plugins.RCAssert.plugin.Plugin object at 0x7f40360fb490> required 0.000008 seconds to start
2022-08-13 10:48:45,118 [DEBUG] yandextank.core.tankcore tankcore.py:263	Starting <yandextank.plugins.ResourceCheck.plugin.Plugin object at 0x7f40360e8bd0>
2022-08-13 10:48:45,118 [INFO] yandextank.core.tankcore tankcore.py:267	Plugin <yandextank.plugins.ResourceCheck.plugin.Plugin object at 0x7f40360e8bd0> required 0.000001 seconds to start
2022-08-13 10:48:45,118 [DEBUG] yandextank.core.tankcore tankcore.py:263	Starting <yandextank.plugins.DataUploader.plugin.Plugin object at 0x7f40360e8e10>
2022-08-13 10:48:45,119 [INFO] yandextank.plugins.DataUploader.plugin plugin.py:394	Status sender thread started
2022-08-13 10:48:45,120 [INFO] yandextank.plugins.DataUploader.plugin plugin.py:413	Data Uploader thread started
2022-08-13 10:48:45,120 [INFO] yandextank.plugins.DataUploader.plugin plugin.py:413	Monitoring Uploader thread started
2022-08-13 10:48:45,121 [INFO] yandextank.plugins.DataUploader.plugin plugin.py:298	Web link: https://overload.yandex.net/542527
2022-08-13 10:48:45,122 [DEBUG] yandextank.common.interfaces interfaces.py:101	Publishing status: Plugin/jobno: 542527
2022-08-13 10:48:45,122 [DEBUG] yandextank.common.interfaces interfaces.py:101	Publishing status: Plugin/web_link: https://overload.yandex.net/542527
2022-08-13 10:48:45,122 [DEBUG] yandextank.plugins.DataUploader.plugin plugin.py:305	Saving jobno to: jobno_file.txt
2022-08-13 10:48:45,123 [DEBUG] yandextank.core.tankcore tankcore.py:446	Adding artifact file to collect (keep=False): jobno_file.txt
2022-08-13 10:48:45,123 [DEBUG] yandextank.plugins.DataUploader.client client.py:642	Sending configinitial config
2022-08-13 10:48:45,287 [DEBUG] urllib3.connectionpool connectionpool.py:393	https://overload.yandex.net:443 "POST /api/job/542527/configinitial.txt?api_token=468e142f8ae64ca09d4691f5756dce51 HTTP/1.1" 200 16
2022-08-13 10:48:45,288 [DEBUG] yandextank.plugins.DataUploader.client client.py:642	Sending configinfo config
2022-08-13 10:48:45,418 [DEBUG] urllib3.connectionpool connectionpool.py:393	https://overload.yandex.net:443 "POST /api/job/542527/configinfo.txt?api_token=468e142f8ae64ca09d4691f5756dce51 HTTP/1.1" 200 16
2022-08-13 10:48:45,419 [INFO] yandextank.core.tankcore tankcore.py:267	Plugin <yandextank.plugins.DataUploader.plugin.Plugin object at 0x7f40360e8e10> required 0.300660 seconds to start
2022-08-13 10:48:45,419 [DEBUG] yandextank.core.tankcore tankcore.py:263	Starting <yandextank.plugins.JsonReport.plugin.Plugin object at 0x7f40360e8f50>
2022-08-13 10:48:45,420 [INFO] yandextank.core.tankcore tankcore.py:267	Plugin <yandextank.plugins.JsonReport.plugin.Plugin object at 0x7f40360e8f50> required 0.000003 seconds to start
2022-08-13 10:48:45,420 [INFO] yandextank.core.tankcore tankcore.py:274	Waiting for test to finish...
2022-08-13 10:48:45,420 [INFO] yandextank.core.tankcore tankcore.py:275	Artifacts dir: /var/loadtest/logs/2022-08-13_10-48-42.156593
2022-08-13 10:48:45,420 [DEBUG] yandextank.aggregator.tank_aggregator tank_aggregator.py:87	Data timestamps: []
2022-08-13 10:48:45,420 [DEBUG] yandextank.aggregator.tank_aggregator tank_aggregator.py:88	Stats timestamps: []
2022-08-13 10:48:45,420 [DEBUG] yandextank.core.tankcore tankcore.py:286	Polling <yandextank.plugins.Phantom.plugin.Plugin object at 0x7f40360e8810>
2022-08-13 10:48:45,421 [DEBUG] yandextank.common.interfaces interfaces.py:101	Publishing status: Plugin/eta: 59
2022-08-13 10:48:45,421 [DEBUG] yandextank.core.tankcore tankcore.py:286	Polling <yandextank.plugins.Autostop.plugin.Plugin object at 0x7f40360fbf10>
2022-08-13 10:48:45,421 [DEBUG] yandextank.core.tankcore tankcore.py:286	Polling <yandextank.plugins.ShellExec.plugin.Plugin object at 0x7f40360fb3d0>
2022-08-13 10:48:45,421 [DEBUG] yandextank.core.tankcore tankcore.py:286	Polling <yandextank.plugins.Console.plugin.Plugin object at 0x7f40360fbbd0>
2022-08-13 10:48:45,422 [DEBUG] yandextank.plugins.Console.screen screen.py:389	Terminal size: 80x24
2022-08-13 10:48:45,422 [DEBUG] yandextank.plugins.Console.screen screen.py:401	Left/right panels width: 51/24
2022-08-13 10:48:45,422 [DEBUG] yandextank.plugins.Console.screen screen.py:406	There are 4 info widgets
2022-08-13 10:48:45,422 [DEBUG] yandextank.plugins.Console.screen screen.py:410	Rendering info widget #0: <yandextank.plugins.Phantom.widget.PhantomProgressBarWidget object at 0x7f40360fbb90>
2022-08-13 10:48:45,422 [DEBUG] yandextank.plugins.Console.screen screen.py:410	Rendering info widget #1: <yandextank.plugins.DataUploader.plugin.JobInfoWidget object at 0x7f40360e8d50>
2022-08-13 10:48:45,423 [DEBUG] yandextank.plugins.Console.screen screen.py:410	Rendering info widget #2: <yandextank.plugins.Phantom.widget.PhantomInfoWidget object at 0x7f40360fbf50>
2022-08-13 10:48:45,423 [DEBUG] yandextank.plugins.Console.screen screen.py:410	Rendering info widget #25: <yandextank.plugins.Autostop.plugin.AutostopWidget object at 0x7f40360fb510>
2022-08-13 10:48:45,423 [DEBUG] yandextank.plugins.Console.screen screen.py:367	Rendering left blocks
2022-08-13 10:48:45,425 [DEBUG] yandextank.plugins.Console.screen screen.py:418	Composing final screen output
2022-08-13 10:48:45,425 [DEBUG] yandextank.core.tankcore tankcore.py:286	Polling <yandextank.plugins.RCAssert.plugin.Plugin object at 0x7f40360fb490>
2022-08-13 10:48:45,426 [DEBUG] yandextank.core.tankcore tankcore.py:286	Polling <yandextank.plugins.ResourceCheck.plugin.Plugin object at 0x7f40360e8bd0>
2022-08-13 10:48:45,426 [DEBUG] yandextank.plugins.Console.plugin plugin.py:73	Writing console view to STDOUT
2022-08-13 10:48:45,426 [DEBUG] yandextank.common.interfaces plugin.py:44	Checking tank resources...
2022-08-13 10:48:45,426 [DEBUG] netort.process process.py:23	Starting: sh -c "df --no-sync -m -P -l -x fuse -x tmpfs -x devtmpfs -x davfs -x nfs /var/loadtest/logs | tail -n 1 | awk '{print \$4}' "
2022-08-13 10:48:45,566 [DEBUG] yandextank.plugins.Phantom.reader reader.py:62	Chunk decode time: 59.57ms
2022-08-13 10:48:46,049 [DEBUG] netort.process process.py:46	Process output:
28266

2022-08-13 10:48:46,049 [DEBUG] netort.process process.py:48	Process exit code: 0
2022-08-13 10:48:46,049 [DEBUG] root plugin.py:58	Result: (0, '28266\n', '')
2022-08-13 10:48:46,049 [DEBUG] yandextank.common.interfaces plugin.py:64	Disk free space: 28266/2048
2022-08-13 10:48:46,050 [DEBUG] yandextank.common.interfaces plugin.py:75	Memory free: 2287/512
2022-08-13 10:48:46,050 [DEBUG] yandextank.core.tankcore tankcore.py:286	Polling <yandextank.plugins.DataUploader.plugin.Plugin object at 0x7f40360e8e10>
2022-08-13 10:48:46,050 [DEBUG] yandextank.core.tankcore tankcore.py:286	Polling <yandextank.plugins.JsonReport.plugin.Plugin object at 0x7f40360e8f50>
2022-08-13 10:48:46,050 [DEBUG] yandextank.core.tankcore tankcore.py:292	Polling took 0.629805803299
2022-08-13 10:48:46,050 [DEBUG] yandextank.core.tankcore tankcore.py:293	Tank status: {"core": {"stage": "shoot"}, "stepper": {"ammo_count": 1050, "instances": 1000, "loadscheme": ["line(5, 30, 1m)"], "steps": [[5.0, 2], [6.0, 2], [7.0, 2], [8.0, 3], [9.0, 2], [10.0, 3], [11.0, 2], [12.0, 2], [13.0, 3], [14.0, 2], [15.0, 3], [16.0, 2], [17.0, 2], [18.0, 3], [19.0, 2], [20.0, 3], [21.0, 2], [22.0, 2], [23.0, 3], [24.0, 2], [25.0, 3], [26.0, 2], [27.0, 2], [28.0, 3], [29.0, 2], [30.0, 2]], "duration": 60, "loop_count": 1049}, "uploader": {"task": "", "web_link": "https://overload.yandex.net/542527", "job_name": "none", "person": "root", "version": "", "meta": {"loop_count": 1049, "cmdline": "/usr/local/bin/yandex-tank -c tank.yaml", "target_port": 8000, "ammo_path": "/var/loadtest/ ", "target_host": "127.0.0.1"}, "job_no": 542527, "job_dsc": ""}, "Plugin": {"eta": 59, "web_link": "https://overload.yandex.net/542527", "jobno": 542527, "job_no": 542527}}
2022-08-13 10:48:46,050 [DEBUG] yandextank.aggregator.tank_aggregator tank_aggregator.py:87	Data timestamps: []
2022-08-13 10:48:46,051 [DEBUG] yandextank.aggregator.tank_aggregator tank_aggregator.py:88	Stats timestamps: []
2022-08-13 10:48:46,051 [DEBUG] yandextank.core.tankcore tankcore.py:286	Polling <yandextank.plugins.Phantom.plugin.Plugin object at 0x7f40360e8810>
2022-08-13 10:48:46,051 [DEBUG] yandextank.common.interfaces interfaces.py:101	Publishing status: Plugin/eta: 58
2022-08-13 10:48:46,051 [DEBUG] yandextank.core.tankcore tankcore.py:286	Polling <yandextank.plugins.Autostop.plugin.Plugin object at 0x7f40360fbf10>
2022-08-13 10:48:46,051 [DEBUG] yandextank.core.tankcore tankcore.py:286	Polling <yandextank.plugins.ShellExec.plugin.Plugin object at 0x7f40360fb3d0>
2022-08-13 10:48:46,051 [DEBUG] yandextank.core.tankcore tankcore.py:286	Polling <yandextank.plugins.Console.plugin.Plugin object at 0x7f40360fbbd0>
2022-08-13 10:48:46,051 [DEBUG] yandextank.plugins.Console.screen screen.py:389	Terminal size: 80x24
2022-08-13 10:48:46,051 [DEBUG] yandextank.plugins.Console.screen screen.py:401	Left/right panels width: 51/24
2022-08-13 10:48:46,051 [DEBUG] yandextank.plugins.Console.screen screen.py:406	There are 4 info widgets
2022-08-13 10:48:46,051 [DEBUG] yandextank.plugins.Console.screen screen.py:410	Rendering info widget #0: <yandextank.plugins.Phantom.widget.PhantomProgressBarWidget object at 0x7f40360fbb90>
2022-08-13 10:48:46,052 [DEBUG] yandextank.plugins.Console.screen screen.py:410	Rendering info widget #1: <yandextank.plugins.DataUploader.plugin.JobInfoWidget object at 0x7f40360e8d50>
2022-08-13 10:48:46,052 [DEBUG] yandextank.plugins.Console.screen screen.py:410	Rendering info widget #2: <yandextank.plugins.Phantom.widget.PhantomInfoWidget object at 0x7f40360fbf50>
2022-08-13 10:48:46,052 [DEBUG] yandextank.plugins.Console.screen screen.py:410	Rendering info widget #25: <yandextank.plugins.Autostop.plugin.AutostopWidget object at 0x7f40360fb510>
2022-08-13 10:48:46,052 [DEBUG] yandextank.plugins.Console.screen screen.py:367	Rendering left blocks
2022-08-13 10:48:46,054 [DEBUG] yandextank.plugins.Console.screen screen.py:418	Composing final screen output
2022-08-13 10:48:46,054 [DEBUG] yandextank.core.tankcore tankcore.py:286	Polling <yandextank.plugins.RCAssert.plugin.Plugin object at 0x7f40360fb490>
2022-08-13 10:48:46,054 [DEBUG] yandextank.plugins.Console.plugin plugin.py:73	Writing console view to STDOUT
2022-08-13 10:48:46,055 [DEBUG] yandextank.core.tankcore tankcore.py:286	Polling <yandextank.plugins.ResourceCheck.plugin.Plugin object at 0x7f40360e8bd0>
2022-08-13 10:48:46,055 [DEBUG] yandextank.common.interfaces plugin.py:44	Checking tank resources...
2022-08-13 10:48:46,055 [DEBUG] yandextank.core.tankcore tankcore.py:286	Polling <yandextank.plugins.DataUploader.plugin.Plugin object at 0x7f40360e8e10>
2022-08-13 10:48:46,055 [DEBUG] yandextank.core.tankcore tankcore.py:286	Polling <yandextank.plugins.JsonReport.plugin.Plugin object at 0x7f40360e8f50>
2022-08-13 10:48:46,055 [DEBUG] yandextank.core.tankcore tankcore.py:292	Polling took 0.00495100021362
2022-08-13 10:48:46,055 [DEBUG] yandextank.core.tankcore tankcore.py:293	Tank status: {"core": {"stage": "shoot"}, "stepper": {"ammo_count": 1050, "instances": 1000, "loadscheme": ["line(5, 30, 1m)"], "steps": [[5.0, 2], [6.0, 2], [7.0, 2], [8.0, 3], [9.0, 2], [10.0, 3], [11.0, 2], [12.0, 2], [13.0, 3], [14.0, 2], [15.0, 3], [16.0, 2], [17.0, 2], [18.0, 3], [19.0, 2], [20.0, 3], [21.0, 2], [22.0, 2], [23.0, 3], [24.0, 2], [25.0, 3], [26.0, 2], [27.0, 2], [28.0, 3], [29.0, 2], [30.0, 2]], "duration": 60, "loop_count": 1049}, "uploader": {"task": "", "web_link": "https://overload.yandex.net/542527", "job_name": "none", "person": "root", "version": "", "meta": {"loop_count": 1049, "cmdline": "/usr/local/bin/yandex-tank -c tank.yaml", "target_port": 8000, "ammo_path": "/var/loadtest/ ", "target_host": "127.0.0.1"}, "job_no": 542527, "job_dsc": ""}, "Plugin": {"eta": 58, "web_link": "https://overload.yandex.net/542527", "jobno": 542527, "job_no": 542527}}
2022-08-13 10:48:46,134 [WARNING] yandextank.core.tankcore tankcore.py:345	Interrupting
2022-08-13 10:48:46,551 [INFO] yandextank.core.tankcore tankcore.py:301	Finishing test...
2022-08-13 10:48:46,552 [INFO] yandextank.core.tankcore tankcore.py:303	Stopping load generator and aggregator
2022-08-13 10:48:46,552 [DEBUG] yandextank.plugins.Phantom.plugin plugin.py:176	Seems phantom finished OK
2022-08-13 10:48:46,552 [DEBUG] yandextank.aggregator.tank_aggregator tank_aggregator.py:123	Closing stats reader
2022-08-13 10:48:46,552 [DEBUG] yandextank.aggregator.tank_aggregator tank_aggregator.py:126	Waiting for gun drain to finish
2022-08-13 10:48:46,589 [DEBUG] yandextank.plugins.Phantom.reader reader.py:62	Chunk decode time: 12.31ms
2022-08-13 10:48:47,654 [DEBUG] yandextank.aggregator.aggregator aggregator.py:157	Aggregation time: 12.82ms
2022-08-13 10:48:47,666 [DEBUG] yandextank.aggregator.aggregator aggregator.py:157	Aggregation time: 9.63ms
2022-08-13 10:48:47,666 [DEBUG] yandextank.aggregator.tank_aggregator tank_aggregator.py:128	Waiting for stats drain to finish
2022-08-13 10:48:47,666 [DEBUG] yandextank.aggregator.tank_aggregator tank_aggregator.py:130	Collecting remaining data
2022-08-13 10:48:47,667 [DEBUG] yandextank.aggregator.tank_aggregator tank_aggregator.py:87	Data timestamps: [1660387725, 1660387726]
2022-08-13 10:48:47,667 [DEBUG] yandextank.aggregator.tank_aggregator tank_aggregator.py:88	Stats timestamps: [1660387725]
2022-08-13 10:48:47,667 [DEBUG] yandextank.plugins.Autostop.criterions criterions.py:95	HTTP codes matching mask 5xx: 0.0/0.1
2022-08-13 10:48:47,668 [DEBUG] yandextank.plugins.Phantom.plugin plugin.py:193	Processed ammo count: 5/
2022-08-13 10:48:47,669 [INFO] yandextank.aggregator.tank_aggregator tank_aggregator.py:108	Timestamps without stats:
2022-08-13 10:48:47,669 [INFO] yandextank.aggregator.tank_aggregator tank_aggregator.py:110	1660387726
2022-08-13 10:48:47,670 [DEBUG] yandextank.plugins.Autostop.criterions criterions.py:95	HTTP codes matching mask 5xx: 0.0/0.1
2022-08-13 10:48:47,678 [DEBUG] yandextank.plugins.Phantom.plugin plugin.py:193	Processed ammo count: 6/
2022-08-13 10:48:47,678 [DEBUG] yandextank.core.tankcore tankcore.py:305	RC after: 1
2022-08-13 10:48:47,679 [INFO] yandextank.core.tankcore tankcore.py:307	Stopping monitoring
2022-08-13 10:48:47,679 [DEBUG] yandextank.core.tankcore tankcore.py:315	Finalize <yandextank.plugins.Autostop.plugin.Plugin object at 0x7f40360fbf10>
2022-08-13 10:48:47,679 [DEBUG] yandextank.core.tankcore tankcore.py:317	RC before: 1
2022-08-13 10:48:47,679 [DEBUG] yandextank.core.tankcore tankcore.py:319	RC after: 1
2022-08-13 10:48:47,680 [DEBUG] yandextank.core.tankcore tankcore.py:315	Finalize <yandextank.plugins.ShellExec.plugin.Plugin object at 0x7f40360fb3d0>
2022-08-13 10:48:47,680 [DEBUG] yandextank.core.tankcore tankcore.py:317	RC before: 1
2022-08-13 10:48:47,680 [DEBUG] yandextank.core.tankcore tankcore.py:319	RC after: 1
2022-08-13 10:48:47,680 [DEBUG] yandextank.core.tankcore tankcore.py:315	Finalize <yandextank.plugins.Console.plugin.Plugin object at 0x7f40360fbbd0>
2022-08-13 10:48:47,680 [DEBUG] yandextank.core.tankcore tankcore.py:317	RC before: 1
2022-08-13 10:48:47,681 [DEBUG] yandextank.core.tankcore tankcore.py:319	RC after: 1
2022-08-13 10:48:47,681 [DEBUG] yandextank.core.tankcore tankcore.py:315	Finalize <yandextank.plugins.RCAssert.plugin.Plugin object at 0x7f40360fb490>
2022-08-13 10:48:47,681 [DEBUG] yandextank.core.tankcore tankcore.py:317	RC before: 1
2022-08-13 10:48:47,681 [DEBUG] yandextank.core.tankcore tankcore.py:319	RC after: 1
2022-08-13 10:48:47,681 [DEBUG] yandextank.core.tankcore tankcore.py:315	Finalize <yandextank.plugins.ResourceCheck.plugin.Plugin object at 0x7f40360e8bd0>
2022-08-13 10:48:47,681 [DEBUG] yandextank.core.tankcore tankcore.py:317	RC before: 1
2022-08-13 10:48:47,681 [DEBUG] yandextank.core.tankcore tankcore.py:319	RC after: 1
2022-08-13 10:48:47,682 [DEBUG] yandextank.core.tankcore tankcore.py:315	Finalize <yandextank.plugins.DataUploader.plugin.Plugin object at 0x7f40360e8e10>
2022-08-13 10:48:47,682 [DEBUG] yandextank.core.tankcore tankcore.py:317	RC before: 1
2022-08-13 10:48:47,682 [DEBUG] yandextank.plugins.DataUploader.client client.py:642	Sending configinitial config
2022-08-13 10:48:47,696 [INFO] yandextank.plugins.DataUploader.plugin plugin.py:438	Closing Data Uploader thread
2022-08-13 10:48:47,774 [DEBUG] urllib3.connectionpool connectionpool.py:393	https://overload.yandex.net:443 "POST /api/job/542527/configinitial.txt?api_token=468e142f8ae64ca09d4691f5756dce51 HTTP/1.1" 200 16
2022-08-13 10:48:47,775 [DEBUG] yandextank.plugins.DataUploader.client client.py:642	Sending configinfo config
2022-08-13 10:48:47,873 [DEBUG] urllib3.connectionpool connectionpool.py:393	https://overload.yandex.net:443 "POST /api/job/542527/configinfo.txt?api_token=468e142f8ae64ca09d4691f5756dce51 HTTP/1.1" 200 16
2022-08-13 10:48:47,874 [INFO] yandextank.plugins.DataUploader.plugin plugin.py:478	Unlocking targets: ['127.0.0.1']
2022-08-13 10:48:47,874 [INFO] yandextank.plugins.DataUploader.plugin plugin.py:480	127.0.0.1
2022-08-13 10:48:47,874 [DEBUG] yandextank.core.tankcore tankcore.py:319	RC after: 1
2022-08-13 10:48:47,874 [DEBUG] yandextank.core.tankcore tankcore.py:315	Finalize <yandextank.plugins.JsonReport.plugin.Plugin object at 0x7f40360e8f50>
2022-08-13 10:48:47,875 [DEBUG] yandextank.core.tankcore tankcore.py:317	RC before: 1
2022-08-13 10:48:47,875 [DEBUG] yandextank.core.tankcore tankcore.py:319	RC after: 1
2022-08-13 10:48:47,875 [INFO] yandextank.core.tankcore tankcore.py:330	Post-processing test...
2022-08-13 10:48:47,875 [DEBUG] yandextank.core.tankcore tankcore.py:333	Post-process <yandextank.plugins.Phantom.plugin.Plugin object at 0x7f40360e8810>
2022-08-13 10:48:47,875 [DEBUG] yandextank.core.tankcore tankcore.py:335	RC before: 1
2022-08-13 10:48:47,875 [DEBUG] yandextank.core.tankcore tankcore.py:337	RC after: 1
2022-08-13 10:48:47,875 [DEBUG] yandextank.core.tankcore tankcore.py:333	Post-process <yandextank.plugins.Autostop.plugin.Plugin object at 0x7f40360fbf10>
2022-08-13 10:48:47,875 [DEBUG] yandextank.core.tankcore tankcore.py:335	RC before: 1
2022-08-13 10:48:47,875 [DEBUG] yandextank.core.tankcore tankcore.py:337	RC after: 1
2022-08-13 10:48:47,875 [DEBUG] yandextank.core.tankcore tankcore.py:333	Post-process <yandextank.plugins.ShellExec.plugin.Plugin object at 0x7f40360fb3d0>
2022-08-13 10:48:47,876 [DEBUG] yandextank.core.tankcore tankcore.py:335	RC before: 1
2022-08-13 10:48:47,876 [DEBUG] yandextank.core.tankcore tankcore.py:337	RC after: 1
2022-08-13 10:48:47,876 [DEBUG] yandextank.core.tankcore tankcore.py:333	Post-process <yandextank.plugins.Console.plugin.Plugin object at 0x7f40360fbbd0>
2022-08-13 10:48:47,876 [DEBUG] yandextank.core.tankcore tankcore.py:335	RC before: 1
2022-08-13 10:48:47,876 [DEBUG] yandextank.core.tankcore tankcore.py:337	RC after: 1
2022-08-13 10:48:47,876 [DEBUG] yandextank.core.tankcore tankcore.py:333	Post-process <yandextank.plugins.RCAssert.plugin.Plugin object at 0x7f40360fb490>
2022-08-13 10:48:47,876 [DEBUG] yandextank.core.tankcore tankcore.py:335	RC before: 1
2022-08-13 10:48:47,876 [DEBUG] yandextank.core.tankcore tankcore.py:337	RC after: 1
2022-08-13 10:48:47,876 [DEBUG] yandextank.core.tankcore tankcore.py:333	Post-process <yandextank.plugins.ResourceCheck.plugin.Plugin object at 0x7f40360e8bd0>
2022-08-13 10:48:47,876 [DEBUG] yandextank.core.tankcore tankcore.py:335	RC before: 1
2022-08-13 10:48:47,876 [DEBUG] yandextank.core.tankcore tankcore.py:337	RC after: 1
2022-08-13 10:48:47,877 [DEBUG] yandextank.core.tankcore tankcore.py:333	Post-process <yandextank.plugins.DataUploader.plugin.Plugin object at 0x7f40360e8e10>
2022-08-13 10:48:47,877 [DEBUG] yandextank.core.tankcore tankcore.py:335	RC before: 1
2022-08-13 10:48:47,877 [INFO] yandextank.plugins.DataUploader.plugin plugin.py:350	Waiting for sender threads to join.
2022-08-13 10:48:47,897 [INFO] yandextank.plugins.DataUploader.plugin plugin.py:418	Monitoring Uploader queue returned None
2022-08-13 10:48:47,898 [INFO] yandextank.plugins.DataUploader.plugin plugin.py:438	Closing Monitoring Uploader thread
2022-08-13 10:48:47,898 [INFO] yandextank.plugins.DataUploader.plugin plugin.py:357	Web link: https://overload.yandex.net/542527
2022-08-13 10:48:47,898 [DEBUG] yandextank.core.tankcore tankcore.py:391	Searching for plugin: <class 'yandextank.plugins.Autostop.plugin.Plugin'>
2022-08-13 10:48:47,898 [DEBUG] yandextank.plugins.DataUploader.plugin plugin.py:376	No autostop cause detected
2022-08-13 10:48:47,899 [DEBUG] yandextank.plugins.DataUploader.client client.py:642	Sending configinitial config
2022-08-13 10:48:48,050 [DEBUG] urllib3.connectionpool connectionpool.py:393	https://overload.yandex.net:443 "POST /api/job/542527/configinitial.txt?api_token=468e142f8ae64ca09d4691f5756dce51 HTTP/1.1" 200 16
2022-08-13 10:48:48,052 [DEBUG] yandextank.plugins.DataUploader.client client.py:642	Sending configinfo config
2022-08-13 10:48:48,298 [DEBUG] urllib3.connectionpool connectionpool.py:393	https://overload.yandex.net:443 "POST /api/job/542527/configinfo.txt?api_token=468e142f8ae64ca09d4691f5756dce51 HTTP/1.1" 200 16
2022-08-13 10:48:48,299 [DEBUG] yandextank.core.tankcore tankcore.py:337	RC after: 1
2022-08-13 10:48:48,300 [DEBUG] yandextank.core.tankcore tankcore.py:333	Post-process <yandextank.plugins.JsonReport.plugin.Plugin object at 0x7f40360e8f50>
2022-08-13 10:48:48,300 [DEBUG] yandextank.core.tankcore tankcore.py:335	RC before: 1
2022-08-13 10:48:48,300 [DEBUG] yandextank.core.tankcore tankcore.py:337	RC after: 1
2022-08-13 10:48:48,301 [INFO] root consoleworker.py:269	Trying to clean up
2022-08-13 10:48:48,301 [INFO] yandextank.core.tankcore tankcore.py:526	Cleaning up plugin plugin_phantom
2022-08-13 10:48:48,302 [INFO] yandextank.core.tankcore tankcore.py:526	Cleaning up plugin plugin_autostop
2022-08-13 10:48:48,303 [INFO] yandextank.core.tankcore tankcore.py:526	Cleaning up plugin plugin_shellexec
2022-08-13 10:48:48,303 [INFO] yandextank.core.tankcore tankcore.py:526	Cleaning up plugin plugin_console
2022-08-13 10:48:48,304 [INFO] yandextank.core.tankcore tankcore.py:526	Cleaning up plugin plugin_rcassert
2022-08-13 10:48:48,304 [INFO] yandextank.core.tankcore tankcore.py:526	Cleaning up plugin plugin_rcheck
2022-08-13 10:48:48,305 [INFO] yandextank.core.tankcore tankcore.py:526	Cleaning up plugin plugin_overload
2022-08-13 10:48:48,467 [DEBUG] urllib3.connectionpool connectionpool.py:393	https://overload.yandex.net:443 "GET /api/job/542527/close.json?exitcode=1&api_token=468e142f8ae64ca09d4691f5756dce51 HTTP/1.1" 200 16
2022-08-13 10:48:48,470 [INFO] yandextank.plugins.DataUploader.plugin plugin.py:478	Unlocking targets: ['127.0.0.1']
2022-08-13 10:48:48,471 [INFO] yandextank.plugins.DataUploader.plugin plugin.py:480	127.0.0.1
2022-08-13 10:48:48,471 [INFO] yandextank.core.tankcore tankcore.py:526	Cleaning up plugin plugin_json_report
2022-08-13 10:48:48,472 [INFO] yandextank.core.tankcore tankcore.py:561	Releasing lock: /var/lock/lunapark_SFOCE0.lock
2022-08-13 10:48:48,477 [DEBUG] yandextank.core.tankcore tankcore.py:367	Collecting artifacts
2022-08-13 10:48:48,478 [INFO] yandextank.core.tankcore tankcore.py:368	Artifacts dir: /var/loadtest/logs/2022-08-13_10-48-42.156593
2022-08-13 10:48:48,478 [DEBUG] yandextank.core.tankcore tankcore.py:422	Collecting file: /var/loadtest/logs/2022-08-13_10-48-42.156593/answ_cel29D.log to /var/loadtest/logs/2022-08-13_10-48-42.156593/answ_cel29D.log
2022-08-13 10:48:48,478 [WARNING] yandextank.core.tankcore tankcore.py:429	File already exists: /var/loadtest/logs/2022-08-13_10-48-42.156593/answ_cel29D.log
2022-08-13 10:48:48,479 [DEBUG] yandextank.core.tankcore tankcore.py:422	Collecting file: /var/loadtest/logs/2022-08-13_10-48-42.156593/phantom_AZfpsy.log to /var/loadtest/logs/2022-08-13_10-48-42.156593/phantom_AZfpsy.log
2022-08-13 10:48:48,479 [WARNING] yandextank.core.tankcore tankcore.py:429	File already exists: /var/loadtest/logs/2022-08-13_10-48-42.156593/phantom_AZfpsy.log
2022-08-13 10:48:48,480 [DEBUG] yandextank.core.tankcore tankcore.py:422	Collecting file: /var/loadtest/logs/2022-08-13_10-48-42.156593/phantom_stat_fUUnmq.log to /var/loadtest/logs/2022-08-13_10-48-42.156593/phantom_stat_fUUnmq.log
2022-08-13 10:48:48,480 [WARNING] yandextank.core.tankcore tankcore.py:429	File already exists: /var/loadtest/logs/2022-08-13_10-48-42.156593/phantom_stat_fUUnmq.log
2022-08-13 10:48:48,481 [DEBUG] yandextank.core.tankcore tankcore.py:422	Collecting file: /var/loadtest/logs/2022-08-13_10-48-42.156593/phout_DJrkJc.log to /var/loadtest/logs/2022-08-13_10-48-42.156593/phout_DJrkJc.log
2022-08-13 10:48:48,481 [WARNING] yandextank.core.tankcore tankcore.py:429	File already exists: /var/loadtest/logs/2022-08-13_10-48-42.156593/phout_DJrkJc.log
2022-08-13 10:48:48,482 [DEBUG] yandextank.core.tankcore tankcore.py:422	Collecting file: /var/loadtest/logs/2022-08-13_10-48-42.156593/phantom_stdout_stderr_BD8CIX.log to /var/loadtest/logs/2022-08-13_10-48-42.156593/phantom_stdout_stderr_BD8CIX.log
2022-08-13 10:48:48,482 [WARNING] yandextank.core.tankcore tankcore.py:429	File already exists: /var/loadtest/logs/2022-08-13_10-48-42.156593/phantom_stdout_stderr_BD8CIX.log
2022-08-13 10:48:48,483 [DEBUG] yandextank.core.tankcore tankcore.py:422	Collecting file: /var/loadtest/logs/2022-08-13_10-48-42.156593/phantom_SjcxoD.conf to /var/loadtest/logs/2022-08-13_10-48-42.156593/phantom_SjcxoD.conf
2022-08-13 10:48:48,483 [WARNING] yandextank.core.tankcore tankcore.py:429	File already exists: /var/loadtest/logs/2022-08-13_10-48-42.156593/phantom_SjcxoD.conf
2022-08-13 10:48:48,483 [DEBUG] yandextank.core.tankcore tankcore.py:422	Collecting file: jobno_file.txt to /var/loadtest/logs/2022-08-13_10-48-42.156593/jobno_file.txt
2022-08-13 10:48:48,484 [DEBUG] yandextank.core.tankcore tankcore.py:422	Collecting file: validation_error.yaml to /var/loadtest/logs/2022-08-13_10-48-42.156593/validation_error.yaml
2022-08-13 10:48:48,484 [WARNING] yandextank.core.tankcore tankcore.py:424	File not found to collect: validation_error.yaml
