2022-08-13 12:08:02,871 INFO o.a.j.u.JMeterUtils: Setting Locale to en_US
2022-08-13 12:08:02,899 INFO o.a.j.JMeter: Loading user properties from: /usr/local/apache-jmeter-3.3/bin/user.properties
2022-08-13 12:08:02,900 INFO o.a.j.JMeter: Loading system properties from: /usr/local/apache-jmeter-3.3/bin/system.properties
2022-08-13 12:08:02,901 INFO o.a.j.JMeter: Setting JMeter property: jmeter.save.saveservice.default_delimiter=\t
2022-08-13 12:08:02,901 INFO o.a.j.JMeter: Setting JMeter property: jmeter.save.saveservice.connect_time=true
2022-08-13 12:08:02,911 INFO o.a.j.JMeter: Copyright (c) 1998-2017 The Apache Software Foundation
2022-08-13 12:08:02,911 INFO o.a.j.JMeter: Version 3.3 r1808647
2022-08-13 12:08:02,911 INFO o.a.j.JMeter: java.version=1.8.0_191
2022-08-13 12:08:02,911 INFO o.a.j.JMeter: java.vm.name=OpenJDK 64-Bit Server VM
2022-08-13 12:08:02,911 INFO o.a.j.JMeter: os.name=Linux
2022-08-13 12:08:02,911 INFO o.a.j.JMeter: os.arch=amd64
2022-08-13 12:08:02,911 INFO o.a.j.JMeter: os.version=5.15.0-46-generic
2022-08-13 12:08:02,912 INFO o.a.j.JMeter: file.encoding=ANSI_X3.4-1968
2022-08-13 12:08:02,912 INFO o.a.j.JMeter: Max memory     =536870912
2022-08-13 12:08:02,912 INFO o.a.j.JMeter: Available Processors =4
2022-08-13 12:08:02,920 INFO o.a.j.JMeter: Default Locale=English (United States)
2022-08-13 12:08:02,921 INFO o.a.j.JMeter: JMeter  Locale=English (United States)
2022-08-13 12:08:02,921 INFO o.a.j.JMeter: JMeterHome=/usr/local/apache-jmeter-3.3
2022-08-13 12:08:02,921 INFO o.a.j.JMeter: user.dir  =/var/loadtest
2022-08-13 12:08:02,921 INFO o.a.j.JMeter: PWD       =/var/loadtest
2022-08-13 12:08:02,922 INFO o.a.j.JMeter: IP: 127.0.1.1 Name: ubuntu FullName: ubuntu
2022-08-13 12:08:02,927 INFO o.a.j.s.FileServer: Default base='/var/loadtest'
2022-08-13 12:08:02,928 INFO o.a.j.s.FileServer: Set new base='/var/loadtest'
2022-08-13 12:08:03,229 INFO o.a.j.s.SaveService: Testplan (JMX) version: 2.2. Testlog (JTL) version: 2.2
2022-08-13 12:08:03,259 INFO o.a.j.s.SaveService: Using SaveService properties file encoding UTF-8
2022-08-13 12:08:03,266 INFO o.a.j.s.SaveService: Using SaveService properties version 3.2
2022-08-13 12:08:03,278 INFO o.a.j.s.SaveService: Loading file: /var/loadtest/modified_pMHhcI.jmx
2022-08-13 12:08:03,342 INFO o.a.j.p.h.s.HTTPSamplerBase: Parser for text/html is org.apache.jmeter.protocol.http.parser.LagartoBasedHtmlParser
2022-08-13 12:08:03,343 INFO o.a.j.p.h.s.HTTPSamplerBase: Parser for application/xhtml+xml is org.apache.jmeter.protocol.http.parser.LagartoBasedHtmlParser
2022-08-13 12:08:03,343 INFO o.a.j.p.h.s.HTTPSamplerBase: Parser for application/xml is org.apache.jmeter.protocol.http.parser.LagartoBasedHtmlParser
2022-08-13 12:08:03,343 INFO o.a.j.p.h.s.HTTPSamplerBase: Parser for text/xml is org.apache.jmeter.protocol.http.parser.LagartoBasedHtmlParser
2022-08-13 12:08:03,343 INFO o.a.j.p.h.s.HTTPSamplerBase: Parser for text/vnd.wap.wml is org.apache.jmeter.protocol.http.parser.RegexpHTMLParser
2022-08-13 12:08:03,343 INFO o.a.j.p.h.s.HTTPSamplerBase: Parser for text/css is org.apache.jmeter.protocol.http.parser.CssParser
2022-08-13 12:08:03,386 INFO o.a.j.JMeter: Creating summariser <summary>
2022-08-13 12:08:03,393 INFO o.a.j.e.StandardJMeterEngine: Running the test!
2022-08-13 12:08:03,394 INFO o.a.j.s.SampleEvent: List of sample_variables: []
2022-08-13 12:08:03,394 INFO o.a.j.s.SampleEvent: List of sample_variables: []
2022-08-13 12:08:03,401 INFO o.a.j.e.u.CompoundVariable: Note: Function class names must contain the string: '.functions.'
2022-08-13 12:08:03,401 INFO o.a.j.e.u.CompoundVariable: Note: Function class names must not contain the string: '.gui.'
2022-08-13 12:08:04,112 INFO o.a.j.JMeter: Running test (1660392484112)
2022-08-13 12:08:04,178 INFO o.a.j.e.StandardJMeterEngine: Starting ThreadGroup: 1 : Thread Group
2022-08-13 12:08:04,179 INFO o.a.j.e.StandardJMeterEngine: Starting 20 threads for group Thread Group.
2022-08-13 12:08:04,179 INFO o.a.j.e.StandardJMeterEngine: Thread will continue on error
2022-08-13 12:08:04,179 INFO o.a.j.t.ThreadGroup: Starting thread group... number=1 threads=20 ramp-up=1 perThread=50.0 delayedStart=false
2022-08-13 12:08:04,196 INFO o.a.j.t.JMeterThread: Thread started: Thread Group 1-1
2022-08-13 12:08:04,235 INFO o.a.j.p.h.s.HTTPHCAbstractImpl: Local host = ubuntu
2022-08-13 12:08:04,250 INFO o.a.j.t.JMeterThread: Thread started: Thread Group 1-2
2022-08-13 12:08:04,265 INFO o.a.j.p.h.s.HTTPHC4Impl: HTTP request retry count = 0
2022-08-13 12:08:04,288 INFO o.a.j.t.ThreadGroup: Started thread group number 1
2022-08-13 12:08:04,288 INFO o.a.j.e.StandardJMeterEngine: All thread groups have been started
2022-08-13 12:08:04,289 INFO o.a.j.s.SampleResult: Note: Sample TimeStamps are START times
2022-08-13 12:08:04,290 INFO o.a.j.s.SampleResult: sampleresult.default.encoding is set to ISO-8859-1
2022-08-13 12:08:04,290 INFO o.a.j.s.SampleResult: sampleresult.useNanoTime=true
2022-08-13 12:08:04,290 INFO o.a.j.s.SampleResult: sampleresult.nanoThreadSleep=5000
2022-08-13 12:08:04,321 INFO o.a.j.t.JMeterThread: Thread started: Thread Group 1-3
2022-08-13 12:08:04,427 INFO o.a.j.t.JMeterThread: Thread started: Thread Group 1-4
2022-08-13 12:08:04,489 INFO o.a.j.t.JMeterThread: Thread started: Thread Group 1-5
2022-08-13 12:08:04,527 INFO o.a.j.t.JMeterThread: Thread started: Thread Group 1-6
2022-08-13 12:08:04,582 INFO o.a.j.t.JMeterThread: Thread started: Thread Group 1-8
2022-08-13 12:08:04,590 INFO o.a.j.t.JMeterThread: Thread started: Thread Group 1-7
2022-08-13 12:08:04,636 INFO o.a.j.t.JMeterThread: Thread started: Thread Group 1-9
2022-08-13 12:08:04,703 INFO o.a.j.t.JMeterThread: Thread started: Thread Group 1-10
2022-08-13 12:08:04,765 INFO o.a.j.t.JMeterThread: Thread started: Thread Group 1-11
2022-08-13 12:08:04,768 INFO o.a.j.t.JMeterThread: Thread is done: Thread Group 1-3
2022-08-13 12:08:04,769 INFO o.a.j.t.JMeterThread: Thread finished: Thread Group 1-3
2022-08-13 12:08:04,769 INFO o.a.j.r.Summariser: summary +      1 in 00:00:01 =    1.5/s Avg:   245 Min:   245 Max:   245 Err:     1 (100.00%) Active: 11 Started: 11 Finished: 0
2022-08-13 12:08:04,769 INFO o.a.j.t.JMeterThread: Thread is done: Thread Group 1-5
2022-08-13 12:08:04,770 INFO o.a.j.t.JMeterThread: Thread finished: Thread Group 1-5
2022-08-13 12:08:04,770 INFO o.a.j.t.JMeterThread: Thread is done: Thread Group 1-7
2022-08-13 12:08:04,770 INFO o.a.j.t.JMeterThread: Thread finished: Thread Group 1-7
2022-08-13 12:08:04,771 INFO o.a.j.t.JMeterThread: Thread is done: Thread Group 1-1
2022-08-13 12:08:04,771 INFO o.a.j.t.JMeterThread: Thread finished: Thread Group 1-1
2022-08-13 12:08:04,771 INFO o.a.j.t.JMeterThread: Thread is done: Thread Group 1-8
2022-08-13 12:08:04,771 INFO o.a.j.t.JMeterThread: Thread finished: Thread Group 1-8
2022-08-13 12:08:04,776 INFO o.a.j.t.JMeterThread: Thread is done: Thread Group 1-2
2022-08-13 12:08:04,776 INFO o.a.j.t.JMeterThread: Thread finished: Thread Group 1-2
2022-08-13 12:08:04,779 INFO o.a.j.t.JMeterThread: Thread is done: Thread Group 1-6
2022-08-13 12:08:04,779 INFO o.a.j.t.JMeterThread: Thread finished: Thread Group 1-6
2022-08-13 12:08:04,787 INFO o.a.j.t.JMeterThread: Thread is done: Thread Group 1-4
2022-08-13 12:08:04,788 INFO o.a.j.t.JMeterThread: Thread finished: Thread Group 1-4
2022-08-13 12:08:04,814 INFO o.a.j.t.JMeterThread: Thread is done: Thread Group 1-9
2022-08-13 12:08:04,814 INFO o.a.j.t.JMeterThread: Thread finished: Thread Group 1-9
2022-08-13 12:08:04,820 INFO o.a.j.t.JMeterThread: Thread started: Thread Group 1-12
2022-08-13 12:08:04,837 INFO o.a.j.t.JMeterThread: Thread is done: Thread Group 1-10
2022-08-13 12:08:04,838 INFO o.a.j.t.JMeterThread: Thread finished: Thread Group 1-10
2022-08-13 12:08:04,849 INFO o.a.j.t.JMeterThread: Thread is done: Thread Group 1-11
2022-08-13 12:08:04,849 INFO o.a.j.t.JMeterThread: Thread finished: Thread Group 1-11
2022-08-13 12:08:04,863 INFO o.a.j.t.JMeterThread: Thread is done: Thread Group 1-12
2022-08-13 12:08:04,863 INFO o.a.j.t.JMeterThread: Thread finished: Thread Group 1-12
2022-08-13 12:08:04,872 INFO o.a.j.t.JMeterThread: Thread started: Thread Group 1-13
2022-08-13 12:08:04,896 INFO o.a.j.t.JMeterThread: Thread is done: Thread Group 1-13
2022-08-13 12:08:04,897 INFO o.a.j.t.JMeterThread: Thread finished: Thread Group 1-13
2022-08-13 12:08:04,926 INFO o.a.j.t.JMeterThread: Thread started: Thread Group 1-14
2022-08-13 12:08:04,949 INFO o.a.j.t.JMeterThread: Thread is done: Thread Group 1-14
2022-08-13 12:08:04,950 INFO o.a.j.t.JMeterThread: Thread finished: Thread Group 1-14
2022-08-13 12:08:04,977 INFO o.a.j.t.JMeterThread: Thread started: Thread Group 1-15
2022-08-13 12:08:05,004 INFO o.a.j.t.JMeterThread: Thread is done: Thread Group 1-15
2022-08-13 12:08:05,004 INFO o.a.j.t.JMeterThread: Thread finished: Thread Group 1-15
2022-08-13 12:08:05,027 INFO o.a.j.t.JMeterThread: Thread started: Thread Group 1-16
2022-08-13 12:08:05,060 INFO o.a.j.t.JMeterThread: Thread is done: Thread Group 1-16
2022-08-13 12:08:05,060 INFO o.a.j.t.JMeterThread: Thread finished: Thread Group 1-16
2022-08-13 12:08:05,078 INFO o.a.j.t.JMeterThread: Thread started: Thread Group 1-17
2022-08-13 12:08:05,099 INFO o.a.j.t.JMeterThread: Thread is done: Thread Group 1-17
2022-08-13 12:08:05,100 INFO o.a.j.t.JMeterThread: Thread finished: Thread Group 1-17
2022-08-13 12:08:05,129 INFO o.a.j.t.JMeterThread: Thread started: Thread Group 1-18
2022-08-13 12:08:05,162 INFO o.a.j.t.JMeterThread: Thread is done: Thread Group 1-18
2022-08-13 12:08:05,162 INFO o.a.j.t.JMeterThread: Thread finished: Thread Group 1-18
2022-08-13 12:08:05,180 INFO o.a.j.t.JMeterThread: Thread started: Thread Group 1-19
2022-08-13 12:08:05,214 INFO o.a.j.t.JMeterThread: Thread is done: Thread Group 1-19
2022-08-13 12:08:05,214 INFO o.a.j.t.JMeterThread: Thread finished: Thread Group 1-19
2022-08-13 12:08:05,241 INFO o.a.j.t.JMeterThread: Thread started: Thread Group 1-20
2022-08-13 12:08:05,279 INFO o.a.j.t.JMeterThread: Thread is done: Thread Group 1-20
2022-08-13 12:08:05,279 INFO o.a.j.t.JMeterThread: Thread finished: Thread Group 1-20
2022-08-13 12:08:05,280 INFO o.a.j.e.StandardJMeterEngine: Notifying test listeners of end of test
2022-08-13 12:08:05,281 INFO o.a.j.r.Summariser: summary +     19 in 00:00:01 =   37.0/s Avg:   149 Min:    19 Max:   429 Err:    19 (100.00%) Active: 0 Started: 20 Finished: 20
2022-08-13 12:08:05,281 INFO o.a.j.r.Summariser: summary =     20 in 00:00:01 =   17.1/s Avg:   154 Min:    19 Max:   429 Err:    20 (100.00%)
