2022-08-13 12:07:59,225 [INFO] root consoleworker.py:434	Log file created
2022-08-13 12:07:59,225 [INFO] root consoleworker.py:438	Logging handler <logging.FileHandler object at 0x7fb9e2eacc50> added
2022-08-13 12:07:59,226 [INFO] root consoleworker.py:438	Logging handler <logging.StreamHandler object at 0x7fb9e2ef4890> added
2022-08-13 12:07:59,226 [INFO] root consoleworker.py:438	Logging handler <logging.StreamHandler object at 0x7fb9e2e98a90> added
2022-08-13 12:07:59,226 [INFO] root consoleworker.py:373	Created a folder for the test. /var/loadtest/logs/2022-08-13_12-07-59.169885
2022-08-13 12:07:59,226 [INFO] yandextank.core.tankcore tankcore.py:237	Configuring plugins...
2022-08-13 12:07:59,226 [INFO] yandextank.core.tankcore tankcore.py:190	Loading plugins...
2022-08-13 12:07:59,227 [DEBUG] yandextank.core.tankcore tankcore.py:192	Loading plugin rcheck from yandextank.plugins.ResourceCheck
2022-08-13 12:07:59,227 [DEBUG] yandextank.core.tankcore tankcore.py:192	Loading plugin json_report from yandextank.plugins.JsonReport
2022-08-13 12:07:59,227 [DEBUG] yandextank.core.tankcore tankcore.py:192	Loading plugin overload from yandextank.plugins.DataUploader
2022-08-13 12:07:59,228 [DEBUG] yandextank.core.tankcore tankcore.py:192	Loading plugin rcassert from yandextank.plugins.RCAssert
2022-08-13 12:07:59,228 [DEBUG] yandextank.core.tankcore tankcore.py:192	Loading plugin console from yandextank.plugins.Console
2022-08-13 12:07:59,228 [DEBUG] yandextank.core.tankcore tankcore.py:192	Loading plugin jmeter from yandextank.plugins.JMeter
2022-08-13 12:07:59,228 [DEBUG] yandextank.core.tankcore tankcore.py:192	Loading plugin shellexec from yandextank.plugins.ShellExec
2022-08-13 12:07:59,228 [DEBUG] yandextank.core.tankcore tankcore.py:192	Loading plugin autostop from yandextank.plugins.Autostop
2022-08-13 12:07:59,228 [DEBUG] yandextank.core.tankcore tankcore.py:212	Plugin instances: {'plugin_json_report': <yandextank.plugins.JsonReport.plugin.Plugin object at 0x7fb9e2dd90d0>, 'plugin_autostop': <yandextank.plugins.Autostop.plugin.Plugin object at 0x7fb9e2e33d10>, 'plugin_shellexec': <yandextank.plugins.ShellExec.plugin.Plugin object at 0x7fb9e2dd96d0>, 'plugin_console': <yandextank.plugins.Console.plugin.Plugin object at 0x7fb9e2dd9d50>, 'plugin_jmeter': <yandextank.plugins.JMeter.plugin.Plugin object at 0x7fb9e2dd93d0>, 'plugin_rcassert': <yandextank.plugins.RCAssert.plugin.Plugin object at 0x7fb9e2dd9210>, 'plugin_rcheck': <yandextank.plugins.ResourceCheck.plugin.Plugin object at 0x7fb9e2dd9e10>, 'plugin_overload': <yandextank.plugins.DataUploader.plugin.Plugin object at 0x7fb9e2dd9d10>}
2022-08-13 12:07:59,229 [DEBUG] yandextank.core.tankcore tankcore.py:244	Configuring <yandextank.plugins.JsonReport.plugin.Plugin object at 0x7fb9e2dd90d0>
2022-08-13 12:07:59,229 [DEBUG] yandextank.core.tankcore tankcore.py:391	Searching for plugin: <class 'yandextank.common.interfaces.GeneratorPlugin'>
2022-08-13 12:07:59,230 [DEBUG] yandextank.core.tankcore tankcore.py:244	Configuring <yandextank.plugins.Autostop.plugin.Plugin object at 0x7fb9e2e33d10>
2022-08-13 12:07:59,230 [DEBUG] yandextank.core.tankcore tankcore.py:244	Configuring <yandextank.plugins.ShellExec.plugin.Plugin object at 0x7fb9e2dd96d0>
2022-08-13 12:07:59,230 [DEBUG] yandextank.core.tankcore tankcore.py:244	Configuring <yandextank.plugins.Console.plugin.Plugin object at 0x7fb9e2dd9d50>
2022-08-13 12:07:59,231 [DEBUG] yandextank.core.tankcore tankcore.py:244	Configuring <yandextank.plugins.JMeter.plugin.Plugin object at 0x7fb9e2dd93d0>
2022-08-13 12:07:59,232 [DEBUG] yandextank.core.tankcore tankcore.py:446	Adding artifact file to collect (keep=True): tank.jmx
2022-08-13 12:07:59,232 [DEBUG] yandextank.core.tankcore tankcore.py:446	Adding artifact file to collect (keep=False): /var/loadtest/logs/2022-08-13_12-07-59.169885/jmeter_xT4OBJ.jtl
2022-08-13 12:07:59,232 [DEBUG] yandextank.core.tankcore tankcore.py:446	Adding artifact file to collect (keep=True): /var/loadtest/logs/2022-08-13_12-07-59.169885/jmeter_ZhGPM7.log
2022-08-13 12:07:59,232 [DEBUG] yandextank.plugins.JMeter.plugin plugin.py:201	Original JMX: /var/loadtest/tank.jmx
2022-08-13 12:07:59,233 [DEBUG] yandextank.plugins.JMeter.plugin plugin.py:217	Closing statement:     </hashTree>
  </hashTree>
</jmeterTestPlan>

2022-08-13 12:07:59,233 [DEBUG] yandextank.plugins.JMeter.plugin plugin.py:258	Modified JMX: /var/loadtest/modified_pMHhcI.jmx
2022-08-13 12:07:59,233 [DEBUG] yandextank.core.tankcore tankcore.py:446	Adding artifact file to collect (keep=False): /var/loadtest/modified_pMHhcI.jmx
2022-08-13 12:07:59,234 [DEBUG] yandextank.core.tankcore tankcore.py:446	Adding artifact file to collect (keep=False): /var/loadtest/logs/2022-08-13_12-07-59.169885/jmeter_stdout_stderr_fFnK7B.log
2022-08-13 12:07:59,234 [DEBUG] yandextank.core.tankcore tankcore.py:244	Configuring <yandextank.plugins.RCAssert.plugin.Plugin object at 0x7fb9e2dd9210>
2022-08-13 12:07:59,234 [DEBUG] yandextank.core.tankcore tankcore.py:244	Configuring <yandextank.plugins.ResourceCheck.plugin.Plugin object at 0x7fb9e2dd9e10>
2022-08-13 12:07:59,235 [DEBUG] yandextank.core.tankcore tankcore.py:244	Configuring <yandextank.plugins.DataUploader.plugin.Plugin object at 0x7fb9e2dd9d10>
2022-08-13 12:07:59,235 [INFO] yandextank.core.tankcore tankcore.py:249	Preparing test...
2022-08-13 12:07:59,236 [DEBUG] yandextank.core.tankcore tankcore.py:253	Preparing <yandextank.plugins.JsonReport.plugin.Plugin object at 0x7fb9e2dd90d0>
2022-08-13 12:07:59,236 [DEBUG] yandextank.core.tankcore tankcore.py:253	Preparing <yandextank.plugins.Autostop.plugin.Plugin object at 0x7fb9e2e33d10>
2022-08-13 12:07:59,236 [DEBUG] yandextank.common.interfaces plugin.py:74	Criterion string: http(5xx,10%,5s)
2022-08-13 12:07:59,236 [DEBUG] yandextank.common.interfaces plugin.py:78	Criterion objects: {'http(5xx,10%,5s)': <yandextank.plugins.Autostop.criterions.HTTPCodesCriterion object at 0x7fb9e2e33810>}
2022-08-13 12:07:59,236 [DEBUG] yandextank.core.tankcore tankcore.py:391	Searching for plugin: <class 'yandextank.plugins.Console.plugin.Plugin'>
2022-08-13 12:07:59,236 [DEBUG] yandextank.core.tankcore tankcore.py:253	Preparing <yandextank.plugins.ShellExec.plugin.Plugin object at 0x7fb9e2dd96d0>
2022-08-13 12:07:59,237 [DEBUG] yandextank.core.tankcore tankcore.py:253	Preparing <yandextank.plugins.Console.plugin.Plugin object at 0x7fb9e2dd9d50>
2022-08-13 12:07:59,237 [DEBUG] yandextank.core.tankcore tankcore.py:253	Preparing <yandextank.plugins.JMeter.plugin.Plugin object at 0x7fb9e2dd93d0>
2022-08-13 12:07:59,237 [DEBUG] yandextank.core.tankcore tankcore.py:391	Searching for plugin: <class 'yandextank.plugins.Console.plugin.Plugin'>
2022-08-13 12:07:59,237 [DEBUG] yandextank.core.tankcore tankcore.py:253	Preparing <yandextank.plugins.RCAssert.plugin.Plugin object at 0x7fb9e2dd9210>
2022-08-13 12:07:59,237 [DEBUG] yandextank.core.tankcore tankcore.py:253	Preparing <yandextank.plugins.ResourceCheck.plugin.Plugin object at 0x7fb9e2dd9e10>
2022-08-13 12:07:59,237 [INFO] yandextank.common.interfaces plugin.py:39	Checking tank resources...
2022-08-13 12:07:59,237 [DEBUG] netort.process process.py:23	Starting: sh -c "df --no-sync -m -P -l -x fuse -x tmpfs -x devtmpfs -x davfs -x nfs /var/loadtest/logs | tail -n 1 | awk '{print \$4}' "
2022-08-13 12:07:59,804 [DEBUG] netort.process process.py:46	Process output:
28243

2022-08-13 12:07:59,804 [DEBUG] netort.process process.py:48	Process exit code: 0
2022-08-13 12:07:59,804 [DEBUG] root plugin.py:58	Result: (0, '28243\n', '')
2022-08-13 12:07:59,804 [DEBUG] yandextank.common.interfaces plugin.py:64	Disk free space: 28243/2048
2022-08-13 12:07:59,805 [DEBUG] yandextank.common.interfaces plugin.py:75	Memory free: 1393/512
2022-08-13 12:07:59,805 [DEBUG] yandextank.core.tankcore tankcore.py:253	Preparing <yandextank.plugins.DataUploader.plugin.Plugin object at 0x7fb9e2dd9d10>
2022-08-13 12:07:59,805 [INFO] root plugin.py:523	Using OVERLOAD backend
2022-08-13 12:07:59,805 [DEBUG] yandextank.plugins.DataUploader.plugin plugin.py:618	Trying to read token from token.txt
2022-08-13 12:07:59,806 [INFO] yandextank.plugins.DataUploader.plugin plugin.py:624	Read authentication token from token.txt, token length is 32 bytes
2022-08-13 12:07:59,820 [INFO] yandextank.plugins.DataUploader.client client.py:59	Proxy not set
2022-08-13 12:07:59,820 [INFO] yandextank.plugins.DataUploader.plugin plugin.py:647	Detected target: 
2022-08-13 12:07:59,830 [DEBUG] yandextank.plugins.DataUploader.client client.py:336	Job create request: {'person': 'root', 'host': '', 'task': '', 'tank': 'ubuntu', 'notify': [], 'loadscheme': [], 'detailed_time': None, 'port': 80}
2022-08-13 12:07:59,832 [DEBUG] urllib3.connectionpool connectionpool.py:813	Starting new HTTPS connection (1): overload.yandex.net:443
2022-08-13 12:08:00,194 [DEBUG] urllib3.connectionpool connectionpool.py:393	https://overload.yandex.net:443 "POST /api/job/create.json?api_token=468e142f8ae64ca09d4691f5756dce51 HTTP/1.1" 200 None
2022-08-13 12:08:00,197 [INFO] yandextank.plugins.DataUploader.plugin plugin.py:789	Job created: 542535
2022-08-13 12:08:00,199 [DEBUG] yandextank.plugins.DataUploader.client client.py:642	Sending configinitial config
2022-08-13 12:08:00,384 [DEBUG] urllib3.connectionpool connectionpool.py:393	https://overload.yandex.net:443 "POST /api/job/542535/configinitial.txt?api_token=468e142f8ae64ca09d4691f5756dce51 HTTP/1.1" 200 16
2022-08-13 12:08:00,386 [INFO] yandextank.plugins.DataUploader.plugin plugin.py:485	Locking targets: []
2022-08-13 12:08:00,386 [INFO] yandextank.plugins.DataUploader.plugin plugin.py:487	Locked targets: []
2022-08-13 12:08:00,388 [DEBUG] yandextank.common.interfaces interfaces.py:101	Publishing status: Plugin/job_no: 542535
2022-08-13 12:08:00,566 [DEBUG] urllib3.connectionpool connectionpool.py:393	https://overload.yandex.net:443 "POST /api/job/542535/edit.json?api_token=468e142f8ae64ca09d4691f5756dce51 HTTP/1.1" 200 19
2022-08-13 12:08:00,568 [DEBUG] yandextank.core.tankcore tankcore.py:391	Searching for plugin: <class 'yandextank.plugins.Console.plugin.Plugin'>
2022-08-13 12:08:00,569 [DEBUG] yandextank.plugins.DataUploader.client client.py:642	Sending configinitial config
2022-08-13 12:08:00,660 [DEBUG] urllib3.connectionpool connectionpool.py:393	https://overload.yandex.net:443 "POST /api/job/542535/configinitial.txt?api_token=468e142f8ae64ca09d4691f5756dce51 HTTP/1.1" 200 16
2022-08-13 12:08:00,662 [DEBUG] yandextank.plugins.DataUploader.client client.py:642	Sending configinfo config
2022-08-13 12:08:00,795 [DEBUG] urllib3.connectionpool connectionpool.py:393	https://overload.yandex.net:443 "POST /api/job/542535/configinfo.txt?api_token=468e142f8ae64ca09d4691f5756dce51 HTTP/1.1" 200 16
2022-08-13 12:08:00,797 [INFO] yandextank.core.tankcore tankcore.py:259	Starting test...
2022-08-13 12:08:00,799 [INFO] yandextank.aggregator.tank_aggregator tank_aggregator.py:63	using verbose histogram
2022-08-13 12:08:00,807 [DEBUG] yandextank.core.tankcore tankcore.py:263	Starting <yandextank.plugins.JsonReport.plugin.Plugin object at 0x7fb9e2dd90d0>
2022-08-13 12:08:00,807 [INFO] yandextank.core.tankcore tankcore.py:267	Plugin <yandextank.plugins.JsonReport.plugin.Plugin object at 0x7fb9e2dd90d0> required 0.000009 seconds to start
2022-08-13 12:08:00,808 [DEBUG] yandextank.core.tankcore tankcore.py:263	Starting <yandextank.plugins.Autostop.plugin.Plugin object at 0x7fb9e2e33d10>
2022-08-13 12:08:00,809 [INFO] yandextank.core.tankcore tankcore.py:267	Plugin <yandextank.plugins.Autostop.plugin.Plugin object at 0x7fb9e2e33d10> required 0.000003 seconds to start
2022-08-13 12:08:00,810 [DEBUG] yandextank.core.tankcore tankcore.py:263	Starting <yandextank.plugins.ShellExec.plugin.Plugin object at 0x7fb9e2dd96d0>
2022-08-13 12:08:00,810 [INFO] yandextank.core.tankcore tankcore.py:267	Plugin <yandextank.plugins.ShellExec.plugin.Plugin object at 0x7fb9e2dd96d0> required 0.000003 seconds to start
2022-08-13 12:08:00,810 [DEBUG] yandextank.core.tankcore tankcore.py:263	Starting <yandextank.plugins.Console.plugin.Plugin object at 0x7fb9e2dd9d50>
2022-08-13 12:08:00,810 [INFO] yandextank.core.tankcore tankcore.py:267	Plugin <yandextank.plugins.Console.plugin.Plugin object at 0x7fb9e2dd9d50> required 0.000004 seconds to start
2022-08-13 12:08:00,810 [DEBUG] yandextank.core.tankcore tankcore.py:263	Starting <yandextank.plugins.JMeter.plugin.Plugin object at 0x7fb9e2dd93d0>
2022-08-13 12:08:00,811 [INFO] yandextank.plugins.JMeter.plugin plugin.py:119	Starting /usr/local/apache-jmeter-3.3/bin/jmeter with arguments: ['/usr/local/apache-jmeter-3.3/bin/jmeter', '-n', '-t', '/var/loadtest/modified_pMHhcI.jmx', '-j', '/var/loadtest/logs/2022-08-13_12-07-59.169885/jmeter_ZhGPM7.log', '-Jjmeter.save.saveservice.default_delimiter=\\t', '-Jjmeter.save.saveservice.connect_time=true']
2022-08-13 12:08:06,499 [INFO] yandextank.core.tankcore tankcore.py:267	Plugin <yandextank.plugins.JMeter.plugin.Plugin object at 0x7fb9e2dd93d0> required 5.688189 seconds to start
2022-08-13 12:08:06,501 [DEBUG] yandextank.core.tankcore tankcore.py:263	Starting <yandextank.plugins.RCAssert.plugin.Plugin object at 0x7fb9e2dd9210>
2022-08-13 12:08:06,501 [INFO] yandextank.core.tankcore tankcore.py:267	Plugin <yandextank.plugins.RCAssert.plugin.Plugin object at 0x7fb9e2dd9210> required 0.000009 seconds to start
2022-08-13 12:08:06,502 [DEBUG] yandextank.core.tankcore tankcore.py:263	Starting <yandextank.plugins.ResourceCheck.plugin.Plugin object at 0x7fb9e2dd9e10>
2022-08-13 12:08:06,502 [INFO] yandextank.core.tankcore tankcore.py:267	Plugin <yandextank.plugins.ResourceCheck.plugin.Plugin object at 0x7fb9e2dd9e10> required 0.000002 seconds to start
2022-08-13 12:08:06,502 [DEBUG] yandextank.core.tankcore tankcore.py:263	Starting <yandextank.plugins.DataUploader.plugin.Plugin object at 0x7fb9e2dd9d10>
2022-08-13 12:08:06,503 [INFO] yandextank.plugins.DataUploader.plugin plugin.py:394	Status sender thread started
2022-08-13 12:08:06,504 [INFO] yandextank.plugins.DataUploader.plugin plugin.py:413	Data Uploader thread started
2022-08-13 12:08:06,504 [INFO] yandextank.plugins.DataUploader.plugin plugin.py:413	Monitoring Uploader thread started
2022-08-13 12:08:06,505 [INFO] yandextank.plugins.DataUploader.plugin plugin.py:298	Web link: https://overload.yandex.net/542535
2022-08-13 12:08:06,506 [DEBUG] yandextank.common.interfaces interfaces.py:101	Publishing status: Plugin/jobno: 542535
2022-08-13 12:08:06,507 [DEBUG] yandextank.common.interfaces interfaces.py:101	Publishing status: Plugin/web_link: https://overload.yandex.net/542535
2022-08-13 12:08:06,507 [DEBUG] yandextank.plugins.DataUploader.plugin plugin.py:305	Saving jobno to: jobno_file.txt
2022-08-13 12:08:06,508 [DEBUG] yandextank.core.tankcore tankcore.py:446	Adding artifact file to collect (keep=False): jobno_file.txt
2022-08-13 12:08:06,509 [DEBUG] yandextank.plugins.DataUploader.client client.py:642	Sending configinitial config
2022-08-13 12:08:06,618 [DEBUG] urllib3.connectionpool connectionpool.py:393	https://overload.yandex.net:443 "POST /api/job/542535/configinitial.txt?api_token=468e142f8ae64ca09d4691f5756dce51 HTTP/1.1" 200 16
2022-08-13 12:08:06,621 [DEBUG] yandextank.plugins.DataUploader.client client.py:642	Sending configinfo config
2022-08-13 12:08:06,751 [DEBUG] urllib3.connectionpool connectionpool.py:393	https://overload.yandex.net:443 "POST /api/job/542535/configinfo.txt?api_token=468e142f8ae64ca09d4691f5756dce51 HTTP/1.1" 200 16
2022-08-13 12:08:06,754 [INFO] yandextank.core.tankcore tankcore.py:267	Plugin <yandextank.plugins.DataUploader.plugin.Plugin object at 0x7fb9e2dd9d10> required 0.251510 seconds to start
2022-08-13 12:08:06,755 [INFO] yandextank.core.tankcore tankcore.py:274	Waiting for test to finish...
2022-08-13 12:08:06,755 [INFO] yandextank.core.tankcore tankcore.py:275	Artifacts dir: /var/loadtest/logs/2022-08-13_12-07-59.169885
2022-08-13 12:08:06,756 [DEBUG] yandextank.aggregator.tank_aggregator tank_aggregator.py:87	Data timestamps: []
2022-08-13 12:08:06,756 [DEBUG] yandextank.aggregator.tank_aggregator tank_aggregator.py:88	Stats timestamps: []
2022-08-13 12:08:06,756 [DEBUG] yandextank.core.tankcore tankcore.py:286	Polling <yandextank.plugins.JsonReport.plugin.Plugin object at 0x7fb9e2dd90d0>
2022-08-13 12:08:06,756 [DEBUG] yandextank.core.tankcore tankcore.py:286	Polling <yandextank.plugins.Autostop.plugin.Plugin object at 0x7fb9e2e33d10>
2022-08-13 12:08:06,757 [DEBUG] yandextank.core.tankcore tankcore.py:286	Polling <yandextank.plugins.ShellExec.plugin.Plugin object at 0x7fb9e2dd96d0>
2022-08-13 12:08:06,757 [DEBUG] yandextank.core.tankcore tankcore.py:286	Polling <yandextank.plugins.Console.plugin.Plugin object at 0x7fb9e2dd9d50>
2022-08-13 12:08:06,757 [DEBUG] yandextank.plugins.Console.screen screen.py:389	Terminal size: 80x24
2022-08-13 12:08:06,758 [DEBUG] yandextank.plugins.Console.screen screen.py:401	Left/right panels width: 51/24
2022-08-13 12:08:06,758 [DEBUG] yandextank.plugins.Console.screen screen.py:406	There are 3 info widgets
2022-08-13 12:08:06,758 [DEBUG] yandextank.plugins.Console.screen screen.py:410	Rendering info widget #0: <yandextank.plugins.JMeter.plugin.JMeterInfoWidget object at 0x7fb9e2e33790>
2022-08-13 12:08:06,758 [DEBUG] yandextank.plugins.Console.screen screen.py:410	Rendering info widget #1: <yandextank.plugins.DataUploader.plugin.JobInfoWidget object at 0x7fb9e2e33850>
2022-08-13 12:08:06,758 [DEBUG] yandextank.plugins.Console.screen screen.py:410	Rendering info widget #25: <yandextank.plugins.Autostop.plugin.AutostopWidget object at 0x7fb9e2e33390>
2022-08-13 12:08:06,759 [DEBUG] yandextank.plugins.Console.screen screen.py:367	Rendering left blocks
2022-08-13 12:08:06,760 [DEBUG] yandextank.plugins.Console.screen screen.py:418	Composing final screen output
2022-08-13 12:08:06,761 [DEBUG] yandextank.plugins.Console.plugin plugin.py:73	Writing console view to STDOUT
2022-08-13 12:08:06,761 [DEBUG] yandextank.core.tankcore tankcore.py:286	Polling <yandextank.plugins.JMeter.plugin.Plugin object at 0x7fb9e2dd93d0>
2022-08-13 12:08:06,762 [INFO] yandextank.plugins.JMeter.plugin plugin.py:146	JMeter process finished with exit code: 0, waiting for aggregator
2022-08-13 12:08:06,762 [DEBUG] yandextank.core.tankcore tankcore.py:286	Polling <yandextank.plugins.RCAssert.plugin.Plugin object at 0x7fb9e2dd9210>
2022-08-13 12:08:06,762 [DEBUG] yandextank.core.tankcore tankcore.py:286	Polling <yandextank.plugins.ResourceCheck.plugin.Plugin object at 0x7fb9e2dd9e10>
2022-08-13 12:08:06,762 [DEBUG] yandextank.common.interfaces plugin.py:44	Checking tank resources...
2022-08-13 12:08:06,762 [DEBUG] netort.process process.py:23	Starting: sh -c "df --no-sync -m -P -l -x fuse -x tmpfs -x devtmpfs -x davfs -x nfs /var/loadtest/logs | tail -n 1 | awk '{print \$4}' "
2022-08-13 12:08:07,354 [DEBUG] netort.process process.py:46	Process output:
28243

2022-08-13 12:08:07,354 [DEBUG] netort.process process.py:48	Process exit code: 0
2022-08-13 12:08:07,354 [DEBUG] root plugin.py:58	Result: (0, '28243\n', '')
2022-08-13 12:08:07,355 [DEBUG] yandextank.common.interfaces plugin.py:64	Disk free space: 28243/2048
2022-08-13 12:08:07,355 [DEBUG] yandextank.common.interfaces plugin.py:75	Memory free: 1374/512
2022-08-13 12:08:07,355 [DEBUG] yandextank.core.tankcore tankcore.py:286	Polling <yandextank.plugins.DataUploader.plugin.Plugin object at 0x7fb9e2dd9d10>
2022-08-13 12:08:07,356 [DEBUG] yandextank.core.tankcore tankcore.py:292	Polling took 0.599905967712
2022-08-13 12:08:07,356 [DEBUG] yandextank.core.tankcore tankcore.py:293	Tank status: {"core": {"stage": "shoot"}, "uploader": {"task": "", "web_link": "https://overload.yandex.net/542535", "job_name": "none", "person": "root", "version": "", "meta": {"loop_count": 0, "cmdline": "/usr/local/bin/yandex-tank -c load.yaml", "target_port": 80, "ammo_path": "/var/loadtest", "target_host": ""}, "job_no": 542535, "job_dsc": ""}, "Plugin": {"web_link": "https://overload.yandex.net/542535", "jobno": 542535, "job_no": 542535}}
2022-08-13 12:08:07,356 [DEBUG] yandextank.aggregator.tank_aggregator tank_aggregator.py:87	Data timestamps: []
2022-08-13 12:08:07,356 [DEBUG] yandextank.aggregator.tank_aggregator tank_aggregator.py:88	Stats timestamps: []
2022-08-13 12:08:07,357 [DEBUG] yandextank.core.tankcore tankcore.py:286	Polling <yandextank.plugins.JsonReport.plugin.Plugin object at 0x7fb9e2dd90d0>
2022-08-13 12:08:07,357 [DEBUG] yandextank.core.tankcore tankcore.py:286	Polling <yandextank.plugins.Autostop.plugin.Plugin object at 0x7fb9e2e33d10>
2022-08-13 12:08:07,357 [DEBUG] yandextank.core.tankcore tankcore.py:286	Polling <yandextank.plugins.ShellExec.plugin.Plugin object at 0x7fb9e2dd96d0>
2022-08-13 12:08:07,357 [DEBUG] yandextank.core.tankcore tankcore.py:286	Polling <yandextank.plugins.Console.plugin.Plugin object at 0x7fb9e2dd9d50>
2022-08-13 12:08:07,358 [DEBUG] yandextank.plugins.Console.screen screen.py:389	Terminal size: 80x24
2022-08-13 12:08:07,358 [DEBUG] yandextank.plugins.Console.screen screen.py:401	Left/right panels width: 51/24
2022-08-13 12:08:07,358 [DEBUG] yandextank.plugins.Console.screen screen.py:406	There are 3 info widgets
2022-08-13 12:08:07,358 [DEBUG] yandextank.plugins.Console.screen screen.py:410	Rendering info widget #0: <yandextank.plugins.JMeter.plugin.JMeterInfoWidget object at 0x7fb9e2e33790>
2022-08-13 12:08:07,359 [DEBUG] yandextank.plugins.Console.screen screen.py:410	Rendering info widget #1: <yandextank.plugins.DataUploader.plugin.JobInfoWidget object at 0x7fb9e2e33850>
2022-08-13 12:08:07,359 [DEBUG] yandextank.plugins.Console.screen screen.py:410	Rendering info widget #25: <yandextank.plugins.Autostop.plugin.AutostopWidget object at 0x7fb9e2e33390>
2022-08-13 12:08:07,359 [DEBUG] yandextank.plugins.Console.screen screen.py:367	Rendering left blocks
2022-08-13 12:08:07,361 [DEBUG] yandextank.plugins.Console.screen screen.py:418	Composing final screen output
2022-08-13 12:08:07,362 [DEBUG] yandextank.core.tankcore tankcore.py:286	Polling <yandextank.plugins.JMeter.plugin.Plugin object at 0x7fb9e2dd93d0>
2022-08-13 12:08:07,362 [INFO] yandextank.core.tankcore tankcore.py:301	Finishing test...
2022-08-13 12:08:07,362 [DEBUG] yandextank.plugins.Console.plugin plugin.py:73	Writing console view to STDOUT
2022-08-13 12:08:07,363 [INFO] yandextank.core.tankcore tankcore.py:303	Stopping load generator and aggregator
2022-08-13 12:08:07,364 [DEBUG] yandextank.core.tankcore tankcore.py:446	Adding artifact file to collect (keep=False): /var/loadtest/logs/2022-08-13_12-07-59.169885/jmeter_ZhGPM7.log
2022-08-13 12:08:07,364 [DEBUG] yandextank.aggregator.tank_aggregator tank_aggregator.py:123	Closing stats reader
2022-08-13 12:08:07,364 [DEBUG] yandextank.aggregator.tank_aggregator tank_aggregator.py:126	Waiting for gun drain to finish
