2022-08-25 10:37:30,349 INFO o.a.j.u.JMeterUtils: Setting Locale to en_US
2022-08-25 10:37:30,372 INFO o.a.j.JMeter: Loading user properties from: /usr/local/apache-jmeter-3.3/bin/user.properties
2022-08-25 10:37:30,373 INFO o.a.j.JMeter: Loading system properties from: /usr/local/apache-jmeter-3.3/bin/system.properties
2022-08-25 10:37:30,374 INFO o.a.j.JMeter: Setting JMeter property: jmeter.save.saveservice.default_delimiter=\t
2022-08-25 10:37:30,374 INFO o.a.j.JMeter: Setting JMeter property: jmeter.save.saveservice.connect_time=true
2022-08-25 10:37:30,380 INFO o.a.j.JMeter: Copyright (c) 1998-2017 The Apache Software Foundation
2022-08-25 10:37:30,380 INFO o.a.j.JMeter: Version 3.3 r1808647
2022-08-25 10:37:30,380 INFO o.a.j.JMeter: java.version=1.8.0_191
2022-08-25 10:37:30,380 INFO o.a.j.JMeter: java.vm.name=OpenJDK 64-Bit Server VM
2022-08-25 10:37:30,381 INFO o.a.j.JMeter: os.name=Linux
2022-08-25 10:37:30,381 INFO o.a.j.JMeter: os.arch=amd64
2022-08-25 10:37:30,381 INFO o.a.j.JMeter: os.version=5.15.0-46-generic
2022-08-25 10:37:30,381 INFO o.a.j.JMeter: file.encoding=ANSI_X3.4-1968
2022-08-25 10:37:30,381 INFO o.a.j.JMeter: Max memory     =536870912
2022-08-25 10:37:30,381 INFO o.a.j.JMeter: Available Processors =4
2022-08-25 10:37:30,386 INFO o.a.j.JMeter: Default Locale=English (United States)
2022-08-25 10:37:30,387 INFO o.a.j.JMeter: JMeter  Locale=English (United States)
2022-08-25 10:37:30,387 INFO o.a.j.JMeter: JMeterHome=/usr/local/apache-jmeter-3.3
2022-08-25 10:37:30,387 INFO o.a.j.JMeter: user.dir  =/var/loadtest
2022-08-25 10:37:30,388 INFO o.a.j.JMeter: PWD       =/var/loadtest
2022-08-25 10:37:30,388 INFO o.a.j.JMeter: IP: 127.0.1.1 Name: ubuntu FullName: ubuntu
2022-08-25 10:37:30,393 INFO o.a.j.s.FileServer: Default base='/var/loadtest'
2022-08-25 10:37:30,393 INFO o.a.j.s.FileServer: Set new base='/var/loadtest'
2022-08-25 10:37:30,629 INFO o.a.j.s.SaveService: Testplan (JMX) version: 2.2. Testlog (JTL) version: 2.2
2022-08-25 10:37:30,655 INFO o.a.j.s.SaveService: Using SaveService properties file encoding UTF-8
2022-08-25 10:37:30,660 INFO o.a.j.s.SaveService: Using SaveService properties version 3.2
2022-08-25 10:37:30,671 INFO o.a.j.s.SaveService: Loading file: /var/loadtest/modified_obcT9R.jmx
2022-08-25 10:37:30,725 INFO o.a.j.p.h.c.CookieManager: Settings: Delete null: true Check: true Allow variable: true Save: false Prefix: COOKIE_
2022-08-25 10:37:30,744 INFO o.a.j.p.h.s.HTTPSamplerBase: Parser for text/html is org.apache.jmeter.protocol.http.parser.LagartoBasedHtmlParser
2022-08-25 10:37:30,745 INFO o.a.j.p.h.s.HTTPSamplerBase: Parser for application/xhtml+xml is org.apache.jmeter.protocol.http.parser.LagartoBasedHtmlParser
2022-08-25 10:37:30,745 INFO o.a.j.p.h.s.HTTPSamplerBase: Parser for application/xml is org.apache.jmeter.protocol.http.parser.LagartoBasedHtmlParser
2022-08-25 10:37:30,745 INFO o.a.j.p.h.s.HTTPSamplerBase: Parser for text/xml is org.apache.jmeter.protocol.http.parser.LagartoBasedHtmlParser
2022-08-25 10:37:30,745 INFO o.a.j.p.h.s.HTTPSamplerBase: Parser for text/vnd.wap.wml is org.apache.jmeter.protocol.http.parser.RegexpHTMLParser
2022-08-25 10:37:30,745 INFO o.a.j.p.h.s.HTTPSamplerBase: Parser for text/css is org.apache.jmeter.protocol.http.parser.CssParser
2022-08-25 10:37:30,841 INFO o.a.j.JMeter: Creating summariser <summary>
2022-08-25 10:37:30,850 INFO o.a.j.e.StandardJMeterEngine: Running the test!
2022-08-25 10:37:30,852 INFO o.a.j.s.SampleEvent: List of sample_variables: []
2022-08-25 10:37:30,853 INFO o.a.j.s.SampleEvent: List of sample_variables: []
2022-08-25 10:37:30,858 INFO o.a.j.e.u.CompoundVariable: Note: Function class names must contain the string: '.functions.'
2022-08-25 10:37:30,858 INFO o.a.j.e.u.CompoundVariable: Note: Function class names must not contain the string: '.gui.'
2022-08-25 10:37:31,907 INFO o.a.j.JMeter: Running test (1661423851907)
2022-08-25 10:37:31,960 INFO o.a.j.e.StandardJMeterEngine: Starting ThreadGroup: 1 : Thread Group
2022-08-25 10:37:31,960 INFO o.a.j.e.StandardJMeterEngine: Starting 40 threads for group Thread Group.
2022-08-25 10:37:31,961 INFO o.a.j.e.StandardJMeterEngine: Test will stop abruptly on error
2022-08-25 10:37:31,962 INFO o.a.j.t.ThreadGroup: Starting thread group... number=1 threads=40 ramp-up=60 perThread=1500.0 delayedStart=false
2022-08-25 10:37:31,982 INFO o.a.j.t.JMeterThread: Thread started: Thread Group 1-1
2022-08-25 10:37:32,041 INFO o.a.j.p.h.s.HTTPHCAbstractImpl: Local host = ubuntu
2022-08-25 10:37:32,050 INFO o.a.j.p.h.s.HTTPHC4Impl: HTTP request retry count = 0
2022-08-25 10:37:32,065 INFO o.a.j.s.SampleResult: Note: Sample TimeStamps are START times
2022-08-25 10:37:32,065 INFO o.a.j.s.SampleResult: sampleresult.default.encoding is set to ISO-8859-1
2022-08-25 10:37:32,065 INFO o.a.j.s.SampleResult: sampleresult.useNanoTime=true
2022-08-25 10:37:32,065 INFO o.a.j.s.SampleResult: sampleresult.nanoThreadSleep=5000
2022-08-25 10:37:32,170 INFO o.a.j.t.ThreadGroup: Started thread group number 1
2022-08-25 10:37:32,170 INFO o.a.j.e.StandardJMeterEngine: All thread groups have been started
2022-08-25 10:37:32,302 INFO o.a.j.p.h.s.LazySchemeSocketFactory: Setting up HTTPS TrustAll Socket Factory
2022-08-25 10:37:32,314 INFO o.a.j.u.JsseSSLManager: Using default SSL protocol: TLS
2022-08-25 10:37:32,315 INFO o.a.j.u.JsseSSLManager: SSL session context: per-thread
2022-08-25 10:37:32,662 INFO o.a.j.u.SSLManager: JmeterKeyStore Location:  type JKS
2022-08-25 10:37:32,665 INFO o.a.j.u.SSLManager: KeyStore created OK
2022-08-25 10:37:32,665 WARN o.a.j.u.SSLManager: Keystore file not found, loading empty keystore
2022-08-25 10:37:33,361 INFO o.a.j.r.Summariser: summary +      1 in 00:00:01 =    0.7/s Avg:  1107 Min:  1107 Max:  1107 Err:     0 (0.00%) Active: 1 Started: 1 Finished: 0
2022-08-25 10:37:33,498 INFO o.a.j.t.JMeterThread: Thread started: Thread Group 1-2
2022-08-25 10:37:34,149 WARN o.a.j.p.h.s.HTTPSamplerBase: Existing CookieManager HTTP Cookie Manager superseded by HTTP Cookie Manager
2022-08-25 10:37:34,151 WARN o.a.j.p.h.s.HTTPSamplerBase: Existing CookieManager HTTP Cookie Manager superseded by HTTP Cookie Manager
2022-08-25 10:37:34,240 WARN o.a.j.p.h.s.HTTPSamplerBase: Existing CookieManager HTTP Cookie Manager superseded by HTTP Cookie Manager
2022-08-25 10:37:34,244 INFO o.a.j.p.h.s.HTTPJavaImpl: Maximum connection retries = 0
2022-08-25 10:37:34,250 WARN o.a.j.p.h.s.HTTPSamplerBase: Existing CookieManager HTTP Cookie Manager superseded by HTTP Cookie Manager
2022-08-25 10:37:35,000 INFO o.a.j.t.JMeterThread: Thread started: Thread Group 1-3
2022-08-25 10:37:35,436 WARN o.a.j.p.h.s.HTTPSamplerBase: Existing CookieManager HTTP Cookie Manager superseded by HTTP Cookie Manager
2022-08-25 10:37:35,438 WARN o.a.j.p.h.s.HTTPSamplerBase: Existing CookieManager HTTP Cookie Manager superseded by HTTP Cookie Manager
2022-08-25 10:37:36,531 INFO o.a.j.t.JMeterThread: Thread started: Thread Group 1-4
2022-08-25 10:37:36,973 WARN o.a.j.p.h.s.HTTPSamplerBase: Existing CookieManager HTTP Cookie Manager superseded by HTTP Cookie Manager
2022-08-25 10:37:36,975 WARN o.a.j.p.h.s.HTTPSamplerBase: Existing CookieManager HTTP Cookie Manager superseded by HTTP Cookie Manager
2022-08-25 10:37:38,019 INFO o.a.j.t.JMeterThread: Thread started: Thread Group 1-5
2022-08-25 10:37:38,428 WARN o.a.j.p.h.s.HTTPSamplerBase: Existing CookieManager HTTP Cookie Manager superseded by HTTP Cookie Manager
2022-08-25 10:37:38,430 WARN o.a.j.p.h.s.HTTPSamplerBase: Existing CookieManager HTTP Cookie Manager superseded by HTTP Cookie Manager
2022-08-25 10:37:39,523 INFO o.a.j.t.JMeterThread: Thread started: Thread Group 1-6
2022-08-25 10:37:39,924 WARN o.a.j.p.h.s.HTTPSamplerBase: Existing CookieManager HTTP Cookie Manager superseded by HTTP Cookie Manager
2022-08-25 10:37:39,925 WARN o.a.j.p.h.s.HTTPSamplerBase: Existing CookieManager HTTP Cookie Manager superseded by HTTP Cookie Manager
2022-08-25 10:37:41,031 INFO o.a.j.t.JMeterThread: Thread started: Thread Group 1-7
2022-08-25 10:37:41,472 WARN o.a.j.p.h.s.HTTPSamplerBase: Existing CookieManager HTTP Cookie Manager superseded by HTTP Cookie Manager
2022-08-25 10:37:41,475 WARN o.a.j.p.h.s.HTTPSamplerBase: Existing CookieManager HTTP Cookie Manager superseded by HTTP Cookie Manager
2022-08-25 10:37:42,536 INFO o.a.j.t.JMeterThread: Thread started: Thread Group 1-8
2022-08-25 10:37:42,966 WARN o.a.j.p.h.s.HTTPSamplerBase: Existing CookieManager HTTP Cookie Manager superseded by HTTP Cookie Manager
2022-08-25 10:37:42,969 WARN o.a.j.p.h.s.HTTPSamplerBase: Existing CookieManager HTTP Cookie Manager superseded by HTTP Cookie Manager
2022-08-25 10:37:43,086 INFO o.a.j.t.JMeterThread: Thread is done: Thread Group 1-2
2022-08-25 10:37:43,087 INFO o.a.j.t.JMeterThread: Thread finished: Thread Group 1-2
2022-08-25 10:37:43,454 INFO o.a.j.t.JMeterThread: Thread is done: Thread Group 1-3
2022-08-25 10:37:43,454 INFO o.a.j.t.JMeterThread: Thread finished: Thread Group 1-3
2022-08-25 10:37:43,571 INFO o.a.j.t.JMeterThread: Thread is done: Thread Group 1-1
2022-08-25 10:37:43,571 INFO o.a.j.t.JMeterThread: Thread finished: Thread Group 1-1
2022-08-25 10:37:44,038 INFO o.a.j.t.JMeterThread: Thread started: Thread Group 1-9
2022-08-25 10:37:44,462 WARN o.a.j.p.h.s.HTTPSamplerBase: Existing CookieManager HTTP Cookie Manager superseded by HTTP Cookie Manager
2022-08-25 10:37:44,463 WARN o.a.j.p.h.s.HTTPSamplerBase: Existing CookieManager HTTP Cookie Manager superseded by HTTP Cookie Manager
2022-08-25 10:37:45,541 INFO o.a.j.t.JMeterThread: Thread started: Thread Group 1-10
2022-08-25 10:37:45,953 WARN o.a.j.p.h.s.HTTPSamplerBase: Existing CookieManager HTTP Cookie Manager superseded by HTTP Cookie Manager
2022-08-25 10:37:45,954 WARN o.a.j.p.h.s.HTTPSamplerBase: Existing CookieManager HTTP Cookie Manager superseded by HTTP Cookie Manager
2022-08-25 10:37:46,881 INFO o.a.j.t.JMeterThread: Thread is done: Thread Group 1-4
2022-08-25 10:37:46,881 INFO o.a.j.t.JMeterThread: Thread finished: Thread Group 1-4
2022-08-25 10:37:46,915 INFO o.a.j.t.JMeterThread: Thread is done: Thread Group 1-6
2022-08-25 10:37:46,915 INFO o.a.j.t.JMeterThread: Thread finished: Thread Group 1-6
2022-08-25 10:37:47,045 INFO o.a.j.t.JMeterThread: Thread started: Thread Group 1-11
2022-08-25 10:37:47,501 WARN o.a.j.p.h.s.HTTPSamplerBase: Existing CookieManager HTTP Cookie Manager superseded by HTTP Cookie Manager
2022-08-25 10:37:47,502 WARN o.a.j.p.h.s.HTTPSamplerBase: Existing CookieManager HTTP Cookie Manager superseded by HTTP Cookie Manager
2022-08-25 10:37:48,548 INFO o.a.j.t.JMeterThread: Thread started: Thread Group 1-12
2022-08-25 10:37:48,948 WARN o.a.j.p.h.s.HTTPSamplerBase: Existing CookieManager HTTP Cookie Manager superseded by HTTP Cookie Manager
2022-08-25 10:37:48,949 WARN o.a.j.p.h.s.HTTPSamplerBase: Existing CookieManager HTTP Cookie Manager superseded by HTTP Cookie Manager
2022-08-25 10:37:50,051 INFO o.a.j.t.JMeterThread: Thread started: Thread Group 1-13
2022-08-25 10:37:50,485 WARN o.a.j.p.h.s.HTTPSamplerBase: Existing CookieManager HTTP Cookie Manager superseded by HTTP Cookie Manager
2022-08-25 10:37:50,486 WARN o.a.j.p.h.s.HTTPSamplerBase: Existing CookieManager HTTP Cookie Manager superseded by HTTP Cookie Manager
2022-08-25 10:37:51,557 INFO o.a.j.t.JMeterThread: Thread started: Thread Group 1-14
2022-08-25 10:37:52,005 WARN o.a.j.p.h.s.HTTPSamplerBase: Existing CookieManager HTTP Cookie Manager superseded by HTTP Cookie Manager
2022-08-25 10:37:52,007 WARN o.a.j.p.h.s.HTTPSamplerBase: Existing CookieManager HTTP Cookie Manager superseded by HTTP Cookie Manager
2022-08-25 10:37:53,071 INFO o.a.j.t.JMeterThread: Thread started: Thread Group 1-15
2022-08-25 10:37:53,520 WARN o.a.j.p.h.s.HTTPSamplerBase: Existing CookieManager HTTP Cookie Manager superseded by HTTP Cookie Manager
2022-08-25 10:37:53,523 WARN o.a.j.p.h.s.HTTPSamplerBase: Existing CookieManager HTTP Cookie Manager superseded by HTTP Cookie Manager
2022-08-25 10:37:54,579 INFO o.a.j.t.JMeterThread: Thread started: Thread Group 1-16
2022-08-25 10:37:54,994 WARN o.a.j.p.h.s.HTTPSamplerBase: Existing CookieManager HTTP Cookie Manager superseded by HTTP Cookie Manager
2022-08-25 10:37:54,997 WARN o.a.j.p.h.s.HTTPSamplerBase: Existing CookieManager HTTP Cookie Manager superseded by HTTP Cookie Manager
2022-08-25 10:37:56,071 INFO o.a.j.t.JMeterThread: Thread started: Thread Group 1-17
2022-08-25 10:37:56,490 WARN o.a.j.p.h.s.HTTPSamplerBase: Existing CookieManager HTTP Cookie Manager superseded by HTTP Cookie Manager
2022-08-25 10:37:56,492 WARN o.a.j.p.h.s.HTTPSamplerBase: Existing CookieManager HTTP Cookie Manager superseded by HTTP Cookie Manager
2022-08-25 10:37:57,573 INFO o.a.j.t.JMeterThread: Thread started: Thread Group 1-18
2022-08-25 10:37:57,781 INFO o.a.j.t.JMeterThread: Thread is done: Thread Group 1-7
2022-08-25 10:37:57,782 INFO o.a.j.t.JMeterThread: Thread finished: Thread Group 1-7
2022-08-25 10:37:57,997 WARN o.a.j.p.h.s.HTTPSamplerBase: Existing CookieManager HTTP Cookie Manager superseded by HTTP Cookie Manager
2022-08-25 10:37:58,000 WARN o.a.j.p.h.s.HTTPSamplerBase: Existing CookieManager HTTP Cookie Manager superseded by HTTP Cookie Manager
2022-08-25 10:37:59,073 INFO o.a.j.t.JMeterThread: Thread is done: Thread Group 1-5
2022-08-25 10:37:59,073 INFO o.a.j.t.JMeterThread: Thread finished: Thread Group 1-5
2022-08-25 10:37:59,076 INFO o.a.j.t.JMeterThread: Thread started: Thread Group 1-19
2022-08-25 10:37:59,484 WARN o.a.j.p.h.s.HTTPSamplerBase: Existing CookieManager HTTP Cookie Manager superseded by HTTP Cookie Manager
2022-08-25 10:37:59,487 WARN o.a.j.p.h.s.HTTPSamplerBase: Existing CookieManager HTTP Cookie Manager superseded by HTTP Cookie Manager
2022-08-25 10:38:00,414 INFO o.a.j.r.Summariser: summary +    203 in 00:00:27 =    7.5/s Avg:   871 Min:    62 Max:  8419 Err:     0 (0.00%) Active: 12 Started: 19 Finished: 7
2022-08-25 10:38:00,416 INFO o.a.j.r.Summariser: summary =    204 in 00:00:29 =    7.2/s Avg:   872 Min:    62 Max:  8419 Err:     0 (0.00%)
2022-08-25 10:38:00,581 INFO o.a.j.t.JMeterThread: Thread started: Thread Group 1-20
2022-08-25 10:38:00,993 WARN o.a.j.p.h.s.HTTPSamplerBase: Existing CookieManager HTTP Cookie Manager superseded by HTTP Cookie Manager
2022-08-25 10:38:00,996 WARN o.a.j.p.h.s.HTTPSamplerBase: Existing CookieManager HTTP Cookie Manager superseded by HTTP Cookie Manager
2022-08-25 10:38:02,087 INFO o.a.j.t.JMeterThread: Thread started: Thread Group 1-21
2022-08-25 10:38:03,591 INFO o.a.j.t.JMeterThread: Thread started: Thread Group 1-22
2022-08-25 10:38:03,998 WARN o.a.j.p.h.s.HTTPSamplerBase: Existing CookieManager HTTP Cookie Manager superseded by HTTP Cookie Manager
2022-08-25 10:38:03,999 WARN o.a.j.p.h.s.HTTPSamplerBase: Existing CookieManager HTTP Cookie Manager superseded by HTTP Cookie Manager
2022-08-25 10:38:04,399 WARN o.a.j.p.h.s.HTTPSamplerBase: Existing CookieManager HTTP Cookie Manager superseded by HTTP Cookie Manager
2022-08-25 10:38:04,400 WARN o.a.j.p.h.s.HTTPSamplerBase: Existing CookieManager HTTP Cookie Manager superseded by HTTP Cookie Manager
2022-08-25 10:38:04,495 INFO o.a.j.t.JMeterThread: Thread is done: Thread Group 1-9
2022-08-25 10:38:04,495 INFO o.a.j.t.JMeterThread: Thread finished: Thread Group 1-9
2022-08-25 10:38:05,096 INFO o.a.j.t.JMeterThread: Thread started: Thread Group 1-23
2022-08-25 10:38:05,198 INFO o.a.j.t.JMeterThread: Thread is done: Thread Group 1-11
2022-08-25 10:38:05,198 INFO o.a.j.t.JMeterThread: Thread finished: Thread Group 1-11
2022-08-25 10:38:05,533 WARN o.a.j.p.h.s.HTTPSamplerBase: Existing CookieManager HTTP Cookie Manager superseded by HTTP Cookie Manager
2022-08-25 10:38:05,534 WARN o.a.j.p.h.s.HTTPSamplerBase: Existing CookieManager HTTP Cookie Manager superseded by HTTP Cookie Manager
2022-08-25 10:38:06,600 INFO o.a.j.t.JMeterThread: Thread started: Thread Group 1-24
2022-08-25 10:38:07,008 WARN o.a.j.p.h.s.HTTPSamplerBase: Existing CookieManager HTTP Cookie Manager superseded by HTTP Cookie Manager
2022-08-25 10:38:07,010 WARN o.a.j.p.h.s.HTTPSamplerBase: Existing CookieManager HTTP Cookie Manager superseded by HTTP Cookie Manager
2022-08-25 10:38:08,067 INFO o.a.j.t.JMeterThread: Thread is done: Thread Group 1-8
2022-08-25 10:38:08,068 INFO o.a.j.t.JMeterThread: Thread finished: Thread Group 1-8
2022-08-25 10:38:08,102 INFO o.a.j.t.JMeterThread: Thread started: Thread Group 1-25
2022-08-25 10:38:08,543 WARN o.a.j.p.h.s.HTTPSamplerBase: Existing CookieManager HTTP Cookie Manager superseded by HTTP Cookie Manager
2022-08-25 10:38:08,544 WARN o.a.j.p.h.s.HTTPSamplerBase: Existing CookieManager HTTP Cookie Manager superseded by HTTP Cookie Manager
2022-08-25 10:38:08,790 INFO o.a.j.t.JMeterThread: Thread is done: Thread Group 1-10
2022-08-25 10:38:08,790 INFO o.a.j.t.JMeterThread: Thread finished: Thread Group 1-10
2022-08-25 10:38:09,605 INFO o.a.j.t.JMeterThread: Thread started: Thread Group 1-26
2022-08-25 10:38:10,087 WARN o.a.j.p.h.s.HTTPSamplerBase: Existing CookieManager HTTP Cookie Manager superseded by HTTP Cookie Manager
2022-08-25 10:38:10,089 WARN o.a.j.p.h.s.HTTPSamplerBase: Existing CookieManager HTTP Cookie Manager superseded by HTTP Cookie Manager
2022-08-25 10:38:11,107 INFO o.a.j.t.JMeterThread: Thread started: Thread Group 1-27
2022-08-25 10:38:11,591 WARN o.a.j.p.h.s.HTTPSamplerBase: Existing CookieManager HTTP Cookie Manager superseded by HTTP Cookie Manager
2022-08-25 10:38:11,592 WARN o.a.j.p.h.s.HTTPSamplerBase: Existing CookieManager HTTP Cookie Manager superseded by HTTP Cookie Manager
2022-08-25 10:38:12,004 INFO o.a.j.t.JMeterThread: Thread is done: Thread Group 1-12
2022-08-25 10:38:12,004 INFO o.a.j.t.JMeterThread: Thread finished: Thread Group 1-12
2022-08-25 10:38:12,610 INFO o.a.j.t.JMeterThread: Thread started: Thread Group 1-28
2022-08-25 10:38:13,032 WARN o.a.j.p.h.s.HTTPSamplerBase: Existing CookieManager HTTP Cookie Manager superseded by HTTP Cookie Manager
2022-08-25 10:38:13,033 WARN o.a.j.p.h.s.HTTPSamplerBase: Existing CookieManager HTTP Cookie Manager superseded by HTTP Cookie Manager
2022-08-25 10:38:13,391 INFO o.a.j.t.JMeterThread: Thread is done: Thread Group 1-16
2022-08-25 10:38:13,391 INFO o.a.j.t.JMeterThread: Thread finished: Thread Group 1-16
2022-08-25 10:38:14,038 INFO o.a.j.t.JMeterThread: Thread is done: Thread Group 1-15
2022-08-25 10:38:14,038 INFO o.a.j.t.JMeterThread: Thread finished: Thread Group 1-15
2022-08-25 10:38:14,112 INFO o.a.j.t.JMeterThread: Thread started: Thread Group 1-29
2022-08-25 10:38:14,547 WARN o.a.j.p.h.s.HTTPSamplerBase: Existing CookieManager HTTP Cookie Manager superseded by HTTP Cookie Manager
2022-08-25 10:38:14,549 WARN o.a.j.p.h.s.HTTPSamplerBase: Existing CookieManager HTTP Cookie Manager superseded by HTTP Cookie Manager
2022-08-25 10:38:15,602 INFO o.a.j.t.JMeterThread: Thread is done: Thread Group 1-19
2022-08-25 10:38:15,603 INFO o.a.j.t.JMeterThread: Thread finished: Thread Group 1-19
2022-08-25 10:38:15,615 INFO o.a.j.t.JMeterThread: Thread started: Thread Group 1-30
2022-08-25 10:38:16,102 WARN o.a.j.p.h.s.HTTPSamplerBase: Existing CookieManager HTTP Cookie Manager superseded by HTTP Cookie Manager
2022-08-25 10:38:16,103 WARN o.a.j.p.h.s.HTTPSamplerBase: Existing CookieManager HTTP Cookie Manager superseded by HTTP Cookie Manager
2022-08-25 10:38:16,204 INFO o.a.j.t.JMeterThread: Thread is done: Thread Group 1-22
2022-08-25 10:38:16,205 INFO o.a.j.t.JMeterThread: Thread finished: Thread Group 1-22
2022-08-25 10:38:16,470 INFO o.a.j.t.JMeterThread: Thread is done: Thread Group 1-18
2022-08-25 10:38:16,470 INFO o.a.j.t.JMeterThread: Thread finished: Thread Group 1-18
2022-08-25 10:38:17,118 INFO o.a.j.t.JMeterThread: Thread started: Thread Group 1-31
2022-08-25 10:38:18,628 INFO o.a.j.t.JMeterThread: Thread started: Thread Group 1-32
2022-08-25 10:38:19,026 WARN o.a.j.p.h.s.HTTPSamplerBase: Existing CookieManager HTTP Cookie Manager superseded by HTTP Cookie Manager
2022-08-25 10:38:19,028 WARN o.a.j.p.h.s.HTTPSamplerBase: Existing CookieManager HTTP Cookie Manager superseded by HTTP Cookie Manager
2022-08-25 10:38:19,698 INFO o.a.j.t.JMeterThread: Thread is done: Thread Group 1-21
2022-08-25 10:38:19,698 INFO o.a.j.t.JMeterThread: Thread finished: Thread Group 1-21
2022-08-25 10:38:20,131 INFO o.a.j.t.JMeterThread: Thread started: Thread Group 1-33
2022-08-25 10:38:20,241 INFO o.a.j.t.JMeterThread: Thread is done: Thread Group 1-24
2022-08-25 10:38:20,242 INFO o.a.j.t.JMeterThread: Thread finished: Thread Group 1-24
2022-08-25 10:38:20,841 WARN o.a.j.p.h.s.HTTPSamplerBase: Existing CookieManager HTTP Cookie Manager superseded by HTTP Cookie Manager
2022-08-25 10:38:20,843 WARN o.a.j.p.h.s.HTTPSamplerBase: Existing CookieManager HTTP Cookie Manager superseded by HTTP Cookie Manager
2022-08-25 10:38:21,629 INFO o.a.j.t.JMeterThread: Thread is done: Thread Group 1-14
2022-08-25 10:38:21,629 INFO o.a.j.t.JMeterThread: Thread finished: Thread Group 1-14
2022-08-25 10:38:21,644 INFO o.a.j.t.JMeterThread: Thread started: Thread Group 1-34
2022-08-25 10:38:21,780 INFO o.a.j.t.JMeterThread: Thread is done: Thread Group 1-20
2022-08-25 10:38:21,780 INFO o.a.j.t.JMeterThread: Thread finished: Thread Group 1-20
2022-08-25 10:38:22,085 WARN o.a.j.p.h.s.HTTPSamplerBase: Existing CookieManager HTTP Cookie Manager superseded by HTTP Cookie Manager
2022-08-25 10:38:22,086 WARN o.a.j.p.h.s.HTTPSamplerBase: Existing CookieManager HTTP Cookie Manager superseded by HTTP Cookie Manager
2022-08-25 10:38:22,514 WARN o.a.j.p.h.s.HTTPSamplerBase: Existing CookieManager HTTP Cookie Manager superseded by HTTP Cookie Manager
2022-08-25 10:38:22,515 WARN o.a.j.p.h.s.HTTPSamplerBase: Existing CookieManager HTTP Cookie Manager superseded by HTTP Cookie Manager
2022-08-25 10:38:23,156 INFO o.a.j.t.JMeterThread: Thread started: Thread Group 1-35
2022-08-25 10:38:23,568 WARN o.a.j.p.h.s.HTTPSamplerBase: Existing CookieManager HTTP Cookie Manager superseded by HTTP Cookie Manager
2022-08-25 10:38:23,569 WARN o.a.j.p.h.s.HTTPSamplerBase: Existing CookieManager HTTP Cookie Manager superseded by HTTP Cookie Manager
2022-08-25 10:38:24,664 INFO o.a.j.t.JMeterThread: Thread started: Thread Group 1-36
2022-08-25 10:38:25,097 WARN o.a.j.p.h.s.HTTPSamplerBase: Existing CookieManager HTTP Cookie Manager superseded by HTTP Cookie Manager
2022-08-25 10:38:25,099 WARN o.a.j.p.h.s.HTTPSamplerBase: Existing CookieManager HTTP Cookie Manager superseded by HTTP Cookie Manager
2022-08-25 10:38:26,166 INFO o.a.j.t.JMeterThread: Thread started: Thread Group 1-37
2022-08-25 10:38:26,603 WARN o.a.j.p.h.s.HTTPSamplerBase: Existing CookieManager HTTP Cookie Manager superseded by HTTP Cookie Manager
2022-08-25 10:38:26,605 WARN o.a.j.p.h.s.HTTPSamplerBase: Existing CookieManager HTTP Cookie Manager superseded by HTTP Cookie Manager
2022-08-25 10:38:26,637 INFO o.a.j.t.JMeterThread: Thread is done: Thread Group 1-13
2022-08-25 10:38:26,637 INFO o.a.j.t.JMeterThread: Thread finished: Thread Group 1-13
2022-08-25 10:38:26,755 INFO o.a.j.t.JMeterThread: Thread is done: Thread Group 1-23
2022-08-25 10:38:26,756 INFO o.a.j.t.JMeterThread: Thread finished: Thread Group 1-23
2022-08-25 10:38:27,668 INFO o.a.j.t.JMeterThread: Thread started: Thread Group 1-38
2022-08-25 10:38:27,850 INFO o.a.j.t.JMeterThread: Thread is done: Thread Group 1-17
2022-08-25 10:38:27,850 INFO o.a.j.t.JMeterThread: Thread finished: Thread Group 1-17
2022-08-25 10:38:28,075 INFO o.a.j.t.JMeterThread: Thread is done: Thread Group 1-32
2022-08-25 10:38:28,075 INFO o.a.j.t.JMeterThread: Thread finished: Thread Group 1-32
2022-08-25 10:38:28,130 WARN o.a.j.p.h.s.HTTPSamplerBase: Existing CookieManager HTTP Cookie Manager superseded by HTTP Cookie Manager
2022-08-25 10:38:28,130 WARN o.a.j.p.h.s.HTTPSamplerBase: Existing CookieManager HTTP Cookie Manager superseded by HTTP Cookie Manager
2022-08-25 10:38:28,434 INFO o.a.j.t.JMeterThread: Thread is done: Thread Group 1-27
2022-08-25 10:38:28,434 INFO o.a.j.t.JMeterThread: Thread finished: Thread Group 1-27
2022-08-25 10:38:29,170 INFO o.a.j.t.JMeterThread: Thread started: Thread Group 1-39
2022-08-25 10:38:29,626 WARN o.a.j.p.h.s.HTTPSamplerBase: Existing CookieManager HTTP Cookie Manager superseded by HTTP Cookie Manager
2022-08-25 10:38:29,628 WARN o.a.j.p.h.s.HTTPSamplerBase: Existing CookieManager HTTP Cookie Manager superseded by HTTP Cookie Manager
2022-08-25 10:38:29,741 INFO o.a.j.t.JMeterThread: Thread is done: Thread Group 1-25
2022-08-25 10:38:29,742 INFO o.a.j.t.JMeterThread: Thread finished: Thread Group 1-25
2022-08-25 10:38:30,030 INFO o.a.j.r.Summariser: summary +    361 in 00:00:30 =   12.2/s Avg:  1137 Min:    62 Max: 19360 Err:     0 (0.00%) Active: 12 Started: 39 Finished: 27
2022-08-25 10:38:30,031 INFO o.a.j.r.Summariser: summary =    565 in 00:00:58 =    9.7/s Avg:  1041 Min:    62 Max: 19360 Err:     0 (0.00%)
2022-08-25 10:38:30,672 INFO o.a.j.t.JMeterThread: Thread started: Thread Group 1-40
2022-08-25 10:38:31,080 WARN o.a.j.p.h.s.HTTPSamplerBase: Existing CookieManager HTTP Cookie Manager superseded by HTTP Cookie Manager
2022-08-25 10:38:31,081 WARN o.a.j.p.h.s.HTTPSamplerBase: Existing CookieManager HTTP Cookie Manager superseded by HTTP Cookie Manager
2022-08-25 10:38:32,272 INFO o.a.j.t.JMeterThread: Thread is done: Thread Group 1-26
2022-08-25 10:38:32,272 INFO o.a.j.t.JMeterThread: Thread finished: Thread Group 1-26
2022-08-25 10:38:32,884 INFO o.a.j.t.JMeterThread: Thread is done: Thread Group 1-30
2022-08-25 10:38:32,884 INFO o.a.j.t.JMeterThread: Thread finished: Thread Group 1-30
2022-08-25 10:38:33,417 INFO o.a.j.t.JMeterThread: Thread is done: Thread Group 1-34
2022-08-25 10:38:33,417 INFO o.a.j.t.JMeterThread: Thread finished: Thread Group 1-34
2022-08-25 10:38:33,482 INFO o.a.j.t.JMeterThread: Thread is done: Thread Group 1-35
2022-08-25 10:38:33,483 INFO o.a.j.t.JMeterThread: Thread finished: Thread Group 1-35
2022-08-25 10:38:34,453 INFO o.a.j.t.JMeterThread: Thread is done: Thread Group 1-28
2022-08-25 10:38:34,454 INFO o.a.j.t.JMeterThread: Thread finished: Thread Group 1-28
2022-08-25 10:38:34,743 INFO o.a.j.t.JMeterThread: Thread is done: Thread Group 1-36
2022-08-25 10:38:34,743 INFO o.a.j.t.JMeterThread: Thread finished: Thread Group 1-36
2022-08-25 10:38:36,597 INFO o.a.j.t.JMeterThread: Thread is done: Thread Group 1-37
2022-08-25 10:38:36,597 INFO o.a.j.t.JMeterThread: Thread finished: Thread Group 1-37
2022-08-25 10:38:37,828 INFO o.a.j.t.JMeterThread: Thread is done: Thread Group 1-31
2022-08-25 10:38:37,828 INFO o.a.j.t.JMeterThread: Thread finished: Thread Group 1-31
2022-08-25 10:38:41,076 INFO o.a.j.t.JMeterThread: Thread is done: Thread Group 1-33
2022-08-25 10:38:41,077 INFO o.a.j.t.JMeterThread: Thread finished: Thread Group 1-33
2022-08-25 10:38:41,810 INFO o.a.j.t.JMeterThread: Thread is done: Thread Group 1-29
2022-08-25 10:38:41,811 INFO o.a.j.t.JMeterThread: Thread finished: Thread Group 1-29
2022-08-25 10:38:43,176 INFO o.a.j.t.JMeterThread: Thread is done: Thread Group 1-39
2022-08-25 10:38:43,176 INFO o.a.j.t.JMeterThread: Thread finished: Thread Group 1-39
2022-08-25 10:38:44,119 INFO o.a.j.t.JMeterThread: Thread is done: Thread Group 1-40
2022-08-25 10:38:44,120 INFO o.a.j.t.JMeterThread: Thread finished: Thread Group 1-40
2022-08-25 10:38:56,934 INFO o.a.j.t.JMeterThread: Thread is done: Thread Group 1-38
2022-08-25 10:38:56,934 INFO o.a.j.t.JMeterThread: Thread finished: Thread Group 1-38
2022-08-25 10:38:56,935 INFO o.a.j.e.StandardJMeterEngine: Notifying test listeners of end of test
2022-08-25 10:38:56,936 INFO o.a.j.r.Summariser: summary +    195 in 00:00:27 =    7.2/s Avg:   740 Min:    57 Max: 11303 Err:     0 (0.00%) Active: 0 Started: 40 Finished: 40
2022-08-25 10:38:56,936 INFO o.a.j.r.Summariser: summary =    760 in 00:01:25 =    8.9/s Avg:   964 Min:    57 Max: 19360 Err:     0 (0.00%)
