2022-08-23 16:37:00,454 INFO o.a.j.u.JMeterUtils: Setting Locale to en_US
2022-08-23 16:37:00,476 INFO o.a.j.JMeter: Loading user properties from: /usr/local/apache-jmeter-3.3/bin/user.properties
2022-08-23 16:37:00,477 INFO o.a.j.JMeter: Loading system properties from: /usr/local/apache-jmeter-3.3/bin/system.properties
2022-08-23 16:37:00,478 INFO o.a.j.JMeter: Setting JMeter property: jmeter.save.saveservice.default_delimiter=\t
2022-08-23 16:37:00,478 INFO o.a.j.JMeter: Setting JMeter property: jmeter.save.saveservice.connect_time=true
2022-08-23 16:37:00,487 INFO o.a.j.JMeter: Copyright (c) 1998-2017 The Apache Software Foundation
2022-08-23 16:37:00,487 INFO o.a.j.JMeter: Version 3.3 r1808647
2022-08-23 16:37:00,487 INFO o.a.j.JMeter: java.version=1.8.0_191
2022-08-23 16:37:00,487 INFO o.a.j.JMeter: java.vm.name=OpenJDK 64-Bit Server VM
2022-08-23 16:37:00,487 INFO o.a.j.JMeter: os.name=Linux
2022-08-23 16:37:00,487 INFO o.a.j.JMeter: os.arch=amd64
2022-08-23 16:37:00,487 INFO o.a.j.JMeter: os.version=5.15.0-46-generic
2022-08-23 16:37:00,487 INFO o.a.j.JMeter: file.encoding=ANSI_X3.4-1968
2022-08-23 16:37:00,488 INFO o.a.j.JMeter: Max memory     =536870912
2022-08-23 16:37:00,488 INFO o.a.j.JMeter: Available Processors =4
2022-08-23 16:37:00,493 INFO o.a.j.JMeter: Default Locale=English (United States)
2022-08-23 16:37:00,493 INFO o.a.j.JMeter: JMeter  Locale=English (United States)
2022-08-23 16:37:00,493 INFO o.a.j.JMeter: JMeterHome=/usr/local/apache-jmeter-3.3
2022-08-23 16:37:00,493 INFO o.a.j.JMeter: user.dir  =/var/loadtest
2022-08-23 16:37:00,493 INFO o.a.j.JMeter: PWD       =/var/loadtest
2022-08-23 16:37:00,494 INFO o.a.j.JMeter: IP: 127.0.1.1 Name: ubuntu FullName: ubuntu
2022-08-23 16:37:00,497 INFO o.a.j.s.FileServer: Default base='/var/loadtest'
2022-08-23 16:37:00,498 INFO o.a.j.s.FileServer: Set new base='/var/loadtest'
2022-08-23 16:37:00,741 INFO o.a.j.s.SaveService: Testplan (JMX) version: 2.2. Testlog (JTL) version: 2.2
2022-08-23 16:37:00,766 INFO o.a.j.s.SaveService: Using SaveService properties file encoding UTF-8
2022-08-23 16:37:00,772 INFO o.a.j.s.SaveService: Using SaveService properties version 3.2
2022-08-23 16:37:00,782 INFO o.a.j.s.SaveService: Loading file: /var/loadtest/modified_zZB5QR.jmx
2022-08-23 16:37:00,831 INFO o.a.j.p.h.c.CookieManager: Settings: Delete null: true Check: true Allow variable: true Save: false Prefix: COOKIE_
2022-08-23 16:37:00,845 INFO o.a.j.p.h.s.HTTPSamplerBase: Parser for text/html is org.apache.jmeter.protocol.http.parser.LagartoBasedHtmlParser
2022-08-23 16:37:00,845 INFO o.a.j.p.h.s.HTTPSamplerBase: Parser for application/xhtml+xml is org.apache.jmeter.protocol.http.parser.LagartoBasedHtmlParser
2022-08-23 16:37:00,845 INFO o.a.j.p.h.s.HTTPSamplerBase: Parser for application/xml is org.apache.jmeter.protocol.http.parser.LagartoBasedHtmlParser
2022-08-23 16:37:00,845 INFO o.a.j.p.h.s.HTTPSamplerBase: Parser for text/xml is org.apache.jmeter.protocol.http.parser.LagartoBasedHtmlParser
2022-08-23 16:37:00,845 INFO o.a.j.p.h.s.HTTPSamplerBase: Parser for text/vnd.wap.wml is org.apache.jmeter.protocol.http.parser.RegexpHTMLParser
2022-08-23 16:37:00,846 INFO o.a.j.p.h.s.HTTPSamplerBase: Parser for text/css is org.apache.jmeter.protocol.http.parser.CssParser
2022-08-23 16:37:01,336 INFO o.a.j.e.KeyToolUtils: keytool found at 'keytool'
2022-08-23 16:37:01,337 INFO o.a.j.p.h.p.ProxyControl: HTTP(S) Test Script Recorder SSL Proxy will use keys that support embedded 3rd party resources in file /usr/local/apache-jmeter-3.3/bin/proxyserver.jks
2022-08-23 16:37:01,363 INFO o.a.j.JMeter: Creating summariser <summary>
2022-08-23 16:37:01,372 INFO o.a.j.e.StandardJMeterEngine: Running the test!
2022-08-23 16:37:01,373 INFO o.a.j.s.SampleEvent: List of sample_variables: []
2022-08-23 16:37:01,374 INFO o.a.j.s.SampleEvent: List of sample_variables: []
2022-08-23 16:37:01,381 INFO o.a.j.e.u.CompoundVariable: Note: Function class names must contain the string: '.functions.'
2022-08-23 16:37:01,382 INFO o.a.j.e.u.CompoundVariable: Note: Function class names must not contain the string: '.gui.'
2022-08-23 16:37:02,507 INFO o.a.j.JMeter: Running test (1661272622507)
2022-08-23 16:37:02,567 INFO o.a.j.e.StandardJMeterEngine: Starting ThreadGroup: 1 : Thread Group
2022-08-23 16:37:02,568 INFO o.a.j.e.StandardJMeterEngine: Starting 40 threads for group Thread Group.
2022-08-23 16:37:02,568 INFO o.a.j.e.StandardJMeterEngine: Thread will continue on error
2022-08-23 16:37:02,568 INFO o.a.j.t.ThreadGroup: Starting thread group... number=1 threads=40 ramp-up=60 perThread=1500.0 delayedStart=false
2022-08-23 16:37:02,626 INFO o.a.j.t.JMeterThread: Thread started: Thread Group 1-1
2022-08-23 16:37:02,711 INFO o.a.j.p.h.s.HTTPHCAbstractImpl: Local host = ubuntu
2022-08-23 16:37:02,720 INFO o.a.j.p.h.s.HTTPHC4Impl: HTTP request retry count = 0
2022-08-23 16:37:02,739 INFO o.a.j.s.SampleResult: Note: Sample TimeStamps are START times
2022-08-23 16:37:02,739 INFO o.a.j.s.SampleResult: sampleresult.default.encoding is set to ISO-8859-1
2022-08-23 16:37:02,740 INFO o.a.j.s.SampleResult: sampleresult.useNanoTime=true
2022-08-23 16:37:02,740 INFO o.a.j.s.SampleResult: sampleresult.nanoThreadSleep=5000
2022-08-23 16:37:02,907 INFO o.a.j.p.h.s.LazySchemeSocketFactory: Setting up HTTPS TrustAll Socket Factory
2022-08-23 16:37:02,939 INFO o.a.j.u.JsseSSLManager: Using default SSL protocol: TLS
2022-08-23 16:37:02,939 INFO o.a.j.u.JsseSSLManager: SSL session context: per-thread
2022-08-23 16:37:03,161 INFO o.a.j.t.ThreadGroup: Started thread group number 1
2022-08-23 16:37:03,162 INFO o.a.j.e.StandardJMeterEngine: All thread groups have been started
2022-08-23 16:37:03,324 INFO o.a.j.u.SSLManager: JmeterKeyStore Location:  type JKS
2022-08-23 16:37:03,325 INFO o.a.j.u.SSLManager: KeyStore created OK
2022-08-23 16:37:03,326 WARN o.a.j.u.SSLManager: Keystore file not found, loading empty keystore
2022-08-23 16:37:04,170 INFO o.a.j.t.JMeterThread: Thread started: Thread Group 1-2
2022-08-23 16:37:04,409 INFO o.a.j.r.Summariser: summary +      1 in 00:00:02 =    0.5/s Avg:  1555 Min:  1555 Max:  1555 Err:     0 (0.00%) Active: 2 Started: 2 Finished: 0
2022-08-23 16:37:05,244 WARN o.a.j.p.h.s.HTTPSamplerBase: Existing CookieManager HTTP Cookie Manager superseded by HTTP Cookie Manager
2022-08-23 16:37:05,258 WARN o.a.j.p.h.s.HTTPSamplerBase: Existing CookieManager HTTP Cookie Manager superseded by HTTP Cookie Manager
2022-08-23 16:37:05,322 WARN o.a.j.p.h.s.HTTPSamplerBase: Existing CookieManager HTTP Cookie Manager superseded by HTTP Cookie Manager
2022-08-23 16:37:05,332 INFO o.a.j.p.h.s.HTTPJavaImpl: Maximum connection retries = 0
2022-08-23 16:37:05,339 WARN o.a.j.p.h.s.HTTPSamplerBase: Existing CookieManager HTTP Cookie Manager superseded by HTTP Cookie Manager
2022-08-23 16:37:05,672 INFO o.a.j.t.JMeterThread: Thread started: Thread Group 1-3
2022-08-23 16:37:06,254 WARN o.a.j.p.h.s.HTTPSamplerBase: Existing CookieManager HTTP Cookie Manager superseded by HTTP Cookie Manager
2022-08-23 16:37:06,257 WARN o.a.j.p.h.s.HTTPSamplerBase: Existing CookieManager HTTP Cookie Manager superseded by HTTP Cookie Manager
2022-08-23 16:37:07,204 INFO o.a.j.t.JMeterThread: Thread started: Thread Group 1-4
2022-08-23 16:37:07,850 WARN o.a.j.p.h.s.HTTPSamplerBase: Existing CookieManager HTTP Cookie Manager superseded by HTTP Cookie Manager
2022-08-23 16:37:07,851 WARN o.a.j.p.h.s.HTTPSamplerBase: Existing CookieManager HTTP Cookie Manager superseded by HTTP Cookie Manager
2022-08-23 16:37:08,704 INFO o.a.j.t.JMeterThread: Thread started: Thread Group 1-5
2022-08-23 16:37:09,352 WARN o.a.j.p.h.s.HTTPSamplerBase: Existing CookieManager HTTP Cookie Manager superseded by HTTP Cookie Manager
2022-08-23 16:37:09,354 WARN o.a.j.p.h.s.HTTPSamplerBase: Existing CookieManager HTTP Cookie Manager superseded by HTTP Cookie Manager
2022-08-23 16:37:10,215 INFO o.a.j.t.JMeterThread: Thread started: Thread Group 1-6
2022-08-23 16:37:10,832 WARN o.a.j.p.h.s.HTTPSamplerBase: Existing CookieManager HTTP Cookie Manager superseded by HTTP Cookie Manager
2022-08-23 16:37:10,833 WARN o.a.j.p.h.s.HTTPSamplerBase: Existing CookieManager HTTP Cookie Manager superseded by HTTP Cookie Manager
2022-08-23 16:37:11,733 INFO o.a.j.t.JMeterThread: Thread started: Thread Group 1-7
2022-08-23 16:37:12,324 WARN o.a.j.p.h.s.HTTPSamplerBase: Existing CookieManager HTTP Cookie Manager superseded by HTTP Cookie Manager
2022-08-23 16:37:12,327 WARN o.a.j.p.h.s.HTTPSamplerBase: Existing CookieManager HTTP Cookie Manager superseded by HTTP Cookie Manager
2022-08-23 16:37:13,247 INFO o.a.j.t.JMeterThread: Thread started: Thread Group 1-8
2022-08-23 16:37:13,909 WARN o.a.j.p.h.s.HTTPSamplerBase: Existing CookieManager HTTP Cookie Manager superseded by HTTP Cookie Manager
2022-08-23 16:37:13,912 WARN o.a.j.p.h.s.HTTPSamplerBase: Existing CookieManager HTTP Cookie Manager superseded by HTTP Cookie Manager
2022-08-23 16:37:14,772 INFO o.a.j.t.JMeterThread: Thread started: Thread Group 1-9
2022-08-23 16:37:15,654 WARN o.a.j.p.h.s.HTTPSamplerBase: Existing CookieManager HTTP Cookie Manager superseded by HTTP Cookie Manager
2022-08-23 16:37:15,657 WARN o.a.j.p.h.s.HTTPSamplerBase: Existing CookieManager HTTP Cookie Manager superseded by HTTP Cookie Manager
2022-08-23 16:37:16,296 INFO o.a.j.t.JMeterThread: Thread started: Thread Group 1-10
2022-08-23 16:37:17,827 INFO o.a.j.t.JMeterThread: Thread started: Thread Group 1-11
2022-08-23 16:37:17,989 WARN o.a.j.p.h.s.HTTPSamplerBase: Existing CookieManager HTTP Cookie Manager superseded by HTTP Cookie Manager
2022-08-23 16:37:17,990 WARN o.a.j.p.h.s.HTTPSamplerBase: Existing CookieManager HTTP Cookie Manager superseded by HTTP Cookie Manager
2022-08-23 16:37:19,325 INFO o.a.j.t.JMeterThread: Thread started: Thread Group 1-12
2022-08-23 16:37:20,167 WARN o.a.j.p.h.s.HTTPSamplerBase: Existing CookieManager HTTP Cookie Manager superseded by HTTP Cookie Manager
2022-08-23 16:37:20,169 WARN o.a.j.p.h.s.HTTPSamplerBase: Existing CookieManager HTTP Cookie Manager superseded by HTTP Cookie Manager
2022-08-23 16:37:20,823 INFO o.a.j.t.JMeterThread: Thread started: Thread Group 1-13
2022-08-23 16:37:21,188 WARN o.a.j.p.h.s.HTTPSamplerBase: Existing CookieManager HTTP Cookie Manager superseded by HTTP Cookie Manager
2022-08-23 16:37:21,191 WARN o.a.j.p.h.s.HTTPSamplerBase: Existing CookieManager HTTP Cookie Manager superseded by HTTP Cookie Manager
2022-08-23 16:37:21,577 WARN o.a.j.p.h.s.HTTPSamplerBase: Existing CookieManager HTTP Cookie Manager superseded by HTTP Cookie Manager
2022-08-23 16:37:21,579 WARN o.a.j.p.h.s.HTTPSamplerBase: Existing CookieManager HTTP Cookie Manager superseded by HTTP Cookie Manager
2022-08-23 16:37:22,332 INFO o.a.j.t.JMeterThread: Thread started: Thread Group 1-14
2022-08-23 16:37:23,042 WARN o.a.j.p.h.s.HTTPSamplerBase: Existing CookieManager HTTP Cookie Manager superseded by HTTP Cookie Manager
2022-08-23 16:37:23,045 WARN o.a.j.p.h.s.HTTPSamplerBase: Existing CookieManager HTTP Cookie Manager superseded by HTTP Cookie Manager
2022-08-23 16:37:23,864 INFO o.a.j.t.JMeterThread: Thread started: Thread Group 1-15
2022-08-23 16:37:25,165 WARN o.a.j.p.h.s.HTTPSamplerBase: Existing CookieManager HTTP Cookie Manager superseded by HTTP Cookie Manager
2022-08-23 16:37:25,166 WARN o.a.j.p.h.s.HTTPSamplerBase: Existing CookieManager HTTP Cookie Manager superseded by HTTP Cookie Manager
2022-08-23 16:37:25,368 INFO o.a.j.t.JMeterThread: Thread started: Thread Group 1-16
2022-08-23 16:37:26,478 WARN o.a.j.p.h.s.HTTPSamplerBase: Existing CookieManager HTTP Cookie Manager superseded by HTTP Cookie Manager
2022-08-23 16:37:26,480 WARN o.a.j.p.h.s.HTTPSamplerBase: Existing CookieManager HTTP Cookie Manager superseded by HTTP Cookie Manager
2022-08-23 16:37:26,881 INFO o.a.j.t.JMeterThread: Thread started: Thread Group 1-17
2022-08-23 16:37:27,575 WARN o.a.j.p.h.s.HTTPSamplerBase: Existing CookieManager HTTP Cookie Manager superseded by HTTP Cookie Manager
2022-08-23 16:37:27,576 WARN o.a.j.p.h.s.HTTPSamplerBase: Existing CookieManager HTTP Cookie Manager superseded by HTTP Cookie Manager
2022-08-23 16:37:28,300 INFO o.a.j.t.JMeterThread: Thread is done: Thread Group 1-2
2022-08-23 16:37:28,300 INFO o.a.j.t.JMeterThread: Thread finished: Thread Group 1-2
2022-08-23 16:37:28,389 INFO o.a.j.t.JMeterThread: Thread started: Thread Group 1-18
2022-08-23 16:37:29,165 WARN o.a.j.p.h.s.HTTPSamplerBase: Existing CookieManager HTTP Cookie Manager superseded by HTTP Cookie Manager
2022-08-23 16:37:29,166 WARN o.a.j.p.h.s.HTTPSamplerBase: Existing CookieManager HTTP Cookie Manager superseded by HTTP Cookie Manager
2022-08-23 16:37:29,899 INFO o.a.j.t.JMeterThread: Thread started: Thread Group 1-19
2022-08-23 16:37:30,148 INFO o.a.j.r.Summariser: summary +    623 in 00:00:26 =   24.3/s Avg:   400 Min:    78 Max:  9351 Err:   533 (85.55%) Active: 18 Started: 19 Finished: 1
2022-08-23 16:37:30,149 INFO o.a.j.r.Summariser: summary =    624 in 00:00:28 =   22.6/s Avg:   402 Min:    78 Max:  9351 Err:   533 (85.42%)
2022-08-23 16:37:30,237 INFO o.a.j.t.JMeterThread: Thread is done: Thread Group 1-1
2022-08-23 16:37:30,237 INFO o.a.j.t.JMeterThread: Thread finished: Thread Group 1-1
2022-08-23 16:37:30,594 WARN o.a.j.p.h.s.HTTPSamplerBase: Existing CookieManager HTTP Cookie Manager superseded by HTTP Cookie Manager
2022-08-23 16:37:30,596 WARN o.a.j.p.h.s.HTTPSamplerBase: Existing CookieManager HTTP Cookie Manager superseded by HTTP Cookie Manager
2022-08-23 16:37:31,370 INFO o.a.j.t.JMeterThread: Thread is done: Thread Group 1-3
2022-08-23 16:37:31,372 INFO o.a.j.t.JMeterThread: Thread finished: Thread Group 1-3
2022-08-23 16:37:31,419 INFO o.a.j.t.JMeterThread: Thread started: Thread Group 1-20
2022-08-23 16:37:32,066 WARN o.a.j.p.h.s.HTTPSamplerBase: Existing CookieManager HTTP Cookie Manager superseded by HTTP Cookie Manager
2022-08-23 16:37:32,067 WARN o.a.j.p.h.s.HTTPSamplerBase: Existing CookieManager HTTP Cookie Manager superseded by HTTP Cookie Manager
2022-08-23 16:37:32,503 INFO o.a.j.t.JMeterThread: Thread is done: Thread Group 1-4
2022-08-23 16:37:32,503 INFO o.a.j.t.JMeterThread: Thread finished: Thread Group 1-4
2022-08-23 16:37:32,930 INFO o.a.j.t.JMeterThread: Thread started: Thread Group 1-21
2022-08-23 16:37:33,114 INFO o.a.j.t.JMeterThread: Thread is done: Thread Group 1-5
2022-08-23 16:37:33,114 INFO o.a.j.t.JMeterThread: Thread finished: Thread Group 1-5
2022-08-23 16:37:33,603 WARN o.a.j.p.h.s.HTTPSamplerBase: Existing CookieManager HTTP Cookie Manager superseded by HTTP Cookie Manager
2022-08-23 16:37:33,604 WARN o.a.j.p.h.s.HTTPSamplerBase: Existing CookieManager HTTP Cookie Manager superseded by HTTP Cookie Manager
2022-08-23 16:37:34,441 INFO o.a.j.t.JMeterThread: Thread started: Thread Group 1-22
2022-08-23 16:37:35,275 WARN o.a.j.p.h.s.HTTPSamplerBase: Existing CookieManager HTTP Cookie Manager superseded by HTTP Cookie Manager
2022-08-23 16:37:35,276 WARN o.a.j.p.h.s.HTTPSamplerBase: Existing CookieManager HTTP Cookie Manager superseded by HTTP Cookie Manager
2022-08-23 16:37:35,977 INFO o.a.j.t.JMeterThread: Thread started: Thread Group 1-23
2022-08-23 16:37:36,334 INFO o.a.j.t.JMeterThread: Thread is done: Thread Group 1-6
2022-08-23 16:37:36,334 INFO o.a.j.t.JMeterThread: Thread finished: Thread Group 1-6
2022-08-23 16:37:36,771 WARN o.a.j.p.h.s.HTTPSamplerBase: Existing CookieManager HTTP Cookie Manager superseded by HTTP Cookie Manager
2022-08-23 16:37:36,771 WARN o.a.j.p.h.s.HTTPSamplerBase: Existing CookieManager HTTP Cookie Manager superseded by HTTP Cookie Manager
2022-08-23 16:37:37,135 INFO o.a.j.t.JMeterThread: Thread is done: Thread Group 1-8
2022-08-23 16:37:37,136 INFO o.a.j.t.JMeterThread: Thread finished: Thread Group 1-8
2022-08-23 16:37:37,457 INFO o.a.j.t.JMeterThread: Thread started: Thread Group 1-24
2022-08-23 16:37:38,068 WARN o.a.j.p.h.s.HTTPSamplerBase: Existing CookieManager HTTP Cookie Manager superseded by HTTP Cookie Manager
2022-08-23 16:37:38,069 WARN o.a.j.p.h.s.HTTPSamplerBase: Existing CookieManager HTTP Cookie Manager superseded by HTTP Cookie Manager
2022-08-23 16:37:38,969 INFO o.a.j.t.JMeterThread: Thread started: Thread Group 1-25
2022-08-23 16:37:39,571 WARN o.a.j.p.h.s.HTTPSamplerBase: Existing CookieManager HTTP Cookie Manager superseded by HTTP Cookie Manager
2022-08-23 16:37:39,573 WARN o.a.j.p.h.s.HTTPSamplerBase: Existing CookieManager HTTP Cookie Manager superseded by HTTP Cookie Manager
2022-08-23 16:37:40,493 INFO o.a.j.t.JMeterThread: Thread started: Thread Group 1-26
2022-08-23 16:37:41,094 INFO o.a.j.t.JMeterThread: Thread is done: Thread Group 1-7
2022-08-23 16:37:41,094 INFO o.a.j.t.JMeterThread: Thread finished: Thread Group 1-7
2022-08-23 16:37:41,148 WARN o.a.j.p.h.s.HTTPSamplerBase: Existing CookieManager HTTP Cookie Manager superseded by HTTP Cookie Manager
2022-08-23 16:37:41,150 WARN o.a.j.p.h.s.HTTPSamplerBase: Existing CookieManager HTTP Cookie Manager superseded by HTTP Cookie Manager
2022-08-23 16:37:41,431 INFO o.a.j.t.JMeterThread: Thread is done: Thread Group 1-11
2022-08-23 16:37:41,432 INFO o.a.j.t.JMeterThread: Thread finished: Thread Group 1-11
2022-08-23 16:37:41,842 INFO o.a.j.t.JMeterThread: Thread is done: Thread Group 1-14
2022-08-23 16:37:41,842 INFO o.a.j.t.JMeterThread: Thread finished: Thread Group 1-14
2022-08-23 16:37:41,997 INFO o.a.j.t.JMeterThread: Thread started: Thread Group 1-27
2022-08-23 16:37:42,078 INFO o.a.j.t.JMeterThread: Thread is done: Thread Group 1-9
2022-08-23 16:37:42,078 INFO o.a.j.t.JMeterThread: Thread finished: Thread Group 1-9
2022-08-23 16:37:42,544 INFO o.a.j.t.JMeterThread: Thread is done: Thread Group 1-13
2022-08-23 16:37:42,544 INFO o.a.j.t.JMeterThread: Thread finished: Thread Group 1-13
2022-08-23 16:37:42,550 INFO o.a.j.t.JMeterThread: Thread is done: Thread Group 1-12
2022-08-23 16:37:42,551 INFO o.a.j.t.JMeterThread: Thread finished: Thread Group 1-12
2022-08-23 16:37:42,615 WARN o.a.j.p.h.s.HTTPSamplerBase: Existing CookieManager HTTP Cookie Manager superseded by HTTP Cookie Manager
2022-08-23 16:37:42,616 WARN o.a.j.p.h.s.HTTPSamplerBase: Existing CookieManager HTTP Cookie Manager superseded by HTTP Cookie Manager
2022-08-23 16:37:43,508 INFO o.a.j.t.JMeterThread: Thread started: Thread Group 1-28
2022-08-23 16:37:44,037 WARN o.a.j.p.h.s.HTTPSamplerBase: Existing CookieManager HTTP Cookie Manager superseded by HTTP Cookie Manager
2022-08-23 16:37:44,037 WARN o.a.j.p.h.s.HTTPSamplerBase: Existing CookieManager HTTP Cookie Manager superseded by HTTP Cookie Manager
2022-08-23 16:37:45,025 INFO o.a.j.t.JMeterThread: Thread started: Thread Group 1-29
2022-08-23 16:37:45,154 INFO o.a.j.t.JMeterThread: Thread is done: Thread Group 1-15
2022-08-23 16:37:45,154 INFO o.a.j.t.JMeterThread: Thread finished: Thread Group 1-15
2022-08-23 16:37:45,762 WARN o.a.j.p.h.s.HTTPSamplerBase: Existing CookieManager HTTP Cookie Manager superseded by HTTP Cookie Manager
2022-08-23 16:37:45,763 WARN o.a.j.p.h.s.HTTPSamplerBase: Existing CookieManager HTTP Cookie Manager superseded by HTTP Cookie Manager
2022-08-23 16:37:46,541 INFO o.a.j.t.JMeterThread: Thread started: Thread Group 1-30
2022-08-23 16:37:46,816 INFO o.a.j.t.JMeterThread: Thread is done: Thread Group 1-16
2022-08-23 16:37:46,816 INFO o.a.j.t.JMeterThread: Thread finished: Thread Group 1-16
2022-08-23 16:37:47,149 WARN o.a.j.p.h.s.HTTPSamplerBase: Existing CookieManager HTTP Cookie Manager superseded by HTTP Cookie Manager
2022-08-23 16:37:47,150 WARN o.a.j.p.h.s.HTTPSamplerBase: Existing CookieManager HTTP Cookie Manager superseded by HTTP Cookie Manager
2022-08-23 16:37:48,051 INFO o.a.j.t.JMeterThread: Thread started: Thread Group 1-31
2022-08-23 16:37:49,566 INFO o.a.j.t.JMeterThread: Thread started: Thread Group 1-32
2022-08-23 16:37:50,276 WARN o.a.j.p.h.s.HTTPSamplerBase: Existing CookieManager HTTP Cookie Manager superseded by HTTP Cookie Manager
2022-08-23 16:37:50,277 WARN o.a.j.p.h.s.HTTPSamplerBase: Existing CookieManager HTTP Cookie Manager superseded by HTTP Cookie Manager
2022-08-23 16:37:50,287 WARN o.a.j.p.h.s.HTTPSamplerBase: Existing CookieManager HTTP Cookie Manager superseded by HTTP Cookie Manager
2022-08-23 16:37:50,287 WARN o.a.j.p.h.s.HTTPSamplerBase: Existing CookieManager HTTP Cookie Manager superseded by HTTP Cookie Manager
2022-08-23 16:37:50,701 INFO o.a.j.t.JMeterThread: Thread is done: Thread Group 1-18
2022-08-23 16:37:50,701 INFO o.a.j.t.JMeterThread: Thread finished: Thread Group 1-18
2022-08-23 16:37:51,082 INFO o.a.j.t.JMeterThread: Thread started: Thread Group 1-33
2022-08-23 16:37:51,722 WARN o.a.j.p.h.s.HTTPSamplerBase: Existing CookieManager HTTP Cookie Manager superseded by HTTP Cookie Manager
2022-08-23 16:37:51,724 WARN o.a.j.p.h.s.HTTPSamplerBase: Existing CookieManager HTTP Cookie Manager superseded by HTTP Cookie Manager
2022-08-23 16:37:52,581 INFO o.a.j.t.JMeterThread: Thread started: Thread Group 1-34
2022-08-23 16:37:53,552 INFO o.a.j.t.JMeterThread: Thread is done: Thread Group 1-17
2022-08-23 16:37:53,553 INFO o.a.j.t.JMeterThread: Thread finished: Thread Group 1-17
2022-08-23 16:37:54,092 INFO o.a.j.t.JMeterThread: Thread started: Thread Group 1-35
2022-08-23 16:37:54,686 WARN o.a.j.p.h.s.HTTPSamplerBase: Existing CookieManager HTTP Cookie Manager superseded by HTTP Cookie Manager
2022-08-23 16:37:54,687 WARN o.a.j.p.h.s.HTTPSamplerBase: Existing CookieManager HTTP Cookie Manager superseded by HTTP Cookie Manager
2022-08-23 16:37:55,597 INFO o.a.j.t.JMeterThread: Thread started: Thread Group 1-36
2022-08-23 16:37:56,175 WARN o.a.j.p.h.s.HTTPSamplerBase: Existing CookieManager HTTP Cookie Manager superseded by HTTP Cookie Manager
2022-08-23 16:37:56,177 WARN o.a.j.p.h.s.HTTPSamplerBase: Existing CookieManager HTTP Cookie Manager superseded by HTTP Cookie Manager
2022-08-23 16:37:57,105 INFO o.a.j.t.JMeterThread: Thread started: Thread Group 1-37
2022-08-23 16:37:57,739 WARN o.a.j.p.h.s.HTTPSamplerBase: Existing CookieManager HTTP Cookie Manager superseded by HTTP Cookie Manager
2022-08-23 16:37:57,740 WARN o.a.j.p.h.s.HTTPSamplerBase: Existing CookieManager HTTP Cookie Manager superseded by HTTP Cookie Manager
2022-08-23 16:37:58,168 INFO o.a.j.t.JMeterThread: Thread is done: Thread Group 1-10
2022-08-23 16:37:58,168 INFO o.a.j.t.JMeterThread: Thread finished: Thread Group 1-10
2022-08-23 16:37:58,622 INFO o.a.j.t.JMeterThread: Thread started: Thread Group 1-38
2022-08-23 16:37:58,661 WARN o.a.j.p.h.s.HTTPSamplerBase: Existing CookieManager HTTP Cookie Manager superseded by HTTP Cookie Manager
2022-08-23 16:37:58,662 WARN o.a.j.p.h.s.HTTPSamplerBase: Existing CookieManager HTTP Cookie Manager superseded by HTTP Cookie Manager
2022-08-23 16:37:59,407 WARN o.a.j.p.h.s.HTTPSamplerBase: Existing CookieManager HTTP Cookie Manager superseded by HTTP Cookie Manager
2022-08-23 16:37:59,408 WARN o.a.j.p.h.s.HTTPSamplerBase: Existing CookieManager HTTP Cookie Manager superseded by HTTP Cookie Manager
2022-08-23 16:38:00,026 INFO o.a.j.r.Summariser: summary +   1359 in 00:00:30 =   45.4/s Avg:   362 Min:    60 Max:  7773 Err:  1160 (85.36%) Active: 20 Started: 38 Finished: 18
2022-08-23 16:38:00,030 INFO o.a.j.r.Summariser: summary =   1983 in 00:00:58 =   34.5/s Avg:   374 Min:    60 Max:  9351 Err:  1693 (85.38%)
2022-08-23 16:38:00,151 INFO o.a.j.t.JMeterThread: Thread started: Thread Group 1-39
2022-08-23 16:38:01,005 WARN o.a.j.p.h.s.HTTPSamplerBase: Existing CookieManager HTTP Cookie Manager superseded by HTTP Cookie Manager
2022-08-23 16:38:01,006 WARN o.a.j.p.h.s.HTTPSamplerBase: Existing CookieManager HTTP Cookie Manager superseded by HTTP Cookie Manager
2022-08-23 16:38:01,516 INFO o.a.j.t.JMeterThread: Thread is done: Thread Group 1-22
2022-08-23 16:38:01,516 INFO o.a.j.t.JMeterThread: Thread finished: Thread Group 1-22
2022-08-23 16:38:01,672 INFO o.a.j.t.JMeterThread: Thread started: Thread Group 1-40
2022-08-23 16:38:02,428 WARN o.a.j.p.h.s.HTTPSamplerBase: Existing CookieManager HTTP Cookie Manager superseded by HTTP Cookie Manager
2022-08-23 16:38:02,429 WARN o.a.j.p.h.s.HTTPSamplerBase: Existing CookieManager HTTP Cookie Manager superseded by HTTP Cookie Manager
2022-08-23 16:38:12,736 INFO o.a.j.t.JMeterThread: Thread is done: Thread Group 1-21
2022-08-23 16:38:12,736 INFO o.a.j.t.JMeterThread: Thread finished: Thread Group 1-21
2022-08-23 16:38:13,001 INFO o.a.j.t.JMeterThread: Thread is done: Thread Group 1-24
2022-08-23 16:38:13,002 INFO o.a.j.t.JMeterThread: Thread finished: Thread Group 1-24
2022-08-23 16:38:13,384 INFO o.a.j.t.JMeterThread: Thread is done: Thread Group 1-19
2022-08-23 16:38:13,384 INFO o.a.j.t.JMeterThread: Thread finished: Thread Group 1-19
2022-08-23 16:38:17,938 INFO o.a.j.t.JMeterThread: Thread is done: Thread Group 1-23
2022-08-23 16:38:17,939 INFO o.a.j.t.JMeterThread: Thread finished: Thread Group 1-23
2022-08-23 16:38:18,032 INFO o.a.j.t.JMeterThread: Thread is done: Thread Group 1-20
2022-08-23 16:38:18,032 INFO o.a.j.t.JMeterThread: Thread finished: Thread Group 1-20
2022-08-23 16:38:18,140 INFO o.a.j.t.JMeterThread: Thread is done: Thread Group 1-26
2022-08-23 16:38:18,140 INFO o.a.j.t.JMeterThread: Thread finished: Thread Group 1-26
2022-08-23 16:38:23,629 INFO o.a.j.t.JMeterThread: Thread is done: Thread Group 1-25
2022-08-23 16:38:23,629 INFO o.a.j.t.JMeterThread: Thread finished: Thread Group 1-25
2022-08-23 16:38:23,971 INFO o.a.j.t.JMeterThread: Thread is done: Thread Group 1-30
2022-08-23 16:38:23,971 INFO o.a.j.t.JMeterThread: Thread finished: Thread Group 1-30
2022-08-23 16:38:24,554 INFO o.a.j.t.JMeterThread: Thread is done: Thread Group 1-28
2022-08-23 16:38:24,554 INFO o.a.j.t.JMeterThread: Thread finished: Thread Group 1-28
2022-08-23 16:38:28,208 INFO o.a.j.t.JMeterThread: Thread is done: Thread Group 1-27
2022-08-23 16:38:28,208 INFO o.a.j.t.JMeterThread: Thread finished: Thread Group 1-27
2022-08-23 16:38:31,481 INFO o.a.j.r.Summariser: summary +    952 in 00:00:31 =   30.3/s Avg:   540 Min:    63 Max: 20684 Err:   822 (86.34%) Active: 11 Started: 40 Finished: 29
2022-08-23 16:38:31,482 INFO o.a.j.r.Summariser: summary =   2935 in 00:01:29 =   33.0/s Avg:   428 Min:    60 Max: 20684 Err:  2515 (85.69%)
2022-08-23 16:38:32,156 INFO o.a.j.t.JMeterThread: Thread is done: Thread Group 1-31
2022-08-23 16:38:32,156 INFO o.a.j.t.JMeterThread: Thread finished: Thread Group 1-31
2022-08-23 16:38:33,812 INFO o.a.j.t.JMeterThread: Thread is done: Thread Group 1-29
2022-08-23 16:38:33,812 INFO o.a.j.t.JMeterThread: Thread finished: Thread Group 1-29
2022-08-23 16:38:34,431 INFO o.a.j.t.JMeterThread: Thread is done: Thread Group 1-37
2022-08-23 16:38:34,431 INFO o.a.j.t.JMeterThread: Thread finished: Thread Group 1-37
2022-08-23 16:38:35,353 INFO o.a.j.t.JMeterThread: Thread is done: Thread Group 1-32
2022-08-23 16:38:35,353 INFO o.a.j.t.JMeterThread: Thread finished: Thread Group 1-32
2022-08-23 16:38:35,357 INFO o.a.j.t.JMeterThread: Thread is done: Thread Group 1-38
2022-08-23 16:38:35,357 INFO o.a.j.t.JMeterThread: Thread finished: Thread Group 1-38
2022-08-23 16:38:35,652 INFO o.a.j.t.JMeterThread: Thread is done: Thread Group 1-33
2022-08-23 16:38:35,653 INFO o.a.j.t.JMeterThread: Thread finished: Thread Group 1-33
2022-08-23 16:38:36,139 INFO o.a.j.t.JMeterThread: Thread is done: Thread Group 1-34
2022-08-23 16:38:36,139 INFO o.a.j.t.JMeterThread: Thread finished: Thread Group 1-34
2022-08-23 16:38:36,425 INFO o.a.j.t.JMeterThread: Thread is done: Thread Group 1-36
2022-08-23 16:38:36,426 INFO o.a.j.t.JMeterThread: Thread finished: Thread Group 1-36
2022-08-23 16:38:40,083 INFO o.a.j.t.JMeterThread: Thread is done: Thread Group 1-35
2022-08-23 16:38:40,083 INFO o.a.j.t.JMeterThread: Thread finished: Thread Group 1-35
2022-08-23 16:38:42,321 INFO o.a.j.t.JMeterThread: Thread is done: Thread Group 1-40
2022-08-23 16:38:42,321 INFO o.a.j.t.JMeterThread: Thread finished: Thread Group 1-40
2022-08-23 16:38:46,901 INFO o.a.j.t.JMeterThread: Thread is done: Thread Group 1-39
2022-08-23 16:38:46,902 INFO o.a.j.t.JMeterThread: Thread finished: Thread Group 1-39
2022-08-23 16:38:46,902 INFO o.a.j.e.StandardJMeterEngine: Notifying test listeners of end of test
2022-08-23 16:38:46,903 INFO o.a.j.r.Summariser: summary +    225 in 00:00:15 =   14.6/s Avg:   489 Min:    63 Max: 12011 Err:   165 (73.33%) Active: 0 Started: 40 Finished: 40
2022-08-23 16:38:46,904 INFO o.a.j.r.Summariser: summary =   3160 in 00:01:44 =   30.3/s Avg:   432 Min:    60 Max: 20684 Err:  2680 (84.81%)
