2022-08-24 11:17:37,822 INFO o.a.j.u.JMeterUtils: Setting Locale to en_US
2022-08-24 11:17:37,850 INFO o.a.j.JMeter: Loading user properties from: /usr/local/apache-jmeter-3.3/bin/user.properties
2022-08-24 11:17:37,850 INFO o.a.j.JMeter: Loading system properties from: /usr/local/apache-jmeter-3.3/bin/system.properties
2022-08-24 11:17:37,851 INFO o.a.j.JMeter: Setting JMeter property: jmeter.save.saveservice.default_delimiter=\t
2022-08-24 11:17:37,852 INFO o.a.j.JMeter: Setting JMeter property: jmeter.save.saveservice.connect_time=true
2022-08-24 11:17:37,865 INFO o.a.j.JMeter: Copyright (c) 1998-2017 The Apache Software Foundation
2022-08-24 11:17:37,865 INFO o.a.j.JMeter: Version 3.3 r1808647
2022-08-24 11:17:37,866 INFO o.a.j.JMeter: java.version=1.8.0_191
2022-08-24 11:17:37,866 INFO o.a.j.JMeter: java.vm.name=OpenJDK 64-Bit Server VM
2022-08-24 11:17:37,866 INFO o.a.j.JMeter: os.name=Linux
2022-08-24 11:17:37,866 INFO o.a.j.JMeter: os.arch=amd64
2022-08-24 11:17:37,866 INFO o.a.j.JMeter: os.version=5.15.0-46-generic
2022-08-24 11:17:37,866 INFO o.a.j.JMeter: file.encoding=ANSI_X3.4-1968
2022-08-24 11:17:37,866 INFO o.a.j.JMeter: Max memory     =536870912
2022-08-24 11:17:37,867 INFO o.a.j.JMeter: Available Processors =4
2022-08-24 11:17:37,875 INFO o.a.j.JMeter: Default Locale=English (United States)
2022-08-24 11:17:37,876 INFO o.a.j.JMeter: JMeter  Locale=English (United States)
2022-08-24 11:17:37,876 INFO o.a.j.JMeter: JMeterHome=/usr/local/apache-jmeter-3.3
2022-08-24 11:17:37,876 INFO o.a.j.JMeter: user.dir  =/var/loadtest
2022-08-24 11:17:37,876 INFO o.a.j.JMeter: PWD       =/var/loadtest
2022-08-24 11:17:37,876 INFO o.a.j.JMeter: IP: 127.0.1.1 Name: ubuntu FullName: ubuntu
2022-08-24 11:17:37,880 INFO o.a.j.s.FileServer: Default base='/var/loadtest'
2022-08-24 11:17:37,880 INFO o.a.j.s.FileServer: Set new base='/var/loadtest'
2022-08-24 11:17:38,125 INFO o.a.j.s.SaveService: Testplan (JMX) version: 2.2. Testlog (JTL) version: 2.2
2022-08-24 11:17:38,152 INFO o.a.j.s.SaveService: Using SaveService properties file encoding UTF-8
2022-08-24 11:17:38,160 INFO o.a.j.s.SaveService: Using SaveService properties version 3.2
2022-08-24 11:17:38,171 INFO o.a.j.s.SaveService: Loading file: /var/loadtest/modified_4s8aHh.jmx
2022-08-24 11:17:38,220 INFO o.a.j.p.h.c.CookieManager: Settings: Delete null: true Check: true Allow variable: true Save: false Prefix: COOKIE_
2022-08-24 11:17:38,237 INFO o.a.j.p.h.s.HTTPSamplerBase: Parser for text/html is org.apache.jmeter.protocol.http.parser.LagartoBasedHtmlParser
2022-08-24 11:17:38,238 INFO o.a.j.p.h.s.HTTPSamplerBase: Parser for application/xhtml+xml is org.apache.jmeter.protocol.http.parser.LagartoBasedHtmlParser
2022-08-24 11:17:38,238 INFO o.a.j.p.h.s.HTTPSamplerBase: Parser for application/xml is org.apache.jmeter.protocol.http.parser.LagartoBasedHtmlParser
2022-08-24 11:17:38,238 INFO o.a.j.p.h.s.HTTPSamplerBase: Parser for text/xml is org.apache.jmeter.protocol.http.parser.LagartoBasedHtmlParser
2022-08-24 11:17:38,238 INFO o.a.j.p.h.s.HTTPSamplerBase: Parser for text/vnd.wap.wml is org.apache.jmeter.protocol.http.parser.RegexpHTMLParser
2022-08-24 11:17:38,238 INFO o.a.j.p.h.s.HTTPSamplerBase: Parser for text/css is org.apache.jmeter.protocol.http.parser.CssParser
2022-08-24 11:17:38,404 INFO o.a.j.JMeter: Creating summariser <summary>
2022-08-24 11:17:38,416 INFO o.a.j.e.StandardJMeterEngine: Running the test!
2022-08-24 11:17:38,417 INFO o.a.j.s.SampleEvent: List of sample_variables: []
2022-08-24 11:17:38,417 INFO o.a.j.s.SampleEvent: List of sample_variables: []
2022-08-24 11:17:38,424 INFO o.a.j.e.u.CompoundVariable: Note: Function class names must contain the string: '.functions.'
2022-08-24 11:17:38,424 INFO o.a.j.e.u.CompoundVariable: Note: Function class names must not contain the string: '.gui.'
2022-08-24 11:17:39,553 INFO o.a.j.JMeter: Running test (1661339859553)
2022-08-24 11:17:39,617 INFO o.a.j.e.StandardJMeterEngine: Starting ThreadGroup: 1 : Thread Group
2022-08-24 11:17:39,618 INFO o.a.j.e.StandardJMeterEngine: Starting 40 threads for group Thread Group.
2022-08-24 11:17:39,618 INFO o.a.j.e.StandardJMeterEngine: Thread will continue on error
2022-08-24 11:17:39,619 INFO o.a.j.t.ThreadGroup: Starting thread group... number=1 threads=40 ramp-up=1 perThread=25.0 delayedStart=false
2022-08-24 11:17:39,653 INFO o.a.j.t.JMeterThread: Thread started: Thread Group 1-1
2022-08-24 11:17:39,677 INFO o.a.j.t.JMeterThread: Thread started: Thread Group 1-2
2022-08-24 11:17:39,708 INFO o.a.j.t.JMeterThread: Thread started: Thread Group 1-3
2022-08-24 11:17:39,749 INFO o.a.j.p.h.s.HTTPHCAbstractImpl: Local host = ubuntu
2022-08-24 11:17:39,751 INFO o.a.j.t.JMeterThread: Thread started: Thread Group 1-4
2022-08-24 11:17:39,765 INFO o.a.j.p.h.s.HTTPHC4Impl: HTTP request retry count = 0
2022-08-24 11:17:39,780 INFO o.a.j.t.JMeterThread: Thread started: Thread Group 1-5
2022-08-24 11:17:39,794 INFO o.a.j.s.SampleResult: Note: Sample TimeStamps are START times
2022-08-24 11:17:39,794 INFO o.a.j.s.SampleResult: sampleresult.default.encoding is set to ISO-8859-1
2022-08-24 11:17:39,795 INFO o.a.j.s.SampleResult: sampleresult.useNanoTime=true
2022-08-24 11:17:39,795 INFO o.a.j.s.SampleResult: sampleresult.nanoThreadSleep=5000
2022-08-24 11:17:39,814 INFO o.a.j.t.JMeterThread: Thread started: Thread Group 1-6
2022-08-24 11:17:39,848 INFO o.a.j.t.JMeterThread: Thread started: Thread Group 1-7
2022-08-24 11:17:39,883 INFO o.a.j.t.JMeterThread: Thread started: Thread Group 1-8
2022-08-24 11:17:39,940 INFO o.a.j.t.JMeterThread: Thread started: Thread Group 1-9
2022-08-24 11:17:39,953 INFO o.a.j.t.JMeterThread: Thread started: Thread Group 1-10
2022-08-24 11:17:39,957 INFO o.a.j.t.ThreadGroup: Started thread group number 1
2022-08-24 11:17:39,958 INFO o.a.j.e.StandardJMeterEngine: All thread groups have been started
2022-08-24 11:17:39,982 INFO o.a.j.t.JMeterThread: Thread started: Thread Group 1-11
2022-08-24 11:17:40,020 INFO o.a.j.t.JMeterThread: Thread started: Thread Group 1-12
2022-08-24 11:17:40,050 INFO o.a.j.t.JMeterThread: Thread started: Thread Group 1-13
2022-08-24 11:17:40,057 INFO o.a.j.p.h.s.LazySchemeSocketFactory: Setting up HTTPS TrustAll Socket Factory
2022-08-24 11:17:40,073 INFO o.a.j.u.JsseSSLManager: Using default SSL protocol: TLS
2022-08-24 11:17:40,073 INFO o.a.j.u.JsseSSLManager: SSL session context: per-thread
2022-08-24 11:17:40,084 INFO o.a.j.t.JMeterThread: Thread started: Thread Group 1-14
2022-08-24 11:17:40,124 INFO o.a.j.t.JMeterThread: Thread started: Thread Group 1-15
2022-08-24 11:17:40,160 INFO o.a.j.t.JMeterThread: Thread started: Thread Group 1-16
2022-08-24 11:17:40,190 INFO o.a.j.t.JMeterThread: Thread started: Thread Group 1-17
2022-08-24 11:17:40,229 INFO o.a.j.t.JMeterThread: Thread started: Thread Group 1-18
2022-08-24 11:17:40,259 INFO o.a.j.t.JMeterThread: Thread started: Thread Group 1-19
2022-08-24 11:17:40,295 INFO o.a.j.t.JMeterThread: Thread started: Thread Group 1-20
2022-08-24 11:17:40,327 INFO o.a.j.t.JMeterThread: Thread started: Thread Group 1-21
2022-08-24 11:17:40,362 INFO o.a.j.t.JMeterThread: Thread started: Thread Group 1-22
2022-08-24 11:17:40,394 INFO o.a.j.t.JMeterThread: Thread started: Thread Group 1-23
2022-08-24 11:17:40,428 INFO o.a.j.u.SSLManager: JmeterKeyStore Location:  type JKS
2022-08-24 11:17:40,429 INFO o.a.j.u.SSLManager: KeyStore created OK
2022-08-24 11:17:40,430 WARN o.a.j.u.SSLManager: Keystore file not found, loading empty keystore
2022-08-24 11:17:40,430 INFO o.a.j.t.JMeterThread: Thread started: Thread Group 1-24
2022-08-24 11:17:40,461 INFO o.a.j.t.JMeterThread: Thread started: Thread Group 1-25
2022-08-24 11:17:40,497 INFO o.a.j.t.JMeterThread: Thread started: Thread Group 1-26
2022-08-24 11:17:40,526 INFO o.a.j.t.JMeterThread: Thread started: Thread Group 1-27
2022-08-24 11:17:40,559 INFO o.a.j.t.JMeterThread: Thread started: Thread Group 1-28
2022-08-24 11:17:40,601 INFO o.a.j.t.JMeterThread: Thread started: Thread Group 1-29
2022-08-24 11:17:40,633 INFO o.a.j.t.JMeterThread: Thread started: Thread Group 1-30
2022-08-24 11:17:40,674 INFO o.a.j.t.JMeterThread: Thread started: Thread Group 1-31
2022-08-24 11:17:40,714 INFO o.a.j.t.JMeterThread: Thread started: Thread Group 1-32
2022-08-24 11:17:40,740 INFO o.a.j.t.JMeterThread: Thread started: Thread Group 1-33
2022-08-24 11:17:40,774 INFO o.a.j.t.JMeterThread: Thread started: Thread Group 1-34
2022-08-24 11:17:40,795 INFO o.a.j.t.JMeterThread: Thread started: Thread Group 1-35
2022-08-24 11:17:40,823 INFO o.a.j.t.JMeterThread: Thread started: Thread Group 1-36
2022-08-24 11:17:40,851 INFO o.a.j.t.JMeterThread: Thread started: Thread Group 1-37
2022-08-24 11:17:40,876 INFO o.a.j.t.JMeterThread: Thread started: Thread Group 1-38
2022-08-24 11:17:40,907 INFO o.a.j.t.JMeterThread: Thread started: Thread Group 1-39
2022-08-24 11:17:40,934 INFO o.a.j.t.JMeterThread: Thread started: Thread Group 1-40
2022-08-24 11:17:43,637 WARN o.a.j.p.h.s.HTTPSamplerBase: Existing CookieManager HTTP Cookie Manager superseded by HTTP Cookie Manager
2022-08-24 11:17:43,645 WARN o.a.j.p.h.s.HTTPSamplerBase: Existing CookieManager HTTP Cookie Manager superseded by HTTP Cookie Manager
2022-08-24 11:17:43,646 WARN o.a.j.p.h.s.HTTPSamplerBase: Existing CookieManager HTTP Cookie Manager superseded by HTTP Cookie Manager
2022-08-24 11:17:43,647 WARN o.a.j.p.h.s.HTTPSamplerBase: Existing CookieManager HTTP Cookie Manager superseded by HTTP Cookie Manager
2022-08-24 11:17:43,648 WARN o.a.j.p.h.s.HTTPSamplerBase: Existing CookieManager HTTP Cookie Manager superseded by HTTP Cookie Manager
2022-08-24 11:17:43,648 WARN o.a.j.p.h.s.HTTPSamplerBase: Existing CookieManager HTTP Cookie Manager superseded by HTTP Cookie Manager
2022-08-24 11:17:43,649 WARN o.a.j.p.h.s.HTTPSamplerBase: Existing CookieManager HTTP Cookie Manager superseded by HTTP Cookie Manager
2022-08-24 11:17:43,650 WARN o.a.j.p.h.s.HTTPSamplerBase: Existing CookieManager HTTP Cookie Manager superseded by HTTP Cookie Manager
2022-08-24 11:17:43,650 WARN o.a.j.p.h.s.HTTPSamplerBase: Existing CookieManager HTTP Cookie Manager superseded by HTTP Cookie Manager
2022-08-24 11:17:43,650 WARN o.a.j.p.h.s.HTTPSamplerBase: Existing CookieManager HTTP Cookie Manager superseded by HTTP Cookie Manager
2022-08-24 11:17:43,651 WARN o.a.j.p.h.s.HTTPSamplerBase: Existing CookieManager HTTP Cookie Manager superseded by HTTP Cookie Manager
2022-08-24 11:17:43,651 WARN o.a.j.p.h.s.HTTPSamplerBase: Existing CookieManager HTTP Cookie Manager superseded by HTTP Cookie Manager
2022-08-24 11:17:43,652 WARN o.a.j.p.h.s.HTTPSamplerBase: Existing CookieManager HTTP Cookie Manager superseded by HTTP Cookie Manager
2022-08-24 11:17:43,654 WARN o.a.j.p.h.s.HTTPSamplerBase: Existing CookieManager HTTP Cookie Manager superseded by HTTP Cookie Manager
2022-08-24 11:17:43,654 WARN o.a.j.p.h.s.HTTPSamplerBase: Existing CookieManager HTTP Cookie Manager superseded by HTTP Cookie Manager
2022-08-24 11:17:43,654 WARN o.a.j.p.h.s.HTTPSamplerBase: Existing CookieManager HTTP Cookie Manager superseded by HTTP Cookie Manager
2022-08-24 11:17:43,663 WARN o.a.j.p.h.s.HTTPSamplerBase: Existing CookieManager HTTP Cookie Manager superseded by HTTP Cookie Manager
2022-08-24 11:17:43,661 WARN o.a.j.p.h.s.HTTPSamplerBase: Existing CookieManager HTTP Cookie Manager superseded by HTTP Cookie Manager
2022-08-24 11:17:43,661 WARN o.a.j.p.h.s.HTTPSamplerBase: Existing CookieManager HTTP Cookie Manager superseded by HTTP Cookie Manager
2022-08-24 11:17:43,663 WARN o.a.j.p.h.s.HTTPSamplerBase: Existing CookieManager HTTP Cookie Manager superseded by HTTP Cookie Manager
2022-08-24 11:17:43,663 WARN o.a.j.p.h.s.HTTPSamplerBase: Existing CookieManager HTTP Cookie Manager superseded by HTTP Cookie Manager
2022-08-24 11:17:43,663 WARN o.a.j.p.h.s.HTTPSamplerBase: Existing CookieManager HTTP Cookie Manager superseded by HTTP Cookie Manager
2022-08-24 11:17:43,663 WARN o.a.j.p.h.s.HTTPSamplerBase: Existing CookieManager HTTP Cookie Manager superseded by HTTP Cookie Manager
2022-08-24 11:17:43,657 WARN o.a.j.p.h.s.HTTPSamplerBase: Existing CookieManager HTTP Cookie Manager superseded by HTTP Cookie Manager
2022-08-24 11:17:43,662 WARN o.a.j.p.h.s.HTTPSamplerBase: Existing CookieManager HTTP Cookie Manager superseded by HTTP Cookie Manager
2022-08-24 11:17:43,662 WARN o.a.j.p.h.s.HTTPSamplerBase: Existing CookieManager HTTP Cookie Manager superseded by HTTP Cookie Manager
2022-08-24 11:17:43,662 WARN o.a.j.p.h.s.HTTPSamplerBase: Existing CookieManager HTTP Cookie Manager superseded by HTTP Cookie Manager
2022-08-24 11:17:43,661 WARN o.a.j.p.h.s.HTTPSamplerBase: Existing CookieManager HTTP Cookie Manager superseded by HTTP Cookie Manager
2022-08-24 11:17:43,661 WARN o.a.j.p.h.s.HTTPSamplerBase: Existing CookieManager HTTP Cookie Manager superseded by HTTP Cookie Manager
2022-08-24 11:17:43,654 WARN o.a.j.p.h.s.HTTPSamplerBase: Existing CookieManager HTTP Cookie Manager superseded by HTTP Cookie Manager
2022-08-24 11:17:43,661 WARN o.a.j.p.h.s.HTTPSamplerBase: Existing CookieManager HTTP Cookie Manager superseded by HTTP Cookie Manager
2022-08-24 11:17:43,661 WARN o.a.j.p.h.s.HTTPSamplerBase: Existing CookieManager HTTP Cookie Manager superseded by HTTP Cookie Manager
2022-08-24 11:17:43,660 WARN o.a.j.p.h.s.HTTPSamplerBase: Existing CookieManager HTTP Cookie Manager superseded by HTTP Cookie Manager
2022-08-24 11:17:43,660 WARN o.a.j.p.h.s.HTTPSamplerBase: Existing CookieManager HTTP Cookie Manager superseded by HTTP Cookie Manager
2022-08-24 11:17:43,658 WARN o.a.j.p.h.s.HTTPSamplerBase: Existing CookieManager HTTP Cookie Manager superseded by HTTP Cookie Manager
2022-08-24 11:17:43,658 WARN o.a.j.p.h.s.HTTPSamplerBase: Existing CookieManager HTTP Cookie Manager superseded by HTTP Cookie Manager
2022-08-24 11:17:43,657 WARN o.a.j.p.h.s.HTTPSamplerBase: Existing CookieManager HTTP Cookie Manager superseded by HTTP Cookie Manager
2022-08-24 11:17:43,655 WARN o.a.j.p.h.s.HTTPSamplerBase: Existing CookieManager HTTP Cookie Manager superseded by HTTP Cookie Manager
2022-08-24 11:17:43,655 WARN o.a.j.p.h.s.HTTPSamplerBase: Existing CookieManager HTTP Cookie Manager superseded by HTTP Cookie Manager
2022-08-24 11:17:43,655 WARN o.a.j.p.h.s.HTTPSamplerBase: Existing CookieManager HTTP Cookie Manager superseded by HTTP Cookie Manager
2022-08-24 11:17:43,737 WARN o.a.j.p.h.s.HTTPSamplerBase: Existing CookieManager HTTP Cookie Manager superseded by HTTP Cookie Manager
2022-08-24 11:17:43,741 INFO o.a.j.p.h.s.HTTPJavaImpl: Maximum connection retries = 0
2022-08-24 11:17:43,743 WARN o.a.j.p.h.s.HTTPSamplerBase: Existing CookieManager HTTP Cookie Manager superseded by HTTP Cookie Manager
2022-08-24 11:17:43,743 WARN o.a.j.p.h.s.HTTPSamplerBase: Existing CookieManager HTTP Cookie Manager superseded by HTTP Cookie Manager
2022-08-24 11:17:43,744 WARN o.a.j.p.h.s.HTTPSamplerBase: Existing CookieManager HTTP Cookie Manager superseded by HTTP Cookie Manager
2022-08-24 11:17:43,745 WARN o.a.j.p.h.s.HTTPSamplerBase: Existing CookieManager HTTP Cookie Manager superseded by HTTP Cookie Manager
2022-08-24 11:17:43,746 WARN o.a.j.p.h.s.HTTPSamplerBase: Existing CookieManager HTTP Cookie Manager superseded by HTTP Cookie Manager
2022-08-24 11:17:43,746 WARN o.a.j.p.h.s.HTTPSamplerBase: Existing CookieManager HTTP Cookie Manager superseded by HTTP Cookie Manager
2022-08-24 11:17:43,747 WARN o.a.j.p.h.s.HTTPSamplerBase: Existing CookieManager HTTP Cookie Manager superseded by HTTP Cookie Manager
2022-08-24 11:17:43,747 WARN o.a.j.p.h.s.HTTPSamplerBase: Existing CookieManager HTTP Cookie Manager superseded by HTTP Cookie Manager
2022-08-24 11:17:43,747 WARN o.a.j.p.h.s.HTTPSamplerBase: Existing CookieManager HTTP Cookie Manager superseded by HTTP Cookie Manager
2022-08-24 11:17:43,747 WARN o.a.j.p.h.s.HTTPSamplerBase: Existing CookieManager HTTP Cookie Manager superseded by HTTP Cookie Manager
2022-08-24 11:17:43,748 WARN o.a.j.p.h.s.HTTPSamplerBase: Existing CookieManager HTTP Cookie Manager superseded by HTTP Cookie Manager
2022-08-24 11:17:43,748 WARN o.a.j.p.h.s.HTTPSamplerBase: Existing CookieManager HTTP Cookie Manager superseded by HTTP Cookie Manager
2022-08-24 11:17:43,748 WARN o.a.j.p.h.s.HTTPSamplerBase: Existing CookieManager HTTP Cookie Manager superseded by HTTP Cookie Manager
2022-08-24 11:17:43,749 WARN o.a.j.p.h.s.HTTPSamplerBase: Existing CookieManager HTTP Cookie Manager superseded by HTTP Cookie Manager
2022-08-24 11:17:43,749 WARN o.a.j.p.h.s.HTTPSamplerBase: Existing CookieManager HTTP Cookie Manager superseded by HTTP Cookie Manager
2022-08-24 11:17:43,749 WARN o.a.j.p.h.s.HTTPSamplerBase: Existing CookieManager HTTP Cookie Manager superseded by HTTP Cookie Manager
2022-08-24 11:17:43,749 WARN o.a.j.p.h.s.HTTPSamplerBase: Existing CookieManager HTTP Cookie Manager superseded by HTTP Cookie Manager
2022-08-24 11:17:43,750 WARN o.a.j.p.h.s.HTTPSamplerBase: Existing CookieManager HTTP Cookie Manager superseded by HTTP Cookie Manager
2022-08-24 11:17:43,750 WARN o.a.j.p.h.s.HTTPSamplerBase: Existing CookieManager HTTP Cookie Manager superseded by HTTP Cookie Manager
2022-08-24 11:17:43,750 WARN o.a.j.p.h.s.HTTPSamplerBase: Existing CookieManager HTTP Cookie Manager superseded by HTTP Cookie Manager
2022-08-24 11:17:43,751 WARN o.a.j.p.h.s.HTTPSamplerBase: Existing CookieManager HTTP Cookie Manager superseded by HTTP Cookie Manager
2022-08-24 11:17:43,751 WARN o.a.j.p.h.s.HTTPSamplerBase: Existing CookieManager HTTP Cookie Manager superseded by HTTP Cookie Manager
2022-08-24 11:17:43,752 WARN o.a.j.p.h.s.HTTPSamplerBase: Existing CookieManager HTTP Cookie Manager superseded by HTTP Cookie Manager
2022-08-24 11:17:43,752 WARN o.a.j.p.h.s.HTTPSamplerBase: Existing CookieManager HTTP Cookie Manager superseded by HTTP Cookie Manager
2022-08-24 11:17:43,753 WARN o.a.j.p.h.s.HTTPSamplerBase: Existing CookieManager HTTP Cookie Manager superseded by HTTP Cookie Manager
2022-08-24 11:17:43,753 WARN o.a.j.p.h.s.HTTPSamplerBase: Existing CookieManager HTTP Cookie Manager superseded by HTTP Cookie Manager
2022-08-24 11:17:43,754 WARN o.a.j.p.h.s.HTTPSamplerBase: Existing CookieManager HTTP Cookie Manager superseded by HTTP Cookie Manager
2022-08-24 11:17:43,754 WARN o.a.j.p.h.s.HTTPSamplerBase: Existing CookieManager HTTP Cookie Manager superseded by HTTP Cookie Manager
2022-08-24 11:17:43,755 WARN o.a.j.p.h.s.HTTPSamplerBase: Existing CookieManager HTTP Cookie Manager superseded by HTTP Cookie Manager
2022-08-24 11:17:43,755 WARN o.a.j.p.h.s.HTTPSamplerBase: Existing CookieManager HTTP Cookie Manager superseded by HTTP Cookie Manager
2022-08-24 11:17:43,755 WARN o.a.j.p.h.s.HTTPSamplerBase: Existing CookieManager HTTP Cookie Manager superseded by HTTP Cookie Manager
2022-08-24 11:17:43,756 WARN o.a.j.p.h.s.HTTPSamplerBase: Existing CookieManager HTTP Cookie Manager superseded by HTTP Cookie Manager
2022-08-24 11:17:43,756 WARN o.a.j.p.h.s.HTTPSamplerBase: Existing CookieManager HTTP Cookie Manager superseded by HTTP Cookie Manager
2022-08-24 11:17:43,757 WARN o.a.j.p.h.s.HTTPSamplerBase: Existing CookieManager HTTP Cookie Manager superseded by HTTP Cookie Manager
2022-08-24 11:17:43,757 WARN o.a.j.p.h.s.HTTPSamplerBase: Existing CookieManager HTTP Cookie Manager superseded by HTTP Cookie Manager
2022-08-24 11:17:43,757 WARN o.a.j.p.h.s.HTTPSamplerBase: Existing CookieManager HTTP Cookie Manager superseded by HTTP Cookie Manager
2022-08-24 11:17:43,758 WARN o.a.j.p.h.s.HTTPSamplerBase: Existing CookieManager HTTP Cookie Manager superseded by HTTP Cookie Manager
2022-08-24 11:17:43,752 WARN o.a.j.p.h.s.HTTPSamplerBase: Existing CookieManager HTTP Cookie Manager superseded by HTTP Cookie Manager
2022-08-24 11:17:43,758 WARN o.a.j.p.h.s.HTTPSamplerBase: Existing CookieManager HTTP Cookie Manager superseded by HTTP Cookie Manager
2022-08-24 11:24:36,943 INFO o.a.j.JMeter: Command: Shutdown received from /127.0.0.1
2022-08-24 11:24:36,944 INFO o.a.j.t.JMeterThread: Stopping: Thread Group 1-25
2022-08-24 11:24:36,945 INFO o.a.j.t.JMeterThread: Stopping: Thread Group 1-34
2022-08-24 11:24:36,945 INFO o.a.j.t.JMeterThread: Stopping: Thread Group 1-39
2022-08-24 11:24:36,945 INFO o.a.j.t.JMeterThread: Stopping: Thread Group 1-10
2022-08-24 11:24:36,945 INFO o.a.j.t.JMeterThread: Stopping: Thread Group 1-28
2022-08-24 11:24:36,945 INFO o.a.j.t.JMeterThread: Stopping: Thread Group 1-33
2022-08-24 11:24:36,945 INFO o.a.j.t.JMeterThread: Stopping: Thread Group 1-7
2022-08-24 11:24:36,945 INFO o.a.j.t.JMeterThread: Stopping: Thread Group 1-16
2022-08-24 11:24:36,946 INFO o.a.j.t.JMeterThread: Stopping: Thread Group 1-12
2022-08-24 11:24:36,946 INFO o.a.j.t.JMeterThread: Stopping: Thread Group 1-11
2022-08-24 11:24:36,946 INFO o.a.j.t.JMeterThread: Stopping: Thread Group 1-4
2022-08-24 11:24:36,946 INFO o.a.j.t.JMeterThread: Stopping: Thread Group 1-13
2022-08-24 11:24:36,946 INFO o.a.j.t.JMeterThread: Stopping: Thread Group 1-24
2022-08-24 11:24:36,946 INFO o.a.j.t.JMeterThread: Stopping: Thread Group 1-35
2022-08-24 11:24:36,946 INFO o.a.j.t.JMeterThread: Stopping: Thread Group 1-29
2022-08-24 11:24:36,946 INFO o.a.j.t.JMeterThread: Stopping: Thread Group 1-31
2022-08-24 11:24:36,946 INFO o.a.j.t.JMeterThread: Stopping: Thread Group 1-3
2022-08-24 11:24:36,947 INFO o.a.j.t.JMeterThread: Stopping: Thread Group 1-2
2022-08-24 11:24:36,947 INFO o.a.j.t.JMeterThread: Stopping: Thread Group 1-5
2022-08-24 11:24:36,947 INFO o.a.j.t.JMeterThread: Stopping: Thread Group 1-26
2022-08-24 11:24:36,947 INFO o.a.j.t.JMeterThread: Stopping: Thread Group 1-1
2022-08-24 11:24:36,947 INFO o.a.j.t.JMeterThread: Stopping: Thread Group 1-19
2022-08-24 11:24:36,947 INFO o.a.j.t.JMeterThread: Stopping: Thread Group 1-18
2022-08-24 11:24:36,947 INFO o.a.j.t.JMeterThread: Stopping: Thread Group 1-9
2022-08-24 11:24:36,947 INFO o.a.j.t.JMeterThread: Stopping: Thread Group 1-21
2022-08-24 11:24:36,947 INFO o.a.j.t.JMeterThread: Stopping: Thread Group 1-6
2022-08-24 11:24:36,947 INFO o.a.j.t.JMeterThread: Stopping: Thread Group 1-37
2022-08-24 11:24:36,948 INFO o.a.j.t.JMeterThread: Stopping: Thread Group 1-22
2022-08-24 11:24:36,948 INFO o.a.j.t.JMeterThread: Stopping: Thread Group 1-30
2022-08-24 11:24:36,948 INFO o.a.j.t.JMeterThread: Stopping: Thread Group 1-8
2022-08-24 11:24:36,948 INFO o.a.j.t.JMeterThread: Stopping: Thread Group 1-14
2022-08-24 11:24:36,948 INFO o.a.j.t.JMeterThread: Stopping: Thread Group 1-20
2022-08-24 11:24:36,948 INFO o.a.j.t.JMeterThread: Stopping: Thread Group 1-23
2022-08-24 11:24:36,948 INFO o.a.j.t.JMeterThread: Stopping: Thread Group 1-15
2022-08-24 11:24:36,948 INFO o.a.j.t.JMeterThread: Stopping: Thread Group 1-32
2022-08-24 11:24:36,948 INFO o.a.j.t.JMeterThread: Stopping: Thread Group 1-40
2022-08-24 11:24:36,948 INFO o.a.j.t.JMeterThread: Stopping: Thread Group 1-27
2022-08-24 11:24:36,949 INFO o.a.j.t.JMeterThread: Stopping: Thread Group 1-38
2022-08-24 11:24:36,949 INFO o.a.j.t.JMeterThread: Stopping: Thread Group 1-36
2022-08-24 11:24:36,949 INFO o.a.j.t.JMeterThread: Stopping: Thread Group 1-17
2022-08-24 11:24:37,944 INFO o.a.j.JMeter: Command: Shutdown received from /127.0.0.1
2022-08-24 11:24:37,945 INFO o.a.j.t.JMeterThread: Stopping: Thread Group 1-25
2022-08-24 11:24:37,945 INFO o.a.j.t.JMeterThread: Stopping: Thread Group 1-34
2022-08-24 11:24:37,945 INFO o.a.j.t.JMeterThread: Stopping: Thread Group 1-39
2022-08-24 11:24:37,945 INFO o.a.j.t.JMeterThread: Stopping: Thread Group 1-10
2022-08-24 11:24:37,946 INFO o.a.j.t.JMeterThread: Stopping: Thread Group 1-28
2022-08-24 11:24:37,946 INFO o.a.j.t.JMeterThread: Stopping: Thread Group 1-33
2022-08-24 11:24:37,946 INFO o.a.j.t.JMeterThread: Stopping: Thread Group 1-7
2022-08-24 11:24:37,946 INFO o.a.j.t.JMeterThread: Stopping: Thread Group 1-16
2022-08-24 11:24:37,946 INFO o.a.j.t.JMeterThread: Stopping: Thread Group 1-12
2022-08-24 11:24:37,946 INFO o.a.j.t.JMeterThread: Stopping: Thread Group 1-11
2022-08-24 11:24:37,946 INFO o.a.j.t.JMeterThread: Stopping: Thread Group 1-4
2022-08-24 11:24:37,946 INFO o.a.j.t.JMeterThread: Stopping: Thread Group 1-13
2022-08-24 11:24:37,946 INFO o.a.j.t.JMeterThread: Stopping: Thread Group 1-24
2022-08-24 11:24:37,946 INFO o.a.j.t.JMeterThread: Stopping: Thread Group 1-35
2022-08-24 11:24:37,946 INFO o.a.j.t.JMeterThread: Stopping: Thread Group 1-29
2022-08-24 11:24:37,947 INFO o.a.j.t.JMeterThread: Stopping: Thread Group 1-31
2022-08-24 11:24:37,947 INFO o.a.j.t.JMeterThread: Stopping: Thread Group 1-3
2022-08-24 11:24:37,947 INFO o.a.j.t.JMeterThread: Stopping: Thread Group 1-2
2022-08-24 11:24:37,947 INFO o.a.j.t.JMeterThread: Stopping: Thread Group 1-5
2022-08-24 11:24:37,947 INFO o.a.j.t.JMeterThread: Stopping: Thread Group 1-26
2022-08-24 11:24:37,947 INFO o.a.j.t.JMeterThread: Stopping: Thread Group 1-1
2022-08-24 11:24:37,947 INFO o.a.j.t.JMeterThread: Stopping: Thread Group 1-19
2022-08-24 11:24:37,947 INFO o.a.j.t.JMeterThread: Stopping: Thread Group 1-18
2022-08-24 11:24:37,947 INFO o.a.j.t.JMeterThread: Stopping: Thread Group 1-9
2022-08-24 11:24:37,947 INFO o.a.j.t.JMeterThread: Stopping: Thread Group 1-21
2022-08-24 11:24:37,947 INFO o.a.j.t.JMeterThread: Stopping: Thread Group 1-6
2022-08-24 11:24:37,947 INFO o.a.j.t.JMeterThread: Stopping: Thread Group 1-37
2022-08-24 11:24:37,948 INFO o.a.j.t.JMeterThread: Stopping: Thread Group 1-22
2022-08-24 11:24:37,948 INFO o.a.j.t.JMeterThread: Stopping: Thread Group 1-30
2022-08-24 11:24:37,948 INFO o.a.j.t.JMeterThread: Stopping: Thread Group 1-8
2022-08-24 11:24:37,948 INFO o.a.j.t.JMeterThread: Stopping: Thread Group 1-14
2022-08-24 11:24:37,948 INFO o.a.j.t.JMeterThread: Stopping: Thread Group 1-20
2022-08-24 11:24:37,948 INFO o.a.j.t.JMeterThread: Stopping: Thread Group 1-23
2022-08-24 11:24:37,948 INFO o.a.j.t.JMeterThread: Stopping: Thread Group 1-15
2022-08-24 11:24:37,948 INFO o.a.j.t.JMeterThread: Stopping: Thread Group 1-32
2022-08-24 11:24:37,948 INFO o.a.j.t.JMeterThread: Stopping: Thread Group 1-40
2022-08-24 11:24:37,949 INFO o.a.j.t.JMeterThread: Stopping: Thread Group 1-27
2022-08-24 11:24:37,949 INFO o.a.j.t.JMeterThread: Stopping: Thread Group 1-38
2022-08-24 11:24:37,949 INFO o.a.j.t.JMeterThread: Stopping: Thread Group 1-36
2022-08-24 11:24:37,949 INFO o.a.j.t.JMeterThread: Stopping: Thread Group 1-17
2022-08-24 11:24:38,946 INFO o.a.j.JMeter: Command: Shutdown received from /127.0.0.1
2022-08-24 11:24:38,947 INFO o.a.j.t.JMeterThread: Stopping: Thread Group 1-25
2022-08-24 11:24:38,947 INFO o.a.j.t.JMeterThread: Stopping: Thread Group 1-34
2022-08-24 11:24:38,948 INFO o.a.j.t.JMeterThread: Stopping: Thread Group 1-39
2022-08-24 11:24:38,948 INFO o.a.j.t.JMeterThread: Stopping: Thread Group 1-10
2022-08-24 11:24:38,948 INFO o.a.j.t.JMeterThread: Stopping: Thread Group 1-28
2022-08-24 11:24:38,948 INFO o.a.j.t.JMeterThread: Stopping: Thread Group 1-33
2022-08-24 11:24:38,948 INFO o.a.j.t.JMeterThread: Stopping: Thread Group 1-7
2022-08-24 11:24:38,948 INFO o.a.j.t.JMeterThread: Stopping: Thread Group 1-16
2022-08-24 11:24:38,948 INFO o.a.j.t.JMeterThread: Stopping: Thread Group 1-12
2022-08-24 11:24:38,948 INFO o.a.j.t.JMeterThread: Stopping: Thread Group 1-11
2022-08-24 11:24:38,948 INFO o.a.j.t.JMeterThread: Stopping: Thread Group 1-4
2022-08-24 11:24:38,948 INFO o.a.j.t.JMeterThread: Stopping: Thread Group 1-13
2022-08-24 11:24:38,948 INFO o.a.j.t.JMeterThread: Stopping: Thread Group 1-24
2022-08-24 11:24:38,948 INFO o.a.j.t.JMeterThread: Stopping: Thread Group 1-35
2022-08-24 11:24:38,948 INFO o.a.j.t.JMeterThread: Stopping: Thread Group 1-29
2022-08-24 11:24:38,949 INFO o.a.j.t.JMeterThread: Stopping: Thread Group 1-31
2022-08-24 11:24:38,949 INFO o.a.j.t.JMeterThread: Stopping: Thread Group 1-3
2022-08-24 11:24:38,949 INFO o.a.j.t.JMeterThread: Stopping: Thread Group 1-2
2022-08-24 11:24:38,949 INFO o.a.j.t.JMeterThread: Stopping: Thread Group 1-5
2022-08-24 11:24:38,949 INFO o.a.j.t.JMeterThread: Stopping: Thread Group 1-26
2022-08-24 11:24:38,949 INFO o.a.j.t.JMeterThread: Stopping: Thread Group 1-1
2022-08-24 11:24:38,949 INFO o.a.j.t.JMeterThread: Stopping: Thread Group 1-19
2022-08-24 11:24:38,949 INFO o.a.j.t.JMeterThread: Stopping: Thread Group 1-18
2022-08-24 11:24:38,949 INFO o.a.j.t.JMeterThread: Stopping: Thread Group 1-9
2022-08-24 11:24:38,949 INFO o.a.j.t.JMeterThread: Stopping: Thread Group 1-21
2022-08-24 11:24:38,950 INFO o.a.j.t.JMeterThread: Stopping: Thread Group 1-6
2022-08-24 11:24:38,950 INFO o.a.j.t.JMeterThread: Stopping: Thread Group 1-37
2022-08-24 11:24:38,951 INFO o.a.j.t.JMeterThread: Stopping: Thread Group 1-22
2022-08-24 11:24:38,951 INFO o.a.j.t.JMeterThread: Stopping: Thread Group 1-30
2022-08-24 11:24:38,951 INFO o.a.j.t.JMeterThread: Stopping: Thread Group 1-8
2022-08-24 11:24:38,951 INFO o.a.j.t.JMeterThread: Stopping: Thread Group 1-14
2022-08-24 11:24:38,951 INFO o.a.j.t.JMeterThread: Stopping: Thread Group 1-20
2022-08-24 11:24:38,951 INFO o.a.j.t.JMeterThread: Stopping: Thread Group 1-23
2022-08-24 11:24:38,951 INFO o.a.j.t.JMeterThread: Stopping: Thread Group 1-15
2022-08-24 11:24:38,951 INFO o.a.j.t.JMeterThread: Stopping: Thread Group 1-32
2022-08-24 11:24:38,951 INFO o.a.j.t.JMeterThread: Stopping: Thread Group 1-40
2022-08-24 11:24:38,951 INFO o.a.j.t.JMeterThread: Stopping: Thread Group 1-27
2022-08-24 11:24:38,951 INFO o.a.j.t.JMeterThread: Stopping: Thread Group 1-38
2022-08-24 11:24:38,951 INFO o.a.j.t.JMeterThread: Stopping: Thread Group 1-36
2022-08-24 11:24:38,952 INFO o.a.j.t.JMeterThread: Stopping: Thread Group 1-17
2022-08-24 11:24:39,948 INFO o.a.j.JMeter: Command: Shutdown received from /127.0.0.1
2022-08-24 11:24:39,949 INFO o.a.j.t.JMeterThread: Stopping: Thread Group 1-25
2022-08-24 11:24:39,949 INFO o.a.j.t.JMeterThread: Stopping: Thread Group 1-34
2022-08-24 11:24:39,949 INFO o.a.j.t.JMeterThread: Stopping: Thread Group 1-39
2022-08-24 11:24:39,949 INFO o.a.j.t.JMeterThread: Stopping: Thread Group 1-10
2022-08-24 11:24:39,950 INFO o.a.j.t.JMeterThread: Stopping: Thread Group 1-28
2022-08-24 11:24:39,950 INFO o.a.j.t.JMeterThread: Stopping: Thread Group 1-33
2022-08-24 11:24:39,950 INFO o.a.j.t.JMeterThread: Stopping: Thread Group 1-7
2022-08-24 11:24:39,950 INFO o.a.j.t.JMeterThread: Stopping: Thread Group 1-16
2022-08-24 11:24:39,950 INFO o.a.j.t.JMeterThread: Stopping: Thread Group 1-12
2022-08-24 11:24:39,950 INFO o.a.j.t.JMeterThread: Stopping: Thread Group 1-11
2022-08-24 11:24:39,950 INFO o.a.j.t.JMeterThread: Stopping: Thread Group 1-4
2022-08-24 11:24:39,950 INFO o.a.j.t.JMeterThread: Stopping: Thread Group 1-13
2022-08-24 11:24:39,950 INFO o.a.j.t.JMeterThread: Stopping: Thread Group 1-24
2022-08-24 11:24:39,950 INFO o.a.j.t.JMeterThread: Stopping: Thread Group 1-35
2022-08-24 11:24:39,950 INFO o.a.j.t.JMeterThread: Stopping: Thread Group 1-29
2022-08-24 11:24:39,950 INFO o.a.j.t.JMeterThread: Stopping: Thread Group 1-31
2022-08-24 11:24:39,950 INFO o.a.j.t.JMeterThread: Stopping: Thread Group 1-3
2022-08-24 11:24:39,951 INFO o.a.j.t.JMeterThread: Stopping: Thread Group 1-2
2022-08-24 11:24:39,951 INFO o.a.j.t.JMeterThread: Stopping: Thread Group 1-5
2022-08-24 11:24:39,951 INFO o.a.j.t.JMeterThread: Stopping: Thread Group 1-26
2022-08-24 11:24:39,951 INFO o.a.j.t.JMeterThread: Stopping: Thread Group 1-1
2022-08-24 11:24:39,951 INFO o.a.j.t.JMeterThread: Stopping: Thread Group 1-19
2022-08-24 11:24:39,951 INFO o.a.j.t.JMeterThread: Stopping: Thread Group 1-18
2022-08-24 11:24:39,951 INFO o.a.j.t.JMeterThread: Stopping: Thread Group 1-9
2022-08-24 11:24:39,951 INFO o.a.j.t.JMeterThread: Stopping: Thread Group 1-21
2022-08-24 11:24:39,951 INFO o.a.j.t.JMeterThread: Stopping: Thread Group 1-6
2022-08-24 11:24:39,951 INFO o.a.j.t.JMeterThread: Stopping: Thread Group 1-37
2022-08-24 11:24:39,951 INFO o.a.j.t.JMeterThread: Stopping: Thread Group 1-22
2022-08-24 11:24:39,951 INFO o.a.j.t.JMeterThread: Stopping: Thread Group 1-30
2022-08-24 11:24:39,952 INFO o.a.j.t.JMeterThread: Stopping: Thread Group 1-8
2022-08-24 11:24:39,952 INFO o.a.j.t.JMeterThread: Stopping: Thread Group 1-14
2022-08-24 11:24:39,952 INFO o.a.j.t.JMeterThread: Stopping: Thread Group 1-20
2022-08-24 11:24:39,952 INFO o.a.j.t.JMeterThread: Stopping: Thread Group 1-23
2022-08-24 11:24:39,952 INFO o.a.j.t.JMeterThread: Stopping: Thread Group 1-15
2022-08-24 11:24:39,952 INFO o.a.j.t.JMeterThread: Stopping: Thread Group 1-32
2022-08-24 11:24:39,952 INFO o.a.j.t.JMeterThread: Stopping: Thread Group 1-40
2022-08-24 11:24:39,952 INFO o.a.j.t.JMeterThread: Stopping: Thread Group 1-27
2022-08-24 11:24:39,952 INFO o.a.j.t.JMeterThread: Stopping: Thread Group 1-38
2022-08-24 11:24:39,953 INFO o.a.j.t.JMeterThread: Stopping: Thread Group 1-36
2022-08-24 11:24:39,953 INFO o.a.j.t.JMeterThread: Stopping: Thread Group 1-17
