"2022-08-12 09:02:18.617 +0000" : {
  "main_scheduler" : {
    "bqs" : {
      "00034" : {
        "mmconts" : [0, 332, 335],
        "acts" : [341, 340],
        "tstate" : { "idle" : 997067, "run" : 3424, "locked" : 0, "mmap" : 0 }
      },
      "00035" : {
        "mmconts" : [0, 332, 335],
        "acts" : [9, 8],
        "tstate" : { "idle" : 982371, "run" : 13034, "locked" : 0, "mmap" : 5013 }
      },
      "00036" : {
        "mmconts" : [0, 332, 335],
        "acts" : [338, 337],
        "tstate" : { "idle" : 997525, "run" : 2804, "locked" : 0, "mmap" : 53 }
      }
    }
  },
  "benchmark_io" : {
    "simple_times" : {
      "mcount" : {
        "mcount" : { "16 -- 25" : 1, "1 -- 2" : 1, "1 -- 1" : 4 }
      }
    },
    "stream_method" : {
      "conns" : [0, 0],
      "in" : [0, 0],
      "out" : [0, 0],
      "mmtasks" : [0, 0, 1],
      "load" : 0.351,
      "mcount" : {
        "mcount" : { "Protocol error" : 6 }
      },
      "http_proto0" : {
        "mcount" : {
          "mcount" : { }
        }
      },
      "source_log" : {
        "delta" : [0, 0, 258]
      },
      "loggers" : {
        "brief_logger" : {
          "records" : [6, 5],
          "out" : [268, 267]
        }
      }
    }
  }
},
"2022-08-12 09:02:19.618 +0000" : {
  "main_scheduler" : {
    "bqs" : {
      "00034" : {
        "mmconts" : [335, 335, 335],
        "acts" : [8, 7],
        "tstate" : { "idle" : 997576, "run" : 3167, "locked" : 0, "mmap" : 0 }
      },
      "00035" : {
        "mmconts" : [335, 335, 335],
        "acts" : [3, 2],
        "tstate" : { "idle" : 998676, "run" : 2068, "locked" : 0, "mmap" : 0 }
      },
      "00036" : {
        "mmconts" : [335, 335, 335],
        "acts" : [8, 7],
        "tstate" : { "idle" : 997758, "run" : 2978, "locked" : 0, "mmap" : 0 }
      }
    }
  },
  "benchmark_io" : {
    "simple_times" : {
      "mcount" : {
        "mcount" : { "2 -- 4" : 1, "1 -- 2" : 4 }
      }
    },
    "stream_method" : {
      "conns" : [0, 0],
      "in" : [0, 0],
      "out" : [0, 0],
      "mmtasks" : [0, 0, 1],
      "load" : 0.986,
      "mcount" : {
        "mcount" : { "Protocol error" : 5 }
      },
      "http_proto0" : {
        "mcount" : {
          "mcount" : { }
        }
      },
      "source_log" : {
        "delta" : [0, 0, 0]
      },
      "loggers" : {
        "brief_logger" : {
          "records" : [5, 4],
          "out" : [220, 219]
        }
      }
    }
  }
},
"2022-08-12 09:02:20.617 +0000" : {
  "main_scheduler" : {
    "bqs" : {
      "00034" : {
        "mmconts" : [335, 335, 335],
        "acts" : [8, 8],
        "tstate" : { "idle" : 997144, "run" : 2312, "locked" : 0, "mmap" : 0 }
      },
      "00035" : {
        "mmconts" : [335, 335, 335],
        "acts" : [6, 6],
        "tstate" : { "idle" : 996844, "run" : 2607, "locked" : 0, "mmap" : 0 }
      },
      "00036" : {
        "mmconts" : [335, 335, 335],
        "acts" : [8, 8],
        "tstate" : { "idle" : 996598, "run" : 2851, "locked" : 0, "mmap" : 0 }
      }
    }
  },
  "benchmark_io" : {
    "simple_times" : {
      "mcount" : {
        "mcount" : { "2 -- 4" : 1, "1 -- 2" : 4, "1 -- 1" : 1 }
      }
    },
    "stream_method" : {
      "conns" : [0, 0],
      "in" : [0, 0],
      "out" : [0, 0],
      "mmtasks" : [0, 0, 1],
      "load" : 0.988,
      "mcount" : {
        "mcount" : { "Protocol error" : 6 }
      },
      "http_proto0" : {
        "mcount" : {
          "mcount" : { }
        }
      },
      "source_log" : {
        "delta" : [0, 0, 0]
      },
      "loggers" : {
        "brief_logger" : {
          "records" : [6, 6],
          "out" : [263, 263]
        }
      }
    }
  }
},
"2022-08-12 09:02:21.617 +0000" : {
  "main_scheduler" : {
    "bqs" : {
      "00034" : {
        "mmconts" : [335, 335, 335],
        "acts" : [8, 7],
        "tstate" : { "idle" : 997524, "run" : 2527, "locked" : 0, "mmap" : 0 }
      },
      "00035" : {
        "mmconts" : [335, 335, 335],
        "acts" : [9, 8],
        "tstate" : { "idle" : 996829, "run" : 3228, "locked" : 0, "mmap" : 0 }
      },
      "00036" : {
        "mmconts" : [335, 335, 335],
        "acts" : [8, 7],
        "tstate" : { "idle" : 997292, "run" : 2767, "locked" : 0, "mmap" : 0 }
      }
    }
  },
  "benchmark_io" : {
    "simple_times" : {
      "mcount" : {
        "mcount" : { "1 -- 2" : 4, "1 -- 1" : 3 }
      }
    },
    "stream_method" : {
      "conns" : [0, 0],
      "in" : [0, 0],
      "out" : [0, 0],
      "mmtasks" : [0, 0, 1],
      "load" : 0.987,
      "mcount" : {
        "mcount" : { "Protocol error" : 7 }
      },
      "http_proto0" : {
        "mcount" : {
          "mcount" : { }
        }
      },
      "source_log" : {
        "delta" : [0, 0, 0]
      },
      "loggers" : {
        "brief_logger" : {
          "records" : [7, 6],
          "out" : [308, 307]
        }
      }
    }
  }
},
"2022-08-12 09:02:22.618 +0000" : {
  "main_scheduler" : {
    "bqs" : {
      "00034" : {
        "mmconts" : [335, 335, 335],
        "acts" : [8, 7],
        "tstate" : { "idle" : 997442, "run" : 2708, "locked" : 0, "mmap" : 0 }
      },
      "00035" : {
        "mmconts" : [335, 335, 335],
        "acts" : [6, 5],
        "tstate" : { "idle" : 996853, "run" : 3297, "locked" : 0, "mmap" : 0 }
      },
      "00036" : {
        "mmconts" : [335, 335, 335],
        "acts" : [11, 10],
        "tstate" : { "idle" : 995970, "run" : 4183, "locked" : 0, "mmap" : 0 }
      }
    }
  },
  "benchmark_io" : {
    "simple_times" : {
      "mcount" : {
        "mcount" : { "2 -- 4" : 3, "1 -- 2" : 4 }
      }
    },
    "stream_method" : {
      "conns" : [0, 0],
      "in" : [0, 0],
      "out" : [0, 0],
      "mmtasks" : [0, 0, 1],
      "load" : 0.988,
      "mcount" : {
        "mcount" : { "Protocol error" : 7 }
      },
      "http_proto0" : {
        "mcount" : {
          "mcount" : { }
        }
      },
      "source_log" : {
        "delta" : [0, 0, 0]
      },
      "loggers" : {
        "brief_logger" : {
          "records" : [7, 6],
          "out" : [308, 307]
        }
      }
    }
  }
},
"2022-08-12 09:02:23.618 +0000" : {
  "main_scheduler" : {
    "bqs" : {
      "00034" : {
        "mmconts" : [335, 335, 335],
        "acts" : [11, 10],
        "tstate" : { "idle" : 997017, "run" : 3428, "locked" : 0, "mmap" : 0 }
      },
      "00035" : {
        "mmconts" : [335, 335, 335],
        "acts" : [6, 5],
        "tstate" : { "idle" : 998053, "run" : 2399, "locked" : 0, "mmap" : 0 }
      },
      "00036" : {
        "mmconts" : [335, 335, 335],
        "acts" : [8, 7],
        "tstate" : { "idle" : 997406, "run" : 3043, "locked" : 0, "mmap" : 0 }
      }
    }
  },
  "benchmark_io" : {
    "simple_times" : {
      "mcount" : {
        "mcount" : { "2 -- 4" : 1, "1 -- 2" : 6 }
      }
    },
    "stream_method" : {
      "conns" : [0, 0],
      "in" : [0, 0],
      "out" : [0, 0],
      "mmtasks" : [0, 0, 1],
      "load" : 0.990,
      "mcount" : {
        "mcount" : { "Protocol error" : 7 }
      },
      "http_proto0" : {
        "mcount" : {
          "mcount" : { }
        }
      },
      "source_log" : {
        "delta" : [0, 0, 0]
      },
      "loggers" : {
        "brief_logger" : {
          "records" : [7, 6],
          "out" : [307, 306]
        }
      }
    }
  }
},
"2022-08-12 09:02:24.618 +0000" : {
  "main_scheduler" : {
    "bqs" : {
      "00034" : {
        "mmconts" : [335, 335, 335],
        "acts" : [8, 8],
        "tstate" : { "idle" : 997442, "run" : 2015, "locked" : 0, "mmap" : 0 }
      },
      "00035" : {
        "mmconts" : [335, 335, 335],
        "acts" : [9, 9],
        "tstate" : { "idle" : 996866, "run" : 2581, "locked" : 0, "mmap" : 0 }
      },
      "00036" : {
        "mmconts" : [335, 335, 335],
        "acts" : [11, 11],
        "tstate" : { "idle" : 995887, "run" : 3560, "locked" : 0, "mmap" : 0 }
      }
    }
  },
  "benchmark_io" : {
    "simple_times" : {
      "mcount" : {
        "mcount" : { "4 -- 6" : 1, "1 -- 2" : 2, "1 -- 1" : 5 }
      }
    },
    "stream_method" : {
      "conns" : [0, 0],
      "in" : [0, 0],
      "out" : [0, 0],
      "mmtasks" : [0, 0, 1],
      "load" : 0.991,
      "mcount" : {
        "mcount" : { "Protocol error" : 8 }
      },
      "http_proto0" : {
        "mcount" : {
          "mcount" : { }
        }
      },
      "source_log" : {
        "delta" : [0, 0, 0]
      },
      "loggers" : {
        "brief_logger" : {
          "records" : [8, 8],
          "out" : [349, 349]
        }
      }
    }
  }
},
"2022-08-12 09:02:25.617 +0000" : {
  "main_scheduler" : {
    "bqs" : {
      "00034" : {
        "mmconts" : [334, 334, 335],
        "acts" : [11, 11],
        "tstate" : { "idle" : 996946, "run" : 2930, "locked" : 0, "mmap" : 0 }
      },
      "00035" : {
        "mmconts" : [333, 334, 335],
        "acts" : [9, 9],
        "tstate" : { "idle" : 996498, "run" : 3354, "locked" : 0, "mmap" : 29 }
      },
      "00036" : {
        "mmconts" : [334, 334, 335],
        "acts" : [8, 8],
        "tstate" : { "idle" : 997169, "run" : 2710, "locked" : 0, "mmap" : 0 }
      }
    }
  },
  "benchmark_io" : {
    "simple_times" : {
      "mcount" : {
        "mcount" : { "2 -- 4" : 1, "1 -- 2" : 4, "1 -- 1" : 3 }
      }
    },
    "stream_method" : {
      "conns" : [0, 0],
      "in" : [0, 0],
      "out" : [0, 0],
      "mmtasks" : [0, 0, 1],
      "load" : 0.991,
      "mcount" : {
        "mcount" : { "Protocol error" : 8 }
      },
      "http_proto0" : {
        "mcount" : {
          "mcount" : { }
        }
      },
      "source_log" : {
        "delta" : [0, 0, 0]
      },
      "loggers" : {
        "brief_logger" : {
          "records" : [8, 8],
          "out" : [352, 352]
        }
      }
    }
  }
},
"2022-08-12 09:02:26.618 +0000" : {
  "main_scheduler" : {
    "bqs" : {
      "00034" : {
        "mmconts" : [331, 332, 334],
        "acts" : [11, 10],
        "tstate" : { "idle" : 997304, "run" : 3470, "locked" : 0, "mmap" : 0 }
      },
      "00035" : {
        "mmconts" : [331, 331, 333],
        "acts" : [6, 5],
        "tstate" : { "idle" : 997346, "run" : 3424, "locked" : 0, "mmap" : 0 }
      },
      "00036" : {
        "mmconts" : [331, 332, 334],
        "acts" : [11, 10],
        "tstate" : { "idle" : 996438, "run" : 4334, "locked" : 0, "mmap" : 0 }
      }
    }
  },
  "benchmark_io" : {
    "simple_times" : {
      "mcount" : {
        "mcount" : { "2 -- 4" : 3, "1 -- 2" : 5 }
      }
    },
    "stream_method" : {
      "conns" : [0, 0],
      "in" : [0, 0],
      "out" : [0, 0],
      "mmtasks" : [0, 0, 1],
      "load" : 0.988,
      "mcount" : {
        "mcount" : { "Protocol error" : 8 }
      },
      "http_proto0" : {
        "mcount" : {
          "mcount" : { }
        }
      },
      "source_log" : {
        "delta" : [0, 0, 0]
      },
      "loggers" : {
        "brief_logger" : {
          "records" : [8, 7],
          "out" : [352, 351]
        }
      }
    }
  }
},
"2022-08-12 09:02:27.618 +0000" : {
  "main_scheduler" : {
    "bqs" : {
      "00034" : {
        "mmconts" : [328, 329, 331],
        "acts" : [11, 11],
        "tstate" : { "idle" : 996478, "run" : 3090, "locked" : 0, "mmap" : 0 }
      },
      "00035" : {
        "mmconts" : [328, 329, 331],
        "acts" : [9, 9],
        "tstate" : { "idle" : 996627, "run" : 2942, "locked" : 0, "mmap" : 0 }
      },
      "00036" : {
        "mmconts" : [328, 329, 331],
        "acts" : [11, 11],
        "tstate" : { "idle" : 995456, "run" : 4114, "locked" : 0, "mmap" : 0 }
      }
    }
  },
  "benchmark_io" : {
    "simple_times" : {
      "mcount" : {
        "mcount" : { "2 -- 4" : 1, "1 -- 2" : 6, "1 -- 1" : 2 }
      }
    },
    "stream_method" : {
      "conns" : [0, 0],
      "in" : [0, 0],
      "out" : [0, 0],
      "mmtasks" : [0, 0, 1],
      "load" : 0.988,
      "mcount" : {
        "mcount" : { "Protocol error" : 9 }
      },
      "http_proto0" : {
        "mcount" : {
          "mcount" : { }
        }
      },
      "source_log" : {
        "delta" : [0, 0, 0]
      },
      "loggers" : {
        "brief_logger" : {
          "records" : [9, 9],
          "out" : [396, 396]
        }
      }
    }
  }
},
"2022-08-12 09:02:28.618 +0000" : {
  "main_scheduler" : {
    "bqs" : {
      "00034" : {
        "mmconts" : [325, 326, 328],
        "acts" : [11, 10],
        "tstate" : { "idle" : 997197, "run" : 3105, "locked" : 0, "mmap" : 0 }
      },
      "00035" : {
        "mmconts" : [324, 326, 328],
        "acts" : [12, 11],
        "tstate" : { "idle" : 996851, "run" : 3443, "locked" : 0, "mmap" : 0 }
      },
      "00036" : {
        "mmconts" : [325, 326, 328],
        "acts" : [11, 10],
        "tstate" : { "idle" : 996432, "run" : 3858, "locked" : 0, "mmap" : 0 }
      }
    }
  },
  "benchmark_io" : {
    "simple_times" : {
      "mcount" : {
        "mcount" : { "6 -- 10" : 1, "2 -- 4" : 4, "1 -- 2" : 1, "1 -- 1" : 4 }
      }
    },
    "stream_method" : {
      "conns" : [0, 0],
      "in" : [0, 0],
      "out" : [0, 0],
      "mmtasks" : [0, 0, 1],
      "load" : 0.991,
      "mcount" : {
        "mcount" : { "Protocol error" : 10 }
      },
      "http_proto0" : {
        "mcount" : {
          "mcount" : { }
        }
      },
      "source_log" : {
        "delta" : [0, 0, 0]
      },
      "loggers" : {
        "brief_logger" : {
          "records" : [10, 9],
          "out" : [440, 439]
        }
      }
    }
  }
},
"2022-08-12 09:02:29.618 +0000" : {
  "main_scheduler" : {
    "bqs" : {
      "00034" : {
        "mmconts" : [322, 323, 325],
        "acts" : [11, 11],
        "tstate" : { "idle" : 997641, "run" : 2259, "locked" : 0, "mmap" : 0 }
      },
      "00035" : {
        "mmconts" : [321, 322, 324],
        "acts" : [9, 9],
        "tstate" : { "idle" : 997262, "run" : 2637, "locked" : 0, "mmap" : 0 }
      },
      "00036" : {
        "mmconts" : [322, 323, 325],
        "acts" : [12, 12],
        "tstate" : { "idle" : 996957, "run" : 2942, "locked" : 0, "mmap" : 0 }
      }
    }
  },
  "benchmark_io" : {
    "simple_times" : {
      "mcount" : {
        "mcount" : { "1 -- 2" : 3, "1 -- 1" : 6 }
      }
    },
    "stream_method" : {
      "conns" : [0, 0],
      "in" : [0, 0],
      "out" : [0, 0],
      "mmtasks" : [0, 0, 1],
      "load" : 0.987,
      "mcount" : {
        "mcount" : { "Protocol error" : 9 }
      },
      "http_proto0" : {
        "mcount" : {
          "mcount" : { }
        }
      },
      "source_log" : {
        "delta" : [0, 0, 0]
      },
      "loggers" : {
        "brief_logger" : {
          "records" : [9, 9],
          "out" : [396, 396]
        }
      }
    }
  }
},
"2022-08-12 09:02:30.618 +0000" : {
  "main_scheduler" : {
    "bqs" : {
      "00034" : {
        "mmconts" : [318, 320, 322],
        "acts" : [14, 14],
        "tstate" : { "idle" : 994311, "run" : 5273, "locked" : 0, "mmap" : 0 }
      },
      "00035" : {
        "mmconts" : [318, 319, 321],
        "acts" : [9, 9],
        "tstate" : { "idle" : 995665, "run" : 3920, "locked" : 0, "mmap" : 0 }
      },
      "00036" : {
        "mmconts" : [318, 319, 322],
        "acts" : [13, 13],
        "tstate" : { "idle" : 995393, "run" : 4193, "locked" : 0, "mmap" : 0 }
      }
    }
  },
  "benchmark_io" : {
    "simple_times" : {
      "mcount" : {
        "mcount" : { "2 -- 4" : 6, "1 -- 2" : 4, "1 -- 1" : 1 }
      }
    },
    "stream_method" : {
      "conns" : [0, 0],
      "in" : [0, 0],
      "out" : [0, 0],
      "mmtasks" : [0, 0, 1],
      "load" : 0.984,
      "mcount" : {
        "mcount" : { "Protocol error" : 11 }
      },
      "http_proto0" : {
        "mcount" : {
          "mcount" : { }
        }
      },
      "source_log" : {
        "delta" : [0, 0, 0]
      },
      "loggers" : {
        "brief_logger" : {
          "records" : [11, 11],
          "out" : [485, 485]
        }
      }
    }
  }
},
"2022-08-12 09:02:31.618 +0000" : {
  "main_scheduler" : {
    "bqs" : {
      "00034" : {
        "mmconts" : [315, 316, 318],
        "acts" : [11, 10],
        "tstate" : { "idle" : 997706, "run" : 2641, "locked" : 0, "mmap" : 0 }
      },
      "00035" : {
        "mmconts" : [314, 316, 318],
        "acts" : [12, 11],
        "tstate" : { "idle" : 996185, "run" : 4162, "locked" : 0, "mmap" : 0 }
      },
      "00036" : {
        "mmconts" : [315, 316, 318],
        "acts" : [11, 10],
        "tstate" : { "idle" : 996155, "run" : 4192, "locked" : 0, "mmap" : 0 }
      }
    }
  },
  "benchmark_io" : {
    "simple_times" : {
      "mcount" : {
        "mcount" : { "2 -- 4" : 3, "1 -- 2" : 4, "1 -- 1" : 3 }
      }
    },
    "stream_method" : {
      "conns" : [0, 0],
      "in" : [0, 0],
      "out" : [0, 0],
      "mmtasks" : [0, 0, 1],
      "load" : 0.988,
      "mcount" : {
        "mcount" : { "Protocol error" : 10 }
      },
      "http_proto0" : {
        "mcount" : {
          "mcount" : { }
        }
      },
      "source_log" : {
        "delta" : [0, 0, 0]
      },
      "loggers" : {
        "brief_logger" : {
          "records" : [10, 9],
          "out" : [439, 438]
        }
      }
    }
  }
},
"2022-08-12 09:02:32.618 +0000" : {
  "main_scheduler" : {
    "bqs" : {
      "00034" : {
        "mmconts" : [311, 313, 315],
        "acts" : [14, 13],
        "tstate" : { "idle" : 996355, "run" : 3835, "locked" : 0, "mmap" : 0 }
      },
      "00035" : {
        "mmconts" : [311, 312, 314],
        "acts" : [9, 8],
        "tstate" : { "idle" : 996668, "run" : 3522, "locked" : 0, "mmap" : 0 }
      },
      "00036" : {
        "mmconts" : [311, 312, 315],
        "acts" : [14, 13],
        "tstate" : { "idle" : 995897, "run" : 4292, "locked" : 0, "mmap" : 0 }
      }
    }
  },
  "benchmark_io" : {
    "simple_times" : {
      "mcount" : {
        "mcount" : { "2 -- 4" : 4, "1 -- 2" : 5, "1 -- 1" : 2 }
      }
    },
    "stream_method" : {
      "conns" : [0, 0],
      "in" : [0, 0],
      "out" : [0, 0],
      "mmtasks" : [0, 0, 1],
      "load" : 0.991,
      "mcount" : {
        "mcount" : { "Protocol error" : 11 }
      },
      "http_proto0" : {
        "mcount" : {
          "mcount" : { }
        }
      },
      "source_log" : {
        "delta" : [0, 0, 0]
      },
      "loggers" : {
        "brief_logger" : {
          "records" : [11, 10],
          "out" : [484, 483]
        }
      }
    }
  }
},
"2022-08-12 09:02:33.618 +0000" : {
  "main_scheduler" : {
    "bqs" : {
      "00034" : {
        "mmconts" : [307, 309, 311],
        "acts" : [14, 14],
        "tstate" : { "idle" : 995270, "run" : 4370, "locked" : 0, "mmap" : 0 }
      },
      "00035" : {
        "mmconts" : [307, 308, 311],
        "acts" : [12, 12],
        "tstate" : { "idle" : 996400, "run" : 3242, "locked" : 0, "mmap" : 0 }
      },
      "00036" : {
        "mmconts" : [307, 308, 311],
        "acts" : [14, 14],
        "tstate" : { "idle" : 995136, "run" : 4508, "locked" : 0, "mmap" : 0 }
      }
    }
  },
  "benchmark_io" : {
    "simple_times" : {
      "mcount" : {
        "mcount" : { "2 -- 4" : 2, "1 -- 2" : 8, "1 -- 1" : 2 }
      }
    },
    "stream_method" : {
      "conns" : [0, 0],
      "in" : [0, 0],
      "out" : [0, 0],
      "mmtasks" : [0, 0, 1],
      "load" : 0.991,
      "mcount" : {
        "mcount" : { "Protocol error" : 12 }
      },
      "http_proto0" : {
        "mcount" : {
          "mcount" : { }
        }
      },
      "source_log" : {
        "delta" : [0, 0, 0]
      },
      "loggers" : {
        "brief_logger" : {
          "records" : [12, 12],
          "out" : [527, 527]
        }
      }
    }
  }
},
"2022-08-12 09:02:34.617 +0000" : {
  "main_scheduler" : {
    "bqs" : {
      "00034" : {
        "mmconts" : [303, 305, 307],
        "acts" : [14, 14],
        "tstate" : { "idle" : 995410, "run" : 4342, "locked" : 0, "mmap" : 0 }
      },
      "00035" : {
        "mmconts" : [303, 304, 307],
        "acts" : [12, 12],
        "tstate" : { "idle" : 995392, "run" : 4358, "locked" : 0, "mmap" : 0 }
      },
      "00036" : {
        "mmconts" : [303, 305, 307],
        "acts" : [14, 14],
        "tstate" : { "idle" : 994918, "run" : 4830, "locked" : 0, "mmap" : 0 }
      }
    }
  },
  "benchmark_io" : {
    "simple_times" : {
      "mcount" : {
        "mcount" : { "2 -- 4" : 1, "1 -- 2" : 10, "1 -- 1" : 1 }
      }
    },
    "stream_method" : {
      "conns" : [0, 0],
      "in" : [0, 0],
      "out" : [0, 0],
      "mmtasks" : [0, 0, 1],
      "load" : 0.988,
      "mcount" : {
        "mcount" : { "Protocol error" : 12 }
      },
      "http_proto0" : {
        "mcount" : {
          "mcount" : { }
        }
      },
      "source_log" : {
        "delta" : [0, 0, 0]
      },
      "loggers" : {
        "brief_logger" : {
          "records" : [12, 12],
          "out" : [528, 528]
        }
      }
    }
  }
},
"2022-08-12 09:02:35.617 +0000" : {
  "main_scheduler" : {
    "bqs" : {
      "00034" : {
        "mmconts" : [299, 301, 303],
        "acts" : [14, 14],
        "tstate" : { "idle" : 995074, "run" : 4674, "locked" : 0, "mmap" : 0 }
      },
      "00035" : {
        "mmconts" : [299, 300, 303],
        "acts" : [12, 12],
        "tstate" : { "idle" : 995475, "run" : 4280, "locked" : 0, "mmap" : 0 }
      },
      "00036" : {
        "mmconts" : [299, 301, 303],
        "acts" : [14, 14],
        "tstate" : { "idle" : 995161, "run" : 4597, "locked" : 0, "mmap" : 0 }
      }
    }
  },
  "benchmark_io" : {
    "simple_times" : {
      "mcount" : {
        "mcount" : { "2 -- 4" : 2, "1 -- 2" : 9, "1 -- 1" : 1 }
      }
    },
    "stream_method" : {
      "conns" : [0, 0],
      "in" : [0, 0],
      "out" : [0, 0],
      "mmtasks" : [0, 0, 1],
      "load" : 0.989,
      "mcount" : {
        "mcount" : { "Protocol error" : 12 }
      },
      "http_proto0" : {
        "mcount" : {
          "mcount" : { }
        }
      },
      "source_log" : {
        "delta" : [0, 0, 0]
      },
      "loggers" : {
        "brief_logger" : {
          "records" : [12, 12],
          "out" : [528, 528]
        }
      }
    }
  }
},
"2022-08-12 09:02:36.618 +0000" : {
  "main_scheduler" : {
    "bqs" : {
      "00034" : {
        "mmconts" : [295, 297, 299],
        "acts" : [14, 13],
        "tstate" : { "idle" : 996317, "run" : 3969, "locked" : 0, "mmap" : 0 }
      },
      "00035" : {
        "mmconts" : [294, 296, 299],
        "acts" : [15, 14],
        "tstate" : { "idle" : 995351, "run" : 4935, "locked" : 0, "mmap" : 0 }
      },
      "00036" : {
        "mmconts" : [295, 296, 299],
        "acts" : [14, 13],
        "tstate" : { "idle" : 995456, "run" : 4830, "locked" : 0, "mmap" : 0 }
      }
    }
  },
  "benchmark_io" : {
    "simple_times" : {
      "mcount" : {
        "mcount" : { "2 -- 4" : 2, "1 -- 2" : 10, "1 -- 1" : 1 }
      }
    },
    "stream_method" : {
      "conns" : [0, 0],
      "in" : [0, 0],
      "out" : [0, 0],
      "mmtasks" : [0, 0, 1],
      "load" : 0.989,
      "mcount" : {
        "mcount" : { "Protocol error" : 13 }
      },
      "http_proto0" : {
        "mcount" : {
          "mcount" : { }
        }
      },
      "source_log" : {
        "delta" : [0, 0, 0]
      },
      "loggers" : {
        "brief_logger" : {
          "records" : [13, 12],
          "out" : [572, 571]
        }
      }
    }
  }
},
"2022-08-12 09:02:37.617 +0000" : {
  "main_scheduler" : {
    "bqs" : {
      "00034" : {
        "mmconts" : [291, 292, 295],
        "acts" : [14, 14],
        "tstate" : { "idle" : 994713, "run" : 5223, "locked" : 0, "mmap" : 0 }
      },
      "00035" : {
        "mmconts" : [290, 292, 294],
        "acts" : [12, 12],
        "tstate" : { "idle" : 995647, "run" : 4283, "locked" : 0, "mmap" : 0 }
      },
      "00036" : {
        "mmconts" : [290, 292, 295],
        "acts" : [17, 17],
        "tstate" : { "idle" : 994916, "run" : 5012, "locked" : 0, "mmap" : 0 }
      }
    }
  },
  "benchmark_io" : {
    "simple_times" : {
      "mcount" : {
        "mcount" : { "2 -- 4" : 4, "1 -- 2" : 8, "1 -- 1" : 1 }
      }
    },
    "stream_method" : {
      "conns" : [0, 0],
      "in" : [0, 0],
      "out" : [0, 0],
      "mmtasks" : [0, 0, 1],
      "load" : 0.989,
      "mcount" : {
        "mcount" : { "Protocol error" : 13 }
      },
      "http_proto0" : {
        "mcount" : {
          "mcount" : { }
        }
      },
      "source_log" : {
        "delta" : [0, 0, 0]
      },
      "loggers" : {
        "brief_logger" : {
          "records" : [13, 13],
          "out" : [571, 571]
        }
      }
    }
  }
},
"2022-08-12 09:02:38.618 +0000" : {
  "main_scheduler" : {
    "bqs" : {
      "00034" : {
        "mmconts" : [286, 288, 291],
        "acts" : [17, 16],
        "tstate" : { "idle" : 994919, "run" : 5668, "locked" : 0, "mmap" : 0 }
      },
      "00035" : {
        "mmconts" : [286, 287, 290],
        "acts" : [12, 11],
        "tstate" : { "idle" : 996285, "run" : 4306, "locked" : 0, "mmap" : 0 }
      },
      "00036" : {
        "mmconts" : [286, 288, 290],
        "acts" : [14, 13],
        "tstate" : { "idle" : 996214, "run" : 4378, "locked" : 0, "mmap" : 0 }
      }
    }
  },
  "benchmark_io" : {
    "simple_times" : {
      "mcount" : {
        "mcount" : { "2 -- 4" : 5, "1 -- 2" : 5, "1 -- 1" : 3 }
      }
    },
    "stream_method" : {
      "conns" : [0, 0],
      "in" : [0, 0],
      "out" : [0, 0],
      "mmtasks" : [0, 0, 1],
      "load" : 0.989,
      "mcount" : {
        "mcount" : { "Protocol error" : 13 }
      },
      "http_proto0" : {
        "mcount" : {
          "mcount" : { }
        }
      },
      "source_log" : {
        "delta" : [0, 0, 0]
      },
      "loggers" : {
        "brief_logger" : {
          "records" : [13, 12],
          "out" : [571, 570]
        }
      }
    }
  }
},
"2022-08-12 09:02:39.618 +0000" : {
  "main_scheduler" : {
    "bqs" : {
      "00034" : {
        "mmconts" : [282, 283, 286],
        "acts" : [14, 14],
        "tstate" : { "idle" : 996673, "run" : 2826, "locked" : 0, "mmap" : 0 }
      },
      "00035" : {
        "mmconts" : [281, 283, 286],
        "acts" : [15, 15],
        "tstate" : { "idle" : 995156, "run" : 4339, "locked" : 0, "mmap" : 0 }
      },
      "00036" : {
        "mmconts" : [281, 283, 286],
        "acts" : [17, 17],
        "tstate" : { "idle" : 995020, "run" : 4473, "locked" : 0, "mmap" : 0 }
      }
    }
  },
  "benchmark_io" : {
    "simple_times" : {
      "mcount" : {
        "mcount" : { "2 -- 4" : 2, "1 -- 2" : 3, "1 -- 1" : 9 }
      }
    },
    "stream_method" : {
      "conns" : [0, 0],
      "in" : [0, 0],
      "out" : [0, 0],
      "mmtasks" : [0, 0, 1],
      "load" : 0.990,
      "mcount" : {
        "mcount" : { "Protocol error" : 14 }
      },
      "http_proto0" : {
        "mcount" : {
          "mcount" : { }
        }
      },
      "source_log" : {
        "delta" : [0, 0, 0]
      },
      "loggers" : {
        "brief_logger" : {
          "records" : [14, 14],
          "out" : [616, 616]
        }
      }
    }
  }
},
"2022-08-12 09:02:40.618 +0000" : {
  "main_scheduler" : {
    "bqs" : {
      "00034" : {
        "mmconts" : [277, 279, 282],
        "acts" : [17, 16],
        "tstate" : { "idle" : 996199, "run" : 4154, "locked" : 0, "mmap" : 0 }
      },
      "00035" : {
        "mmconts" : [276, 278, 281],
        "acts" : [15, 14],
        "tstate" : { "idle" : 995375, "run" : 4983, "locked" : 0, "mmap" : 0 }
      },
      "00036" : {
        "mmconts" : [276, 278, 281],
        "acts" : [17, 16],
        "tstate" : { "idle" : 995099, "run" : 5262, "locked" : 0, "mmap" : 0 }
      }
    }
  },
  "benchmark_io" : {
    "simple_times" : {
      "mcount" : {
        "mcount" : { "2 -- 4" : 4, "1 -- 2" : 6, "1 -- 1" : 5 }
      }
    },
    "stream_method" : {
      "conns" : [0, 0],
      "in" : [0, 0],
      "out" : [0, 0],
      "mmtasks" : [0, 0, 1],
      "load" : 0.987,
      "mcount" : {
        "mcount" : { "Protocol error" : 15 }
      },
      "http_proto0" : {
        "mcount" : {
          "mcount" : { }
        }
      },
      "source_log" : {
        "delta" : [0, 0, 0]
      },
      "loggers" : {
        "brief_logger" : {
          "records" : [15, 14],
          "out" : [660, 659]
        }
      }
    }
  }
},
"2022-08-12 09:02:41.618 +0000" : {
  "main_scheduler" : {
    "bqs" : {
      "00034" : {
        "mmconts" : [272, 274, 277],
        "acts" : [17, 17],
        "tstate" : { "idle" : 993973, "run" : 5697, "locked" : 0, "mmap" : 0 }
      },
      "00035" : {
        "mmconts" : [271, 273, 276],
        "acts" : [15, 15],
        "tstate" : { "idle" : 993819, "run" : 5848, "locked" : 0, "mmap" : 0 }
      },
      "00036" : {
        "mmconts" : [272, 273, 276],
        "acts" : [15, 15],
        "tstate" : { "idle" : 994931, "run" : 4733, "locked" : 0, "mmap" : 0 }
      }
    }
  },
  "benchmark_io" : {
    "simple_times" : {
      "mcount" : {
        "mcount" : { "2 -- 4" : 3, "1 -- 2" : 11 }
      }
    },
    "stream_method" : {
      "conns" : [0, 0],
      "in" : [0, 0],
      "out" : [0, 0],
      "mmtasks" : [0, 0, 1],
      "load" : 0.986,
      "mcount" : {
        "mcount" : { "Protocol error" : 14 }
      },
      "http_proto0" : {
        "mcount" : {
          "mcount" : { }
        }
      },
      "source_log" : {
        "delta" : [0, 0, 0]
      },
      "loggers" : {
        "brief_logger" : {
          "records" : [14, 14],
          "out" : [615, 615]
        }
      }
    }
  }
},
"2022-08-12 09:02:42.618 +0000" : {
  "main_scheduler" : {
    "bqs" : {
      "00034" : {
        "mmconts" : [267, 269, 272],
        "acts" : [17, 16],
        "tstate" : { "idle" : 996422, "run" : 4162, "locked" : 0, "mmap" : 0 }
      },
      "00035" : {
        "mmconts" : [266, 268, 271],
        "acts" : [15, 14],
        "tstate" : { "idle" : 995981, "run" : 4610, "locked" : 0, "mmap" : 0 }
      },
      "00036" : {
        "mmconts" : [266, 268, 272],
        "acts" : [19, 18],
        "tstate" : { "idle" : 995812, "run" : 4779, "locked" : 0, "mmap" : 0 }
      }
    }
  },
  "benchmark_io" : {
    "simple_times" : {
      "mcount" : {
        "mcount" : { "2 -- 4" : 2, "1 -- 2" : 6, "1 -- 1" : 8 }
      }
    },
    "stream_method" : {
      "conns" : [0, 0],
      "in" : [0, 0],
      "out" : [0, 0],
      "mmtasks" : [0, 0, 1],
      "load" : 0.981,
      "mcount" : {
        "mcount" : { "Protocol error" : 16 }
      },
      "http_proto0" : {
        "mcount" : {
          "mcount" : { }
        }
      },
      "source_log" : {
        "delta" : [0, 0, 0]
      },
      "loggers" : {
        "brief_logger" : {
          "records" : [16, 15],
          "out" : [704, 703]
        }
      }
    }
  }
},
"2022-08-12 09:02:43.618 +0000" : {
  "main_scheduler" : {
    "bqs" : {
      "00034" : {
        "mmconts" : [262, 264, 267],
        "acts" : [17, 17],
        "tstate" : { "idle" : 994748, "run" : 5155, "locked" : 0, "mmap" : 0 }
      },
      "00035" : {
        "mmconts" : [261, 263, 266],
        "acts" : [15, 15],
        "tstate" : { "idle" : 995216, "run" : 4696, "locked" : 0, "mmap" : 0 }
      },
      "00036" : {
        "mmconts" : [261, 263, 266],
        "acts" : [17, 17],
        "tstate" : { "idle" : 994987, "run" : 4928, "locked" : 0, "mmap" : 0 }
      }
    }
  },
  "benchmark_io" : {
    "simple_times" : {
      "mcount" : {
        "mcount" : { "2 -- 4" : 1, "1 -- 2" : 12, "1 -- 1" : 2 }
      }
    },
    "stream_method" : {
      "conns" : [0, 0],
      "in" : [0, 0],
      "out" : [0, 0],
      "mmtasks" : [0, 0, 1],
      "load" : 0.990,
      "mcount" : {
        "mcount" : { "Protocol error" : 15 }
      },
      "http_proto0" : {
        "mcount" : {
          "mcount" : { }
        }
      },
      "source_log" : {
        "delta" : [0, 0, 0]
      },
      "loggers" : {
        "brief_logger" : {
          "records" : [15, 15],
          "out" : [660, 660]
        }
      }
    }
  }
},
"2022-08-12 09:02:44.618 +0000" : {
  "main_scheduler" : {
    "bqs" : {
      "00034" : {
        "mmconts" : [256, 258, 262],
        "acts" : [20, 20],
        "tstate" : { "idle" : 994925, "run" : 4942, "locked" : 0, "mmap" : 0 }
      },
      "00035" : {
        "mmconts" : [256, 258, 261],
        "acts" : [15, 15],
        "tstate" : { "idle" : 995264, "run" : 4591, "locked" : 0, "mmap" : 0 }
      },
      "00036" : {
        "mmconts" : [256, 258, 261],
        "acts" : [17, 17],
        "tstate" : { "idle" : 995362, "run" : 4494, "locked" : 0, "mmap" : 0 }
      }
    }
  },
  "benchmark_io" : {
    "simple_times" : {
      "mcount" : {
        "mcount" : { "2 -- 4" : 1, "1 -- 2" : 11, "1 -- 1" : 4 }
      }
    },
    "stream_method" : {
      "conns" : [0, 0],
      "in" : [0, 0],
      "out" : [0, 0],
      "mmtasks" : [0, 0, 1],
      "load" : 0.990,
      "mcount" : {
        "mcount" : { "Protocol error" : 16 }
      },
      "http_proto0" : {
        "mcount" : {
          "mcount" : { }
        }
      },
      "source_log" : {
        "delta" : [0, 0, 0]
      },
      "loggers" : {
        "brief_logger" : {
          "records" : [16, 16],
          "out" : [703, 703]
        }
      }
    }
  }
},
"2022-08-12 09:02:45.617 +0000" : {
  "main_scheduler" : {
    "bqs" : {
      "00034" : {
        "mmconts" : [251, 253, 256],
        "acts" : [17, 17],
        "tstate" : { "idle" : 994930, "run" : 4629, "locked" : 0, "mmap" : 0 }
      },
      "00035" : {
        "mmconts" : [250, 252, 256],
        "acts" : [18, 18],
        "tstate" : { "idle" : 995421, "run" : 4134, "locked" : 0, "mmap" : 0 }
      },
      "00036" : {
        "mmconts" : [250, 253, 256],
        "acts" : [20, 20],
        "tstate" : { "idle" : 994862, "run" : 4689, "locked" : 0, "mmap" : 0 }
      }
    }
  },
  "benchmark_io" : {
    "simple_times" : {
      "mcount" : {
        "mcount" : { "2 -- 4" : 2, "1 -- 2" : 4, "1 -- 1" : 11 }
      }
    },
    "stream_method" : {
      "conns" : [0, 0],
      "in" : [0, 0],
      "out" : [0, 0],
      "mmtasks" : [0, 0, 1],
      "load" : 0.990,
      "mcount" : {
        "mcount" : { "Protocol error" : 17 }
      },
      "http_proto0" : {
        "mcount" : {
          "mcount" : { }
        }
      },
      "source_log" : {
        "delta" : [0, 0, 0]
      },
      "loggers" : {
        "brief_logger" : {
          "records" : [17, 17],
          "out" : [747, 747]
        }
      }
    }
  }
},
"2022-08-12 09:02:46.618 +0000" : {
  "main_scheduler" : {
    "bqs" : {
      "00034" : {
        "mmconts" : [245, 247, 251],
        "acts" : [20, 19],
        "tstate" : { "idle" : 996023, "run" : 4576, "locked" : 0, "mmap" : 0 }
      },
      "00035" : {
        "mmconts" : [244, 247, 250],
        "acts" : [18, 17],
        "tstate" : { "idle" : 994968, "run" : 5639, "locked" : 0, "mmap" : 0 }
      },
      "00036" : {
        "mmconts" : [245, 247, 250],
        "acts" : [17, 16],
        "tstate" : { "idle" : 995688, "run" : 4923, "locked" : 0, "mmap" : 0 }
      }
    }
  },
  "benchmark_io" : {
    "simple_times" : {
      "mcount" : {
        "mcount" : { "2 -- 4" : 2, "1 -- 2" : 10, "1 -- 1" : 5 }
      }
    },
    "stream_method" : {
      "conns" : [0, 0],
      "in" : [0, 0],
      "out" : [0, 0],
      "mmtasks" : [0, 0, 1],
      "load" : 0.989,
      "mcount" : {
        "mcount" : { "Protocol error" : 17 }
      },
      "http_proto0" : {
        "mcount" : {
          "mcount" : { }
        }
      },
      "source_log" : {
        "delta" : [0, 0, 0]
      },
      "loggers" : {
        "brief_logger" : {
          "records" : [17, 16],
          "out" : [748, 747]
        }
      }
    }
  }
},
"2022-08-12 09:02:47.617 +0000" : {
  "main_scheduler" : {
    "bqs" : {
      "00034" : {
        "mmconts" : [239, 242, 245],
        "acts" : [20, 20],
        "tstate" : { "idle" : 994026, "run" : 5265, "locked" : 0, "mmap" : 0 }
      },
      "00035" : {
        "mmconts" : [239, 241, 244],
        "acts" : [15, 15],
        "tstate" : { "idle" : 995345, "run" : 3935, "locked" : 0, "mmap" : 0 }
      },
      "00036" : {
        "mmconts" : [239, 241, 245],
        "acts" : [20, 20],
        "tstate" : { "idle" : 994298, "run" : 4979, "locked" : 0, "mmap" : 0 }
      }
    }
  },
  "benchmark_io" : {
    "simple_times" : {
      "mcount" : {
        "mcount" : { "2 -- 4" : 2, "1 -- 2" : 5, "1 -- 1" : 10 }
      }
    },
    "stream_method" : {
      "conns" : [0, 0],
      "in" : [0, 0],
      "out" : [0, 0],
      "mmtasks" : [0, 0, 1],
      "load" : 0.991,
      "mcount" : {
        "mcount" : { "Protocol error" : 17 }
      },
      "http_proto0" : {
        "mcount" : {
          "mcount" : { }
        }
      },
      "source_log" : {
        "delta" : [0, 0, 0]
      },
      "loggers" : {
        "brief_logger" : {
          "records" : [17, 17],
          "out" : [748, 748]
        }
      }
    }
  }
},
"2022-08-12 09:02:48.618 +0000" : {
  "main_scheduler" : {
    "bqs" : {
      "00034" : {
        "mmconts" : [233, 236, 239],
        "acts" : [20, 19],
        "tstate" : { "idle" : 995903, "run" : 4678, "locked" : 0, "mmap" : 0 }
      },
      "00035" : {
        "mmconts" : [233, 235, 239],
        "acts" : [18, 17],
        "tstate" : { "idle" : 996012, "run" : 4571, "locked" : 0, "mmap" : 0 }
      },
      "00036" : {
        "mmconts" : [233, 236, 239],
        "acts" : [20, 19],
        "tstate" : { "idle" : 996029, "run" : 4554, "locked" : 0, "mmap" : 0 }
      }
    }
  },
  "benchmark_io" : {
    "simple_times" : {
      "mcount" : {
        "mcount" : { "4 -- 6" : 1, "2 -- 4" : 1, "1 -- 2" : 4, "1 -- 1" : 12 }
      }
    },
    "stream_method" : {
      "conns" : [0, 0],
      "in" : [0, 0],
      "out" : [0, 0],
      "mmtasks" : [0, 0, 1],
      "load" : 0.991,
      "mcount" : {
        "mcount" : { "Protocol error" : 18 }
      },
      "http_proto0" : {
        "mcount" : {
          "mcount" : { }
        }
      },
      "source_log" : {
        "delta" : [0, 0, 0]
      },
      "loggers" : {
        "brief_logger" : {
          "records" : [18, 17],
          "out" : [789, 788]
        }
      }
    }
  }
},
"2022-08-12 09:02:49.618 +0000" : {
  "main_scheduler" : {
    "bqs" : {
      "00034" : {
        "mmconts" : [227, 230, 233],
        "acts" : [20, 19],
        "tstate" : { "idle" : 995330, "run" : 4864, "locked" : 0, "mmap" : 0 }
      },
      "00035" : {
        "mmconts" : [227, 229, 233],
        "acts" : [18, 17],
        "tstate" : { "idle" : 995250, "run" : 4942, "locked" : 0, "mmap" : 0 }
      },
      "00036" : {
        "mmconts" : [227, 230, 233],
        "acts" : [20, 19],
        "tstate" : { "idle" : 995290, "run" : 4901, "locked" : 0, "mmap" : 0 }
      }
    }
  },
  "benchmark_io" : {
    "simple_times" : {
      "mcount" : {
        "mcount" : { "4 -- 6" : 1, "2 -- 4" : 1, "1 -- 2" : 6, "1 -- 1" : 10 }
      }
    },
    "stream_method" : {
      "conns" : [0, 0],
      "in" : [0, 0],
      "out" : [0, 0],
      "mmtasks" : [0, 0, 1],
      "load" : 0.992,
      "mcount" : {
        "mcount" : { "Protocol error" : 18 }
      },
      "http_proto0" : {
        "mcount" : {
          "mcount" : { }
        }
      },
      "source_log" : {
        "delta" : [0, 0, 0]
      },
      "loggers" : {
        "brief_logger" : {
          "records" : [18, 17],
          "out" : [787, 786]
        }
      }
    }
  }
},
"2022-08-12 09:02:50.617 +0000" : {
  "main_scheduler" : {
    "bqs" : {
      "00034" : {
        "mmconts" : [221, 224, 227],
        "acts" : [20, 20],
        "tstate" : { "idle" : 994802, "run" : 4490, "locked" : 0, "mmap" : 0 }
      },
      "00035" : {
        "mmconts" : [221, 223, 227],
        "acts" : [18, 18],
        "tstate" : { "idle" : 995414, "run" : 3884, "locked" : 0, "mmap" : 0 }
      },
      "00036" : {
        "mmconts" : [221, 223, 227],
        "acts" : [20, 20],
        "tstate" : { "idle" : 995084, "run" : 4217, "locked" : 0, "mmap" : 0 }
      }
    }
  },
  "benchmark_io" : {
    "simple_times" : {
      "mcount" : {
        "mcount" : { "2 -- 4" : 1, "1 -- 2" : 3, "1 -- 1" : 14 }
      }
    },
    "stream_method" : {
      "conns" : [0, 0],
      "in" : [0, 0],
      "out" : [0, 0],
      "mmtasks" : [0, 0, 1],
      "load" : 0.990,
      "mcount" : {
        "mcount" : { "Protocol error" : 18 }
      },
      "http_proto0" : {
        "mcount" : {
          "mcount" : { }
        }
      },
      "source_log" : {
        "delta" : [0, 0, 0]
      },
      "loggers" : {
        "brief_logger" : {
          "records" : [18, 18],
          "out" : [791, 791]
        }
      }
    }
  }
},
"2022-08-12 09:02:51.617 +0000" : {
  "main_scheduler" : {
    "bqs" : {
      "00034" : {
        "mmconts" : [215, 218, 221],
        "acts" : [20, 20],
        "tstate" : { "idle" : 994249, "run" : 5583, "locked" : 0, "mmap" : 0 }
      },
      "00035" : {
        "mmconts" : [214, 217, 221],
        "acts" : [21, 21],
        "tstate" : { "idle" : 993095, "run" : 6732, "locked" : 0, "mmap" : 0 }
      },
      "00036" : {
        "mmconts" : [215, 217, 221],
        "acts" : [20, 20],
        "tstate" : { "idle" : 994183, "run" : 5642, "locked" : 0, "mmap" : 0 }
      }
    }
  },
  "benchmark_io" : {
    "simple_times" : {
      "mcount" : {
        "mcount" : { "2 -- 4" : 4, "1 -- 2" : 9, "1 -- 1" : 6 }
      }
    },
    "stream_method" : {
      "conns" : [0, 0],
      "in" : [0, 0],
      "out" : [0, 0],
      "mmtasks" : [0, 0, 1],
      "load" : 0.990,
      "mcount" : {
        "mcount" : { "Protocol error" : 19 }
      },
      "http_proto0" : {
        "mcount" : {
          "mcount" : { }
        }
      },
      "source_log" : {
        "delta" : [0, 0, 0]
      },
      "loggers" : {
        "brief_logger" : {
          "records" : [19, 19],
          "out" : [836, 836]
        }
      }
    }
  }
},
"2022-08-12 09:02:52.618 +0000" : {
  "main_scheduler" : {
    "bqs" : {
      "00034" : {
        "mmconts" : [208, 211, 215],
        "acts" : [23, 22],
        "tstate" : { "idle" : 995352, "run" : 5090, "locked" : 0, "mmap" : 0 }
      },
      "00035" : {
        "mmconts" : [208, 211, 214],
        "acts" : [18, 17],
        "tstate" : { "idle" : 995557, "run" : 4892, "locked" : 0, "mmap" : 0 }
      },
      "00036" : {
        "mmconts" : [208, 211, 215],
        "acts" : [23, 22],
        "tstate" : { "idle" : 994812, "run" : 5636, "locked" : 0, "mmap" : 0 }
      }
    }
  },
  "benchmark_io" : {
    "simple_times" : {
      "mcount" : {
        "mcount" : { "10 -- 16" : 1, "1 -- 2" : 9, "1 -- 1" : 10 }
      }
    },
    "stream_method" : {
      "conns" : [0, 0],
      "in" : [0, 0],
      "out" : [0, 0],
      "mmtasks" : [0, 0, 1],
      "load" : 0.993,
      "mcount" : {
        "mcount" : { "Protocol error" : 20 }
      },
      "http_proto0" : {
        "mcount" : {
          "mcount" : { }
        }
      },
      "source_log" : {
        "delta" : [0, 0, 0]
      },
      "loggers" : {
        "brief_logger" : {
          "records" : [20, 19],
          "out" : [878, 877]
        }
      }
    }
  }
},
"2022-08-12 09:02:53.618 +0000" : {
  "main_scheduler" : {
    "bqs" : {
      "00034" : {
        "mmconts" : [202, 205, 208],
        "acts" : [20, 19],
        "tstate" : { "idle" : 994801, "run" : 5434, "locked" : 0, "mmap" : 0 }
      },
      "00035" : {
        "mmconts" : [201, 204, 208],
        "acts" : [21, 20],
        "tstate" : { "idle" : 994710, "run" : 5524, "locked" : 0, "mmap" : 0 }
      },
      "00036" : {
        "mmconts" : [202, 204, 208],
        "acts" : [21, 20],
        "tstate" : { "idle" : 995292, "run" : 4945, "locked" : 0, "mmap" : 0 }
      }
    }
  },
  "benchmark_io" : {
    "simple_times" : {
      "mcount" : {
        "mcount" : { "2 -- 4" : 3, "1 -- 2" : 7, "1 -- 1" : 9 }
      }
    },
    "stream_method" : {
      "conns" : [0, 0],
      "in" : [0, 0],
      "out" : [0, 0],
      "mmtasks" : [0, 0, 1],
      "load" : 0.991,
      "mcount" : {
        "mcount" : { "Protocol error" : 19 }
      },
      "http_proto0" : {
        "mcount" : {
          "mcount" : { }
        }
      },
      "source_log" : {
        "delta" : [0, 0, 0]
      },
      "loggers" : {
        "brief_logger" : {
          "records" : [19, 18],
          "out" : [834, 833]
        }
      }
    }
  }
},
"2022-08-12 09:02:54.618 +0000" : {
  "main_scheduler" : {
    "bqs" : {
      "00034" : {
        "mmconts" : [195, 198, 202],
        "acts" : [23, 22],
        "tstate" : { "idle" : 993355, "run" : 6743, "locked" : 0, "mmap" : 0 }
      },
      "00035" : {
        "mmconts" : [194, 197, 201],
        "acts" : [21, 20],
        "tstate" : { "idle" : 993273, "run" : 6825, "locked" : 0, "mmap" : 0 }
      },
      "00036" : {
        "mmconts" : [195, 198, 202],
        "acts" : [22, 21],
        "tstate" : { "idle" : 992761, "run" : 7338, "locked" : 0, "mmap" : 0 }
      }
    }
  },
  "benchmark_io" : {
    "simple_times" : {
      "mcount" : {
        "mcount" : { "2 -- 4" : 4, "1 -- 2" : 11, "1 -- 1" : 6 }
      }
    },
    "stream_method" : {
      "conns" : [0, 0],
      "in" : [0, 0],
      "out" : [0, 0],
      "mmtasks" : [0, 0, 1],
      "load" : 0.983,
      "mcount" : {
        "mcount" : { "Protocol error" : 21 }
      },
      "http_proto0" : {
        "mcount" : {
          "mcount" : { }
        }
      },
      "source_log" : {
        "delta" : [0, 0, 0]
      },
      "loggers" : {
        "brief_logger" : {
          "records" : [21, 20],
          "out" : [925, 924]
        }
      }
    }
  }
},
"2022-08-12 09:02:55.618 +0000" : {
  "main_scheduler" : {
    "bqs" : {
      "00034" : {
        "mmconts" : [188, 191, 195],
        "acts" : [23, 23],
        "tstate" : { "idle" : 993497, "run" : 6242, "locked" : 0, "mmap" : 0 }
      },
      "00035" : {
        "mmconts" : [188, 191, 194],
        "acts" : [18, 18],
        "tstate" : { "idle" : 994157, "run" : 5582, "locked" : 0, "mmap" : 0 }
      },
      "00036" : {
        "mmconts" : [188, 191, 195],
        "acts" : [23, 23],
        "tstate" : { "idle" : 992623, "run" : 7115, "locked" : 0, "mmap" : 0 }
      }
    }
  },
  "benchmark_io" : {
    "simple_times" : {
      "mcount" : {
        "mcount" : { "2 -- 4" : 6, "1 -- 2" : 10, "1 -- 1" : 4 }
      }
    },
    "stream_method" : {
      "conns" : [0, 0],
      "in" : [0, 0],
      "out" : [0, 0],
      "mmtasks" : [0, 0, 1],
      "load" : 0.990,
      "mcount" : {
        "mcount" : { "Protocol error" : 20 }
      },
      "http_proto0" : {
        "mcount" : {
          "mcount" : { }
        }
      },
      "source_log" : {
        "delta" : [0, 0, 0]
      },
      "loggers" : {
        "brief_logger" : {
          "records" : [20, 20],
          "out" : [878, 878]
        }
      }
    }
  }
},
"2022-08-12 09:02:56.618 +0000" : {
  "main_scheduler" : {
    "bqs" : {
      "00034" : {
        "mmconts" : [181, 184, 188],
        "acts" : [23, 23],
        "tstate" : { "idle" : 993822, "run" : 5940, "locked" : 0, "mmap" : 0 }
      },
      "00035" : {
        "mmconts" : [181, 184, 188],
        "acts" : [21, 21],
        "tstate" : { "idle" : 993112, "run" : 6651, "locked" : 0, "mmap" : 0 }
      },
      "00036" : {
        "mmconts" : [181, 184, 188],
        "acts" : [23, 23],
        "tstate" : { "idle" : 993570, "run" : 6193, "locked" : 0, "mmap" : 0 }
      }
    }
  },
  "benchmark_io" : {
    "simple_times" : {
      "mcount" : {
        "mcount" : { "2 -- 4" : 3, "1 -- 2" : 8, "1 -- 1" : 10 }
      }
    },
    "stream_method" : {
      "conns" : [0, 0],
      "in" : [0, 0],
      "out" : [0, 0],
      "mmtasks" : [0, 0, 1],
      "load" : 0.990,
      "mcount" : {
        "mcount" : { "Protocol error" : 21 }
      },
      "http_proto0" : {
        "mcount" : {
          "mcount" : { }
        }
      },
      "source_log" : {
        "delta" : [0, 0, 0]
      },
      "loggers" : {
        "brief_logger" : {
          "records" : [21, 21],
          "out" : [921, 921]
        }
      }
    }
  }
},
"2022-08-12 09:02:57.618 +0000" : {
  "main_scheduler" : {
    "bqs" : {
      "00034" : {
        "mmconts" : [174, 177, 181],
        "acts" : [23, 22],
        "tstate" : { "idle" : 993530, "run" : 6532, "locked" : 0, "mmap" : 0 }
      },
      "00035" : {
        "mmconts" : [173, 176, 181],
        "acts" : [24, 23],
        "tstate" : { "idle" : 993716, "run" : 6338, "locked" : 0, "mmap" : 0 }
      },
      "00036" : {
        "mmconts" : [174, 177, 181],
        "acts" : [23, 22],
        "tstate" : { "idle" : 994216, "run" : 5835, "locked" : 0, "mmap" : 0 }
      }
    }
  },
  "benchmark_io" : {
    "simple_times" : {
      "mcount" : {
        "mcount" : { "2 -- 4" : 2, "1 -- 2" : 13, "1 -- 1" : 7 }
      }
    },
    "stream_method" : {
      "conns" : [0, 0],
      "in" : [0, 0],
      "out" : [0, 0],
      "mmtasks" : [0, 0, 1],
      "load" : 0.991,
      "mcount" : {
        "mcount" : { "Protocol error" : 22 }
      },
      "http_proto0" : {
        "mcount" : {
          "mcount" : { }
        }
      },
      "source_log" : {
        "delta" : [0, 0, 0]
      },
      "loggers" : {
        "brief_logger" : {
          "records" : [22, 21],
          "out" : [966, 965]
        }
      }
    }
  }
},
"2022-08-12 09:02:58.618 +0000" : {
  "main_scheduler" : {
    "bqs" : {
      "00034" : {
        "mmconts" : [167, 170, 174],
        "acts" : [23, 22],
        "tstate" : { "idle" : 993891, "run" : 6156, "locked" : 0, "mmap" : 21 }
      },
      "00035" : {
        "mmconts" : [166, 169, 173],
        "acts" : [21, 20],
        "tstate" : { "idle" : 993675, "run" : 6378, "locked" : 0, "mmap" : 20 }
      },
      "00036" : {
        "mmconts" : [166, 170, 174],
        "acts" : [26, 25],
        "tstate" : { "idle" : 993351, "run" : 6706, "locked" : 0, "mmap" : 19 }
      }
    }
  },
  "benchmark_io" : {
    "simple_times" : {
      "mcount" : {
        "mcount" : { "2 -- 4" : 3, "1 -- 2" : 9, "1 -- 1" : 10 }
      }
    },
    "stream_method" : {
      "conns" : [0, 0],
      "in" : [0, 0],
      "out" : [0, 0],
      "mmtasks" : [0, 0, 1],
      "load" : 0.991,
      "mcount" : {
        "mcount" : { "Protocol error" : 22 }
      },
      "http_proto0" : {
        "mcount" : {
          "mcount" : { }
        }
      },
      "source_log" : {
        "delta" : [0, 0, 0]
      },
      "loggers" : {
        "brief_logger" : {
          "records" : [22, 21],
          "out" : [967, 966]
        }
      }
    }
  }
},
"2022-08-12 09:02:59.618 +0000" : {
  "main_scheduler" : {
    "bqs" : {
      "00034" : {
        "mmconts" : [159, 163, 167],
        "acts" : [26, 26],
        "tstate" : { "idle" : 991883, "run" : 7595, "locked" : 0, "mmap" : 367 }
      },
      "00035" : {
        "mmconts" : [159, 162, 166],
        "acts" : [21, 21],
        "tstate" : { "idle" : 992339, "run" : 7199, "locked" : 0, "mmap" : 323 }
      },
      "00036" : {
        "mmconts" : [159, 162, 166],
        "acts" : [23, 23],
        "tstate" : { "idle" : 992461, "run" : 7126, "locked" : 0, "mmap" : 271 }
      }
    }
  },
  "benchmark_io" : {
    "simple_times" : {
      "mcount" : {
        "mcount" : { "6 -- 10" : 1, "2 -- 4" : 5, "1 -- 2" : 9, "1 -- 1" : 7 }
      }
    },
    "stream_method" : {
      "conns" : [0, 0],
      "in" : [0, 0],
      "out" : [0, 0],
      "mmtasks" : [0, 0, 1],
      "load" : 0.990,
      "mcount" : {
        "mcount" : { "Protocol error" : 22 }
      },
      "http_proto0" : {
        "mcount" : {
          "mcount" : { }
        }
      },
      "source_log" : {
        "delta" : [0, 0, 0]
      },
      "loggers" : {
        "brief_logger" : {
          "records" : [22, 22],
          "out" : [966, 966]
        }
      }
    }
  }
},
"2022-08-12 09:03:00.617 +0000" : {
  "main_scheduler" : {
    "bqs" : {
      "00034" : {
        "mmconts" : [152, 155, 159],
        "acts" : [23, 23],
        "tstate" : { "idle" : 992689, "run" : 6827, "locked" : 0, "mmap" : 229 }
      },
      "00035" : {
        "mmconts" : [151, 154, 159],
        "acts" : [24, 24],
        "tstate" : { "idle" : 992035, "run" : 7413, "locked" : 0, "mmap" : 275 }
      },
      "00036" : {
        "mmconts" : [151, 155, 159],
        "acts" : [26, 26],
        "tstate" : { "idle" : 992845, "run" : 6646, "locked" : 0, "mmap" : 231 }
      }
    }
  },
  "benchmark_io" : {
    "simple_times" : {
      "mcount" : {
        "mcount" : { "2 -- 4" : 7, "1 -- 2" : 7, "1 -- 1" : 9 }
      }
    },
    "stream_method" : {
      "conns" : [0, 0],
      "in" : [0, 0],
      "out" : [0, 0],
      "mmtasks" : [0, 0, 1],
      "load" : 0.990,
      "mcount" : {
        "mcount" : { "Protocol error" : 23 }
      },
      "http_proto0" : {
        "mcount" : {
          "mcount" : { }
        }
      },
      "source_log" : {
        "delta" : [0, 0, 0]
      },
      "loggers" : {
        "brief_logger" : {
          "records" : [23, 23],
          "out" : [1010, 1010]
        }
      }
    }
  }
},
"2022-08-12 09:03:01.618 +0000" : {
  "main_scheduler" : {
    "bqs" : {
      "00034" : {
        "mmconts" : [144, 147, 152],
        "acts" : [26, 25],
        "tstate" : { "idle" : 994128, "run" : 5921, "locked" : 0, "mmap" : 243 }
      },
      "00035" : {
        "mmconts" : [143, 147, 151],
        "acts" : [24, 23],
        "tstate" : { "idle" : 994011, "run" : 6019, "locked" : 0, "mmap" : 270 }
      },
      "00036" : {
        "mmconts" : [144, 147, 151],
        "acts" : [23, 22],
        "tstate" : { "idle" : 994249, "run" : 5860, "locked" : 0, "mmap" : 196 }
      }
    }
  },
  "benchmark_io" : {
    "simple_times" : {
      "mcount" : {
        "mcount" : { "2 -- 4" : 1, "1 -- 2" : 9, "1 -- 1" : 13 }
      }
    },
    "stream_method" : {
      "conns" : [0, 0],
      "in" : [0, 0],
      "out" : [0, 0],
      "mmtasks" : [0, 0, 1],
      "load" : 0.990,
      "mcount" : {
        "mcount" : { "Protocol error" : 23 }
      },
      "http_proto0" : {
        "mcount" : {
          "mcount" : { }
        }
      },
      "source_log" : {
        "delta" : [0, 0, 0]
      },
      "loggers" : {
        "brief_logger" : {
          "records" : [23, 22],
          "out" : [1011, 1010]
        }
      }
    }
  }
},
"2022-08-12 09:03:02.618 +0000" : {
  "main_scheduler" : {
    "bqs" : {
      "00034" : {
        "mmconts" : [136, 140, 144],
        "acts" : [26, 25],
        "tstate" : { "idle" : 993188, "run" : 6913, "locked" : 0, "mmap" : 301 }
      },
      "00035" : {
        "mmconts" : [136, 139, 143],
        "acts" : [21, 20],
        "tstate" : { "idle" : 993936, "run" : 6254, "locked" : 0, "mmap" : 222 }
      },
      "00036" : {
        "mmconts" : [136, 139, 144],
        "acts" : [26, 25],
        "tstate" : { "idle" : 993619, "run" : 6583, "locked" : 0, "mmap" : 207 }
      }
    }
  },
  "benchmark_io" : {
    "simple_times" : {
      "mcount" : {
        "mcount" : { "2 -- 4" : 3, "1 -- 2" : 12, "1 -- 1" : 8 }
      }
    },
    "stream_method" : {
      "conns" : [0, 0],
      "in" : [0, 0],
      "out" : [0, 0],
      "mmtasks" : [0, 0, 1],
      "load" : 0.991,
      "mcount" : {
        "mcount" : { "Protocol error" : 23 }
      },
      "http_proto0" : {
        "mcount" : {
          "mcount" : { }
        }
      },
      "source_log" : {
        "delta" : [0, 0, 0]
      },
      "loggers" : {
        "brief_logger" : {
          "records" : [23, 22],
          "out" : [1010, 1009]
        }
      }
    }
  }
},
"2022-08-12 09:03:03.618 +0000" : {
  "main_scheduler" : {
    "bqs" : {
      "00034" : {
        "mmconts" : [128, 132, 136],
        "acts" : [26, 26],
        "tstate" : { "idle" : 992448, "run" : 7153, "locked" : 0, "mmap" : 284 }
      },
      "00035" : {
        "mmconts" : [128, 131, 136],
        "acts" : [24, 24],
        "tstate" : { "idle" : 992175, "run" : 7447, "locked" : 0, "mmap" : 255 }
      },
      "00036" : {
        "mmconts" : [128, 131, 136],
        "acts" : [26, 26],
        "tstate" : { "idle" : 992403, "run" : 7187, "locked" : 0, "mmap" : 289 }
      }
    }
  },
  "benchmark_io" : {
    "simple_times" : {
      "mcount" : {
        "mcount" : { "2 -- 4" : 6, "1 -- 2" : 9, "1 -- 1" : 9 }
      }
    },
    "stream_method" : {
      "conns" : [0, 0],
      "in" : [0, 0],
      "out" : [0, 0],
      "mmtasks" : [0, 0, 1],
      "load" : 0.990,
      "mcount" : {
        "mcount" : { "Protocol error" : 24 }
      },
      "http_proto0" : {
        "mcount" : {
          "mcount" : { }
        }
      },
      "source_log" : {
        "delta" : [0, 0, 0]
      },
      "loggers" : {
        "brief_logger" : {
          "records" : [24, 24],
          "out" : [1051, 1051]
        }
      }
    }
  }
},
"2022-08-12 09:03:04.618 +0000" : {
  "main_scheduler" : {
    "bqs" : {
      "00034" : {
        "mmconts" : [120, 124, 128],
        "acts" : [26, 25],
        "tstate" : { "idle" : 993130, "run" : 6832, "locked" : 0, "mmap" : 269 }
      },
      "00035" : {
        "mmconts" : [119, 123, 128],
        "acts" : [27, 26],
        "tstate" : { "idle" : 992431, "run" : 7561, "locked" : 0, "mmap" : 234 }
      },
      "00036" : {
        "mmconts" : [120, 123, 128],
        "acts" : [26, 25],
        "tstate" : { "idle" : 993286, "run" : 6761, "locked" : 0, "mmap" : 178 }
      }
    }
  },
  "benchmark_io" : {
    "simple_times" : {
      "mcount" : {
        "mcount" : { "2 -- 4" : 4, "1 -- 2" : 13, "1 -- 1" : 8 }
      }
    },
    "stream_method" : {
      "conns" : [0, 0],
      "in" : [0, 0],
      "out" : [0, 0],
      "mmtasks" : [0, 0, 1],
      "load" : 0.990,
      "mcount" : {
        "mcount" : { "Protocol error" : 25 }
      },
      "http_proto0" : {
        "mcount" : {
          "mcount" : { }
        }
      },
      "source_log" : {
        "delta" : [0, 0, 0]
      },
      "loggers" : {
        "brief_logger" : {
          "records" : [25, 24],
          "out" : [1097, 1096]
        }
      }
    }
  }
},
"2022-08-12 09:03:05.618 +0000" : {
  "main_scheduler" : {
    "bqs" : {
      "00034" : {
        "mmconts" : [112, 115, 120],
        "acts" : [26, 25],
        "tstate" : { "idle" : 992076, "run" : 7654, "locked" : 0, "mmap" : 272 }
      },
      "00035" : {
        "mmconts" : [111, 115, 119],
        "acts" : [24, 23],
        "tstate" : { "idle" : 991676, "run" : 8027, "locked" : 0, "mmap" : 301 }
      },
      "00036" : {
        "mmconts" : [112, 115, 120],
        "acts" : [27, 26],
        "tstate" : { "idle" : 991126, "run" : 8588, "locked" : 0, "mmap" : 292 }
      }
    }
  },
  "benchmark_io" : {
    "simple_times" : {
      "mcount" : {
        "mcount" : { "2 -- 4" : 8, "1 -- 2" : 8, "1 -- 1" : 8 }
      }
    },
    "stream_method" : {
      "conns" : [0, 0],
      "in" : [0, 0],
      "out" : [0, 0],
      "mmtasks" : [0, 0, 1],
      "load" : 0.988,
      "mcount" : {
        "mcount" : { "Protocol error" : 24 }
      },
      "http_proto0" : {
        "mcount" : {
          "mcount" : { }
        }
      },
      "source_log" : {
        "delta" : [0, 0, 0]
      },
      "loggers" : {
        "brief_logger" : {
          "records" : [24, 23],
          "out" : [1055, 1054]
        }
      }
    }
  }
},
"2022-08-12 09:03:06.618 +0000" : {
  "main_scheduler" : {
    "bqs" : {
      "00034" : {
        "mmconts" : [103, 107, 112],
        "acts" : [29, 28],
        "tstate" : { "idle" : 992018, "run" : 7784, "locked" : 0, "mmap" : 278 }
      },
      "00035" : {
        "mmconts" : [103, 106, 111],
        "acts" : [24, 23],
        "tstate" : { "idle" : 993703, "run" : 6138, "locked" : 0, "mmap" : 240 }
      },
      "00036" : {
        "mmconts" : [103, 107, 112],
        "acts" : [28, 27],
        "tstate" : { "idle" : 992431, "run" : 7299, "locked" : 0, "mmap" : 350 }
      }
    }
  },
  "benchmark_io" : {
    "simple_times" : {
      "mcount" : {
        "mcount" : { "1 -- 2" : 16, "1 -- 1" : 10 }
      }
    },
    "stream_method" : {
      "conns" : [0, 0],
      "in" : [0, 0],
      "out" : [0, 0],
      "mmtasks" : [0, 0, 1],
      "load" : 0.985,
      "mcount" : {
        "mcount" : { "Protocol error" : 26 }
      },
      "http_proto0" : {
        "mcount" : {
          "mcount" : { }
        }
      },
      "source_log" : {
        "delta" : [0, 0, 0]
      },
      "loggers" : {
        "brief_logger" : {
          "records" : [26, 25],
          "out" : [1140, 1139]
        }
      }
    }
  }
},
"2022-08-12 09:03:07.618 +0000" : {
  "main_scheduler" : {
    "bqs" : {
      "00034" : {
        "mmconts" : [95, 99, 103],
        "acts" : [26, 26],
        "tstate" : { "idle" : 992291, "run" : 7082, "locked" : 0, "mmap" : 309 }
      },
      "00035" : {
        "mmconts" : [94, 98, 103],
        "acts" : [27, 27],
        "tstate" : { "idle" : 992118, "run" : 7344, "locked" : 0, "mmap" : 223 }
      },
      "00036" : {
        "mmconts" : [95, 98, 103],
        "acts" : [26, 26],
        "tstate" : { "idle" : 992448, "run" : 6985, "locked" : 0, "mmap" : 254 }
      }
    }
  },
  "benchmark_io" : {
    "simple_times" : {
      "mcount" : {
        "mcount" : { "2 -- 4" : 6, "1 -- 2" : 10, "1 -- 1" : 9 }
      }
    },
    "stream_method" : {
      "conns" : [0, 0],
      "in" : [0, 0],
      "out" : [0, 0],
      "mmtasks" : [0, 0, 1],
      "load" : 0.991,
      "mcount" : {
        "mcount" : { "Protocol error" : 25 }
      },
      "http_proto0" : {
        "mcount" : {
          "mcount" : { }
        }
      },
      "source_log" : {
        "delta" : [0, 0, 0]
      },
      "loggers" : {
        "brief_logger" : {
          "records" : [25, 25],
          "out" : [1096, 1096]
        }
      }
    }
  }
},
"2022-08-12 09:03:08.618 +0000" : {
  "main_scheduler" : {
    "bqs" : {
      "00034" : {
        "mmconts" : [86, 90, 95],
        "acts" : [29, 28],
        "tstate" : { "idle" : 991341, "run" : 8585, "locked" : 0, "mmap" : 401 }
      },
      "00035" : {
        "mmconts" : [86, 89, 94],
        "acts" : [24, 23],
        "tstate" : { "idle" : 992923, "run" : 7136, "locked" : 0, "mmap" : 259 }
      },
      "00036" : {
        "mmconts" : [86, 90, 95],
        "acts" : [29, 28],
        "tstate" : { "idle" : 990741, "run" : 9199, "locked" : 0, "mmap" : 374 }
      }
    }
  },
  "benchmark_io" : {
    "simple_times" : {
      "mcount" : {
        "mcount" : { "2 -- 4" : 4, "1 -- 2" : 16, "1 -- 1" : 6 }
      }
    },
    "stream_method" : {
      "conns" : [0, 0],
      "in" : [0, 0],
      "out" : [0, 0],
      "mmtasks" : [0, 0, 1],
      "load" : 0.990,
      "mcount" : {
        "mcount" : { "Protocol error" : 26 }
      },
      "http_proto0" : {
        "mcount" : {
          "mcount" : { }
        }
      },
      "source_log" : {
        "delta" : [0, 0, 0]
      },
      "loggers" : {
        "brief_logger" : {
          "records" : [26, 25],
          "out" : [1143, 1142]
        }
      }
    }
  }
},
"2022-08-12 09:03:09.617 +0000" : {
  "main_scheduler" : {
    "bqs" : {
      "00034" : {
        "mmconts" : [77, 81, 86],
        "acts" : [29, 29],
        "tstate" : { "idle" : 991346, "run" : 7571, "locked" : 0, "mmap" : 277 }
      },
      "00035" : {
        "mmconts" : [77, 81, 86],
        "acts" : [27, 27],
        "tstate" : { "idle" : 991525, "run" : 7371, "locked" : 0, "mmap" : 306 }
      },
      "00036" : {
        "mmconts" : [77, 81, 86],
        "acts" : [29, 29],
        "tstate" : { "idle" : 989855, "run" : 8987, "locked" : 0, "mmap" : 364 }
      }
    }
  },
  "benchmark_io" : {
    "simple_times" : {
      "mcount" : {
        "mcount" : { "2 -- 4" : 2, "1 -- 2" : 17, "1 -- 1" : 8 }
      }
    },
    "stream_method" : {
      "conns" : [0, 0],
      "in" : [0, 0],
      "out" : [0, 0],
      "mmtasks" : [0, 0, 1],
      "load" : 0.988,
      "mcount" : {
        "mcount" : { "Protocol error" : 27 }
      },
      "http_proto0" : {
        "mcount" : {
          "mcount" : { }
        }
      },
      "source_log" : {
        "delta" : [0, 0, 0]
      },
      "loggers" : {
        "brief_logger" : {
          "records" : [27, 27],
          "out" : [1185, 1185]
        }
      }
    }
  }
},
"2022-08-12 09:03:10.618 +0000" : {
  "main_scheduler" : {
    "bqs" : {
      "00034" : {
        "mmconts" : [68, 72, 77],
        "acts" : [29, 28],
        "tstate" : { "idle" : 991362, "run" : 8886, "locked" : 0, "mmap" : 319 }
      },
      "00035" : {
        "mmconts" : [68, 72, 77],
        "acts" : [27, 26],
        "tstate" : { "idle" : 992291, "run" : 7959, "locked" : 0, "mmap" : 307 }
      },
      "00036" : {
        "mmconts" : [68, 72, 77],
        "acts" : [29, 28],
        "tstate" : { "idle" : 992086, "run" : 8162, "locked" : 0, "mmap" : 304 }
      }
    }
  },
  "benchmark_io" : {
    "simple_times" : {
      "mcount" : {
        "mcount" : { "6 -- 10" : 1, "2 -- 4" : 3, "1 -- 2" : 15, "1 -- 1" : 8 }
      }
    },
    "stream_method" : {
      "conns" : [0, 0],
      "in" : [0, 0],
      "out" : [0, 0],
      "mmtasks" : [0, 0, 1],
      "load" : 0.992,
      "mcount" : {
        "mcount" : { "Protocol error" : 27 }
      },
      "http_proto0" : {
        "mcount" : {
          "mcount" : { }
        }
      },
      "source_log" : {
        "delta" : [0, 0, 0]
      },
      "loggers" : {
        "brief_logger" : {
          "records" : [27, 26],
          "out" : [1187, 1186]
        }
      }
    }
  }
},
"2022-08-12 09:03:11.617 +0000" : {
  "main_scheduler" : {
    "bqs" : {
      "00034" : {
        "mmconts" : [59, 63, 68],
        "acts" : [29, 29],
        "tstate" : { "idle" : 992750, "run" : 6411, "locked" : 0, "mmap" : 223 }
      },
      "00035" : {
        "mmconts" : [59, 63, 68],
        "acts" : [27, 27],
        "tstate" : { "idle" : 993138, "run" : 6071, "locked" : 0, "mmap" : 177 }
      },
      "00036" : {
        "mmconts" : [59, 63, 68],
        "acts" : [29, 29],
        "tstate" : { "idle" : 991771, "run" : 7335, "locked" : 0, "mmap" : 281 }
      }
    }
  },
  "benchmark_io" : {
    "simple_times" : {
      "mcount" : {
        "mcount" : { "4 -- 6" : 1, "2 -- 4" : 2, "1 -- 2" : 9, "1 -- 1" : 15 }
      }
    },
    "stream_method" : {
      "conns" : [0, 0],
      "in" : [0, 0],
      "out" : [0, 0],
      "mmtasks" : [0, 0, 1],
      "load" : 0.991,
      "mcount" : {
        "mcount" : { "Protocol error" : 27 }
      },
      "http_proto0" : {
        "mcount" : {
          "mcount" : { }
        }
      },
      "source_log" : {
        "delta" : [0, 0, 0]
      },
      "loggers" : {
        "brief_logger" : {
          "records" : [27, 27],
          "out" : [1184, 1184]
        }
      }
    }
  }
},
"2022-08-12 09:03:12.618 +0000" : {
  "main_scheduler" : {
    "bqs" : {
      "00034" : {
        "mmconts" : [50, 54, 59],
        "acts" : [29, 28],
        "tstate" : { "idle" : 992809, "run" : 7240, "locked" : 0, "mmap" : 331 }
      },
      "00035" : {
        "mmconts" : [49, 54, 59],
        "acts" : [30, 29],
        "tstate" : { "idle" : 991683, "run" : 8427, "locked" : 0, "mmap" : 272 }
      },
      "00036" : {
        "mmconts" : [50, 54, 59],
        "acts" : [29, 28],
        "tstate" : { "idle" : 992310, "run" : 7838, "locked" : 0, "mmap" : 234 }
      }
    }
  },
  "benchmark_io" : {
    "simple_times" : {
      "mcount" : {
        "mcount" : { "2 -- 4" : 5, "1 -- 2" : 9, "1 -- 1" : 14 }
      }
    },
    "stream_method" : {
      "conns" : [0, 0],
      "in" : [0, 0],
      "out" : [0, 0],
      "mmtasks" : [0, 0, 1],
      "load" : 0.990,
      "mcount" : {
        "mcount" : { "Protocol error" : 28 }
      },
      "http_proto0" : {
        "mcount" : {
          "mcount" : { }
        }
      },
      "source_log" : {
        "delta" : [0, 0, 0]
      },
      "loggers" : {
        "brief_logger" : {
          "records" : [28, 27],
          "out" : [1230, 1229]
        }
      }
    }
  }
},
"2022-08-12 09:03:13.617 +0000" : {
  "main_scheduler" : {
    "bqs" : {
      "00034" : {
        "mmconts" : [41, 45, 50],
        "acts" : [29, 29],
        "tstate" : { "idle" : 991403, "run" : 7815, "locked" : 0, "mmap" : 313 }
      },
      "00035" : {
        "mmconts" : [40, 44, 49],
        "acts" : [27, 27],
        "tstate" : { "idle" : 989793, "run" : 9433, "locked" : 0, "mmap" : 308 }
      },
      "00036" : {
        "mmconts" : [40, 45, 50],
        "acts" : [32, 32],
        "tstate" : { "idle" : 990920, "run" : 8314, "locked" : 0, "mmap" : 302 }
      }
    }
  },
  "benchmark_io" : {
    "simple_times" : {
      "mcount" : {
        "mcount" : { "2 -- 4" : 5, "1 -- 2" : 15, "1 -- 1" : 8 }
      }
    },
    "stream_method" : {
      "conns" : [0, 0],
      "in" : [0, 0],
      "out" : [0, 0],
      "mmtasks" : [0, 0, 1],
      "load" : 0.990,
      "mcount" : {
        "mcount" : { "Protocol error" : 28 }
      },
      "http_proto0" : {
        "mcount" : {
          "mcount" : { }
        }
      },
      "source_log" : {
        "delta" : [0, 0, 0]
      },
      "loggers" : {
        "brief_logger" : {
          "records" : [28, 28],
          "out" : [1230, 1230]
        }
      }
    }
  }
},
"2022-08-12 09:03:14.618 +0000" : {
  "main_scheduler" : {
    "bqs" : {
      "00034" : {
        "mmconts" : [31, 35, 41],
        "acts" : [32, 31],
        "tstate" : { "idle" : 992624, "run" : 7701, "locked" : 0, "mmap" : 306 }
      },
      "00035" : {
        "mmconts" : [31, 35, 40],
        "acts" : [27, 26],
        "tstate" : { "idle" : 992824, "run" : 7487, "locked" : 0, "mmap" : 321 }
      },
      "00036" : {
        "mmconts" : [31, 35, 40],
        "acts" : [29, 28],
        "tstate" : { "idle" : 993287, "run" : 7048, "locked" : 0, "mmap" : 297 }
      }
    }
  },
  "benchmark_io" : {
    "simple_times" : {
      "mcount" : {
        "mcount" : { "16 -- 25" : 1, "2 -- 4" : 1, "1 -- 2" : 16, "1 -- 1" : 10 }
      }
    },
    "stream_method" : {
      "conns" : [0, 0],
      "in" : [0, 0],
      "out" : [0, 0],
      "mmtasks" : [0, 0, 1],
      "load" : 0.994,
      "mcount" : {
        "mcount" : { "Protocol error" : 28 }
      },
      "http_proto0" : {
        "mcount" : {
          "mcount" : { }
        }
      },
      "source_log" : {
        "delta" : [0, 0, 0]
      },
      "loggers" : {
        "brief_logger" : {
          "records" : [28, 27],
          "out" : [1230, 1229]
        }
      }
    }
  }
},
"2022-08-12 09:03:15.617 +0000" : {
  "main_scheduler" : {
    "bqs" : {
      "00034" : {
        "mmconts" : [22, 26, 31],
        "acts" : [29, 29],
        "tstate" : { "idle" : 991524, "run" : 7793, "locked" : 0, "mmap" : 315 }
      },
      "00035" : {
        "mmconts" : [21, 25, 31],
        "acts" : [30, 30],
        "tstate" : { "idle" : 991201, "run" : 8160, "locked" : 0, "mmap" : 273 }
      },
      "00036" : {
        "mmconts" : [21, 26, 31],
        "acts" : [32, 32],
        "tstate" : { "idle" : 989879, "run" : 9410, "locked" : 0, "mmap" : 345 }
      }
    }
  },
  "benchmark_io" : {
    "simple_times" : {
      "mcount" : {
        "mcount" : { "2 -- 4" : 4, "1 -- 2" : 14, "1 -- 1" : 11 }
      }
    },
    "stream_method" : {
      "conns" : [0, 0],
      "in" : [0, 0],
      "out" : [0, 0],
      "mmtasks" : [0, 0, 1],
      "load" : 0.990,
      "mcount" : {
        "mcount" : { "Protocol error" : 29 }
      },
      "http_proto0" : {
        "mcount" : {
          "mcount" : { }
        }
      },
      "source_log" : {
        "delta" : [0, 0, 0]
      },
      "loggers" : {
        "brief_logger" : {
          "records" : [29, 29],
          "out" : [1271, 1271]
        }
      }
    }
  }
},
"2022-08-12 09:03:16.617 +0000" : {
  "main_scheduler" : {
    "bqs" : {
      "00034" : {
        "mmconts" : [12, 16, 22],
        "acts" : [32, 32],
        "tstate" : { "idle" : 991241, "run" : 8187, "locked" : 0, "mmap" : 306 }
      },
      "00035" : {
        "mmconts" : [10, 15, 21],
        "acts" : [33, 33],
        "tstate" : { "idle" : 991991, "run" : 7385, "locked" : 0, "mmap" : 355 }
      },
      "00036" : {
        "mmconts" : [12, 16, 21],
        "acts" : [29, 29],
        "tstate" : { "idle" : 992284, "run" : 7207, "locked" : 0, "mmap" : 240 }
      }
    }
  },
  "benchmark_io" : {
    "simple_times" : {
      "mcount" : {
        "mcount" : { "2 -- 4" : 2, "1 -- 2" : 15, "1 -- 1" : 13 }
      }
    },
    "stream_method" : {
      "conns" : [0, 0],
      "in" : [0, 0],
      "out" : [0, 0],
      "mmtasks" : [0, 0, 1],
      "load" : 0.990,
      "mcount" : {
        "mcount" : { "Protocol error" : 30 }
      },
      "http_proto0" : {
        "mcount" : {
          "mcount" : { }
        }
      },
      "source_log" : {
        "delta" : [0, 0, 0]
      },
      "loggers" : {
        "brief_logger" : {
          "records" : [30, 30],
          "out" : [1317, 1317]
        }
      }
    }
  }
},
"2022-08-12 09:03:17.585 +0000" : {
  "main_scheduler" : {
    "bqs" : {
      "00034" : {
        "mmconts" : [2, 7, 12],
        "acts" : [32, 33],
        "tstate" : { "idle" : 960804, "run" : 6978, "locked" : 0, "mmap" : 295 }
      },
      "00035" : {
        "mmconts" : [0, 5, 10],
        "acts" : [28, 28],
        "tstate" : { "idle" : 961296, "run" : 6478, "locked" : 0, "mmap" : 298 }
      },
      "00036" : {
        "mmconts" : [2, 6, 12],
        "acts" : [31, 32],
        "tstate" : { "idle" : 960741, "run" : 7035, "locked" : 0, "mmap" : 293 }
      }
    }
  },
  "benchmark_io" : {
    "simple_times" : {
      "mcount" : {
        "mcount" : { "2 -- 4" : 1, "1 -- 2" : 12, "1 -- 1" : 16 }
      }
    },
    "stream_method" : {
      "conns" : [0, 0],
      "in" : [0, 0],
      "out" : [0, 0],
      "mmtasks" : [0, 0, 1],
      "load" : 0.991,
      "mcount" : {
        "mcount" : { "Protocol error" : 29 }
      },
      "http_proto0" : {
        "mcount" : {
          "mcount" : { }
        }
      },
      "source_log" : {
        "delta" : [0, 0, 0]
      },
      "loggers" : {
        "brief_logger" : {
          "records" : [29, 29],
          "out" : [1271, 1312]
        }
      }
    }
  }
}