1660294937.617		16372	16372	0	0	0	15348	0	0	71	0
1660294937.815		1481	1481	0	0	0	13	0	0	71	0
1660294938.011		1242	1242	0	0	0	7	0	0	71	0
1660294938.203		1230	1230	0	0	0	10	0	0	71	0
1660294938.391		1134	1134	0	0	0	14	0	0	71	0
1660294938.578		2342	2342	0	0	0	36	0	0	71	0
1660294938.762		2336	2336	0	0	0	20	0	0	71	0
1660294938.943		2148	2148	0	0	0	33	0	0	71	0
1660294939.123		2092	2092	0	0	0	37	0	0	71	0
1660294939.300		1754	1754	0	0	0	29	0	0	71	0
1660294939.474		2750	2750	0	0	0	36	0	0	71	0
1660294939.645		2688	2688	0	0	0	24	0	0	71	0
1660294939.816		2169	2169	0	0	0	67	0	0	71	0
1660294939.983		1540	1540	0	0	0	9	0	0	71	0
1660294940.150		2393	2393	0	0	0	12	0	0	71	0
1660294940.313		1772	1772	0	0	0	12	0	0	71	0
1660294940.477		1749	1749	0	0	0	23	0	0	71	0
1660294940.636		1841	1841	0	0	0	33	0	0	71	0
1660294940.795		1572	1572	0	0	0	14	0	0	71	0
1660294940.954		2085	2085	0	0	0	29	0	0	71	0
1660294941.108		2056	2056	0	0	0	31	0	0	71	0
1660294941.263		1808	1808	0	0	0	19	0	0	71	0
1660294941.416		1396	1396	0	0	0	14	0	0	71	0
1660294941.567		1312	1312	0	0	0	13	0	0	71	0
1660294941.716		2708	2708	0	0	0	28	0	0	71	0
1660294941.865		1917	1917	0	0	0	13	0	0	71	0
1660294942.013		2466	2466	0	0	0	35	0	0	71	0
1660294942.158		2452	2452	0	0	0	26	0	0	71	0
1660294942.302		1923	1923	0	0	0	23	0	0	71	0
1660294942.446		3092	3092	0	0	0	35	0	0	71	0
1660294942.588		2780	2780	0	0	0	31	0	0	71	0
1660294942.728		3065	3065	0	0	0	23	0	0	71	0
1660294942.869		1773	1773	0	0	0	12	0	0	71	0
1660294943.007		2438	2438	0	0	0	53	0	0	71	0
1660294943.144		2415	2415	0	0	0	10	0	0	71	0
1660294943.280		1644	1644	0	0	0	10	0	0	71	0
1660294943.415		1860	1860	0	0	0	30	0	0	71	0
1660294943.550		1698	1698	0	0	0	9	0	0	71	0
1660294943.684		1677	1677	0	0	0	12	0	0	71	0
1660294943.815		4598	4598	0	0	0	30	0	0	71	0
1660294943.948		1181	1181	0	0	0	9	0	0	71	0
1660294944.078		1074	1074	0	0	0	13	0	0	71	0
1660294944.207		1175	1175	0	0	0	18	0	0	71	0
1660294944.336		1112	1112	0	0	0	7	0	0	71	0
1660294944.464		1660	1660	0	0	0	15	0	0	71	0
1660294944.591		1244	1244	0	0	0	9	0	0	71	0
1660294944.716		1100	1100	0	0	0	10	0	0	71	0
1660294944.842		1335	1335	0	0	0	14	0	0	71	0
1660294944.966		1148	1148	0	0	0	11	0	0	71	0
1660294945.091		3413	3413	0	0	0	12	0	0	71	0
1660294945.212		1594	1594	0	0	0	11	0	0	71	0
1660294945.335		2247	2247	0	0	0	30	0	0	71	0
1660294945.457		2227	2227	0	0	0	22	0	0	71	0
1660294945.576		2470	2470	0	0	0	21	0	0	71	0
1660294945.697		2196	2196	0	0	0	30	0	0	71	0
1660294945.816		1676	1676	0	0	0	10	0	0	71	0
1660294945.934		2720	2720	0	0	0	40	0	0	71	0
1660294946.052		2769	2769	0	0	0	25	0	0	71	0
1660294946.169		1780	1780	0	0	0	10	0	0	71	0
1660294946.286		3027	3027	0	0	0	35	0	0	71	0
1660294946.401		2192	2192	0	0	0	39	0	0	71	0
1660294946.517		2420	2420	0	0	0	22	0	0	71	0
1660294946.632		1472	1472	0	0	0	11	0	0	71	0
1660294946.745		2638	2638	0	0	0	27	0	0	71	0
1660294946.859		1630	1630	0	0	0	16	0	0	71	0
1660294946.971		1938	1938	0	0	0	35	0	0	71	0
1660294947.083		1983	1983	0	0	0	25	0	0	71	0
1660294947.194		1437	1437	0	0	0	18	0	0	71	0
1660294947.306		1727	1727	0	0	0	11	0	0	71	0
1660294947.416		2421	2421	0	0	0	31	0	0	71	0
1660294947.525		2518	2518	0	0	0	24	0	0	71	0
1660294947.635		1290	1290	0	0	0	18	0	0	71	0
1660294947.743		2576	2576	0	0	0	41	0	0	71	0
1660294947.853		2574	2574	0	0	0	25	0	0	71	0
1660294947.959		2815	2815	0	0	0	29	0	0	71	0
1660294948.069		1446	1446	0	0	0	11	0	0	71	0
1660294948.173		1154	1154	0	0	0	15	0	0	71	0
1660294948.279		1155	1155	0	0	0	18	0	0	71	0
1660294948.386		3628	3628	0	0	0	27	0	0	71	0
1660294948.490		2232	2232	0	0	0	20	0	0	71	0
1660294948.595		7308	7308	0	0	0	16	0	0	71	0
1660294948.699		1044	1044	0	0	0	13	0	0	71	0
1660294948.804		1069	1069	0	0	0	13	0	0	71	0
1660294948.906		1109	1109	0	0	0	15	0	0	71	0
1660294949.010		1430	1430	0	0	0	12	0	0	71	0
1660294949.111		1197	1197	0	0	0	10	0	0	71	0
1660294949.213		1328	1328	0	0	0	14	0	0	71	0
1660294949.316		1905	1905	0	0	0	39	0	0	71	0
1660294949.417		1752	1752	0	0	0	17	0	0	71	0
1660294949.517		1696	1696	0	0	0	19	0	0	71	0
1660294949.618		1231	1231	0	0	0	117	0	0	71	0
1660294949.717		2623	2623	0	0	0	32	0	0	71	0
1660294949.816		2703	2703	0	0	0	26	0	0	71	0
1660294949.916		2800	2800	0	0	0	26	0	0	71	0
1660294950.014		2523	2523	0	0	0	25	0	0	71	0
1660294950.111		1846	1846	0	0	0	29	0	0	71	0
1660294950.209		1792	1792	0	0	0	20	0	0	71	0
1660294950.307		2306	2306	0	0	0	41	0	0	71	0
1660294950.404		3130	3130	0	0	0	26	0	0	71	0
1660294950.500		2555	2555	0	0	0	38	0	0	71	0
1660294950.597		2838	2838	0	0	0	24	0	0	71	0
1660294950.693		1593	1593	0	0	0	18	0	0	71	0
1660294950.788		3144	3144	0	0	0	41	0	0	71	0
1660294950.884		1676	1676	0	0	0	24	0	0	71	0
1660294950.978		2561	2561	0	0	0	26	0	0	71	0
1660294951.072		2620	2620	0	0	0	36	0	0	71	0
1660294951.167		1050	1050	0	0	0	16	0	0	71	0
1660294951.260		1182	1182	0	0	0	13	0	0	71	0
1660294951.355		1288	1288	0	0	0	9	0	0	71	0
1660294951.447		1927	1927	0	0	0	11	0	0	71	0
1660294951.539		2067	2067	0	0	0	27	0	0	71	0
1660294951.633		1702	1702	0	0	0	14	0	0	71	0
1660294951.725		1512	1512	0	0	0	14	0	0	71	0
1660294951.816		2768	2768	0	0	0	27	0	0	71	0
1660294951.908		3208	3208	0	0	0	26	0	0	71	0
1660294951.999		2846	2846	0	0	0	23	0	0	71	0
1660294952.090		1601	1601	0	0	0	14	0	0	71	0
1660294952.180		1627	1627	0	0	0	15	0	0	71	0
1660294952.271		1565	1565	0	0	0	10	0	0	71	0
1660294952.360		2549	2549	0	0	0	24	0	0	71	0
1660294952.449		1644	1644	0	0	0	10	0	0	71	0
1660294952.539		2084	2084	0	0	0	15	0	0	71	0
1660294952.628		1330	1330	0	0	0	18	0	0	71	0
1660294952.716		1708	1708	0	0	0	9	0	0	71	0
1660294952.806		2819	2819	0	0	0	25	0	0	71	0
1660294952.893		1617	1617	0	0	0	11	0	0	71	0
1660294952.982		1649	1649	0	0	0	10	0	0	71	0
1660294953.069		2296	2296	0	0	0	10	0	0	71	0
1660294953.156		1138	1138	0	0	0	13	0	0	71	0
1660294953.243		2020	2020	0	0	0	33	0	0	71	0
1660294953.330		2535	2535	0	0	0	20	0	0	71	0
1660294953.417		1693	1693	0	0	0	12	0	0	71	0
1660294953.502		3085	3085	0	0	0	30	0	0	71	0
1660294953.589		2454	2454	0	0	0	23	0	0	71	0
1660294953.674		2146	2146	0	0	0	26	0	0	71	0
1660294953.759		2027	2027	0	0	0	24	0	0	71	0
1660294953.844		1662	1662	0	0	0	24	0	0	71	0
1660294953.929		1590	1590	0	0	0	14	0	0	71	0
1660294954.015		2331	2331	0	0	0	39	0	0	71	0
1660294954.099		2014	2014	0	0	0	14	0	0	71	0
1660294954.183		1938	1938	0	0	0	26	0	0	71	0
1660294954.267		1935	1935	0	0	0	32	0	0	71	0
1660294954.350		1846	1846	0	0	0	11	0	0	71	0
1660294954.433		2743	2743	0	0	0	27	0	0	71	0
1660294954.516		2452	2452	0	0	0	22	0	0	71	0
1660294954.600		2124	2124	0	0	0	22	0	0	71	0
1660294954.683		1791	1791	0	0	0	21	0	0	71	0
1660294954.764		1803	1803	0	0	0	36	0	0	71	0
1660294954.848		2467	2467	0	0	0	21	0	0	71	0
1660294954.930		1959	1959	0	0	0	27	0	0	71	0
1660294955.010		2691	2691	0	0	0	36	0	0	71	0
1660294955.093		2428	2428	0	0	0	17	0	0	71	0
1660294955.173		1166	1166	0	0	0	16	0	0	71	0
1660294955.254		1964	1964	0	0	0	19	0	0	71	0
1660294955.336		2306	2306	0	0	0	24	0	0	71	0
1660294955.416		3172	3172	0	0	0	30	0	0	71	0
1660294955.496		1704	1704	0	0	0	10	0	0	71	0
1660294955.576		2319	2319	0	0	0	22	0	0	71	0
1660294955.657		1665	1665	0	0	0	25	0	0	71	0
1660294955.737		2436	2436	0	0	0	37	0	0	71	0
1660294955.817		2114	2114	0	0	0	12	0	0	71	0
1660294955.895		1957	1957	0	0	0	13	0	0	71	0
1660294955.975		1781	1781	0	0	0	11	0	0	71	0
1660294956.053		1885	1885	0	0	0	11	0	0	71	0
1660294956.133		2063	2063	0	0	0	23	0	0	71	0
1660294956.212		1925	1925	0	0	0	29	0	0	71	0
1660294956.290		2275	2275	0	0	0	24	0	0	71	0
1660294956.368		1528	1528	0	0	0	13	0	0	71	0
1660294956.446		2644	2644	0	0	0	23	0	0	71	0
1660294956.523		2043	2043	0	0	0	29	0	0	71	0
1660294956.601		2662	2662	0	0	0	26	0	0	71	0
1660294956.678		1867	1867	0	0	0	23	0	0	71	0
1660294956.756		2867	2867	0	0	0	25	0	0	71	0
1660294956.832		1854	1854	0	0	0	12	0	0	71	0
1660294956.909		1759	1759	0	0	0	11	0	0	71	0
1660294956.986		2582	2582	0	0	0	24	0	0	71	0
1660294957.063		2043	2043	0	0	0	28	0	0	71	0
1660294957.139		1217	1217	0	0	0	9	0	0	71	0
1660294957.214		1629	1629	0	0	0	32	0	0	71	0
1660294957.291		2107	2107	0	0	0	20	0	0	71	0
1660294957.366		2874	2874	0	0	0	26	0	0	71	0
1660294957.441		3071	3071	0	0	0	44	0	0	71	0
1660294957.516		2291	2291	0	0	0	28	0	0	71	0
1660294957.592		2299	2299	0	0	0	17	0	0	71	0
1660294957.667		1496	1496	0	0	0	17	0	0	71	0
1660294957.742		2801	2801	0	0	0	47	0	0	71	0
1660294957.816		2448	2448	0	0	0	24	0	0	71	0
1660294957.891		2180	2180	0	0	0	12	0	0	71	0
1660294957.965		1995	1995	0	0	0	42	0	0	71	0
1660294958.040		3054	3054	0	0	0	24	0	0	71	0
1660294958.114		2602	2602	0	0	0	18	0	0	71	0
1660294958.187		1258	1258	0	0	0	13	0	0	71	0
1660294958.260		1241	1241	0	0	0	8	0	0	71	0
1660294958.333		2955	2955	0	0	0	23	0	0	71	0
1660294958.408		2123	2123	0	0	0	15	0	0	71	0
1660294958.480		1751	1751	0	0	0	12	0	0	71	0
1660294958.554		2809	2809	0	0	0	45	0	0	71	0
1660294958.626		2290	2290	0	0	0	25	0	0	71	0
1660294958.699		1783	1783	0	0	0	11	0	0	71	0
1660294958.772		2945	2945	0	0	0	26	0	0	71	0
1660294958.844		1439	1439	0	0	0	10	0	0	71	0
1660294958.915		2816	2816	0	0	0	16	0	0	71	0
1660294958.988		1349	1349	0	0	0	13	0	0	71	0
1660294959.059		2202	2202	0	0	0	29	0	0	71	0
1660294959.132		1471	1471	0	0	0	12	0	0	71	0
1660294959.202		1356	1356	0	0	0	10	0	0	71	0
1660294959.275		1087	1087	0	0	0	13	0	0	71	0
1660294959.345		1206	1206	0	0	0	15	0	0	71	0
1660294959.416		1069	1069	0	0	0	14	0	0	71	0
1660294959.488		1174	1174	0	0	0	14	0	0	71	0
1660294959.558		1129	1129	0	0	0	15	0	0	71	0
1660294959.629		1048	1048	0	0	0	38	0	0	71	0
1660294959.699		1205	1205	0	0	0	10	0	0	71	0
1660294959.770		1228	1228	0	0	0	14	0	0	71	0
1660294959.839		1261	1261	0	0	0	11	0	0	71	0
1660294959.909		1826	1826	0	0	0	30	0	0	71	0
1660294959.980		2569	2569	0	0	0	38	0	0	71	0
1660294960.049		3092	3092	0	0	0	23	0	0	71	0
1660294960.120		3231	3231	0	0	0	54	0	0	71	0
1660294960.189		2419	2419	0	0	0	12	0	0	71	0
1660294960.259		1641	1641	0	0	0	12	0	0	71	0
1660294960.328		1806	1806	0	0	0	32	0	0	71	0
1660294960.396		2201	2201	0	0	0	25	0	0	71	0
1660294960.465		1455	1455	0	0	0	11	0	0	71	0
1660294960.534		1662	1662	0	0	0	13	0	0	71	0
1660294960.602		2601	2601	0	0	0	30	0	0	71	0
1660294960.672		2584	2584	0	0	0	54	0	0	71	0
1660294960.740		1828	1828	0	0	0	50	0	0	71	0
1660294960.807		1838	1838	0	0	0	20	0	0	71	0
1660294960.877		2425	2425	0	0	0	37	0	0	71	0
1660294960.945		2869	2869	0	0	0	26	0	0	71	0
1660294961.011		1950	1950	0	0	0	15	0	0	71	0
1660294961.079		2184	2184	0	0	0	37	0	0	71	0
1660294961.147		2090	2090	0	0	0	39	0	0	71	0
1660294961.215		1847	1847	0	0	0	31	0	0	71	0
1660294961.282		1777	1777	0	0	0	9	0	0	71	0
1660294961.349		2657	2657	0	0	0	19	0	0	71	0
1660294961.416		1785	1785	0	0	0	21	0	0	71	0
1660294961.484		2211	2211	0	0	0	39	0	0	71	0
1660294961.550		1719	1719	0	0	0	13	0	0	71	0
1660294961.617		2840	2840	0	0	0	253	0	0	71	0
1660294961.684		1406	1406	0	0	0	8	0	0	71	0
1660294961.750		1277	1277	0	0	0	11	0	0	71	0
1660294961.816		1572	1572	0	0	0	10	0	0	71	0
1660294961.883		1488	1488	0	0	0	17	0	0	71	0
1660294961.949		1516	1516	0	0	0	14	0	0	71	0
1660294962.014		1456	1456	0	0	0	16	0	0	71	0
1660294962.080		2141	2141	0	0	0	10	0	0	71	0
1660294962.147		2199	2199	0	0	0	29	0	0	71	0
1660294962.212		1222	1222	0	0	0	10	0	0	71	0
1660294962.277		1472	1472	0	0	0	17	0	0	71	0
1660294962.344		2692	2692	0	0	0	53	0	0	71	0
1660294962.408		2062	2062	0	0	0	14	0	0	71	0
1660294962.473		2098	2098	0	0	0	22	0	0	71	0
1660294962.539		2088	2088	0	0	0	44	0	0	71	0
1660294962.603		1708	1708	0	0	0	10	0	0	71	0
1660294962.668		1464	1464	0	0	0	11	0	0	71	0
1660294962.734		1411	1411	0	0	0	12	0	0	71	0
1660294962.797		2041	2041	0	0	0	14	0	0	71	0
1660294962.862		1742	1742	0	0	0	15	0	0	71	0
1660294962.927		1700	1700	0	0	0	14	0	0	71	0
1660294962.991		2151	2151	0	0	0	25	0	0	71	0
1660294963.055		2970	2970	0	0	0	22	0	0	71	0
1660294963.119		2287	2287	0	0	0	28	0	0	71	0
1660294963.183		1722	1722	0	0	0	13	0	0	71	0
1660294963.247		2358	2358	0	0	0	25	0	0	71	0
1660294963.310		2008	2008	0	0	0	23	0	0	71	0
1660294963.374		2480	2480	0	0	0	25	0	0	71	0
1660294963.437		1969	1969	0	0	0	17	0	0	71	0
1660294963.502		2471	2471	0	0	0	24	0	0	71	0
1660294963.565		2511	2511	0	0	0	14	0	0	71	0
1660294963.628		2292	2292	0	0	0	26	0	0	71	0
1660294963.691		2503	2503	0	0	0	19	0	0	71	0
1660294963.753		2119	2119	0	0	0	10	0	0	71	0
1660294963.817		1266	1266	0	0	0	9	0	0	71	0
1660294963.880		1741	1741	0	0	0	13	0	0	71	0
1660294963.941		2953	2953	0	0	0	19	0	0	71	0
1660294964.005		1817	1817	0	0	0	18	0	0	71	0
1660294964.067		1608	1608	0	0	0	16	0	0	71	0
1660294964.129		1532	1532	0	0	0	11	0	0	71	0
1660294964.191		2229	2229	0	0	0	21	0	0	71	0
1660294964.254		1841	1841	0	0	0	36	0	0	71	0
1660294964.316		2077	2077	0	0	0	25	0	0	71	0
1660294964.378		1300	1300	0	0	0	13	0	0	71	0
1660294964.440		2088	2088	0	0	0	20	0	0	71	0
1660294964.501		1143	1143	0	0	0	11	0	0	71	0
1660294964.564		1674	1674	0	0	0	11	0	0	71	0
1660294964.625		1463	1463	0	0	0	14	0	0	71	0
1660294964.687		1097	1097	0	0	0	9	0	0	71	0
1660294964.748		1434	1434	0	0	0	17	0	0	71	0
1660294964.808		1115	1115	0	0	0	20	0	0	71	0
1660294964.870		1291	1291	0	0	0	10	0	0	71	0
1660294964.932		2479	2479	0	0	0	14	0	0	71	0
1660294964.992		1331	1331	0	0	0	13	0	0	71	0
1660294965.054		1218	1218	0	0	0	13	0	0	71	0
1660294965.114		3170	3170	0	0	0	25	0	0	71	0
1660294965.174		1208	1208	0	0	0	12	0	0	71	0
1660294965.235		1302	1302	0	0	0	13	0	0	71	0
1660294965.296		1421	1421	0	0	0	13	0	0	71	0
1660294965.357		1610	1610	0	0	0	21	0	0	71	0
1660294965.417		2239	2239	0	0	0	22	0	0	71	0
1660294965.476		1369	1369	0	0	0	10	0	0	71	0
1660294965.536		2577	2577	0	0	0	13	0	0	71	0
1660294965.596		2166	2166	0	0	0	19	0	0	71	0
1660294965.657		1072	1072	0	0	0	10	0	0	71	0
1660294965.716		2005	2005	0	0	0	17	0	0	71	0
1660294965.776		2045	2045	0	0	0	24	0	0	71	0
1660294965.836		1963	1963	0	0	0	13	0	0	71	0
1660294965.897		2883	2883	0	0	0	51	0	0	71	0
1660294965.955		2012	2012	0	0	0	30	0	0	71	0
1660294966.016		2007	2007	0	0	0	14	0	0	71	0
1660294966.074		1924	1924	0	0	0	27	0	0	71	0
1660294966.134		1844	1844	0	0	0	26	0	0	71	0
1660294966.193		1421	1421	0	0	0	10	0	0	71	0
1660294966.251		1482	1482	0	0	0	14	0	0	71	0
1660294966.311		1191	1191	0	0	0	12	0	0	71	0
1660294966.370		1133	1133	0	0	0	10	0	0	71	0
1660294966.428		2109	2109	0	0	0	15	0	0	71	0
1660294966.487		2051	2051	0	0	0	21	0	0	71	0
1660294966.546		3943	3943	0	0	0	15	0	0	71	0
1660294966.604		1960	1960	0	0	0	45	0	0	71	0
1660294966.663		1131	1131	0	0	0	13	0	0	71	0
1660294966.722		1349	1349	0	0	0	13	0	0	71	0
1660294966.781		1414	1414	0	0	0	10	0	0	71	0
1660294966.839		1516	1516	0	0	0	14	0	0	71	0
1660294966.897		1585	1585	0	0	0	14	0	0	71	0
1660294966.955		1550	1550	0	0	0	12	0	0	71	0
1660294967.012		2745	2745	0	0	0	15	0	0	71	0
1660294967.070		2278	2278	0	0	0	14	0	0	71	0
1660294967.129		2179	2179	0	0	0	16	0	0	71	0
1660294967.186		2482	2482	0	0	0	18	0	0	71	0
1660294967.243		2640	2640	0	0	0	27	0	0	71	0
1660294967.302		1418	1418	0	0	0	15	0	0	71	0
1660294967.359		1380	1380	0	0	0	10	0	0	71	0
1660294967.417		1641	1641	0	0	0	14	0	0	71	0
1660294967.474		2473	2473	0	0	0	19	0	0	71	0
1660294967.531		1325	1325	0	0	0	10	0	0	71	0
1660294967.588		1358	1358	0	0	0	11	0	0	71	0
1660294967.645		1226	1226	0	0	0	12	0	0	71	0
1660294967.703		1246	1246	0	0	0	8	0	0	71	0
1660294967.760		2050	2050	0	0	0	16	0	0	71	0
1660294967.817		1127	1127	0	0	0	14	0	0	71	0
1660294967.874		1247	1247	0	0	0	8	0	0	71	0
1660294967.930		1335	1335	0	0	0	11	0	0	71	0
1660294967.986		1664	1664	0	0	0	48	0	0	71	0
1660294968.043		5253	5253	0	0	0	11	0	0	71	0
1660294968.100		1442	1442	0	0	0	18	0	0	71	0
1660294968.157		1254	1254	0	0	0	12	0	0	71	0
1660294968.213		1390	1390	0	0	0	15	0	0	71	0
1660294968.270		2653	2653	0	0	0	10	0	0	71	0
1660294968.326		1641	1641	0	0	0	14	0	0	71	0
1660294968.382		1388	1388	0	0	0	12	0	0	71	0
1660294968.437		1159	1159	0	0	0	8	0	0	71	0
1660294968.493		1590	1590	0	0	0	15	0	0	71	0
1660294968.550		1437	1437	0	0	0	25	0	0	71	0
1660294968.606		2335	2335	0	0	0	12	0	0	71	0
1660294968.662		2040	2040	0	0	0	19	0	0	71	0
1660294968.717		1246	1246	0	0	0	9	0	0	71	0
1660294968.772		1238	1238	0	0	0	8	0	0	71	0
1660294968.828		3944	3944	0	0	0	16	0	0	71	0
1660294968.883		1679	1679	0	0	0	10	0	0	71	0
1660294968.940		1109	1109	0	0	0	8	0	0	71	0
1660294968.994		1444	1444	0	0	0	12	0	0	71	0
1660294969.050		1486	1486	0	0	0	8	0	0	71	0
1660294969.105		2024	2024	0	0	0	23	0	0	71	0
1660294969.160		5496	5496	0	0	0	14	0	0	71	0
1660294969.215		1246	1246	0	0	0	9	0	0	71	0
1660294969.271		1487	1487	0	0	0	21	0	0	71	0
1660294969.326		1091	1091	0	0	0	12	0	0	71	0
1660294969.380		1513	1513	0	0	0	10	0	0	71	0
1660294969.434		1482	1482	0	0	0	10	0	0	71	0
1660294969.490		2019	2019	0	0	0	26	0	0	71	0
1660294969.545		2410	2410	0	0	0	24	0	0	71	0
1660294969.599		1825	1825	0	0	0	20	0	0	71	0
1660294969.654		1749	1749	0	0	0	14	0	0	71	0
1660294969.708		1502	1502	0	0	0	16	0	0	71	0
1660294969.763		2064	2064	0	0	0	21	0	0	71	0
1660294969.817		1252	1252	0	0	0	17	0	0	71	0
1660294969.870		1272	1272	0	0	0	11	0	0	71	0
1660294969.926		1173	1173	0	0	0	10	0	0	71	0
1660294969.979		1457	1457	0	0	0	14	0	0	71	0
1660294970.034		1502	1502	0	0	0	12	0	0	71	0
1660294970.087		1141	1141	0	0	0	13	0	0	71	0
1660294970.141		1182	1182	0	0	0	14	0	0	71	0
1660294970.196		1302	1302	0	0	0	13	0	0	71	0
1660294970.248		2775	2775	0	0	0	14	0	0	71	0
1660294970.302		1201	1201	0	0	0	10	0	0	71	0
1660294970.356		1222	1222	0	0	0	8	0	0	71	0
1660294970.410		1336	1336	0	0	0	14	0	0	71	0
1660294970.463		1161	1161	0	0	0	14	0	0	71	0
1660294970.516		1418	1418	0	0	0	18	0	0	71	0
1660294970.570		2010	2010	0	0	0	17	0	0	71	0
1660294970.624		2675	2675	0	0	0	33	0	0	71	0
1660294970.676		1786	1786	0	0	0	13	0	0	71	0
1660294970.730		1627	1627	0	0	0	15	0	0	71	0
1660294970.784		1617	1617	0	0	0	17	0	0	71	0
1660294970.836		2714	2714	0	0	0	13	0	0	71	0
1660294970.889		1462	1462	0	0	0	12	0	0	71	0
1660294970.942		1282	1282	0	0	0	13	0	0	71	0
1660294970.996		1338	1338	0	0	0	17	0	0	71	0
1660294971.048		2298	2298	0	0	0	18	0	0	71	0
1660294971.101		1676	1676	0	0	0	15	0	0	71	0
1660294971.153		1489	1489	0	0	0	14	0	0	71	0
1660294971.206		1797	1797	0	0	0	11	0	0	71	0
1660294971.259		1584	1584	0	0	0	16	0	0	71	0
1660294971.312		2686	2686	0	0	0	44	0	0	71	0
1660294971.364		2237	2237	0	0	0	31	0	0	71	0
1660294971.417		3213	3213	0	0	0	33	0	0	71	0
1660294971.469		1357	1357	0	0	0	17	0	0	71	0
1660294971.521		1738	1738	0	0	0	12	0	0	71	0
1660294971.573		2005	2005	0	0	0	12	0	0	71	0
1660294971.625		1874	1874	0	0	0	13	0	0	71	0
1660294971.677		1388	1388	0	0	0	10	0	0	71	0
1660294971.729		1752	1752	0	0	0	13	0	0	71	0
1660294971.782		1362	1362	0	0	0	10	0	0	71	0
1660294971.834		1616	1616	0	0	0	11	0	0	71	0
1660294971.886		1553	1553	0	0	0	16	0	0	71	0
1660294971.937		1828	1828	0	0	0	14	0	0	71	0
1660294971.989		13224	13224	0	0	0	11	0	0	71	0
1660294972.042		1353	1353	0	0	0	20	0	0	71	0
1660294972.093		1293	1293	0	0	0	12	0	0	71	0
1660294972.144		1477	1477	0	0	0	9	0	0	71	0
1660294972.195		1488	1488	0	0	0	40	0	0	71	0
1660294972.248		1313	1313	0	0	0	8	0	0	71	0
1660294972.298		2468	2468	0	0	0	10	0	0	71	0
1660294972.351		1997	1997	0	0	0	22	0	0	71	0
1660294972.401		1829	1829	0	0	0	16	0	0	71	0
1660294972.453		1165	1165	0	0	0	9	0	0	71	0
1660294972.505		1287	1287	0	0	0	15	0	0	71	0
1660294972.556		1999	1999	0	0	0	24	0	0	71	0
1660294972.607		2181	2181	0	0	0	9	0	0	71	0
1660294972.658		1884	1884	0	0	0	27	0	0	71	0
1660294972.709		1462	1462	0	0	0	14	0	0	71	0
1660294972.759		1667	1667	0	0	0	11	0	0	71	0
1660294972.810		1836	1836	0	0	0	20	0	0	71	0
1660294972.862		1804	1804	0	0	0	9	0	0	71	0
1660294972.911		1417	1417	0	0	0	14	0	0	71	0
1660294972.962		1559	1559	0	0	0	14	0	0	71	0
1660294973.014		1168	1168	0	0	0	13	0	0	71	0
1660294973.064		1559	1559	0	0	0	10	0	0	71	0
1660294973.115		1554	1554	0	0	0	10	0	0	71	0
1660294973.165		1083	1083	0	0	0	11	0	0	71	0
1660294973.216		3018	3018	0	0	0	23	0	0	71	0
1660294973.265		2702	2702	0	0	0	26	0	0	71	0
1660294973.317		1622	1622	0	0	0	20	0	0	71	0
1660294973.367		1710	1710	0	0	0	10	0	0	71	0
1660294973.417		2196	2196	0	0	0	13	0	0	71	0
1660294973.467		1554	1554	0	0	0	9	0	0	71	0
1660294973.516		2705	2705	0	0	0	22	0	0	71	0
1660294973.566		1503	1503	0	0	0	13	0	0	71	0
1660294973.618		2190	2190	0	0	0	295	0	0	71	0
1660294973.666		1939	1939	0	0	0	18	0	0	71	0
1660294973.717		1648	1648	0	0	0	13	0	0	71	0
1660294973.767		2501	2501	0	0	0	30	0	0	71	0
1660294973.816		1381	1381	0	0	0	16	0	0	71	0
1660294973.867		2373	2373	0	0	0	27	0	0	71	0
1660294973.916		1616	1616	0	0	0	12	0	0	71	0
1660294973.965		1407	1407	0	0	0	12	0	0	71	0
1660294974.015		1743	1743	0	0	0	17	0	0	71	0
1660294974.065		1129	1129	0	0	0	18	0	0	71	0
1660294974.115		1195	1195	0	0	0	11	0	0	71	0
1660294974.163		1344	1344	0	0	0	13	0	0	71	0
1660294974.214		2813	2813	0	0	0	23	0	0	71	0
1660294974.263		2522	2522	0	0	0	22	0	0	71	0
1660294974.312		3237	3237	0	0	0	33	0	0	71	0
1660294974.362		2302	2302	0	0	0	24	0	0	71	0
1660294974.410		2795	2795	0	0	0	31	0	0	71	0
1660294974.460		1403	1403	0	0	0	15	0	0	71	0
1660294974.508		2532	2532	0	0	0	23	0	0	71	0
1660294974.558		2847	2847	0	0	0	26	0	0	71	0
1660294974.607		2075	2075	0	0	0	31	0	0	71	0
1660294974.656		2758	2758	0	0	0	44	0	0	71	0
1660294974.705		3234	3234	0	0	0	37	0	0	71	0
1660294974.753		2706	2706	0	0	0	20	0	0	71	0
1660294974.802		2685	2685	0	0	0	23	0	0	71	0
1660294974.852		1573	1573	0	0	0	9	0	0	71	0
1660294974.900		1814	1814	0	0	0	36	0	0	71	0
1660294974.949		1341	1341	0	0	0	16	0	0	71	0
1660294974.997		1331	1331	0	0	0	13	0	0	71	0
1660294975.046		1906	1906	0	0	0	12	0	0	71	0
1660294975.094		2676	2676	0	0	0	17	0	0	71	0
1660294975.142		1602	1602	0	0	0	9	0	0	71	0
1660294975.192		2492	2492	0	0	0	24	0	0	71	0
1660294975.240		1808	1808	0	0	0	17	0	0	71	0
1660294975.288		2020	2020	0	0	0	24	0	0	71	0
1660294975.337		2032	2032	0	0	0	14	0	0	71	0
1660294975.385		2716	2716	0	0	0	23	0	0	71	0
1660294975.432		2297	2297	0	0	0	23	0	0	71	0
1660294975.480		1555	1555	0	0	0	11	0	0	71	0
1660294975.529		1932	1932	0	0	0	11	0	0	71	0
1660294975.576		1633	1633	0	0	0	17	0	0	71	0
1660294975.625		2361	2361	0	0	0	24	0	0	71	0
1660294975.673		2548	2548	0	0	0	23	0	0	71	0
1660294975.721		1561	1561	0	0	0	9	0	0	71	0
1660294975.768		2225	2225	0	0	0	48	0	0	71	0
1660294975.817		1455	1455	0	0	0	14	0	0	71	0
1660294975.864		2555	2555	0	0	0	23	0	0	71	0
1660294975.913		1692	1692	0	0	0	13	0	0	71	0
1660294975.960		1307	1307	0	0	0	10	0	0	71	0
1660294976.008		1510	1510	0	0	0	11	0	0	71	0
1660294976.055		1614	1614	0	0	0	9	0	0	71	0
1660294976.102		1567	1567	0	0	0	13	0	0	71	0
1660294976.151		1405	1405	0	0	0	10	0	0	71	0
1660294976.198		2840	2840	0	0	0	23	0	0	71	0
1660294976.246		1443	1443	0	0	0	19	0	0	71	0
1660294976.292		1742	1742	0	0	0	9	0	0	71	0
1660294976.339		1458	1458	0	0	0	10	0	0	71	0
1660294976.388		1549	1549	0	0	0	13	0	0	71	0
1660294976.434		2506	2506	0	0	0	21	0	0	71	0
1660294976.481		1552	1552	0	0	0	18	0	0	71	0
1660294976.528		2193	2193	0	0	0	22	0	0	71	0
1660294976.576		2137	2137	0	0	0	35	0	0	71	0
1660294976.623		2065	2065	0	0	0	32	0	0	71	0
1660294976.670		2408	2408	0	0	0	24	0	0	71	0
1660294976.717		1758	1758	0	0	0	10	0	0	71	0
1660294976.763		3938	3938	0	0	0	38	0	0	71	0
1660294976.811		2253	2253	0	0	0	24	0	0	71	0
1660294976.857		2453	2453	0	0	0	23	0	0	71	0
1660294976.905		1661	1661	0	0	0	17	0	0	71	0
1660294976.951		1372	1372	0	0	0	13	0	0	71	0
1660294976.997		1881	1881	0	0	0	15	0	0	71	0
1660294977.045		1347	1347	0	0	0	11	0	0	71	0
1660294977.092		1209	1209	0	0	0	9	0	0	71	0
1660294977.137		1507	1507	0	0	0	12	0	0	71	0
1660294977.184		1258	1258	0	0	0	14	0	0	71	0
1660294977.230		1681	1681	0	0	0	10	0	0	71	0
1660294977.277		2383	2383	0	0	0	15	0	0	71	0
1660294977.323		1750	1750	0	0	0	11	0	0	71	0
1660294977.370		1728	1728	0	0	0	10	0	0	71	0
1660294977.416		3345	3345	0	0	0	37	0	0	71	0
1660294977.462		1509	1509	0	0	0	13	0	0	71	0
1660294977.509		1351	1351	0	0	0	9	0	0	71	0
1660294977.556		2053	2053	0	0	0	12	0	0	71	0
1660294977.602		1703	1703	0	0	0	12	0	0	71	0
1660294977.647		1443	1443	0	0	0	10	0	0	71	0
1660294977.694		1580	1580	0	0	0	12	0	0	71	0
1660294977.740		1662	1662	0	0	0	16	0	0	71	0
1660294977.786		2290	2290	0	0	0	12	0	0	71	0
1660294977.832		2089	2089	0	0	0	11	0	0	71	0
1660294977.877		1832	1832	0	0	0	11	0	0	71	0
1660294977.924		1609	1609	0	0	0	10	0	0	71	0
1660294977.969		1366	1366	0	0	0	12	0	0	71	0
1660294978.015		1343	1343	0	0	0	16	0	0	71	0
1660294978.061		1495	1495	0	0	0	12	0	0	71	0
1660294978.106		1155	1155	0	0	0	13	0	0	71	0
1660294978.153		1553	1553	0	0	0	8	0	0	71	0
1660294978.199		1665	1665	0	0	0	27	0	0	71	0
1660294978.244		2270	2270	0	0	0	24	0	0	71	0
1660294978.289		3143	3143	0	0	0	38	0	0	71	0
1660294978.336		2026	2026	0	0	0	22	0	0	71	0
1660294978.381		3233	3233	0	0	0	23	0	0	71	0
1660294978.427		2590	2590	0	0	0	23	0	0	71	0
1660294978.472		1425	1425	0	0	0	16	0	0	71	0
1660294978.517		1227	1227	0	0	0	13	0	0	71	0
1660294978.563		1323	1323	0	0	0	16	0	0	71	0
1660294978.607		1605	1605	0	0	0	14	0	0	71	0
1660294978.653		2177	2177	0	0	0	30	0	0	71	0
1660294978.698		2620	2620	0	0	0	32	0	0	71	0
1660294978.744		1987	1987	0	0	0	15	0	0	71	0
1660294978.789		3173	3173	0	0	0	32	0	0	71	0
1660294978.834		2457	2457	0	0	0	24	0	0	71	0
1660294978.879		1988	1988	0	0	0	24	0	0	71	0
1660294978.924		2820	2820	0	0	0	39	0	0	71	0
1660294978.968		1572	1572	0	0	0	10	0	0	71	0
1660294979.013		1413	1413	0	0	0	15	0	0	71	0
1660294979.059		1353	1353	0	0	0	21	0	0	71	0
1660294979.103		2936	2936	0	0	0	43	0	0	71	0
1660294979.149		2488	2488	0	0	0	15	0	0	71	0
1660294979.193		1416	1416	0	0	0	9	0	0	71	0
1660294979.237		1395	1395	0	0	0	14	0	0	71	0
1660294979.282		2075	2075	0	0	0	26	0	0	71	0
1660294979.327		1867	1867	0	0	0	11	0	0	71	0
1660294979.372		2605	2605	0	0	0	39	0	0	71	0
1660294979.417		1649	1649	0	0	0	13	0	0	71	0
1660294979.461		1559	1559	0	0	0	11	0	0	71	0
1660294979.506		6641	6641	0	0	0	13	0	0	71	0
1660294979.551		1537	1537	0	0	0	19	0	0	71	0
1660294979.594		2120	2120	0	0	0	9	0	0	71	0
1660294979.640		1410	1410	0	0	0	9	0	0	71	0
1660294979.684		1564	1564	0	0	0	13	0	0	71	0
1660294979.727		1841	1841	0	0	0	11	0	0	71	0
1660294979.773		2143	2143	0	0	0	24	0	0	71	0
1660294979.816		2905	2905	0	0	0	23	0	0	71	0
1660294979.861		1848	1848	0	0	0	11	0	0	71	0
1660294979.906		3019	3019	0	0	0	30	0	0	71	0
1660294979.950		2197	2197	0	0	0	30	0	0	71	0
1660294979.994		1155	1155	0	0	0	14	0	0	71	0
1660294980.037		1827	1827	0	0	0	26	0	0	71	0
1660294980.082		1205	1205	0	0	0	11	0	0	71	0
1660294980.126		2637	2637	0	0	0	29	0	0	71	0
1660294980.170		1440	1440	0	0	0	14	0	0	71	0
1660294980.214		1869	1869	0	0	0	12	0	0	71	0
1660294980.257		2621	2621	0	0	0	24	0	0	71	0
1660294980.302		2938	2938	0	0	0	23	0	0	71	0
1660294980.346		2739	2739	0	0	0	25	0	0	71	0
1660294980.389		3257	3257	0	0	0	24	0	0	71	0
1660294980.434		2439	2439	0	0	0	24	0	0	71	0
1660294980.476		1264	1264	0	0	0	9	0	0	71	0
1660294980.520		1294	1294	0	0	0	15	0	0	71	0
1660294980.565		1482	1482	0	0	0	13	0	0	71	0
1660294980.608		1130	1130	0	0	0	10	0	0	71	0
1660294980.652		1860	1860	0	0	0	11	0	0	71	0
1660294980.696		1085	1085	0	0	0	12	0	0	71	0
1660294980.738		1072	1072	0	0	0	13	0	0	71	0
1660294980.782		1066	1066	0	0	0	12	0	0	71	0
1660294980.826		1037	1037	0	0	0	13	0	0	71	0
1660294980.869		1132	1132	0	0	0	11	0	0	71	0
1660294980.913		1168	1168	0	0	0	10	0	0	71	0
1660294980.955		1094	1094	0	0	0	11	0	0	71	0
1660294980.999		1117	1117	0	0	0	10	0	0	71	0
1660294981.043		1064	1064	0	0	0	11	0	0	71	0
1660294981.085		1406	1406	0	0	0	11	0	0	71	0
1660294981.130		2364	2364	0	0	0	16	0	0	71	0
1660294981.173		1124	1124	0	0	0	12	0	0	71	0
1660294981.216		1322	1322	0	0	0	13	0	0	71	0
1660294981.258		1507	1507	0	0	0	11	0	0	71	0
1660294981.301		2184	2184	0	0	0	20	0	0	71	0
1660294981.344		1707	1707	0	0	0	11	0	0	71	0
1660294981.388		2757	2757	0	0	0	19	0	0	71	0
1660294981.431		2332	2332	0	0	0	14	0	0	71	0
1660294981.473		2044	2044	0	0	0	37	0	0	71	0
1660294981.517		1832	1832	0	0	0	9	0	0	71	0
1660294981.560		1635	1635	0	0	0	13	0	0	71	0
1660294981.603		1716	1716	0	0	0	35	0	0	71	0
1660294981.646		1852	1852	0	0	0	9	0	0	71	0
1660294981.689		1907	1907	0	0	0	15	0	0	71	0
1660294981.731		1712	1712	0	0	0	12	0	0	71	0
1660294981.773		1457	1457	0	0	0	10	0	0	71	0
1660294981.816		1325	1325	0	0	0	11	0	0	71	0
1660294981.859		4018	4018	0	0	0	15	0	0	71	0
1660294981.902		1752	1752	0	0	0	12	0	0	71	0
1660294981.945		1336	1336	0	0	0	10	0	0	71	0
1660294981.987		1893	1893	0	0	0	40	0	0	71	0
1660294982.030		1958	1958	0	0	0	18	0	0	71	0
1660294982.072		3000	3000	0	0	0	29	0	0	71	0
1660294982.114		2577	2577	0	0	0	23	0	0	71	0
1660294982.157		1237	1237	0	0	0	8	0	0	71	0
1660294982.199		1720	1720	0	0	0	10	0	0	71	0
1660294982.242		1638	1638	0	0	0	11	0	0	71	0
1660294982.284		1308	1308	0	0	0	20	0	0	71	0
1660294982.327		1543	1543	0	0	0	23	0	0	71	0
1660294982.370		2412	2412	0	0	0	11	0	0	71	0
1660294982.412		1577	1577	0	0	0	15	0	0	71	0
1660294982.453		1577	1577	0	0	0	12	0	0	71	0
1660294982.496		2414	2414	0	0	0	25	0	0	71	0
1660294982.537		2002	2002	0	0	0	29	0	0	71	0
1660294982.580		1895	1895	0	0	0	12	0	0	71	0
1660294982.623		2178	2178	0	0	0	18	0	0	71	0
1660294982.664		1265	1265	0	0	0	9	0	0	71	0
1660294982.706		1291	1291	0	0	0	9	0	0	71	0
1660294982.749		1534	1534	0	0	0	16	0	0	71	0
1660294982.790		1419	1419	0	0	0	9	0	0	71	0
1660294982.832		1919	1919	0	0	0	21	0	0	71	0
1660294982.874		2691	2691	0	0	0	20	0	0	71	0
1660294982.917		1637	1637	0	0	0	12	0	0	71	0
1660294982.958		1288	1288	0	0	0	14	0	0	71	0
1660294982.999		2391	2391	0	0	0	25	0	0	71	0
1660294983.041		1665	1665	0	0	0	10	0	0	71	0
1660294983.084		2759	2759	0	0	0	34	0	0	71	0
1660294983.126		2846	2846	0	0	0	22	0	0	71	0
1660294983.166		1184	1184	0	0	0	13	0	0	71	0
1660294983.209		1451	1451	0	0	0	9	0	0	71	0
1660294983.250		1561	1561	0	0	0	11	0	0	71	0
1660294983.292		1480	1480	0	0	0	9	0	0	71	0
1660294983.333		2870	2870	0	0	0	36	0	0	71	0
1660294983.376		2624	2624	0	0	0	18	0	0	71	0
1660294983.416		1969	1969	0	0	0	36	0	0	71	0
1660294983.459		1846	1846	0	0	0	11	0	0	71	0
1660294983.499		1822	1822	0	0	0	12	0	0	71	0
1660294983.541		2819	2819	0	0	0	33	0	0	71	0
1660294983.583		2067	2067	0	0	0	13	0	0	71	0
1660294983.623		2590	2590	0	0	0	11	0	0	71	0
1660294983.666		1482	1482	0	0	0	11	0	0	71	0
1660294983.706		1696	1696	0	0	0	11	0	0	71	0
1660294983.748		1602	1602	0	0	0	34	0	0	71	0
1660294983.790		1832	1832	0	0	0	10	0	0	71	0
1660294983.830		1440	1440	0	0	0	10	0	0	71	0
1660294983.872		2454	2454	0	0	0	22	0	0	71	0
1660294983.913		2750	2750	0	0	0	23	0	0	71	0
1660294983.953		2257	2257	0	0	0	9	0	0	71	0
1660294983.995		1550	1550	0	0	0	15	0	0	71	0
1660294984.036		1756	1756	0	0	0	27	0	0	71	0
1660294984.078		2670	2670	0	0	0	27	0	0	71	0
1660294984.118		2223	2223	0	0	0	28	0	0	71	0
1660294984.160		1231	1231	0	0	0	8	0	0	71	0
1660294984.201		1223	1223	0	0	0	11	0	0	71	0
1660294984.241		1667	1667	0	0	0	10	0	0	71	0
1660294984.283		2274	2274	0	0	0	24	0	0	71	0
1660294984.323		1414	1414	0	0	0	10	0	0	71	0
1660294984.364		1418	1418	0	0	0	16	0	0	71	0
1660294984.404		2223	2223	0	0	0	22	0	0	71	0
1660294984.445		2836	2836	0	0	0	9	0	0	71	0
1660294984.487		1639	1639	0	0	0	13	0	0	71	0
1660294984.527		1602	1602	0	0	0	13	0	0	71	0
1660294984.568		1608	1608	0	0	0	35	0	0	71	0
1660294984.608		1577	1577	0	0	0	28	0	0	71	0
1660294984.649		1191	1191	0	0	0	11	0	0	71	0
1660294984.690		1288	1288	0	0	0	15	0	0	71	0
1660294984.731		1326	1326	0	0	0	12	0	0	71	0
1660294984.772		1491	1491	0	0	0	41	0	0	71	0
1660294984.812		1827	1827	0	0	0	18	0	0	71	0
1660294984.853		2895	2895	0	0	0	24	0	0	71	0
1660294984.892		2968	2968	0	0	0	23	0	0	71	0
1660294984.934		2816	2816	0	0	0	24	0	0	71	0
1660294984.973		1861	1861	0	0	0	32	0	0	71	0
1660294985.014		2590	2590	0	0	0	35	0	0	71	0
1660294985.054		2606	2606	0	0	0	21	0	0	71	0
1660294985.095		2101	2101	0	0	0	21	0	0	71	0
1660294985.135		2308	2308	0	0	0	23	0	0	71	0
1660294985.176		1278	1278	0	0	0	9	0	0	71	0
1660294985.215		1362	1362	0	0	0	11	0	0	71	0
1660294985.255		1519	1519	0	0	0	10	0	0	71	0
1660294985.297		1644	1644	0	0	0	25	0	0	71	0
1660294985.336		1431	1431	0	0	0	13	0	0	71	0
1660294985.376		2309	2309	0	0	0	38	0	0	71	0
1660294985.417		2763	2763	0	0	0	22	0	0	71	0
1660294985.456		2210	2210	0	0	0	31	0	0	71	0
1660294985.497		2237	2237	0	0	0	45	0	0	71	0
1660294985.537		2783	2783	0	0	0	46	0	0	71	0
1660294985.577		2687	2687	0	0	0	15	0	0	71	0
1660294985.618		1757	1757	0	0	0	264	0	0	71	0
1660294985.657		1541	1541	0	0	0	12	0	0	71	0
1660294985.696		1298	1298	0	0	0	9	0	0	71	0
1660294985.736		1151	1151	0	0	0	7	0	0	71	0
1660294985.777		1152	1152	0	0	0	13	0	0	71	0
1660294985.817		1181	1181	0	0	0	8	0	0	71	0
1660294985.857		1589	1589	0	0	0	19	0	0	71	0
1660294985.897		1671	1671	0	0	0	17	0	0	71	0
1660294985.936		2019	2019	0	0	0	8	0	0	71	0
1660294985.976		1903	1903	0	0	0	10	0	0	71	0
1660294986.015		1857	1857	0	0	0	19	0	0	71	0
1660294986.055		1547	1547	0	0	0	22	0	0	71	0
1660294986.096		2008	2008	0	0	0	27	0	0	71	0
1660294986.134		2084	2084	0	0	0	21	0	0	71	0
1660294986.175		1636	1636	0	0	0	10	0	0	71	0
1660294986.214		1479	1479	0	0	0	12	0	0	71	0
1660294986.253		2270	2270	0	0	0	23	0	0	71	0
1660294986.294		1581	1581	0	0	0	10	0	0	71	0
1660294986.333		1718	1718	0	0	0	9	0	0	71	0
1660294986.372		2446	2446	0	0	0	30	0	0	71	0
1660294986.411		1688	1688	0	0	0	15	0	0	71	0
1660294986.451		1801	1801	0	0	0	27	0	0	71	0
1660294986.491		2099	2099	0	0	0	23	0	0	71	0
1660294986.531		1815	1815	0	0	0	12	0	0	71	0
1660294986.570		1591	1591	0	0	0	16	0	0	71	0
1660294986.609		1647	1647	0	0	0	13	0	0	71	0
1660294986.649		1291	1291	0	0	0	12	0	0	71	0
1660294986.687		2536	2536	0	0	0	15	0	0	71	0
1660294986.727		1215	1215	0	0	0	12	0	0	71	0
1660294986.765		1261	1261	0	0	0	9	0	0	71	0
1660294986.806		1291	1291	0	0	0	13	0	0	71	0
1660294986.844		1825	1825	0	0	0	9	0	0	71	0
1660294986.883		1368	1368	0	0	0	16	0	0	71	0
1660294986.923		1948	1948	0	0	0	13	0	0	71	0
1660294986.961		1829	1829	0	0	0	10	0	0	71	0
1660294987.002		2037	2037	0	0	0	12	0	0	71	0
1660294987.041		2697	2697	0	0	0	22	0	0	71	0
1660294987.079		2152	2152	0	0	0	22	0	0	71	0
1660294987.118		2529	2529	0	0	0	21	0	0	71	0
1660294987.158		1181	1181	0	0	0	7	0	0	71	0
1660294987.196		1171	1171	0	0	0	8	0	0	71	0
1660294987.235		1747	1747	0	0	0	11	0	0	71	0
1660294987.275		1397	1397	0	0	0	10	0	0	71	0
1660294987.313		1933	1933	0	0	0	15	0	0	71	0
1660294987.351		2570	2570	0	0	0	21	0	0	71	0
1660294987.391		2066	2066	0	0	0	20	0	0	71	0
1660294987.430		2653	2653	0	0	0	22	0	0	71	0
1660294987.469		1288	1288	0	0	0	15	0	0	71	0
1660294987.507		1843	1843	0	0	0	10	0	0	71	0
1660294987.546		2893	2893	0	0	0	34	0	0	71	0
1660294987.585		2733	2733	0	0	0	24	0	0	71	0
1660294987.624		3511	3511	0	0	0	29	0	0	71	0
1660294987.663		1141	1141	0	0	0	12	0	0	71	0
1660294987.700		1188	1188	0	0	0	9	0	0	71	0
1660294987.739		2159	2159	0	0	0	37	0	0	71	0
1660294987.778		1938	1938	0	0	0	14	0	0	71	0
1660294987.816		2293	2293	0	0	0	28	0	0	71	0
1660294987.855		1799	1799	0	0	0	22	0	0	71	0
1660294987.893		2379	2379	0	0	0	21	0	0	71	0
1660294987.933		1849	1849	0	0	0	16	0	0	71	0
1660294987.970		1918	1918	0	0	0	12	0	0	71	0
1660294988.009		2192	2192	0	0	0	14	0	0	71	0
1660294988.048		1527	1527	0	0	0	16	0	0	71	0
1660294988.087		1439	1439	0	0	0	10	0	0	71	0
1660294988.125		2434	2434	0	0	0	22	0	0	71	0
1660294988.162		1631	1631	0	0	0	11	0	0	71	0
1660294988.201		1291	1291	0	0	0	12	0	0	71	0
1660294988.239		1826	1826	0	0	0	27	0	0	71	0
1660294988.277		2612	2612	0	0	0	21	0	0	71	0
1660294988.317		2356	2356	0	0	0	24	0	0	71	0
1660294988.354		2691	2691	0	0	0	23	0	0	71	0
1660294988.392		2923	2923	0	0	0	36	0	0	71	0
1660294988.431		2465	2465	0	0	0	21	0	0	71	0
1660294988.469		1820	1820	0	0	0	12	0	0	71	0
1660294988.508		1517	1517	0	0	0	15	0	0	71	0
1660294988.546		2502	2502	0	0	0	34	0	0	71	0
1660294988.583		2008	2008	0	0	0	27	0	0	71	0
1660294988.622		1822	1822	0	0	0	17	0	0	71	0
1660294988.660		1664	1664	0	0	0	11	0	0	71	0
1660294988.697		1790	1790	0	0	0	11	0	0	71	0
1660294988.735		1283	1283	0	0	0	14	0	0	71	0
1660294988.774		1565	1565	0	0	0	8	0	0	71	0
1660294988.811		1456	1456	0	0	0	15	0	0	71	0
1660294988.849		1745	1745	0	0	0	9	0	0	71	0
1660294988.888		2148	2148	0	0	0	21	0	0	71	0
1660294988.925		1735	1735	0	0	0	8	0	0	71	0
1660294988.964		1604	1604	0	0	0	10	0	0	71	0
1660294989.001		3104	3104	0	0	0	42	0	0	71	0
1660294989.040		2995	2995	0	0	0	26	0	0	71	0
1660294989.078		2367	2367	0	0	0	23	0	0	71	0
1660294989.115		1964	1964	0	0	0	24	0	0	71	0
1660294989.153		1117	1117	0	0	0	13	0	0	71	0
1660294989.191		1287	1287	0	0	0	14	0	0	71	0
1660294989.228		2064	2064	0	0	0	9	0	0	71	0
1660294989.266		1426	1426	0	0	0	12	0	0	71	0
1660294989.303		1568	1568	0	0	0	14	0	0	71	0
1660294989.342		2100	2100	0	0	0	28	0	0	71	0
1660294989.379		1821	1821	0	0	0	32	0	0	71	0
1660294989.417		2163	2163	0	0	0	23	0	0	71	0
1660294989.455		2057	2057	0	0	0	109	0	0	71	0
1660294989.491		1922	1922	0	0	0	22	0	0	71	0
1660294989.529		1559	1559	0	0	0	15	0	0	71	0
1660294989.567		2130	2130	0	0	0	15	0	0	71	0
1660294989.604		1878	1878	0	0	0	13	0	0	71	0
1660294989.642		2212	2212	0	0	0	10	0	0	71	0
1660294989.679		1263	1263	0	0	0	8	0	0	71	0
1660294989.716		1183	1183	0	0	0	11	0	0	71	0
1660294989.754		1653	1653	0	0	0	12	0	0	71	0
1660294989.791		1662	1662	0	0	0	12	0	0	71	0
1660294989.829		3164	3164	0	0	0	24	0	0	71	0
1660294989.867		1946	1946	0	0	0	13	0	0	71	0
1660294989.903		1427	1427	0	0	0	15	0	0	71	0
1660294989.942		2295	2295	0	0	0	18	0	0	71	0
1660294989.978		2351	2351	0	0	0	25	0	0	71	0
1660294990.015		2057	2057	0	0	0	22	0	0	71	0
1660294990.054		2475	2475	0	0	0	23	0	0	71	0
1660294990.091		2116	2116	0	0	0	26	0	0	71	0
1660294990.127		1695	1695	0	0	0	11	0	0	71	0
1660294990.165		1167	1167	0	0	0	11	0	0	71	0
1660294990.201		1163	1163	0	0	0	11	0	0	71	0
1660294990.239		1329	1329	0	0	0	13	0	0	71	0
1660294990.276		2531	2531	0	0	0	24	0	0	71	0
1660294990.314		2293	2293	0	0	0	21	0	0	71	0
1660294990.350		2486	2486	0	0	0	22	0	0	71	0
1660294990.388		1445	1445	0	0	0	18	0	0	71	0
1660294990.424		2050	2050	0	0	0	12	0	0	71	0
1660294990.462		2749	2749	0	0	0	24	0	0	71	0
1660294990.498		2611	2611	0	0	0	25	0	0	71	0
1660294990.536		2456	2456	0	0	0	23	0	0	71	0
1660294990.573		1339	1339	0	0	0	17	0	0	71	0
1660294990.609		8837	8837	0	0	0	14	0	0	71	0
1660294990.647		1360	1360	0	0	0	9	0	0	71	0
1660294990.683		1166	1166	0	0	0	10	0	0	71	0
1660294990.719		1182	1182	0	0	0	10	0	0	71	0
1660294990.757		2183	2183	0	0	0	22	0	0	71	0
1660294990.793		1406	1406	0	0	0	9	0	0	71	0
1660294990.830		1945	1945	0	0	0	16	0	0	71	0
1660294990.867		1683	1683	0	0	0	11	0	0	71	0
1660294990.905		1977	1977	0	0	0	37	0	0	71	0
1660294990.941		2579	2579	0	0	0	39	0	0	71	0
1660294990.978		1989	1989	0	0	0	16	0	0	71	0
1660294991.015		2413	2413	0	0	0	23	0	0	71	0
1660294991.051		1749	1749	0	0	0	12	0	0	71	0
1660294991.088		3471	3471	0	0	0	12	0	0	71	0
1660294991.125		1755	1755	0	0	0	21	0	0	71	0
1660294991.160		1241	1241	0	0	0	13	0	0	71	0
1660294991.198		1560	1560	0	0	0	12	0	0	71	0
1660294991.235		4577	4577	0	0	0	12	0	0	71	0
1660294991.271		1136	1136	0	0	0	11	0	0	71	0
1660294991.307		1110	1110	0	0	0	12	0	0	71	0
1660294991.344		1267	1267	0	0	0	12	0	0	71	0
1660294991.380		1155	1155	0	0	0	13	0	0	71	0
1660294991.417		1299	1299	0	0	0	8	0	0	71	0
1660294991.454		1264	1264	0	0	0	8	0	0	71	0
1660294991.490		1224	1224	0	0	0	12	0	0	71	0
1660294991.526		1203	1203	0	0	0	10	0	0	71	0
1660294991.563		1191	1191	0	0	0	11	0	0	71	0
1660294991.599		1654	1654	0	0	0	12	0	0	71	0
1660294991.635		2652	2652	0	0	0	13	0	0	71	0
1660294991.672		1195	1195	0	0	0	11	0	0	71	0
1660294991.708		1565	1565	0	0	0	10	0	0	71	0
1660294991.744		1082	1082	0	0	0	9	0	0	71	0
1660294991.781		1598	1598	0	0	0	18	0	0	71	0
1660294991.817		1194	1194	0	0	0	11	0	0	71	0
1660294991.852		1170	1170	0	0	0	13	0	0	71	0
1660294991.890		1504	1504	0	0	0	14	0	0	71	0
1660294991.926		1474	1474	0	0	0	11	0	0	71	0
1660294991.961		1500	1500	0	0	0	20	0	0	71	0
1660294991.998		1760	1760	0	0	0	11	0	0	71	0
1660294992.034		2064	2064	0	0	0	36	0	0	71	0
1660294992.070		2828	2828	0	0	0	36	0	0	71	0
1660294992.106		2830	2830	0	0	0	23	0	0	71	0
1660294992.143		1668	1668	0	0	0	11	0	0	71	0
1660294992.179		1981	1981	0	0	0	20	0	0	71	0
1660294992.215		1514	1514	0	0	0	23	0	0	71	0
1660294992.251		1260	1260	0	0	0	10	0	0	71	0
1660294992.287		1179	1179	0	0	0	8	0	0	71	0
1660294992.323		1574	1574	0	0	0	12	0	0	71	0
1660294992.358		1482	1482	0	0	0	34	0	0	71	0
1660294992.395		2232	2232	0	0	0	23	0	0	71	0
1660294992.430		1627	1627	0	0	0	10	0	0	71	0
1660294992.467		1568	1568	0	0	0	20	0	0	71	0
1660294992.502		2765	2765	0	0	0	24	0	0	71	0
1660294992.537		3182	3182	0	0	0	28	0	0	71	0
1660294992.574		2524	2524	0	0	0	25	0	0	71	0
1660294992.609		1743	1743	0	0	0	14	0	0	71	0
1660294992.645		1692	1692	0	0	0	16	0	0	71	0
1660294992.682		1282	1282	0	0	0	11	0	0	71	0
1660294992.716		2738	2738	0	0	0	22	0	0	71	0
1660294992.752		1945	1945	0	0	0	10	0	0	71	0
1660294992.788		1510	1510	0	0	0	10	0	0	71	0
1660294992.825		1152	1152	0	0	0	11	0	0	71	0
1660294992.860		1309	1309	0	0	0	8	0	0	71	0
1660294992.896		1676	1676	0	0	0	26	0	0	71	0
1660294992.932		2284	2284	0	0	0	16	0	0	71	0
1660294992.967		1302	1302	0	0	0	12	0	0	71	0
1660294993.002		1367	1367	0	0	0	13	0	0	71	0
1660294993.039		1676	1676	0	0	0	18	0	0	71	0
1660294993.074		1732	1732	0	0	0	15	0	0	71	0
1660294993.110		2773	2773	0	0	0	22	0	0	71	0
1660294993.145		2885	2885	0	0	0	18	0	0	71	0
1660294993.181		2142	2142	0	0	0	24	0	0	71	0
1660294993.216		2745	2745	0	0	0	47	0	0	71	0
1660294993.252		1892	1892	0	0	0	37	0	0	71	0
1660294993.287		1418	1418	0	0	0	10	0	0	71	0
1660294993.322		1212	1212	0	0	0	22	0	0	71	0
1660294993.357		1929	1929	0	0	0	29	0	0	71	0
1660294993.394		1963	1963	0	0	0	8	0	0	71	0
1660294993.429		2389	2389	0	0	0	15	0	0	71	0
1660294993.463		1863	1863	0	0	0	22	0	0	71	0
1660294993.499		1736	1736	0	0	0	22	0	0	71	0
1660294993.535		1788	1788	0	0	0	16	0	0	71	0
1660294993.570		3007	3007	0	0	0	30	0	0	71	0
1660294993.606		2315	2315	0	0	0	14	0	0	71	0
1660294993.640		2709	2709	0	0	0	18	0	0	71	0
1660294993.676		2462	2462	0	0	0	21	0	0	71	0
1660294993.711		1489	1489	0	0	0	10	0	0	71	0
1660294993.746		2238	2238	0	0	0	15	0	0	71	0
1660294993.782		1743	1743	0	0	0	10	0	0	71	0
1660294993.817		1695	1695	0	0	0	12	0	0	71	0
1660294993.852		1373	1373	0	0	0	11	0	0	71	0
1660294993.887		1699	1699	0	0	0	10	0	0	71	0
1660294993.923		2238	2238	0	0	0	10	0	0	71	0
1660294993.958		1217	1217	0	0	0	9	0	0	71	0
1660294993.992		2097	2097	0	0	0	10	0	0	71	0
1660294994.027		1494	1494	0	0	0	11	0	0	71	0
1660294994.062		2353	2353	0	0	0	13	0	0	71	0
1660294994.098		1719	1719	0	0	0	10	0	0	71	0
1660294994.132		1244	1244	0	0	0	13	0	0	71	0
1660294994.167		2460	2460	0	0	0	13	0	0	71	0
1660294994.202		1541	1541	0	0	0	19	0	0	71	0
1660294994.238		1477	1477	0	0	0	9	0	0	71	0
1660294994.272		1341	1341	0	0	0	8	0	0	71	0
1660294994.308		17640	17640	0	0	0	10	0	0	71	0
1660294994.342		1698	1698	0	0	0	11	0	0	71	0
1660294994.377		1636	1636	0	0	0	10	0	0	71	0
1660294994.412		1573	1573	0	0	0	11	0	0	71	0
1660294994.448		1347	1347	0	0	0	9	0	0	71	0
1660294994.482		2377	2377	0	0	0	22	0	0	71	0
1660294994.516		1882	1882	0	0	0	11	0	0	71	0
1660294994.552		2511	2511	0	0	0	29	0	0	71	0
1660294994.587		2069	2069	0	0	0	13	0	0	71	0
1660294994.621		2139	2139	0	0	0	29	0	0	71	0
1660294994.657		1855	1855	0	0	0	25	0	0	71	0
1660294994.690		2445	2445	0	0	0	22	0	0	71	0
1660294994.726		1622	1622	0	0	0	25	0	0	71	0
1660294994.760		1385	1385	0	0	0	13	0	0	71	0
1660294994.795		1223	1223	0	0	0	9	0	0	71	0
1660294994.830		1480	1480	0	0	0	8	0	0	71	0
1660294994.864		1421	1421	0	0	0	11	0	0	71	0
1660294994.899		1202	1202	0	0	0	8	0	0	71	0
1660294994.934		1335	1335	0	0	0	13	0	0	71	0
1660294994.969		1511	1511	0	0	0	13	0	0	71	0
1660294995.002		1750	1750	0	0	0	9	0	0	71	0
1660294995.037		2461	2461	0	0	0	9	0	0	71	0
1660294995.072		2762	2762	0	0	0	36	0	0	71	0
1660294995.106		2083	2083	0	0	0	22	0	0	71	0
1660294995.142		1324	1324	0	0	0	13	0	0	71	0
1660294995.176		2589	2589	0	0	0	22	0	0	71	0
1660294995.211		1941	1941	0	0	0	36	0	0	71	0
1660294995.244		2820	2820	0	0	0	29	0	0	71	0
1660294995.279		2184	2184	0	0	0	23	0	0	71	0
1660294995.314		1197	1197	0	0	0	12	0	0	71	0
1660294995.347		1402	1402	0	0	0	13	0	0	71	0
1660294995.383		1387	1387	0	0	0	11	0	0	71	0
1660294995.416		2102	2102	0	0	0	11	0	0	71	0
1660294995.451		1659	1659	0	0	0	10	0	0	71	0
1660294995.486		2004	2004	0	0	0	34	0	0	71	0
1660294995.520		2815	2815	0	0	0	18	0	0	71	0
1660294995.554		2384	2384	0	0	0	22	0	0	71	0
1660294995.589		1623	1623	0	0	0	13	0	0	71	0
1660294995.623		1557	1557	0	0	0	25	0	0	71	0
1660294995.656		2159	2159	0	0	0	11	0	0	71	0
1660294995.691		1580	1580	0	0	0	10	0	0	71	0
1660294995.725		2498	2498	0	0	0	20	0	0	71	0
1660294995.760		1917	1917	0	0	0	12	0	0	71	0
1660294995.794		1571	1571	0	0	0	11	0	0	71	0
1660294995.829		1232	1232	0	0	0	12	0	0	71	0
1660294995.862		1183	1183	0	0	0	14	0	0	71	0
1660294995.896		1262	1262	0	0	0	12	0	0	71	0
1660294995.930		1590	1590	0	0	0	9	0	0	71	0
1660294995.964		1953	1953	0	0	0	18	0	0	71	0
1660294995.998		1536	1536	0	0	0	8	0	0	71	0
1660294996.033		2629	2629	0	0	0	35	0	0	71	0
1660294996.066		2482	2482	0	0	0	34	0	0	71	0
1660294996.101		1846	1846	0	0	0	13	0	0	71	0
1660294996.136		1697	1697	0	0	0	10	0	0	71	0
1660294996.170		2467	2467	0	0	0	35	0	0	71	0
1660294996.204		1801	1801	0	0	0	13	0	0	71	0
1660294996.237		1572	1572	0	0	0	34	0	0	71	0
1660294996.271		1839	1839	0	0	0	11	0	0	71	0
1660294996.305		1471	1471	0	0	0	11	0	0	71	0
1660294996.339		1677	1677	0	0	0	23	0	0	71	0
1660294996.373		1180	1180	0	0	0	21	0	0	71	0
1660294996.406		1539	1539	0	0	0	9	0	0	71	0
1660294996.441		2665	2665	0	0	0	20	0	0	71	0
1660294996.475		1989	1989	0	0	0	25	0	0	71	0
1660294996.509		1128	1128	0	0	0	11	0	0	71	0
1660294996.542		2203	2203	0	0	0	11	0	0	71	0
1660294996.577		2527	2527	0	0	0	16	0	0	71	0
1660294996.609		1943	1943	0	0	0	18	0	0	71	0
1660294996.643		1846	1846	0	0	0	22	0	0	71	0
1660294996.678		2516	2516	0	0	0	21	0	0	71	0
1660294996.712		1806	1806	0	0	0	10	0	0	71	0
1660294996.745		1504	1504	0	0	0	10	0	0	71	0
1660294996.778		1599	1599	0	0	0	19	0	0	71	0
1660294996.812		1421	1421	0	0	0	8	0	0	71	0
1660294996.846		1273	1273	0	0	0	11	0	0	71	0
1660294996.879		1405	1405	0	0	0	9	0	0	71	0
1660294996.913		1201	1201	0	0	0	12	0	0	71	0
1660294996.948		1129	1129	0	0	0	10	0	0	71	0
1660294996.981		1320	1320	0	0	0	10	0	0	71	0
1660294997.014		1179	1179	0	0	0	8	0	0	71	0
1660294997.048		1440	1440	0	0	0	7	0	0	71	0
1660294997.082		1439	1439	0	0	0	11	0	0	71	0
1660294997.115		1637	1637	0	0	0	13	0	0	71	0
1660294997.148		1371	1371	0	0	0	9	0	0	71	0
1660294997.183		1446	1446	0	0	0	10	0	0	71	0
1660294997.215		1270	1270	0	0	0	12	0	0	71	0
1660294997.249		1597	1597	0	0	0	15	0	0	71	0
1660294997.283		1676	1676	0	0	0	16	0	0	71	0
1660294997.317		1695	1695	0	0	0	11	0	0	71	0
1660294997.350		1299	1299	0	0	0	15	0	0	71	0
1660294997.384		1136	1136	0	0	0	11	0	0	71	0
1660294997.417		2197	2197	0	0	0	19	0	0	71	0
1660294997.451		1453	1453	0	0	0	10	0	0	71	0
1660294997.484		1670	1670	0	0	0	10	0	0	71	0
1660294997.517		2385	2385	0	0	0	31	0	0	71	0
1660294997.550		2617	2617	0	0	0	19	0	0	71	0
1660294997.583		1628	1628	0	0	0	11	0	0	71	0
