2022-08-25 10:33:55,654 INFO o.a.j.u.JMeterUtils: Setting Locale to en_US
2022-08-25 10:33:55,679 INFO o.a.j.JMeter: Loading user properties from: /usr/local/apache-jmeter-3.3/bin/user.properties
2022-08-25 10:33:55,680 INFO o.a.j.JMeter: Loading system properties from: /usr/local/apache-jmeter-3.3/bin/system.properties
2022-08-25 10:33:55,681 INFO o.a.j.JMeter: Setting JMeter property: jmeter.save.saveservice.default_delimiter=\t
2022-08-25 10:33:55,681 INFO o.a.j.JMeter: Setting JMeter property: jmeter.save.saveservice.connect_time=true
2022-08-25 10:33:55,689 INFO o.a.j.JMeter: Copyright (c) 1998-2017 The Apache Software Foundation
2022-08-25 10:33:55,689 INFO o.a.j.JMeter: Version 3.3 r1808647
2022-08-25 10:33:55,690 INFO o.a.j.JMeter: java.version=1.8.0_191
2022-08-25 10:33:55,690 INFO o.a.j.JMeter: java.vm.name=OpenJDK 64-Bit Server VM
2022-08-25 10:33:55,690 INFO o.a.j.JMeter: os.name=Linux
2022-08-25 10:33:55,690 INFO o.a.j.JMeter: os.arch=amd64
2022-08-25 10:33:55,690 INFO o.a.j.JMeter: os.version=5.15.0-46-generic
2022-08-25 10:33:55,690 INFO o.a.j.JMeter: file.encoding=ANSI_X3.4-1968
2022-08-25 10:33:55,690 INFO o.a.j.JMeter: Max memory     =536870912
2022-08-25 10:33:55,691 INFO o.a.j.JMeter: Available Processors =4
2022-08-25 10:33:55,698 INFO o.a.j.JMeter: Default Locale=English (United States)
2022-08-25 10:33:55,699 INFO o.a.j.JMeter: JMeter  Locale=English (United States)
2022-08-25 10:33:55,699 INFO o.a.j.JMeter: JMeterHome=/usr/local/apache-jmeter-3.3
2022-08-25 10:33:55,699 INFO o.a.j.JMeter: user.dir  =/var/loadtest
2022-08-25 10:33:55,699 INFO o.a.j.JMeter: PWD       =/var/loadtest
2022-08-25 10:33:55,700 INFO o.a.j.JMeter: IP: 127.0.1.1 Name: ubuntu FullName: ubuntu
2022-08-25 10:33:55,705 INFO o.a.j.s.FileServer: Default base='/var/loadtest'
2022-08-25 10:33:55,706 INFO o.a.j.s.FileServer: Set new base='/var/loadtest'
2022-08-25 10:33:56,003 INFO o.a.j.s.SaveService: Testplan (JMX) version: 2.2. Testlog (JTL) version: 2.2
2022-08-25 10:33:56,049 INFO o.a.j.s.SaveService: Using SaveService properties file encoding UTF-8
2022-08-25 10:33:56,057 INFO o.a.j.s.SaveService: Using SaveService properties version 3.2
2022-08-25 10:33:56,069 INFO o.a.j.s.SaveService: Loading file: /var/loadtest/modified_G0wCiA.jmx
2022-08-25 10:33:56,124 INFO o.a.j.p.h.c.CookieManager: Settings: Delete null: true Check: true Allow variable: true Save: false Prefix: COOKIE_
2022-08-25 10:33:56,142 INFO o.a.j.p.h.s.HTTPSamplerBase: Parser for text/html is org.apache.jmeter.protocol.http.parser.LagartoBasedHtmlParser
2022-08-25 10:33:56,142 INFO o.a.j.p.h.s.HTTPSamplerBase: Parser for application/xhtml+xml is org.apache.jmeter.protocol.http.parser.LagartoBasedHtmlParser
2022-08-25 10:33:56,142 INFO o.a.j.p.h.s.HTTPSamplerBase: Parser for application/xml is org.apache.jmeter.protocol.http.parser.LagartoBasedHtmlParser
2022-08-25 10:33:56,143 INFO o.a.j.p.h.s.HTTPSamplerBase: Parser for text/xml is org.apache.jmeter.protocol.http.parser.LagartoBasedHtmlParser
2022-08-25 10:33:56,143 INFO o.a.j.p.h.s.HTTPSamplerBase: Parser for text/vnd.wap.wml is org.apache.jmeter.protocol.http.parser.RegexpHTMLParser
2022-08-25 10:33:56,143 INFO o.a.j.p.h.s.HTTPSamplerBase: Parser for text/css is org.apache.jmeter.protocol.http.parser.CssParser
2022-08-25 10:33:56,292 INFO o.a.j.JMeter: Creating summariser <summary>
2022-08-25 10:33:56,307 INFO o.a.j.e.StandardJMeterEngine: Running the test!
2022-08-25 10:33:56,308 INFO o.a.j.s.SampleEvent: List of sample_variables: []
2022-08-25 10:33:56,308 INFO o.a.j.s.SampleEvent: List of sample_variables: []
2022-08-25 10:33:56,315 INFO o.a.j.e.u.CompoundVariable: Note: Function class names must contain the string: '.functions.'
2022-08-25 10:33:56,316 INFO o.a.j.e.u.CompoundVariable: Note: Function class names must not contain the string: '.gui.'
2022-08-25 10:33:57,468 INFO o.a.j.JMeter: Running test (1661423637468)
2022-08-25 10:33:57,527 INFO o.a.j.e.StandardJMeterEngine: Starting ThreadGroup: 1 : Thread Group
2022-08-25 10:33:57,528 INFO o.a.j.e.StandardJMeterEngine: Starting 30 threads for group Thread Group.
2022-08-25 10:33:57,528 INFO o.a.j.e.StandardJMeterEngine: Test will stop abruptly on error
2022-08-25 10:33:57,528 INFO o.a.j.t.ThreadGroup: Starting thread group... number=1 threads=30 ramp-up=1 perThread=33.333332 delayedStart=false
2022-08-25 10:33:57,549 INFO o.a.j.t.JMeterThread: Thread started: Thread Group 1-1
2022-08-25 10:33:57,594 INFO o.a.j.t.JMeterThread: Thread started: Thread Group 1-2
2022-08-25 10:33:57,617 INFO o.a.j.p.h.s.HTTPHCAbstractImpl: Local host = ubuntu
2022-08-25 10:33:57,626 INFO o.a.j.p.h.s.HTTPHC4Impl: HTTP request retry count = 0
2022-08-25 10:33:57,638 INFO o.a.j.t.JMeterThread: Thread started: Thread Group 1-3
2022-08-25 10:33:57,642 INFO o.a.j.s.SampleResult: Note: Sample TimeStamps are START times
2022-08-25 10:33:57,642 INFO o.a.j.s.SampleResult: sampleresult.default.encoding is set to ISO-8859-1
2022-08-25 10:33:57,642 INFO o.a.j.s.SampleResult: sampleresult.useNanoTime=true
2022-08-25 10:33:57,643 INFO o.a.j.s.SampleResult: sampleresult.nanoThreadSleep=5000
2022-08-25 10:33:57,679 INFO o.a.j.t.JMeterThread: Thread started: Thread Group 1-4
2022-08-25 10:33:57,730 INFO o.a.j.t.JMeterThread: Thread started: Thread Group 1-5
2022-08-25 10:33:57,774 INFO o.a.j.t.JMeterThread: Thread started: Thread Group 1-6
2022-08-25 10:33:57,776 INFO o.a.j.t.ThreadGroup: Started thread group number 1
2022-08-25 10:33:57,776 INFO o.a.j.e.StandardJMeterEngine: All thread groups have been started
2022-08-25 10:33:57,809 INFO o.a.j.t.JMeterThread: Thread started: Thread Group 1-7
2022-08-25 10:33:57,852 INFO o.a.j.t.JMeterThread: Thread started: Thread Group 1-8
2022-08-25 10:33:57,900 INFO o.a.j.t.JMeterThread: Thread started: Thread Group 1-9
2022-08-25 10:33:57,941 INFO o.a.j.t.JMeterThread: Thread started: Thread Group 1-10
2022-08-25 10:33:57,968 INFO o.a.j.p.h.s.LazySchemeSocketFactory: Setting up HTTPS TrustAll Socket Factory
2022-08-25 10:33:57,981 INFO o.a.j.u.JsseSSLManager: Using default SSL protocol: TLS
2022-08-25 10:33:57,981 INFO o.a.j.u.JsseSSLManager: SSL session context: per-thread
2022-08-25 10:33:58,001 INFO o.a.j.t.JMeterThread: Thread started: Thread Group 1-11
2022-08-25 10:33:58,023 INFO o.a.j.t.JMeterThread: Thread started: Thread Group 1-12
2022-08-25 10:33:58,088 INFO o.a.j.t.JMeterThread: Thread started: Thread Group 1-13
2022-08-25 10:33:58,134 INFO o.a.j.t.JMeterThread: Thread started: Thread Group 1-14
2022-08-25 10:33:58,171 INFO o.a.j.t.JMeterThread: Thread started: Thread Group 1-15
2022-08-25 10:33:58,207 INFO o.a.j.t.JMeterThread: Thread started: Thread Group 1-16
2022-08-25 10:33:58,209 INFO o.a.j.u.SSLManager: JmeterKeyStore Location:  type JKS
2022-08-25 10:33:58,211 INFO o.a.j.u.SSLManager: KeyStore created OK
2022-08-25 10:33:58,211 WARN o.a.j.u.SSLManager: Keystore file not found, loading empty keystore
2022-08-25 10:33:58,243 INFO o.a.j.t.JMeterThread: Thread started: Thread Group 1-17
2022-08-25 10:33:58,279 INFO o.a.j.t.JMeterThread: Thread started: Thread Group 1-18
2022-08-25 10:33:58,322 INFO o.a.j.t.JMeterThread: Thread started: Thread Group 1-19
2022-08-25 10:33:58,368 INFO o.a.j.t.JMeterThread: Thread started: Thread Group 1-20
2022-08-25 10:33:58,415 INFO o.a.j.t.JMeterThread: Thread started: Thread Group 1-21
2022-08-25 10:33:58,452 INFO o.a.j.t.JMeterThread: Thread started: Thread Group 1-22
2022-08-25 10:33:58,487 INFO o.a.j.t.JMeterThread: Thread started: Thread Group 1-23
2022-08-25 10:33:58,521 INFO o.a.j.t.JMeterThread: Thread started: Thread Group 1-24
2022-08-25 10:33:58,557 INFO o.a.j.t.JMeterThread: Thread started: Thread Group 1-25
2022-08-25 10:33:58,592 INFO o.a.j.t.JMeterThread: Thread started: Thread Group 1-26
2022-08-25 10:33:58,635 INFO o.a.j.t.JMeterThread: Thread started: Thread Group 1-27
2022-08-25 10:33:58,672 INFO o.a.j.t.JMeterThread: Thread started: Thread Group 1-28
2022-08-25 10:33:58,705 INFO o.a.j.t.JMeterThread: Thread started: Thread Group 1-29
2022-08-25 10:33:58,744 INFO o.a.j.t.JMeterThread: Thread started: Thread Group 1-30
2022-08-25 10:33:59,453 INFO o.a.j.t.JMeterThread: Stop Test Now detected by thread: Thread Group 1-25
2022-08-25 10:33:59,453 INFO o.a.j.t.JMeterThread: Stop Test Now detected by thread: Thread Group 1-17
2022-08-25 10:33:59,453 INFO o.a.j.t.JMeterThread: Stop Test Now detected by thread: Thread Group 1-1
2022-08-25 10:33:59,453 INFO o.a.j.t.JMeterThread: Stop Test Now detected by thread: Thread Group 1-18
2022-08-25 10:33:59,453 INFO o.a.j.t.JMeterThread: Stop Test Now detected by thread: Thread Group 1-27
2022-08-25 10:33:59,454 INFO o.a.j.t.JMeterThread: Stop Test Now detected by thread: Thread Group 1-11
2022-08-25 10:33:59,454 INFO o.a.j.t.JMeterThread: Stop Test Now detected by thread: Thread Group 1-8
2022-08-25 10:33:59,453 INFO o.a.j.t.JMeterThread: Stop Test Now detected by thread: Thread Group 1-14
2022-08-25 10:33:59,454 INFO o.a.j.t.JMeterThread: Stop Test Now detected by thread: Thread Group 1-12
2022-08-25 10:33:59,453 INFO o.a.j.t.JMeterThread: Stop Test Now detected by thread: Thread Group 1-6
2022-08-25 10:33:59,454 INFO o.a.j.t.JMeterThread: Thread finished: Thread Group 1-25
2022-08-25 10:33:59,455 INFO o.a.j.t.JMeterThread: Stopping: Thread Group 1-2
2022-08-25 10:33:59,455 WARN o.a.j.t.JMeterThread: Interrupting: Thread Group 1-2 sampler: ??????????? POST
2022-08-25 10:33:59,458 INFO o.a.j.t.JMeterThread: Thread finished: Thread Group 1-1
2022-08-25 10:33:59,458 INFO o.a.j.t.JMeterThread: Stopping: Thread Group 1-2
2022-08-25 10:33:59,460 INFO o.a.j.t.JMeterThread: Thread finished: Thread Group 1-6
2022-08-25 10:33:59,460 INFO o.a.j.t.JMeterThread: Stopping: Thread Group 1-2
2022-08-25 10:33:59,461 INFO o.a.j.t.JMeterThread: Stopping: Thread Group 1-2
2022-08-25 10:33:59,462 INFO o.a.j.t.JMeterThread: Thread finished: Thread Group 1-12
2022-08-25 10:33:59,462 INFO o.a.j.t.JMeterThread: Stopping: Thread Group 1-2
2022-08-25 10:33:59,461 INFO o.a.j.t.JMeterThread: Thread finished: Thread Group 1-14
2022-08-25 10:33:59,462 INFO o.a.j.t.JMeterThread: Thread finished: Thread Group 1-17
2022-08-25 10:33:59,464 INFO o.a.j.t.JMeterThread: Thread finished: Thread Group 1-8
2022-08-25 10:33:59,462 INFO o.a.j.t.JMeterThread: Stopping: Thread Group 1-2
2022-08-25 10:33:59,465 INFO o.a.j.t.JMeterThread: Stopping: Thread Group 1-2
2022-08-25 10:33:59,466 INFO o.a.j.t.JMeterThread: Thread finished: Thread Group 1-11
2022-08-25 10:33:59,466 INFO o.a.j.t.JMeterThread: Stopping: Thread Group 1-2
2022-08-25 10:33:59,470 INFO o.a.j.t.JMeterThread: Thread finished: Thread Group 1-27
2022-08-25 10:33:59,471 INFO o.a.j.t.JMeterThread: Stopping: Thread Group 1-2
2022-08-25 10:33:59,472 INFO o.a.j.t.JMeterThread: Thread finished: Thread Group 1-18
2022-08-25 10:33:59,473 INFO o.a.j.t.JMeterThread: Stopping: Thread Group 1-2
2022-08-25 10:33:59,480 INFO o.a.j.t.JMeterThread: Stop Test Now detected by thread: Thread Group 1-30
2022-08-25 10:33:59,485 INFO o.a.j.t.JMeterThread: Stop Test Now detected by thread: Thread Group 1-23
2022-08-25 10:33:59,488 INFO o.a.j.t.JMeterThread: Thread finished: Thread Group 1-30
2022-08-25 10:33:59,497 INFO o.a.j.t.JMeterThread: Stopping: Thread Group 1-2
2022-08-25 10:33:59,503 INFO o.a.j.t.JMeterThread: Stop Test Now detected by thread: Thread Group 1-13
2022-08-25 10:33:59,504 INFO o.a.j.t.JMeterThread: Thread finished: Thread Group 1-23
2022-08-25 10:33:59,510 INFO o.a.j.t.JMeterThread: Thread finished: Thread Group 1-13
2022-08-25 10:33:59,524 INFO o.a.j.t.JMeterThread: Stop Test Now detected by thread: Thread Group 1-7
2022-08-25 10:33:59,529 INFO o.a.j.t.JMeterThread: Stop Test Now detected by thread: Thread Group 1-21
2022-08-25 10:33:59,531 INFO o.a.j.t.JMeterThread: Stop Test Now detected by thread: Thread Group 1-2
2022-08-25 10:33:59,532 INFO o.a.j.t.JMeterThread: Thread finished: Thread Group 1-7
2022-08-25 10:33:59,533 INFO o.a.j.t.JMeterThread: Stop Test Now detected by thread: Thread Group 1-10
2022-08-25 10:33:59,533 INFO o.a.j.t.JMeterThread: Stopping: Thread Group 1-2
2022-08-25 10:33:59,534 INFO o.a.j.t.JMeterThread: Thread finished: Thread Group 1-10
2022-08-25 10:33:59,535 INFO o.a.j.t.JMeterThread: Stopping: Thread Group 1-2
2022-08-25 10:33:59,535 INFO o.a.j.t.JMeterThread: Thread finished: Thread Group 1-2
2022-08-25 10:33:59,536 INFO o.a.j.t.JMeterThread: Stopping: Thread Group 1-15
2022-08-25 10:33:59,536 WARN o.a.j.t.JMeterThread: Interrupting: Thread Group 1-15 sampler: ??????????? POST
2022-08-25 10:33:59,540 INFO o.a.j.t.JMeterThread: Stop Test Now detected by thread: Thread Group 1-26
2022-08-25 10:33:59,541 INFO o.a.j.t.JMeterThread: Thread finished: Thread Group 1-21
2022-08-25 10:33:59,542 INFO o.a.j.t.JMeterThread: Stopping: Thread Group 1-15
2022-08-25 10:33:59,543 INFO o.a.j.t.JMeterThread: Stopping: Thread Group 1-15
2022-08-25 10:33:59,547 INFO o.a.j.t.JMeterThread: Stopping: Thread Group 1-15
2022-08-25 10:33:59,547 INFO o.a.j.t.JMeterThread: Stopping: Thread Group 1-15
2022-08-25 10:33:59,547 INFO o.a.j.t.JMeterThread: Stopping: Thread Group 1-12
2022-08-25 10:33:59,547 INFO o.a.j.t.JMeterThread: Stopping: Thread Group 1-12
2022-08-25 10:33:59,547 INFO o.a.j.t.JMeterThread: Stopping: Thread Group 1-15
2022-08-25 10:33:59,547 INFO o.a.j.t.JMeterThread: Stopping: Thread Group 1-15
2022-08-25 10:33:59,547 INFO o.a.j.t.JMeterThread: Stopping: Thread Group 1-12
2022-08-25 10:33:59,547 INFO o.a.j.t.JMeterThread: Stopping: Thread Group 1-15
2022-08-25 10:33:59,548 INFO o.a.j.t.JMeterThread: Stopping: Thread Group 1-12
2022-08-25 10:33:59,548 INFO o.a.j.t.JMeterThread: Stopping: Thread Group 1-15
2022-08-25 10:33:59,548 INFO o.a.j.t.JMeterThread: Stopping: Thread Group 1-12
2022-08-25 10:33:59,548 INFO o.a.j.t.JMeterThread: Stopping: Thread Group 1-15
2022-08-25 10:33:59,548 INFO o.a.j.t.JMeterThread: Stopping: Thread Group 1-15
2022-08-25 10:33:59,548 INFO o.a.j.t.JMeterThread: Stopping: Thread Group 1-15
2022-08-25 10:33:59,548 INFO o.a.j.t.JMeterThread: Stopping: Thread Group 1-15
2022-08-25 10:33:59,548 INFO o.a.j.t.JMeterThread: Stopping: Thread Group 1-15
2022-08-25 10:33:59,549 INFO o.a.j.t.JMeterThread: Stopping: Thread Group 1-15
2022-08-25 10:33:59,549 INFO o.a.j.t.JMeterThread: Stopping: Thread Group 1-15
2022-08-25 10:33:59,549 INFO o.a.j.t.JMeterThread: Stop Test Now detected by thread: Thread Group 1-3
2022-08-25 10:33:59,550 INFO o.a.j.t.JMeterThread: Thread finished: Thread Group 1-26
2022-08-25 10:33:59,557 INFO o.a.j.t.JMeterThread: Stopping: Thread Group 1-15
2022-08-25 10:33:59,558 INFO o.a.j.t.JMeterThread: Stopping: Thread Group 1-15
2022-08-25 10:33:59,558 WARN o.a.j.t.JMeterThread: Interrupting: Thread Group 1-15 sampler: ??????????? POST
2022-08-25 10:33:59,558 WARN o.a.j.t.JMeterThread: No operation pending
2022-08-25 10:33:59,561 INFO o.a.j.t.JMeterThread: Thread finished: Thread Group 1-3
2022-08-25 10:33:59,562 INFO o.a.j.t.JMeterThread: Stopping: Thread Group 1-5
2022-08-25 10:33:59,562 INFO o.a.j.t.JMeterThread: Stopping: Thread Group 1-5
2022-08-25 10:33:59,562 WARN o.a.j.t.JMeterThread: Interrupting: Thread Group 1-5 sampler: ??????????? POST
2022-08-25 10:33:59,562 INFO o.a.j.t.JMeterThread: Stopping: Thread Group 1-5
2022-08-25 10:33:59,563 INFO o.a.j.t.JMeterThread: Stopping: Thread Group 1-5
2022-08-25 10:33:59,563 INFO o.a.j.t.JMeterThread: Stopping: Thread Group 1-5
2022-08-25 10:33:59,563 INFO o.a.j.t.JMeterThread: Stopping: Thread Group 1-5
2022-08-25 10:33:59,563 INFO o.a.j.t.JMeterThread: Stopping: Thread Group 1-5
2022-08-25 10:33:59,563 INFO o.a.j.t.JMeterThread: Stopping: Thread Group 1-15
2022-08-25 10:33:59,563 INFO o.a.j.t.JMeterThread: Stopping: Thread Group 1-5
2022-08-25 10:33:59,563 INFO o.a.j.t.JMeterThread: Stopping: Thread Group 1-5
2022-08-25 10:33:59,563 INFO o.a.j.t.JMeterThread: Stopping: Thread Group 1-5
2022-08-25 10:33:59,563 INFO o.a.j.t.JMeterThread: Stopping: Thread Group 1-5
2022-08-25 10:33:59,564 INFO o.a.j.t.JMeterThread: Stop Test Now detected by thread: Thread Group 1-15
2022-08-25 10:33:59,564 INFO o.a.j.t.JMeterThread: Stopping: Thread Group 1-5
2022-08-25 10:33:59,564 INFO o.a.j.t.JMeterThread: Stopping: Thread Group 1-5
2022-08-25 10:33:59,564 INFO o.a.j.t.JMeterThread: Stopping: Thread Group 1-5
2022-08-25 10:33:59,562 INFO o.a.j.t.JMeterThread: Stopping: Thread Group 1-5
2022-08-25 10:33:59,568 INFO o.a.j.t.JMeterThread: Stop Test Now detected by thread: Thread Group 1-28
2022-08-25 10:33:59,569 INFO o.a.j.t.JMeterThread: Stopping: Thread Group 1-5
2022-08-25 10:33:59,569 INFO o.a.j.t.JMeterThread: Stopping: Thread Group 1-5
2022-08-25 10:33:59,569 INFO o.a.j.t.JMeterThread: Stopping: Thread Group 1-5
2022-08-25 10:33:59,569 INFO o.a.j.t.JMeterThread: Stopping: Thread Group 1-5
2022-08-25 10:33:59,573 INFO o.a.j.t.JMeterThread: Stop Test Now detected by thread: Thread Group 1-5
2022-08-25 10:33:59,573 INFO o.a.j.t.JMeterThread: Stopping: Thread Group 1-29
2022-08-25 10:33:59,573 WARN o.a.j.t.JMeterThread: Interrupting: Thread Group 1-29 sampler: ??????????? POST
2022-08-25 10:33:59,573 INFO o.a.j.t.JMeterThread: Stopping: Thread Group 1-29
2022-08-25 10:33:59,574 INFO o.a.j.t.JMeterThread: Thread finished: Thread Group 1-15
2022-08-25 10:33:59,575 INFO o.a.j.t.JMeterThread: Stopping: Thread Group 1-5
2022-08-25 10:33:59,578 INFO o.a.j.t.JMeterThread: Stopping: Thread Group 1-29
2022-08-25 10:33:59,578 INFO o.a.j.t.JMeterThread: Thread finished: Thread Group 1-5
2022-08-25 10:33:59,578 INFO o.a.j.t.JMeterThread: Stopping: Thread Group 1-29
2022-08-25 10:33:59,582 INFO o.a.j.t.JMeterThread: Thread finished: Thread Group 1-28
2022-08-25 10:33:59,582 INFO o.a.j.t.JMeterThread: Stopping: Thread Group 1-29
2022-08-25 10:33:59,583 INFO o.a.j.t.JMeterThread: Stopping: Thread Group 1-29
2022-08-25 10:33:59,583 INFO o.a.j.t.JMeterThread: Stopping: Thread Group 1-29
2022-08-25 10:33:59,583 INFO o.a.j.t.JMeterThread: Stopping: Thread Group 1-29
2022-08-25 10:33:59,583 INFO o.a.j.t.JMeterThread: Stopping: Thread Group 1-29
2022-08-25 10:33:59,583 INFO o.a.j.t.JMeterThread: Stopping: Thread Group 1-29
2022-08-25 10:33:59,583 INFO o.a.j.t.JMeterThread: Stopping: Thread Group 1-29
2022-08-25 10:33:59,583 INFO o.a.j.t.JMeterThread: Stopping: Thread Group 1-29
2022-08-25 10:33:59,583 INFO o.a.j.t.JMeterThread: Stopping: Thread Group 1-29
2022-08-25 10:33:59,584 INFO o.a.j.t.JMeterThread: Stopping: Thread Group 1-29
2022-08-25 10:33:59,584 INFO o.a.j.t.JMeterThread: Stopping: Thread Group 1-29
2022-08-25 10:33:59,584 INFO o.a.j.t.JMeterThread: Stopping: Thread Group 1-29
2022-08-25 10:33:59,584 INFO o.a.j.t.JMeterThread: Stopping: Thread Group 1-29
2022-08-25 10:33:59,584 INFO o.a.j.t.JMeterThread: Stopping: Thread Group 1-29
2022-08-25 10:33:59,584 INFO o.a.j.t.JMeterThread: Stopping: Thread Group 1-29
2022-08-25 10:33:59,590 INFO o.a.j.t.JMeterThread: Stopping: Thread Group 1-29
2022-08-25 10:33:59,590 INFO o.a.j.t.JMeterThread: Stopping: Thread Group 1-29
2022-08-25 10:33:59,591 INFO o.a.j.t.JMeterThread: Stopping: Thread Group 1-16
2022-08-25 10:33:59,591 WARN o.a.j.t.JMeterThread: Interrupting: Thread Group 1-16 sampler: ??????????? POST
2022-08-25 10:33:59,592 WARN o.a.j.t.JMeterThread: Interrupting: Thread Group 1-29 sampler: ??????????? POST
2022-08-25 10:33:59,592 WARN o.a.j.t.JMeterThread: No operation pending
2022-08-25 10:33:59,592 INFO o.a.j.t.JMeterThread: Stopping: Thread Group 1-16
2022-08-25 10:33:59,593 WARN o.a.j.t.JMeterThread: Interrupting: Thread Group 1-29 sampler: ??????????? POST
2022-08-25 10:33:59,593 WARN o.a.j.t.JMeterThread: No operation pending
2022-08-25 10:33:59,593 INFO o.a.j.t.JMeterThread: Stopping: Thread Group 1-16
2022-08-25 10:33:59,597 INFO o.a.j.t.JMeterThread: Stopping: Thread Group 1-24
2022-08-25 10:33:59,598 WARN o.a.j.t.JMeterThread: Interrupting: Thread Group 1-24 sampler: ??????????? POST
2022-08-25 10:33:59,598 WARN o.a.j.t.JMeterThread: Interrupting: Thread Group 1-16 sampler: ??????????? POST
2022-08-25 10:33:59,598 WARN o.a.j.t.JMeterThread: No operation pending
2022-08-25 10:33:59,598 INFO o.a.j.t.JMeterThread: Stopping: Thread Group 1-24
2022-08-25 10:33:59,599 WARN o.a.j.t.JMeterThread: Interrupting: Thread Group 1-16 sampler: ??????????? POST
2022-08-25 10:33:59,599 WARN o.a.j.t.JMeterThread: No operation pending
2022-08-25 10:33:59,599 INFO o.a.j.t.JMeterThread: Stopping: Thread Group 1-24
2022-08-25 10:33:59,600 INFO o.a.j.t.JMeterThread: Stopping: Thread Group 1-22
2022-08-25 10:33:59,600 WARN o.a.j.t.JMeterThread: Interrupting: Thread Group 1-22 sampler: ??????????? POST
2022-08-25 10:33:59,604 INFO o.a.j.t.JMeterThread: Stop Test Now detected by thread: Thread Group 1-24
2022-08-25 10:33:59,606 INFO o.a.j.t.JMeterThread: Stop Test Now detected by thread: Thread Group 1-29
2022-08-25 10:33:59,606 INFO o.a.j.t.JMeterThread: Thread finished: Thread Group 1-24
2022-08-25 10:33:59,606 INFO o.a.j.t.JMeterThread: Stopping: Thread Group 1-29
2022-08-25 10:33:59,606 INFO o.a.j.t.JMeterThread: Stopping: Thread Group 1-16
2022-08-25 10:33:59,606 WARN o.a.j.t.JMeterThread: Interrupting: Thread Group 1-16 sampler: ??????????? POST
2022-08-25 10:33:59,607 WARN o.a.j.t.JMeterThread: No operation pending
2022-08-25 10:33:59,607 INFO o.a.j.t.JMeterThread: Stopping: Thread Group 1-29
2022-08-25 10:33:59,607 INFO o.a.j.t.JMeterThread: Thread finished: Thread Group 1-29
2022-08-25 10:33:59,608 INFO o.a.j.t.JMeterThread: Stopping: Thread Group 1-22
2022-08-25 10:33:59,608 INFO o.a.j.t.JMeterThread: Stopping: Thread Group 1-22
2022-08-25 10:33:59,609 INFO o.a.j.t.JMeterThread: Stopping: Thread Group 1-16
2022-08-25 10:33:59,609 INFO o.a.j.t.JMeterThread: Stopping: Thread Group 1-4
2022-08-25 10:33:59,610 WARN o.a.j.t.JMeterThread: Interrupting: Thread Group 1-22 sampler: ??????????? POST
2022-08-25 10:33:59,610 INFO o.a.j.t.JMeterThread: Stopping: Thread Group 1-16
2022-08-25 10:33:59,610 INFO o.a.j.t.JMeterThread: Stopping: Thread Group 1-16
2022-08-25 10:33:59,610 INFO o.a.j.t.JMeterThread: Stopping: Thread Group 1-16
2022-08-25 10:33:59,610 INFO o.a.j.t.JMeterThread: Stopping: Thread Group 1-16
2022-08-25 10:33:59,610 WARN o.a.j.t.JMeterThread: Interrupting: Thread Group 1-4 sampler: ??????????? POST
2022-08-25 10:33:59,610 INFO o.a.j.t.JMeterThread: Stopping: Thread Group 1-16
2022-08-25 10:33:59,610 INFO o.a.j.t.JMeterThread: Stopping: Thread Group 1-16
2022-08-25 10:33:59,611 INFO o.a.j.t.JMeterThread: Stopping: Thread Group 1-16
2022-08-25 10:33:59,611 INFO o.a.j.t.JMeterThread: Stopping: Thread Group 1-16
2022-08-25 10:33:59,610 WARN o.a.j.t.JMeterThread: Interrupting: Thread Group 1-16 sampler: ??????????? POST
2022-08-25 10:33:59,611 INFO o.a.j.t.JMeterThread: Stopping: Thread Group 1-16
2022-08-25 10:33:59,611 WARN o.a.j.t.JMeterThread: No operation pending
2022-08-25 10:33:59,611 INFO o.a.j.t.JMeterThread: Stopping: Thread Group 1-22
2022-08-25 10:33:59,611 INFO o.a.j.t.JMeterThread: Stopping: Thread Group 1-16
2022-08-25 10:33:59,611 INFO o.a.j.t.JMeterThread: Stopping: Thread Group 1-16
2022-08-25 10:33:59,611 WARN o.a.j.t.JMeterThread: Interrupting: Thread Group 1-16 sampler: ??????????? POST
2022-08-25 10:33:59,612 WARN o.a.j.t.JMeterThread: No operation pending
2022-08-25 10:33:59,612 INFO o.a.j.t.JMeterThread: Stopping: Thread Group 1-22
2022-08-25 10:33:59,612 INFO o.a.j.t.JMeterThread: Stopping: Thread Group 1-16
2022-08-25 10:33:59,612 INFO o.a.j.t.JMeterThread: Stopping: Thread Group 1-16
2022-08-25 10:33:59,612 INFO o.a.j.t.JMeterThread: Stopping: Thread Group 1-16
2022-08-25 10:33:59,612 WARN o.a.j.t.JMeterThread: Interrupting: Thread Group 1-16 sampler: ??????????? POST
2022-08-25 10:33:59,610 WARN o.a.j.t.JMeterThread: No operation pending
2022-08-25 10:33:59,618 INFO o.a.j.t.JMeterThread: Stopping: Thread Group 1-4
2022-08-25 10:33:59,618 INFO o.a.j.t.JMeterThread: Stopping: Thread Group 1-16
2022-08-25 10:33:59,618 INFO o.a.j.t.JMeterThread: Stopping: Thread Group 1-19
2022-08-25 10:33:59,618 WARN o.a.j.t.JMeterThread: Interrupting: Thread Group 1-19 sampler: ??????????? POST
2022-08-25 10:33:59,619 INFO o.a.j.t.JMeterThread: Stopping: Thread Group 1-4
2022-08-25 10:33:59,619 INFO o.a.j.t.JMeterThread: Stopping: Thread Group 1-4
2022-08-25 10:33:59,617 INFO o.a.j.t.JMeterThread: Stop Test Now detected by thread: Thread Group 1-4
2022-08-25 10:33:59,619 INFO o.a.j.t.JMeterThread: Stopping: Thread Group 1-19
2022-08-25 10:33:59,617 INFO o.a.j.t.JMeterThread: Stopping: Thread Group 1-22
2022-08-25 10:33:59,617 INFO o.a.j.t.JMeterThread: Stopping: Thread Group 1-16
2022-08-25 10:33:59,620 INFO o.a.j.t.JMeterThread: Stop Test Now detected by thread: Thread Group 1-22
2022-08-25 10:33:59,612 INFO o.a.j.t.JMeterThread: Stopping: Thread Group 1-16
2022-08-25 10:33:59,613 INFO o.a.j.t.JMeterThread: Stopping: Thread Group 1-19
2022-08-25 10:33:59,621 WARN o.a.j.t.JMeterThread: No operation pending
2022-08-25 10:33:59,612 INFO o.a.j.t.JMeterThread: Stopping: Thread Group 1-16
2022-08-25 10:33:59,621 WARN o.a.j.t.JMeterThread: Interrupting: Thread Group 1-16 sampler: ??????????? POST
2022-08-25 10:33:59,621 WARN o.a.j.t.JMeterThread: No operation pending
2022-08-25 10:33:59,621 WARN o.a.j.t.JMeterThread: Interrupting: Thread Group 1-16 sampler: ??????????? POST
2022-08-25 10:33:59,621 WARN o.a.j.t.JMeterThread: No operation pending
2022-08-25 10:33:59,622 WARN o.a.j.t.JMeterThread: Interrupting: Thread Group 1-16 sampler: ??????????? POST
2022-08-25 10:33:59,622 WARN o.a.j.t.JMeterThread: No operation pending
2022-08-25 10:33:59,622 WARN o.a.j.t.JMeterThread: Interrupting: Thread Group 1-16 sampler: ??????????? POST
2022-08-25 10:33:59,622 WARN o.a.j.t.JMeterThread: No operation pending
2022-08-25 10:33:59,622 WARN o.a.j.t.JMeterThread: Interrupting: Thread Group 1-16 sampler: ??????????? POST
2022-08-25 10:33:59,622 WARN o.a.j.t.JMeterThread: No operation pending
2022-08-25 10:33:59,622 WARN o.a.j.t.JMeterThread: Interrupting: Thread Group 1-16 sampler: ??????????? POST
2022-08-25 10:33:59,623 WARN o.a.j.t.JMeterThread: No operation pending
2022-08-25 10:33:59,623 WARN o.a.j.t.JMeterThread: Interrupting: Thread Group 1-16 sampler: ??????????? POST
2022-08-25 10:33:59,623 WARN o.a.j.t.JMeterThread: No operation pending
2022-08-25 10:33:59,623 WARN o.a.j.t.JMeterThread: Interrupting: Thread Group 1-16 sampler: ??????????? POST
2022-08-25 10:33:59,623 WARN o.a.j.t.JMeterThread: No operation pending
2022-08-25 10:33:59,623 WARN o.a.j.t.JMeterThread: Interrupting: Thread Group 1-16 sampler: ??????????? POST
2022-08-25 10:33:59,624 WARN o.a.j.t.JMeterThread: No operation pending
2022-08-25 10:33:59,624 WARN o.a.j.t.JMeterThread: Interrupting: Thread Group 1-16 sampler: ??????????? POST
2022-08-25 10:33:59,624 WARN o.a.j.t.JMeterThread: No operation pending
2022-08-25 10:33:59,624 WARN o.a.j.t.JMeterThread: Interrupting: Thread Group 1-16 sampler: ??????????? POST
2022-08-25 10:33:59,624 WARN o.a.j.t.JMeterThread: No operation pending
2022-08-25 10:33:59,624 WARN o.a.j.t.JMeterThread: Interrupting: Thread Group 1-16 sampler: ??????????? POST
2022-08-25 10:33:59,625 WARN o.a.j.t.JMeterThread: No operation pending
2022-08-25 10:33:59,625 WARN o.a.j.t.JMeterThread: Interrupting: Thread Group 1-16 sampler: ??????????? POST
2022-08-25 10:33:59,625 WARN o.a.j.t.JMeterThread: No operation pending
2022-08-25 10:33:59,625 WARN o.a.j.t.JMeterThread: Interrupting: Thread Group 1-16 sampler: ??????????? POST
2022-08-25 10:33:59,625 WARN o.a.j.t.JMeterThread: No operation pending
2022-08-25 10:33:59,625 WARN o.a.j.t.JMeterThread: Interrupting: Thread Group 1-16 sampler: ??????????? POST
2022-08-25 10:33:59,625 WARN o.a.j.t.JMeterThread: No operation pending
2022-08-25 10:33:59,626 INFO o.a.j.t.JMeterThread: Thread finished: Thread Group 1-4
2022-08-25 10:33:59,630 INFO o.a.j.t.JMeterThread: Stop Test Now detected by thread: Thread Group 1-16
2022-08-25 10:33:59,631 INFO o.a.j.t.JMeterThread: Stopping: Thread Group 1-16
2022-08-25 10:33:59,638 INFO o.a.j.t.JMeterThread: Stopping: Thread Group 1-22
2022-08-25 10:33:59,638 INFO o.a.j.t.JMeterThread: Thread finished: Thread Group 1-22
2022-08-25 10:33:59,639 INFO o.a.j.t.JMeterThread: Stopping: Thread Group 1-16
2022-08-25 10:33:59,640 INFO o.a.j.t.JMeterThread: Thread finished: Thread Group 1-16
2022-08-25 10:33:59,641 INFO o.a.j.t.JMeterThread: Stopping: Thread Group 1-22
2022-08-25 10:33:59,641 INFO o.a.j.t.JMeterThread: Stopping: Thread Group 1-22
2022-08-25 10:33:59,641 INFO o.a.j.t.JMeterThread: Stopping: Thread Group 1-22
2022-08-25 10:33:59,641 INFO o.a.j.t.JMeterThread: Stopping: Thread Group 1-19
2022-08-25 10:33:59,641 INFO o.a.j.t.JMeterThread: Stopping: Thread Group 1-19
2022-08-25 10:33:59,641 INFO o.a.j.t.JMeterThread: Stopping: Thread Group 1-22
2022-08-25 10:33:59,641 INFO o.a.j.t.JMeterThread: Stopping: Thread Group 1-19
2022-08-25 10:33:59,641 INFO o.a.j.t.JMeterThread: Stopping: Thread Group 1-22
2022-08-25 10:33:59,641 INFO o.a.j.t.JMeterThread: Stopping: Thread Group 1-19
2022-08-25 10:33:59,641 INFO o.a.j.t.JMeterThread: Stopping: Thread Group 1-22
2022-08-25 10:33:59,642 INFO o.a.j.t.JMeterThread: Stopping: Thread Group 1-19
2022-08-25 10:33:59,642 INFO o.a.j.t.JMeterThread: Stopping: Thread Group 1-22
2022-08-25 10:33:59,642 INFO o.a.j.t.JMeterThread: Stopping: Thread Group 1-19
2022-08-25 10:33:59,642 INFO o.a.j.t.JMeterThread: Stopping: Thread Group 1-19
2022-08-25 10:33:59,645 INFO o.a.j.t.JMeterThread: Stop Test Now detected by thread: Thread Group 1-20
2022-08-25 10:33:59,645 INFO o.a.j.t.JMeterThread: Stopping: Thread Group 1-22
2022-08-25 10:33:59,645 INFO o.a.j.t.JMeterThread: Thread finished: Thread Group 1-20
2022-08-25 10:33:59,646 INFO o.a.j.t.JMeterThread: Stopping: Thread Group 1-22
2022-08-25 10:33:59,646 INFO o.a.j.t.JMeterThread: Stopping: Thread Group 1-19
2022-08-25 10:33:59,646 INFO o.a.j.t.JMeterThread: Stopping: Thread Group 1-22
2022-08-25 10:33:59,647 INFO o.a.j.t.JMeterThread: Stopping: Thread Group 1-19
2022-08-25 10:33:59,647 INFO o.a.j.t.JMeterThread: Stopping: Thread Group 1-22
2022-08-25 10:33:59,647 INFO o.a.j.t.JMeterThread: Stopping: Thread Group 1-19
2022-08-25 10:33:59,647 INFO o.a.j.t.JMeterThread: Stopping: Thread Group 1-22
2022-08-25 10:33:59,647 INFO o.a.j.t.JMeterThread: Stopping: Thread Group 1-19
2022-08-25 10:33:59,647 INFO o.a.j.t.JMeterThread: Stopping: Thread Group 1-22
2022-08-25 10:33:59,647 INFO o.a.j.t.JMeterThread: Stopping: Thread Group 1-19
2022-08-25 10:33:59,647 INFO o.a.j.t.JMeterThread: Stopping: Thread Group 1-22
2022-08-25 10:33:59,647 INFO o.a.j.t.JMeterThread: Stopping: Thread Group 1-19
2022-08-25 10:33:59,648 INFO o.a.j.t.JMeterThread: Stopping: Thread Group 1-19
2022-08-25 10:33:59,648 INFO o.a.j.t.JMeterThread: Stopping: Thread Group 1-22
2022-08-25 10:33:59,648 INFO o.a.j.t.JMeterThread: Stopping: Thread Group 1-19
2022-08-25 10:33:59,648 INFO o.a.j.t.JMeterThread: Stopping: Thread Group 1-22
2022-08-25 10:33:59,648 INFO o.a.j.t.JMeterThread: Stopping: Thread Group 1-4
2022-08-25 10:33:59,648 INFO o.a.j.t.JMeterThread: Stopping: Thread Group 1-19
2022-08-25 10:33:59,648 INFO o.a.j.t.JMeterThread: Stopping: Thread Group 1-19
2022-08-25 10:33:59,649 INFO o.a.j.t.JMeterThread: Stopping: Thread Group 1-4
2022-08-25 10:33:59,649 INFO o.a.j.t.JMeterThread: Stopping: Thread Group 1-19
2022-08-25 10:33:59,649 INFO o.a.j.t.JMeterThread: Stopping: Thread Group 1-20
2022-08-25 10:33:59,649 INFO o.a.j.t.JMeterThread: Stopping: Thread Group 1-9
2022-08-25 10:33:59,649 INFO o.a.j.t.JMeterThread: Stopping: Thread Group 1-16
2022-08-25 10:33:59,649 INFO o.a.j.t.JMeterThread: Stopping: Thread Group 1-19
2022-08-25 10:33:59,650 INFO o.a.j.t.JMeterThread: Stopping: Thread Group 1-19
2022-08-25 10:33:59,650 INFO o.a.j.t.JMeterThread: Stopping: Thread Group 1-19
2022-08-25 10:33:59,650 INFO o.a.j.t.JMeterThread: Stopping: Thread Group 1-19
2022-08-25 10:33:59,651 INFO o.a.j.t.JMeterThread: Stopping: Thread Group 1-22
2022-08-25 10:33:59,651 INFO o.a.j.t.JMeterThread: Stopping: Thread Group 1-19
2022-08-25 10:33:59,651 INFO o.a.j.t.JMeterThread: Stopping: Thread Group 1-19
2022-08-25 10:33:59,654 INFO o.a.j.t.JMeterThread: Stop Test Now detected by thread: Thread Group 1-19
2022-08-25 10:33:59,649 WARN o.a.j.t.JMeterThread: Interrupting: Thread Group 1-19 sampler: ??????????? POST
2022-08-25 10:33:59,655 WARN o.a.j.t.JMeterThread: No operation pending
2022-08-25 10:33:59,649 WARN o.a.j.t.JMeterThread: Interrupting: Thread Group 1-9 sampler: ??????????? POST
2022-08-25 10:33:59,650 INFO o.a.j.t.JMeterThread: Stopping: Thread Group 1-19
2022-08-25 10:33:59,662 INFO o.a.j.t.JMeterThread: Stopping: Thread Group 1-9
2022-08-25 10:33:59,662 WARN o.a.j.t.JMeterThread: Interrupting: Thread Group 1-9 sampler: ??????????? POST
2022-08-25 10:33:59,662 WARN o.a.j.t.JMeterThread: No operation pending
2022-08-25 10:33:59,662 INFO o.a.j.t.JMeterThread: Stopping: Thread Group 1-9
2022-08-25 10:33:59,663 INFO o.a.j.t.JMeterThread: Stopping: Thread Group 1-9
2022-08-25 10:33:59,663 WARN o.a.j.t.JMeterThread: Interrupting: Thread Group 1-9 sampler: ??????????? POST
2022-08-25 10:33:59,663 INFO o.a.j.t.JMeterThread: Stopping: Thread Group 1-9
2022-08-25 10:33:59,663 WARN o.a.j.t.JMeterThread: No operation pending
2022-08-25 10:33:59,663 INFO o.a.j.t.JMeterThread: Stopping: Thread Group 1-9
2022-08-25 10:33:59,663 INFO o.a.j.t.JMeterThread: Stopping: Thread Group 1-9
2022-08-25 10:33:59,663 INFO o.a.j.t.JMeterThread: Stopping: Thread Group 1-9
2022-08-25 10:33:59,663 INFO o.a.j.t.JMeterThread: Stopping: Thread Group 1-9
2022-08-25 10:33:59,663 INFO o.a.j.t.JMeterThread: Stopping: Thread Group 1-9
2022-08-25 10:33:59,663 INFO o.a.j.t.JMeterThread: Stopping: Thread Group 1-20
2022-08-25 10:33:59,663 INFO o.a.j.t.JMeterThread: Stopping: Thread Group 1-9
2022-08-25 10:33:59,663 INFO o.a.j.t.JMeterThread: Stopping: Thread Group 1-9
2022-08-25 10:33:59,664 INFO o.a.j.t.JMeterThread: Stopping: Thread Group 1-9
2022-08-25 10:33:59,664 INFO o.a.j.t.JMeterThread: Stopping: Thread Group 1-9
2022-08-25 10:33:59,664 INFO o.a.j.t.JMeterThread: Stopping: Thread Group 1-20
2022-08-25 10:33:59,664 INFO o.a.j.t.JMeterThread: Stopping: Thread Group 1-9
2022-08-25 10:33:59,664 INFO o.a.j.t.JMeterThread: Stopping: Thread Group 1-20
2022-08-25 10:33:59,664 INFO o.a.j.t.JMeterThread: Stopping: Thread Group 1-20
2022-08-25 10:33:59,664 INFO o.a.j.t.JMeterThread: Stopping: Thread Group 1-9
2022-08-25 10:33:59,664 INFO o.a.j.t.JMeterThread: Stopping: Thread Group 1-9
2022-08-25 10:33:59,664 INFO o.a.j.t.JMeterThread: Stopping: Thread Group 1-20
2022-08-25 10:33:59,664 INFO o.a.j.t.JMeterThread: Stopping: Thread Group 1-9
2022-08-25 10:33:59,664 INFO o.a.j.t.JMeterThread: Stopping: Thread Group 1-9
2022-08-25 10:33:59,663 INFO o.a.j.t.JMeterThread: Stopping: Thread Group 1-20
2022-08-25 10:33:59,664 INFO o.a.j.t.JMeterThread: Thread finished: Thread Group 1-19
2022-08-25 10:33:59,664 INFO o.a.j.t.JMeterThread: Stopping: Thread Group 1-20
2022-08-25 10:33:59,664 INFO o.a.j.t.JMeterThread: Stopping: Thread Group 1-9
2022-08-25 10:33:59,664 INFO o.a.j.t.JMeterThread: Stopping: Thread Group 1-9
2022-08-25 10:33:59,664 INFO o.a.j.t.JMeterThread: Stopping: Thread Group 1-20
2022-08-25 10:33:59,664 INFO o.a.j.t.JMeterThread: Stopping: Thread Group 1-9
2022-08-25 10:33:59,664 INFO o.a.j.t.JMeterThread: Stopping: Thread Group 1-20
2022-08-25 10:33:59,664 INFO o.a.j.t.JMeterThread: Stopping: Thread Group 1-9
2022-08-25 10:33:59,665 INFO o.a.j.t.JMeterThread: Stopping: Thread Group 1-9
2022-08-25 10:33:59,663 INFO o.a.j.t.JMeterThread: Stopping: Thread Group 1-9
2022-08-25 10:33:59,663 INFO o.a.j.t.JMeterThread: Stopping: Thread Group 1-9
2022-08-25 10:33:59,663 INFO o.a.j.t.JMeterThread: Stopping: Thread Group 1-9
2022-08-25 10:33:59,663 WARN o.a.j.t.JMeterThread: Interrupting: Thread Group 1-9 sampler: ??????????? POST
2022-08-25 10:33:59,665 INFO o.a.j.t.JMeterThread: Stopping: Thread Group 1-9
2022-08-25 10:33:59,665 WARN o.a.j.t.JMeterThread: No operation pending
2022-08-25 10:33:59,665 WARN o.a.j.t.JMeterThread: Interrupting: Thread Group 1-9 sampler: ??????????? POST
2022-08-25 10:33:59,666 WARN o.a.j.t.JMeterThread: No operation pending
2022-08-25 10:33:59,666 WARN o.a.j.t.JMeterThread: Interrupting: Thread Group 1-9 sampler: ??????????? POST
2022-08-25 10:33:59,666 WARN o.a.j.t.JMeterThread: No operation pending
2022-08-25 10:33:59,666 WARN o.a.j.t.JMeterThread: Interrupting: Thread Group 1-9 sampler: ??????????? POST
2022-08-25 10:33:59,666 WARN o.a.j.t.JMeterThread: No operation pending
2022-08-25 10:33:59,669 INFO o.a.j.t.JMeterThread: Stop Test Now detected by thread: Thread Group 1-9
2022-08-25 10:33:59,663 INFO o.a.j.t.JMeterThread: Stopping: Thread Group 1-9
2022-08-25 10:33:59,669 INFO o.a.j.t.JMeterThread: Thread finished: Thread Group 1-9
2022-08-25 10:33:59,670 INFO o.a.j.e.StandardJMeterEngine: Notifying test listeners of end of test
2022-08-25 10:33:59,671 INFO o.a.j.r.Summariser: summary =     30 in 00:00:02 =   13.6/s Avg:  1311 Min:   712 Max:  1907 Err:    30 (100.00%)
