2022-08-25 10:33:52,125 [INFO] root consoleworker.py:434	Log file created
2022-08-25 10:33:52,126 [INFO] root consoleworker.py:438	Logging handler <logging.FileHandler object at 0x7f4ba0ec4c50> added
2022-08-25 10:33:52,126 [INFO] root consoleworker.py:438	Logging handler <logging.StreamHandler object at 0x7f4ba0f0c890> added
2022-08-25 10:33:52,126 [INFO] root consoleworker.py:438	Logging handler <logging.StreamHandler object at 0x7f4ba0eb0a90> added
2022-08-25 10:33:52,126 [INFO] root consoleworker.py:373	Created a folder for the test. /var/loadtest/logs/2022-08-25_10-33-52.072081
2022-08-25 10:33:52,126 [INFO] yandextank.core.tankcore tankcore.py:237	Configuring plugins...
2022-08-25 10:33:52,127 [INFO] yandextank.core.tankcore tankcore.py:190	Loading plugins...
2022-08-25 10:33:52,127 [DEBUG] yandextank.core.tankcore tankcore.py:192	Loading plugin rcheck from yandextank.plugins.ResourceCheck
2022-08-25 10:33:52,127 [DEBUG] yandextank.core.tankcore tankcore.py:192	Loading plugin json_report from yandextank.plugins.JsonReport
2022-08-25 10:33:52,127 [DEBUG] yandextank.core.tankcore tankcore.py:192	Loading plugin overload from yandextank.plugins.DataUploader
2022-08-25 10:33:52,128 [DEBUG] yandextank.core.tankcore tankcore.py:192	Loading plugin rcassert from yandextank.plugins.RCAssert
2022-08-25 10:33:52,128 [DEBUG] yandextank.core.tankcore tankcore.py:192	Loading plugin console from yandextank.plugins.Console
2022-08-25 10:33:52,128 [DEBUG] yandextank.core.tankcore tankcore.py:192	Loading plugin jmeter from yandextank.plugins.JMeter
2022-08-25 10:33:52,128 [DEBUG] yandextank.core.tankcore tankcore.py:192	Loading plugin shellexec from yandextank.plugins.ShellExec
2022-08-25 10:33:52,128 [DEBUG] yandextank.core.tankcore tankcore.py:192	Loading plugin autostop from yandextank.plugins.Autostop
2022-08-25 10:33:52,129 [DEBUG] yandextank.core.tankcore tankcore.py:212	Plugin instances: {'plugin_json_report': <yandextank.plugins.JsonReport.plugin.Plugin object at 0x7f4ba0e48150>, 'plugin_autostop': <yandextank.plugins.Autostop.plugin.Plugin object at 0x7f4ba0e489d0>, 'plugin_shellexec': <yandextank.plugins.ShellExec.plugin.Plugin object at 0x7f4ba0e48a90>, 'plugin_console': <yandextank.plugins.Console.plugin.Plugin object at 0x7f4ba0e48550>, 'plugin_jmeter': <yandextank.plugins.JMeter.plugin.Plugin object at 0x7f4ba0e48850>, 'plugin_rcassert': <yandextank.plugins.RCAssert.plugin.Plugin object at 0x7f4ba0e48590>, 'plugin_rcheck': <yandextank.plugins.ResourceCheck.plugin.Plugin object at 0x7f4ba0e487d0>, 'plugin_overload': <yandextank.plugins.DataUploader.plugin.Plugin object at 0x7f4ba0e483d0>}
2022-08-25 10:33:52,129 [DEBUG] yandextank.core.tankcore tankcore.py:244	Configuring <yandextank.plugins.JsonReport.plugin.Plugin object at 0x7f4ba0e48150>
2022-08-25 10:33:52,129 [DEBUG] yandextank.core.tankcore tankcore.py:391	Searching for plugin: <class 'yandextank.common.interfaces.GeneratorPlugin'>
2022-08-25 10:33:52,130 [DEBUG] yandextank.core.tankcore tankcore.py:244	Configuring <yandextank.plugins.Autostop.plugin.Plugin object at 0x7f4ba0e489d0>
2022-08-25 10:33:52,131 [DEBUG] yandextank.core.tankcore tankcore.py:244	Configuring <yandextank.plugins.ShellExec.plugin.Plugin object at 0x7f4ba0e48a90>
2022-08-25 10:33:52,132 [DEBUG] yandextank.core.tankcore tankcore.py:244	Configuring <yandextank.plugins.Console.plugin.Plugin object at 0x7f4ba0e48550>
2022-08-25 10:33:52,132 [DEBUG] yandextank.core.tankcore tankcore.py:244	Configuring <yandextank.plugins.JMeter.plugin.Plugin object at 0x7f4ba0e48850>
2022-08-25 10:33:52,133 [DEBUG] yandextank.core.tankcore tankcore.py:446	Adding artifact file to collect (keep=True): tank.jmx
2022-08-25 10:33:52,133 [DEBUG] yandextank.core.tankcore tankcore.py:446	Adding artifact file to collect (keep=False): /var/loadtest/logs/2022-08-25_10-33-52.072081/jmeter_Shy8ZK.jtl
2022-08-25 10:33:52,133 [DEBUG] yandextank.core.tankcore tankcore.py:446	Adding artifact file to collect (keep=True): /var/loadtest/logs/2022-08-25_10-33-52.072081/jmeter_T6LOFs.log
2022-08-25 10:33:52,133 [DEBUG] yandextank.plugins.JMeter.plugin plugin.py:201	Original JMX: /var/loadtest/tank.jmx
2022-08-25 10:33:52,134 [DEBUG] yandextank.plugins.JMeter.plugin plugin.py:217	Closing statement:     </hashTree>
  </hashTree>
</jmeterTestPlan>

2022-08-25 10:33:52,135 [DEBUG] yandextank.plugins.JMeter.plugin plugin.py:258	Modified JMX: /var/loadtest/modified_G0wCiA.jmx
2022-08-25 10:33:52,135 [DEBUG] yandextank.core.tankcore tankcore.py:446	Adding artifact file to collect (keep=False): /var/loadtest/modified_G0wCiA.jmx
2022-08-25 10:33:52,136 [DEBUG] yandextank.core.tankcore tankcore.py:446	Adding artifact file to collect (keep=False): /var/loadtest/logs/2022-08-25_10-33-52.072081/jmeter_stdout_stderr_qHSA8A.log
2022-08-25 10:33:52,136 [DEBUG] yandextank.core.tankcore tankcore.py:244	Configuring <yandextank.plugins.RCAssert.plugin.Plugin object at 0x7f4ba0e48590>
2022-08-25 10:33:52,136 [DEBUG] yandextank.core.tankcore tankcore.py:244	Configuring <yandextank.plugins.ResourceCheck.plugin.Plugin object at 0x7f4ba0e487d0>
2022-08-25 10:33:52,137 [DEBUG] yandextank.core.tankcore tankcore.py:244	Configuring <yandextank.plugins.DataUploader.plugin.Plugin object at 0x7f4ba0e483d0>
2022-08-25 10:33:52,137 [INFO] yandextank.core.tankcore tankcore.py:249	Preparing test...
2022-08-25 10:33:52,137 [DEBUG] yandextank.core.tankcore tankcore.py:253	Preparing <yandextank.plugins.JsonReport.plugin.Plugin object at 0x7f4ba0e48150>
2022-08-25 10:33:52,137 [DEBUG] yandextank.core.tankcore tankcore.py:253	Preparing <yandextank.plugins.Autostop.plugin.Plugin object at 0x7f4ba0e489d0>
2022-08-25 10:33:52,137 [DEBUG] yandextank.common.interfaces plugin.py:78	Criterion objects: {}
2022-08-25 10:33:52,137 [DEBUG] yandextank.core.tankcore tankcore.py:391	Searching for plugin: <class 'yandextank.plugins.Console.plugin.Plugin'>
2022-08-25 10:33:52,137 [DEBUG] yandextank.core.tankcore tankcore.py:253	Preparing <yandextank.plugins.ShellExec.plugin.Plugin object at 0x7f4ba0e48a90>
2022-08-25 10:33:52,137 [DEBUG] yandextank.core.tankcore tankcore.py:253	Preparing <yandextank.plugins.Console.plugin.Plugin object at 0x7f4ba0e48550>
2022-08-25 10:33:52,138 [DEBUG] yandextank.core.tankcore tankcore.py:253	Preparing <yandextank.plugins.JMeter.plugin.Plugin object at 0x7f4ba0e48850>
2022-08-25 10:33:52,138 [DEBUG] yandextank.core.tankcore tankcore.py:391	Searching for plugin: <class 'yandextank.plugins.Console.plugin.Plugin'>
2022-08-25 10:33:52,138 [DEBUG] yandextank.core.tankcore tankcore.py:253	Preparing <yandextank.plugins.RCAssert.plugin.Plugin object at 0x7f4ba0e48590>
2022-08-25 10:33:52,138 [DEBUG] yandextank.core.tankcore tankcore.py:253	Preparing <yandextank.plugins.ResourceCheck.plugin.Plugin object at 0x7f4ba0e487d0>
2022-08-25 10:33:52,138 [INFO] yandextank.common.interfaces plugin.py:39	Checking tank resources...
2022-08-25 10:33:52,138 [DEBUG] netort.process process.py:23	Starting: sh -c "df --no-sync -m -P -l -x fuse -x tmpfs -x devtmpfs -x davfs -x nfs /var/loadtest/logs | tail -n 1 | awk '{print \$4}' "
2022-08-25 10:33:52,675 [DEBUG] netort.process process.py:46	Process output:
26869

2022-08-25 10:33:52,676 [DEBUG] netort.process process.py:48	Process exit code: 0
2022-08-25 10:33:52,676 [DEBUG] root plugin.py:58	Result: (0, '26869\n', '')
2022-08-25 10:33:52,676 [DEBUG] yandextank.common.interfaces plugin.py:64	Disk free space: 26869/2048
2022-08-25 10:33:52,677 [DEBUG] yandextank.common.interfaces plugin.py:75	Memory free: 3831/512
2022-08-25 10:33:52,677 [DEBUG] yandextank.core.tankcore tankcore.py:253	Preparing <yandextank.plugins.DataUploader.plugin.Plugin object at 0x7f4ba0e483d0>
2022-08-25 10:33:52,677 [INFO] root plugin.py:523	Using OVERLOAD backend
2022-08-25 10:33:52,677 [DEBUG] yandextank.plugins.DataUploader.plugin plugin.py:618	Trying to read token from token.txt
2022-08-25 10:33:52,677 [INFO] yandextank.plugins.DataUploader.plugin plugin.py:624	Read authentication token from token.txt, token length is 32 bytes
2022-08-25 10:33:52,697 [INFO] yandextank.plugins.DataUploader.client client.py:59	Proxy not set
2022-08-25 10:33:52,697 [INFO] yandextank.plugins.DataUploader.plugin plugin.py:647	Detected target: 
2022-08-25 10:33:52,709 [DEBUG] yandextank.plugins.DataUploader.client client.py:336	Job create request: {'person': 'root', 'host': '', 'task': '', 'tank': 'ubuntu', 'notify': [], 'loadscheme': [], 'detailed_time': None, 'port': 80}
2022-08-25 10:33:52,712 [DEBUG] urllib3.connectionpool connectionpool.py:813	Starting new HTTPS connection (1): overload.yandex.net:443
2022-08-25 10:33:53,166 [DEBUG] urllib3.connectionpool connectionpool.py:393	https://overload.yandex.net:443 "POST /api/job/create.json?api_token=468e142f8ae64ca09d4691f5756dce51 HTTP/1.1" 200 None
2022-08-25 10:33:53,169 [INFO] yandextank.plugins.DataUploader.plugin plugin.py:789	Job created: 545392
2022-08-25 10:33:53,171 [DEBUG] yandextank.plugins.DataUploader.client client.py:642	Sending configinitial config
2022-08-25 10:33:53,264 [DEBUG] urllib3.connectionpool connectionpool.py:393	https://overload.yandex.net:443 "POST /api/job/545392/configinitial.txt?api_token=468e142f8ae64ca09d4691f5756dce51 HTTP/1.1" 200 16
2022-08-25 10:33:53,266 [INFO] yandextank.plugins.DataUploader.plugin plugin.py:485	Locking targets: []
2022-08-25 10:33:53,267 [INFO] yandextank.plugins.DataUploader.plugin plugin.py:487	Locked targets: []
2022-08-25 10:33:53,270 [DEBUG] yandextank.common.interfaces interfaces.py:101	Publishing status: Plugin/job_no: 545392
2022-08-25 10:33:53,394 [DEBUG] urllib3.connectionpool connectionpool.py:393	https://overload.yandex.net:443 "POST /api/job/545392/edit.json?api_token=468e142f8ae64ca09d4691f5756dce51 HTTP/1.1" 200 19
2022-08-25 10:33:53,397 [DEBUG] yandextank.core.tankcore tankcore.py:391	Searching for plugin: <class 'yandextank.plugins.Console.plugin.Plugin'>
2022-08-25 10:33:53,398 [DEBUG] yandextank.plugins.DataUploader.client client.py:642	Sending configinitial config
2022-08-25 10:33:53,521 [DEBUG] urllib3.connectionpool connectionpool.py:393	https://overload.yandex.net:443 "POST /api/job/545392/configinitial.txt?api_token=468e142f8ae64ca09d4691f5756dce51 HTTP/1.1" 200 16
2022-08-25 10:33:53,523 [DEBUG] yandextank.plugins.DataUploader.client client.py:642	Sending configinfo config
2022-08-25 10:33:53,668 [DEBUG] urllib3.connectionpool connectionpool.py:393	https://overload.yandex.net:443 "POST /api/job/545392/configinfo.txt?api_token=468e142f8ae64ca09d4691f5756dce51 HTTP/1.1" 200 16
2022-08-25 10:33:53,670 [INFO] yandextank.core.tankcore tankcore.py:259	Starting test...
2022-08-25 10:33:53,672 [INFO] yandextank.aggregator.tank_aggregator tank_aggregator.py:63	using verbose histogram
2022-08-25 10:33:53,677 [DEBUG] yandextank.core.tankcore tankcore.py:263	Starting <yandextank.plugins.JsonReport.plugin.Plugin object at 0x7f4ba0e48150>
2022-08-25 10:33:53,678 [INFO] yandextank.core.tankcore tankcore.py:267	Plugin <yandextank.plugins.JsonReport.plugin.Plugin object at 0x7f4ba0e48150> required 0.000006 seconds to start
2022-08-25 10:33:53,679 [DEBUG] yandextank.core.tankcore tankcore.py:263	Starting <yandextank.plugins.Autostop.plugin.Plugin object at 0x7f4ba0e489d0>
2022-08-25 10:33:53,679 [INFO] yandextank.core.tankcore tankcore.py:267	Plugin <yandextank.plugins.Autostop.plugin.Plugin object at 0x7f4ba0e489d0> required 0.000002 seconds to start
2022-08-25 10:33:53,680 [DEBUG] yandextank.core.tankcore tankcore.py:263	Starting <yandextank.plugins.ShellExec.plugin.Plugin object at 0x7f4ba0e48a90>
2022-08-25 10:33:53,681 [INFO] yandextank.core.tankcore tankcore.py:267	Plugin <yandextank.plugins.ShellExec.plugin.Plugin object at 0x7f4ba0e48a90> required 0.000007 seconds to start
2022-08-25 10:33:53,682 [DEBUG] yandextank.core.tankcore tankcore.py:263	Starting <yandextank.plugins.Console.plugin.Plugin object at 0x7f4ba0e48550>
2022-08-25 10:33:53,682 [INFO] yandextank.core.tankcore tankcore.py:267	Plugin <yandextank.plugins.Console.plugin.Plugin object at 0x7f4ba0e48550> required 0.000002 seconds to start
2022-08-25 10:33:53,683 [DEBUG] yandextank.core.tankcore tankcore.py:263	Starting <yandextank.plugins.JMeter.plugin.Plugin object at 0x7f4ba0e48850>
2022-08-25 10:33:53,683 [INFO] yandextank.plugins.JMeter.plugin plugin.py:119	Starting jmeter with arguments: ['jmeter', '-n', '-t', '/var/loadtest/modified_G0wCiA.jmx', '-j', '/var/loadtest/logs/2022-08-25_10-33-52.072081/jmeter_T6LOFs.log', '-Jjmeter.save.saveservice.default_delimiter=\\t', '-Jjmeter.save.saveservice.connect_time=true']
2022-08-25 10:34:00,274 [INFO] yandextank.core.tankcore tankcore.py:267	Plugin <yandextank.plugins.JMeter.plugin.Plugin object at 0x7f4ba0e48850> required 6.590376 seconds to start
2022-08-25 10:34:00,275 [DEBUG] yandextank.core.tankcore tankcore.py:263	Starting <yandextank.plugins.RCAssert.plugin.Plugin object at 0x7f4ba0e48590>
2022-08-25 10:34:00,275 [INFO] yandextank.core.tankcore tankcore.py:267	Plugin <yandextank.plugins.RCAssert.plugin.Plugin object at 0x7f4ba0e48590> required 0.000010 seconds to start
2022-08-25 10:34:00,276 [DEBUG] yandextank.core.tankcore tankcore.py:263	Starting <yandextank.plugins.ResourceCheck.plugin.Plugin object at 0x7f4ba0e487d0>
2022-08-25 10:34:00,276 [INFO] yandextank.core.tankcore tankcore.py:267	Plugin <yandextank.plugins.ResourceCheck.plugin.Plugin object at 0x7f4ba0e487d0> required 0.000007 seconds to start
2022-08-25 10:34:00,277 [DEBUG] yandextank.core.tankcore tankcore.py:263	Starting <yandextank.plugins.DataUploader.plugin.Plugin object at 0x7f4ba0e483d0>
2022-08-25 10:34:00,277 [INFO] yandextank.plugins.DataUploader.plugin plugin.py:394	Status sender thread started
2022-08-25 10:34:00,278 [INFO] yandextank.plugins.DataUploader.plugin plugin.py:413	Data Uploader thread started
2022-08-25 10:34:00,279 [INFO] yandextank.plugins.DataUploader.plugin plugin.py:298	Web link: https://overload.yandex.net/545392
2022-08-25 10:34:00,280 [INFO] yandextank.plugins.DataUploader.plugin plugin.py:413	Monitoring Uploader thread started
2022-08-25 10:34:00,280 [DEBUG] yandextank.common.interfaces interfaces.py:101	Publishing status: Plugin/jobno: 545392
2022-08-25 10:34:00,280 [DEBUG] yandextank.common.interfaces interfaces.py:101	Publishing status: Plugin/web_link: https://overload.yandex.net/545392
2022-08-25 10:34:00,281 [DEBUG] yandextank.plugins.DataUploader.plugin plugin.py:305	Saving jobno to: jobno_file.txt
2022-08-25 10:34:00,282 [DEBUG] yandextank.core.tankcore tankcore.py:446	Adding artifact file to collect (keep=False): jobno_file.txt
2022-08-25 10:34:00,282 [DEBUG] yandextank.plugins.DataUploader.client client.py:642	Sending configinitial config
2022-08-25 10:34:00,449 [DEBUG] urllib3.connectionpool connectionpool.py:393	https://overload.yandex.net:443 "POST /api/job/545392/configinitial.txt?api_token=468e142f8ae64ca09d4691f5756dce51 HTTP/1.1" 200 16
2022-08-25 10:34:00,450 [DEBUG] yandextank.plugins.DataUploader.client client.py:642	Sending configinfo config
2022-08-25 10:34:00,552 [DEBUG] urllib3.connectionpool connectionpool.py:393	https://overload.yandex.net:443 "POST /api/job/545392/configinfo.txt?api_token=468e142f8ae64ca09d4691f5756dce51 HTTP/1.1" 200 16
2022-08-25 10:34:00,554 [INFO] yandextank.core.tankcore tankcore.py:267	Plugin <yandextank.plugins.DataUploader.plugin.Plugin object at 0x7f4ba0e483d0> required 0.277331 seconds to start
2022-08-25 10:34:00,555 [INFO] yandextank.core.tankcore tankcore.py:274	Waiting for test to finish...
2022-08-25 10:34:00,556 [INFO] yandextank.core.tankcore tankcore.py:275	Artifacts dir: /var/loadtest/logs/2022-08-25_10-33-52.072081
2022-08-25 10:34:00,557 [DEBUG] yandextank.aggregator.tank_aggregator tank_aggregator.py:87	Data timestamps: []
2022-08-25 10:34:00,557 [DEBUG] yandextank.aggregator.tank_aggregator tank_aggregator.py:88	Stats timestamps: []
2022-08-25 10:34:00,557 [DEBUG] yandextank.core.tankcore tankcore.py:286	Polling <yandextank.plugins.JsonReport.plugin.Plugin object at 0x7f4ba0e48150>
2022-08-25 10:34:00,558 [DEBUG] yandextank.core.tankcore tankcore.py:286	Polling <yandextank.plugins.Autostop.plugin.Plugin object at 0x7f4ba0e489d0>
2022-08-25 10:34:00,558 [DEBUG] yandextank.core.tankcore tankcore.py:286	Polling <yandextank.plugins.ShellExec.plugin.Plugin object at 0x7f4ba0e48a90>
2022-08-25 10:34:00,558 [DEBUG] yandextank.core.tankcore tankcore.py:286	Polling <yandextank.plugins.Console.plugin.Plugin object at 0x7f4ba0e48550>
2022-08-25 10:34:00,559 [DEBUG] yandextank.plugins.Console.screen screen.py:389	Terminal size: 80x24
2022-08-25 10:34:00,559 [DEBUG] yandextank.plugins.Console.screen screen.py:401	Left/right panels width: 51/24
2022-08-25 10:34:00,559 [DEBUG] yandextank.plugins.Console.screen screen.py:406	There are 3 info widgets
2022-08-25 10:34:00,559 [DEBUG] yandextank.plugins.Console.screen screen.py:410	Rendering info widget #0: <yandextank.plugins.JMeter.plugin.JMeterInfoWidget object at 0x7f4ba0e48e90>
2022-08-25 10:34:00,559 [DEBUG] yandextank.plugins.Console.screen screen.py:410	Rendering info widget #1: <yandextank.plugins.DataUploader.plugin.JobInfoWidget object at 0x7f4bb5d52990>
2022-08-25 10:34:00,559 [DEBUG] yandextank.plugins.Console.screen screen.py:410	Rendering info widget #25: <yandextank.plugins.Autostop.plugin.AutostopWidget object at 0x7f4ba0e48f10>
2022-08-25 10:34:00,559 [DEBUG] yandextank.plugins.Console.screen screen.py:367	Rendering left blocks
2022-08-25 10:34:00,561 [DEBUG] yandextank.plugins.Console.screen screen.py:418	Composing final screen output
2022-08-25 10:34:00,562 [DEBUG] yandextank.core.tankcore tankcore.py:286	Polling <yandextank.plugins.JMeter.plugin.Plugin object at 0x7f4ba0e48850>
2022-08-25 10:34:00,562 [DEBUG] yandextank.plugins.Console.plugin plugin.py:73	Writing console view to STDOUT
2022-08-25 10:34:00,562 [INFO] yandextank.plugins.JMeter.plugin plugin.py:146	JMeter process finished with exit code: 0, waiting for aggregator
2022-08-25 10:34:00,563 [DEBUG] yandextank.core.tankcore tankcore.py:286	Polling <yandextank.plugins.RCAssert.plugin.Plugin object at 0x7f4ba0e48590>
2022-08-25 10:34:00,563 [DEBUG] yandextank.core.tankcore tankcore.py:286	Polling <yandextank.plugins.ResourceCheck.plugin.Plugin object at 0x7f4ba0e487d0>
2022-08-25 10:34:00,563 [DEBUG] yandextank.common.interfaces plugin.py:44	Checking tank resources...
2022-08-25 10:34:00,563 [DEBUG] netort.process process.py:23	Starting: sh -c "df --no-sync -m -P -l -x fuse -x tmpfs -x devtmpfs -x davfs -x nfs /var/loadtest/logs | tail -n 1 | awk '{print \$4}' "
2022-08-25 10:34:01,124 [DEBUG] netort.process process.py:46	Process output:
26869

2022-08-25 10:34:01,125 [DEBUG] netort.process process.py:48	Process exit code: 0
2022-08-25 10:34:01,125 [DEBUG] root plugin.py:58	Result: (0, '26869\n', '')
2022-08-25 10:34:01,125 [DEBUG] yandextank.common.interfaces plugin.py:64	Disk free space: 26869/2048
2022-08-25 10:34:01,126 [DEBUG] yandextank.common.interfaces plugin.py:75	Memory free: 3811/512
2022-08-25 10:34:01,126 [DEBUG] yandextank.core.tankcore tankcore.py:286	Polling <yandextank.plugins.DataUploader.plugin.Plugin object at 0x7f4ba0e483d0>
2022-08-25 10:34:01,126 [DEBUG] yandextank.core.tankcore tankcore.py:292	Polling took 0.569240093231
2022-08-25 10:34:01,126 [DEBUG] yandextank.core.tankcore tankcore.py:293	Tank status: {"core": {"stage": "shoot"}, "uploader": {"task": "", "web_link": "https://overload.yandex.net/545392", "job_name": "none", "person": "root", "version": "", "meta": {"loop_count": 0, "cmdline": "/usr/local/bin/yandex-tank -c load.yaml", "target_port": 80, "ammo_path": "/var/loadtest", "target_host": ""}, "job_no": 545392, "job_dsc": ""}, "Plugin": {"web_link": "https://overload.yandex.net/545392", "jobno": 545392, "job_no": 545392}}
2022-08-25 10:34:01,127 [DEBUG] yandextank.aggregator.tank_aggregator tank_aggregator.py:87	Data timestamps: []
2022-08-25 10:34:01,127 [DEBUG] yandextank.aggregator.tank_aggregator tank_aggregator.py:88	Stats timestamps: []
2022-08-25 10:34:01,127 [DEBUG] yandextank.core.tankcore tankcore.py:286	Polling <yandextank.plugins.JsonReport.plugin.Plugin object at 0x7f4ba0e48150>
2022-08-25 10:34:01,127 [DEBUG] yandextank.core.tankcore tankcore.py:286	Polling <yandextank.plugins.Autostop.plugin.Plugin object at 0x7f4ba0e489d0>
2022-08-25 10:34:01,128 [DEBUG] yandextank.core.tankcore tankcore.py:286	Polling <yandextank.plugins.ShellExec.plugin.Plugin object at 0x7f4ba0e48a90>
2022-08-25 10:34:01,128 [DEBUG] yandextank.core.tankcore tankcore.py:286	Polling <yandextank.plugins.Console.plugin.Plugin object at 0x7f4ba0e48550>
2022-08-25 10:34:01,128 [DEBUG] yandextank.plugins.Console.screen screen.py:389	Terminal size: 80x24
2022-08-25 10:34:01,129 [DEBUG] yandextank.plugins.Console.screen screen.py:401	Left/right panels width: 51/24
2022-08-25 10:34:01,129 [DEBUG] yandextank.plugins.Console.screen screen.py:406	There are 3 info widgets
2022-08-25 10:34:01,129 [DEBUG] yandextank.plugins.Console.screen screen.py:410	Rendering info widget #0: <yandextank.plugins.JMeter.plugin.JMeterInfoWidget object at 0x7f4ba0e48e90>
2022-08-25 10:34:01,129 [DEBUG] yandextank.plugins.Console.screen screen.py:410	Rendering info widget #1: <yandextank.plugins.DataUploader.plugin.JobInfoWidget object at 0x7f4bb5d52990>
2022-08-25 10:34:01,129 [DEBUG] yandextank.plugins.Console.screen screen.py:410	Rendering info widget #25: <yandextank.plugins.Autostop.plugin.AutostopWidget object at 0x7f4ba0e48f10>
2022-08-25 10:34:01,130 [DEBUG] yandextank.plugins.Console.screen screen.py:367	Rendering left blocks
2022-08-25 10:34:01,131 [DEBUG] yandextank.plugins.Console.screen screen.py:418	Composing final screen output
2022-08-25 10:34:01,132 [DEBUG] yandextank.plugins.Console.plugin plugin.py:73	Writing console view to STDOUT
2022-08-25 10:34:01,132 [DEBUG] yandextank.core.tankcore tankcore.py:286	Polling <yandextank.plugins.JMeter.plugin.Plugin object at 0x7f4ba0e48850>
2022-08-25 10:34:01,132 [INFO] yandextank.core.tankcore tankcore.py:301	Finishing test...
2022-08-25 10:34:01,133 [INFO] yandextank.core.tankcore tankcore.py:303	Stopping load generator and aggregator
2022-08-25 10:34:01,134 [DEBUG] yandextank.core.tankcore tankcore.py:446	Adding artifact file to collect (keep=False): /var/loadtest/logs/2022-08-25_10-33-52.072081/jmeter_T6LOFs.log
2022-08-25 10:34:01,134 [DEBUG] yandextank.aggregator.tank_aggregator tank_aggregator.py:123	Closing stats reader
2022-08-25 10:34:01,134 [DEBUG] yandextank.aggregator.tank_aggregator tank_aggregator.py:126	Waiting for gun drain to finish
